Academic license - for non-commercial use only

Gurobi Optimizer version 8.0.0 build v8.0.0rc0 (linux64)
Copyright (c) 2018, Gurobi Optimization, LLC

Read LP format model from file abz6.lp
Reading time = 2.64 seconds
: 9890 rows, 96001 columns, 5872365 nonzeros
Optimize a model with 9890 rows, 96001 columns and 5872365 nonzeros
Variable types: 0 continuous, 96001 integer (0 binary)
Coefficient statistics:
  Matrix range     [1e+00, 1e+03]
  Objective range  [1e+00, 1e+00]
  Bounds range     [0e+00, 0e+00]
  RHS range        [1e+00, 1e+00]
Presolve removed 0 rows and 0 columns (presolve time = 5s) ...
Presolve removed 246 rows and 17998 columns (presolve time = 10s) ...
Presolve removed 474 rows and 17998 columns (presolve time = 15s) ...
Presolve removed 516 rows and 27164 columns (presolve time = 21s) ...
Presolve removed 516 rows and 31130 columns (presolve time = 25s) ...
Presolve removed 516 rows and 31406 columns (presolve time = 30s) ...
Presolve removed 436 rows and 31326 columns
Presolve time: 30.10s
Presolved: 9454 rows, 64675 columns, 3955960 nonzeros
Variable types: 0 continuous, 64675 integer (64594 binary)

Root simplex log...

Iteration    Objective       Primal Inf.    Dual Inf.      Time
       0    2.6100000e+02   2.173250e+03   0.000000e+00     33s
    3708    7.4200030e+02   1.685312e+01   0.000000e+00     35s
    3739    7.4200000e+02   0.000000e+00   0.000000e+00     35s

Root relaxation: objective 7.420000e+02, 3739 iterations, 2.85 seconds
Total elapsed time = 42.91s
Total elapsed time = 46.09s

    Nodes    |    Current Node    |     Objective Bounds      |     Work
 Expl Unexpl |  Obj  Depth IntInf | Incumbent    BestBd   Gap | It/Node Time

     0     0  742.00000    0  396          -  742.00000      -     -   94s
     0     0  747.69767    0  335          -  747.69767      -     -  122s
     0     0  772.09367    0 1267          -  772.09367      -     -  236s
     0     0  773.00000    0 2198          -  773.00000      -     -  251s
     0     0  773.00000    0 2715          -  773.00000      -     -  257s
     0     0  781.93873    0 2894          -  781.93873      -     -  274s
     0     0  781.93873    0 3174          -  781.93873      -     -  280s
     0     0  782.26716    0 3126          -  782.26716      -     -  307s
     0     0  782.42066    0 3069          -  782.42066      -     -  339s
     0     0  785.54377    0 3467          -  785.54377      -     -  351s
     0     0  785.54377    0 3487          -  785.54377      -     -  357s
     0     0  785.54377    0 3548          -  785.54377      -     -  366s
     0     0  785.66990    0 3392          -  785.66990      -     -  375s
     0     0  785.66990    0 3495          -  785.66990      -     -  381s
     0     0  785.68972    0 3325          -  785.68972      -     -  406s
     0     0  785.76636    0 3421          -  785.76636      -     -  418s
     0     0  785.76992    0 3491          -  785.76992      -     -  422s
     0     0  787.31491    0 3329          -  787.31491      -     -  435s
     0     0  787.35408    0 3310          -  787.35408      -     -  441s
     0     0  787.52996    0 3486          -  787.52996      -     -  452s
     0     0  787.57609    0 3590          -  787.57609      -     -  458s
     0     0  787.72813    0 3697          -  787.72813      -     -  468s
     0     0  787.73532    0 3728          -  787.73532      -     -  474s
     0     0  787.73533    0 3706          -  787.73533      -     -  475s
     0     0  788.22079    0 3670          -  788.22079      -     -  485s
     0     0  788.42802    0 3770          -  788.42802      -     -  490s
     0     0  788.52415    0 3821          -  788.52415      -     -  493s
     0     0  788.58824    0 3700          -  788.58824      -     -  495s
     0     0  788.66735    0 3640          -  788.66735      -     -  498s
     0     0  788.68143    0 3671          -  788.68143      -     -  500s
     0     0  788.71909    0 3692          -  788.71909      -     -  501s
     0     0  788.71942    0 3673          -  788.71942      -     -  502s
     0     0  788.97610    0 3441          -  788.97610      -     -  508s
     0     0  789.01673    0 3556          -  789.01673      -     -  511s
     0     0  789.03118    0 3586          -  789.03118      -     -  514s
     0     0  789.15305    0 3641          -  789.15305      -     -  521s
     0     0  789.22698    0 3744          -  789.22698      -     -  525s
     0     0  789.32459    0 3726          -  789.32459      -     -  533s
     0     0  789.33017    0 3729          -  789.33017      -     -  535s
     0     0  789.58265    0 3681          -  789.58265      -     -  544s
     0     0  789.60553    0 3754          -  789.60553      -     -  547s
     0     0  789.61893    0 3843          -  789.61893      -     -  549s
     0     0  789.64753    0 3768          -  789.64753      -     -  554s
     0     0  789.65533    0 3910          -  789.65533      -     -  556s
     0     0  789.81682    0 3875          -  789.81682      -     -  566s
     0     0  789.84113    0 3832          -  789.84113      -     -  568s
     0     0  789.85135    0 3807          -  789.85135      -     -  570s
     0     0  790.02973    0 3718          -  790.02973      -     -  579s
     0     0  790.10800    0 3835          -  790.10800      -     -  587s
     0     0  790.13195    0 3743          -  790.13195      -     -  589s
     0     0  790.13357    0 4017          -  790.13357      -     -  590s
     0     0  790.14304    0 3933          -  790.14304      -     -  593s
     0     0  790.37995    0 3804          -  790.37995      -     -  600s
     0     0  790.40720    0 3969          -  790.40720      -     -  603s
     0     0  790.40727    0 3952          -  790.40727      -     -  604s
     0     0  790.48619    0 3825          -  790.48619      -     -  610s
     0     0  790.48944    0 3887          -  790.48944      -     -  612s
     0     0  790.74826    0 3929          -  790.74826      -     -  631s
     0     0  790.80016    0 4058          -  790.80016      -     -  636s
     0     0  790.81191    0 3989          -  790.81191      -     -  638s
     0     0  790.88606    0 4044          -  790.88606      -     -  648s
     0     0  790.92540    0 4115          -  790.92540      -     -  656s
     0     0  790.93308    0 4159          -  790.93308      -     -  658s
     0     0  790.94447    0 3991          -  790.94447      -     -  662s
     0     0  791.00000    0 2605          -  791.00000      -     -  761s
     0     0  791.00000    0 2302          -  791.00000      -     -  853s
     0     2  791.00000    0 2213          -  791.00000      -     - 1031s
     1     4  792.11856    1 3339          -  791.00000      - 57345 1057s
     3     4  793.00000    2 3461          -  791.00000      - 21836 1089s
     6     8  793.00000    3 3586          -  792.00000      - 18202 1101s
    10    15  793.00000    4 3690          -  792.00000      - 12814 1139s
    18    21  793.07938    5 3641          -  792.00000      - 10972 1157s
    26    27  804.45290    5 3631          -  792.00000      -  9214 1200s
    34    34  794.00000    6 3388          -  792.00000      -  8980 1240s
    42    41  794.00000    7 3473          -  792.00000      -  8483 1253s
    52    49  794.00000    8 3492          -  792.00000      -  7376 1387s
    64    55  794.00000    9 3554          -  792.00000      -  8169 1450s
    73    65  794.00000   10 3829          -  792.00000      -  8174 1497s
    85    69  794.00000   10 3403          -  792.00000      -  7989 1532s
    99    81  794.27721   11 3585          -  792.00000      -  7740 1563s
   113    95  794.00000   11 3600          -  792.00000      -  7264 1595s
   129   104  794.48781   12 3516          -  792.00000      -  7182 1642s
   144   116  795.00000   13 3766          -  792.00000      -  6875 1692s
   164   134  795.00000   14 3558          -  792.00000      -  6524 1723s
   190   162  831.00000   16 3356          -  792.00000      -  5982 1746s
   215   180  799.96019   18 3512          -  792.00000      -  5537 1775s
   243   208  807.45452   18 3554          -  792.00000      -  5206 1880s
   279   240  800.00000   19 3580          -  792.00000      -  5033 1902s
   307   271  800.00000   20 3627          -  792.00000      -  4743 1929s
   340   291  812.21830   21 3453          -  792.00000      -  4508 1979s
   374   328  838.00000   23 3487          -  792.00000      -  4374 2024s
   412   355  805.10297   23 3450          -  792.00000      -  4177 2085s
   455   392  806.00000   24 3297          -  792.00000      -  4022 2123s
   505   438  806.00000   28 3377          -  792.00000      -  3799 2139s
   553   485  806.01671   30 3389          -  792.00000      -  3597 2156s
   608   535  807.19592   32 3418          -  792.00000      -  3370 2178s
   671   590  807.00000   35 3236          -  792.00000      -  3161 2229s
   738   650  807.00000   38 3305          -  792.00000      -  3030 2248s
   814   725  808.00000   40 3256          -  792.00000      -  2850 2272s
   902   806  808.00000   45 3259          -  792.00000      -  2658 2299s
   992   888  813.06381   49 3321          -  792.00000      -  2520 2430s
  1076   966  814.82242   51 3278          -  792.00000      -  2504 2451s
  1179  1063  815.00000   53 3281          -  792.00000      -  2357 2502s
  1285  1156  816.00000   58 3463          -  792.00000      -  2254 2567s
  1401  1262  816.00000   60 3396          -  792.00000      -  2166 2589s
  1537  1386  816.00000   66 3325          -  792.00000      -  2039 2613s
  1671  1502  824.00000   69 3308          -  792.00000      -  1934 2644s
  1783  1609  834.00000   74 3317          -  792.00000      -  1873 2689s
  1905  1713  962.06742   80 3188          -  792.00000      -  1830 2717s
  2034  1830  843.00000   86 3474          -  792.00000      -  1772 2754s
  2130  1907  845.00000  100 3446          -  792.00000      -  1754 2790s
  2239  2005  859.00000  109 3124          -  792.00000      -  1725 2852s
  2326  2076  847.00000  124 3406          -  792.00000      -  1728 2901s
  2383  2125  847.00000  141 3457          -  792.00000      -  1765 2939s
  2457  2180  848.00000  163 3157          -  792.00000      -  1770 2991s
  2527  2238  849.00000  183 3286          -  792.00000      -  1795 3042s
  2601  2286  849.00000  198 3603          -  792.00000      -  1815 3085s
  2718  2390  849.00000  218 3228          -  792.00000      -  1797 3140s
  2871  2529  850.00000  236 3502          -  792.00000      -  1769 3188s
  3054  2686  850.03788  257 3348          -  792.00000      -  1727 3234s
  3250  2861  851.00000  281 3191          -  792.00000      -  1688 3299s
  3472  3035  852.00000  301 3383          -  792.00000      -  1648 3343s
  3716  3226  853.00000  316 3282          -  792.00000      -  1597 3403s
  3961  3428  885.00000  356 3219          -  792.00000      -  1557 3462s
  4120  3553  897.00000  385 3223          -  792.00000      -  1546 3527s
  4300  3703  940.00000  420 2958          -  792.00000      -  1532 3587s
  4489  3881 infeasible  471               -  792.00000      -  1517 3665s
  4652  3992  796.63581    7 3500          -  792.00000      -  1522 3734s
  4744  4060 1025.00000  568  335          -  792.00000      -  1542 3774s
  4746  4061 1055.00000  486 1732          -  793.00000      -  1541 3849s
  4747  4062  940.00000  439 2531          -  804.00000      -  1541 3864s
  4748  4063  866.00000  195 2891          -  804.00000      -  1540 3882s
  4749  4063 1025.00000  563 2733          -  805.87319      -  1540 3907s
  4750  4064 1026.00000  368 3012          -  807.43262      -  1540 3922s
  4751  4065 1055.00000  441 3065          -  807.74034      -  1540 3935s
  4752  4065  849.00000  174 3456          -  808.00317      -  1539 3945s
  4753  4066  902.00000  107 3006          -  808.30040      -  1539 3952s
  4754  4067  808.40622   39 3268          -  808.40622      -  1539 3958s
  4755  4067 1055.00000  108 3295          -  808.65864      -  1538 3964s
  4756  4068  866.00000  181 3449          -  808.78881      -  1538 3968s
  4757  4069 1055.00000  499 3531          -  808.82626      -  1538 3974s
  4758  4069 1055.00000  120 3460          -  809.20217      -  1537 3983s
  4759  4070 1055.00000   62 3611          -  809.22271      -  1537 3989s
  4760  4071 1055.00000  567 3818          -  809.30425      -  1537 3995s
  4761  4071 1055.00000   39 3709          -  809.51666      -  1536 4009s
  4762  4072  866.00000  214 3567          -  809.79036      -  1536 4019s
  4763  4073 1055.00000   24 3474          -  809.94268      -  1536 4025s
  4765  4074 1055.00000  141 3468          -  810.01597      -  1535 4032s
  4767  4075 1055.00000  185 3659          -  810.12221      -  1534 4042s
  4769  4077  863.00000  221 3700          -  810.14703      -  1534 4048s
  4770  4077  835.00000  225 3826          -  810.18190      -  1533 4054s
  4771  4078  810.19451   39 3845          -  810.19451      -  1533 4057s
  4772  4079 1015.00000  409 3904          -  810.22252      -  1533 4067s
  4773  4079  816.00000   59 3906          -  810.24739      -  1532 4070s
  4774  4080  844.00000   91 3911          -  810.24755      -  1532 4104s
  4775  4081 1055.00000  156 3745          -  812.92670      -  1532 4159s
  4776  4081 1055.00000   71 3741          -  813.35017      -  1531 4204s
  4777  4082 1055.00000  150 3750          -  813.61357      -  1531 4224s
  4778  4083 1055.00000  230 3853          -  813.65427      -  1531 4232s
  4779  4083  883.00000  414 3793          -  813.71947      -  1530 4244s
  4780  4084  940.00000  224 3818          -  813.73898      -  1530 4250s
  4781  4085 1055.00000  437 3861          -  813.77590      -  1530 4261s
  4782  4085 1055.00000  503 3694          -  813.79819      -  1530 4282s
  4783  4086  849.00000  196 3756          -  813.81864      -  1529 4293s
  4784  4087 1055.00000  271 3852          -  813.82060      -  1529 4297s
  4785  4087  846.00000  112 3804          -  813.85122      -  1529 4307s
  4786  4088  826.00000  155 3830          -  813.85122      -  1528 4350s
  4787  4089  823.00000   10 3819          -  816.15044      -  1528 4390s
  4788  4089 1055.00000  338 3816          -  816.37499      -  1528 4404s
  4789  4090 1015.00000  431 3824          -  816.38583      -  1527 4406s
  4790  4091 1025.00000  824 3933          -  816.39601      -  1527 4410s
  4792  4092  834.00000  199 3861          -  816.50307      -  1526 4420s
  4794  4093  816.52349   20 3949          -  816.52349      -  1526 4425s
  4796  4095  816.60938   30 3843          -  816.60938      -  1525 4433s
  4797  4095  847.00000  143 3870          -  816.65541      -  1525 4438s
  4798  4096  959.00000   16 3747          -  816.66400      -  1524 4441s
  4800  4097 1055.00000  275 3848          -  816.69357      -  1524 4448s
  4801  4098  816.69431   20 4053          -  816.69431      -  1523 4480s
  4802  4099  818.67631   11 3920          -  818.67631      -  1523 4513s
  4803  4099 1055.00000   91 4014          -  819.18946      -  1523 4525s
  4805  4101 1055.00000   67 4005          -  819.22192      -  1522 4530s
  4807  4102 1005.00000   77 4063          -  819.26374      -  1522 4536s
  4809  4103  878.00000  363 4165          -  819.33260      -  1521 4544s
  4810  4104 1025.00000  738 4003          -  819.37919      -  1521 4548s
  4811  4105 1025.00000  653 4055          -  819.37924      -  1520 4583s
  4812  4105  866.00000  210 4016          -  820.77118      -  1520 4639s
  4813  4106 1015.00000  524 4007          -  821.13553      -  1520 4658s
  4814  4107 1055.00000  430 3965          -  821.20234      -  1519 4667s
  4815  4107 1025.00000  703 3973          -  821.24340      -  1519 4672s
  4816  4108  911.00000  369 3888          -  821.25805      -  1519 4677s
  4817  4109 1055.00000  441 4030          -  821.26723      -  1518 4680s
  4818  4109  902.00000   93 3823          -  821.43913      -  1518 4689s
  4819  4110  821.45235   53 3910          -  821.45235      -  1518 4693s
  4820  4111  821.48063   43 4077          -  821.48063      -  1517 4696s
  4823  4113  849.00000  176 4014          -  821.48985      -  1517 4736s
  4824  4113 1025.00000  764 4146          -  823.49340      -  1516 4764s
  4825  4114 1055.00000  440 4114          -  823.60795      -  1516 4774s
  4826  4115  983.00000   25 3975          -  823.72677      -  1516 4780s
  4828  4116 1004.00000  383 4071          -  823.84301      -  1515 4799s
  4829  4117 1055.00000  137 4138          -  823.84677      -  1515 4801s
  4830  4117  823.84722   82 4035          -  823.84722      -  1514 4830s
  4831  4118  853.00000   99 3918          -  825.03041      -  1514 4851s
  4832  4119 1055.00000  428 3982          -  825.51841      -  1514 4870s
  4834  4120 1055.00000   20 4092          -  825.54627      -  1513 4877s
  4836  4121  849.00000   42 4108          -  825.57280      -  1512 4882s
  4838  4123 1055.00000  199 3928          -  825.60211      -  1512 4887s
  4840  4124 1055.00000  568 4074          -  825.61610      -  1511 4892s
  4841  4125  885.00000  348 4083          -  825.62794      -  1511 4895s
  4842  4125 1015.00000  527 3866          -  825.66888      -  1511 4902s
  4844  4127 1025.00000  568 4012          -  825.67091      -  1510 4941s
  4845  4127  911.00000  358 3975          -  827.03254      -  1510 4966s
  4846  4128 1055.00000  486 4038          -  827.37372      -  1509 4986s
  4847  4129  940.00000  439 4025          -  827.38302      -  1509 4991s
  4848  4129  866.00000  195 4054          -  827.40787      -  1509 4999s
  4849  4130 1025.00000  563 4149          -  827.41294      -  1508 5004s
  4850  4131 1026.00000  368 4175          -  827.42347      -  1508 5008s
  4851  4131 1055.00000  441 4234          -  827.42458      -  1508 5048s
  4852  4132  849.00000  174 4212          -  828.74099      -  1507 5100s
  4853  4133  902.00000  107 4035          -  828.93937      -  1507 5118s
  4854  4133  828.94755   39 4085          -  828.94755      -  1507 5122s
  4856  4135  866.00000  181 3965          -  829.03237      -  1506 5136s
  4857  4135 1055.00000  499 4138          -  829.04450      -  1506 5140s
  4858  4136 1055.00000  120 4094          -  829.07642      -  1506 5147s
  4859  4137 1055.00000   62 4216          -  829.09453      -  1505 5152s
  4860  4137 1055.00000  567 4152          -  829.12485      -  1505 5158s
  4861  4138 1055.00000   39 4284          -  829.12998      -  1505 5160s
  4863  4139 1055.00000   24 4242          -  829.13783      -  1504 5186s
  4864  4140  830.60117   54 4197          -  830.60117      -  1504 5213s
  4865  4141 1055.00000  141 4216          -  830.87543      -  1503 5231s
  4866  4141  866.00000  233 4217          -  830.88566      -  1503 5235s
  4867  4142 1055.00000  185 4081          -  830.92614      -  1503 5241s
  4869  4143  863.00000  221 4145          -  830.94040      -  1502 5245s
  4871  4145  830.94886   39 4318          -  830.94886      -  1502 5280s
  4872  4145 1015.00000  409 3947          -  832.06620      -  1501 5301s
  4873  4146  832.63681   59 4108          -  832.63681      -  1501 5321s
  4875  4147 1055.00000  156 4246          -  832.64577      -  1500 5325s
  4876  4148 1055.00000   71 4267          -  832.64679      -  1500 5363s
  4877  4149 1055.00000  150 4057          -  833.19062      -  1500 5378s
  4878  4149 1055.00000  230 4033          -  833.20862      -  1499 5382s
  4879  4150  883.00000  414 4243          -  833.26076      -  1499 5396s
  4881  4151 1055.00000  437 4152          -  833.28495      -  1499 5402s
  4882  4152 1055.00000  503 4268          -  833.28595      -  1498 5433s
  4883  4153  849.00000  196 4211          -  834.70180      -  1498 5464s
  4884  4153 1055.00000  271 4027          -  834.90918      -  1498 5477s
  4885  4154  846.00000  112 4110          -  834.91768      -  1497 5481s
  4887  4155  834.94091   10 4036          -  834.94091      -  1497 5487s
  4888  4156 1055.00000  338 3998          -  834.94108      -  1496 5512s
  4889  4157 1015.00000  431 4054          -  835.57959      -  1496 5533s
  4890  4157 1025.00000  824 3948          -  835.60595      -  1496 5538s
  4891  4158 1055.00000  281 4015          -  835.60640      -  1495 5569s
  4892  4159  836.60664  199 3952          -  836.60664      -  1495 5594s
  4893  4159 1055.00000  510 4244          -  836.62071      -  1495 5597s
  4895  4161 1055.00000   21 4159          -  836.62323      -  1494 5631s
  4896  4161  836.76211   30 4047          -  836.76211      -  1494 5641s
  4898  4163  959.00000   16 4114          -  836.80624      -  1493 5651s
  4899  4163 1055.00000  388 4226          -  836.80638      -  1493 5672s
  4900  4164 1055.00000  275 4086          -  836.86719      -  1493 5677s
  4901  4165  836.86760   20 4028          -  836.86760      -  1492 5709s
  4902  4165  836.87831   11 4212          -  836.87831      -  1492 5712s
  4903  4166 1055.00000   91 4121          -  836.88023      -  1492 5738s
  4904  4167  959.00000  328 4123          -  836.88135      -  1491 5740s
  4905  4167 1055.00000   67 2736          -  836.88135      -  1491 5770s
  4907  4170 1005.00000   77  335          -  836.88135      -  1660 5775s
  4909  4171  878.00000  363 1039          -  836.88135      -  1659 5882s
  4910  4172 1025.00000  738 1933          -  836.88135      -  1659 5898s
  4911  4173 1025.00000  653 2441          -  836.88135      -  1658 5916s
  4912  4173  866.00000  210 1080          -  836.88135      -  1658 6061s
  4913  4174 1015.00000  524 1906          -  836.88135      -  1658 6090s
  4914  4175 1055.00000  430 2411          -  836.88135      -  1657 6142s
  4915  4175 1025.00000  703 2659          -  836.88135      -  1657 6163s
  4916  4176  911.00000  369 2873          -  836.88135      -  1657 6178s
  4917  4177 1055.00000  441 3060          -  836.88135      -  1656 6199s
  4918  4177  902.00000   93 3089          -  836.88135      -  1656 6206s
  4919  4178  836.88135   53 3412          -  836.88135      -  1656 6212s
  4920  4179  836.88135   43 3449          -  836.88135      -  1655 6217s
  4922  4180 1025.00000  821 3500          -  836.88135      -  1655 6223s
  4923  4181  849.00000  176 3299          -  836.88135      -  1654 6231s
  4924  4181 1025.00000  764 3471          -  836.88135      -  1654 6235s
  4925  4182 1055.00000  440 3569          -  836.88135      -  1654 6240s
  4927  4183 1015.00000  468 3682          -  836.88135      -  1653 6247s
  4928  4184 1004.00000  383 3725          -  836.88135      -  1653 6250s
  4929  4185 1055.00000  137 3676          -  836.88135      -  1652 6256s
  4930  4185  836.88135   82 3780          -  836.88135      -  1652 6262s
  4931  4186  853.00000   99 3851          -  836.88135      -  1652 6265s
  4933  4187  967.00000  528 3976          -  836.88135      -  1651 6270s
  4934  4188 1055.00000   20 3997          -  836.98329      -  1651 6275s
  4935  4189  852.00000  306 3759          -  837.05610      -  1650 6282s
  4936  4189  849.00000   42 3872          -  837.07093      -  1650 6287s
  4937  4190  858.00000  107 3830          -  837.10924      -  1650 6291s
  4938  4191 1055.00000  199 3874          -  837.15341      -  1649 6295s
  4940  4192 1055.00000  568 3833          -  837.19167      -  1649 6304s
  4941  4193  885.00000  348 3944          -  837.19413      -  1648 6307s
  4942  4193 1015.00000  527 3984          -  837.24535      -  1648 6322s
  4943  4194 1055.00000  176 3991          -  837.25505      -  1648 6328s
  4944  4195 1025.00000  568 4041          -  837.27206      -  1647 6332s
  4945  4195  911.00000  358 4032          -  837.28326      -  1647 6335s
  4947  4197  940.00000  439 3944          -  837.29605      -  1646 6341s
  4949  4198 1025.00000  563 4083          -  837.31371      -  1646 6346s
  4950  4199 1026.00000  368 4150          -  837.33148      -  1645 6350s
  4953  4201  902.00000  107 4139          -  837.33940      -  1644 6357s
  4955  4202 1055.00000  108 4203          -  837.34538      -  1644 6362s
  4957  4203 1055.00000  499 4250          -  837.35182      -  1643 6366s
  4959  4205 1055.00000   62 4171          -  837.35720      -  1642 6373s
  4960  4205 1055.00000  567 4205          -  837.36080      -  1642 6376s
  4962  4207  866.00000  214 4244          -  837.36590      -  1641 6380s
  4964  4208  837.37276   54 4194          -  837.37276      -  1641 6385s
  4967  4210 1055.00000  185 4236          -  837.37559      -  1640 6431s
  4968  4211 1055.00000  160 4180          -  838.00000      -  1639 6559s
  4969  4211  863.00000  221 4165          -  838.00000      -  1639 6610s
  4970  4212  838.71227  225 4140          -  838.71227      -  1639 6715s
  4971  4213  838.86801   39 3973          -  838.86801      -  1638 6728s
  4972  4213 1015.00000  409 3896          -  838.99473      -  1638 6742s
  4973  4214  839.00372   59 4028          -  839.00372      -  1638 6748s
  4974  4215  844.00000   91 3964          -  839.01021      -  1637 6751s
  4976  4216 1055.00000   71 3962          -  839.03753      -  1637 6757s
  4977  4217 1055.00000  150 4023          -  839.04351      -  1636 6761s
  4979  4218  883.00000  414 4080          -  839.04550      -  1636 6798s
  4980  4219  940.00000  224 3988          -  840.00000      -  1635 6861s
  4981  4219 1055.00000  437 3965          -  840.00000      -  1635 6907s
  4982  4220 1055.00000  503 3725          -  840.71976      -  1635 6983s
  4983  4221  849.00000  196 3821          -  840.95477      -  1634 6998s
  4984  4221 1055.00000  271 3862          -  840.99342      -  1634 7007s
  4985  4222  846.00000  112 4014          -  841.00821      -  1634 7012s
  4986  4223  841.03270  155 4021          -  841.03270      -  1634 7018s
  4987  4223  841.03481   10 4043          -  841.03481      -  1633 7020s
  4989  4225 1015.00000  431 4024          -  841.04457      -  1633 7025s
  4991  4226 1055.00000  281 4068          -  841.05225      -  1632 7030s
  4993  4227 1055.00000  510 4186          -  841.05508      -  1631 7035s
  4994  4228  841.06205   20 4175          -  841.06205      -  1631 7040s
  4995  4229 1055.00000   21 4144          -  841.07601      -  1631 7048s
  4996  4229  841.07905   30 4225          -  841.07905      -  1630 7051s
  4998  4231  959.00000   16 4358          -  841.08393      -  1630 7057s
  4999  4231 1055.00000  388 4383          -  841.09055      -  1629 7061s
  5000  4232 1055.00000  275 4302          -  841.09133      -  1629 7092s
  5001  4233  842.00000   20 3942          -  842.00000      -  1629 7128s
  5002  4233  842.00000   11 3999          -  842.00000      -  1628 7182s
  5003  4234 1055.00000   91 3937          -  842.11162      -  1628 7258s
  5004  4235  959.00000  328 3910          -  842.17906      -  1628 7275s
  5005  4235 1055.00000   67 3860          -  842.28546      -  1627 7289s
  5006  4236  933.00000  119 3993          -  842.46720      -  1627 7297s
  5007  4237 1005.00000   77 3976          -  842.48527      -  1627 7304s
  5008  4237  842.53518   35 4196          -  842.53518      -  1626 7314s
  5009  4238  878.00000  363 3991          -  842.68025      -  1626 7326s
  5011  4239 1025.00000  653 4001          -  842.68620      -  1625 7360s
  5012  4240  866.00000  210 4113          -  843.00000      -  1625 7381s
  5013  4241 1015.00000  524 4180          -  843.24130      -  1625 7417s
  5014  4241 1055.00000  430 3959          -  843.26272      -  1624 7423s
  5015  4242 1025.00000  703 4174          -  843.27092      -  1624 7426s
  5016  4243  911.00000  369 4119          -  843.28255      -  1624 7433s
  5017  4243 1055.00000  441 4248          -  843.28543      -  1623 7436s
  5019  4245  843.29796   53 4166          -  843.29796      -  1623 7442s
  5021  4246  843.30255   50 4215          -  843.30255      -  1622 7446s
  5022  4247 1025.00000  821 4258          -  843.30259      -  1622 7473s
  5023  4247  849.00000  176 4128          -  844.27118      -  1621 7491s
  5024  4248 1025.00000  764 4149          -  844.29939      -  1621 7495s
  5025  4249 1055.00000  440 4163          -  844.34331      -  1621 7503s
  5026  4249  983.00000   25 4198          -  844.35176      -  1621 7510s
  5027  4250 1015.00000  468 4167          -  844.35178      -  1620 7536s
  5028  4251 1004.00000  383 3997          -  845.00000      -  1620 7587s
  5029  4251 1055.00000  137 4041          -  845.00000      -  1620 7631s
  5030  4252  845.66431   82 3875          -  845.66431      -  1619 7768s
  5031  4253  853.00000   99 4026          -  845.70132      -  1619 7784s
  5032  4253 1055.00000  428 4070          -  845.72355      -  1619 7788s
  5033  4254  967.00000  528 4107          -  845.72386      -  1618 7813s
  5034  4255 1055.00000   20 3935          -  846.00000      -  1618 7855s
  5035  4255  852.00000  306 4028          -  846.00000      -  1618 7893s
  5036  4256  849.00000   42 3922          -  846.29792      -  1617 7998s
  5037  4257  858.00000  107 4152          -  846.32852      -  1617 8009s
  5038  4257 1055.00000  199 4237          -  846.33363      -  1617 8015s
  5039  4258 1055.00000  195 4201          -  846.33848      -  1616 8022s
  5040  4259 1055.00000  568 4274          -  846.34279      -  1616 8030s
  5041  4259  885.00000  348 4190          -  846.35038      -  1616 8037s
  5042  4260 1015.00000  527 4182          -  846.35193      -  1615 8042s
  5043  4261 1055.00000  176 4242          -  846.35299      -  1615 8046s
  5045  4262  911.00000  358 4106          -  846.35870      -  1614 8053s
  5046  4263 1055.00000  486 4091          -  846.36199      -  1614 8057s
  5047  4263  940.00000  439 4032          -  846.36578      -  1614 8061s
  5048  4264  866.00000  195 4165          -  846.36583      -  1613 8087s
  5049  4265 1025.00000  563 4069          -  846.73152      -  1613 8101s
  5050  4265 1026.00000  368 4095          -  846.74230      -  1613 8107s
  5051  4266 1055.00000  441 4267          -  846.78378      -  1612 8118s
  5052  4267  849.00000  174 4402          -  846.88898      -  1612 8130s
  5054  4268  846.91307   39 4187          -  846.91307      -  1612 8139s
  5055  4269 1055.00000  108 4259          -  846.91323      -  1611 8163s
  5056  4269  866.00000  181 4216          -  847.03161      -  1611 8177s
  5057  4270 1055.00000  499 4221          -  847.03776      -  1611 8180s
  5058  4271 1055.00000  120 4357          -  847.04163      -  1610 8189s
  5059  4271 1055.00000   62 4328          -  847.04501      -  1610 8193s
  5060  4272 1055.00000  567 4345          -  847.05297      -  1610 8199s
  5061  4273 1055.00000   39 4357          -  847.05444      -  1609 8202s
  5062  4273  866.00000  214 4332          -  847.06042      -  1609 8205s
  5064  4275  847.06495   54 4339          -  847.06495      -  1608 8211s
  5065  4275 1055.00000  141 4335          -  847.06514      -  1608 8241s
  5066  4276  866.00000  233 4317          -  847.06894      -  1608 8245s
  5067  4277 1055.00000  185 4365          -  847.06938      -  1607 8275s
  5068  4277 1055.00000  160 4179          -  847.14037      -  1607 8286s
  5069  4278  863.00000  221 4186          -  847.14498      -  1607 8290s
  5070  4279  847.14609  225 4305          -  847.14609      -  1606 8313s
  5071  4279  847.14798   39 4347          -  847.14798      -  1606 8318s
  5072  4280 1015.00000  409 4272          -  847.15122      -  1606 8320s
  5074  4281  847.15617   91 4193          -  847.15617      -  1605 8350s
  5075  4282 1055.00000  156 4296          -  847.17164      -  1605 8356s
  5076  4283 1055.00000   71 3221          -  847.17164      -  1605 8388s
  5078  4285 1055.00000  230  335          -  847.17164      -  1839 8392s
  5080  4286  940.00000  224 1102          -  847.17164      -  1838 8512s
  5081  4287 1055.00000  437 1778          -  847.17164      -  1838 8533s
  5082  4288 1055.00000  503 2268          -  847.17164      -  1837 8554s
  5083  4288  849.00000  196 1242          -  847.17164      -  1837 8679s
  5084  4289 1055.00000  271 1871          -  847.17164      -  1837 8705s
  5085  4290  847.17164  112 1228          -  847.17164      -  1836 8846s
  5086  4290  847.17164  155 1228          -  847.17164      -  1836 8895s
  5087  4291  847.17164   10 1228          -  847.17164      -  1836 8987s
  5088  4294  847.17164   43 2796          -  847.17164      -  2037 9171s
  5090  4294  847.70177   44 2602          -  847.17164      -  2048 9331s
  5093  4297  848.00000   45 2793          -  847.17164      -  2063 9348s
  5097  4304  848.00000   46 2805          -  847.17164      -  2065 9404s
  5105  4308  848.00000   47 2815          -  847.17164      -  2065 9635s
  5113  4310  865.00000   47 3196          -  847.17164      -  2129 9800s
  5121  4315  848.00000   48 2834          -  847.17164      -  2185 9880s
  5129  4320  864.00000   48 3235          -  847.17164      -  2194 9949s
  5139  4322  848.34030   49 2598          -  847.17164      -  2215 10071s
  5151  4327  863.00000   49 3165          -  847.17164      -  2228 10178s
  5164  4328  849.00000   50 2912          -  847.17164      -  2245 10248s
  5177  4333  850.23878   51 2979          -  847.17164      -  2258 10349s
  5194  4341  850.77966   51 2788          -  847.17164      -  2296 10510s
  5211  4356  851.00000   52 3220          -  847.17164      -  2310 10593s
  5234  4371  851.82661   53 2749          -  847.17164      -  2314 10649s
  5254  4378  851.32408   53 3176          -  847.17164      -  2319 10711s
  5276  4389  852.00000   55 2788          -  847.17164      -  2320 10795s
  5305  4409  853.82750   56 2880          -  847.17164      -  2338 10842s
  5330  4415  853.13657   58 2653          -  847.17164      -  2343 10881s
  5364  4443  853.00000   60 2912          -  847.17164      -  2346 10970s
  5390  4450  853.00000   62 2848          -  847.17164      -  2364 11007s
  5435  4467  854.00000   64 2827          -  847.17164      -  2362 11050s
  5475  4494  854.00000   65 2778          -  847.17164      -  2362 11106s
  5505  4500  854.00000   66 2795          -  847.17164      -  2371 11169s
  5568  4531  860.00000   69 3122          -  847.17164      -  2368 11239s
  5612  4548  860.00000   72 2781          -  847.17164      -  2379 11287s
  5657  4575  962.00000   75 2648          -  847.17164      -  2375 11347s
  5713  4607  860.00000   77 2929          -  847.17164      -  2374 11395s
  5775  4641  860.00000   83 2841          -  847.17164      -  2370 11463s
  5825  4665  866.00000   84 2835          -  847.17164      -  2371 11522s
  5883  4690  872.00000   87 2959          -  847.17164      -  2372 11601s
  5942  4717  965.00000   92 2611          -  847.17164      -  2374 11815s
  5991  4731  969.00000   98 2749          -  847.17164      -  2405 11982s
  6050  4766  886.00000  106 2864          -  847.17164      -  2423 12045s
  6116  4798  886.00000  108 2770          -  847.17164      -  2423 12136s
  6192  4845  955.00000  112 2868          -  847.17164      -  2432 12399s
  6262  4869  955.00000  124 2555          -  847.17164      -  2477 12495s
  6331  4913 1023.00000  128 2676          -  847.17164      -  2482 12637s
  6408  4938 1023.00000  134 2529          -  847.17164      -  2503 12724s
  6507  4992 infeasible  144               -  847.17164      -  2491 12976s
  6581  5011  847.17164   54 2815          -  847.17164      -  2518 13093s
  6687  5060  847.17164   57 2886          -  847.17164      -  2529 13185s
  6825  5119  847.17164   59 2802          -  847.17164      -  2505 13283s
  6952  5151  850.00000   60 3150          -  847.17164      -  2499 13418s
  7025  5169  849.00000   63 2972          -  847.17164      -  2532 13653s
  7076  5190  851.00000   65 2891          -  847.17164      -  2609 13792s
  7123  5197  849.00000   64 2802          -  847.17164      -  2644 13891s
  7217  5242  851.00000   66 2905          -  847.17164      -  2646 14138s
  7353  5318  871.00000   66 3086          -  847.17164      -  2665 14283s
  7489  5398  858.51532   66 2991          -  847.17164      -  2643 14453s
  7708  5533  856.00000   70 3327          -  847.17164      -  2616 14565s
  7969  5687  865.00000   72 3105          -  847.17164      -  2556 14717s
  8227  5809  865.00000   88 3226          -  847.17164      -  2518 14850s
  8475  5922  876.00000  115 2824          -  847.17164      -  2486 15012s
  8605  5974  876.00000  138 2723          -  847.17164      -  2495 15149s
  8717  6022  861.00000   55 3115          -  847.17164      -  2505 15353s
  8903  6121  861.00000   64 2860          -  847.17164      -  2494 15760s
  9410  6334  877.00000  112 2844          -  847.17164      -  2468 15940s
  9449  6342  913.47598  113 2668          -  847.17164      -  2508 16148s
  9530  6362  893.00000  115 2520          -  847.17164      -  2546 16322s
  9778  6516  993.00000  124 2561          -  847.17164      -  2516 16543s
 10165  6697 1032.00000  234 2437          -  847.17164      -  2463 16684s
 11050  7015 infeasible   72               -  847.17164      -  2342 16957s
 11225  7093  861.00000   63 2980          -  847.17164      -  2353 17143s
 11330  7134  862.00000   65 3124          -  847.17164      -  2386 17351s
 11605  7246  893.00000   88 2644          -  847.17164      -  2371 17665s
 12186  7585 infeasible  245               -  847.17164      -  2322 18075s
 12288  7606  859.55835   75 2668          -  848.00000      -  2377 18292s
 12370  7620  853.00000   76 2762          -  848.00000      -  2415 18525s
 12667  7758  861.00000   80 2772          -  848.00000      -  2406 18732s
 13198  8021  935.00000  114 2682          -  848.00000      -  2354 19037s
 14027  8321 infeasible   83               -  848.00000      -  2312 19289s
 14197  8350  917.00000   93 3018          -  848.00000      -  2342 19513s
 14425  8452  851.00000   60 2655          -  848.00000      -  2349 19750s
 14961  8714  881.00000   64 3113          -  848.00000      -  2303 20004s
 15398  8925  848.00000   53 3082          -  848.00000      -  2280 20269s
 16519  9424  856.00000   77 3259          -  848.00000      -  2214 20579s
 16800  9540  865.00000   84 2968          -  848.00000      -  2240 20964s
 17098  9630  850.00000   60 3015          -  848.00000      -  2268 21257s
 17302  9710  891.00000   65 2687          -  848.00000      -  2291 21540s
 17732  9919 infeasible   79               -  848.00000      -  2277 22135s
 18208 10225 1023.00000  148 2173          -  848.00000      -  2289 22550s
 18532 10457  849.00000   51 2940          -  848.00000      -  2322 22893s
 18922 10796  857.00000   54 3233          -  848.00000      -  2332 23361s
 19384 11158  864.00000   56 2900          -  848.00000      -  2346 23766s
 19775 11451  928.00000   90 2784          -  848.00000      -  2363 24263s
 20201 11788  873.00000   74 3168          -  848.00000      -  2393 24717s
 20746 12185 1020.00000  158 2374          -  848.00000      -  2413 25279s
 21175 12490  850.00000   57 2915          -  848.00000      -  2452 25743s
 21690 12868  890.00000   96 2366          -  848.00000      -  2466 26345s
 22407 13495  858.00000   73 2814          -  848.00000      -  2459 26872s
 22732 13691  909.00000   95 2831          -  848.00000      -  2493 27380s
 23398 14192  879.00000   70 3009          -  848.00000      -  2494 27933s
 23918 14619  989.00000  152 2582          -  848.00000      -  2501 28552s
 24855 15372  854.00000   80 2793          -  848.00000      -  2479 29231s
 25947 16116  912.00000   70 2983          -  848.00000      -  2478 29789s
 26847 16842  852.00000   71 2643          -  848.00000      -  2448 30453s
 27681 17491 infeasible  102               -  848.00000      -  2446 31040s
 28936 18510  849.00000   58 2876          -  848.00000      -  2406 35178s
 29646 19089  856.00000   66 3100          -  848.00000      -  2420 35713s
 30124 19412  865.00000   71 3065          -  848.00000      -  2446 36251s
 30652 19795 1026.00000  149 2444          -  848.00000      -  2475 36799s
 31394 20335 1020.00000   73 2572          -  848.00000      -  2479 37449s
 32243 21000 1025.00000  230 2209          -  848.66126      -  2469 38020s
 32674 21302  861.17724   65 3218          -  849.00000      -  2496 38636s
 33295 21773  860.37664   62 3306          -  849.00000      -  2513 39715s
 33843 22119  873.00000   94 2692          -  849.00000      -  2564 40592s
 34566 22674  851.00000   69 3124          -  849.00000      -  2595 41334s
 35353 23243  930.00000   95 3126          -  849.00000      -  2611 42429s
 35988 23713 1043.00000   73 2794          -  849.00000      -  2634 43509s
 36708 24280  853.00000   59 3354          -  849.00000      -  2671 44345s
 37160 24615  866.00000   59 2890          -  849.00000      -  2704 45504s
 37450 24803  865.00000   70 3309          -  849.00000      -  2777 46515s
 37924 25121  852.00000   64 3412          -  849.00000      -  2836 47378s
 38654 25733  849.27050   59 3431          -  849.00000      -  2867 48257s
 39025 26001 1040.00000  129 2436          -  849.00000      -  2918 49290s
 39886 26695 infeasible   75               -  849.00000      -  2943 50171s
 40787 27366 infeasible   93               -  849.00000      -  2955 51129s
 41613 28015  851.10910   67 3151          -  849.00000      -  2975 52161s
 42388 28609  857.00000   85 3418          -  849.00000      -  2994 53137s
 43289 29193 infeasible  251               -  849.00000      -  3007 54028s
 43916 29513 1018.00000  112 2767          -  849.00000      -  3042 55572s
 45251 30633  857.00000   67 3123          -  849.00000      -  3024 56832s
 45802 31022  851.00000   65 3344          -  849.00000      -  3058 57714s
 46437 31514  878.00000   81 3223          -  849.00000      -  3079 58760s
 47260 32112 1022.00000  121 2695          -  849.00000      -  3086 60140s
 48084 32750  852.00000   58 3430          -  849.00000      -  3109 61151s
 48480 33050  854.00000   65 3367          -  849.00000      -  3149 62449s
 49026 33440  853.00000   53 3357          -  849.00000      -  3191 63487s
 49863 33988  864.00000   61 3276          -  849.00000      -  3203 64461s
 50412 34404 1021.00000  101 2970          -  849.00000      -  3237 65380s
 51556 35282  862.00000   65 3073          -  849.00000      -  3227 66428s
 52378 35930  857.37840  106 3111          -  849.00000      -  3237 67529s
 52873 36273  858.00000   66 3572          -  849.00000      -  3272 68485s
 54169 37379  850.00000   57 3312          -  849.00000      -  3248 69612s
 55155 38153  859.00000   59 3265          -  849.00000      -  3247 70725s
 55654 38481  862.00000   60 3181          -  850.00000      -  3275 71602s
 56552 39221  938.57354   74 3060          -  850.00000      -  3272 72816s
 57379 39823  853.00000   58 3322          -  850.00000      -  3293 74147s
 58535 40748  854.00000   70 3422          -  850.00000      -  3303 75639s
 59299 41343  932.00000   87 3086          -  850.00000      -  3338 76733s
 60596 42372  854.00000   67 3444          -  850.00000      -  3331 78146s
 62027 43537 1022.00000  161 2681          -  850.00000      -  3321 79534s
 62864 44180  862.00000   62 2926          -  850.00000      -  3344 80589s
 63514 44696  876.00000   73 2916          -  850.00000      -  3357 82214s
 64893 45754  858.00000   69 3396          -  850.00000      -  3349 83585s
 65548 46252 1023.00000   94 2633          -  850.00000      -  3383 85035s
 66176 46717  856.22727   66 3468          -  850.00000      -  3423 86190s
 67432 47741  857.00000   67 3274          -  850.00000      -  3415 87641s
 68495 48553  863.00000   74 3372          -  850.00000      -  3424 88972s
 69817 49543 infeasible   63               -  850.00000      -  3414 90114s
 70269 49842  897.41860   70 3134          -  850.00000      -  3449 91360s
 71465 50841  866.84216   80 3166          -  850.00000      -  3449 92771s
 72536 51692  859.00000   74 2977          -  850.00000      -  3456 94002s
 73764 52744  856.00000   72 3062          -  850.00000      -  3442 95487s
 75005 53762  852.32685   56 3222          -  850.00000      -  3434 96659s
 76067 54626  856.56780   61 3418          -  850.00000      -  3443 97773s
 77149 55410  856.00000   68 2823          -  850.00000      -  3444 99130s
 77638 55722  863.63137   81 3177          -  850.00000      -  3476 100374s
 78422 56302  881.00000   95 3058          -  850.00000      -  3481 101860s
 79570 57195  870.00000   80 3244          -  850.00000      -  3479 103259s
 80615 57912  991.00000  101 2570          -  850.00000      -  3474 104369s
 81600 58666 1025.00000  220 2824          -  850.00000      -  3462 105596s
 82518 59374  850.00000   66 3328          -  850.00000      -  3475 106720s
 83278 59885  974.00000   78 2844          -  850.00000      -  3480 107848s
 84698 61060 infeasible   69               -  850.00000      -  3463 109098s
 85800 61969  860.00000   64 3109          -  850.00000      -  3465 110472s
 86994 62924 infeasible   79               -  850.00000      -  3464 112351s
 87992 63692  871.00000   79 3373          -  850.00000      -  3478 113659s
 88844 64338  858.89597   65 3248          -  850.00000      -  3495 114867s
 89789 65052 1022.00000  121 3023          -  850.00000      -  3504 115983s
 90798 65816 infeasible  171               -  850.00000      -  3508 117146s
 91697 66496  870.00000   70 3298          -  850.00000      -  3513 119202s
 93090 67619  960.00000   70 2906          -  850.00000      -  3504 120543s
 93950 68226  851.00000   68 3505          -  850.00000      -  3512 121907s
 95050 68970  924.00000   70 3407          -  850.00000      -  3520 123173s
 96113 69895  867.23660   77 3200          -  850.00000      -  3515 124409s
 97509 70997  858.00000   76 3510          -  850.00000      -  3493 125724s
 98975 72243  852.00000   69 3199          -  850.00000      -  3476 126659s
 99458 72594 1034.00000  103 2654          -  850.00000      -  3495 128018s
 100791 73797  865.02020   67 3173          -  850.00000      -  3483 129363s
 101888 74681 1021.00000   86 2908          -  850.00000      -  3482 130325s
 103235 75840  851.00000   67 3293          -  850.00000      -  3466 131231s
 104389 76775 1022.00000  108 3200          -  850.00000      -  3457 132222s
 105430 77533  861.00000   79 3231          -  850.00000      -  3455 133094s
 106352 78320  854.27731   77 3321          -  850.00000      -  3448 134255s
 107600 79404  876.00000   92 3245          -  850.00000      -  3433 135005s
 109094 80657  851.00000   71 3281          -  850.00000      -  3409 135816s
 109579 81026 infeasible   77               -  850.00000      -  3418 136939s
 110726 81938  853.00000   61 3515          -  850.00000      -  3408 138104s
 111323 82375  927.00000   78 2814          -  850.00000      -  3418 139263s
 112257 83094  927.00000  125 2634          -  850.00000      -  3417 140105s
 113349 83972  857.00000   67 3392          -  850.00000      -  3411 141105s
 114087 84548  860.00000   63 2945          -  850.00000      -  3417 141901s
 114832 85065  877.00000   70 2986          -  850.00000      -  3420 142854s
 115490 85557  921.00000   98 2610          -  850.00000      -  3424 143924s
 116436 86269  883.09417   71 3084          -  850.00000      -  3424 144794s
 117435 87082 infeasible  354               -  850.00000      -  3421 145688s
 118901 88210  957.00000   83 2772          -  850.00000      -  3400 146580s
 119583 88701  957.00000  181 2819          -  850.00000      -  3392 147614s
 120285 89284 infeasible  435               -  850.00000      -  3398 148392s
 120809 89668  855.00000   69 2872          -  850.00000      -  3407 149281s
 121449 90074  851.00000   60 3256          -  850.00000      -  3409 150464s
 122054 90525  860.00000   63 3257          -  850.00000      -  3420 151291s
 123592 91829  851.00000   61 3330          -  850.00000      -  3397 152346s
 124305 92363  861.16340   73 3360          -  850.00000      -  3399 153186s
 125245 93116 1021.00000  207 2518          -  850.00000      -  3397 154083s
 126018 93650  861.34397   69 3211          -  850.00000      -  3399 154826s
 126538 94071 infeasible   77               -  850.00000      -  3407 155976s
 127621 94969  864.00000   62 3204          -  850.00000      -  3398 157473s
 128609 95647  850.20841   64 3264          -  850.00000      -  3391 158257s
 129075 95975  860.42565   68 3313          -  850.00000      -  3400 159132s
 130246 96972  931.00000  328 2589          -  850.00000      -  3390 160134s
 131117 97679  873.00000   70 3267          -  850.00000      -  3390 160949s
 132099 98380  972.00000   79 3157          -  850.00000      -  3386 161849s
 132586 98731  854.00000   66 3345          -  850.00000      -  3396 163122s
 133263 99233 infeasible   78               -  850.00000      -  3397 164788s
 134783 100491  939.48509   73 3018          -  850.00000      -  3380 165689s
 135867 101390 1025.00000  277 2783          -  850.00015      -  3372 166651s
 136580 101969 infeasible   74               -  851.00000      -  3373 167725s
 137262 102487  964.00000  199 2944          -  851.00000      -  3372 168942s
 139035 103921 1043.00000   79 2855          -  851.00000      -  3350 170001s
 140683 105183  862.00000   76 3105          -  851.00000      -  3336 171031s
 142216 106317 1044.00000  193 2546          -  851.00000      -  3320 171859s
 142942 106879  854.00000   65 3393          -  851.00000      -  3326 172706s
 143806 107575  896.00000   76 3109          -  851.00000      -  3328 173464s
 145070 108608  964.24490   67 2962          -  851.00000      -  3317 174265s
 145888 109209 1021.00000   86 2804          -  851.00000      -  3320 175039s
 147013 110008 1044.00000  119 2634          -  851.00000      -  3315 175911s
 148412 111107  859.00000   72 3024          -  851.00000      -  3301 177002s
 148660 111271 1042.00000   96 2407          -  851.00000      -  3305 177709s
 150642 112965  966.00000  163 2899          -  851.00000      -  3277 178373s

Interrupt request received
 152151 114191 1006.00000  129 2595          -  851.00000      -  3260 178381s

Cutting planes:
  Implied bound: 15
  Clique: 99
  MIR: 45
  StrongCG: 9
  Flow cover: 85
  GUB cover: 216
  Inf proof: 5
  Zero half: 8

Explored 152185 nodes (496132914 simplex iterations) in 178381.80 seconds
Thread count was 16 (of 16 available processors)

Solution count 0

Solve interrupted
Best objective -, best bound 8.510000000000e+02, gap -

Unable to retrieve attribute 'X'

