there are 20 jobs and 15 machines.
15 20
Fernando formulation selected
Academic license - for non-commercial use only
Number of variables: 191686
restriction inicio_maquina added
restriction fluxo_maquina added
2 0
6 1
6 2
9 3
11 4
8 5
13 6
5 7
13 8
12 9
10 10
0 11
12 12
8 13
9 14
9 15
3 16
12 17
5 18
9 19
restriction inicio_espera added
restriction fluxo_espera added
ultimo_tempo constraints created
makespan constraints created
Optimize a model with 101195 rows, 191686 columns and 565575 nonzeros
Coefficient statistics:
  Matrix range     [1e+00, 7e+02]
  Objective range  [1e+00, 1e+00]
  Bounds range     [1e+00, 1e+00]
  RHS range        [1e+00, 1e+00]

Concurrent LP optimizer: dual simplex and barrier
Showing barrier log only...

Presolve removed 7417 rows and 7429 columns
Presolve time: 1.37s
Presolved: 93778 rows, 184257 columns, 551687 nonzeros

Elapsed ordering time = 5s
Elapsed ordering time = 5s
Elapsed ordering time = 8s
Elapsed ordering time = 10s
Elapsed ordering time = 10s
Ordering time: 12.17s

Barrier statistics:
 AA' NZ     : 6.221e+05
 Factor NZ  : 6.635e+07 (roughly 600 MBytes of memory)
 Factor Ops : 3.180e+11 (roughly 13 seconds per iteration)
 Threads    : 1

                  Objective                Residual
Iter       Primal          Dual         Primal    Dual     Compl     Time
   0   4.93503961e+03 -3.16538000e+04  2.67e+04 0.00e+00  1.09e+01    34s
   1   6.58115969e+02 -2.69878853e+04  1.16e+03 1.76e-15  5.52e-01    55s
   2   6.04071397e+02 -1.38933379e+04  1.93e+02 2.14e-14  1.11e-01    80s
   3   6.48262972e+02 -4.96165015e+03  4.92e+01 5.56e-14  2.91e-02   103s
   4   6.33587343e+02 -1.68023514e+03  3.02e+01 3.87e-14  1.33e-02   124s
   5   6.18006715e+02 -8.10117509e+02  2.02e+01 4.71e-14  8.23e-03   145s
   6   6.08566718e+02 -3.23007314e+02  1.53e+01 4.03e-14  5.61e-03   170s
   7   5.75835596e+02  3.13020704e+02  2.82e+00 6.70e-14  1.21e-03   193s
   8   5.64446258e+02  4.18977680e+02  1.53e+00 8.87e-14  6.27e-04   219s
   9   5.48330589e+02  4.83435756e+02  4.20e-01 1.01e-13  2.33e-04   246s
  10   5.42410508e+02  5.14897018e+02  1.74e-01 1.06e-13  9.58e-05   274s
  11   5.39593021e+02  5.26049793e+02  9.91e-02 1.33e-13  4.81e-05   301s
  12   5.38184034e+02  5.29351014e+02  6.35e-02 1.83e-13  3.12e-05   324s
  13   5.37181828e+02  5.32437727e+02  3.49e-02 1.66e-13  1.69e-05   345s
  14   5.36515823e+02  5.33683465e+02  1.92e-02 2.36e-13  9.95e-06   366s
  15   5.36135045e+02  5.34409632e+02  1.03e-02 1.89e-13  5.90e-06   388s
  16   5.35946905e+02  5.34957241e+02  6.39e-03 1.82e-13  3.45e-06   412s
  17   5.35804789e+02  5.35182746e+02  3.04e-03 2.01e-13  2.06e-06   436s
  18   5.35723865e+02  5.35312403e+02  1.59e-03 2.09e-13  1.31e-06   455s
  19   5.35673437e+02  5.35440873e+02  8.99e-04 1.84e-13  7.41e-07   475s
  20   5.35635108e+02  5.35520027e+02  4.13e-04 2.00e-13  3.63e-07   503s
  21   5.35616222e+02  5.35554828e+02  2.07e-04 1.91e-13  1.92e-07   526s
  22   5.35603369e+02  5.35572113e+02  7.73e-05 2.07e-13  9.45e-08   553s
  23   5.35599120e+02  5.35584281e+02  4.05e-05 1.68e-13  4.54e-08   579s
  24   5.35596709e+02  5.35588126e+02  2.14e-05 1.93e-13  2.60e-08   603s
  25   5.35595537e+02  5.35590788e+02  1.30e-05 1.79e-13  1.45e-08   627s
  26   5.35594529e+02  5.35592691e+02  5.53e-06 1.82e-13  5.69e-09   651s
  27   5.35593826e+02  5.35593610e+02  6.27e-07 1.90e-13  6.64e-10   679s
  28   5.35593759e+02  5.35593674e+02  3.02e-07 2.10e-13  2.56e-10   702s
  29   5.35593731e+02  5.35593693e+02  1.21e-07 2.11e-13  1.10e-10   725s
  30   5.35593719e+02  5.35593705e+02  6.31e-08 1.77e-13  4.52e-11   751s
  31   5.35593710e+02  5.35593708e+02  5.78e-09 2.11e-13  5.15e-12   778s

Barrier solved model in 31 iterations and 778.09 seconds
Optimal objective 5.35593710e+02

Crossover log...

   45009 DPushes remaining with DInf 4.6817884e+01               780s
   19304 DPushes remaining with DInf 3.6023544e+01               788s
    8023 DPushes remaining with DInf 4.7521459e+01               793s
    3232 DPushes remaining with DInf 5.3998189e+01               797s
     484 DPushes remaining with DInf 3.6066741e+07               801s
     285 DPushes remaining with DInf 2.9791027e+04               806s
      75 DPushes remaining with DInf 4.0115473e+04               811s
       0 DPushes remaining with DInf 0.0000000e+00               814s

   19594 PPushes remaining with PInf 6.5343326e-03               814s
   19267 PPushes remaining with PInf 3.4736527e-02               816s
   12453 PPushes remaining with PInf 1.0898748e-01               821s
    5299 PPushes remaining with PInf 9.0297288e-02               826s
    1330 PPushes remaining with PInf 2.9604858e-02               830s
     176 PPushes remaining with PInf 7.0439852e-02               836s
       0 PPushes remaining with PInf 8.2134325e-02               838s

  Push phase complete: Pinf 8.2134325e-02, Dinf 8.9455759e+04    838s

Iteration    Objective       Primal Inf.    Dual Inf.      Time
   64605    5.3559371e+02   0.000000e+00   8.945576e+04    838s
   64778    5.3559363e+02   0.000000e+00   2.711378e+05    842s
   64951    5.3559361e+02   0.000000e+00   4.087931e+04    846s
   65081    5.3559360e+02   0.000000e+00   2.370857e+05    850s
   65351    5.3559355e+02   0.000000e+00   2.662476e+05    859s
   65501    5.3559352e+02   0.000000e+00   9.773855e+04    864s
   65641    5.3559350e+02   0.000000e+00   1.638095e+05    869s
   65781    5.3559348e+02   0.000000e+00   5.926511e+04    873s
   65921    5.3559347e+02   0.000000e+00   8.165681e+04    878s
   66051    5.3559345e+02   0.000000e+00   2.904534e+05    883s
   66224    5.3559344e+02   0.000000e+00   3.748100e+04    889s
   66397    5.3559343e+02   0.000000e+00   1.530494e+04    895s
   66547    5.3559342e+02   0.000000e+00   4.100590e+04    900s
   66707    5.3559338e+02   0.000000e+00   1.053005e+05    905s
   66880    5.3559335e+02   0.000000e+00   1.509135e+05    911s
   67020    5.3559334e+02   0.000000e+00   4.163696e+04    916s
   67270    5.3559331e+02   0.000000e+00   1.856385e+04    925s
   67470    5.3559329e+02   0.000000e+00   3.978866e+04    932s
   67580    5.3559328e+02   0.000000e+00   1.175135e+05    936s
   67760    5.3559326e+02   0.000000e+00   2.173026e+05    941s
   67910    5.3559324e+02   0.000000e+00   1.050509e+05    947s
   68060    5.3559323e+02   0.000000e+00   1.373417e+04    952s
   68200    5.3559321e+02   0.000000e+00   5.707619e+04    956s
   68430    5.3559319e+02   0.000000e+00   1.220739e+04    963s
   68600    5.3559318e+02   0.000000e+00   1.050605e+04    969s
   68770    5.3559317e+02   0.000000e+00   9.402732e+03    973s
   68880    5.3559316e+02   0.000000e+00   3.055720e+04    976s
   69130    5.3559315e+02   0.000000e+00   5.624074e+04    983s
   69270    5.3559314e+02   0.000000e+00   2.630932e+03    988s
   69510    5.3559313e+02   0.000000e+00   7.783478e+04    995s
   69630    5.3559312e+02   0.000000e+00   2.669790e+03    998s
   69760    5.3559311e+02   0.000000e+00   2.290704e+04   1001s
   69980    5.3559310e+02   0.000000e+00   1.982079e+04   1008s
   70090    5.3559310e+02   0.000000e+00   5.165898e+03   1012s
   70230    5.3559309e+02   0.000000e+00   2.322673e+04   1017s
   70403    5.3559308e+02   0.000000e+00   1.270510e+04   1022s
   70533    5.3559307e+02   0.000000e+00   2.134745e+03   1026s
   70743    5.3559306e+02   0.000000e+00   4.168282e+05   1032s
   70893    5.3559306e+02   0.000000e+00   3.035436e+04   1037s
   71063    5.3559305e+02   0.000000e+00   1.763809e+04   1042s
   71243    5.3559305e+02   0.000000e+00   3.075311e+05   1047s
   71393    5.3559304e+02   0.000000e+00   1.646521e+04   1051s
   71613    5.3559303e+02   0.000000e+00   5.426537e+03   1057s
   71883    5.3559302e+02   0.000000e+00   9.401738e+03   1065s
   72023    5.3559302e+02   0.000000e+00   7.210114e+03   1070s
   72133    5.3559301e+02   0.000000e+00   9.584689e+03   1073s
   72293    5.3559301e+02   0.000000e+00   1.255975e+04   1078s
   72466    5.3559300e+02   0.000000e+00   5.279108e+03   1084s
   72606    5.3559300e+02   0.000000e+00   1.337399e+03   1088s
   72776    5.3559300e+02   0.000000e+00   3.856282e+03   1094s
   72949    5.3559299e+02   0.000000e+00   1.288023e+03   1099s
   73122    5.3559299e+02   0.000000e+00   3.585472e+04   1104s
   73272    5.3559299e+02   0.000000e+00   3.071426e+03   1109s
   73382    5.3559298e+02   0.000000e+00   3.242570e+03   1112s
   73542    5.3559298e+02   0.000000e+00   2.265369e+04   1119s
   73702    5.3559298e+02   0.000000e+00   4.958006e+03   1124s
   73842    5.3559297e+02   0.000000e+00   4.186412e+03   1129s
   73982    5.3559297e+02   0.000000e+00   1.497128e+04   1133s
   74102    5.3559297e+02   0.000000e+00   3.389207e+03   1137s
   74352    5.3559296e+02   0.000000e+00   2.133692e+04   1144s
   74462    5.3559296e+02   0.000000e+00   3.672499e+03   1148s
   74562    5.3559296e+02   0.000000e+00   1.852896e+03   1151s
   74722    5.3559296e+02   0.000000e+00   2.139466e+03   1155s
   75035    5.3559295e+02   0.000000e+00   1.506793e+04   1164s
   75135    5.3559295e+02   0.000000e+00   1.417633e+04   1167s
   75315    5.3559295e+02   0.000000e+00   7.807377e+02   1172s
   75465    5.3559295e+02   0.000000e+00   7.178003e+02   1178s
   75675    5.3559294e+02   0.000000e+00   4.801077e+03   1185s
   75785    5.3559294e+02   0.000000e+00   8.868352e+02   1188s
   75955    5.3559294e+02   0.000000e+00   5.702135e+03   1194s
   76115    5.3559294e+02   0.000000e+00   6.126091e+03   1199s
   76275    5.3559293e+02   0.000000e+00   2.768179e+04   1204s
   76425    5.3559293e+02   0.000000e+00   2.253122e+03   1209s
   76575    5.3559293e+02   0.000000e+00   7.375346e+03   1213s
   76805    5.3559293e+02   0.000000e+00   4.274680e+03   1220s
   77095    5.3559293e+02   0.000000e+00   2.376684e+03   1226s
   77285    5.3559292e+02   0.000000e+00   2.099566e+03   1232s
   77545    5.3559292e+02   0.000000e+00   5.947099e+03   1239s
   77718    5.3559292e+02   0.000000e+00   1.424852e+03   1243s
   77868    5.3559292e+02   0.000000e+00   2.016589e+03   1246s
   78098    5.3559292e+02   0.000000e+00   4.187955e+03   1252s
   78198    5.3559291e+02   0.000000e+00   6.970356e+02   1255s
   78558    5.3559291e+02   0.000000e+00   1.367806e+03   1264s
   78678    5.3559291e+02   0.000000e+00   2.372955e+02   1267s
   78958    5.3559291e+02   0.000000e+00   9.437389e+02   1274s
   79128    5.3559291e+02   0.000000e+00   1.845290e+03   1279s
   79288    5.3559290e+02   0.000000e+00   8.806324e+01   1283s
   79428    5.3559290e+02   0.000000e+00   6.450191e+01   1286s
   79648    5.3559290e+02   0.000000e+00   2.526044e+01   1292s
   79994    5.3559290e+02   0.000000e+00   4.990759e+01   1298s
   80167    5.3559290e+02   0.000000e+00   6.717664e+01   1301s
   80417    5.3559290e+02   0.000000e+00   5.462330e+01   1306s
   80637    5.3559290e+02   0.000000e+00   1.999695e+03   1311s
   80917    5.3559290e+02   0.000000e+00   5.465470e+01   1318s
   81187    5.3559289e+02   0.000000e+00   1.791396e+02   1322s
   81360    5.3559289e+02   0.000000e+00   4.171674e+02   1326s
   81660    5.3559289e+02   0.000000e+00   3.333499e+02   1332s
   81900    5.3559289e+02   0.000000e+00   1.226923e+01   1337s
   82246    5.3559289e+02   0.000000e+00   1.905999e+01   1342s
   82526    5.3559288e+02   0.000000e+00   9.330341e+00   1347s
   82766    5.3559288e+02   0.000000e+00   1.162671e+00   1352s
   83046    5.3559288e+02   0.000000e+00   2.546614e+00   1359s
   83226    5.3559288e+02   0.000000e+00   3.551569e-01   1363s
   83326    5.3559288e+02   0.000000e+00   1.060277e-01   1366s
   83536    5.3559288e+02   0.000000e+00   3.298534e-01   1370s
   83809    5.3559288e+02   0.000000e+00   1.088437e-02   1375s
   84074    5.3559371e+02   1.468253e+02   0.000000e+00   1384s
   84194    5.3559372e+02   1.115169e+02   0.000000e+00   1389s
   84304    5.3559372e+02   1.822445e+02   0.000000e+00   1393s
   84414    5.3559372e+02   2.960773e+02   0.000000e+00   1398s
   84514    5.3559372e+02   2.972117e+02   0.000000e+00   1402s
   84614    5.3559373e+02   1.043751e+02   0.000000e+00   1406s
   84714    5.3559373e+02   3.933916e+01   0.000000e+00   1410s
   84914    5.3559374e+02   4.238698e+02   0.000000e+00   1418s
   85024    5.3559374e+02   2.146962e+01   0.000000e+00   1423s
   85174    5.3559375e+02   2.873973e+01   0.000000e+00   1429s
   85324    5.3559375e+02   2.196084e+01   0.000000e+00   1438s
   85444    5.3559375e+02   5.076611e+01   0.000000e+00   1442s
   85564    5.3559376e+02   5.204401e+02   0.000000e+00   1448s
   85664    5.3559376e+02   1.888649e+02   0.000000e+00   1452s
   85814    5.3559377e+02   6.142766e+01   0.000000e+00   1457s
   85974    5.3559377e+02   5.093568e+01   0.000000e+00   1463s
   86124    5.3559378e+02   4.206697e+01   0.000000e+00   1469s
   86244    5.3559378e+02   2.906389e+01   0.000000e+00   1473s
   86344    5.3559378e+02   1.067613e+01   0.000000e+00   1477s
   86444    5.3559378e+02   2.565495e+01   0.000000e+00   1481s
   86544    5.3559378e+02   1.255928e+01   0.000000e+00   1486s
   86644    5.3559378e+02   2.296671e+01   0.000000e+00   1490s
   86844    5.3559379e+02   9.264258e+01   0.000000e+00   1499s
   86944    5.3559379e+02   2.809005e+01   0.000000e+00   1504s
   87044    5.3559379e+02   2.496297e+01   0.000000e+00   1509s
   87144    5.3559379e+02   7.734732e+00   0.000000e+00   1514s
   87244    5.3559379e+02   2.630158e+01   0.000000e+00   1519s
   87344    5.3559379e+02   4.541455e+00   0.000000e+00   1522s
   87444    5.3559379e+02   1.270613e+00   0.000000e+00   1526s
   87644    5.3559379e+02   8.246905e-02   0.000000e+00   1533s
   87744    5.3559379e+02   1.162230e-01   0.000000e+00   1537s
   87971    5.3559375e+02   0.000000e+00   3.877355e+02   1543s
   88141    5.3559375e+02   0.000000e+00   6.783102e+00   1546s
   88431    5.3559374e+02   0.000000e+00   4.483390e+01   1550s
   88777    5.3559374e+02   0.000000e+00   6.067710e+01   1556s
   89095    5.3559374e+02   0.000000e+00   2.028491e+02   1561s
   89305    5.3559374e+02   0.000000e+00   9.427398e+03   1566s
   89545    5.3559374e+02   0.000000e+00   4.944887e+02   1570s
   89905    5.3559373e+02   0.000000e+00   2.985729e+01   1576s
   90155    5.3559373e+02   0.000000e+00   1.949149e+01   1580s
   90555    5.3559373e+02   0.000000e+00   4.353600e+01   1586s
   90765    5.3559373e+02   0.000000e+00   1.319021e+02   1590s
   91085    5.3559373e+02   0.000000e+00   3.875588e+02   1596s
   91398    5.3559372e+02   0.000000e+00   8.464693e+01   1601s
   91731    5.3559372e+02   0.000000e+00   4.446542e+02   1607s
   91991    5.3559372e+02   0.000000e+00   8.158380e+01   1611s
   92231    5.3559372e+02   0.000000e+00   7.192290e+00   1616s
   92621    5.3559372e+02   0.000000e+00   9.449076e+00   1622s
   92871    5.3559372e+02   0.000000e+00   1.593249e+01   1626s
   93141    5.3559372e+02   0.000000e+00   3.080134e+00   1632s
   93411    5.3559372e+02   0.000000e+00   8.186904e+00   1636s
   93724    5.3559372e+02   0.000000e+00   1.698250e+02   1641s
   94070    5.3559372e+02   0.000000e+00   2.964749e+00   1647s
   94200    5.3559372e+02   0.000000e+00   6.780106e+02   1650s
   94430    5.3559372e+02   0.000000e+00   1.103671e+03   1655s
   94800    5.3559372e+02   0.000000e+00   2.705482e+02   1662s
   95070    5.3559371e+02   0.000000e+00   1.209538e+01   1667s
   95310    5.3559371e+02   0.000000e+00   2.214699e+02   1671s
   95560    5.3559371e+02   0.000000e+00   9.295930e+01   1676s
   95990    5.3559371e+02   0.000000e+00   4.149336e+00   1682s
   96336    5.3559371e+02   0.000000e+00   4.490881e+00   1688s
   96496    5.3559371e+02   0.000000e+00   2.888999e+00   1690s
   96896    5.3559371e+02   0.000000e+00   1.514684e+00   1697s
   97166    5.3559371e+02   0.000000e+00   1.345572e+02   1700s
   97566    5.3559371e+02   0.000000e+00   3.952807e+00   1706s
   97986    5.3559371e+02   0.000000e+00   1.306230e+01   1711s
   98386    5.3559371e+02   0.000000e+00   7.444114e+00   1717s
   98646    5.3559371e+02   0.000000e+00   7.270293e-02   1721s
   99165    5.3559371e+02   0.000000e+00   8.594489e-01   1727s
   99450    5.3559371e+02   0.000000e+00   0.000000e+00   1733s
   99450    5.3559371e+02   0.000000e+00   0.000000e+00   1733s

Solved with barrier
Solved in 99450 iterations and 1733.13 seconds
Optimal objective  5.355937084e+02
