there are 20 jobs and 15 machines.
15 20
Academic license - for non-commercial use only
Number of variables: 181361
variáveis criadas. Tempo: 0.09375
initial flow constraints ok
final flow constraints ok
flow constraints created
processing constraints created
end constraints created
Optimize a model with 100649 rows, 181361 columns and 2584784 nonzeros
Coefficient statistics:
  Matrix range     [1e+00, 7e+02]
  Objective range  [1e+00, 1e+00]
  Bounds range     [1e+00, 7e+02]
  RHS range        [1e+00, 1e+00]

Concurrent LP optimizer: dual simplex and barrier
Showing barrier log only...

Presolve removed 5955 rows and 5917 columns
Presolve time: 2.31s
Presolved: 94694 rows, 175444 columns, 2567274 nonzeros

Elapsed ordering time = 5s
Elapsed ordering time = 10s
Elapsed ordering time = 15s
Elapsed ordering time = 20s
Ordering time: 24.07s

Barrier statistics:
 AA' NZ     : 4.661e+06
 Factor NZ  : 7.305e+07 (roughly 700 MBytes of memory)
 Factor Ops : 3.000e+11 (roughly 16 seconds per iteration)
 Threads    : 1

                  Objective                Residual
Iter       Primal          Dual         Primal    Dual     Compl     Time
   0   1.87386407e+03 -1.01543921e+06  1.57e+04 9.73e-02  2.37e+02    50s
   1   7.61508234e+02 -1.02936641e+06  8.71e+02 1.13e-01  1.61e+01    76s
   2   6.96962027e+02 -6.03771908e+05  2.30e+02 2.43e-12  4.63e+00   101s
   3   6.77649181e+02 -2.45241802e+05  6.04e+01 1.83e-12  1.35e+00   131s
   4   6.72482297e+02 -8.28060230e+04  1.54e+01 2.31e-12  3.79e-01   160s
   5   6.71242572e+02 -5.74734028e+04  6.46e+00 1.57e-12  2.17e-01   185s
   6   6.70608011e+02 -3.31045002e+04  2.85e+00 1.02e-12  1.13e-01   212s
   7   6.69986216e+02 -1.49691008e+04  1.07e+00 7.17e-13  4.86e-02   236s
   8   6.59204065e+02 -5.28101507e+03  1.28e-01 5.14e-13  1.68e-02   263s
   9   6.44066148e+02 -7.31681901e+02  2.71e-02 2.76e-13  3.84e-03   295s
  10   6.33713872e+02 -8.21383121e+01  1.66e-02 1.34e-13  1.99e-03   318s
  11   6.12896108e+02  2.60053854e+02  8.75e-03 7.19e-14  9.81e-04   344s
  12   5.69855432e+02  4.70130963e+02  6.45e-04 3.82e-14  2.77e-04   378s
  13   5.53994498e+02  5.03404533e+02  2.85e-04 2.91e-14  1.40e-04   407s
  14   5.40767316e+02  5.27671338e+02  3.82e-05 2.15e-14  3.63e-05   439s
  15   5.38460218e+02  5.30969035e+02  1.99e-05 2.29e-14  2.08e-05   464s
  16   5.36756081e+02  5.33695021e+02  5.64e-06 2.02e-14  8.49e-06   491s
  17   5.36286796e+02  5.34468278e+02  3.17e-06 3.20e-14  5.04e-06   517s
  18   5.35991626e+02  5.34899648e+02  1.56e-06 4.05e-14  3.03e-06   542s
  19   5.35793434e+02  5.35150805e+02  6.42e-07 4.88e-14  1.78e-06   576s
  20   5.35674300e+02  5.35374963e+02  1.79e-07 4.21e-14  8.30e-07   607s
  21   5.35630106e+02  5.35505788e+02  6.32e-08 3.57e-14  3.45e-07   635s
  22   5.35608476e+02  5.35558584e+02  1.99e-08 5.93e-14  1.38e-07   662s
  23   5.35602071e+02  5.35573914e+02  9.15e-09 1.19e-13  7.81e-08   687s
  24   5.35599195e+02  5.35581733e+02  5.12e-09 9.77e-14  4.84e-08   712s
  25   5.35596692e+02  5.35585978e+02  2.26e-09 7.72e-14  2.97e-08   739s
  26   5.35595872e+02  5.35587710e+02  1.62e-09 7.55e-14  2.26e-08   767s
  27   5.35595201e+02  5.35590268e+02  1.13e-09 1.20e-13  1.37e-08   792s
  28   5.35594208e+02  5.35592221e+02  1.13e-09 8.88e-14  5.51e-09   816s
  29   5.35593928e+02  5.35593245e+02  6.46e-10 9.40e-14  1.90e-09   839s
  30   5.35593744e+02  5.35593647e+02  2.19e-08 1.17e-13  2.68e-10   868s
  31   5.35593724e+02  5.35593680e+02  9.58e-09 6.49e-14  1.22e-10   890s
  32   5.35593719e+02  5.35593690e+02  1.42e-08 9.60e-14  8.40e-11   912s
  33   5.35593716e+02  5.35593699e+02  7.22e-09 8.51e-14  4.88e-11   935s
  34   5.35593712e+02  5.35593705e+02  3.26e-09 1.12e-13  2.11e-11   957s
  35   5.35593710e+02  5.35593707e+02  3.55e-09 1.23e-13  7.89e-12   979s

Barrier solved model in 35 iterations and 979.40 seconds
Optimal objective 5.35593710e+02

Crossover log...

   49373 variables added to crossover basis                      980s

   44947 DPushes remaining with DInf 7.4757308e+01               980s
   18979 DPushes remaining with DInf 5.3407190e+01               988s
    7883 DPushes remaining with DInf 4.4261394e+01               992s
    1229 DPushes remaining with DInf 3.0076845e+01               996s
      75 DPushes remaining with DInf 1.5173873e+05              1000s
       0 DPushes remaining with DInf 0.0000000e+00              1001s

   19470 PPushes remaining with PInf 4.9867576e-03              1001s
    9744 PPushes remaining with PInf 2.6564418e-01              1006s
    2581 PPushes remaining with PInf 2.1402101e-01              1012s
     520 PPushes remaining with PInf 1.0902798e-01              1015s
       0 PPushes remaining with PInf 2.4605883e-02              1016s

  Push phase complete: Pinf 2.4605883e-02, Dinf 1.6333430e+05   1017s

Iteration    Objective       Primal Inf.    Dual Inf.      Time
   64372    5.3559372e+02   0.000000e+00   1.633343e+05   1017s
   64720    5.3559368e+02   0.000000e+00   1.514288e+04   1021s
   65208    5.3559365e+02   0.000000e+00   4.971433e+05   1027s
   65518    5.3559363e+02   0.000000e+00   2.409614e+03   1032s
   65852    5.3559361e+02   0.000000e+00   6.377431e+03   1037s
   66152    5.3559360e+02   0.000000e+00   6.564983e+03   1042s
   66472    5.3559359e+02   0.000000e+00   1.768502e+03   1047s
   66820    5.3559358e+02   0.000000e+00   2.648541e+03   1052s
   67164    5.3559357e+02   0.000000e+00   8.249640e+03   1056s
   67508    5.3559357e+02   0.000000e+00   1.140408e+05   1061s
   67842    5.3559356e+02   0.000000e+00   1.032771e+03   1066s
   68176    5.3559356e+02   0.000000e+00   1.087902e+04   1071s
   68524    5.3559355e+02   0.000000e+00   3.358458e+03   1076s
   68864    5.3559355e+02   0.000000e+00   5.122135e+03   1080s
   69184    5.3559354e+02   0.000000e+00   1.703540e+03   1085s
   69504    5.3559354e+02   0.000000e+00   1.353058e+05   1091s
   69818    5.3559353e+02   0.000000e+00   1.765727e+02   1095s
   70336    5.3559352e+02   0.000000e+00   4.695441e+02   1102s
   70660    5.3559352e+02   0.000000e+00   2.066902e+03   1107s
   71004    5.3559351e+02   0.000000e+00   4.352435e+03   1112s
   71352    5.3559351e+02   0.000000e+00   6.664540e+01   1116s
   71700    5.3559351e+02   0.000000e+00   4.830835e+03   1120s
   72218    5.3559350e+02   0.000000e+00   6.127478e+02   1127s
   72566    5.3559350e+02   0.000000e+00   3.413336e+02   1132s
   72914    5.3559350e+02   0.000000e+00   4.562128e+03   1136s
   73262    5.3559350e+02   0.000000e+00   9.859543e+02   1141s
   73610    5.3559350e+02   0.000000e+00   5.686751e+05   1145s
   74132    5.3559349e+02   0.000000e+00   6.386936e+01   1152s
   74480    5.3559349e+02   0.000000e+00   1.168971e+01   1157s
   74828    5.3559349e+02   0.000000e+00   6.311233e+00   1162s
   75176    5.3559349e+02   0.000000e+00   1.157312e+01   1167s
   75524    5.3559349e+02   0.000000e+00   3.255732e+00   1171s
   76046    5.3559349e+02   0.000000e+00   1.685589e+00   1176s
   76568    5.3559349e+02   0.000000e+00   2.539200e+00   1181s
Extra one simplex iteration after uncrush
   76957    5.3559371e+02   0.000000e+00   0.000000e+00   1188s

Solved with barrier
Solved in 76957 iterations and 1188.32 seconds
Optimal objective  5.355937084e+02
