there are 20 jobs and 15 machines.
15 20
Academic license - for non-commercial use only
Number of variables: 171761
variáveis criadas. Tempo: 0.078125
initial flow constraints ok
final flow constraints ok
flow constraints created
processing constraints created
end constraints created
Optimize a model with 95852 rows, 171761 columns and 2493360 nonzeros
Coefficient statistics:
  Matrix range     [1e+00, 7e+02]
  Objective range  [1e+00, 1e+00]
  Bounds range     [1e+00, 7e+02]
  RHS range        [1e+00, 1e+00]

Concurrent LP optimizer: dual simplex and barrier
Showing barrier log only...

Presolve removed 5655 rows and 5614 columns
Presolve time: 1.72s
Presolved: 90197 rows, 166147 columns, 2476785 nonzeros

Elapsed ordering time = 5s
Elapsed ordering time = 10s
Elapsed ordering time = 13s
Elapsed ordering time = 15s
Elapsed ordering time = 20s
Ordering time: 20.05s

Barrier statistics:
 AA' NZ     : 4.532e+06
 Factor NZ  : 7.364e+07 (roughly 700 MBytes of memory)
 Factor Ops : 3.227e+11 (roughly 16 seconds per iteration)
 Threads    : 1

                  Objective                Residual
Iter       Primal          Dual         Primal    Dual     Compl     Time
   0   1.72536238e+03 -9.41789327e+05  1.23e+04 8.97e-02  2.09e+02    43s
   1   7.80417650e+02 -9.45336532e+05  8.65e+02 9.95e-02  1.74e+01    63s
   2   6.78385684e+02 -6.35982327e+05  9.50e+01 4.44e-12  3.30e+00    84s
   3   6.69938404e+02 -2.44037355e+05  3.06e+01 3.45e-12  1.11e+00   105s
   4   6.67484929e+02 -1.27745877e+05  1.21e+01 3.18e-12  5.12e-01   125s
   5   6.66296218e+02 -5.09385270e+04  4.60e+00 1.92e-12  1.92e-01   145s
   6   6.64966980e+02 -1.45603923e+04  1.34e+00 1.47e-12  5.29e-02   166s
   7   6.56732666e+02 -8.79326570e+03  8.06e-01 7.96e-13  3.14e-02   186s
   8   6.47788984e+02 -3.33010081e+03  7.75e-02 5.68e-13  1.19e-02   208s
   9   6.26245894e+02 -4.69259584e+02  1.22e-02 2.87e-13  3.21e-03   229s
  10   6.12971015e+02 -8.69790559e+01  8.09e-03 1.66e-13  2.05e-03   248s
  11   5.97924045e+02  1.17221871e+02  5.95e-03 9.47e-14  1.41e-03   268s
  12   5.80659260e+02  2.86031193e+02  3.08e-03 7.60e-14  8.62e-04   288s
  13   5.70317232e+02  3.72075581e+02  1.98e-03 6.00e-14  5.80e-04   307s
  14   5.42455184e+02  4.92183390e+02  2.89e-04 5.96e-14  1.47e-04   331s
  15   5.34620220e+02  5.05894552e+02  1.32e-04 7.27e-14  8.40e-05   352s
  16   5.29073754e+02  5.12517035e+02  5.64e-05 6.43e-14  4.84e-05   373s
  17   5.26162117e+02  5.16993385e+02  2.69e-05 5.63e-14  2.68e-05   394s
  18   5.23887753e+02  5.21049803e+02  7.45e-06 7.06e-14  8.30e-06   418s
  19   5.23300034e+02  5.21888524e+02  3.80e-06 6.29e-14  4.13e-06   439s
  20   5.22793269e+02  5.22353114e+02  9.87e-07 4.46e-14  1.29e-06   461s
  21   5.22578427e+02  5.22529428e+02  6.11e-08 4.92e-14  1.43e-07   484s
  22   5.22555185e+02  5.22542846e+02  1.04e-08 6.13e-14  3.61e-08   506s
  23   5.22551149e+02  5.22546280e+02  3.59e-09 6.83e-14  1.42e-08   527s
  24   5.22549649e+02  5.22547333e+02  1.43e-09 6.22e-14  6.77e-09   547s
  25   5.22548755e+02  5.22548030e+02  4.16e-10 6.52e-14  2.12e-09   567s
  26   5.22548476e+02  5.22548187e+02  3.08e-09 5.19e-14  8.45e-10   588s
  27   5.22548315e+02  5.22548244e+02  1.34e-09 6.40e-14  2.07e-10   609s
  28   5.22548287e+02  5.22548261e+02  1.22e-09 7.19e-14  7.78e-11   630s
  29   5.22548271e+02  5.22548266e+02  2.07e-09 4.76e-14  1.55e-11   652s

Barrier solved model in 29 iterations and 652.42 seconds
Optimal objective 5.22548271e+02

Crossover log...

   39898 variables added to crossover basis                      655s
   41238 variables added to crossover basis                      660s

   48663 DPushes remaining with DInf 1.3046512e+01               662s
   21105 DPushes remaining with DInf 6.3809785e+00               687s
    8897 DPushes remaining with DInf 3.9930687e+00               703s
    3610 DPushes remaining with DInf 2.7739286e+00               712s
    1456 DPushes remaining with DInf 8.0309577e+03               716s
     273 DPushes remaining with DInf 1.2409411e+03               720s
       0 DPushes remaining with DInf 6.8614337e+03               725s

    8197 PPushes remaining with PInf 7.0986785e-04               725s
    8196 PPushes remaining with PInf 7.0984950e-04               726s
       0 PPushes remaining with PInf 2.6212457e-02               745s

  Push phase complete: Pinf 2.6212457e-02, Dinf 1.5411502e+03    745s

Iteration    Objective       Primal Inf.    Dual Inf.      Time
   56853    5.2254827e+02   0.000000e+00   1.541150e+03    746s
   57353    5.2254825e+02   0.000000e+00   4.080611e+03    753s
   57623    5.2254825e+02   0.000000e+00   4.164795e+03    757s
   57903    5.2254825e+02   0.000000e+00   2.225601e+03    761s
   58103    5.2254824e+02   0.000000e+00   5.314132e+04    765s
   58473    5.2254822e+02   0.000000e+00   7.760964e+03    774s
   58663    5.2254822e+02   0.000000e+00   6.611759e+03    778s
   58853    5.2254821e+02   0.000000e+00   6.110278e+03    782s
   59033    5.2254821e+02   0.000000e+00   5.947898e+02    786s
   59393    5.2254820e+02   0.000000e+00   1.101711e+04    794s
   59573    5.2254819e+02   0.000000e+00   1.034833e+03    798s
   59763    5.2254818e+02   0.000000e+00   1.734657e+04    802s
   59953    5.2254817e+02   0.000000e+00   9.705987e+02    806s
   60143    5.2254817e+02   0.000000e+00   3.182729e+03    810s
   60523    5.2254815e+02   0.000000e+00   7.394777e+02    818s
   60713    5.2254815e+02   0.000000e+00   3.153705e+03    822s
   60913    5.2254814e+02   0.000000e+00   1.529697e+03    826s
   61113    5.2254814e+02   0.000000e+00   7.672638e+02    830s
   61513    5.2254813e+02   0.000000e+00   1.615378e+02    839s
   61723    5.2254813e+02   0.000000e+00   7.750335e+01    843s
   61923    5.2254813e+02   0.000000e+00   6.149428e+01    847s
   62113    5.2254812e+02   0.000000e+00   2.095300e+02    851s
   62493    5.2254812e+02   0.000000e+00   2.458476e+03    859s
   62683    5.2254812e+02   0.000000e+00   2.137646e+02    863s
   62893    5.2254812e+02   0.000000e+00   7.794936e+01    868s
   63083    5.2254812e+02   0.000000e+00   1.200670e+03    872s
   63283    5.2254811e+02   0.000000e+00   2.952732e+02    876s
   63523    5.2254811e+02   0.000000e+00   6.132691e+01    880s
   63953    5.2254811e+02   0.000000e+00   4.991584e+02    889s
   64163    5.2254811e+02   0.000000e+00   1.445401e+02    893s
   64373    5.2254811e+02   0.000000e+00   1.345086e+01    897s
   64583    5.2254811e+02   0.000000e+00   9.178960e+00    901s
   64793    5.2254811e+02   0.000000e+00   4.052988e+00    905s
   65203    5.2254811e+02   0.000000e+00   1.602709e+00    913s
   65413    5.2254810e+02   0.000000e+00   7.759162e-01    917s
   65623    5.2254810e+02   0.000000e+00   4.580961e-01    920s
   66033    5.2254810e+02   0.000000e+00   1.543808e-01    928s
   66230    5.2254827e+02   2.952830e-01   0.000000e+00    931s
   66470    5.2254827e+02   4.790342e-03   0.000000e+00    937s
   66848    5.2254827e+02   0.000000e+00   5.076155e-02    944s
Extra 2 simplex iterations after uncrush
   66944    5.2254827e+02   0.000000e+00   0.000000e+00    949s

Solved with barrier
Solved in 66944 iterations and 948.81 seconds
Optimal objective  5.225482676e+02
lb: 522 ub: 665 c: 593 bnd: 0 fabs: 522

C: 593 soma: 598.29 soma - C: 5.29026
lp_add_row: repeated name: fim(1). previous use was index 95832

C: 593 soma: 625.611 soma - C: 32.6109
lp_add_row: repeated name: fim(2). previous use was index 95833

C: 593 soma: 614.974 soma - C: 21.974
lp_add_row: repeated name: fim(3). previous use was index 95834

C: 593 soma: 612.24 soma - C: 19.2404
lp_add_row: repeated name: fim(4). previous use was index 95835

C: 593 soma: 609.23 soma - C: 16.2296
lp_add_row: repeated name: fim(5). previous use was index 95836

C: 593 soma: 623.255 soma - C: 30.2547
lp_add_row: repeated name: fim(6). previous use was index 95837

C: 593 soma: 615.795 soma - C: 22.7947
lp_add_row: repeated name: fim(7). previous use was index 95838

C: 593 soma: 616.177 soma - C: 23.1775
lp_add_row: repeated name: fim(8). previous use was index 95839

C: 593 soma: 625.138 soma - C: 32.1382
lp_add_row: repeated name: fim(9). previous use was index 95840

C: 593 soma: 594.618 soma - C: 1.61824
lp_add_row: repeated name: fim(10). previous use was index 95841

C: 593 soma: 612.309 soma - C: 19.3092
lp_add_row: repeated name: fim(11). previous use was index 95842

C: 593 soma: 605.687 soma - C: 12.6866
lp_add_row: repeated name: fim(12). previous use was index 95843

C: 593 soma: 597.574 soma - C: 4.57432
lp_add_row: repeated name: fim(13). previous use was index 95844

C: 593 soma: 599.412 soma - C: 6.41201
lp_add_row: repeated name: fim(14). previous use was index 95845

C: 593 soma: 611.817 soma - C: 18.8169
lp_add_row: repeated name: fim(15). previous use was index 95846

C: 593 soma: 607.777 soma - C: 14.7769
lp_add_row: repeated name: fim(16). previous use was index 95847

C: 593 soma: 603.288 soma - C: 10.2884
lp_add_row: repeated name: fim(17). previous use was index 95848

C: 593 soma: 620.572 soma - C: 27.5722
lp_add_row: repeated name: fim(18). previous use was index 95849

C: 593 soma: 612.494 soma - C: 19.494
lp_add_row: repeated name: fim(19). previous use was index 95850

C: 593 soma: 599.272 soma - C: 6.27204
lp_add_row: repeated name: fim(20). previous use was index 95851
Optimize a model with 95852 rows, 171761 columns and 2493360 nonzeros
Coefficient statistics:
  Matrix range     [1e+00, 7e+02]
  Objective range  [1e+00, 1e+00]
  Bounds range     [1e+00, 7e+02]
  RHS range        [1e+00, 1e+00]

Concurrent LP optimizer: dual simplex and barrier
Showing barrier log only...

Presolve removed 5655 rows and 5614 columns
Presolve time: 1.31s
Presolved: 90197 rows, 166147 columns, 2476785 nonzeros

Elapsed ordering time = 5s
Elapsed ordering time = 10s
Elapsed ordering time = 13s
Elapsed ordering time = 15s
Elapsed ordering time = 20s
Ordering time: 20.36s

Barrier statistics:
 AA' NZ     : 4.532e+06
 Factor NZ  : 7.364e+07 (roughly 700 MBytes of memory)
 Factor Ops : 3.227e+11 (roughly 16 seconds per iteration)
 Threads    : 1

                  Objective                Residual
Iter       Primal          Dual         Primal    Dual     Compl     Time
   0   1.22521595e+03 -8.24721571e+05  8.80e+03 3.07e-02  1.32e+02    43s
   1   7.40392606e+02 -7.89843371e+05  5.58e+02 2.13e-01  1.04e+01    63s
   2   6.79934808e+02 -4.08839134e+05  1.05e+02 2.29e-02  2.47e+00    84s
   3   6.68854105e+02 -1.00111491e+05  2.32e+01 1.29e-12  5.27e-01   105s
   4   6.61709837e+02 -5.39685161e+04  1.07e+01 7.27e-13  2.49e-01   124s
   5   6.56978526e+02 -2.34235876e+04  3.58e+00 6.88e-13  9.32e-02   145s
   6   6.51867232e+02 -8.00391228e+03  1.07e+00 3.68e-13  3.00e-02   167s
   7   6.48166905e+02 -2.87636087e+03  2.65e-01 2.05e-13  1.10e-02   188s
   8   6.42630497e+02 -5.46388913e+02  6.18e-02 1.50e-13  3.54e-03   208s
   9   6.38813418e+02  1.34841366e+02  3.52e-02 1.05e-13  1.49e-03   228s
  10   6.32094978e+02  2.74703692e+02  1.99e-02 9.25e-14  1.05e-03   249s
  11   6.25892080e+02  4.18993341e+02  1.33e-02 6.69e-14  6.08e-04   270s
  12   6.22342845e+02  5.00791284e+02  8.49e-03 5.19e-14  3.57e-04   292s
  13   6.17979731e+02  5.27846217e+02  5.63e-03 4.78e-14  2.64e-04   313s
  14   6.13416270e+02  5.62914468e+02  4.00e-03 3.66e-14  1.48e-04   334s
  15   6.10350077e+02  5.69162705e+02  2.90e-03 3.60e-14  1.21e-04   354s
  16   6.06836645e+02  5.79184202e+02  1.76e-03 3.10e-14  8.10e-05   374s
  17   6.03883526e+02  5.88244025e+02  1.03e-03 2.45e-14  4.58e-05   395s
  18   6.02627392e+02  5.92733808e+02  7.88e-04 2.50e-14  2.90e-05   415s
  19   6.01087621e+02  5.94868391e+02  4.98e-04 2.12e-14  1.82e-05   436s
  20   6.00159423e+02  5.95929013e+02  3.39e-04 2.62e-14  1.24e-05   455s
  21   5.99305233e+02  5.96535311e+02  1.90e-04 2.62e-14  8.11e-06   476s
  22   5.98938655e+02  5.96992501e+02  1.34e-04 2.68e-14  5.70e-06   496s
  23   5.98574471e+02  5.97333141e+02  8.19e-05 2.69e-14  3.63e-06   516s
  24   5.98245294e+02  5.97650926e+02  3.17e-05 2.67e-14  1.74e-06   538s
  25   5.98032799e+02  5.97888512e+02  4.43e-06 1.78e-14  4.22e-07   562s
  26   5.97988635e+02  5.97957076e+02  7.70e-07 1.57e-14  9.23e-08   586s
  27   5.97976885e+02  5.97969027e+02  1.51e-07 1.55e-14  2.30e-08   609s
  28   5.97973192e+02  5.97971956e+02  1.14e-08 1.48e-14  3.62e-09   632s
  29   5.97973011e+02  5.97972295e+02  6.81e-09 2.02e-14  2.09e-09   652s
  30   5.97972743e+02  5.97972656e+02  4.43e-09 1.42e-14  2.59e-10   676s
  31   5.97972708e+02  5.97972680e+02  4.30e-09 1.66e-14  7.96e-11   700s
  32   5.97972698e+02  5.97972685e+02  1.05e-08 2.44e-14  3.31e-11   722s
  33   5.97972694e+02  5.97972687e+02  1.78e-08 6.49e-14  1.42e-11   744s

Barrier solved model in 33 iterations and 743.63 seconds
Optimal objective 5.97972694e+02

Crossover log...

   44776 variables added to crossover basis                      745s
   46096 variables added to crossover basis                      750s
   46776 variables added to crossover basis                      755s

   43088 DPushes remaining with DInf 4.2570761e+02               758s
   17727 DPushes remaining with DInf 3.8999245e+02               768s
    7241 DPushes remaining with DInf 3.6439304e+02               774s
    2943 DPushes remaining with DInf 3.2001462e+02               778s
     515 DPushes remaining with DInf 3.5777996e+02               781s
       0 DPushes remaining with DInf 8.3089372e+02               785s

   13459 PPushes remaining with PInf 2.3236761e-02               785s
    7264 PPushes remaining with PInf 1.9842052e-01               796s
    3786 PPushes remaining with PInf 1.5885163e+00               804s
    2413 PPushes remaining with PInf 1.2624492e+00               809s
    2026 PPushes remaining with PInf 1.1424393e+00               811s
     688 PPushes remaining with PInf 8.7643533e-01               816s
       0 PPushes remaining with PInf 2.2574431e+00               819s

  Push phase complete: Pinf 2.2574431e+00, Dinf 1.8706948e+03    819s

Iteration    Objective       Primal Inf.    Dual Inf.      Time
   56525    5.9797228e+02   0.000000e+00   1.870695e+03    819s
   56725    5.9797228e+02   0.000000e+00   4.678158e+03    826s
   57005    5.9797228e+02   0.000000e+00   2.008793e+03    833s
   57105    5.9797227e+02   0.000000e+00   9.103109e+03    836s
   57305    5.9797226e+02   0.000000e+00   7.729612e+03    843s
   57495    5.9797225e+02   0.000000e+00   1.921108e+04    850s
   57685    5.9797224e+02   0.000000e+00   2.016889e+04    857s
   57785    5.9797224e+02   0.000000e+00   1.358617e+04    861s
   57985    5.9797222e+02   0.000000e+00   2.332485e+04    868s
   58085    5.9797221e+02   0.000000e+00   8.686946e+04    871s
   58385    5.9797219e+02   0.000000e+00   1.265545e+04    882s
   58605    5.9797216e+02   0.000000e+00   1.068836e+04    889s
   58705    5.9797215e+02   0.000000e+00   1.492779e+04    892s
   58815    5.9797214e+02   0.000000e+00   2.401274e+04    896s
   59035    5.9797212e+02   0.000000e+00   7.382310e+03    903s
   59145    5.9797211e+02   0.000000e+00   4.703839e+03    906s
   59355    5.9797207e+02   0.000000e+00   1.042017e+04    913s
   59455    5.9797204e+02   0.000000e+00   6.587519e+03    916s
   59685    5.9797201e+02   0.000000e+00   8.797799e+04    923s
   59805    5.9797200e+02   0.000000e+00   7.271167e+03    927s
   60035    5.9797197e+02   0.000000e+00   5.316658e+03    933s
   60145    5.9797196e+02   0.000000e+00   2.054284e+03    937s
   60385    5.9797195e+02   0.000000e+00   1.056169e+03    943s
   60505    5.9797194e+02   0.000000e+00   1.036264e+04    947s
   60635    5.9797191e+02   0.000000e+00   1.166320e+04    951s
   60885    5.9797189e+02   0.000000e+00   1.815725e+04    957s
   61025    5.9797189e+02   0.000000e+00   2.049354e+03    961s
   61295    5.9797187e+02   0.000000e+00   4.011596e+03    968s
   61415    5.9797186e+02   0.000000e+00   3.076976e+03    972s
   61545    5.9797186e+02   0.000000e+00   5.148513e+03    975s
   61785    5.9797184e+02   0.000000e+00   9.084612e+02    982s
   61905    5.9797184e+02   0.000000e+00   5.956737e+02    986s
   62155    5.9797183e+02   0.000000e+00   6.943860e+03    993s
   62275    5.9797182e+02   0.000000e+00   1.320578e+03    996s
   62505    5.9797181e+02   0.000000e+00   9.553588e+02   1003s
   62635    5.9797180e+02   0.000000e+00   1.894128e+03   1006s
   62895    5.9797179e+02   0.000000e+00   2.308929e+03   1013s
   63015    5.9797179e+02   0.000000e+00   1.289444e+03   1017s
   63275    5.9797178e+02   0.000000e+00   1.223664e+03   1023s
   63395    5.9797178e+02   0.000000e+00   1.272965e+03   1027s
   63525    5.9797177e+02   0.000000e+00   1.277330e+03   1030s
   63785    5.9797175e+02   0.000000e+00   2.198291e+03   1037s
   63915    5.9797175e+02   0.000000e+00   3.654105e+03   1040s
   64165    5.9797173e+02   0.000000e+00   1.928812e+03   1047s
   64285    5.9797172e+02   0.000000e+00   2.059915e+03   1050s
   64535    5.9797171e+02   0.000000e+00   7.966731e+02   1057s
   64655    5.9797171e+02   0.000000e+00   8.834078e+02   1060s
   64905    5.9797170e+02   0.000000e+00   2.315936e+03   1067s
   65035    5.9797170e+02   0.000000e+00   1.306091e+03   1071s
   65295    5.9797169e+02   0.000000e+00   1.939139e+02   1077s
   65435    5.9797168e+02   0.000000e+00   8.424014e+02   1081s
   65685    5.9797168e+02   0.000000e+00   5.213363e+03   1088s
   65805    5.9797167e+02   0.000000e+00   3.418821e+02   1091s
   66055    5.9797167e+02   0.000000e+00   1.191355e+03   1098s
   66175    5.9797167e+02   0.000000e+00   4.303818e+02   1102s
   66295    5.9797166e+02   0.000000e+00   1.522672e+02   1105s
   66535    5.9797166e+02   0.000000e+00   1.134830e+04   1112s
   66665    5.9797165e+02   0.000000e+00   4.120359e+02   1116s
   66925    5.9797164e+02   0.000000e+00   1.276282e+03   1122s
   67045    5.9797163e+02   0.000000e+00   2.747962e+02   1125s
   67285    5.9797163e+02   0.000000e+00   4.635189e+02   1132s
   67415    5.9797162e+02   0.000000e+00   3.297136e+03   1136s
   67675    5.9797162e+02   0.000000e+00   6.995522e+02   1142s
   67815    5.9797161e+02   0.000000e+00   1.216295e+03   1146s
   68085    5.9797160e+02   0.000000e+00   5.042165e+03   1153s
   68215    5.9797160e+02   0.000000e+00   3.076757e+02   1156s
   68495    5.9797159e+02   0.000000e+00   2.492707e+02   1164s
   68625    5.9797159e+02   0.000000e+00   1.820621e+03   1167s
   68765    5.9797158e+02   0.000000e+00   4.271210e+02   1170s
   69065    5.9797158e+02   0.000000e+00   2.047236e+02   1177s
   69195    5.9797157e+02   0.000000e+00   8.054242e+01   1181s
   69465    5.9797157e+02   0.000000e+00   1.517160e+03   1188s
   69605    5.9797156e+02   0.000000e+00   6.326038e+02   1192s
   69885    5.9797156e+02   0.000000e+00   1.591913e+02   1199s
   70035    5.9797155e+02   0.000000e+00   3.883721e+02   1202s
   70165    5.9797155e+02   0.000000e+00   5.757200e+02   1206s
   70455    5.9797155e+02   0.000000e+00   2.668857e+02   1213s
   70595    5.9797154e+02   0.000000e+00   1.488284e+02   1217s
   70725    5.9797154e+02   0.000000e+00   3.621090e+02   1220s
   70995    5.9797154e+02   0.000000e+00   4.397299e+02   1228s
   71125    5.9797153e+02   0.000000e+00   3.087425e+02   1231s
   71395    5.9797153e+02   0.000000e+00   9.067901e+01   1238s
   71535    5.9797153e+02   0.000000e+00   5.733237e+01   1242s
   71675    5.9797152e+02   0.000000e+00   1.004891e+02   1246s
   71965    5.9797152e+02   0.000000e+00   1.158466e+02   1253s
   72105    5.9797152e+02   0.000000e+00   2.701299e+01   1257s
   72245    5.9797151e+02   0.000000e+00   1.045780e+02   1260s
   72525    5.9797151e+02   0.000000e+00   6.935792e+01   1268s
   72665    5.9797151e+02   0.000000e+00   2.157024e+02   1271s
   72965    5.9797150e+02   0.000000e+00   2.168276e+02   1278s
   73095    5.9797150e+02   0.000000e+00   5.443004e+01   1282s
   73235    5.9797150e+02   0.000000e+00   5.358900e+01   1285s
   73515    5.9797149e+02   0.000000e+00   1.484147e+01   1292s
   73665    5.9797149e+02   0.000000e+00   4.161281e+01   1296s
   73935    5.9797149e+02   0.000000e+00   8.345649e+00   1304s
   74085    5.9797149e+02   0.000000e+00   4.600426e+00   1307s
   74215    5.9797148e+02   0.000000e+00   6.743461e+00   1311s
   74485    5.9797148e+02   0.000000e+00   1.287911e+01   1318s
   74635    5.9797148e+02   0.000000e+00   9.689217e-01   1321s
   74915    5.9797148e+02   0.000000e+00   5.339877e+01   1328s
   75065    5.9797148e+02   0.000000e+00   1.248498e+01   1332s
   75215    5.9797148e+02   0.000000e+00   6.812471e+00   1335s
   75525    5.9797147e+02   0.000000e+00   1.010355e+00   1342s
   75665    5.9797147e+02   0.000000e+00   1.314012e+00   1346s
   75955    5.9797147e+02   0.000000e+00   9.434582e+00   1353s
   76105    5.9797147e+02   0.000000e+00   1.364717e+00   1357s
   76255    5.9797147e+02   0.000000e+00   5.010113e-01   1360s
   76545    5.9797147e+02   0.000000e+00   6.894984e-02   1368s
   76685    5.9797147e+02   0.000000e+00   2.743044e-02   1371s
   76965    5.9797147e+02   0.000000e+00   1.040639e-03   1378s
   77133    5.9797267e+02   3.898014e+02   0.000000e+00   1383s
   77253    5.9797267e+02   3.215937e+02   0.000000e+00   1387s
   77383    5.9797267e+02   2.195263e+02   0.000000e+00   1390s
   77623    5.9797268e+02   4.697900e+03   0.000000e+00   1397s
   77743    5.9797268e+02   2.132251e+02   0.000000e+00   1401s
   77983    5.9797269e+02   3.485675e+02   0.000000e+00   1407s
   78093    5.9797269e+02   1.945452e+03   0.000000e+00   1411s
   78333    5.9797269e+02   1.961885e+02   0.000000e+00   1418s
   78453    5.9797270e+02   2.878173e+02   0.000000e+00   1422s
   78573    5.9797270e+02   1.822148e+02   0.000000e+00   1425s
   78813    5.9797270e+02   3.286365e+03   0.000000e+00   1433s
   78933    5.9797270e+02   9.399415e+01   0.000000e+00   1436s
   79173    5.9797271e+02   1.218885e+02   0.000000e+00   1443s
   79293    5.9797271e+02   8.722092e+02   0.000000e+00   1446s
   79533    5.9797272e+02   1.218698e+02   0.000000e+00   1453s
   79653    5.9797272e+02   4.121380e+02   0.000000e+00   1456s
   79893    5.9797272e+02   2.796283e+02   0.000000e+00   1463s
   80003    5.9797273e+02   1.030411e+02   0.000000e+00   1466s
   80243    5.9797273e+02   1.311446e+02   0.000000e+00   1473s
   80353    5.9797273e+02   3.886169e+01   0.000000e+00   1477s
   80573    5.9797273e+02   4.826198e+02   0.000000e+00   1483s
   80683    5.9797274e+02   2.862765e+01   0.000000e+00   1486s
   80913    5.9797274e+02   1.441149e+01   0.000000e+00   1493s
   81033    5.9797274e+02   1.844854e+02   0.000000e+00   1496s
   81273    5.9797274e+02   1.623237e+02   0.000000e+00   1503s
   81393    5.9797275e+02   1.719583e+01   0.000000e+00   1507s
   81513    5.9797275e+02   5.241082e+01   0.000000e+00   1510s
   81763    5.9797275e+02   4.623115e+02   0.000000e+00   1517s
   81883    5.9797275e+02   1.414484e+02   0.000000e+00   1521s
   82113    5.9797275e+02   2.546871e+00   0.000000e+00   1527s
   82223    5.9797275e+02   6.496079e-01   0.000000e+00   1530s
   82463    5.9797275e+02   1.718805e-04   0.000000e+00   1537s
   82615    5.9797273e+02   0.000000e+00   5.366937e+00   1541s
   82915    5.9797273e+02   0.000000e+00   3.922384e+00   1547s
   83065    5.9797273e+02   0.000000e+00   1.929831e+01   1550s
   83355    5.9797273e+02   0.000000e+00   2.179040e+02   1557s
   83495    5.9797273e+02   0.000000e+00   2.393986e+01   1560s
   83795    5.9797272e+02   0.000000e+00   1.889623e+01   1567s
   84075    5.9797272e+02   0.000000e+00   4.849575e+01   1573s
   84215    5.9797272e+02   0.000000e+00   5.790032e+01   1576s
   84505    5.9797271e+02   0.000000e+00   1.702552e+01   1583s
   84655    5.9797271e+02   0.000000e+00   2.674376e+00   1587s
   84955    5.9797271e+02   0.000000e+00   1.615166e+01   1593s
   85115    5.9797271e+02   0.000000e+00   1.374441e+01   1597s
   85265    5.9797271e+02   0.000000e+00   5.087320e+01   1600s
   85545    5.9797270e+02   0.000000e+00   2.882763e+00   1607s
   85705    5.9797270e+02   0.000000e+00   2.216182e+01   1610s
   86015    5.9797270e+02   0.000000e+00   2.117807e+01   1617s
   86155    5.9797270e+02   0.000000e+00   3.806984e+00   1620s
   86455    5.9797270e+02   0.000000e+00   1.417934e+00   1627s
   86605    5.9797270e+02   0.000000e+00   9.040760e-01   1630s
   86895    5.9797269e+02   0.000000e+00   4.166055e+00   1637s
   87045    5.9797269e+02   0.000000e+00   1.675490e+00   1640s
   87355    5.9797269e+02   0.000000e+00   1.429346e+00   1647s
   87505    5.9797269e+02   0.000000e+00   2.248892e+00   1651s
   87805    5.9797269e+02   0.000000e+00   1.559745e+00   1657s
   87945    5.9797269e+02   0.000000e+00   2.899405e+00   1660s
   88225    5.9797269e+02   0.000000e+00   1.246836e+00   1667s
   88355    5.9797269e+02   0.000000e+00   4.603124e-01   1670s
   88615    5.9797269e+02   0.000000e+00   6.232593e-01   1676s
   88875    5.9797269e+02   0.000000e+00   9.990426e-03   1683s
   89015    5.9797269e+02   0.000000e+00   8.384717e-03   1686s
   89107    5.9797269e+02   0.000000e+00   0.000000e+00   1690s

Solved with barrier
Solved in 89107 iterations and 1689.88 seconds
Optimal objective  5.979726885e+02
antes: lb: 522 ub: 665 c: 593 bnd: 597.973 teto(bnd): 598 fabs: 4.97269 fabs: 5
depois: lb: 593 ub: 665 c: 593 bnd: 597.973 fabs: 4.97269

C: 629 soma: 629 soma - C: -3.86535e-12
lp_add_row: repeated name: fim(1). previous use was index 95832

C: 629 soma: 629.836 soma - C: 0.836262
lp_add_row: repeated name: fim(2). previous use was index 95833

C: 629 soma: 631.437 soma - C: 2.43664
lp_add_row: repeated name: fim(3). previous use was index 95834

C: 629 soma: 629.032 soma - C: 0.0323278
lp_add_row: repeated name: fim(4). previous use was index 95835

C: 629 soma: 629.215 soma - C: 0.214887
lp_add_row: repeated name: fim(5). previous use was index 95836

C: 629 soma: 629 soma - C: 2.38742e-12
lp_add_row: repeated name: fim(6). previous use was index 95837

C: 629 soma: 629.027 soma - C: 0.0270932
lp_add_row: repeated name: fim(7). previous use was index 95838

C: 629 soma: 630.062 soma - C: 1.06172
lp_add_row: repeated name: fim(8). previous use was index 95839

C: 629 soma: 629 soma - C: 8.6402e-12
lp_add_row: repeated name: fim(9). previous use was index 95840

C: 629 soma: 629 soma - C: -1.47793e-12
lp_add_row: repeated name: fim(10). previous use was index 95841

C: 629 soma: 630.747 soma - C: 1.74686
lp_add_row: repeated name: fim(11). previous use was index 95842

C: 629 soma: 629.244 soma - C: 0.243952
lp_add_row: repeated name: fim(12). previous use was index 95843

C: 629 soma: 629.055 soma - C: 0.0554848
lp_add_row: repeated name: fim(13). previous use was index 95844

C: 629 soma: 629.032 soma - C: 0.0315814
lp_add_row: repeated name: fim(14). previous use was index 95845

C: 629 soma: 631.447 soma - C: 2.44744
lp_add_row: repeated name: fim(15). previous use was index 95846

C: 629 soma: 631.322 soma - C: 2.32155
lp_add_row: repeated name: fim(16). previous use was index 95847

C: 629 soma: 630.467 soma - C: 1.46728
lp_add_row: repeated name: fim(17). previous use was index 95848

C: 629 soma: 629 soma - C: 0
lp_add_row: repeated name: fim(18). previous use was index 95849

C: 629 soma: 629.165 soma - C: 0.16526
lp_add_row: repeated name: fim(19). previous use was index 95850

C: 629 soma: 630.556 soma - C: 1.55626
lp_add_row: repeated name: fim(20). previous use was index 95851
Optimize a model with 95852 rows, 171761 columns and 2493360 nonzeros
Coefficient statistics:
  Matrix range     [1e+00, 7e+02]
  Objective range  [1e+00, 1e+00]
  Bounds range     [1e+00, 7e+02]
  RHS range        [1e+00, 1e+00]

Concurrent LP optimizer: dual simplex and barrier
Showing barrier log only...

Presolve removed 5655 rows and 5614 columns
Presolve time: 1.39s
Presolved: 90197 rows, 166147 columns, 2476785 nonzeros

Elapsed ordering time = 5s
Elapsed ordering time = 10s
Elapsed ordering time = 13s
Elapsed ordering time = 15s
Elapsed ordering time = 20s
Ordering time: 20.50s

Barrier statistics:
 AA' NZ     : 4.532e+06
 Factor NZ  : 7.364e+07 (roughly 700 MBytes of memory)
 Factor Ops : 3.227e+11 (roughly 14 seconds per iteration)
 Threads    : 1

                  Objective                Residual
Iter       Primal          Dual         Primal    Dual     Compl     Time
   0   1.21527825e+03 -8.20569123e+05  8.80e+03 1.83e-02  1.31e+02    43s
   1   7.46733383e+02 -7.85847168e+05  6.05e+02 2.07e-01  1.10e+01    63s
   2   6.80939509e+02 -4.16551963e+05  1.13e+02 2.25e-02  2.59e+00    84s
   3   6.69020230e+02 -1.05841862e+05  2.47e+01 7.67e-13  5.56e-01   105s
   4   6.62281880e+02 -4.90273933e+04  1.06e+01 6.92e-13  2.35e-01   125s
   5   6.57706712e+02 -2.35976905e+04  4.75e+00 5.64e-13  1.03e-01   145s
   6   6.54193741e+02 -8.93523109e+03  1.27e+00 6.53e-13  3.43e-02   167s
   7   6.51680097e+02 -3.42886466e+03  3.14e-01 2.96e-13  1.29e-02   187s
   8   6.48998276e+02 -8.02428978e+02  3.27e-02 1.91e-13  4.29e-03   208s
   9   6.47129875e+02  1.61776244e+02  1.09e-02 8.49e-14  1.42e-03   228s
  10   6.44260129e+02  2.89928116e+02  5.12e-03 8.03e-14  1.04e-03   247s
  11   6.42141044e+02  4.41135430e+02  3.00e-03 7.30e-14  5.88e-04   268s
  12   6.40334095e+02  5.27063750e+02  9.86e-04 5.41e-14  3.31e-04   289s
  13   6.38410922e+02  5.58586160e+02  5.09e-04 4.19e-14  2.33e-04   310s
  14   6.36539490e+02  5.80307408e+02  3.16e-04 3.44e-14  1.64e-04   330s
  15   6.34411646e+02  5.94772167e+02  1.83e-04 3.21e-14  1.16e-04   350s
  16   6.33294471e+02  6.01857601e+02  1.35e-04 3.44e-14  9.19e-05   369s
  17   6.31407737e+02  6.12070842e+02  6.20e-05 3.53e-14  5.65e-05   390s
  18   6.30344588e+02  6.20337130e+02  3.47e-05 2.03e-14  2.93e-05   411s
  19   6.29989802e+02  6.22887678e+02  2.68e-05 1.95e-14  2.08e-05   430s
  20   6.29458458e+02  6.25053677e+02  1.40e-05 1.62e-14  1.29e-05   451s
  21   6.29256782e+02  6.27107039e+02  8.30e-06 1.31e-14  6.29e-06   471s
  22   6.29059644e+02  6.28247488e+02  1.72e-06 1.04e-14  2.37e-06   491s
  23   6.29018576e+02  6.28651456e+02  4.42e-07 1.02e-14  1.07e-06   512s
  24   6.29002011e+02  6.28976689e+02  1.72e-10 8.14e-15  7.40e-08   532s
  25   6.29000052e+02  6.28999518e+02  1.47e-10 7.06e-15  1.56e-09   551s
  26   6.29000000e+02  6.29000000e+02  1.52e-10 3.91e-14  1.56e-12   571s

Barrier solved model in 26 iterations and 571.16 seconds
Optimal objective 6.29000000e+02

Crossover log...

   11641 DPushes remaining with DInf 0.0000000e+00               572s
       0 DPushes remaining with DInf 0.0000000e+00               572s

   74910 PPushes remaining with PInf 0.0000000e+00               572s
   66132 PPushes remaining with PInf 0.0000000e+00               575s
   59661 PPushes remaining with PInf 0.0000000e+00               580s
   54434 PPushes remaining with PInf 0.0000000e+00               585s
   49283 PPushes remaining with PInf 0.0000000e+00               591s
   46926 PPushes remaining with PInf 0.0000000e+00               595s
   43500 PPushes remaining with PInf 0.0000000e+00               601s
   41514 PPushes remaining with PInf 0.0000000e+00               605s
   39571 PPushes remaining with PInf 0.0000000e+00               610s
   37972 PPushes remaining with PInf 0.0000000e+00               615s
   35784 PPushes remaining with PInf 0.0000000e+00               620s
   34291 PPushes remaining with PInf 0.0000000e+00               625s
   32683 PPushes remaining with PInf 0.0000000e+00               631s
   31397 PPushes remaining with PInf 0.0000000e+00               635s
   29071 PPushes remaining with PInf 0.0000000e+00               641s
   27784 PPushes remaining with PInf 0.0000000e+00               645s
   25941 PPushes remaining with PInf 0.0000000e+00               650s
   24289 PPushes remaining with PInf 0.0000000e+00               655s
   22734 PPushes remaining with PInf 0.0000000e+00               661s
   21597 PPushes remaining with PInf 0.0000000e+00               665s
   20521 PPushes remaining with PInf 0.0000000e+00               670s
   19015 PPushes remaining with PInf 0.0000000e+00               676s
   18011 PPushes remaining with PInf 0.0000000e+00               680s
   16703 PPushes remaining with PInf 0.0000000e+00               686s
   15598 PPushes remaining with PInf 0.0000000e+00               691s
   14598 PPushes remaining with PInf 0.0000000e+00               696s
   13634 PPushes remaining with PInf 0.0000000e+00               700s
   12473 PPushes remaining with PInf 0.0000000e+00               706s
   11690 PPushes remaining with PInf 0.0000000e+00               710s
   10660 PPushes remaining with PInf 0.0000000e+00               715s
    9762 PPushes remaining with PInf 0.0000000e+00               721s
    8853 PPushes remaining with PInf 0.0000000e+00               726s
    7812 PPushes remaining with PInf 0.0000000e+00               731s
    7159 PPushes remaining with PInf 0.0000000e+00               735s
    6476 PPushes remaining with PInf 0.0000000e+00               740s
    5611 PPushes remaining with PInf 0.0000000e+00               746s
    4983 PPushes remaining with PInf 0.0000000e+00               751s
    4129 PPushes remaining with PInf 0.0000000e+00               757s
    3345 PPushes remaining with PInf 0.0000000e+00               762s
    2785 PPushes remaining with PInf 0.0000000e+00               766s
    1914 PPushes remaining with PInf 0.0000000e+00               770s
    1111 PPushes remaining with PInf 0.0000000e+00               776s
     378 PPushes remaining with PInf 0.0000000e+00               782s
       0 PPushes remaining with PInf 0.0000000e+00               785s

  Push phase complete: Pinf 0.0000000e+00, Dinf 4.3291914e-09    785s

Iteration    Objective       Primal Inf.    Dual Inf.      Time
   86554    6.2900000e+02   0.000000e+00   0.000000e+00    786s
   86554    6.2900000e+02   0.000000e+00   0.000000e+00    787s

Solved with barrier
Solved in 86554 iterations and 787.22 seconds
Optimal objective  6.290000000e+02
antes: lb: 593 ub: 665 c: 629 bnd: 629 teto(bnd): 629 fabs: 7.50333e-12 fabs: 0
depois: lb: 593 ub: 629 c: 629 bnd: 629 fabs: 7.50333e-12

C: 611 soma: 629 soma - C: 18
lp_add_row: repeated name: fim(1). previous use was index 95832

C: 611 soma: 629 soma - C: 18
lp_add_row: repeated name: fim(2). previous use was index 95833

C: 611 soma: 629 soma - C: 18
lp_add_row: repeated name: fim(3). previous use was index 95834

C: 611 soma: 629 soma - C: 18
lp_add_row: repeated name: fim(4). previous use was index 95835

C: 611 soma: 629 soma - C: 18
lp_add_row: repeated name: fim(5). previous use was index 95836

C: 611 soma: 629 soma - C: 18
lp_add_row: repeated name: fim(6). previous use was index 95837

C: 611 soma: 629 soma - C: 18
lp_add_row: repeated name: fim(7). previous use was index 95838

C: 611 soma: 629 soma - C: 18
lp_add_row: repeated name: fim(8). previous use was index 95839

C: 611 soma: 629 soma - C: 18
lp_add_row: repeated name: fim(9). previous use was index 95840

C: 611 soma: 629 soma - C: 18
lp_add_row: repeated name: fim(10). previous use was index 95841

C: 611 soma: 629 soma - C: 18
lp_add_row: repeated name: fim(11). previous use was index 95842

C: 611 soma: 629 soma - C: 18
lp_add_row: repeated name: fim(12). previous use was index 95843

C: 611 soma: 629 soma - C: 18
lp_add_row: repeated name: fim(13). previous use was index 95844

C: 611 soma: 629 soma - C: 18
lp_add_row: repeated name: fim(14). previous use was index 95845

C: 611 soma: 629 soma - C: 18
lp_add_row: repeated name: fim(15). previous use was index 95846

C: 611 soma: 629 soma - C: 18
lp_add_row: repeated name: fim(16). previous use was index 95847

C: 611 soma: 629 soma - C: 18
lp_add_row: repeated name: fim(17). previous use was index 95848

C: 611 soma: 629 soma - C: 18
lp_add_row: repeated name: fim(18). previous use was index 95849

C: 611 soma: 629 soma - C: 18
lp_add_row: repeated name: fim(19). previous use was index 95850

C: 611 soma: 629 soma - C: 18
lp_add_row: repeated name: fim(20). previous use was index 95851
Optimize a model with 95852 rows, 171761 columns and 2493360 nonzeros
Coefficient statistics:
  Matrix range     [1e+00, 7e+02]
  Objective range  [1e+00, 1e+00]
  Bounds range     [1e+00, 7e+02]
  RHS range        [1e+00, 1e+00]

Concurrent LP optimizer: dual simplex and barrier
Showing barrier log only...

Presolve removed 5655 rows and 5614 columns
Presolve time: 1.17s
Presolved: 90197 rows, 166147 columns, 2476785 nonzeros

Elapsed ordering time = 5s
Elapsed ordering time = 10s
Elapsed ordering time = 13s
Elapsed ordering time = 15s
Elapsed ordering time = 20s
Ordering time: 20.28s

Barrier statistics:
 AA' NZ     : 4.532e+06
 Factor NZ  : 7.364e+07 (roughly 700 MBytes of memory)
 Factor Ops : 3.227e+11 (roughly 13 seconds per iteration)
 Threads    : 1

                  Objective                Residual
Iter       Primal          Dual         Primal    Dual     Compl     Time
   0   1.21876176e+03 -8.21907777e+05  8.80e+03 2.54e-02  1.31e+02    42s
   1   7.44675375e+02 -7.87069550e+05  5.90e+02 2.10e-01  1.08e+01    63s
   2   6.80634349e+02 -4.17831397e+05  1.11e+02 2.36e-02  2.56e+00    83s
   3   6.69044926e+02 -1.08078921e+05  2.51e+01 8.29e-13  5.67e-01   104s
   4   6.62584005e+02 -6.13662826e+04  1.09e+01 6.95e-13  2.74e-01   124s
   5   6.57540931e+02 -2.04836303e+04  3.28e+00 9.16e-13  8.30e-02   146s
   6   6.53269203e+02 -8.66603274e+03  1.13e+00 4.11e-13  3.25e-02   166s
   7   6.49851166e+02 -3.17453629e+03  1.78e-01 2.59e-13  1.17e-02   187s
   8   6.45900946e+02 -5.81074093e+02  1.62e-02 1.43e-13  3.61e-03   207s
   9   6.41365544e+02 -8.65649067e+00  6.40e-03 1.31e-13  1.91e-03   227s
  10   6.37320927e+02  2.94844705e+02  3.87e-03 8.59e-14  1.00e-03   248s
  11   6.33380754e+02  3.98820363e+02  1.97e-03 8.55e-14  6.86e-04   269s
  12   6.32743090e+02  4.87582908e+02  1.32e-03 7.72e-14  4.25e-04   291s
  13   6.29141276e+02  5.24067330e+02  6.79e-04 5.27e-14  3.07e-04   311s
  14   6.24653606e+02  5.51222402e+02  2.42e-04 4.69e-14  2.15e-04   332s
  15   6.22373830e+02  5.73109609e+02  1.66e-04 3.76e-14  1.44e-04   352s
  16   6.19392523e+02  5.86943475e+02  9.84e-05 3.97e-14  9.49e-05   374s
  17   6.16898125e+02  5.99324136e+02  6.04e-05 2.48e-14  5.14e-05   395s
  18   6.14587701e+02  6.05200280e+02  3.05e-05 2.12e-14  2.74e-05   417s
  19   6.12301029e+02  6.08920808e+02  5.37e-06 1.74e-14  9.88e-06   441s
  20   6.11817740e+02  6.09526400e+02  2.96e-06 2.22e-14  6.70e-06   461s
  21   6.11598707e+02  6.09878714e+02  1.94e-06 2.66e-14  5.03e-06   480s
  22   6.11384324e+02  6.10194049e+02  9.92e-07 2.95e-14  3.48e-06   501s
  23   6.11260109e+02  6.10510538e+02  5.65e-07 2.81e-14  2.19e-06   522s
  24   6.11204927e+02  6.10676724e+02  3.95e-07 2.62e-14  1.54e-06   542s
  25   6.11121230e+02  6.10852547e+02  1.36e-07 2.07e-14  7.86e-07   564s
  26   6.11069289e+02  6.10981260e+02  2.97e-08 1.69e-14  2.57e-07   588s
  27   6.11056398e+02  6.11010098e+02  1.37e-08 2.03e-14  1.35e-07   608s
  28   6.11046663e+02  6.11030110e+02  2.58e-09 1.74e-14  4.84e-08   630s
  29   6.11042574e+02  6.11039956e+02  4.35e-09 1.47e-14  7.66e-09   654s
  30   6.11041604e+02  6.11041217e+02  1.36e-09 1.45e-14  1.13e-09   679s
  31   6.11041539e+02  6.11041370e+02  7.88e-10 1.74e-14  4.94e-10   702s
  32   6.11041506e+02  6.11041445e+02  5.48e-09 1.82e-14  1.79e-10   728s
  33   6.11041499e+02  6.11041460e+02  2.08e-08 2.09e-14  1.21e-10   748s
  34   6.11041497e+02  6.11041470e+02  1.61e-08 2.38e-14  8.37e-11   770s
  35   6.11041498e+02  6.11041482e+02  8.37e-08 1.92e-14  4.12e-11   791s
  36   6.11041490e+02  6.11041483e+02  1.42e-07 2.70e-14  3.70e-11   812s
  37   6.11041519e+02  6.11041484e+02  1.73e-07 3.10e-14  2.77e-11   833s
  38   6.11041513e+02  6.11041485e+02  1.70e-07 3.23e-14  2.54e-11   854s
  39   6.11041506e+02  6.11041486e+02  1.70e-07 3.70e-14  2.28e-11   874s
  40   6.11041507e+02  6.11041486e+02  1.72e-07 4.40e-14  2.19e-11   895s
  41   6.11041511e+02  6.11041487e+02  2.07e-07 4.22e-14  1.80e-11   916s
  42   6.11041509e+02  6.11041488e+02  2.00e-07 3.42e-14  1.31e-11   936s

Barrier solved model in 42 iterations and 935.87 seconds
Optimal objective 6.11041509e+02

Crossover log...

   46746 variables added to crossover basis                      940s
   47586 variables added to crossover basis                      945s

   42554 DPushes remaining with DInf 2.3708191e+02               946s
   17146 DPushes remaining with DInf 2.2641933e+02               953s
    6720 DPushes remaining with DInf 2.3286220e+02               958s
    2617 DPushes remaining with DInf 2.9063989e+02               961s
      26 DPushes remaining with DInf 3.7096181e+02               966s
       0 DPushes remaining with DInf 2.5162464e-09               966s

   21952 PPushes remaining with PInf 2.2115188e+00               966s
   21111 PPushes remaining with PInf 2.2169411e+00               970s
   19873 PPushes remaining with PInf 2.1974904e+00               975s
   17342 PPushes remaining with PInf 2.0303579e+00               981s
   14787 PPushes remaining with PInf 1.8929174e+00               986s
   10986 PPushes remaining with PInf 1.5803265e+00               992s
    8656 PPushes remaining with PInf 1.3217360e+00               997s
    6678 PPushes remaining with PInf 1.1997245e+00              1001s
    5084 PPushes remaining with PInf 1.0323443e+00              1007s
    2570 PPushes remaining with PInf 7.5860670e-01              1014s
    1638 PPushes remaining with PInf 1.0404176e+00              1017s
     989 PPushes remaining with PInf 7.1202318e-01              1021s
     171 PPushes remaining with PInf 5.4402613e-01              1026s
       0 PPushes remaining with PInf 4.3865416e-01              1027s

  Push phase complete: Pinf 4.3865416e-01, Dinf 2.7951343e+03   1027s

Iteration    Objective       Primal Inf.    Dual Inf.      Time
   64491    6.1104156e+02   0.000000e+00   2.795134e+03   1027s
   64591    6.1104156e+02   0.000000e+00   3.987054e+03   1031s
   64831    6.1104156e+02   0.000000e+00   2.897923e+03   1037s
   64981    6.1104156e+02   0.000000e+00   3.608349e+03   1040s
   65181    6.1104156e+02   0.000000e+00   7.299119e+03   1047s
   65281    6.1104156e+02   0.000000e+00   3.418610e+03   1051s
   65491    6.1104155e+02   0.000000e+00   3.621437e+03   1058s
   65601    6.1104155e+02   0.000000e+00   8.834778e+03   1061s
   65821    6.1104154e+02   0.000000e+00   5.289101e+03   1068s
   65921    6.1104154e+02   0.000000e+00   1.002355e+04   1072s
   66021    6.1104154e+02   0.000000e+00   5.542410e+03   1075s
   66221    6.1104154e+02   0.000000e+00   4.113486e+03   1082s
   66331    6.1104154e+02   0.000000e+00   1.846321e+03   1085s
   66551    6.1104153e+02   0.000000e+00   9.300894e+02   1092s
   66661    6.1104153e+02   0.000000e+00   2.260109e+03   1096s
   66881    6.1104152e+02   0.000000e+00   1.127920e+03   1103s
   66991    6.1104152e+02   0.000000e+00   9.348654e+02   1106s
   67201    6.1104151e+02   0.000000e+00   5.148762e+03   1113s
   67311    6.1104151e+02   0.000000e+00   4.312854e+03   1116s
   67431    6.1104151e+02   0.000000e+00   6.512134e+03   1120s
   67651    6.1104150e+02   0.000000e+00   1.474471e+03   1127s
   67761    6.1104150e+02   0.000000e+00   1.484515e+03   1130s
   67981    6.1104150e+02   0.000000e+00   2.313659e+03   1137s
   68101    6.1104149e+02   0.000000e+00   1.948700e+03   1140s
   68321    6.1104149e+02   0.000000e+00   2.077448e+03   1147s
   68431    6.1104149e+02   0.000000e+00   4.562523e+03   1151s
   68671    6.1104148e+02   0.000000e+00   1.542068e+03   1158s
   68791    6.1104147e+02   0.000000e+00   1.098961e+03   1161s
   69031    6.1104147e+02   0.000000e+00   1.420389e+03   1168s
   69151    6.1104147e+02   0.000000e+00   7.556893e+02   1172s
   69261    6.1104147e+02   0.000000e+00   9.415423e+02   1175s
   69481    6.1104146e+02   0.000000e+00   1.045382e+03   1182s
   69691    6.1104146e+02   0.000000e+00   5.706230e+02   1188s
   69801    6.1104146e+02   0.000000e+00   7.580605e+02   1191s
   70041    6.1104144e+02   0.000000e+00   4.568866e+03   1198s
   70171    6.1104144e+02   0.000000e+00   5.087183e+02   1201s
   70421    6.1104143e+02   0.000000e+00   8.714915e+02   1207s
   70541    6.1104143e+02   0.000000e+00   8.534001e+02   1211s
   70791    6.1104142e+02   0.000000e+00   6.119838e+02   1217s
   70931    6.1104142e+02   0.000000e+00   7.323098e+02   1221s
   71201    6.1104141e+02   0.000000e+00   1.003266e+03   1227s
   71341    6.1104141e+02   0.000000e+00   8.609552e+02   1231s
   71611    6.1104140e+02   0.000000e+00   7.852327e+02   1238s
   71741    6.1104140e+02   0.000000e+00   2.427829e+02   1241s
   72001    6.1104139e+02   0.000000e+00   4.582460e+02   1248s
   72131    6.1104139e+02   0.000000e+00   5.041786e+02   1251s
   72391    6.1104139e+02   0.000000e+00   2.848233e+02   1258s
   72521    6.1104138e+02   0.000000e+00   1.867757e+03   1261s
   72791    6.1104138e+02   0.000000e+00   7.657976e+01   1268s
   72931    6.1104138e+02   0.000000e+00   2.367062e+02   1271s
   73191    6.1104137e+02   0.000000e+00   4.373011e+03   1277s
   73311    6.1104137e+02   0.000000e+00   3.924697e+02   1280s
   73581    6.1104136e+02   0.000000e+00   7.543773e+02   1287s
   73731    6.1104136e+02   0.000000e+00   4.126873e+03   1290s
   73991    6.1104136e+02   0.000000e+00   4.365835e+02   1297s
   74121    6.1104135e+02   0.000000e+00   1.638909e+02   1300s
   74371    6.1104135e+02   0.000000e+00   5.087731e+03   1307s
   74491    6.1104135e+02   0.000000e+00   4.137863e+02   1310s
   74751    6.1104134e+02   0.000000e+00   7.366494e+02   1317s
   74881    6.1104134e+02   0.000000e+00   2.217593e+02   1320s
   75131    6.1104134e+02   0.000000e+00   1.720226e+02   1327s
   75251    6.1104134e+02   0.000000e+00   2.694095e+03   1330s
   75531    6.1104133e+02   0.000000e+00   7.430207e+02   1337s
   75671    6.1104133e+02   0.000000e+00   9.418456e+01   1341s
   75941    6.1104133e+02   0.000000e+00   1.743856e+02   1347s
   76081    6.1104133e+02   0.000000e+00   3.362481e+02   1351s
   76351    6.1104132e+02   0.000000e+00   2.034987e+02   1357s
   76481    6.1104132e+02   0.000000e+00   1.528131e+02   1360s
   76751    6.1104132e+02   0.000000e+00   3.013185e+02   1367s
   76891    6.1104131e+02   0.000000e+00   1.437120e+02   1371s
   77181    6.1104131e+02   0.000000e+00   8.077946e+01   1378s
   77321    6.1104131e+02   0.000000e+00   1.326500e+02   1381s
   77601    6.1104130e+02   0.000000e+00   3.074592e+02   1388s
   77731    6.1104130e+02   0.000000e+00   3.759877e+02   1391s
   78021    6.1104130e+02   0.000000e+00   1.585663e+02   1398s
   78171    6.1104130e+02   0.000000e+00   2.854209e+01   1402s
   78331    6.1104129e+02   0.000000e+00   1.437759e+02   1405s
   78611    6.1104129e+02   0.000000e+00   1.019581e+02   1412s
   78751    6.1104129e+02   0.000000e+00   3.237281e+01   1415s
   79031    6.1104129e+02   0.000000e+00   3.706699e+01   1422s
   79171    6.1104129e+02   0.000000e+00   4.611554e+01   1425s
   79471    6.1104128e+02   0.000000e+00   7.841282e+02   1432s
   79621    6.1104128e+02   0.000000e+00   1.792135e+01   1436s
   79901    6.1104128e+02   0.000000e+00   6.274305e+01   1442s
   80051    6.1104128e+02   0.000000e+00   6.908682e+01   1446s
   80341    6.1104127e+02   0.000000e+00   7.795268e+00   1452s
   80491    6.1104127e+02   0.000000e+00   2.139432e+02   1455s
   80761    6.1104127e+02   0.000000e+00   4.667785e+00   1462s
   80891    6.1104127e+02   0.000000e+00   6.536068e+02   1465s
   81181    6.1104127e+02   0.000000e+00   2.324860e+01   1472s
   81321    6.1104127e+02   0.000000e+00   2.213159e+01   1475s
   81611    6.1104127e+02   0.000000e+00   9.031825e+01   1482s
   81751    6.1104127e+02   0.000000e+00   3.255876e+00   1486s
   82021    6.1104127e+02   0.000000e+00   2.302053e+01   1492s
   82161    6.1104126e+02   0.000000e+00   5.028444e+01   1496s
   82431    6.1104126e+02   0.000000e+00   6.634288e+01   1502s
   82571    6.1104126e+02   0.000000e+00   2.814191e+00   1505s
   82851    6.1104126e+02   0.000000e+00   7.499771e-01   1512s
   82981    6.1104126e+02   0.000000e+00   6.650001e-01   1515s
   83261    6.1104126e+02   0.000000e+00   1.459837e-01   1522s
   83401    6.1104126e+02   0.000000e+00   2.292325e-01   1525s
   83661    6.1104126e+02   0.000000e+00   6.356565e+00   1531s
   83941    6.1104126e+02   0.000000e+00   5.013244e-02   1538s
   84081    6.1104126e+02   0.000000e+00   2.294435e-04   1541s
   84218    6.1104149e+02   9.991699e+02   0.000000e+00   1545s
   84458    6.1104149e+02   9.679796e+02   0.000000e+00   1552s
   84588    6.1104149e+02   1.437020e+02   0.000000e+00   1555s
   84848    6.1104149e+02   6.682734e+01   0.000000e+00   1562s
   84978    6.1104150e+02   6.838931e+01   0.000000e+00   1565s
   85218    6.1104150e+02   4.332561e+02   0.000000e+00   1572s
   85458    6.1104150e+02   1.066572e+02   0.000000e+00   1578s
   85578    6.1104150e+02   3.101574e+02   0.000000e+00   1581s
   85828    6.1104151e+02   2.377477e+01   0.000000e+00   1588s
   85958    6.1104151e+02   4.688491e+02   0.000000e+00   1592s
   86198    6.1104151e+02   4.636128e+01   0.000000e+00   1598s
   86318    6.1104151e+02   1.040818e+02   0.000000e+00   1602s
   86558    6.1104151e+02   1.620722e+02   0.000000e+00   1608s
   86688    6.1104151e+02   4.245595e+02   0.000000e+00   1612s
   86808    6.1104152e+02   6.507890e+00   0.000000e+00   1615s
   87058    6.1104152e+02   8.646545e+00   0.000000e+00   1622s
   87288    6.1104152e+02   3.681402e+01   0.000000e+00   1628s
   87398    6.1104152e+02   1.264747e+01   0.000000e+00   1631s
   87638    6.1104152e+02   2.845093e+00   0.000000e+00   1638s
   87758    6.1104152e+02   2.539541e+00   0.000000e+00   1641s
   87998    6.1104152e+02   1.481627e+00   0.000000e+00   1648s
   88118    6.1104152e+02   1.188198e+00   0.000000e+00   1651s
   88397    6.1104152e+02   0.000000e+00   1.563012e-01   1658s
   88547    6.1104152e+02   0.000000e+00   4.739034e-01   1661s
   88757    6.1104152e+02   0.000000e+00   1.749195e+00   1667s
   88857    6.1104152e+02   0.000000e+00   8.396269e+00   1670s
   89057    6.1104151e+02   0.000000e+00   2.208549e+01   1676s
   89267    6.1104151e+02   0.000000e+00   3.526616e+01   1683s
   89377    6.1104151e+02   0.000000e+00   2.657331e+01   1686s
   89587    6.1104151e+02   0.000000e+00   8.520044e+01   1692s
   89697    6.1104151e+02   0.000000e+00   1.877264e+01   1696s
   89907    6.1104151e+02   0.000000e+00   4.652723e+01   1702s
   90127    6.1104151e+02   0.000000e+00   1.875558e+02   1708s
   90237    6.1104151e+02   0.000000e+00   9.201815e+00   1712s
   90467    6.1104150e+02   0.000000e+00   2.400274e+00   1718s
   90577    6.1104150e+02   0.000000e+00   2.615716e+01   1721s
   90797    6.1104150e+02   0.000000e+00   2.413754e+01   1728s
   90907    6.1104150e+02   0.000000e+00   1.336605e+01   1731s
   91147    6.1104150e+02   0.000000e+00   8.637992e+00   1737s
   91267    6.1104150e+02   0.000000e+00   1.037389e+01   1741s
   91487    6.1104150e+02   0.000000e+00   4.421125e+00   1747s
   91597    6.1104150e+02   0.000000e+00   5.888804e+00   1750s
   91817    6.1104150e+02   0.000000e+00   7.731044e-01   1756s
   92047    6.1104150e+02   0.000000e+00   8.550396e+00   1762s
   92167    6.1104150e+02   0.000000e+00   1.004185e+00   1766s
   92377    6.1104150e+02   0.000000e+00   1.112038e+00   1772s
   92507    6.1104149e+02   0.000000e+00   2.279557e+00   1775s
   92737    6.1104149e+02   0.000000e+00   1.302520e+02   1781s
   92957    6.1104149e+02   0.000000e+00   5.079535e-01   1788s
   93067    6.1104149e+02   0.000000e+00   1.122958e+01   1791s
   93297    6.1104149e+02   0.000000e+00   9.331776e-01   1798s
   93407    6.1104149e+02   0.000000e+00   1.605701e+02   1801s
   93647    6.1104149e+02   0.000000e+00   3.907141e-01   1808s
   93767    6.1104149e+02   0.000000e+00   1.621076e+00   1811s
   94017    6.1104149e+02   0.000000e+00   1.852505e-01   1817s
   94137    6.1104149e+02   0.000000e+00   6.155932e-01   1821s
   94367    6.1104149e+02   0.000000e+00   4.855350e-01   1827s
   94487    6.1104149e+02   0.000000e+00   9.726989e-03   1831s
Extra one simplex iteration after uncrush
   94689    6.1104149e+02   0.000000e+00   0.000000e+00   1840s

Solved with barrier
Solved in 94689 iterations and 1839.93 seconds
Optimal objective  6.110414920e+02
antes: lb: 593 ub: 629 c: 611 bnd: 611.041 teto(bnd): 612 fabs: 0.041492 fabs: 1
depois: lb: 611 ub: 629 c: 611 bnd: 611.041 fabs: 0.041492

C: 620 soma: 620 soma - C: -1.47793e-12
lp_add_row: repeated name: fim(1). previous use was index 95832

C: 620 soma: 620 soma - C: 7.95808e-13
lp_add_row: repeated name: fim(2). previous use was index 95833

C: 620 soma: 620 soma - C: -9.09495e-13
lp_add_row: repeated name: fim(3). previous use was index 95834

C: 620 soma: 620 soma - C: -4.88853e-12
lp_add_row: repeated name: fim(4). previous use was index 95835

C: 620 soma: 620 soma - C: 3.86535e-12
lp_add_row: repeated name: fim(5). previous use was index 95836

C: 620 soma: 620.004 soma - C: 0.00387498
lp_add_row: repeated name: fim(6). previous use was index 95837

C: 620 soma: 620 soma - C: -3.52429e-12
lp_add_row: repeated name: fim(7). previous use was index 95838

C: 620 soma: 620 soma - C: -6.48015e-12
lp_add_row: repeated name: fim(8). previous use was index 95839

C: 620 soma: 620 soma - C: -2.50111e-12
lp_add_row: repeated name: fim(9). previous use was index 95840

C: 620 soma: 620 soma - C: 1.81899e-12
lp_add_row: repeated name: fim(10). previous use was index 95841

C: 620 soma: 620.027 soma - C: 0.0271294
lp_add_row: repeated name: fim(11). previous use was index 95842

C: 620 soma: 620 soma - C: -7.27596e-12
lp_add_row: repeated name: fim(12). previous use was index 95843

C: 620 soma: 620.018 soma - C: 0.0181233
lp_add_row: repeated name: fim(13). previous use was index 95844

C: 620 soma: 620 soma - C: 1.13687e-12
lp_add_row: repeated name: fim(14). previous use was index 95845

C: 620 soma: 620.02 soma - C: 0.0195256
lp_add_row: repeated name: fim(15). previous use was index 95846

C: 620 soma: 620 soma - C: 6.82121e-13
lp_add_row: repeated name: fim(16). previous use was index 95847

C: 620 soma: 620 soma - C: -3.18323e-12
lp_add_row: repeated name: fim(17). previous use was index 95848

C: 620 soma: 620 soma - C: 1.13687e-13
lp_add_row: repeated name: fim(18). previous use was index 95849

C: 620 soma: 620.002 soma - C: 0.00200302
lp_add_row: repeated name: fim(19). previous use was index 95850

C: 620 soma: 620 soma - C: -7.95808e-13
lp_add_row: repeated name: fim(20). previous use was index 95851
Optimize a model with 95852 rows, 171761 columns and 2493360 nonzeros
Coefficient statistics:
  Matrix range     [1e+00, 7e+02]
  Objective range  [1e+00, 1e+00]
  Bounds range     [1e+00, 7e+02]
  RHS range        [1e+00, 1e+00]

Concurrent LP optimizer: dual simplex and barrier
Showing barrier log only...

Presolve removed 5655 rows and 5614 columns
Presolve time: 1.26s
Presolved: 90197 rows, 166147 columns, 2476785 nonzeros

Elapsed ordering time = 5s
Elapsed ordering time = 10s
Elapsed ordering time = 13s
Elapsed ordering time = 15s
Elapsed ordering time = 20s
Ordering time: 20.15s

Barrier statistics:
 AA' NZ     : 4.532e+06
 Factor NZ  : 7.364e+07 (roughly 700 MBytes of memory)
 Factor Ops : 3.227e+11 (roughly 15 seconds per iteration)
 Threads    : 1

                  Objective                Residual
Iter       Primal          Dual         Primal    Dual     Compl     Time
   0   1.21659667e+03 -8.21070759e+05  8.80e+03 2.22e-02  1.31e+02    43s
   1   7.45999684e+02 -7.86277804e+05  6.00e+02 2.08e-01  1.09e+01    63s
   2   6.80799705e+02 -4.18170195e+05  1.12e+02 2.32e-02  2.58e+00    84s
   3   6.69087287e+02 -1.08217791e+05  2.53e+01 8.20e-13  5.70e-01   105s
   4   6.63503545e+02 -6.31321320e+04  1.07e+01 8.24e-13  2.78e-01   125s
   5   6.57889259e+02 -2.08109222e+04  3.41e+00 7.78e-13  8.50e-02   147s
   6   6.53392196e+02 -8.18087311e+03  1.13e+00 4.24e-13  3.09e-02   167s
   7   6.50014566e+02 -2.06286498e+03  1.36e-01 5.08e-13  8.27e-03   189s
   8   6.46481051e+02 -4.27802445e+02  1.70e-02 2.01e-13  3.16e-03   209s
   9   6.42703777e+02  2.02366770e+02  4.45e-03 1.08e-13  1.29e-03   229s
  10   6.38694246e+02  4.13619464e+02  1.71e-03 1.37e-13  6.59e-04   251s
  11   6.36756273e+02  4.82935962e+02  9.25e-04 1.09e-13  4.50e-04   271s
  12   6.34955060e+02  5.26694742e+02  4.90e-04 9.30e-14  3.17e-04   292s
  13   6.33288748e+02  5.47619013e+02  3.42e-04 7.25e-14  2.51e-04   311s
  14   6.30481251e+02  5.60769520e+02  2.07e-04 6.04e-14  2.04e-04   331s
  15   6.28021921e+02  5.81401975e+02  1.24e-04 4.43e-14  1.36e-04   352s
  16   6.24651214e+02  5.98025353e+02  4.47e-05 3.05e-14  7.79e-05   374s
  17   6.21423155e+02  6.14347707e+02  3.42e-06 3.79e-14  2.07e-05   398s
  18   6.20735694e+02  6.16341358e+02  1.62e-06 2.62e-14  1.28e-05   419s
  19   6.20283269e+02  6.17757511e+02  5.74e-07 2.52e-14  7.38e-06   440s
  20   6.20121589e+02  6.18591486e+02  2.16e-07 2.34e-14  4.47e-06   461s
  21   6.20041378e+02  6.19385368e+02  2.37e-08 1.66e-14  1.92e-06   483s
  22   6.20006080e+02  6.19782259e+02  2.48e-09 1.57e-14  6.54e-07   504s
  23   6.20000745e+02  6.19993902e+02  4.90e-10 8.67e-15  2.00e-08   525s
  24   6.20000021e+02  6.19999838e+02  2.79e-09 7.19e-15  5.37e-10   545s
  25   6.20000000e+02  6.20000000e+02  1.38e-09 2.50e-14  5.37e-13   565s

Barrier solved model in 25 iterations and 564.62 seconds
Optimal objective 6.20000000e+02

Crossover log...

   15686 DPushes remaining with DInf 0.0000000e+00               565s
       0 DPushes remaining with DInf 0.0000000e+00               565s

   72210 PPushes remaining with PInf 0.0000000e+00               565s
   64734 PPushes remaining with PInf 0.0000000e+00               571s
   60842 PPushes remaining with PInf 0.0000000e+00               575s
   57050 PPushes remaining with PInf 0.0000000e+00               580s
   55030 PPushes remaining with PInf 0.0000000e+00               586s
   51105 PPushes remaining with PInf 0.0000000e+00               591s
   48412 PPushes remaining with PInf 0.0000000e+00               595s
   45628 PPushes remaining with PInf 0.0000000e+00               600s
   43537 PPushes remaining with PInf 0.0000000e+00               606s
   41271 PPushes remaining with PInf 0.0000000e+00               610s
   38932 PPushes remaining with PInf 0.0000000e+00               616s
   37345 PPushes remaining with PInf 0.0000000e+00               620s
   35463 PPushes remaining with PInf 0.0000000e+00               625s
   32987 PPushes remaining with PInf 0.0000000e+00               631s
   31612 PPushes remaining with PInf 0.0000000e+00               635s
   29654 PPushes remaining with PInf 0.0000000e+00               641s
   27349 PPushes remaining with PInf 0.0000000e+00               645s
   25426 PPushes remaining with PInf 0.0000000e+00               650s
   23220 PPushes remaining with PInf 0.0000000e+00               655s
   21638 PPushes remaining with PInf 0.0000000e+00               660s
   20210 PPushes remaining with PInf 0.0000000e+00               665s
   19263 PPushes remaining with PInf 0.0000000e+00               671s
   18200 PPushes remaining with PInf 0.0000000e+00               675s
   17204 PPushes remaining with PInf 0.0000000e+00               681s
   16092 PPushes remaining with PInf 0.0000000e+00               686s
   15088 PPushes remaining with PInf 0.0000000e+00               691s
   14030 PPushes remaining with PInf 0.0000000e+00               696s
   13149 PPushes remaining with PInf 0.0000000e+00               701s
   12436 PPushes remaining with PInf 0.0000000e+00               705s
   11484 PPushes remaining with PInf 0.0000000e+00               711s
   10698 PPushes remaining with PInf 0.0000000e+00               715s
    9774 PPushes remaining with PInf 0.0000000e+00               720s
    8784 PPushes remaining with PInf 0.0000000e+00               726s
    7863 PPushes remaining with PInf 0.0000000e+00               731s
    6914 PPushes remaining with PInf 0.0000000e+00               736s
    6278 PPushes remaining with PInf 0.0000000e+00               741s
    5640 PPushes remaining with PInf 0.0000000e+00               746s
    5019 PPushes remaining with PInf 0.0000000e+00               750s
    4425 PPushes remaining with PInf 0.0000000e+00               755s
    3599 PPushes remaining with PInf 0.0000000e+00               761s
    2942 PPushes remaining with PInf 0.0000000e+00               765s
    2296 PPushes remaining with PInf 0.0000000e+00               771s
    1512 PPushes remaining with PInf 0.0000000e+00               776s
    1071 PPushes remaining with PInf 0.0000000e+00               780s
     377 PPushes remaining with PInf 0.0000000e+00               787s
       0 PPushes remaining with PInf 0.0000000e+00               791s

  Push phase complete: Pinf 0.0000000e+00, Dinf 1.6323210e-09    791s

Iteration    Objective       Primal Inf.    Dual Inf.      Time
   87899    6.2000000e+02   0.000000e+00   0.000000e+00    792s
   87899    6.2000000e+02   0.000000e+00   0.000000e+00    793s

Solved with barrier
Solved in 87899 iterations and 793.05 seconds
Optimal objective  6.200000000e+02
antes: lb: 611 ub: 629 c: 620 bnd: 620 teto(bnd): 620 fabs: 9.09495e-13 fabs: 0
depois: lb: 611 ub: 620 c: 620 bnd: 620 fabs: 9.09495e-13

C: 615 soma: 620 soma - C: 5
lp_add_row: repeated name: fim(1). previous use was index 95832

C: 615 soma: 620 soma - C: 5
lp_add_row: repeated name: fim(2). previous use was index 95833

C: 615 soma: 620 soma - C: 5
lp_add_row: repeated name: fim(3). previous use was index 95834

C: 615 soma: 620 soma - C: 5
lp_add_row: repeated name: fim(4). previous use was index 95835

C: 615 soma: 620 soma - C: 5
lp_add_row: repeated name: fim(5). previous use was index 95836

C: 615 soma: 620 soma - C: 5
lp_add_row: repeated name: fim(6). previous use was index 95837

C: 615 soma: 620 soma - C: 5
lp_add_row: repeated name: fim(7). previous use was index 95838

C: 615 soma: 620 soma - C: 5
lp_add_row: repeated name: fim(8). previous use was index 95839

C: 615 soma: 620 soma - C: 5
lp_add_row: repeated name: fim(9). previous use was index 95840

C: 615 soma: 620 soma - C: 5
lp_add_row: repeated name: fim(10). previous use was index 95841

C: 615 soma: 620 soma - C: 5
lp_add_row: repeated name: fim(11). previous use was index 95842

C: 615 soma: 620 soma - C: 5
lp_add_row: repeated name: fim(12). previous use was index 95843

C: 615 soma: 620 soma - C: 5
lp_add_row: repeated name: fim(13). previous use was index 95844

C: 615 soma: 620 soma - C: 5
lp_add_row: repeated name: fim(14). previous use was index 95845

C: 615 soma: 620 soma - C: 5
lp_add_row: repeated name: fim(15). previous use was index 95846

C: 615 soma: 620 soma - C: 5
lp_add_row: repeated name: fim(16). previous use was index 95847

C: 615 soma: 620 soma - C: 5
lp_add_row: repeated name: fim(17). previous use was index 95848

C: 615 soma: 620 soma - C: 5
lp_add_row: repeated name: fim(18). previous use was index 95849

C: 615 soma: 620 soma - C: 5
lp_add_row: repeated name: fim(19). previous use was index 95850

C: 615 soma: 620 soma - C: 5
lp_add_row: repeated name: fim(20). previous use was index 95851
Optimize a model with 95852 rows, 171761 columns and 2493360 nonzeros
Coefficient statistics:
  Matrix range     [1e+00, 7e+02]
  Objective range  [1e+00, 1e+00]
  Bounds range     [1e+00, 7e+02]
  RHS range        [1e+00, 1e+00]

Concurrent LP optimizer: dual simplex and barrier
Showing barrier log only...

Presolve removed 5655 rows and 5614 columns
Presolve time: 1.27s
Presolved: 90197 rows, 166147 columns, 2476785 nonzeros

Elapsed ordering time = 5s
Elapsed ordering time = 10s
Elapsed ordering time = 13s
Elapsed ordering time = 15s
Ordering time: 19.98s

Barrier statistics:
 AA' NZ     : 4.532e+06
 Factor NZ  : 7.364e+07 (roughly 700 MBytes of memory)
 Factor Ops : 3.227e+11 (roughly 18 seconds per iteration)
 Threads    : 1

                  Objective                Residual
Iter       Primal          Dual         Primal    Dual     Compl     Time
   0   1.21771252e+03 -8.21490317e+05  8.80e+03 2.41e-02  1.31e+02    42s
   1   7.45329247e+02 -7.86669878e+05  5.95e+02 2.10e-01  1.09e+01    63s
   2   6.80677170e+02 -4.18125227e+05  1.11e+02 2.35e-02  2.57e+00    84s
   3   6.69070499e+02 -1.08652989e+05  2.52e+01 7.39e-13  5.70e-01   105s
   4   6.62762692e+02 -6.16767027e+04  1.08e+01 6.64e-13  2.75e-01   124s
   5   6.57596740e+02 -2.18112278e+04  3.44e+00 6.65e-13  8.83e-02   146s
   6   6.53110103e+02 -8.53092559e+03  1.13e+00 4.21e-13  3.20e-02   166s
   7   6.49833612e+02 -2.16519352e+03  1.17e-01 4.68e-13  8.53e-03   189s
   8   6.46319302e+02 -5.08375315e+02  1.61e-02 1.94e-13  3.40e-03   209s
   9   6.42920518e+02  1.20964239e+02  6.18e-03 1.18e-13  1.53e-03   229s
  10   6.37661263e+02  3.38905861e+02  2.16e-03 1.11e-13  8.74e-04   251s
  11   6.35330229e+02  3.94576135e+02  1.49e-03 9.70e-14  7.05e-04   271s
  12   6.34534864e+02  4.63977405e+02  1.12e-03 7.97e-14  4.99e-04   291s
  13   6.31493993e+02  5.22893071e+02  4.12e-04 5.97e-14  3.18e-04   312s
  14   6.28658639e+02  5.48275779e+02  2.46e-04 5.33e-14  2.35e-04   332s
  15   6.26018742e+02  5.63609712e+02  1.60e-04 4.87e-14  1.83e-04   353s
  16   6.22083412e+02  5.88345782e+02  7.32e-05 3.28e-14  9.87e-05   375s
  17   6.19507937e+02  5.98824211e+02  3.44e-05 2.68e-14  6.05e-05   395s
  18   6.17680932e+02  6.06225809e+02  1.68e-05 2.27e-14  3.35e-05   416s
  19   6.16649640e+02  6.09866754e+02  9.34e-06 2.46e-14  1.98e-05   436s
  20   6.15882567e+02  6.11893367e+02  4.79e-06 2.16e-14  1.17e-05   456s
  21   6.15487303e+02  6.12712213e+02  2.72e-06 2.66e-14  8.11e-06   477s
  22   6.15307253e+02  6.13449283e+02  1.85e-06 2.75e-14  5.43e-06   497s
  23   6.15153338e+02  6.14005670e+02  1.10e-06 2.47e-14  3.36e-06   517s
  24   6.15092198e+02  6.14345188e+02  7.15e-07 2.46e-14  2.18e-06   537s
  25   6.15016577e+02  6.14748084e+02  1.06e-07 2.21e-14  7.85e-07   561s
  26   6.15003387e+02  6.14891643e+02  5.40e-09 1.29e-14  3.27e-07   582s
  27   6.15000875e+02  6.14976345e+02  2.17e-09 1.01e-14  7.17e-08   602s
  28   6.15000027e+02  6.14999627e+02  1.18e-09 7.39e-15  1.17e-09   624s
  29   6.15000000e+02  6.14999999e+02  3.24e-10 4.13e-14  1.81e-12   643s

Barrier solved model in 29 iterations and 643.44 seconds
Optimal objective 6.15000000e+02

Crossover log...

   18548 DPushes remaining with DInf 0.0000000e+00               644s
       0 DPushes remaining with DInf 0.0000000e+00               644s

   70710 PPushes remaining with PInf 0.0000000e+00               644s
   67460 PPushes remaining with PInf 3.1737745e-04               645s
   64123 PPushes remaining with PInf 1.8978741e-05               650s
   62165 PPushes remaining with PInf 1.8978741e-05               656s
   59371 PPushes remaining with PInf 1.8978741e-05               660s
   56791 PPushes remaining with PInf 1.8978741e-05               665s
   54561 PPushes remaining with PInf 1.8978741e-05               670s
   52546 PPushes remaining with PInf 0.0000000e+00               676s
   49146 PPushes remaining with PInf 0.0000000e+00               681s
   46513 PPushes remaining with PInf 0.0000000e+00               685s
   44126 PPushes remaining with PInf 0.0000000e+00               690s
   41997 PPushes remaining with PInf 0.0000000e+00               695s
   39347 PPushes remaining with PInf 0.0000000e+00               700s
   36904 PPushes remaining with PInf 0.0000000e+00               705s
   34872 PPushes remaining with PInf 0.0000000e+00               710s
   32323 PPushes remaining with PInf 0.0000000e+00               716s
   30339 PPushes remaining with PInf 0.0000000e+00               720s
   28084 PPushes remaining with PInf 0.0000000e+00               726s
   25701 PPushes remaining with PInf 0.0000000e+00               731s
   24312 PPushes remaining with PInf 0.0000000e+00               735s
   22565 PPushes remaining with PInf 0.0000000e+00               741s
   21374 PPushes remaining with PInf 0.0000000e+00               746s
   20630 PPushes remaining with PInf 0.0000000e+00               750s
   19491 PPushes remaining with PInf 0.0000000e+00               756s
   18691 PPushes remaining with PInf 0.0000000e+00               760s
   17683 PPushes remaining with PInf 0.0000000e+00               765s
   16695 PPushes remaining with PInf 0.0000000e+00               771s
   15605 PPushes remaining with PInf 0.0000000e+00               777s
   14880 PPushes remaining with PInf 0.0000000e+00               781s
   13759 PPushes remaining with PInf 0.0000000e+00               786s
   13109 PPushes remaining with PInf 0.0000000e+00               790s
   12224 PPushes remaining with PInf 0.0000000e+00               796s
   11517 PPushes remaining with PInf 0.0000000e+00               800s
   10613 PPushes remaining with PInf 0.0000000e+00               806s
    9633 PPushes remaining with PInf 0.0000000e+00               811s
    8952 PPushes remaining with PInf 0.0000000e+00               816s
    8233 PPushes remaining with PInf 0.0000000e+00               820s
    7102 PPushes remaining with PInf 0.0000000e+00               826s
    6274 PPushes remaining with PInf 0.0000000e+00               831s
    5646 PPushes remaining with PInf 0.0000000e+00               836s
    5031 PPushes remaining with PInf 0.0000000e+00               841s
    4443 PPushes remaining with PInf 0.0000000e+00               847s
    3856 PPushes remaining with PInf 0.0000000e+00               851s
    3242 PPushes remaining with PInf 0.0000000e+00               856s
    2739 PPushes remaining with PInf 0.0000000e+00               861s
    1817 PPushes remaining with PInf 0.0000000e+00               868s
    1436 PPushes remaining with PInf 0.0000000e+00               871s
    1011 PPushes remaining with PInf 0.0000000e+00               875s
     341 PPushes remaining with PInf 0.0000000e+00               882s
       0 PPushes remaining with PInf 0.0000000e+00               886s

  Push phase complete: Pinf 0.0000000e+00, Dinf 1.0013112e-08    886s

Iteration    Objective       Primal Inf.    Dual Inf.      Time
   89261    6.1500000e+02   0.000000e+00   0.000000e+00    888s
   89261    6.1500000e+02   0.000000e+00   0.000000e+00    889s

Solved with barrier
Solved in 89261 iterations and 888.79 seconds
Optimal objective  6.150000000e+02
antes: lb: 611 ub: 620 c: 615 bnd: 615 teto(bnd): 615 fabs: 6.48015e-12 fabs: 0
depois: lb: 611 ub: 615 c: 615 bnd: 615 fabs: 6.48015e-12

C: 613 soma: 615 soma - C: 2
lp_add_row: repeated name: fim(1). previous use was index 95832

C: 613 soma: 615 soma - C: 2
lp_add_row: repeated name: fim(2). previous use was index 95833

C: 613 soma: 615 soma - C: 2
lp_add_row: repeated name: fim(3). previous use was index 95834

C: 613 soma: 615 soma - C: 2
lp_add_row: repeated name: fim(4). previous use was index 95835

C: 613 soma: 615 soma - C: 2
lp_add_row: repeated name: fim(5). previous use was index 95836

C: 613 soma: 615 soma - C: 2
lp_add_row: repeated name: fim(6). previous use was index 95837

C: 613 soma: 615 soma - C: 2
lp_add_row: repeated name: fim(7). previous use was index 95838

C: 613 soma: 615 soma - C: 2
lp_add_row: repeated name: fim(8). previous use was index 95839

C: 613 soma: 615 soma - C: 2
lp_add_row: repeated name: fim(9). previous use was index 95840

C: 613 soma: 615 soma - C: 2
lp_add_row: repeated name: fim(10). previous use was index 95841

C: 613 soma: 615 soma - C: 2
lp_add_row: repeated name: fim(11). previous use was index 95842

C: 613 soma: 615 soma - C: 2
lp_add_row: repeated name: fim(12). previous use was index 95843

C: 613 soma: 615 soma - C: 2
lp_add_row: repeated name: fim(13). previous use was index 95844

C: 613 soma: 615 soma - C: 2
lp_add_row: repeated name: fim(14). previous use was index 95845

C: 613 soma: 615 soma - C: 2
lp_add_row: repeated name: fim(15). previous use was index 95846

C: 613 soma: 615 soma - C: 2
lp_add_row: repeated name: fim(16). previous use was index 95847

C: 613 soma: 615 soma - C: 2
lp_add_row: repeated name: fim(17). previous use was index 95848

C: 613 soma: 615 soma - C: 2
lp_add_row: repeated name: fim(18). previous use was index 95849

C: 613 soma: 615 soma - C: 2
lp_add_row: repeated name: fim(19). previous use was index 95850

C: 613 soma: 615 soma - C: 2
lp_add_row: repeated name: fim(20). previous use was index 95851
Optimize a model with 95852 rows, 171761 columns and 2493360 nonzeros
Coefficient statistics:
  Matrix range     [1e+00, 7e+02]
  Objective range  [1e+00, 1e+00]
  Bounds range     [1e+00, 7e+02]
  RHS range        [1e+00, 1e+00]

Concurrent LP optimizer: dual simplex and barrier
Showing barrier log only...

Presolve removed 5655 rows and 5614 columns
Presolve time: 1.43s
Presolved: 90197 rows, 166147 columns, 2476785 nonzeros

Elapsed ordering time = 5s
Elapsed ordering time = 10s
Elapsed ordering time = 13s
Elapsed ordering time = 15s
Elapsed ordering time = 20s
Ordering time: 20.32s

Barrier statistics:
 AA' NZ     : 4.532e+06
 Factor NZ  : 7.364e+07 (roughly 700 MBytes of memory)
 Factor Ops : 3.227e+11 (roughly 13 seconds per iteration)
 Threads    : 1

                  Objective                Residual
Iter       Primal          Dual         Primal    Dual     Compl     Time
   0   1.21821961e+03 -8.21689724e+05  8.80e+03 2.48e-02  1.31e+02    43s
   1   7.45015046e+02 -7.86859952e+05  5.92e+02 2.10e-01  1.08e+01    63s
   2   6.80620045e+02 -4.18199461e+05  1.11e+02 2.36e-02  2.56e+00    84s
   3   6.69125616e+02 -1.08491662e+05  2.57e+01 7.90e-13  5.74e-01   105s
   4   6.62907564e+02 -6.08303901e+04  1.10e+01 6.93e-13  2.73e-01   124s
   5   6.57756823e+02 -2.11923602e+04  3.50e+00 5.95e-13  8.68e-02   145s
   6   6.53322645e+02 -8.11562786e+03  1.18e+00 4.82e-13  3.12e-02   166s
   7   6.49911050e+02 -3.70318924e+03  3.01e-01 2.27e-13  1.37e-02   187s
   8   6.46656376e+02 -6.21521942e+02  1.04e-02 1.91e-13  3.72e-03   208s
   9   6.41944391e+02  5.50031579e+01  3.49e-03 1.39e-13  1.72e-03   229s
  10   6.38480826e+02  3.14829502e+02  1.58e-03 9.97e-14  9.47e-04   250s
  11   6.35484550e+02  3.97732524e+02  8.58e-04 8.22e-14  6.96e-04   270s
  12   6.34135779e+02  4.37720885e+02  6.42e-04 7.59e-14  5.75e-04   290s
  13   6.32077425e+02  5.01485337e+02  3.61e-04 7.49e-14  3.82e-04   311s
  14   6.29616443e+02  5.29152256e+02  2.49e-04 5.99e-14  2.94e-04   331s
  15   6.26477604e+02  5.53380682e+02  1.53e-04 4.89e-14  2.14e-04   351s
  16   6.24483760e+02  5.66195888e+02  1.12e-04 4.98e-14  1.70e-04   371s
  17   6.21418440e+02  5.86705890e+02  6.55e-05 2.97e-14  1.02e-04   392s
  18   6.19282736e+02  5.95867647e+02  4.21e-05 2.82e-14  6.85e-05   412s
  19   6.17620211e+02  6.02365736e+02  2.76e-05 2.81e-14  4.46e-05   433s
  20   6.15957497e+02  6.06359375e+02  1.58e-05 2.74e-14  2.81e-05   454s
  21   6.14475106e+02  6.09573887e+02  6.49e-06 2.17e-14  1.43e-05   475s
  22   6.13859699e+02  6.11086794e+02  3.52e-06 2.19e-14  8.11e-06   495s
  23   6.13456630e+02  6.11629244e+02  1.63e-06 2.43e-14  5.34e-06   517s
  24   6.13292286e+02  6.11957256e+02  1.06e-06 2.54e-14  3.90e-06   537s
  25   6.13179752e+02  6.12219247e+02  7.08e-07 2.61e-14  2.81e-06   557s
  26   6.13109077e+02  6.12385976e+02  4.74e-07 2.95e-14  2.11e-06   577s
  27   6.13087962e+02  6.12526185e+02  4.02e-07 2.95e-14  1.64e-06   597s
  28   6.13057914e+02  6.12640733e+02  2.85e-07 3.17e-14  1.22e-06   617s
  29   6.13036321e+02  6.12752413e+02  2.04e-07 3.08e-14  8.30e-07   637s
  30   6.13021882e+02  6.12835207e+02  1.25e-07 2.22e-14  5.46e-07   657s
  31   6.13005712e+02  6.12901152e+02  2.37e-08 1.69e-14  3.06e-07   678s
  32   6.13000448e+02  6.12977252e+02  4.49e-09 1.20e-14  6.78e-08   702s
  33   6.13000039e+02  6.12999283e+02  1.10e-08 7.77e-15  2.21e-09   724s
  34   6.13000000e+02  6.12999999e+02  2.92e-10 3.62e-14  3.14e-12   744s

Barrier solved model in 34 iterations and 744.44 seconds
Optimal objective 6.13000000e+02

Crossover log...

   19447 DPushes remaining with DInf 0.0000000e+00               745s
    1755 DPushes remaining with DInf 0.0000000e+00               745s
       0 DPushes remaining with DInf 0.0000000e+00               745s

   70103 PPushes remaining with PInf 0.0000000e+00               745s
   64694 PPushes remaining with PInf 5.0506454e-05               750s
   62669 PPushes remaining with PInf 5.0506454e-05               756s
   59818 PPushes remaining with PInf 5.0506454e-05               760s
   57142 PPushes remaining with PInf 5.0506454e-05               765s
   54886 PPushes remaining with PInf 5.0506454e-05               770s
   53132 PPushes remaining with PInf 0.0000000e+00               775s
   50652 PPushes remaining with PInf 0.0000000e+00               780s
   47561 PPushes remaining with PInf 0.0000000e+00               785s
   44412 PPushes remaining with PInf 0.0000000e+00               791s
   42614 PPushes remaining with PInf 0.0000000e+00               795s
   39984 PPushes remaining with PInf 0.0000000e+00               800s
   37330 PPushes remaining with PInf 0.0000000e+00               805s
   35051 PPushes remaining with PInf 0.0000000e+00               810s
   32684 PPushes remaining with PInf 0.0000000e+00               815s
   30759 PPushes remaining with PInf 0.0000000e+00               820s
   28941 PPushes remaining with PInf 0.0000000e+00               825s
   26349 PPushes remaining with PInf 0.0000000e+00               830s
   24894 PPushes remaining with PInf 0.0000000e+00               835s
   23239 PPushes remaining with PInf 0.0000000e+00               840s
   21947 PPushes remaining with PInf 0.0000000e+00               846s
   20912 PPushes remaining with PInf 0.0000000e+00               851s
   19902 PPushes remaining with PInf 0.0000000e+00               856s
   19030 PPushes remaining with PInf 0.0000000e+00               861s
   18147 PPushes remaining with PInf 0.0000000e+00               866s
   16931 PPushes remaining with PInf 0.0000000e+00               871s
   16068 PPushes remaining with PInf 0.0000000e+00               876s
   15294 PPushes remaining with PInf 0.0000000e+00               880s
   14301 PPushes remaining with PInf 0.0000000e+00               885s
   13171 PPushes remaining with PInf 0.0000000e+00               891s
   12579 PPushes remaining with PInf 0.0000000e+00               895s
   11540 PPushes remaining with PInf 0.0000000e+00               901s
   10905 PPushes remaining with PInf 0.0000000e+00               906s
    9963 PPushes remaining with PInf 0.0000000e+00               911s
    9289 PPushes remaining with PInf 0.0000000e+00               915s
    8290 PPushes remaining with PInf 0.0000000e+00               921s
    7212 PPushes remaining with PInf 0.0000000e+00               926s
    6171 PPushes remaining with PInf 0.0000000e+00               932s
    5693 PPushes remaining with PInf 0.0000000e+00               935s
    5052 PPushes remaining with PInf 0.0000000e+00               940s
    4467 PPushes remaining with PInf 0.0000000e+00               945s
    3900 PPushes remaining with PInf 0.0000000e+00               950s
    3238 PPushes remaining with PInf 0.0000000e+00               955s
    2476 PPushes remaining with PInf 0.0000000e+00               962s
    1867 PPushes remaining with PInf 0.0000000e+00               967s
    1349 PPushes remaining with PInf 0.0000000e+00               971s
     916 PPushes remaining with PInf 0.0000000e+00               975s
     485 PPushes remaining with PInf 0.0000000e+00               980s
       0 PPushes remaining with PInf 0.0000000e+00               986s

  Push phase complete: Pinf 0.0000000e+00, Dinf 5.3779963e-09    986s

Iteration    Objective       Primal Inf.    Dual Inf.      Time
   89553    6.1300000e+02   0.000000e+00   0.000000e+00    987s
   89553    6.1300000e+02   0.000000e+00   0.000000e+00    988s

Solved with barrier
Solved in 89553 iterations and 988.04 seconds
Optimal objective  6.130000000e+02
antes: lb: 611 ub: 615 c: 613 bnd: 613 teto(bnd): 613 fabs: 6.59384e-12 fabs: 0
depois: lb: 611 ub: 613 c: 613 bnd: 613 fabs: 6.59384e-12

C: 612 soma: 613 soma - C: 1
lp_add_row: repeated name: fim(1). previous use was index 95832

C: 612 soma: 613 soma - C: 1
lp_add_row: repeated name: fim(2). previous use was index 95833

C: 612 soma: 613 soma - C: 1
lp_add_row: repeated name: fim(3). previous use was index 95834

C: 612 soma: 613 soma - C: 1
lp_add_row: repeated name: fim(4). previous use was index 95835

C: 612 soma: 613 soma - C: 1
lp_add_row: repeated name: fim(5). previous use was index 95836

C: 612 soma: 613 soma - C: 1
lp_add_row: repeated name: fim(6). previous use was index 95837

C: 612 soma: 613 soma - C: 1
lp_add_row: repeated name: fim(7). previous use was index 95838

C: 612 soma: 613 soma - C: 1
lp_add_row: repeated name: fim(8). previous use was index 95839

C: 612 soma: 613 soma - C: 1
lp_add_row: repeated name: fim(9). previous use was index 95840

C: 612 soma: 613 soma - C: 1
lp_add_row: repeated name: fim(10). previous use was index 95841

C: 612 soma: 613 soma - C: 1
lp_add_row: repeated name: fim(11). previous use was index 95842

C: 612 soma: 613 soma - C: 1
lp_add_row: repeated name: fim(12). previous use was index 95843

C: 612 soma: 613 soma - C: 1
lp_add_row: repeated name: fim(13). previous use was index 95844

C: 612 soma: 613 soma - C: 1
lp_add_row: repeated name: fim(14). previous use was index 95845

C: 612 soma: 613 soma - C: 1
lp_add_row: repeated name: fim(15). previous use was index 95846

C: 612 soma: 613 soma - C: 1
lp_add_row: repeated name: fim(16). previous use was index 95847

C: 612 soma: 613 soma - C: 1
lp_add_row: repeated name: fim(17). previous use was index 95848

C: 612 soma: 613 soma - C: 1
lp_add_row: repeated name: fim(18). previous use was index 95849

C: 612 soma: 613 soma - C: 1
lp_add_row: repeated name: fim(19). previous use was index 95850

C: 612 soma: 613 soma - C: 1
lp_add_row: repeated name: fim(20). previous use was index 95851
Optimize a model with 95852 rows, 171761 columns and 2493360 nonzeros
Coefficient statistics:
  Matrix range     [1e+00, 7e+02]
  Objective range  [1e+00, 1e+00]
  Bounds range     [1e+00, 7e+02]
  RHS range        [1e+00, 1e+00]

Concurrent LP optimizer: dual simplex and barrier
Showing barrier log only...

Presolve removed 5655 rows and 5614 columns
Presolve time: 1.19s
Presolved: 90197 rows, 166147 columns, 2476785 nonzeros

Elapsed ordering time = 5s
Elapsed ordering time = 10s
Elapsed ordering time = 13s
Elapsed ordering time = 15s
Elapsed ordering time = 20s
Ordering time: 20.31s

Barrier statistics:
 AA' NZ     : 4.532e+06
 Factor NZ  : 7.364e+07 (roughly 700 MBytes of memory)
 Factor Ops : 3.227e+11 (roughly 16 seconds per iteration)
 Threads    : 1

                  Objective                Residual
Iter       Primal          Dual         Primal    Dual     Compl     Time
   0   1.21848629e+03 -8.21796405e+05  8.80e+03 2.51e-02  1.31e+02    42s
   1   7.44848391e+02 -7.86962298e+05  5.91e+02 2.10e-01  1.08e+01    63s
   2   6.80590016e+02 -4.18239758e+05  1.11e+02 2.37e-02  2.56e+00    83s
   3   6.69109918e+02 -1.08638014e+05  2.56e+01 1.44e-03  5.73e-01   104s
   4   6.62813603e+02 -6.09845322e+04  1.10e+01 7.92e-13  2.74e-01   124s
   5   6.57877079e+02 -2.12569116e+04  3.49e+00 6.98e-13  8.69e-02   144s
   6   6.53341151e+02 -8.13058365e+03  1.18e+00 4.62e-13  3.12e-02   166s
   7   6.49834095e+02 -2.47820099e+03  2.56e-01 2.86e-13  9.84e-03   188s
   8   6.45195230e+02 -3.92868204e+02  3.14e-02 1.74e-13  3.07e-03   209s
   9   6.39772645e+02  2.76758930e+02  1.14e-02 1.72e-13  1.07e-03   230s
  10   6.36061037e+02  3.68697469e+02  6.66e-03 1.40e-13  7.84e-04   251s
  11   6.33660246e+02  4.42228758e+02  4.95e-03 1.20e-13  5.61e-04   271s
  12   6.30610866e+02  5.25806255e+02  2.59e-03 8.14e-14  3.07e-04   293s
  13   6.27707168e+02  5.48866954e+02  1.64e-03 7.32e-14  2.31e-04   313s
  14   6.25597823e+02  5.62100907e+02  1.24e-03 5.85e-14  1.86e-04   333s
  15   6.21900913e+02  5.85053606e+02  5.89e-04 4.13e-14  1.08e-04   355s
  16   6.18520137e+02  5.98096762e+02  2.56e-04 2.69e-14  5.97e-05   375s
  17   6.16324513e+02  6.03464336e+02  1.44e-04 2.67e-14  3.76e-05   396s
  18   6.14005683e+02  6.07763781e+02  5.07e-05 2.42e-14  1.83e-05   419s
  19   6.13048205e+02  6.09641696e+02  2.10e-05 2.20e-14  9.96e-06   439s
  20   6.12559422e+02  6.10626532e+02  8.97e-06 1.97e-14  5.65e-06   461s
  21   6.12377032e+02  6.10917531e+02  5.84e-06 2.53e-14  4.27e-06   480s
  22   6.12239898e+02  6.11235977e+02  3.58e-06 2.62e-14  2.94e-06   500s
  23   6.12143511e+02  6.11472059e+02  2.02e-06 2.85e-14  1.96e-06   521s
  24   6.12072609e+02  6.11734498e+02  9.87e-07 2.39e-14  9.89e-07   542s
  25   6.12036465e+02  6.11823195e+02  5.61e-07 2.42e-14  6.24e-07   563s
  26   6.12016760e+02  6.11881396e+02  3.14e-07 2.67e-14  3.96e-07   585s
  27   6.12006968e+02  6.11930267e+02  1.49e-07 2.34e-14  2.24e-07   606s
  28   6.12000982e+02  6.11975162e+02  1.65e-08 1.83e-14  7.55e-08   630s
  29   6.12000166e+02  6.11995113e+02  1.48e-08 1.20e-14  1.48e-08   651s
  30   6.12000050e+02  6.11999550e+02  1.47e-07 4.59e-14  1.41e-09   673s
  31   6.12000002e+02  6.11999996e+02  1.98e-08 1.01e-13  1.52e-11   692s

Barrier solved model in 31 iterations and 692.44 seconds
Optimal objective 6.12000002e+02

Crossover log...

   20750 DPushes remaining with DInf 1.6330039e-03               693s
       0 DPushes remaining with DInf 0.0000000e+00               693s

   69571 PPushes remaining with PInf 3.6036425e-02               694s
   67609 PPushes remaining with PInf 1.1042363e-02               695s
   64004 PPushes remaining with PInf 8.3967554e-04               700s
   61451 PPushes remaining with PInf 3.5493634e-04               706s
   58496 PPushes remaining with PInf 2.5605019e-04               711s
   56127 PPushes remaining with PInf 1.3254377e-04               715s
   53988 PPushes remaining with PInf 1.1751107e-04               720s
   51717 PPushes remaining with PInf 5.2558485e-05               726s
   48218 PPushes remaining with PInf 0.0000000e+00               730s
   45404 PPushes remaining with PInf 0.0000000e+00               735s
   42308 PPushes remaining with PInf 0.0000000e+00               741s
   40006 PPushes remaining with PInf 0.0000000e+00               745s
   36671 PPushes remaining with PInf 0.0000000e+00               750s
   34377 PPushes remaining with PInf 0.0000000e+00               755s
   32312 PPushes remaining with PInf 0.0000000e+00               760s
   29887 PPushes remaining with PInf 0.0000000e+00               766s
   28050 PPushes remaining with PInf 0.0000000e+00               770s
   25387 PPushes remaining with PInf 0.0000000e+00               775s
   23625 PPushes remaining with PInf 0.0000000e+00               780s
   21650 PPushes remaining with PInf 0.0000000e+00               785s
   19931 PPushes remaining with PInf 0.0000000e+00               791s
   18781 PPushes remaining with PInf 0.0000000e+00               795s
   17887 PPushes remaining with PInf 0.0000000e+00               800s
   16637 PPushes remaining with PInf 0.0000000e+00               805s
   15788 PPushes remaining with PInf 0.0000000e+00               810s
   14731 PPushes remaining with PInf 0.0000000e+00               815s
   13700 PPushes remaining with PInf 0.0000000e+00               820s
   12745 PPushes remaining with PInf 2.0835180e-05               825s
   11817 PPushes remaining with PInf 2.0835180e-05               831s
   11012 PPushes remaining with PInf 2.0835180e-05               835s
   10082 PPushes remaining with PInf 2.0835180e-05               841s
    9185 PPushes remaining with PInf 0.0000000e+00               846s
    8096 PPushes remaining with PInf 0.0000000e+00               852s
    7236 PPushes remaining with PInf 0.0000000e+00               856s
    6198 PPushes remaining with PInf 0.0000000e+00               861s
    5427 PPushes remaining with PInf 0.0000000e+00               866s
    4769 PPushes remaining with PInf 0.0000000e+00               871s
    4161 PPushes remaining with PInf 0.0000000e+00               876s
    3240 PPushes remaining with PInf 0.0000000e+00               882s
    2628 PPushes remaining with PInf 0.0000000e+00               887s
    2172 PPushes remaining with PInf 0.0000000e+00               891s
    1152 PPushes remaining with PInf 0.0000000e+00               898s
     928 PPushes remaining with PInf 0.0000000e+00               900s
     251 PPushes remaining with PInf 0.0000000e+00               907s
       0 PPushes remaining with PInf 0.0000000e+00               910s

  Push phase complete: Pinf 0.0000000e+00, Dinf 6.5326120e-09    910s

Iteration    Objective       Primal Inf.    Dual Inf.      Time
   90322    6.1200000e+02   0.000000e+00   0.000000e+00    912s
   90322    6.1200000e+02   0.000000e+00   0.000000e+00    913s

Solved with barrier
Solved in 90322 iterations and 912.69 seconds
Optimal objective  6.120000000e+02
antes: lb: 611 ub: 613 c: 612 bnd: 612 teto(bnd): 611 fabs: 5.63887e-11 fabs: 1
depois: lb: 611 ub: 612 c: 612 bnd: 612 fabs: 5.63887e-11
Quantidade de iterações binario: 7 lb: 611 ub 612
Tempo gasto no lifting binario: 17690.6
