Academic license - for non-commercial use only
Set parameter TimeLimit to value 7200

Gurobi Optimizer version 8.0.0 build v8.0.0rc0 (linux64)
Copyright (c) 2018, Gurobi Optimization, LLC

Read LP format model from file la21_machine.lp
Reading time = 0.91 seconds
: 96385 rows, 181431 columns, 533570 nonzeros
Optimize a model with 96385 rows, 181431 columns and 533570 nonzeros
Variable types: 0 continuous, 181431 integer (181430 binary)
Coefficient statistics:
  Matrix range     [1e+00, 1e+03]
  Objective range  [1e+00, 1e+00]
  Bounds range     [1e+00, 1e+00]
  RHS range        [1e+00, 1e+00]
Presolve removed 9597 rows and 9607 columns
Presolve time: 2.41s
Presolved: 86788 rows, 171824 columns, 514355 nonzeros
Variable types: 0 continuous, 171824 integer (171823 binary)

Deterministic concurrent LP optimizer: primal and dual simplex
Showing first log only...

Presolve removed 132 rows and 132 columns
Presolved: 86656 rows, 171692 columns, 514099 nonzeros

Presolve removed 22 rows and 9 columns

Root simplex log...

Iteration    Objective       Primal Inf.    Dual Inf.      Time
     535    0.0000000e+00   1.099907e+01   1.959304e+10      5s
    1475    0.0000000e+00   1.098387e+01   3.289996e+10     11s
    2395    0.0000000e+00   9.981924e+00   1.758445e+11     15s
    3615    0.0000000e+00   9.526558e+00   2.369007e+10     20s
    4725    0.0000000e+00   9.080055e+00   5.177692e+10     26s
    5535    0.0000000e+00   8.543412e+00   1.409925e+11     31s
    6425    0.0000000e+00   8.032365e+00   2.410702e+11     35s
    7405    0.0000000e+00   7.674906e+00   5.696283e+10     40s
    8285    0.0000000e+00   7.290910e+00   2.645635e+11     46s
    9145    0.0000000e+00   7.020192e+00   1.029803e+11     51s
    9995    0.0000000e+00   6.773483e+00   7.020930e+10     56s
   10865    0.0000000e+00   6.505136e+00   8.329950e+10     61s
   11695    0.0000000e+00   6.399219e+00   4.056159e+10     66s
   12535    0.0000000e+00   6.242872e+00   3.116778e+10     71s
   13315    0.0000000e+00   6.101806e+00   7.672396e+10     76s
   14135    0.0000000e+00   5.940225e+00   2.885612e+10     81s
   14815    0.0000000e+00   5.816562e+00   4.259244e+10     85s
   15655    0.0000000e+00   5.612993e+00   1.955026e+11     91s
   16345    0.0000000e+00   5.417364e+00   4.393807e+10     95s
   17085    0.0000000e+00   5.346993e+00   2.969826e+10    100s
   17845    0.0000000e+00   5.237282e+00   9.720100e+10    105s
   18635    0.0000000e+00   5.073458e+00   5.609190e+10    111s
   19425    0.0000000e+00   4.970708e+00   6.058288e+10    116s
   20105    0.0000000e+00   4.829504e+00   5.232457e+10    120s
   20885    0.0000000e+00   4.711202e+00   1.476349e+11    126s
   21595    0.0000000e+00   4.598280e+00   7.047199e+10    130s
   22345    0.0000000e+00   4.533040e+00   4.040599e+10    136s
   23015    0.0000000e+00   4.405929e+00   1.215093e+11    140s
   23835    0.0000000e+00   4.257662e+00   3.727605e+10    146s
   24515    0.0000000e+00   4.129314e+00   3.919926e+10    150s
   25195    0.0000000e+00   4.004650e+00   8.100737e+10    155s
   26005    0.0000000e+00   3.840954e+00   5.462204e+10    161s
   26725    0.0000000e+00   3.709820e+00   7.885987e+10    166s
   27425    0.0000000e+00   3.629192e+00   4.042063e+10    171s
   28095    0.0000000e+00   3.533922e+00   2.223395e+10    176s
   28665    0.0000000e+00   3.482316e+00   3.212648e+10    180s
   29325    0.0000000e+00   3.438156e+00   5.466295e+10    186s
   29885    0.0000000e+00   3.375405e+00   2.838365e+10    190s
   30565    0.0000000e+00   3.296065e+00   1.751501e+11    195s
   31295    0.0000000e+00   3.199784e+00   5.321941e+10    201s
   31885    0.0000000e+00   3.118501e+00   1.085248e+11    206s
   32585    0.0000000e+00   3.026814e+00   3.218857e+10    211s
   33295    0.0000000e+00   2.933048e+00   1.113454e+11    216s
   33855    0.0000000e+00   2.827774e+00   3.768667e+10    220s
   34575    0.0000000e+00   2.763106e+00   5.764498e+10    226s
   35145    0.0000000e+00   2.684163e+00   2.966285e+10    231s
   35685    0.0000000e+00   2.630702e+00   5.690323e+10    235s
   36245    0.0000000e+00   2.590708e+00   2.392986e+10    240s
   36845    0.0000000e+00   2.535054e+00   3.674550e+10    245s
   37465    0.0000000e+00   2.457705e+00   6.620118e+10    251s
   38085    0.0000000e+00   2.377263e+00   2.998161e+10    256s
   38575    0.0000000e+00   2.317439e+00   5.950318e+10    260s
   39235    0.0000000e+00   2.234659e+00   2.974275e+10    266s
   39745    0.0000000e+00   2.162248e+00   3.319760e+10    270s
   40405    0.0000000e+00   2.029613e+00   6.569381e+10    276s
   41065    0.0000000e+00   1.945235e+00   4.702779e+10    281s
   41555    0.0000000e+00   1.898017e+00   3.221794e+10    286s
   42155    0.0000000e+00   1.799136e+00   4.108483e+10    291s
   42665    0.0000000e+00   1.726596e+00   3.199866e+10    296s
   43195    0.0000000e+00   1.664369e+00   1.706459e+10    301s
   43845    0.0000000e+00   1.591509e+00   2.709036e+10    306s
   44335    0.0000000e+00   1.522817e+00   8.121438e+10    311s
   44835    0.0000000e+00   1.453962e+00   5.980268e+10    315s
   45345    0.0000000e+00   1.424562e+00   3.750639e+10    320s
   45945    0.0000000e+00   1.369073e+00   6.038804e+10    326s
   46445    0.0000000e+00   1.315599e+00   5.386953e+10    331s
   46985    0.0000000e+00   1.263615e+00   2.510253e+10    335s
   47495    0.0000000e+00   1.207356e+00   5.526361e+10    340s
   48005    0.0000000e+00   1.157130e+00   3.480662e+10    345s
   48575    0.0000000e+00   1.097567e+00   3.116580e+10    351s
   49135    0.0000000e+00   1.054644e+00   2.137608e+10    356s
   49585    0.0000000e+00   1.026371e+00   1.713311e+10    360s
   50135    0.0000000e+00   9.914320e-01   1.731735e+10    366s
   50605    0.0000000e+00   9.610417e-01   3.465835e+10    370s
   51105    0.0000000e+00   9.277247e-01   2.010258e+10    375s
   51585    0.0000000e+00   8.980083e-01   2.787675e+10    380s
   52085    0.0000000e+00   8.694001e-01   1.925393e+10    385s
   52615    0.0000000e+00   8.326884e-01   4.189990e+10    390s
   53115    0.0000000e+00   7.966485e-01   5.099999e+10    395s
   53635    0.0000000e+00   7.650179e-01   1.943912e+10    400s
   54195    0.0000000e+00   7.286764e-01   7.401894e+10    406s
   54625    0.0000000e+00   7.004500e-01   3.340714e+10    411s
   55055    0.0000000e+00   6.786184e-01   1.790016e+10    415s
   55605    0.0000000e+00   6.460293e-01   1.017222e+10    421s
   56035    0.0000000e+00   6.273905e-01   2.727144e+10    426s
   56585    0.0000000e+00   5.967134e-01   1.343973e+10    431s
   57005    0.0000000e+00   5.761469e-01   1.379180e+10    436s
   57415    0.0000000e+00   5.496400e-01   2.505559e+10    440s
   57945    0.0000000e+00   5.175710e-01   3.350465e+10    446s
   58335    0.0000000e+00   4.989253e-01   1.756177e+10    450s
   58855    0.0000000e+00   4.687745e-01   1.968321e+10    456s
   59245    0.0000000e+00   4.522774e-01   2.699674e+10    460s
   59675    0.0000000e+00   4.362277e-01   2.412904e+10    465s
   60255    0.0000000e+00   4.024658e-01   1.820834e+10    471s
   60665    0.0000000e+00   3.879791e-01   1.168016e+10    476s
   61115    0.0000000e+00   3.731870e-01   6.530488e+09    481s
   61575    0.0000000e+00   3.567711e-01   2.845207e+10    485s
   62069    0.0000000e+00   3.369007e-01   1.312993e+10    490s
   62549    0.0000000e+00   3.126415e-01   2.893342e+10    495s
   63029    0.0000000e+00   2.972302e-01   7.112565e+09    500s
   63499    0.0000000e+00   2.869625e-01   2.280947e+10    505s
   63986    0.0000000e+00   2.736210e-01   3.845658e+10    510s
   64466    0.0000000e+00   2.591023e-01   8.290535e+09    515s
   64953    0.0000000e+00   2.417308e-01   2.478965e+10    520s
   65413    0.0000000e+00   2.296436e-01   9.319352e+09    525s
   66023    0.0000000e+00   2.158645e-01   1.030129e+10    532s
   66500    0.0000000e+00   1.964533e-01   1.215940e+10    537s
   66960    0.0000000e+00   1.857473e-01   1.338338e+10    542s
   67454    0.0000000e+00   1.714494e-01   1.528330e+10    547s
   67924    0.0000000e+00   1.546224e-01   1.943564e+10    552s
   68234    0.0000000e+00   1.458687e-01   7.802151e+09    555s
   68711    0.0000000e+00   1.311798e-01   1.131215e+10    560s
   69205    0.0000000e+00   1.181593e-01   2.597547e+10    566s
   69706    0.0000000e+00   1.050726e-01   1.480134e+10    571s
   70040    0.0000000e+00   9.647293e-02   1.455390e+10    575s
   70541    0.0000000e+00   8.485853e-02   1.485439e+10    580s
   71042    0.0000000e+00   7.285191e-02   1.886307e+10    586s
   71543    0.0000000e+00   5.998342e-02   2.009730e+10    591s
   72044    0.0000000e+00   4.819335e-02   9.929991e+09    597s
   72378    0.0000000e+00   4.083416e-02   8.363661e+09    601s
   72879    0.0000000e+00   2.728415e-02   8.975517e+09    606s
   73380    0.0000000e+00   1.500962e-02   1.492864e+10    611s
   73881    0.0000000e+00   4.654443e-03   8.523119e+09    617s
   74246    0.0000000e+00   1.548781e+00   0.000000e+00    622s
   74370    5.2129500e+05   0.000000e+00   3.200000e+01    625s
   75205    1.0263386e+03   0.000000e+00   1.525469e+06    631s
Warning: Markowitz tolerance tightened to 0.03125
   75873    1.0194400e+03   0.000000e+00   1.257764e+07    636s
   76541    1.0117662e+03   0.000000e+00   2.344447e+06    641s
   77042    1.0061886e+03   0.000000e+00   1.711714e+06    645s
   77710    9.9859157e+02   0.000000e+00   1.129757e+06    651s
   78378    9.9233333e+02   0.000000e+00   1.145374e+06    656s
   78879    9.8841962e+02   0.000000e+00   3.058014e+06    660s
   79547    9.8438603e+02   0.000000e+00   1.757211e+06    666s
   80215    9.8003395e+02   0.000000e+00   2.437239e+06    671s
   80716    9.7504222e+02   0.000000e+00   7.649999e+05    675s
   81384    9.7148547e+02   0.000000e+00   5.738648e+05    680s
   82052    9.6785167e+02   0.000000e+00   1.504412e+06    686s
   82720    9.6347511e+02   0.000000e+00   9.303463e+05    691s
   83221    9.6088052e+02   0.000000e+00   1.054975e+07    695s
   83889    9.5732465e+02   0.000000e+00   1.155666e+06    701s
   84557    9.5292488e+02   0.000000e+00   5.777187e+06    706s
   85225    9.4977323e+02   0.000000e+00   1.592091e+06    711s
   85893    9.4607901e+02   0.000000e+00   5.826694e+05    716s
   86561    9.4372708e+02   0.000000e+00   1.156393e+06    721s
   87229    9.4147377e+02   0.000000e+00   1.551547e+06    726s
   87897    9.3855684e+02   0.000000e+00   3.344550e+05    731s
   88565    9.3596277e+02   0.000000e+00   1.059188e+06    736s
   89233    9.3225316e+02   0.000000e+00   5.896757e+06    741s
   89901    9.2906889e+02   0.000000e+00   4.915011e+06    746s
   90569    9.2650970e+02   0.000000e+00   9.551045e+05    751s
   91237    9.2461611e+02   0.000000e+00   5.947625e+05    755s
   91905    9.2194109e+02   0.000000e+00   5.533179e+05    760s
   92573    9.1946539e+02   0.000000e+00   8.439765e+05    766s
   93241    9.1700455e+02   0.000000e+00   5.987927e+06    770s
   93909    9.1500665e+02   0.000000e+00   1.154548e+06    775s
   94577    9.1288947e+02   0.000000e+00   6.481649e+05    780s
   95245    9.1101889e+02   0.000000e+00   1.303001e+06    785s
   96080    9.0905235e+02   0.000000e+00   3.449852e+05    791s
   96748    9.0757042e+02   0.000000e+00   3.808955e+06    796s
   97416    9.0612270e+02   0.000000e+00   3.493922e+05    801s
   98084    9.0430526e+02   0.000000e+00   7.662543e+05    805s
   98752    9.0309883e+02   0.000000e+00   1.087486e+06    810s
Warning: Markowitz tolerance tightened to 0.0625
   99587    9.0178823e+02   0.000000e+00   1.002471e+06    816s
  100255    9.0046464e+02   0.000000e+00   2.738776e+05    821s
  100923    8.9901263e+02   0.000000e+00   3.866680e+05    826s
  101591    8.9811160e+02   0.000000e+00   3.459241e+05    830s
  102259    8.9692460e+02   0.000000e+00   3.525021e+05    835s
  102927    8.9588542e+02   0.000000e+00   1.046599e+06    840s
  103762    8.9485290e+02   0.000000e+00   1.575812e+06    846s
  104430    8.9349102e+02   0.000000e+00   6.372096e+05    851s
  105098    8.9215706e+02   0.000000e+00   3.644911e+05    855s
  105766    8.9105423e+02   0.000000e+00   6.960162e+05    860s
  106601    8.9017726e+02   0.000000e+00   1.903522e+06    865s
  107436    8.8905336e+02   0.000000e+00   1.149300e+06    871s
  108104    8.8789292e+02   0.000000e+00   5.713605e+05    876s
  108772    8.8719331e+02   0.000000e+00   6.020457e+05    881s
  109440    8.8637221e+02   0.000000e+00   9.807612e+05    885s
  110108    8.8572070e+02   0.000000e+00   3.840511e+05    890s
  110776    8.8482795e+02   0.000000e+00   9.306452e+05    895s
  111611    8.8388896e+02   0.000000e+00   4.350836e+06    901s
  112279    8.8303528e+02   0.000000e+00   1.525489e+07    906s
  112947    8.8228115e+02   0.000000e+00   2.924470e+05    911s
  113615    8.8160269e+02   0.000000e+00   2.706315e+05    915s
  114450    8.8097924e+02   0.000000e+00   4.243285e+05    921s
  115118    8.7997329e+02   0.000000e+00   1.473184e+06    926s
  115786    8.7885527e+02   0.000000e+00   9.913814e+05    930s
  116454    8.7794183e+02   0.000000e+00   2.522037e+05    935s
  117289    8.7704008e+02   0.000000e+00   4.633927e+05    941s
  118124    8.7651638e+02   0.000000e+00   2.530198e+05    946s
  118792    8.7598979e+02   0.000000e+00   4.507368e+05    951s
  119627    8.7525520e+02   0.000000e+00   9.357060e+05    956s
  120295    8.7425931e+02   0.000000e+00   7.870233e+05    961s
  120963    8.7345956e+02   0.000000e+00   5.012865e+05    965s
  121798    8.7268186e+02   0.000000e+00   5.686707e+05    971s
  122466    8.7221634e+02   0.000000e+00   9.758484e+05    975s
  123301    8.7165224e+02   0.000000e+00   4.818024e+05    981s
  123969    8.7071161e+02   0.000000e+00   4.141017e+06    986s
  124804    8.7005058e+02   0.000000e+00   3.327213e+05    991s
  125472    8.6956688e+02   0.000000e+00   4.614573e+05    995s
  126307    8.6897237e+02   0.000000e+00   7.383377e+06   1001s
  126975    8.6846579e+02   0.000000e+00   1.658777e+05   1005s
  127810    8.6757293e+02   0.000000e+00   4.301134e+05   1011s
  128478    8.6709101e+02   0.000000e+00   3.447745e+05   1016s
  129146    8.6655129e+02   0.000000e+00   3.514959e+05   1020s
  129981    8.6605415e+02   0.000000e+00   1.867292e+05   1026s
  130649    8.6569682e+02   0.000000e+00   1.542451e+05   1030s
  131484    8.6515729e+02   0.000000e+00   1.616553e+06   1036s
  132319    8.6481444e+02   0.000000e+00   3.653739e+05   1041s
  132987    8.6434510e+02   0.000000e+00   5.150135e+05   1046s
  133655    8.6391208e+02   0.000000e+00   1.307614e+06   1050s
  134490    8.6343941e+02   0.000000e+00   2.055675e+05   1056s
  135158    8.6288961e+02   0.000000e+00   1.317184e+05   1060s
  135993    8.6243253e+02   0.000000e+00   1.924406e+05   1066s
  136661    8.6213055e+02   0.000000e+00   4.458621e+05   1070s
  137496    8.6172004e+02   0.000000e+00   3.632213e+05   1075s
  138331    8.6110150e+02   0.000000e+00   4.641621e+05   1081s
  138999    8.6073951e+02   0.000000e+00   2.168247e+05   1085s
  139834    8.6022473e+02   0.000000e+00   3.589199e+05   1091s
  140669    8.5976335e+02   0.000000e+00   2.937830e+05   1096s
  141337    8.5946388e+02   0.000000e+00   2.135845e+05   1100s
  142172    8.5906441e+02   0.000000e+00   3.301326e+05   1106s
  143007    8.5872559e+02   0.000000e+00   1.481487e+05   1111s
  143675    8.5834072e+02   0.000000e+00   2.818096e+05   1115s
  144510    8.5794246e+02   0.000000e+00   1.663974e+05   1121s
  145178    8.5757957e+02   0.000000e+00   4.539799e+05   1125s
  146013    8.5719683e+02   0.000000e+00   5.558980e+05   1130s
  146848    8.5678832e+02   0.000000e+00   2.737778e+05   1136s
  147516    8.5656147e+02   0.000000e+00   6.090704e+05   1140s
  148351    8.5623288e+02   0.000000e+00   2.025932e+05   1146s
  149019    8.5581012e+02   0.000000e+00   2.594764e+05   1151s
  149854    8.5520200e+02   0.000000e+00   2.474383e+05   1156s
  150522    8.5479675e+02   0.000000e+00   2.880427e+05   1160s
  151357    8.5434575e+02   0.000000e+00   1.196734e+05   1166s
  152025    8.5403847e+02   0.000000e+00   2.991537e+05   1170s
  152860    8.5375140e+02   0.000000e+00   1.083936e+05   1176s
  153528    8.5351895e+02   0.000000e+00   2.386550e+05   1180s
  154363    8.5318918e+02   0.000000e+00   4.378653e+05   1185s
  155198    8.5281502e+02   0.000000e+00   1.498974e+05   1191s
  155866    8.5257408e+02   0.000000e+00   1.219982e+05   1195s
  156701    8.5230695e+02   0.000000e+00   1.455313e+05   1201s
  157369    8.5212158e+02   0.000000e+00   5.160006e+06   1205s
  158204    8.5182389e+02   0.000000e+00   4.216182e+05   1211s
  158872    8.5156328e+02   0.000000e+00   1.336270e+05   1215s
  159707    8.5132340e+02   0.000000e+00   1.587675e+06   1221s
  160375    8.5116584e+02   0.000000e+00   3.028477e+05   1225s
  161210    8.5086740e+02   0.000000e+00   3.140889e+05   1231s
  161878    8.5069987e+02   0.000000e+00   1.284200e+06   1235s
  162713    8.5046892e+02   0.000000e+00   2.298149e+05   1241s
  163381    8.5033451e+02   0.000000e+00   2.449397e+06   1245s
  164216    8.5007549e+02   0.000000e+00   1.994574e+05   1251s
  165051    8.4976411e+02   0.000000e+00   1.613485e+05   1256s
  165719    8.4961377e+02   0.000000e+00   4.213319e+05   1260s
  166554    8.4940626e+02   0.000000e+00   1.250267e+05   1265s
  167389    8.4922239e+02   0.000000e+00   3.959423e+05   1271s
  168224    8.4907920e+02   0.000000e+00   3.761224e+05   1276s
  168892    8.4896227e+02   0.000000e+00   7.180389e+05   1280s
  169727    8.4879550e+02   0.000000e+00   1.529083e+05   1286s
  170562    8.4865004e+02   0.000000e+00   5.773846e+05   1291s
  171397    8.4846370e+02   0.000000e+00   2.144492e+05   1296s
  172065    8.4828973e+02   0.000000e+00   2.872621e+05   1300s
  172900    8.4799046e+02   0.000000e+00   3.423970e+05   1306s
  173735    8.4772953e+02   0.000000e+00   2.524686e+05   1311s
  174403    8.4756987e+02   0.000000e+00   3.183505e+05   1315s
  175238    8.4744315e+02   0.000000e+00   3.173875e+05   1320s
  176073    8.4715794e+02   0.000000e+00   8.944813e+05   1326s
  176741    8.4696968e+02   0.000000e+00   3.796992e+05   1330s
  177576    8.4680033e+02   0.000000e+00   1.084011e+06   1335s
  178411    8.4666568e+02   0.000000e+00   2.374800e+05   1341s
  179246    8.4649257e+02   0.000000e+00   2.381873e+05   1346s
  179914    8.4636352e+02   0.000000e+00   2.500655e+05   1350s
  180749    8.4616757e+02   0.000000e+00   8.290927e+05   1355s
  181584    8.4597971e+02   0.000000e+00   6.616690e+05   1360s
  182419    8.4577515e+02   0.000000e+00   9.049096e+06   1366s
  183087    8.4560725e+02   0.000000e+00   1.403006e+05   1370s
  183922    8.4549956e+02   0.000000e+00   5.042342e+05   1376s
  184757    8.4535871e+02   0.000000e+00   2.796750e+05   1381s
  185425    8.4523231e+02   0.000000e+00   2.214348e+05   1385s
  186260    8.4504560e+02   0.000000e+00   1.701870e+05   1391s
  186928    8.4488840e+02   0.000000e+00   3.863952e+05   1395s
  187763    8.4473573e+02   0.000000e+00   3.227633e+05   1400s
  188598    8.4455330e+02   0.000000e+00   1.892529e+05   1406s
  189266    8.4443628e+02   0.000000e+00   1.684556e+05   1410s
  190101    8.4426609e+02   0.000000e+00   5.475039e+06   1416s
  190936    8.4410133e+02   0.000000e+00   2.020874e+05   1421s
  191604    8.4403120e+02   0.000000e+00   3.187536e+05   1425s
  192439    8.4389936e+02   0.000000e+00   9.571350e+04   1431s
  193274    8.4376554e+02   0.000000e+00   1.199646e+05   1436s
  193942    8.4368495e+02   0.000000e+00   5.688410e+06   1440s
  194777    8.4352070e+02   0.000000e+00   1.443946e+05   1446s
  195612    8.4330022e+02   0.000000e+00   9.227705e+05   1451s
  196280    8.4316952e+02   0.000000e+00   3.369362e+05   1455s
  197115    8.4298931e+02   0.000000e+00   2.947949e+05   1461s
  197783    8.4288491e+02   0.000000e+00   6.313374e+05   1465s
  198618    8.4276579e+02   0.000000e+00   2.308107e+05   1471s
  199286    8.4267569e+02   0.000000e+00   4.141098e+05   1475s
  200121    8.4253308e+02   0.000000e+00   3.400986e+05   1481s
  200789    8.4243020e+02   0.000000e+00   3.715059e+06   1485s
  201624    8.4232103e+02   0.000000e+00   9.897017e+05   1491s
  202459    8.4218470e+02   0.000000e+00   2.925479e+05   1496s
  203127    8.4209423e+02   0.000000e+00   6.856895e+05   1500s
  203962    8.4198790e+02   0.000000e+00   7.440706e+05   1505s
  204797    8.4187610e+02   0.000000e+00   1.091851e+05   1510s
  205632    8.4174656e+02   0.000000e+00   1.394949e+06   1516s
  206300    8.4163262e+02   0.000000e+00   3.942510e+05   1520s
  207135    8.4154311e+02   0.000000e+00   1.108139e+06   1526s
  207970    8.4143697e+02   0.000000e+00   4.180838e+05   1531s
  208805    8.4130130e+02   0.000000e+00   2.638310e+05   1536s
  209640    8.4120483e+02   0.000000e+00   6.901682e+05   1541s
  210308    8.4108944e+02   0.000000e+00   3.030413e+06   1545s
  211143    8.4100527e+02   0.000000e+00   9.912342e+04   1550s
  211978    8.4089667e+02   0.000000e+00   1.365596e+05   1556s
  212813    8.4081707e+02   0.000000e+00   8.850564e+05   1561s
  213648    8.4072430e+02   0.000000e+00   2.076798e+06   1566s
  214316    8.4067151e+02   0.000000e+00   9.889446e+04   1570s
  215151    8.4050226e+02   0.000000e+00   3.723474e+06   1575s
  215986    8.4038567e+02   0.000000e+00   4.547678e+06   1581s
  216821    8.4026076e+02   0.000000e+00   1.481706e+05   1586s
  217489    8.4018130e+02   0.000000e+00   3.525685e+05   1590s
  218324    8.4008097e+02   0.000000e+00   6.143786e+05   1595s
  219159    8.3993454e+02   0.000000e+00   4.254366e+05   1601s
  219827    8.3986286e+02   0.000000e+00   7.596989e+05   1605s
  220662    8.3972303e+02   0.000000e+00   2.640662e+05   1610s
  221497    8.3960764e+02   0.000000e+00   2.624761e+05   1615s
  222332    8.3952222e+02   0.000000e+00   1.859159e+05   1621s
  223167    8.3941563e+02   0.000000e+00   3.177632e+05   1626s
  223835    8.3932446e+02   0.000000e+00   3.664099e+06   1630s
  224670    8.3922656e+02   0.000000e+00   1.193323e+05   1635s
  225505    8.3908638e+02   0.000000e+00   2.282925e+05   1641s
  226340    8.3898237e+02   0.000000e+00   6.152047e+04   1646s
  227175    8.3889469e+02   0.000000e+00   3.737845e+06   1651s
  227843    8.3875733e+02   0.000000e+00   1.820898e+05   1656s
  228511    8.3867293e+02   0.000000e+00   5.019381e+06   1660s
  229179    8.3851991e+02   0.000000e+00   2.032337e+06   1665s
  230014    8.3833666e+02   0.000000e+00   1.882594e+06   1671s
  230682    8.3821046e+02   0.000000e+00   1.049853e+07   1676s
  231350    8.3813502e+02   0.000000e+00   1.190701e+06   1681s
  232018    8.3804974e+02   0.000000e+00   1.161463e+05   1686s
  232686    8.3793964e+02   0.000000e+00   4.340470e+06   1690s
  233354    8.3782283e+02   0.000000e+00   2.468529e+06   1695s
  234022    8.3768768e+02   0.000000e+00   4.218897e+06   1700s
  234857    8.3755652e+02   0.000000e+00   2.176332e+07   1706s
  235525    8.3748894e+02   0.000000e+00   5.859505e+06   1710s
  236193    8.3741520e+02   0.000000e+00   2.244248e+06   1715s
  236861    8.3732225e+02   0.000000e+00   5.511385e+06   1721s
  237362    8.3722406e+02   0.000000e+00   7.687167e+05   1725s
  238030    8.3716318e+02   0.000000e+00   5.681163e+06   1730s
  238698    8.3705301e+02   0.000000e+00   8.769811e+07   1737s
  239199    8.3698094e+02   0.000000e+00   3.642843e+05   1741s
  239700    8.3688939e+02   0.000000e+00   5.992042e+05   1746s
  240368    8.3679167e+02   0.000000e+00   2.410612e+06   1751s
  240869    8.3672371e+02   0.000000e+00   1.505128e+06   1755s
  241370    8.3662504e+02   0.000000e+00   2.745501e+07   1761s
  241871    8.3657797e+02   0.000000e+00   1.433579e+06   1765s
  242372    8.3651670e+02   0.000000e+00   2.218177e+06   1770s
  243040    8.3644263e+02   0.000000e+00   1.389082e+06   1776s
  243541    8.3638978e+02   0.000000e+00   1.904862e+07   1781s
  244042    8.3633976e+02   0.000000e+00   1.604412e+06   1786s
  244543    8.3629159e+02   0.000000e+00   5.864442e+06   1791s
  245044    8.3622231e+02   0.000000e+00   5.491575e+05   1796s
  245545    8.3619640e+02   0.000000e+00   1.668214e+06   1801s
  246149    8.3617064e+02   0.000000e+00   1.682114e+07   1808s
  246329    8.3614558e+02   0.000000e+00   2.817126e+06   1811s
  246619    8.3609991e+02   0.000000e+00   1.977679e+06   1816s
  246889    8.3606571e+02   0.000000e+00   1.845353e+07   1821s
  247139    8.3602741e+02   0.000000e+00   1.645935e+06   1826s
  247379    8.3600237e+02   0.000000e+00   6.023387e+07   1831s
  247689    8.3597229e+02   0.000000e+00   1.223193e+07   1837s
  247919    8.3594489e+02   0.000000e+00   2.676847e+06   1841s
  248119    8.3592981e+02   0.000000e+00   8.771040e+05   1845s
  248479    8.3587357e+02   0.000000e+00   5.783526e+07   1852s
  248639    8.3585258e+02   0.000000e+00   3.657098e+06   1855s
  248949    8.3580887e+02   0.000000e+00   3.657024e+06   1861s
  249209    8.3577236e+02   0.000000e+00   4.275963e+06   1866s
  249536    8.3574869e+02   0.000000e+00   1.194910e+06   1872s
  249703    8.3573413e+02   0.000000e+00   5.135629e+06   1875s
  250037    8.3567931e+02   0.000000e+00   9.848374e+05   1881s
  250364    8.3564183e+02   0.000000e+00   1.588206e+07   1888s
  250524    8.3562504e+02   0.000000e+00   1.277542e+07   1891s
  250851    8.3558347e+02   0.000000e+00   1.658867e+06   1897s
  251185    8.3555496e+02   0.000000e+00   3.152048e+06   1903s
  251352    8.3554260e+02   0.000000e+00   4.925837e+06   1906s
  251686    8.3551294e+02   0.000000e+00   3.158438e+06   1912s
  251853    8.3549634e+02   0.000000e+00   2.266966e+06   1916s
  252187    8.3545974e+02   0.000000e+00   1.824795e+06   1922s
  252347    8.3544527e+02   0.000000e+00   6.211432e+05   1925s
  252607    8.3541272e+02   0.000000e+00   2.456055e+06   1930s
  252924    8.3535017e+02   0.000000e+00   7.236105e+06   1936s
  253204    8.3532161e+02   0.000000e+00   2.222557e+07   1942s
  253464    8.3528914e+02   0.000000e+00   9.678040e+06   1947s
  253774    8.3523656e+02   0.000000e+00   6.019292e+07   1953s
  253904    8.3522204e+02   0.000000e+00   9.673000e+05   1955s
  254254    8.3517852e+02   0.000000e+00   6.529805e+06   1963s
  254474    8.3515063e+02   0.000000e+00   9.213426e+06   1967s
  254734    8.3512376e+02   0.000000e+00   3.817454e+06   1972s
  254954    8.3509004e+02   0.000000e+00   9.777808e+06   1976s
  255274    8.3502787e+02   0.000000e+00   1.244158e+06   1982s
  255444    8.3499452e+02   0.000000e+00   1.602567e+06   1985s
  255724    8.3493429e+02   0.000000e+00   7.044441e+06   1991s
  256054    8.3489054e+02   0.000000e+00   6.208295e+07   1997s
  256294    8.3484305e+02   0.000000e+00   9.919458e+06   2001s
  256574    8.3480702e+02   0.000000e+00   1.159716e+09   2006s
  256884    8.3478114e+02   0.000000e+00   4.304595e+06   2012s
  257051    8.3476642e+02   0.000000e+00   2.070584e+07   2016s
  257348    8.3472774e+02   0.000000e+00   3.616968e+05   2021s
  257708    8.3468762e+02   0.000000e+00   2.600000e+06   2028s
  257858    8.3467323e+02   0.000000e+00   6.319632e+07   2031s
  258128    8.3464978e+02   0.000000e+00   3.770204e+06   2036s
  258318    8.3463247e+02   0.000000e+00   5.491899e+06   2041s
  258628    8.3460124e+02   0.000000e+00   4.699962e+07   2047s
  258795    8.3457777e+02   0.000000e+00   1.110521e+07   2051s
  259082    8.3454173e+02   0.000000e+00   9.094737e+05   2057s
  259332    8.3452257e+02   0.000000e+00   4.746409e+05   2062s
  259592    8.3450589e+02   0.000000e+00   1.420288e+06   2067s
  259852    8.3448643e+02   0.000000e+00   6.994634e+05   2073s
  259972    8.3447446e+02   0.000000e+00   3.185460e+05   2075s
  260232    8.3445087e+02   0.000000e+00   1.267207e+07   2081s
  260482    8.3442497e+02   0.000000e+00   1.794003e+06   2086s
  260809    8.3439356e+02   0.000000e+00   2.198140e+06   2092s
  260976    8.3437794e+02   0.000000e+00   6.606832e+06   2096s
  261310    8.3434250e+02   0.000000e+00   3.600703e+05   2102s
  261580    8.3431766e+02   0.000000e+00   2.851679e+06   2108s
  261740    8.3429604e+02   0.000000e+00   1.990452e+06   2111s
  261990    8.3426761e+02   0.000000e+00   1.561975e+06   2116s
  262230    8.3424180e+02   0.000000e+00   2.127191e+06   2121s
  262507    8.3420351e+02   0.000000e+00   7.963853e+05   2127s
  262757    8.3415708e+02   0.000000e+00   1.130193e+07   2132s
  263074    8.3411907e+02   0.000000e+00   1.673780e+06   2138s
  263241    8.3409025e+02   0.000000e+00   3.195337e+06   2142s
  263461    8.3405249e+02   0.000000e+00   2.713786e+06   2146s
  263721    8.3401444e+02   0.000000e+00   3.226023e+06   2152s
  263961    8.3398466e+02   0.000000e+00   8.844806e+05   2156s
  264251    8.3394920e+02   0.000000e+00   1.358422e+07   2163s
  264371    8.3393230e+02   0.000000e+00   3.567587e+06   2165s
  264681    8.3389401e+02   0.000000e+00   5.066906e+07   2171s
  265015    8.3384740e+02   0.000000e+00   3.395563e+06   2178s
  265135    8.3383374e+02   0.000000e+00   4.910545e+06   2180s
  265375    8.3380932e+02   0.000000e+00   3.277010e+06   2186s
  265682    8.3378072e+02   0.000000e+00   2.394287e+06   2192s
  265969    8.3374487e+02   0.000000e+00   1.519129e+08   2198s
  266239    8.3371098e+02   0.000000e+00   2.578195e+06   2203s
  266379    8.3367865e+02   0.000000e+00   6.268191e+06   2206s
  266706    8.3362412e+02   0.000000e+00   7.956436e+07   2213s
  266873    8.3359851e+02   0.000000e+00   5.186283e+06   2216s
  267170    8.3356371e+02   0.000000e+00   9.791982e+06   2222s
  267337    8.3353866e+02   0.000000e+00   6.926741e+07   2226s
  267607    8.3349806e+02   0.000000e+00   8.761168e+06   2231s
  267887    8.3346455e+02   0.000000e+00   1.398548e+06   2237s
  268127    8.3343063e+02   0.000000e+00   1.788997e+06   2242s
  268417    8.3338534e+02   0.000000e+00   1.636483e+06   2248s
  268537    8.3337070e+02   0.000000e+00   1.788914e+06   2250s
  268864    8.3332204e+02   0.000000e+00   1.829744e+08   2257s
  269031    8.3329952e+02   0.000000e+00   7.269582e+05   2260s
  269365    8.3326253e+02   0.000000e+00   5.645325e+05   2267s
  269532    8.3324203e+02   0.000000e+00   5.005852e+06   2271s
  269849    8.3320534e+02   0.000000e+00   8.760081e+05   2278s
  270016    8.3318319e+02   0.000000e+00   5.274437e+07   2281s
  270350    8.3314565e+02   0.000000e+00   4.301326e+06   2288s
  270490    8.3313489e+02   0.000000e+00   7.629481e+06   2291s
  270777    8.3310212e+02   0.000000e+00   3.339478e+06   2297s
  270927    8.3308716e+02   0.000000e+00   8.124195e+05   2301s
  271224    8.3305749e+02   0.000000e+00   7.880016e+05   2307s
  271391    8.3304252e+02   0.000000e+00   2.342931e+06   2310s
  271725    8.3301827e+02   0.000000e+00   4.646987e+06   2317s
  271865    8.3299868e+02   0.000000e+00   1.079613e+07   2320s
  272199    8.3295392e+02   0.000000e+00   3.240601e+06   2327s
  272429    8.3293454e+02   0.000000e+00   4.655374e+06   2332s
  272669    8.3291785e+02   0.000000e+00   5.310164e+05   2337s
  272836    8.3290468e+02   0.000000e+00   2.321123e+06   2340s
  273170    8.3288037e+02   0.000000e+00   1.997905e+06   2347s
  273337    8.3286552e+02   0.000000e+00   4.510077e+06   2351s
  273644    8.3283533e+02   0.000000e+00   7.345722e+05   2357s
  273811    8.3282470e+02   0.000000e+00   1.020555e+06   2361s
  274041    8.3279540e+02   0.000000e+00   5.847811e+05   2366s
  274311    8.3277430e+02   0.000000e+00   6.240467e+05   2372s
  274561    8.3276068e+02   0.000000e+00   7.557434e+06   2377s
  274831    8.3272864e+02   0.000000e+00   9.384403e+06   2383s
  274998    8.3271016e+02   0.000000e+00   8.724797e+05   2387s
  275165    8.3269287e+02   0.000000e+00   5.224045e+06   2390s
  275405    8.3267227e+02   0.000000e+00   4.414158e+06   2396s
  275732    8.3263709e+02   0.000000e+00   8.244580e+06   2403s
  275899    8.3261960e+02   0.000000e+00   5.636409e+06   2407s
  276066    8.3260758e+02   0.000000e+00   5.582691e+05   2410s
  276373    8.3257985e+02   0.000000e+00   7.880489e+05   2417s
  276540    8.3256795e+02   0.000000e+00   2.031890e+07   2421s
  276847    8.3254487e+02   0.000000e+00   3.780221e+06   2427s
  277097    8.3252700e+02   0.000000e+00   9.285866e+06   2433s
  277264    8.3251007e+02   0.000000e+00   1.210674e+06   2436s
  277551    8.3248691e+02   0.000000e+00   4.129754e+06   2442s
  277921    8.3245862e+02   0.000000e+00   1.188955e+06   2450s
  278031    8.3244964e+02   0.000000e+00   1.290367e+07   2452s
  278261    8.3243294e+02   0.000000e+00   2.430491e+06   2457s
  278428    8.3242298e+02   0.000000e+00   1.242872e+06   2461s
  278715    8.3239201e+02   0.000000e+00   1.738126e+06   2467s
  278935    8.3237185e+02   0.000000e+00   1.411588e+06   2472s
  279085    8.3236056e+02   0.000000e+00   1.153957e+06   2475s
  279395    8.3233035e+02   0.000000e+00   1.128328e+06   2482s
  279565    8.3231677e+02   0.000000e+00   1.124248e+07   2486s
  279872    8.3228965e+02   0.000000e+00   3.012187e+06   2493s
  279992    8.3227651e+02   0.000000e+00   5.048466e+06   2495s
  280319    8.3223256e+02   0.000000e+00   1.115391e+07   2502s
  280609    8.3219022e+02   0.000000e+00   2.636139e+06   2508s
  280719    8.3218163e+02   0.000000e+00   5.083782e+06   2511s
  280979    8.3214952e+02   0.000000e+00   9.671543e+05   2516s
  281209    8.3212833e+02   0.000000e+00   1.009340e+06   2521s
  281496    8.3210114e+02   0.000000e+00   1.622751e+06   2527s
  281656    8.3208649e+02   0.000000e+00   3.786273e+07   2530s
  281916    8.3206569e+02   0.000000e+00   4.084236e+06   2536s
  282206    8.3203591e+02   0.000000e+00   1.949714e+06   2542s
  282356    8.3202469e+02   0.000000e+00   2.119624e+07   2545s
  282616    8.3200101e+02   0.000000e+00   3.703446e+06   2551s
  282866    8.3198334e+02   0.000000e+00   4.683572e+05   2556s
  283193    8.3195590e+02   0.000000e+00   1.267515e+06   2563s
  283360    8.3193742e+02   0.000000e+00   1.187759e+07   2567s
  283750    8.3189568e+02   0.000000e+00   1.557979e+06   2575s
  284020    8.3186801e+02   0.000000e+00   1.436153e+06   2581s
  284297    8.3184649e+02   0.000000e+00   3.290586e+06   2587s
  284464    8.3182911e+02   0.000000e+00   1.109099e+06   2590s
  284761    8.3179171e+02   0.000000e+00   8.856046e+05   2597s
  284928    8.3177788e+02   0.000000e+00   7.091115e+07   2601s
  285262    8.3174425e+02   0.000000e+00   3.757214e+06   2608s
  285412    8.3172414e+02   0.000000e+00   1.408535e+06   2611s
  285662    8.3169492e+02   0.000000e+00   1.448009e+06   2617s
  285829    8.3167978e+02   0.000000e+00   1.201959e+06   2620s
  286069    8.3165485e+02   0.000000e+00   2.188316e+06   2626s
  286403    8.3161349e+02   0.000000e+00   5.633281e+06   2633s
  286570    8.3159797e+02   0.000000e+00   1.761140e+07   2636s
  286897    8.3156448e+02   0.000000e+00   1.281396e+07   2643s
  287064    8.3154588e+02   0.000000e+00   6.208931e+05   2647s
  287294    8.3152180e+02   0.000000e+00   6.002271e+05   2652s
  287454    8.3150473e+02   0.000000e+00   5.693688e+06   2656s
  287761    8.3145743e+02   0.000000e+00   1.099144e+06   2662s
  288111    8.3142431e+02   0.000000e+00   2.530624e+06   2670s
  288445    8.3140003e+02   0.000000e+00   1.587944e+07   2679s
  288585    8.3138829e+02   0.000000e+00   7.543327e+05   2682s
  288752    8.3136501e+02   0.000000e+00   2.848993e+06   2686s
  288992    8.3134543e+02   0.000000e+00   1.217126e+06   2691s
  289302    8.3132134e+02   0.000000e+00   2.595191e+06   2698s
  289412    8.3130874e+02   0.000000e+00   3.102233e+06   2700s
  289699    8.3128513e+02   0.000000e+00   2.087482e+06   2706s
  289869    8.3127266e+02   0.000000e+00   2.313111e+05   2710s
  290119    8.3125278e+02   0.000000e+00   7.754655e+05   2716s
  290369    8.3122815e+02   0.000000e+00   2.517132e+06   2722s
  290659    8.3120048e+02   0.000000e+00   5.686435e+06   2728s
  290779    8.3118869e+02   0.000000e+00   7.725786e+05   2731s
  291076    8.3116909e+02   0.000000e+00   3.224690e+06   2738s
  291243    8.3115519e+02   0.000000e+00   8.681485e+05   2741s
  291550    8.3112209e+02   0.000000e+00   3.877464e+06   2748s
  291717    8.3110178e+02   0.000000e+00   1.147095e+06   2752s
  291884    8.3109070e+02   0.000000e+00   2.182297e+06   2755s
  292154    8.3106410e+02   0.000000e+00   3.379554e+05   2761s
  292321    8.3105075e+02   0.000000e+00   1.110618e+06   2765s
  292561    8.3103517e+02   0.000000e+00   2.216800e+06   2770s
  292858    8.3101027e+02   0.000000e+00   3.735911e+05   2777s
  293108    8.3098983e+02   0.000000e+00   2.160627e+06   2782s
  293275    8.3097727e+02   0.000000e+00   6.623063e+06   2786s
  293572    8.3093804e+02   0.000000e+00   6.444672e+06   2792s
  293702    8.3092595e+02   0.000000e+00   4.868226e+06   2795s
  294036    8.3089886e+02   0.000000e+00   3.470151e+06   2803s
  294203    8.3088204e+02   0.000000e+00   1.027378e+07   2806s
  294490    8.3085141e+02   0.000000e+00   5.510346e+06   2812s
  294747    8.3082562e+02   0.000000e+00   1.066531e+06   2818s
  294914    8.3081076e+02   0.000000e+00   5.189826e+06   2821s
  295221    8.3078298e+02   0.000000e+00   2.302547e+06   2828s
  295388    8.3076218e+02   0.000000e+00   4.707235e+05   2831s
  295695    8.3072919e+02   0.000000e+00   2.787380e+06   2838s
  295825    8.3071957e+02   0.000000e+00   7.837934e+05   2841s
  296082    8.3069558e+02   0.000000e+00   5.858646e+05   2847s
  296322    8.3067302e+02   0.000000e+00   9.481470e+05   2852s
  296489    8.3066074e+02   0.000000e+00   3.477327e+05   2856s
  296779    8.3063899e+02   0.000000e+00   7.428264e+06   2862s
  296919    8.3062691e+02   0.000000e+00   6.428331e+05   2865s
  297199    8.3060742e+02   0.000000e+00   6.873650e+06   2872s
  297366    8.3059495e+02   0.000000e+00   1.869750e+06   2875s
  297673    8.3057025e+02   0.000000e+00   2.639419e+06   2882s
  297840    8.3055899e+02   0.000000e+00   6.624664e+05   2886s
  298080    8.3054173e+02   0.000000e+00   1.347859e+06   2891s
  298320    8.3052187e+02   0.000000e+00   5.371898e+05   2897s
  298487    8.3051115e+02   0.000000e+00   1.559522e+06   2900s
  298794    8.3047767e+02   0.000000e+00   6.257461e+06   2907s
  298934    8.3046244e+02   0.000000e+00   5.686389e+05   2910s
  299201    8.3043059e+02   0.000000e+00   1.135450e+07   2917s
  299501    8.3039253e+02   0.000000e+00   2.253868e+06   2923s
  299668    8.3037383e+02   0.000000e+00   3.489237e+06   2928s
  299835    8.3035755e+02   0.000000e+00   1.406249e+06   2931s
  300105    8.3033229e+02   0.000000e+00   1.081268e+06   2937s
  300352    8.3031123e+02   0.000000e+00   1.079972e+07   2943s
  300482    8.3030043e+02   0.000000e+00   7.638859e+05   2946s
  300739    8.3027632e+02   0.000000e+00   1.189834e+07   2952s
  301036    8.3024741e+02   0.000000e+00   1.982657e+06   2958s
  301166    8.3023484e+02   0.000000e+00   2.237973e+06   2961s
  301433    8.3021365e+02   0.000000e+00   3.107906e+06   2967s
  301563    8.3020239e+02   0.000000e+00   8.853568e+05   2970s
  301863    8.3017559e+02   0.000000e+00   2.156642e+06   2977s
  301993    8.3016313e+02   0.000000e+00   1.087487e+06   2980s
  302220    8.3014091e+02   0.000000e+00   7.896053e+05   2986s
  302517    8.3011383e+02   0.000000e+00   1.650285e+06   2992s
  302657    8.3010085e+02   0.000000e+00   1.030639e+06   2995s
  302991    8.3006634e+02   0.000000e+00   5.753211e+06   3003s
  303141    8.3005041e+02   0.000000e+00   6.260000e+06   3007s
  303401    8.3003251e+02   0.000000e+00   5.815146e+05   3013s
  303541    8.3002249e+02   0.000000e+00   2.258954e+06   3016s
  303801    8.3000295e+02   0.000000e+00   6.900670e+06   3022s
  304028    8.2998565e+02   0.000000e+00   1.003288e+06   3027s
  304325    8.2996215e+02   0.000000e+00   2.023417e+06   3033s
  304465    8.2995203e+02   0.000000e+00   2.799646e+06   3036s
  304812    8.2992631e+02   0.000000e+00   4.674109e+05   3044s
  304979    8.2991603e+02   0.000000e+00   1.660612e+06   3048s
  305129    8.2990662e+02   0.000000e+00   1.164396e+06   3051s
  305406    8.2988199e+02   0.000000e+00   1.716137e+06   3058s
  305573    8.2986788e+02   0.000000e+00   3.093318e+06   3062s
  305740    8.2985005e+02   0.000000e+00   2.097043e+06   3066s
  306027    8.2982560e+02   0.000000e+00   1.403104e+06   3072s
  306197    8.2981278e+02   0.000000e+00   4.841450e+05   3076s
  306531    8.2978876e+02   0.000000e+00   1.626481e+06   3084s
  306698    8.2977745e+02   0.000000e+00   1.903827e+06   3087s
  306865    8.2976812e+02   0.000000e+00   1.979741e+06   3091s
  307192    8.2974605e+02   0.000000e+00   1.309659e+06   3098s
  307302    8.2973927e+02   0.000000e+00   2.361252e+06   3100s
  307602    8.2971681e+02   0.000000e+00   8.669779e+05   3107s
  307769    8.2970082e+02   0.000000e+00   7.140078e+05   3111s
  308059    8.2967171e+02   0.000000e+00   2.264431e+06   3118s
  308199    8.2965530e+02   0.000000e+00   1.050464e+06   3121s
  308449    8.2962610e+02   0.000000e+00   2.544926e+06   3126s
  308616    8.2961202e+02   0.000000e+00   4.665982e+06   3130s
  308933    8.2957898e+02   0.000000e+00   4.705522e+05   3137s
  309210    8.2955463e+02   0.000000e+00   7.793635e+06   3143s
  309340    8.2954283e+02   0.000000e+00   4.885188e+06   3147s
  309607    8.2951677e+02   0.000000e+00   1.194148e+07   3152s
  309737    8.2950237e+02   0.000000e+00   6.416811e+06   3155s
  310094    8.2946177e+02   0.000000e+00   3.641427e+06   3163s
  310234    8.2944161e+02   0.000000e+00   1.006300e+06   3166s
  310541    8.2941493e+02   0.000000e+00   8.320512e+06   3173s
  310708    8.2940036e+02   0.000000e+00   2.791650e+06   3176s
  311115    8.2936932e+02   0.000000e+00   5.682532e+05   3185s
  311412    8.2934800e+02   0.000000e+00   3.922015e+06   3192s
  311579    8.2933618e+02   0.000000e+00   3.312359e+05   3196s
  311849    8.2931949e+02   0.000000e+00   7.551761e+06   3202s
  312016    8.2930533e+02   0.000000e+00   1.291852e+06   3206s
  312256    8.2928473e+02   0.000000e+00   1.225005e+06   3212s
  312423    8.2927082e+02   0.000000e+00   1.880243e+06   3216s
  312750    8.2924374e+02   0.000000e+00   1.253414e+06   3223s
  312917    8.2922698e+02   0.000000e+00   1.110741e+06   3227s
  313067    8.2921240e+02   0.000000e+00   1.260819e+07   3230s
  313344    8.2919166e+02   0.000000e+00   3.058795e+06   3236s
  313604    8.2916898e+02   0.000000e+00   2.860224e+06   3242s
  313764    8.2915879e+02   0.000000e+00   1.676948e+06   3246s
  314061    8.2913084e+02   0.000000e+00   1.553119e+06   3253s
  314161    8.2912216e+02   0.000000e+00   7.421954e+05   3255s
  314451    8.2909681e+02   0.000000e+00   4.277699e+06   3262s
  314721    8.2907022e+02   0.000000e+00   1.075721e+06   3268s
  314958    8.2904642e+02   0.000000e+00   2.408898e+05   3273s
  315088    8.2901864e+02   0.000000e+00   7.240630e+06   3276s
  315445    8.2898424e+02   0.000000e+00   5.978035e+06   3284s
  315612    8.2896704e+02   0.000000e+00   2.284355e+05   3288s
  315779    8.2895274e+02   0.000000e+00   3.717604e+05   3291s
  315946    8.2893768e+02   0.000000e+00   1.484567e+07   3296s
  316280    8.2891331e+02   0.000000e+00   7.877528e+05   3303s
  316447    8.2889994e+02   0.000000e+00   4.240983e+06   3307s
  316614    8.2888760e+02   0.000000e+00   6.682475e+06   3311s
  316884    8.2886614e+02   0.000000e+00   1.060259e+06   3318s
  317051    8.2885365e+02   0.000000e+00   2.252803e+07   3321s
  317311    8.2883162e+02   0.000000e+00   3.030549e+06   3328s
  317478    8.2882143e+02   0.000000e+00   1.031227e+06   3332s
  317628    8.2881159e+02   0.000000e+00   1.926692e+06   3335s
  317955    8.2879024e+02   0.000000e+00   1.126991e+06   3343s
  318122    8.2878049e+02   0.000000e+00   7.194568e+06   3347s
  318282    8.2877153e+02   0.000000e+00   1.004089e+06   3350s
  318562    8.2875572e+02   0.000000e+00   1.947440e+06   3357s
  318702    8.2874914e+02   0.000000e+00   1.261782e+06   3361s
  318939    8.2873363e+02   0.000000e+00   6.135608e+05   3366s
  319273    8.2871182e+02   0.000000e+00   6.271135e+06   3374s
  319393    8.2870591e+02   0.000000e+00   1.358341e+06   3376s
  319553    8.2869038e+02   0.000000e+00   5.787064e+07   3380s
  319823    8.2866855e+02   0.000000e+00   7.861463e+05   3386s
  320060    8.2865270e+02   0.000000e+00   1.375195e+07   3392s
  320190    8.2864477e+02   0.000000e+00   6.713389e+05   3395s
  320524    8.2861716e+02   0.000000e+00   4.536469e+05   3403s
  320691    8.2860762e+02   0.000000e+00   3.661047e+06   3407s
  320858    8.2860049e+02   0.000000e+00   3.327764e+05   3411s
  321138    8.2858551e+02   0.000000e+00   9.165154e+05   3417s
  321308    8.2857769e+02   0.000000e+00   1.987574e+06   3421s
  321568    8.2856473e+02   0.000000e+00   1.679615e+07   3427s
  321698    8.2855701e+02   0.000000e+00   7.408274e+05   3430s
  322005    8.2853729e+02   0.000000e+00   2.619716e+06   3437s
  322145    8.2852791e+02   0.000000e+00   5.219041e+06   3441s
  322405    8.2851541e+02   0.000000e+00   2.049478e+06   3447s
  322642    8.2850234e+02   0.000000e+00   9.110721e+06   3453s
  322809    8.2849237e+02   0.000000e+00   1.899285e+06   3456s
  322976    8.2848265e+02   0.000000e+00   8.390423e+05   3460s
  323276    8.2846797e+02   0.000000e+00   2.792826e+06   3467s
  323513    8.2845645e+02   0.000000e+00   2.967705e+06   3473s
  323680    8.2844753e+02   0.000000e+00   7.553248e+06   3477s
  323847    8.2843405e+02   0.000000e+00   1.239762e+06   3481s
  324181    8.2841110e+02   0.000000e+00   8.869040e+06   3489s
  324348    8.2839653e+02   0.000000e+00   4.282663e+05   3492s
  324488    8.2838525e+02   0.000000e+00   2.237564e+07   3495s
  324815    8.2836221e+02   0.000000e+00   8.353421e+05   3503s
  324925    8.2835207e+02   0.000000e+00   2.768281e+05   3506s
  325242    8.2833335e+02   0.000000e+00   3.107871e+06   3513s
  325352    8.2832685e+02   0.000000e+00   2.865027e+05   3516s
  325652    8.2830525e+02   0.000000e+00   7.697674e+05   3523s
  325792    8.2829635e+02   0.000000e+00   3.290361e+05   3526s
  326029    8.2828226e+02   0.000000e+00   5.063329e+05   3532s
  326179    8.2827476e+02   0.000000e+00   7.297316e+06   3536s
  326506    8.2825468e+02   0.000000e+00   5.189099e+06   3543s
  326616    8.2824879e+02   0.000000e+00   5.823424e+05   3546s
  326926    8.2823113e+02   0.000000e+00   9.724130e+05   3553s
  327066    8.2822450e+02   0.000000e+00   5.184743e+05   3557s
  327233    8.2821758e+02   0.000000e+00   5.306193e+05   3560s
  327563    8.2820245e+02   0.000000e+00   3.993536e+05   3568s
  327703    8.2819573e+02   0.000000e+00   1.010899e+06   3572s
  327843    8.2819050e+02   0.000000e+00   2.374741e+05   3575s
  328123    8.2817797e+02   0.000000e+00   5.757719e+05   3582s
  328253    8.2817042e+02   0.000000e+00   3.365023e+06   3585s
  328570    8.2815555e+02   0.000000e+00   1.388121e+06   3592s
  328850    8.2814069e+02   0.000000e+00   3.081525e+06   3599s
  329000    8.2813421e+02   0.000000e+00   1.648747e+07   3603s
  329167    8.2812721e+02   0.000000e+00   3.882622e+05   3607s
  329334    8.2811817e+02   0.000000e+00   1.307747e+06   3611s
  329668    8.2810169e+02   0.000000e+00   1.213350e+06   3619s
  329835    8.2809435e+02   0.000000e+00   9.673844e+05   3623s
  330002    8.2808576e+02   0.000000e+00   5.028749e+05   3627s
  330169    8.2807673e+02   0.000000e+00   3.787342e+06   3631s
  330409    8.2806585e+02   0.000000e+00   1.739716e+06   3636s
  330666    8.2805114e+02   0.000000e+00   8.184272e+06   3642s
  330826    8.2804274e+02   0.000000e+00   9.826595e+05   3646s
  331086    8.2802589e+02   0.000000e+00   5.165551e+05   3652s
  331226    8.2801934e+02   0.000000e+00   1.815620e+06   3656s
  331486    8.2800486e+02   0.000000e+00   2.282577e+06   3662s
  331616    8.2799684e+02   0.000000e+00   5.210829e+05   3665s
  331923    8.2797591e+02   0.000000e+00   4.480211e+05   3672s
  332113    8.2796278e+02   0.000000e+00   1.341121e+06   3677s
  332280    8.2794862e+02   0.000000e+00   4.006900e+05   3681s
  332540    8.2793216e+02   0.000000e+00   2.197155e+06   3687s
  332700    8.2792024e+02   0.000000e+00   9.748936e+05   3690s
  332960    8.2790572e+02   0.000000e+00   3.646999e+06   3697s
  333090    8.2789880e+02   0.000000e+00   1.299452e+06   3700s
  333377    8.2788399e+02   0.000000e+00   1.985890e+06   3707s
  333537    8.2787760e+02   0.000000e+00   2.410608e+05   3711s
  333807    8.2786110e+02   0.000000e+00   4.006380e+06   3717s
  333947    8.2785342e+02   0.000000e+00   3.285132e+05   3721s
  334174    8.2783779e+02   0.000000e+00   1.917672e+06   3727s
  334341    8.2782728e+02   0.000000e+00   1.155231e+06   3731s
  334638    8.2781193e+02   0.000000e+00   2.546451e+07   3737s
  334818    8.2780319e+02   0.000000e+00   5.695467e+05   3741s
  335055    8.2779079e+02   0.000000e+00   1.042623e+06   3748s
  335222    8.2778055e+02   0.000000e+00   7.255991e+05   3751s
  335389    8.2777200e+02   0.000000e+00   1.695292e+06   3755s
  335679    8.2775630e+02   0.000000e+00   1.103158e+06   3762s
  335926    8.2774368e+02   0.000000e+00   8.522124e+05   3767s
  336066    8.2773740e+02   0.000000e+00   5.801670e+05   3771s
  336326    8.2772208e+02   0.000000e+00   2.668965e+05   3777s
  336493    8.2771041e+02   0.000000e+00   2.233466e+06   3781s
  336753    8.2769584e+02   0.000000e+00   1.128143e+06   3787s
  336923    8.2768671e+02   0.000000e+00   5.752215e+05   3791s
  337160    8.2767477e+02   0.000000e+00   5.962840e+05   3796s
  337320    8.2766559e+02   0.000000e+00   6.841630e+06   3800s
  337600    8.2765201e+02   0.000000e+00   1.289954e+06   3807s
  337977    8.2762950e+02   0.000000e+00   6.923553e+05   3816s
  338217    8.2761833e+02   0.000000e+00   1.901879e+06   3821s
  338377    8.2760704e+02   0.000000e+00   8.237458e+05   3825s
  338657    8.2758219e+02   0.000000e+00   1.471814e+06   3832s
  338787    8.2757454e+02   0.000000e+00   5.909607e+05   3835s
  339114    8.2755770e+02   0.000000e+00   2.934539e+06   3843s
  339224    8.2755151e+02   0.000000e+00   1.596698e+06   3845s
  339481    8.2753467e+02   0.000000e+00   8.622868e+05   3852s
  339641    8.2752523e+02   0.000000e+00   7.054062e+05   3855s
  339921    8.2751152e+02   0.000000e+00   9.167664e+05   3862s
  340061    8.2750303e+02   0.000000e+00   5.219945e+05   3865s
  340428    8.2748140e+02   0.000000e+00   5.838203e+06   3874s
  340588    8.2747187e+02   0.000000e+00   3.422096e+06   3878s
  340698    8.2746620e+02   0.000000e+00   7.482239e+05   3880s
  341028    8.2744903e+02   0.000000e+00   1.268301e+06   3888s
  341168    8.2743816e+02   0.000000e+00   2.664338e+06   3891s
  341438    8.2742350e+02   0.000000e+00   1.718993e+06   3898s
  341578    8.2741544e+02   0.000000e+00   5.833395e+06   3901s
  341815    8.2740357e+02   0.000000e+00   2.684585e+06   3907s
  341982    8.2739345e+02   0.000000e+00   1.523809e+06   3911s
  342149    8.2738589e+02   0.000000e+00   7.904873e+05   3915s
  342483    8.2736964e+02   0.000000e+00   1.711727e+06   3923s
  342650    8.2735908e+02   0.000000e+00   4.267546e+06   3927s
  342817    8.2734963e+02   0.000000e+00   4.906115e+05   3931s
  343037    8.2733924e+02   0.000000e+00   1.847011e+06   3936s
  343197    8.2732542e+02   0.000000e+00   8.184842e+05   3940s
  343531    8.2731208e+02   0.000000e+00   5.292859e+05   3948s
  343651    8.2730719e+02   0.000000e+00   3.804760e+05   3951s
  343821    8.2730263e+02   0.000000e+00   1.742657e+06   3955s
  344101    8.2728844e+02   0.000000e+00   9.034769e+06   3962s
  344241    8.2728224e+02   0.000000e+00   1.606265e+06   3965s
  344511    8.2726943e+02   0.000000e+00   5.097960e+06   3972s
  344781    8.2725681e+02   0.000000e+00   1.593496e+07   3978s
  344911    8.2724936e+02   0.000000e+00   3.580043e+06   3981s
  345181    8.2723570e+02   0.000000e+00   1.225964e+06   3988s
  345321    8.2723051e+02   0.000000e+00   2.941883e+05   3991s
  345708    8.2720669e+02   0.000000e+00   2.449309e+06   4000s
  345868    8.2719503e+02   0.000000e+00   5.111308e+05   4004s
  345978    8.2719053e+02   0.000000e+00   6.849042e+05   4006s
  346235    8.2718012e+02   0.000000e+00   4.189259e+06   4012s
  346402    8.2717304e+02   0.000000e+00   2.718073e+06   4016s
  346632    8.2716456e+02   0.000000e+00   5.659244e+05   4021s
  347029    8.2715228e+02   0.000000e+00   6.849773e+05   4030s
  347169    8.2714604e+02   0.000000e+00   4.067919e+05   4033s
  347279    8.2713892e+02   0.000000e+00   4.427179e+05   4036s
  347579    8.2712611e+02   0.000000e+00   2.411135e+05   4043s
  347816    8.2711464e+02   0.000000e+00   1.981193e+05   4048s
  347966    8.2710838e+02   0.000000e+00   2.455897e+05   4052s
  348236    8.2709637e+02   0.000000e+00   5.375042e+05   4058s
  348376    8.2709023e+02   0.000000e+00   8.339980e+05   4061s
  348613    8.2708074e+02   0.000000e+00   2.397306e+05   4067s
  348773    8.2707378e+02   0.000000e+00   5.171130e+06   4071s
  349053    8.2706247e+02   0.000000e+00   4.578433e+05   4078s
  349203    8.2705625e+02   0.000000e+00   1.455785e+06   4081s
  349580    8.2703634e+02   0.000000e+00   2.904351e+06   4091s
  349830    8.2702085e+02   0.000000e+00   3.026058e+06   4096s
  349990    8.2701545e+02   0.000000e+00   4.798731e+06   4100s
  350270    8.2700304e+02   0.000000e+00   5.082797e+05   4107s
  350410    8.2699708e+02   0.000000e+00   3.665000e+05   4110s
  350690    8.2698069e+02   0.000000e+00   8.460506e+05   4117s
  350927    8.2696603e+02   0.000000e+00   7.298564e+05   4123s
  351077    8.2696098e+02   0.000000e+00   1.885949e+06   4126s
  351357    8.2694694e+02   0.000000e+00   1.615014e+06   4133s
  351497    8.2694176e+02   0.000000e+00   4.173276e+05   4137s
  351767    8.2692867e+02   0.000000e+00   1.006322e+06   4143s
  351907    8.2691797e+02   0.000000e+00   1.296763e+06   4147s
  352057    8.2691185e+02   0.000000e+00   3.756775e+05   4150s
  352354    8.2690087e+02   0.000000e+00   1.202480e+06   4158s
  352514    8.2689470e+02   0.000000e+00   5.563315e+06   4161s
  352791    8.2688086e+02   0.000000e+00   3.270111e+06   4168s
  352951    8.2687193e+02   0.000000e+00   3.332366e+06   4172s
  353118    8.2686350e+02   0.000000e+00   3.980399e+06   4176s
  353285    8.2685418e+02   0.000000e+00   1.696112e+05   4180s
  353592    8.2684206e+02   0.000000e+00   1.289429e+06   4188s
  353692    8.2683659e+02   0.000000e+00   2.564190e+05   4190s
  353992    8.2682091e+02   0.000000e+00   3.605202e+06   4197s
  354132    8.2681187e+02   0.000000e+00   1.927447e+06   4201s
  354422    8.2679496e+02   0.000000e+00   5.887700e+05   4208s
  354589    8.2678714e+02   0.000000e+00   4.854946e+06   4211s
  354749    8.2677939e+02   0.000000e+00   1.417557e+06   4215s
  355126    8.2676216e+02   0.000000e+00   7.771312e+05   4224s
  355286    8.2675316e+02   0.000000e+00   3.164889e+05   4228s
  355406    8.2674606e+02   0.000000e+00   2.718620e+05   4230s
  355716    8.2673155e+02   0.000000e+00   6.649629e+05   4238s
  355856    8.2672581e+02   0.000000e+00   1.465816e+06   4241s
  356136    8.2671288e+02   0.000000e+00   1.016224e+06   4248s
  356266    8.2670705e+02   0.000000e+00   4.286979e+05   4251s
  356536    8.2669684e+02   0.000000e+00   3.563929e+05   4258s
  356676    8.2669046e+02   0.000000e+00   1.048669e+06   4261s
  356956    8.2668014e+02   0.000000e+00   2.993797e+05   4268s
  357123    8.2667420e+02   0.000000e+00   1.639771e+06   4272s
  357290    8.2666631e+02   0.000000e+00   4.221352e+06   4276s
  357457    8.2665609e+02   0.000000e+00   1.909905e+06   4280s
  357764    8.2664073e+02   0.000000e+00   1.001124e+06   4288s
  358034    8.2662931e+02   0.000000e+00   4.731514e+06   4294s
  358174    8.2662199e+02   0.000000e+00   8.910787e+05   4297s
  358314    8.2661619e+02   0.000000e+00   4.593820e+06   4301s
  358641    8.2659849e+02   0.000000e+00   1.090725e+06   4309s
  358808    8.2658914e+02   0.000000e+00   4.737890e+05   4313s
  358975    8.2658190e+02   0.000000e+00   3.502160e+05   4317s
  359142    8.2657558e+02   0.000000e+00   1.390100e+06   4321s
  359429    8.2656094e+02   0.000000e+00   4.969651e+05   4327s
  359599    8.2655332e+02   0.000000e+00   5.955455e+05   4332s
  359836    8.2653950e+02   0.000000e+00   4.878108e+05   4338s
  359996    8.2652954e+02   0.000000e+00   1.408824e+07   4341s
  360163    8.2652099e+02   0.000000e+00   4.335659e+05   4345s
  360497    8.2650102e+02   0.000000e+00   2.528556e+05   4353s
  360664    8.2649350e+02   0.000000e+00   2.627648e+05   4357s
  360894    8.2648246e+02   0.000000e+00   4.047934e+05   4362s
  361141    8.2646327e+02   0.000000e+00   1.063439e+06   4368s
  361308    8.2644626e+02   0.000000e+00   2.405177e+07   4372s
  361475    8.2643756e+02   0.000000e+00   6.578654e+06   4376s
  361705    8.2642926e+02   0.000000e+00   2.213311e+05   4382s
  361872    8.2642438e+02   0.000000e+00   6.322136e+06   4386s
  362206    8.2641376e+02   0.000000e+00   2.382875e+05   4393s
  362346    8.2640863e+02   0.000000e+00   1.055907e+06   4397s
  362613    8.2639790e+02   0.000000e+00   9.386091e+05   4404s
  362780    8.2639191e+02   0.000000e+00   1.473913e+06   4408s
  362947    8.2638275e+02   0.000000e+00   8.794220e+05   4412s
  363114    8.2637696e+02   0.000000e+00   2.298280e+06   4416s
  363448    8.2636614e+02   0.000000e+00   3.829840e+05   4424s
  363578    8.2636187e+02   0.000000e+00   8.332524e+05   4427s
  363845    8.2635232e+02   0.000000e+00   4.183284e+05   4433s
  364012    8.2634691e+02   0.000000e+00   5.242575e+05   4437s
  364179    8.2634159e+02   0.000000e+00   1.092593e+06   4441s
  364409    8.2632764e+02   0.000000e+00   4.205883e+05   4447s
  364569    8.2632077e+02   0.000000e+00   4.291519e+05   4450s
  364849    8.2630829e+02   0.000000e+00   6.668719e+05   4457s
  364989    8.2630291e+02   0.000000e+00   2.892930e+05   4461s
  365296    8.2628793e+02   0.000000e+00   9.404250e+05   4468s
  365446    8.2628154e+02   0.000000e+00   4.120030e+06   4472s
  365613    8.2627452e+02   0.000000e+00   1.001353e+08   4476s
  365900    8.2626543e+02   0.000000e+00   1.628476e+06   4483s
  366000    8.2626310e+02   0.000000e+00   1.156272e+06   4485s
  366327    8.2625147e+02   0.000000e+00   1.978546e+06   4493s
  366487    8.2624527e+02   0.000000e+00   1.752635e+05   4497s
  366777    8.2623352e+02   0.000000e+00   7.042294e+05   4504s
  366917    8.2622879e+02   0.000000e+00   4.687036e+05   4507s
  367057    8.2622055e+02   0.000000e+00   2.186502e+05   4511s
  367294    8.2621108e+02   0.000000e+00   1.573803e+06   4516s
  367564    8.2620208e+02   0.000000e+00   5.044126e+05   4522s
  367734    8.2619434e+02   0.000000e+00   1.474156e+06   4526s
  368004    8.2618514e+02   0.000000e+00   8.852479e+05   4533s
  368144    8.2617966e+02   0.000000e+00   5.976961e+06   4536s
  368424    8.2616908e+02   0.000000e+00   2.434883e+05   4543s
  368554    8.2616532e+02   0.000000e+00   3.776656e+06   4547s
  368694    8.2616086e+02   0.000000e+00   4.651689e+06   4550s
  368974    8.2614381e+02   0.000000e+00   2.850693e+05   4557s
  369114    8.2613850e+02   0.000000e+00   1.291883e+06   4560s
  369384    8.2612899e+02   0.000000e+00   4.496812e+05   4567s
  369524    8.2612369e+02   0.000000e+00   5.712542e+05   4570s
  369804    8.2611429e+02   0.000000e+00   1.358891e+06   4577s
  369944    8.2611026e+02   0.000000e+00   2.933114e+06   4580s
  370224    8.2609834e+02   0.000000e+00   8.652496e+06   4587s
  370364    8.2609329e+02   0.000000e+00   6.100885e+06   4591s
  370741    8.2608009e+02   0.000000e+00   3.740188e+05   4600s
  371011    8.2607152e+02   0.000000e+00   2.944247e+05   4606s
  371271    8.2606214e+02   0.000000e+00   3.916479e+05   4612s
  371411    8.2605803e+02   0.000000e+00   6.547619e+05   4616s
  371648    8.2604725e+02   0.000000e+00   6.667212e+07   4622s
  371808    8.2603886e+02   0.000000e+00   3.440880e+05   4625s
  372098    8.2602829e+02   0.000000e+00   3.640148e+05   4632s
  372238    8.2602412e+02   0.000000e+00   3.300938e+05   4635s
  372528    8.2601537e+02   0.000000e+00   4.784417e+06   4642s
  372668    8.2601100e+02   0.000000e+00   2.994739e+06   4646s
  372835    8.2600605e+02   0.000000e+00   1.124051e+06   4650s
  373112    8.2599565e+02   0.000000e+00   4.957896e+05   4657s
  373372    8.2598763e+02   0.000000e+00   9.695639e+05   4663s
  373609    8.2598092e+02   0.000000e+00   6.273042e+05   4669s
  373776    8.2597049e+02   0.000000e+00   1.570560e+06   4673s
  373943    8.2596495e+02   0.000000e+00   3.653035e+06   4677s
  374083    8.2596090e+02   0.000000e+00   1.053307e+07   4680s
  374363    8.2595147e+02   0.000000e+00   5.511605e+05   4687s
  374513    8.2594620e+02   0.000000e+00   2.588369e+06   4690s
  374793    8.2593763e+02   0.000000e+00   5.735163e+05   4697s
  374933    8.2593315e+02   0.000000e+00   9.293163e+05   4701s
  375203    8.2592641e+02   0.000000e+00   7.704666e+06   4708s
  375333    8.2592129e+02   0.000000e+00   1.254084e+06   4711s
  375640    8.2591246e+02   0.000000e+00   1.387831e+06   4718s
  375800    8.2590777e+02   0.000000e+00   5.547137e+05   4722s
  375910    8.2590371e+02   0.000000e+00   5.891166e+05   4725s
  376230    8.2589217e+02   0.000000e+00   1.438096e+06   4733s
  376370    8.2588544e+02   0.000000e+00   6.003179e+05   4736s
  376677    8.2586891e+02   0.000000e+00   1.458705e+07   4744s
  376827    8.2585400e+02   0.000000e+00   2.596717e+06   4748s
  376937    8.2585064e+02   0.000000e+00   3.193349e+06   4750s
  377247    8.2584178e+02   0.000000e+00   1.361031e+06   4758s
  377387    8.2583584e+02   0.000000e+00   1.191577e+05   4761s
  377624    8.2582690e+02   0.000000e+00   6.082168e+05   4767s
  377774    8.2582080e+02   0.000000e+00   6.215902e+05   4771s
  378044    8.2580870e+02   0.000000e+00   4.654831e+06   4778s
  378194    8.2580173e+02   0.000000e+00   2.073810e+05   4781s
  378431    8.2579418e+02   0.000000e+00   8.839198e+05   4787s
  378591    8.2578842e+02   0.000000e+00   4.554382e+05   4791s
  378881    8.2577879e+02   0.000000e+00   3.180021e+05   4798s
  379031    8.2577300e+02   0.000000e+00   7.640319e+05   4802s
  379171    8.2576765e+02   0.000000e+00   9.472405e+05   4805s
  379408    8.2575759e+02   0.000000e+00   3.545948e+05   4811s
  379568    8.2575042e+02   0.000000e+00   1.342316e+06   4815s
  379848    8.2573615e+02   0.000000e+00   9.057010e+05   4822s
  379988    8.2573109e+02   0.000000e+00   1.914150e+06   4825s
  380268    8.2572251e+02   0.000000e+00   3.095680e+05   4832s
  380398    8.2571806e+02   0.000000e+00   2.170717e+06   4835s
  380732    8.2570565e+02   0.000000e+00   1.233686e+06   4843s
  380899    8.2570013e+02   0.000000e+00   5.968781e+05   4847s
  381066    8.2569407e+02   0.000000e+00   9.210567e+05   4851s
  381366    8.2568256e+02   0.000000e+00   1.261948e+06   4858s
  381516    8.2567695e+02   0.000000e+00   2.029818e+06   4861s
  381786    8.2566907e+02   0.000000e+00   2.211802e+05   4868s
  381926    8.2566279e+02   0.000000e+00   8.304856e+05   4872s
  382216    8.2564863e+02   0.000000e+00   3.289633e+05   4878s
  382356    8.2564229e+02   0.000000e+00   2.538991e+05   4882s
  382496    8.2563744e+02   0.000000e+00   3.701231e+06   4885s
  382786    8.2562632e+02   0.000000e+00   1.944328e+06   4892s
  382926    8.2562038e+02   0.000000e+00   3.283187e+05   4896s
  383206    8.2560675e+02   0.000000e+00   3.139647e+05   4903s
  383346    8.2560097e+02   0.000000e+00   1.085861e+06   4906s
  383626    8.2558939e+02   0.000000e+00   1.536917e+06   4912s
  383766    8.2558274e+02   0.000000e+00   1.005111e+06   4916s
  384093    8.2556771e+02   0.000000e+00   1.708122e+06   4923s
  384203    8.2556308e+02   0.000000e+00   1.381250e+06   4926s
  384537    8.2554974e+02   0.000000e+00   1.522140e+08   4934s
  384657    8.2554227e+02   0.000000e+00   8.359921e+05   4937s
  385014    8.2552833e+02   0.000000e+00   3.389034e+05   4945s
  385311    8.2551195e+02   0.000000e+00   4.661284e+05   4952s
  385658    8.2549228e+02   0.000000e+00   2.519793e+06   4960s
  385928    8.2547710e+02   0.000000e+00   3.969563e+05   4966s
  386185    8.2546133e+02   0.000000e+00   4.847053e+05   4972s
  386352    8.2545204e+02   0.000000e+00   1.010327e+06   4976s
  386686    8.2543556e+02   0.000000e+00   2.237635e+06   4984s
  386826    8.2542826e+02   0.000000e+00   1.106672e+06   4987s
  387103    8.2541743e+02   0.000000e+00   4.551463e+06   4993s
  387263    8.2541000e+02   0.000000e+00   1.877263e+06   4997s
  387553    8.2538808e+02   0.000000e+00   1.362179e+06   5004s
  387790    8.2537476e+02   0.000000e+00   8.391976e+05   5010s
  387957    8.2536753e+02   0.000000e+00   1.678798e+06   5014s
  388124    8.2535977e+02   0.000000e+00   1.138229e+06   5018s
  388291    8.2534993e+02   0.000000e+00   1.443750e+06   5021s
  388458    8.2533875e+02   0.000000e+00   7.770285e+05   5025s
  388792    8.2532071e+02   0.000000e+00   6.961964e+05   5032s
  388932    8.2530971e+02   0.000000e+00   4.515618e+05   5036s
  389192    8.2528983e+02   0.000000e+00   1.247688e+05   5042s
  389332    8.2527766e+02   0.000000e+00   5.726999e+06   5045s
  389592    8.2526543e+02   0.000000e+00   2.964853e+05   5052s
  389819    8.2525398e+02   0.000000e+00   1.552940e+06   5057s
  389979    8.2524671e+02   0.000000e+00   6.312784e+05   5061s
  390146    8.2524064e+02   0.000000e+00   1.492576e+06   5065s
  390480    8.2522612e+02   0.000000e+00   4.670655e+05   5073s
  390647    8.2521693e+02   0.000000e+00   1.483432e+06   5077s
  390814    8.2521030e+02   0.000000e+00   1.504250e+05   5081s
  391148    8.2519081e+02   0.000000e+00   4.501832e+06   5088s
  391315    8.2518450e+02   0.000000e+00   3.181340e+06   5092s
  391465    8.2517877e+02   0.000000e+00   1.825571e+06   5096s
  391799    8.2516395e+02   0.000000e+00   2.500087e+06   5104s
  391929    8.2515764e+02   0.000000e+00   8.498966e+05   5107s
  392096    8.2514951e+02   0.000000e+00   9.664298e+05   5111s
  392430    8.2513534e+02   0.000000e+00   5.635230e+05   5118s
  392597    8.2512510e+02   0.000000e+00   6.235607e+06   5122s
  392764    8.2511892e+02   0.000000e+00   3.562091e+06   5126s
  393098    8.2510258e+02   0.000000e+00   2.941993e+05   5134s
  393265    8.2509386e+02   0.000000e+00   4.939411e+05   5137s
  393432    8.2508410e+02   0.000000e+00   5.140646e+05   5141s
  393599    8.2507709e+02   0.000000e+00   5.299106e+05   5145s
  393933    8.2506468e+02   0.000000e+00   3.776009e+05   5153s
  394100    8.2505455e+02   0.000000e+00   4.689746e+05   5157s
  394267    8.2504795e+02   0.000000e+00   1.282256e+06   5160s
  394601    8.2503091e+02   0.000000e+00   1.821058e+06   5169s
  394768    8.2502555e+02   0.000000e+00   6.095430e+05   5173s
  394935    8.2501824e+02   0.000000e+00   2.521134e+06   5177s
  395102    8.2501170e+02   0.000000e+00   2.746474e+06   5181s
  395436    8.2499905e+02   0.000000e+00   4.685804e+05   5189s
  395603    8.2499373e+02   0.000000e+00   6.829881e+05   5193s
  395770    8.2498825e+02   0.000000e+00   8.336194e+05   5197s
  395937    8.2498259e+02   0.000000e+00   5.271316e+05   5200s
  396271    8.2497322e+02   0.000000e+00   1.209348e+06   5208s
  396438    8.2496727e+02   0.000000e+00   8.143048e+05   5212s
  396605    8.2496237e+02   0.000000e+00   3.373518e+07   5216s
  396772    8.2495672e+02   0.000000e+00   4.010238e+06   5220s
  397106    8.2494666e+02   0.000000e+00   7.712354e+06   5228s
  397273    8.2494108e+02   0.000000e+00   7.752099e+05   5232s
  397440    8.2493584e+02   0.000000e+00   1.416556e+06   5236s
  397774    8.2492479e+02   0.000000e+00   7.255324e+05   5244s
  397941    8.2491973e+02   0.000000e+00   8.465883e+05   5247s
  398108    8.2491427e+02   0.000000e+00   1.390661e+06   5251s
  398275    8.2490805e+02   0.000000e+00   1.771705e+06   5255s
  398609    8.2488313e+02   0.000000e+00   1.293850e+06   5263s
  398776    8.2487934e+02   0.000000e+00   1.659264e+05   5267s
  398943    8.2487261e+02   0.000000e+00   6.000675e+05   5270s
  399277    8.2486176e+02   0.000000e+00   4.523050e+05   5278s
  399444    8.2485580e+02   0.000000e+00   5.061823e+06   5282s
  399611    8.2484977e+02   0.000000e+00   4.426752e+05   5286s
  399778    8.2484073e+02   0.000000e+00   1.759369e+05   5290s
  400112    8.2482509e+02   0.000000e+00   1.286513e+07   5298s
  400279    8.2481581e+02   0.000000e+00   1.670585e+06   5302s
  400446    8.2480918e+02   0.000000e+00   2.130117e+06   5306s
  400780    8.2479398e+02   0.000000e+00   1.801738e+07   5314s
  400947    8.2478240e+02   0.000000e+00   4.017457e+06   5318s
  401114    8.2477531e+02   0.000000e+00   4.235143e+05   5322s
  401281    8.2476686e+02   0.000000e+00   2.274640e+06   5327s
  401448    8.2475964e+02   0.000000e+00   1.029462e+06   5330s
  401782    8.2474866e+02   0.000000e+00   3.349412e+05   5338s
  401949    8.2474271e+02   0.000000e+00   6.563019e+05   5342s
  402116    8.2473752e+02   0.000000e+00   1.039807e+06   5346s
  402283    8.2473020e+02   0.000000e+00   3.828748e+05   5350s
  402617    8.2471701e+02   0.000000e+00   3.620588e+06   5357s
  402784    8.2470840e+02   0.000000e+00   4.306639e+06   5361s
  402951    8.2470322e+02   0.000000e+00   5.566218e+05   5365s
  403285    8.2469338e+02   0.000000e+00   1.366240e+06   5374s
  403452    8.2468816e+02   0.000000e+00   1.077721e+06   5378s
  403619    8.2468344e+02   0.000000e+00   2.180314e+06   5382s
  403786    8.2467869e+02   0.000000e+00   2.081585e+05   5385s
  404120    8.2466921e+02   0.000000e+00   1.322569e+06   5393s
  404287    8.2466305e+02   0.000000e+00   1.944838e+06   5397s
  404454    8.2465710e+02   0.000000e+00   4.623995e+05   5401s
  404788    8.2464811e+02   0.000000e+00   1.424554e+06   5409s
  404955    8.2464133e+02   0.000000e+00   1.941069e+06   5413s
  405122    8.2463572e+02   0.000000e+00   5.640694e+06   5417s
  405289    8.2463040e+02   0.000000e+00   4.877618e+05   5421s
  405623    8.2461269e+02   0.000000e+00   2.729459e+06   5429s
  405790    8.2460684e+02   0.000000e+00   4.972138e+05   5433s
  405957    8.2460129e+02   0.000000e+00   5.299916e+06   5437s
  406124    8.2459476e+02   0.000000e+00   5.664052e+05   5441s
  406458    8.2458325e+02   0.000000e+00   4.210508e+05   5449s
  406625    8.2457786e+02   0.000000e+00   1.179168e+06   5453s
  406792    8.2457191e+02   0.000000e+00   4.051127e+05   5457s
  406959    8.2456581e+02   0.000000e+00   4.052342e+05   5461s
  407293    8.2455521e+02   0.000000e+00   1.048316e+06   5469s
  407460    8.2454898e+02   0.000000e+00   1.855700e+06   5473s
  407627    8.2454373e+02   0.000000e+00   7.921169e+05   5477s
  407794    8.2453840e+02   0.000000e+00   4.649328e+05   5481s
  408128    8.2452838e+02   0.000000e+00   2.188744e+06   5489s
  408295    8.2452351e+02   0.000000e+00   3.229000e+05   5493s
  408462    8.2451824e+02   0.000000e+00   1.769191e+06   5497s
  408629    8.2450622e+02   0.000000e+00   4.477990e+05   5501s
  408963    8.2449401e+02   0.000000e+00   4.286928e+05   5508s
  409130    8.2448915e+02   0.000000e+00   3.743967e+06   5512s
  409297    8.2448597e+02   0.000000e+00   3.877341e+05   5516s
  409464    8.2448167e+02   0.000000e+00   1.668137e+05   5520s
  409798    8.2447308e+02   0.000000e+00   1.073222e+06   5528s
  409965    8.2446883e+02   0.000000e+00   5.537986e+05   5532s
  410132    8.2446606e+02   0.000000e+00   2.431980e+05   5536s
  410299    8.2446238e+02   0.000000e+00   4.438352e+06   5540s
  410633    8.2445385e+02   0.000000e+00   1.118114e+07   5548s
  410800    8.2444935e+02   0.000000e+00   1.310344e+05   5552s
  410967    8.2444453e+02   0.000000e+00   2.315528e+05   5556s
  411134    8.2444076e+02   0.000000e+00   1.270262e+06   5560s
  411468    8.2443184e+02   0.000000e+00   6.452258e+05   5568s
  411635    8.2442673e+02   0.000000e+00   4.099096e+05   5572s
  411802    8.2442200e+02   0.000000e+00   1.270841e+06   5577s
  411969    8.2441793e+02   0.000000e+00   1.533271e+06   5581s
  412303    8.2440706e+02   0.000000e+00   8.641656e+06   5589s
  412470    8.2440089e+02   0.000000e+00   2.720937e+05   5592s
  412637    8.2439518e+02   0.000000e+00   5.871663e+05   5596s
  412804    8.2438955e+02   0.000000e+00   9.919714e+06   5600s
  413138    8.2438031e+02   0.000000e+00   1.534979e+06   5609s
  413305    8.2437619e+02   0.000000e+00   2.535593e+05   5613s
  413472    8.2437176e+02   0.000000e+00   3.098787e+05   5617s
  413639    8.2436670e+02   0.000000e+00   2.595713e+05   5621s
  413973    8.2435350e+02   0.000000e+00   5.304186e+06   5628s
  414140    8.2434805e+02   0.000000e+00   1.955716e+06   5632s
  414307    8.2434337e+02   0.000000e+00   1.000609e+06   5636s
  414474    8.2433852e+02   0.000000e+00   2.398831e+06   5640s
  414808    8.2432775e+02   0.000000e+00   1.204778e+05   5648s
  414975    8.2432181e+02   0.000000e+00   4.268540e+05   5652s
  415142    8.2431806e+02   0.000000e+00   3.212973e+05   5656s
  415309    8.2431388e+02   0.000000e+00   8.581829e+05   5660s
  415643    8.2430409e+02   0.000000e+00   6.833023e+05   5668s
  415810    8.2429800e+02   0.000000e+00   5.651182e+05   5672s
  415977    8.2429264e+02   0.000000e+00   2.693711e+05   5676s
  416144    8.2428502e+02   0.000000e+00   6.711207e+05   5680s
  416478    8.2427500e+02   0.000000e+00   5.317523e+06   5688s
  416645    8.2427023e+02   0.000000e+00   4.940428e+05   5692s
  416812    8.2426597e+02   0.000000e+00   5.026929e+05   5696s
  416979    8.2425917e+02   0.000000e+00   1.358497e+06   5700s
  417313    8.2424765e+02   0.000000e+00   9.957971e+06   5708s
  417480    8.2424291e+02   0.000000e+00   1.668618e+06   5711s
  417647    8.2423618e+02   0.000000e+00   1.775867e+06   5715s
  417981    8.2422517e+02   0.000000e+00   4.459305e+05   5723s
  418148    8.2421979e+02   0.000000e+00   3.543029e+05   5727s
  418315    8.2421199e+02   0.000000e+00   3.288492e+05   5731s
  418649    8.2419702e+02   0.000000e+00   1.273773e+06   5739s
  418816    8.2419091e+02   0.000000e+00   8.658014e+05   5743s
  418983    8.2418585e+02   0.000000e+00   1.091924e+06   5747s
  419150    8.2417649e+02   0.000000e+00   1.188813e+05   5751s
  419317    8.2417161e+02   0.000000e+00   4.668764e+05   5755s
  419651    8.2416015e+02   0.000000e+00   5.803132e+05   5763s
  419818    8.2415537e+02   0.000000e+00   1.232874e+06   5767s
  419985    8.2414848e+02   0.000000e+00   1.059988e+06   5771s
  420152    8.2414246e+02   0.000000e+00   1.040312e+06   5775s
  420486    8.2413133e+02   0.000000e+00   1.969655e+06   5783s
  420653    8.2412599e+02   0.000000e+00   2.812581e+06   5787s
  420820    8.2412050e+02   0.000000e+00   3.405134e+06   5791s
  420987    8.2411694e+02   0.000000e+00   1.261400e+06   5795s
  421321    8.2410577e+02   0.000000e+00   5.554068e+05   5803s
  421488    8.2409914e+02   0.000000e+00   1.230675e+06   5807s
  421655    8.2409212e+02   0.000000e+00   4.617355e+05   5811s
  421822    8.2408813e+02   0.000000e+00   3.278078e+05   5815s
  422156    8.2408035e+02   0.000000e+00   3.753605e+05   5823s
  422323    8.2407585e+02   0.000000e+00   1.266693e+06   5827s
  422490    8.2407125e+02   0.000000e+00   1.072205e+05   5831s
  422657    8.2406752e+02   0.000000e+00   1.524947e+06   5835s
  422991    8.2405865e+02   0.000000e+00   5.028230e+06   5843s
  423158    8.2405491e+02   0.000000e+00   3.511694e+06   5847s
  423325    8.2405033e+02   0.000000e+00   1.214767e+07   5850s
  423659    8.2404071e+02   0.000000e+00   2.100932e+06   5858s
  423826    8.2403644e+02   0.000000e+00   5.063831e+05   5863s
  423993    8.2403063e+02   0.000000e+00   8.091703e+05   5867s
  424160    8.2402555e+02   0.000000e+00   5.572780e+05   5872s
  424327    8.2402200e+02   0.000000e+00   2.634936e+06   5876s
  424494    8.2401655e+02   0.000000e+00   1.172029e+05   5880s
  424828    8.2400367e+02   0.000000e+00   7.852640e+05   5888s
  424995    8.2398980e+02   0.000000e+00   2.627342e+07   5892s
  425162    8.2398354e+02   0.000000e+00   5.622140e+05   5896s
  425496    8.2397168e+02   0.000000e+00   6.191514e+05   5904s
  425663    8.2396756e+02   0.000000e+00   3.236906e+05   5908s
  425830    8.2396289e+02   0.000000e+00   1.277227e+06   5912s
  425997    8.2395676e+02   0.000000e+00   2.797361e+06   5916s
  426331    8.2394646e+02   0.000000e+00   1.383582e+07   5923s
  426498    8.2394063e+02   0.000000e+00   3.559374e+06   5927s
  426665    8.2393499e+02   0.000000e+00   2.107987e+05   5931s
  426832    8.2393054e+02   0.000000e+00   4.255588e+05   5935s
  427166    8.2391491e+02   0.000000e+00   1.831571e+06   5943s
  427333    8.2390988e+02   0.000000e+00   3.849537e+05   5947s
  427500    8.2390464e+02   0.000000e+00   5.669950e+05   5951s
  427834    8.2389248e+02   0.000000e+00   2.968632e+05   5959s
  428001    8.2388493e+02   0.000000e+00   6.186757e+05   5963s
  428168    8.2388057e+02   0.000000e+00   2.102869e+06   5967s
  428335    8.2387284e+02   0.000000e+00   3.184040e+05   5971s
  428502    8.2386602e+02   0.000000e+00   8.077486e+05   5975s
  428836    8.2385544e+02   0.000000e+00   2.020468e+05   5983s
  429003    8.2385015e+02   0.000000e+00   3.065243e+05   5987s
  429170    8.2384357e+02   0.000000e+00   2.295004e+06   5991s
  429337    8.2383895e+02   0.000000e+00   5.506231e+05   5995s
  429671    8.2383059e+02   0.000000e+00   2.542500e+06   6003s
  429838    8.2382533e+02   0.000000e+00   5.470458e+05   6007s
  430005    8.2382047e+02   0.000000e+00   5.647093e+05   6011s
  430339    8.2380954e+02   0.000000e+00   9.213501e+05   6018s
  430506    8.2380410e+02   0.000000e+00   1.788876e+06   6022s
  430673    8.2379991e+02   0.000000e+00   3.426589e+05   6026s
  430840    8.2379436e+02   0.000000e+00   4.830647e+05   6030s
  431174    8.2378383e+02   0.000000e+00   5.252676e+05   6038s
  431341    8.2377886e+02   0.000000e+00   5.469499e+05   6042s
  431508    8.2377442e+02   0.000000e+00   3.052886e+05   6046s
  431675    8.2376889e+02   0.000000e+00   4.915863e+05   6050s
  432009    8.2375850e+02   0.000000e+00   5.859455e+05   6058s
  432176    8.2375353e+02   0.000000e+00   4.424967e+05   6062s
  432343    8.2374982e+02   0.000000e+00   1.426782e+06   6066s
  432510    8.2374557e+02   0.000000e+00   9.579571e+05   6070s
  432844    8.2373671e+02   0.000000e+00   8.045664e+05   6078s
  433011    8.2373260e+02   0.000000e+00   8.112869e+05   6082s
  433178    8.2372755e+02   0.000000e+00   4.554347e+05   6086s
  433345    8.2372128e+02   0.000000e+00   1.771658e+05   6090s
  433679    8.2370755e+02   0.000000e+00   5.975921e+06   6098s
  433846    8.2369996e+02   0.000000e+00   2.649123e+06   6102s
  434013    8.2369505e+02   0.000000e+00   6.907749e+06   6106s
  434180    8.2368893e+02   0.000000e+00   1.025265e+07   6110s
  434514    8.2367919e+02   0.000000e+00   1.376954e+06   6118s
  434681    8.2367407e+02   0.000000e+00   2.437611e+06   6122s
  434848    8.2366834e+02   0.000000e+00   1.824373e+06   6126s
  435015    8.2366411e+02   0.000000e+00   8.380103e+05   6130s
  435349    8.2365229e+02   0.000000e+00   4.250903e+05   6138s
  435516    8.2364645e+02   0.000000e+00   4.681307e+05   6142s
  435683    8.2364177e+02   0.000000e+00   2.411260e+07   6146s
  436017    8.2363267e+02   0.000000e+00   1.510346e+06   6153s
  436184    8.2362737e+02   0.000000e+00   1.507249e+07   6157s
  436351    8.2362305e+02   0.000000e+00   2.480037e+05   6161s
  436518    8.2361804e+02   0.000000e+00   2.882628e+06   6165s
  436852    8.2360864e+02   0.000000e+00   1.260545e+06   6173s
  437019    8.2360419e+02   0.000000e+00   1.296068e+06   6177s
  437186    8.2359963e+02   0.000000e+00   6.961051e+06   6181s
  437520    8.2358784e+02   0.000000e+00   1.240449e+06   6189s
  437687    8.2358482e+02   0.000000e+00   3.517499e+05   6193s
  437854    8.2358144e+02   0.000000e+00   1.904165e+05   6197s
  438021    8.2357740e+02   0.000000e+00   6.152611e+05   6201s
  438188    8.2357332e+02   0.000000e+00   5.698921e+05   6205s
  438522    8.2356477e+02   0.000000e+00   3.115775e+05   6213s
  438689    8.2356044e+02   0.000000e+00   4.401243e+06   6218s
  438856    8.2355575e+02   0.000000e+00   3.085170e+05   6222s
  439023    8.2355161e+02   0.000000e+00   1.122325e+06   6226s
  439357    8.2354211e+02   0.000000e+00   1.278709e+07   6233s
  439524    8.2353788e+02   0.000000e+00   1.234780e+05   6237s
  439691    8.2353395e+02   0.000000e+00   6.607245e+05   6241s
  439858    8.2352985e+02   0.000000e+00   5.018521e+05   6245s
  440192    8.2352127e+02   0.000000e+00   9.073015e+04   6253s
  440359    8.2351468e+02   0.000000e+00   2.852121e+05   6257s
  440526    8.2351125e+02   0.000000e+00   2.431162e+05   6261s
  440693    8.2350746e+02   0.000000e+00   3.772847e+05   6265s
  441027    8.2349440e+02   0.000000e+00   3.630807e+06   6273s
  441194    8.2349044e+02   0.000000e+00   4.898865e+05   6277s
  441361    8.2348583e+02   0.000000e+00   2.404653e+05   6281s
  441695    8.2347652e+02   0.000000e+00   2.625628e+06   6288s
  441862    8.2347185e+02   0.000000e+00   1.514954e+06   6292s
  442029    8.2346606e+02   0.000000e+00   2.524141e+05   6296s
  442196    8.2346150e+02   0.000000e+00   4.815151e+05   6300s
  442530    8.2345183e+02   0.000000e+00   2.285377e+07   6308s
  442697    8.2344667e+02   0.000000e+00   6.794294e+05   6312s
  442864    8.2344088e+02   0.000000e+00   7.660662e+05   6316s
  443198    8.2343229e+02   0.000000e+00   1.703826e+06   6323s
  443365    8.2342829e+02   0.000000e+00   6.775638e+05   6327s
  443532    8.2342349e+02   0.000000e+00   3.097905e+05   6331s
  443699    8.2341926e+02   0.000000e+00   2.524509e+05   6335s
  444033    8.2340863e+02   0.000000e+00   5.424370e+05   6343s
  444200    8.2340379e+02   0.000000e+00   7.374003e+05   6347s
  444367    8.2340025e+02   0.000000e+00   2.403726e+05   6351s
  444701    8.2339169e+02   0.000000e+00   8.312460e+05   6359s
  444868    8.2338741e+02   0.000000e+00   1.618497e+05   6363s
  445035    8.2338290e+02   0.000000e+00   6.441187e+05   6367s
  445202    8.2337955e+02   0.000000e+00   1.990235e+05   6371s
  445536    8.2337033e+02   0.000000e+00   2.278029e+06   6378s
  445703    8.2336715e+02   0.000000e+00   6.868518e+05   6382s
  445870    8.2336417e+02   0.000000e+00   4.470992e+05   6386s
  446204    8.2335640e+02   0.000000e+00   1.016706e+06   6394s
  446371    8.2335285e+02   0.000000e+00   3.840456e+05   6398s
  446538    8.2334968e+02   0.000000e+00   6.968354e+05   6402s
  446705    8.2334661e+02   0.000000e+00   1.614214e+05   6406s
  447039    8.2334038e+02   0.000000e+00   7.493148e+05   6413s
  447206    8.2333704e+02   0.000000e+00   3.161034e+06   6417s
  447373    8.2333321e+02   0.000000e+00   4.807889e+05   6421s
  447540    8.2332928e+02   0.000000e+00   3.625336e+05   6425s
  447874    8.2332126e+02   0.000000e+00   3.582457e+05   6433s
  448041    8.2331770e+02   0.000000e+00   2.151273e+06   6437s
  448208    8.2331385e+02   0.000000e+00   1.475965e+05   6440s
  448542    8.2330641e+02   0.000000e+00   1.774021e+06   6448s
  448709    8.2330283e+02   0.000000e+00   4.308490e+05   6452s
  448876    8.2329982e+02   0.000000e+00   4.507239e+05   6456s
  449210    8.2329364e+02   0.000000e+00   5.914061e+05   6464s
  449377    8.2329009e+02   0.000000e+00   4.690160e+05   6468s
  449544    8.2328747e+02   0.000000e+00   1.441986e+05   6471s
  449711    8.2328320e+02   0.000000e+00   7.300294e+05   6475s
  450045    8.2327619e+02   0.000000e+00   1.795840e+06   6483s
  450212    8.2327305e+02   0.000000e+00   3.744618e+05   6487s
  450379    8.2326998e+02   0.000000e+00   2.240838e+05   6491s
  450713    8.2326340e+02   0.000000e+00   2.472039e+05   6498s
  450880    8.2326040e+02   0.000000e+00   8.356836e+06   6502s
  451047    8.2325780e+02   0.000000e+00   2.215440e+05   6506s
  451381    8.2325113e+02   0.000000e+00   9.168846e+04   6514s
  451548    8.2324797e+02   0.000000e+00   1.136521e+07   6518s
  451715    8.2324419e+02   0.000000e+00   6.777629e+05   6522s
  451882    8.2324129e+02   0.000000e+00   1.115925e+06   6525s
  452216    8.2323091e+02   0.000000e+00   1.443615e+06   6533s
  452383    8.2322604e+02   0.000000e+00   3.531246e+05   6537s
  452550    8.2322061e+02   0.000000e+00   2.007841e+06   6541s
  452884    8.2320904e+02   0.000000e+00   3.454207e+05   6549s
  453051    8.2320559e+02   0.000000e+00   4.632806e+05   6553s
  453218    8.2320094e+02   0.000000e+00   5.865091e+05   6557s
  453385    8.2319699e+02   0.000000e+00   2.254838e+05   6561s
  453719    8.2318937e+02   0.000000e+00   1.344076e+06   6568s
  453886    8.2318506e+02   0.000000e+00   5.436862e+05   6572s
  454053    8.2318071e+02   0.000000e+00   6.369543e+05   6576s
  454220    8.2317683e+02   0.000000e+00   7.722779e+05   6580s
  454554    8.2316678e+02   0.000000e+00   1.649809e+06   6588s
  454721    8.2316190e+02   0.000000e+00   5.804675e+05   6592s
  454888    8.2315495e+02   0.000000e+00   3.096627e+05   6595s
  455222    8.2314487e+02   0.000000e+00   9.062587e+04   6603s
  455389    8.2314041e+02   0.000000e+00   3.809144e+05   6607s
  455556    8.2313569e+02   0.000000e+00   7.506420e+05   6611s
  455890    8.2312721e+02   0.000000e+00   2.143474e+05   6619s
  456057    8.2312266e+02   0.000000e+00   2.455261e+05   6623s
  456224    8.2311783e+02   0.000000e+00   4.801135e+05   6626s
  456391    8.2311371e+02   0.000000e+00   8.326165e+05   6630s
  456725    8.2310409e+02   0.000000e+00   4.672655e+05   6638s
  456892    8.2309943e+02   0.000000e+00   3.522419e+05   6642s
  457059    8.2309530e+02   0.000000e+00   3.224756e+05   6646s
  457393    8.2308359e+02   0.000000e+00   3.099184e+06   6653s
  457560    8.2307891e+02   0.000000e+00   5.370433e+05   6658s
  457727    8.2307507e+02   0.000000e+00   1.228236e+06   6662s
  457894    8.2307089e+02   0.000000e+00   5.489497e+05   6666s
  458228    8.2306172e+02   0.000000e+00   4.475050e+06   6674s
  458395    8.2305824e+02   0.000000e+00   3.214001e+05   6678s
  458562    8.2305483e+02   0.000000e+00   1.426214e+06   6682s
  458729    8.2304945e+02   0.000000e+00   8.895481e+05   6686s
  459063    8.2304148e+02   0.000000e+00   4.768486e+05   6693s
  459230    8.2303709e+02   0.000000e+00   1.699629e+06   6697s
  459397    8.2303088e+02   0.000000e+00   1.402744e+06   6701s
  459731    8.2301803e+02   0.000000e+00   1.915762e+05   6709s
  459898    8.2301403e+02   0.000000e+00   7.546153e+05   6713s
  460065    8.2301027e+02   0.000000e+00   2.311438e+05   6717s
  460232    8.2300563e+02   0.000000e+00   3.400522e+06   6720s
  460566    8.2299864e+02   0.000000e+00   8.160395e+05   6728s
  460733    8.2299540e+02   0.000000e+00   3.448956e+05   6732s
  460900    8.2299166e+02   0.000000e+00   8.205564e+05   6736s
  461234    8.2298484e+02   0.000000e+00   3.139428e+05   6743s
  461401    8.2298064e+02   0.000000e+00   1.187672e+06   6747s
  461568    8.2297726e+02   0.000000e+00   1.900208e+06   6751s
  461902    8.2297088e+02   0.000000e+00   3.510533e+05   6758s
  462069    8.2296703e+02   0.000000e+00   4.161135e+05   6762s
  462236    8.2296129e+02   0.000000e+00   9.467587e+05   6766s
  462570    8.2295461e+02   0.000000e+00   2.378612e+06   6774s
  462737    8.2295061e+02   0.000000e+00   1.607336e+05   6778s
  462904    8.2294749e+02   0.000000e+00   2.486710e+05   6781s
  463071    8.2294455e+02   0.000000e+00   2.017900e+08   6786s
  463405    8.2293696e+02   0.000000e+00   1.660609e+05   6794s
  463572    8.2293349e+02   0.000000e+00   2.257733e+05   6797s
  463739    8.2292987e+02   0.000000e+00   2.138300e+06   6801s
  463906    8.2292617e+02   0.000000e+00   4.439878e+06   6805s
  464240    8.2291803e+02   0.000000e+00   1.318764e+07   6813s
  464407    8.2291454e+02   0.000000e+00   4.515080e+06   6817s
  464574    8.2291203e+02   0.000000e+00   1.449754e+06   6820s
  464908    8.2290429e+02   0.000000e+00   2.016770e+06   6828s
  465075    8.2290001e+02   0.000000e+00   4.484818e+05   6832s
  465242    8.2289329e+02   0.000000e+00   2.906501e+05   6836s
  465409    8.2288947e+02   0.000000e+00   2.521513e+05   6840s
  465743    8.2288306e+02   0.000000e+00   6.859791e+05   6848s
  465910    8.2287836e+02   0.000000e+00   1.432238e+06   6852s
  466077    8.2287476e+02   0.000000e+00   6.665648e+05   6856s
  466244    8.2287145e+02   0.000000e+00   8.436923e+04   6860s
  466578    8.2286528e+02   0.000000e+00   3.910707e+05   6868s
  466745    8.2286208e+02   0.000000e+00   1.733306e+06   6872s
  466912    8.2285861e+02   0.000000e+00   5.235806e+05   6876s
  467079    8.2285549e+02   0.000000e+00   1.078787e+06   6880s
  467413    8.2284847e+02   0.000000e+00   1.722710e+05   6888s
  467580    8.2284539e+02   0.000000e+00   2.368977e+05   6892s
  467747    8.2284226e+02   0.000000e+00   1.998225e+06   6896s
  467914    8.2283963e+02   0.000000e+00   9.964423e+05   6900s
  468248    8.2283234e+02   0.000000e+00   4.030542e+05   6908s
  468415    8.2282890e+02   0.000000e+00   9.213577e+06   6912s
  468582    8.2282544e+02   0.000000e+00   8.569949e+05   6916s
  468916    8.2281857e+02   0.000000e+00   2.749092e+05   6924s
  469083    8.2281535e+02   0.000000e+00   1.221645e+06   6928s
  469250    8.2281144e+02   0.000000e+00   2.777669e+05   6931s
  469417    8.2280816e+02   0.000000e+00   1.936062e+05   6936s
  469751    8.2280096e+02   0.000000e+00   8.020801e+05   6943s
  469918    8.2279719e+02   0.000000e+00   7.352913e+05   6947s
  470085    8.2279214e+02   0.000000e+00   3.813002e+05   6951s
  470252    8.2278814e+02   0.000000e+00   4.444994e+06   6955s
  470586    8.2278144e+02   0.000000e+00   6.775713e+04   6963s
  470753    8.2277802e+02   0.000000e+00   2.021892e+05   6967s
  470920    8.2277490e+02   0.000000e+00   1.189846e+05   6971s
  471254    8.2276825e+02   0.000000e+00   4.164116e+05   6979s
  471421    8.2276510e+02   0.000000e+00   2.956921e+05   6983s
  471588    8.2276181e+02   0.000000e+00   4.332521e+05   6987s
  471755    8.2275857e+02   0.000000e+00   2.093696e+05   6991s
  472089    8.2275155e+02   0.000000e+00   6.355209e+05   6998s
  472256    8.2274712e+02   0.000000e+00   7.366709e+05   7002s
  472423    8.2274277e+02   0.000000e+00   2.460000e+05   7006s
  472757    8.2273450e+02   0.000000e+00   3.166599e+05   7013s
  472924    8.2273070e+02   0.000000e+00   6.168766e+05   7017s
  473091    8.2272746e+02   0.000000e+00   4.598036e+05   7021s
  473425    8.2272002e+02   0.000000e+00   7.485336e+05   7029s
  473592    8.2271613e+02   0.000000e+00   7.092380e+05   7033s
  473759    8.2271181e+02   0.000000e+00   8.330350e+05   7037s
  473926    8.2270678e+02   0.000000e+00   1.141912e+05   7041s
  474260    8.2269891e+02   0.000000e+00   1.406908e+06   7048s
  474427    8.2269570e+02   0.000000e+00   3.940829e+06   7052s
  474594    8.2269248e+02   0.000000e+00   8.525595e+06   7056s
  474928    8.2268510e+02   0.000000e+00   7.720825e+05   7063s
  475095    8.2268108e+02   0.000000e+00   4.637143e+05   7067s
  475262    8.2267795e+02   0.000000e+00   2.969576e+05   7071s
  475429    8.2267342e+02   0.000000e+00   3.175651e+05   7075s
  475763    8.2266642e+02   0.000000e+00   1.251581e+05   7083s
  475930    8.2266222e+02   0.000000e+00   2.473039e+06   7087s
  476097    8.2265745e+02   0.000000e+00   2.869796e+05   7091s
  476431    8.2264996e+02   0.000000e+00   1.457248e+05   7099s
  476598    8.2264755e+02   0.000000e+00   6.027788e+05   7103s
  476765    8.2264420e+02   0.000000e+00   5.950807e+05   7107s
  476932    8.2264047e+02   0.000000e+00   4.167662e+05   7111s
  477266    8.2262720e+02   0.000000e+00   1.905313e+05   7118s
  477433    8.2262365e+02   0.000000e+00   9.894489e+05   7122s
  477600    8.2262022e+02   0.000000e+00   1.489242e+06   7126s
  477934    8.2261320e+02   0.000000e+00   1.564281e+05   7133s
  478101    8.2260876e+02   0.000000e+00   1.250114e+06   7137s
  478268    8.2260548e+02   0.000000e+00   4.932656e+05   7141s
  478435    8.2260059e+02   0.000000e+00   3.936686e+05   7145s
  478769    8.2259118e+02   0.000000e+00   4.409399e+05   7153s
  478936    8.2258766e+02   0.000000e+00   6.939797e+05   7157s
  479103    8.2258305e+02   0.000000e+00   1.289370e+06   7161s
  479437    8.2257378e+02   0.000000e+00   2.505810e+05   7169s
  479604    8.2256954e+02   0.000000e+00   6.296241e+05   7173s
  479771    8.2256719e+02   0.000000e+00   1.587449e+05   7177s
  479938    8.2256333e+02   0.000000e+00   3.933287e+05   7181s
  480272    8.2255549e+02   0.000000e+00   2.518116e+05   7188s
  480439    8.2255118e+02   0.000000e+00   8.522412e+05   7192s
  480606    8.2254797e+02   0.000000e+00   1.204263e+07   7196s
  480773    8.2254279e+02   0.000000e+00   1.304351e+06   7200s


Root relaxation: time limit, 480773 iterations, 7196.95 seconds

    Nodes    |    Current Node    |     Objective Bounds      |     Work
 Expl Unexpl |  Obj  Depth IntInf | Incumbent    BestBd   Gap | It/Node Time

     0     0          -    0               -    0.00000      -     - 7200s

Explored 0 nodes (480773 simplex iterations) in 7200.10 seconds
Thread count was 4 (of 4 available processors)

Solution count 0

Time limit reached
Best objective -, best bound 0.000000000000e+00, gap -

Unable to retrieve attribute 'X'

