Academic license - for non-commercial use only
Set parameter TimeLimit to value 43200

Gurobi Optimizer version 8.0.0 build v8.0.0rc0 (linux64)
Copyright (c) 2018, Gurobi Optimization, LLC

Read LP format model from file yn02.lp
Reading time = 5.15 seconds
: 226160 rows, 409081 columns, 6780092 nonzeros

Read input file 'flow_yn02.sol'

Optimize a model with 226160 rows, 409081 columns and 6780092 nonzeros
Variable types: 0 continuous, 409081 integer (409080 binary)
Coefficient statistics:
  Matrix range     [1e+00, 1e+03]
  Objective range  [1e+00, 1e+00]
  Bounds range     [1e+00, 1e+00]
  RHS range        [1e+00, 1e+00]

MIP start produced solution with objective 956 (4.28s)
Loaded MIP start with objective 956
Processed MIP start in 4.38 seconds

Presolve removed 5202 rows and 5172 columns (presolve time = 5s) ...
Presolve removed 6111 rows and 5172 columns (presolve time = 10s) ...
Presolve removed 8836 rows and 7745 columns (presolve time = 16s) ...
Presolve removed 10788 rows and 9727 columns (presolve time = 21s) ...
Presolve removed 11133 rows and 10078 columns (presolve time = 28s) ...
Presolve removed 11133 rows and 10740 columns (presolve time = 39s) ...
Presolve removed 11476 rows and 10762 columns (presolve time = 40s) ...
Presolve removed 11653 rows and 10950 columns
Presolve time: 43.71s
Presolved: 214507 rows, 398131 columns, 6722141 nonzeros
Variable types: 0 continuous, 398131 integer (398130 binary)

Deterministic concurrent LP optimizer: primal simplex, dual simplex, and barrier
Showing barrier log only...

Presolve removed 26 rows and 13 columns
Presolved: 156779 rows, 286272 columns, 4801256 nonzeros

Root barrier log...

Elapsed ordering time = 5s
Elapsed ordering time = 10s
Elapsed ordering time = 15s
Elapsed ordering time = 20s
Elapsed ordering time = 25s
Ordering time: 29.76s

Barrier statistics:
 AA' NZ     : 9.085e+06
 Factor NZ  : 2.380e+08 (roughly 2.0 GBytes of memory)
 Factor Ops : 2.154e+12 (roughly 70 seconds per iteration)
 Threads    : 6

                  Objective                Residual
Iter       Primal          Dual         Primal    Dual     Compl     Time
   0   1.57587350e+03 -1.02612038e+06  1.57e+04 1.43e-01  1.53e+02   161s
   1   1.16200309e+03 -1.06403495e+06  3.56e+03 8.68e-02  3.65e+01   211s
   2   9.80046010e+02 -8.83899280e+05  4.29e+02 2.09e-12  5.41e+00   262s
   3   9.64687940e+02 -4.63707000e+05  1.67e+02 2.05e-12  2.02e+00   314s
   4   9.60716700e+02 -2.58319398e+05  9.82e+01 1.36e-12  1.07e+00   364s
   5   9.57304420e+02 -1.14921939e+05  3.98e+01 4.01e-13  4.28e-01   418s
   6   9.55900340e+02 -4.89467358e+04  1.61e+01 5.13e-13  1.71e-01   471s
   7   9.55369905e+02 -2.46748332e+04  7.31e+00 4.15e-13  7.98e-02   523s
   8   9.55099013e+02 -1.33758193e+04  3.07e+00 4.18e-13  3.82e-02   577s
   9   9.54814657e+02 -7.15793791e+03  1.15e+00 2.15e-13  1.82e-02   630s
  10   9.33045657e+02 -2.05814463e+03  1.02e-01 2.25e-13  5.27e-03   685s
  11   9.06121795e+02 -5.30955308e+02  1.42e-02 1.08e-13  2.45e-03   737s
  12   8.73391398e+02  4.15624579e+02  1.98e-03 5.61e-14  7.77e-04   791s
  13   8.52581046e+02  5.76034867e+02  1.18e-03 3.27e-14  4.69e-04   845s
  14   8.14138755e+02  7.08080863e+02  4.01e-04 1.17e-14  1.80e-04   899s
  15   7.88896526e+02  7.42613452e+02  1.55e-04 5.12e-15  7.85e-05   952s
  16   7.77987419e+02  7.54628138e+02  7.26e-05 4.88e-15  3.96e-05  1003s
  17   7.70767747e+02  7.62616827e+02  2.47e-05 4.10e-15  1.38e-05  1058s
  18   7.67382053e+02  7.64473144e+02  7.26e-06 6.49e-15  4.93e-06  1113s
  19   7.66672974e+02  7.64886423e+02  4.31e-06 7.36e-15  3.03e-06  1164s
  20   7.66012786e+02  7.65245690e+02  1.59e-06 1.45e-14  1.30e-06  1216s
  21   7.65682587e+02  7.65421632e+02  3.47e-07 1.44e-14  4.43e-07  1271s
  22   7.65589678e+02  7.65530516e+02  6.40e-08 2.12e-14  1.00e-07  1325s
  23   7.65570214e+02  7.65553502e+02  1.65e-08 2.45e-14  2.83e-08  1379s
  24   7.65563454e+02  7.65560384e+02  2.53e-09 1.97e-14  5.21e-09  1435s
  25   7.65562032e+02  7.65561539e+02  1.29e-09 1.91e-14  8.36e-10  1490s
  26   7.65561906e+02  7.65561640e+02  3.74e-09 2.25e-14  4.52e-10  1541s
  27   7.65561821e+02  7.65561689e+02  2.17e-09 2.08e-14  2.25e-10  1594s
  28   7.65561780e+02  7.65561711e+02  1.40e-09 1.65e-14  1.17e-10  1645s
  29   7.65561752e+02  7.65561725e+02  3.29e-08 2.13e-14  4.61e-11  1700s
  30   7.65561745e+02  7.65561727e+02  2.34e-08 1.73e-14  3.02e-11  1751s
  31   7.65561737e+02  7.65561729e+02  1.05e-08 1.71e-14  1.42e-11  1803s
  32   7.65561733e+02  7.65561730e+02  1.01e-08 2.24e-14  4.77e-12  1858s

Barrier solved model in 32 iterations and 1857.68 seconds
Optimal objective 7.65561733e+02


Root crossover log...

   68985 variables added to crossover basis                     1860s
   70055 variables added to crossover basis                     1865s
   70675 variables added to crossover basis                     1870s
   71155 variables added to crossover basis                     1875s
   71565 variables added to crossover basis                     1880s
   71935 variables added to crossover basis                     1885s

   84613 DPushes remaining with DInf 5.4719557e+02              1889s
   23080 DPushes remaining with DInf 3.8981835e+02              1977s
    7820 DPushes remaining with DInf 3.1057651e+02              2029s
    2645 DPushes remaining with DInf 2.5668307e+02              2053s
     936 DPushes remaining with DInf 2.2851834e+02              2063s
     344 DPushes remaining with DInf 2.4925374e+02              2068s
       0 DPushes remaining with DInf 1.2123246e+03              2073s

   19961 PPushes remaining with PInf 1.4196058e-03              2073s
    2713 PPushes remaining with PInf 7.5474184e+01              2138s
       0 PPushes remaining with PInf 6.0806062e+01              2147s

  Push phase complete: Pinf 6.0806062e+01, Dinf 1.1340364e+03   2147s


Root simplex log...

Iteration    Objective       Primal Inf.    Dual Inf.      Time
  104539    7.6556147e+02   0.000000e+00   1.134036e+03   2148s
  104729    7.6556147e+02   0.000000e+00   5.887667e+03   2157s
  104969    7.6556147e+02   0.000000e+00   2.690369e+04   2167s
  105159    7.6556147e+02   0.000000e+00   2.187084e+04   2177s
  105339    7.6556147e+02   0.000000e+00   2.190655e+04   2185s
  105489    7.6556146e+02   0.000000e+00   4.551196e+04   2194s
  105649    7.6556146e+02   0.000000e+00   3.988296e+04   2204s
  105799    7.6556145e+02   0.000000e+00   3.871855e+04   2213s
  105959    7.6556145e+02   0.000000e+00   2.312641e+04   2223s
  106109    7.6556144e+02   0.000000e+00   1.190864e+04   2232s
  106209    7.6556144e+02   0.000000e+00   1.755667e+04   2241s
  106399    7.6556142e+02   0.000000e+00   2.620599e+04   2257s
  106609    7.6556140e+02   0.000000e+00   5.023192e+04   2275s
  106729    7.6556138e+02   0.000000e+00   2.010290e+04   2285s
  106839    7.6556137e+02   0.000000e+00   3.586097e+04   2295s
  106939    7.6556136e+02   0.000000e+00   5.276212e+04   2304s
  107039    7.6556135e+02   0.000000e+00   1.417822e+05   2313s
  107159    7.6556134e+02   0.000000e+00   9.313557e+04   2324s
  107259    7.6556134e+02   0.000000e+00   5.419644e+04   2332s
  107369    7.6556133e+02   0.000000e+00   6.325449e+04   2341s
  107469    7.6556132e+02   0.000000e+00   6.138898e+04   2350s
  107679    7.6556131e+02   0.000000e+00   2.289806e+05   2368s
  107809    7.6556130e+02   0.000000e+00   1.677586e+05   2379s
  107919    7.6556130e+02   0.000000e+00   7.859724e+04   2388s
  108019    7.6556129e+02   0.000000e+00   4.011837e+04   2396s
  108139    7.6556129e+02   0.000000e+00   1.692671e+05   2406s
  108249    7.6556128e+02   0.000000e+00   5.357670e+04   2415s
  108349    7.6556127e+02   0.000000e+00   3.581260e+04   2424s
  108449    7.6556127e+02   0.000000e+00   1.056519e+05   2432s
  108549    7.6556127e+02   0.000000e+00   2.582379e+04   2441s
  108649    7.6556126e+02   0.000000e+00   6.079016e+04   2450s
  108749    7.6556126e+02   0.000000e+00   5.021666e+04   2459s
  108859    7.6556125e+02   0.000000e+00   9.636681e+04   2468s
  108969    7.6556124e+02   0.000000e+00   2.205028e+04   2477s
  109079    7.6556123e+02   0.000000e+00   3.417369e+04   2486s
  109259    7.6556122e+02   0.000000e+00   5.079444e+04   2503s
  109439    7.6556119e+02   0.000000e+00   1.909715e+04   2518s
  109619    7.6556117e+02   0.000000e+00   3.696797e+04   2535s
  109719    7.6556116e+02   0.000000e+00   6.170436e+04   2544s
  109819    7.6556115e+02   0.000000e+00   7.179501e+04   2552s
  110029    7.6556113e+02   0.000000e+00   5.107693e+04   2571s
  110139    7.6556111e+02   0.000000e+00   4.127813e+04   2580s
  110269    7.6556110e+02   0.000000e+00   4.820841e+04   2591s
  110379    7.6556108e+02   0.000000e+00   6.446290e+04   2599s
  110479    7.6556107e+02   0.000000e+00   3.634379e+04   2608s
  110579    7.6556105e+02   0.000000e+00   7.288825e+04   2616s
  110679    7.6556104e+02   0.000000e+00   1.880711e+05   2625s
  110859    7.6556102e+02   0.000000e+00   4.419130e+04   2641s
  110959    7.6556101e+02   0.000000e+00   2.484792e+04   2649s
  111059    7.6556099e+02   0.000000e+00   2.912069e+04   2657s
  111249    7.6556096e+02   0.000000e+00   4.401941e+04   2673s
  111349    7.6556095e+02   0.000000e+00   3.464053e+04   2681s
  111449    7.6556093e+02   0.000000e+00   1.094017e+05   2689s
  111549    7.6556091e+02   0.000000e+00   3.232710e+04   2697s
  111649    7.6556089e+02   0.000000e+00   4.156815e+05   2706s
  111749    7.6556087e+02   0.000000e+00   7.123254e+04   2714s
  111859    7.6556085e+02   0.000000e+00   3.593769e+04   2723s
  111959    7.6556083e+02   0.000000e+00   1.294184e+04   2731s
  112059    7.6556082e+02   0.000000e+00   1.836688e+04   2739s
  112159    7.6556080e+02   0.000000e+00   6.880168e+04   2747s
  112259    7.6556078e+02   0.000000e+00   7.863420e+04   2756s
  112359    7.6556075e+02   0.000000e+00   4.795386e+04   2764s
  112459    7.6556072e+02   0.000000e+00   1.790262e+05   2772s
  112559    7.6556070e+02   0.000000e+00   7.279648e+04   2781s
  112659    7.6556068e+02   0.000000e+00   3.554860e+04   2789s
  112759    7.6556066e+02   0.000000e+00   1.181357e+05   2797s
  112859    7.6556063e+02   0.000000e+00   1.433873e+05   2806s
  112959    7.6556060e+02   0.000000e+00   7.767503e+04   2814s
  113059    7.6556057e+02   0.000000e+00   2.628792e+04   2822s
  113159    7.6556054e+02   0.000000e+00   1.225323e+05   2830s
  113259    7.6556050e+02   0.000000e+00   6.005209e+04   2838s
  113359    7.6556048e+02   0.000000e+00   1.072554e+05   2847s
  113459    7.6556044e+02   0.000000e+00   3.557773e+05   2855s
  113559    7.6556041e+02   0.000000e+00   1.017159e+05   2863s
  113659    7.6556038e+02   0.000000e+00   1.154425e+05   2871s
  113759    7.6556034e+02   0.000000e+00   8.308886e+04   2879s
  113859    7.6556031e+02   0.000000e+00   1.483189e+05   2886s
  114049    7.6556025e+02   0.000000e+00   8.456393e+05   2902s
  114149    7.6556020e+02   0.000000e+00   1.543777e+05   2910s
  114259    7.6556016e+02   0.000000e+00   1.609782e+05   2919s
  114359    7.6556013e+02   0.000000e+00   9.902455e+05   2927s
  114469    7.6556010e+02   0.000000e+00   8.556772e+04   2935s
  114569    7.6556007e+02   0.000000e+00   1.154717e+05   2943s
  114679    7.6556004e+02   0.000000e+00   1.415944e+05   2951s
  114789    7.6556000e+02   0.000000e+00   6.242983e+05   2960s
  114899    7.6555997e+02   0.000000e+00   6.033526e+04   2968s
  115009    7.6555994e+02   0.000000e+00   4.382392e+04   2978s
  115119    7.6555991e+02   0.000000e+00   3.050075e+05   2987s
  115219    7.6555988e+02   0.000000e+00   1.110480e+05   2995s
  115329    7.6555986e+02   0.000000e+00   5.248134e+04   3004s
  115429    7.6555983e+02   0.000000e+00   3.431208e+04   3011s
  115529    7.6555981e+02   0.000000e+00   8.416475e+04   3019s
  115629    7.6555978e+02   0.000000e+00   7.104348e+04   3027s
  115739    7.6555975e+02   0.000000e+00   2.398490e+04   3035s
  115849    7.6555971e+02   0.000000e+00   3.905287e+04   3044s
  115949    7.6555968e+02   0.000000e+00   1.082371e+05   3051s
  116049    7.6555965e+02   0.000000e+00   5.796634e+04   3059s
  116149    7.6555961e+02   0.000000e+00   7.986125e+04   3067s
  116249    7.6555957e+02   0.000000e+00   3.244363e+05   3075s
  116349    7.6555954e+02   0.000000e+00   2.228668e+04   3083s
  116449    7.6555951e+02   0.000000e+00   2.810052e+04   3091s
  116559    7.6555949e+02   0.000000e+00   5.676471e+04   3099s
  116669    7.6555945e+02   0.000000e+00   1.009817e+05   3108s
  116779    7.6555942e+02   0.000000e+00   6.223485e+04   3116s
  116889    7.6555939e+02   0.000000e+00   5.037235e+04   3124s
  116999    7.6555936e+02   0.000000e+00   4.416541e+04   3133s
  117109    7.6555933e+02   0.000000e+00   4.538992e+04   3141s
  117219    7.6555929e+02   0.000000e+00   4.827761e+04   3150s
  117329    7.6555925e+02   0.000000e+00   8.787334e+04   3158s
  117449    7.6555920e+02   0.000000e+00   3.291963e+04   3167s
  117559    7.6555917e+02   0.000000e+00   9.392957e+04   3176s
  117669    7.6555913e+02   0.000000e+00   4.877982e+04   3184s
  117879    7.6555907e+02   0.000000e+00   1.004200e+05   3200s
  117989    7.6555902e+02   0.000000e+00   1.510465e+04   3208s
  118099    7.6555897e+02   0.000000e+00   1.671799e+05   3217s
  118209    7.6555893e+02   0.000000e+00   5.109914e+04   3225s
  118319    7.6555889e+02   0.000000e+00   4.370670e+04   3233s
  118429    7.6555883e+02   0.000000e+00   4.360433e+04   3241s
  118539    7.6555879e+02   0.000000e+00   9.286826e+04   3249s
  118649    7.6555874e+02   0.000000e+00   6.161549e+04   3256s
  118759    7.6555871e+02   0.000000e+00   2.541514e+04   3264s
  118869    7.6555866e+02   0.000000e+00   1.053144e+05   3273s
  118979    7.6555862e+02   0.000000e+00   1.039895e+04   3281s
  119089    7.6555858e+02   0.000000e+00   2.092399e+04   3288s
  119199    7.6555853e+02   0.000000e+00   4.532705e+04   3297s
  119309    7.6555848e+02   0.000000e+00   1.341542e+04   3305s
  119409    7.6555841e+02   0.000000e+00   4.419629e+05   3313s
  119519    7.6555836e+02   0.000000e+00   2.010027e+04   3321s
  119629    7.6555828e+02   0.000000e+00   1.227038e+05   3329s
  119739    7.6555822e+02   0.000000e+00   1.004479e+05   3338s
  119849    7.6555815e+02   0.000000e+00   3.859780e+04   3345s
  119949    7.6555810e+02   0.000000e+00   3.461118e+04   3353s
  120059    7.6555803e+02   0.000000e+00   9.412827e+04   3361s
  120159    7.6555795e+02   0.000000e+00   5.126901e+04   3368s
  120269    7.6555788e+02   0.000000e+00   1.415769e+05   3377s
  120379    7.6555780e+02   0.000000e+00   5.544999e+04   3385s
  120489    7.6555772e+02   0.000000e+00   1.724288e+05   3394s
  120599    7.6555765e+02   0.000000e+00   1.643550e+05   3402s
  120709    7.6555756e+02   0.000000e+00   9.321272e+04   3410s
  120819    7.6555751e+02   0.000000e+00   3.618025e+04   3417s
  120929    7.6555747e+02   0.000000e+00   3.456906e+04   3426s
  121039    7.6555740e+02   0.000000e+00   3.885895e+04   3434s
  121149    7.6555731e+02   0.000000e+00   2.924436e+04   3443s
  121249    7.6555724e+02   0.000000e+00   5.502549e+04   3451s
  121359    7.6555718e+02   0.000000e+00   4.409141e+04   3460s
  121469    7.6555712e+02   0.000000e+00   1.535876e+04   3467s
  121569    7.6555707e+02   0.000000e+00   3.025169e+04   3475s
  121669    7.6555702e+02   0.000000e+00   5.305033e+04   3482s
  121779    7.6555694e+02   0.000000e+00   4.776819e+04   3490s
  121889    7.6555687e+02   0.000000e+00   4.457646e+04   3498s
  122009    7.6555684e+02   0.000000e+00   2.562086e+04   3506s
  122119    7.6555680e+02   0.000000e+00   2.446556e+04   3514s
  122239    7.6555673e+02   0.000000e+00   5.798652e+04   3523s
  122339    7.6555668e+02   0.000000e+00   1.861290e+06   3531s
  122449    7.6555664e+02   0.000000e+00   2.520385e+04   3539s
  122569    7.6555659e+02   0.000000e+00   1.816773e+04   3548s
  122689    7.6555654e+02   0.000000e+00   2.176478e+05   3556s
  122809    7.6555648e+02   0.000000e+00   5.757076e+04   3564s
  122929    7.6555641e+02   0.000000e+00   6.680554e+04   3572s
  123039    7.6555635e+02   0.000000e+00   5.498536e+04   3580s
  123149    7.6555629e+02   0.000000e+00   4.660158e+04   3588s
  123259    7.6555626e+02   0.000000e+00   9.007470e+04   3596s
  123359    7.6555623e+02   0.000000e+00   3.435829e+04   3604s
  123459    7.6555619e+02   0.000000e+00   3.869645e+04   3611s
  123559    7.6555614e+02   0.000000e+00   2.605677e+04   3619s
  123669    7.6555609e+02   0.000000e+00   2.914217e+04   3626s
  123779    7.6555605e+02   0.000000e+00   5.156082e+04   3634s
  123889    7.6555600e+02   0.000000e+00   5.102145e+04   3642s
  123999    7.6555594e+02   0.000000e+00   4.096512e+04   3650s
  124109    7.6555588e+02   0.000000e+00   2.187487e+05   3657s
  124219    7.6555583e+02   0.000000e+00   2.511055e+04   3665s
  124329    7.6555580e+02   0.000000e+00   9.631416e+04   3674s
  124449    7.6555575e+02   0.000000e+00   1.901360e+04   3682s
  124569    7.6555569e+02   0.000000e+00   1.465076e+05   3690s
  124689    7.6555563e+02   0.000000e+00   5.283746e+04   3698s
  124809    7.6555559e+02   0.000000e+00   1.147808e+04   3706s
  124919    7.6555554e+02   0.000000e+00   8.336152e+04   3714s
  125029    7.6555549e+02   0.000000e+00   5.292032e+04   3722s
  125139    7.6555541e+02   0.000000e+00   5.494673e+04   3730s
  125249    7.6555536e+02   0.000000e+00   1.959402e+04   3738s
  125369    7.6555531e+02   0.000000e+00   4.200107e+04   3746s
  125469    7.6555526e+02   0.000000e+00   2.796795e+05   3753s
  125579    7.6555520e+02   0.000000e+00   3.782427e+04   3761s
  125689    7.6555516e+02   0.000000e+00   3.185344e+04   3769s
  125809    7.6555508e+02   0.000000e+00   1.464944e+04   3777s
  125929    7.6555500e+02   0.000000e+00   2.398417e+04   3784s
  126039    7.6555496e+02   0.000000e+00   3.273624e+04   3792s
  126149    7.6555488e+02   0.000000e+00   3.154315e+04   3800s
  126269    7.6555480e+02   0.000000e+00   2.094981e+04   3808s
  126379    7.6555474e+02   0.000000e+00   1.769496e+05   3815s
  126489    7.6555467e+02   0.000000e+00   9.880146e+04   3822s
  126589    7.6555462e+02   0.000000e+00   1.823663e+04   3829s
  126699    7.6555457e+02   0.000000e+00   2.598639e+04   3837s
  126809    7.6555450e+02   0.000000e+00   8.032816e+04   3844s
  126929    7.6555443e+02   0.000000e+00   5.202871e+04   3851s
  127029    7.6555433e+02   0.000000e+00   1.769898e+05   3858s
  127129    7.6555428e+02   0.000000e+00   7.421396e+04   3865s
  127239    7.6555423e+02   0.000000e+00   4.496703e+04   3874s
  127349    7.6555416e+02   0.000000e+00   5.019752e+04   3882s
  127469    7.6555409e+02   0.000000e+00   5.130157e+04   3890s
  127579    7.6555403e+02   0.000000e+00   1.498773e+05   3898s
  127689    7.6555396e+02   0.000000e+00   2.663092e+04   3906s
  127799    7.6555390e+02   0.000000e+00   3.828730e+04   3914s
  127909    7.6555384e+02   0.000000e+00   8.926155e+03   3922s
  128019    7.6555378e+02   0.000000e+00   8.694875e+03   3929s
  128129    7.6555371e+02   0.000000e+00   3.341269e+04   3937s
  128249    7.6555364e+02   0.000000e+00   1.486528e+04   3945s
  128369    7.6555359e+02   0.000000e+00   1.687419e+04   3952s
  128489    7.6555351e+02   0.000000e+00   5.824168e+04   3960s
  128609    7.6555345e+02   0.000000e+00   1.282068e+05   3968s
  128729    7.6555339e+02   0.000000e+00   3.994994e+04   3976s
  128829    7.6555333e+02   0.000000e+00   8.284521e+04   3984s
  128949    7.6555327e+02   0.000000e+00   6.604073e+04   3992s
  129059    7.6555321e+02   0.000000e+00   7.682555e+03   4000s
  129179    7.6555316e+02   0.000000e+00   1.634381e+04   4008s
  129289    7.6555307e+02   0.000000e+00   1.932007e+04   4016s
  129399    7.6555303e+02   0.000000e+00   6.995480e+03   4023s
  129519    7.6555297e+02   0.000000e+00   6.646035e+04   4031s
  129629    7.6555293e+02   0.000000e+00   1.035373e+05   4039s
  129729    7.6555289e+02   0.000000e+00   1.201241e+05   4047s
  129849    7.6555283e+02   0.000000e+00   2.430186e+04   4056s
  129959    7.6555277e+02   0.000000e+00   2.399260e+04   4064s
  130069    7.6555271e+02   0.000000e+00   1.879193e+04   4071s
  130179    7.6555265e+02   0.000000e+00   8.649809e+03   4078s
  130299    7.6555260e+02   0.000000e+00   6.521650e+04   4085s
  130409    7.6555256e+02   0.000000e+00   7.476640e+03   4093s
  130519    7.6555251e+02   0.000000e+00   8.693352e+03   4101s
  130639    7.6555248e+02   0.000000e+00   6.256268e+04   4109s
  130759    7.6555243e+02   0.000000e+00   1.180795e+04   4116s
  130879    7.6555239e+02   0.000000e+00   1.640764e+04   4124s
  130999    7.6555234e+02   0.000000e+00   1.886869e+04   4132s
  131119    7.6555228e+02   0.000000e+00   1.041879e+04   4140s
  131239    7.6555224e+02   0.000000e+00   1.298201e+04   4147s
  131359    7.6555219e+02   0.000000e+00   7.290846e+03   4155s
  131479    7.6555215e+02   0.000000e+00   1.154623e+04   4163s
  131599    7.6555208e+02   0.000000e+00   1.306780e+04   4171s
  131709    7.6555203e+02   0.000000e+00   9.200746e+04   4179s
  131829    7.6555195e+02   0.000000e+00   1.853885e+04   4187s
  131939    7.6555190e+02   0.000000e+00   5.024172e+04   4195s
  132059    7.6555182e+02   0.000000e+00   3.248744e+04   4203s
  132179    7.6555178e+02   0.000000e+00   1.421652e+04   4210s
  132299    7.6555173e+02   0.000000e+00   1.595191e+04   4219s
  132419    7.6555168e+02   0.000000e+00   2.679380e+04   4226s
  132539    7.6555163e+02   0.000000e+00   1.954690e+04   4235s
  132649    7.6555160e+02   0.000000e+00   1.959490e+04   4243s
  132769    7.6555156e+02   0.000000e+00   4.637872e+04   4250s
  132879    7.6555152e+02   0.000000e+00   2.851689e+04   4258s
  132989    7.6555148e+02   0.000000e+00   2.910632e+04   4266s
  133099    7.6555145e+02   0.000000e+00   5.384684e+04   4274s
  133209    7.6555140e+02   0.000000e+00   2.739810e+04   4281s
  133319    7.6555137e+02   0.000000e+00   9.106547e+03   4289s
  133429    7.6555131e+02   0.000000e+00   3.255814e+04   4298s
  133539    7.6555128e+02   0.000000e+00   2.255452e+04   4306s
  133659    7.6555124e+02   0.000000e+00   3.739618e+04   4314s
  133769    7.6555118e+02   0.000000e+00   1.324051e+05   4322s
  133879    7.6555114e+02   0.000000e+00   5.741183e+03   4329s
  133989    7.6555109e+02   0.000000e+00   3.431584e+04   4336s
  134099    7.6555105e+02   0.000000e+00   3.459476e+04   4343s
  134209    7.6555099e+02   0.000000e+00   3.844412e+04   4351s
  134319    7.6555094e+02   0.000000e+00   2.004428e+04   4359s
  134439    7.6555089e+02   0.000000e+00   2.714401e+04   4367s
  134549    7.6555085e+02   0.000000e+00   5.880935e+03   4374s
  134659    7.6555081e+02   0.000000e+00   1.765493e+04   4382s
  134769    7.6555077e+02   0.000000e+00   9.803060e+03   4390s
  134889    7.6555071e+02   0.000000e+00   5.021429e+04   4398s
  134999    7.6555065e+02   0.000000e+00   1.278931e+04   4406s
  135119    7.6555061e+02   0.000000e+00   8.535685e+03   4414s
  135239    7.6555058e+02   0.000000e+00   3.699128e+04   4422s
  135349    7.6555053e+02   0.000000e+00   1.492417e+05   4430s
  135559    7.6555046e+02   0.000000e+00   1.240251e+04   4446s
  135669    7.6555044e+02   0.000000e+00   4.448233e+04   4454s
  135779    7.6555040e+02   0.000000e+00   8.899545e+03   4461s
  135889    7.6555036e+02   0.000000e+00   2.076146e+05   4469s
  136009    7.6555030e+02   0.000000e+00   7.544378e+04   4477s
  136129    7.6555026e+02   0.000000e+00   6.978904e+03   4485s
  136249    7.6555020e+02   0.000000e+00   5.943508e+04   4494s
  136369    7.6555015e+02   0.000000e+00   2.958419e+04   4503s
  136489    7.6555010e+02   0.000000e+00   4.763483e+03   4511s
  136609    7.6555004e+02   0.000000e+00   4.640283e+04   4519s
  136729    7.6555001e+02   0.000000e+00   1.292103e+04   4528s
  136849    7.6554995e+02   0.000000e+00   2.707360e+04   4536s
  136959    7.6554991e+02   0.000000e+00   3.277170e+04   4544s
  137069    7.6554988e+02   0.000000e+00   2.702983e+04   4552s
  137179    7.6554983e+02   0.000000e+00   6.023921e+03   4559s
  137289    7.6554978e+02   0.000000e+00   3.434441e+04   4566s
  137409    7.6554974e+02   0.000000e+00   1.992368e+04   4574s
  137529    7.6554969e+02   0.000000e+00   9.516467e+03   4582s
  137639    7.6554965e+02   0.000000e+00   6.132313e+04   4591s
  137759    7.6554960e+02   0.000000e+00   5.167261e+04   4599s
  137879    7.6554955e+02   0.000000e+00   2.695242e+04   4607s
  138009    7.6554950e+02   0.000000e+00   2.075522e+04   4615s
  138129    7.6554946e+02   0.000000e+00   1.245617e+04   4622s
  138249    7.6554942e+02   0.000000e+00   2.734917e+04   4630s
  138359    7.6554937e+02   0.000000e+00   1.139329e+05   4637s
  138469    7.6554934e+02   0.000000e+00   1.177302e+04   4644s
  138589    7.6554929e+02   0.000000e+00   2.333631e+04   4652s
  138719    7.6554926e+02   0.000000e+00   6.027425e+04   4660s
  138849    7.6554920e+02   0.000000e+00   6.185577e+03   4669s
  138979    7.6554913e+02   0.000000e+00   1.994085e+05   4677s
  139099    7.6554909e+02   0.000000e+00   4.498180e+05   4685s
  139229    7.6554905e+02   0.000000e+00   4.790546e+03   4693s
  139349    7.6554902e+02   0.000000e+00   1.745315e+04   4701s
  139469    7.6554896e+02   0.000000e+00   1.367512e+04   4708s
  139589    7.6554891e+02   0.000000e+00   1.118855e+04   4716s
  139709    7.6554886e+02   0.000000e+00   4.913694e+04   4724s
  139829    7.6554880e+02   0.000000e+00   5.070459e+04   4731s
  139949    7.6554874e+02   0.000000e+00   1.500665e+05   4739s
  140069    7.6554867e+02   0.000000e+00   4.881085e+04   4747s
  140189    7.6554862e+02   0.000000e+00   1.835027e+04   4755s
  140299    7.6554854e+02   0.000000e+00   3.504187e+04   4762s
  140409    7.6554847e+02   0.000000e+00   2.516136e+04   4770s
  140529    7.6554841e+02   0.000000e+00   2.066675e+05   4778s
  140649    7.6554835e+02   0.000000e+00   1.766149e+04   4787s
  140769    7.6554832e+02   0.000000e+00   1.390665e+05   4795s
  140889    7.6554825e+02   0.000000e+00   2.692487e+04   4802s
  141009    7.6554820e+02   0.000000e+00   3.661742e+04   4810s
  141129    7.6554815e+02   0.000000e+00   7.564712e+03   4817s
  141249    7.6554811e+02   0.000000e+00   4.719190e+04   4825s
  141369    7.6554807e+02   0.000000e+00   8.047068e+03   4833s
  141489    7.6554802e+02   0.000000e+00   8.419581e+04   4841s
  141609    7.6554796e+02   0.000000e+00   6.205754e+04   4850s
  141729    7.6554789e+02   0.000000e+00   4.852770e+04   4858s
  141849    7.6554782e+02   0.000000e+00   1.603258e+04   4865s
  141969    7.6554777e+02   0.000000e+00   8.495817e+03   4873s
  142089    7.6554769e+02   0.000000e+00   1.132269e+04   4882s
  142209    7.6554763e+02   0.000000e+00   6.742797e+03   4890s
  142319    7.6554760e+02   0.000000e+00   1.294438e+04   4898s
  142439    7.6554752e+02   0.000000e+00   4.783807e+04   4906s
  142559    7.6554747e+02   0.000000e+00   1.810382e+04   4913s
  142679    7.6554741e+02   0.000000e+00   1.239138e+04   4922s
  142799    7.6554734e+02   0.000000e+00   6.560811e+04   4929s
  142919    7.6554729e+02   0.000000e+00   1.818044e+04   4937s
  143039    7.6554725e+02   0.000000e+00   1.923934e+04   4945s
  143159    7.6554722e+02   0.000000e+00   1.094583e+04   4953s
  143279    7.6554717e+02   0.000000e+00   4.742932e+04   4962s
  143409    7.6554711e+02   0.000000e+00   1.514462e+04   4970s
  143539    7.6554704e+02   0.000000e+00   5.303564e+04   4979s
  143649    7.6554701e+02   0.000000e+00   6.752109e+04   4987s
  143769    7.6554695e+02   0.000000e+00   2.730529e+04   4995s
  143889    7.6554690e+02   0.000000e+00   1.756178e+04   5002s
  144009    7.6554684e+02   0.000000e+00   6.841377e+03   5010s
  144129    7.6554680e+02   0.000000e+00   1.318231e+04   5018s
  144239    7.6554676e+02   0.000000e+00   4.498206e+04   5025s
  144359    7.6554671e+02   0.000000e+00   3.590401e+04   5032s
  144469    7.6554667e+02   0.000000e+00   1.518011e+04   5040s
  144579    7.6554663e+02   0.000000e+00   1.551436e+04   5048s
  144699    7.6554660e+02   0.000000e+00   1.314768e+04   5056s
  144819    7.6554656e+02   0.000000e+00   1.005423e+04   5065s
  144929    7.6554651e+02   0.000000e+00   6.240978e+04   5073s
  145049    7.6554646e+02   0.000000e+00   1.466874e+04   5081s
  145159    7.6554641e+02   0.000000e+00   1.761512e+04   5088s
  145279    7.6554636e+02   0.000000e+00   3.880132e+04   5096s
  145399    7.6554630e+02   0.000000e+00   1.979959e+04   5104s
  145519    7.6554625e+02   0.000000e+00   1.244374e+04   5112s
  145649    7.6554620e+02   0.000000e+00   1.350637e+04   5120s
  145769    7.6554615e+02   0.000000e+00   4.118772e+03   5127s
  145879    7.6554610e+02   0.000000e+00   1.687037e+04   5134s
  145999    7.6554605e+02   0.000000e+00   1.291160e+04   5142s
  146119    7.6554600e+02   0.000000e+00   1.495432e+04   5150s
  146239    7.6554595e+02   0.000000e+00   1.113019e+04   5157s
  146349    7.6554589e+02   0.000000e+00   1.043653e+04   5165s
  146469    7.6554581e+02   0.000000e+00   2.215294e+04   5173s
  146589    7.6554576e+02   0.000000e+00   3.493991e+04   5181s
  146709    7.6554574e+02   0.000000e+00   2.135721e+04   5189s
  146829    7.6554569e+02   0.000000e+00   1.366840e+04   5196s
  146949    7.6554564e+02   0.000000e+00   2.111699e+04   5204s
  147069    7.6554559e+02   0.000000e+00   6.407114e+03   5211s
  147189    7.6554556e+02   0.000000e+00   3.448066e+04   5220s
  147299    7.6554552e+02   0.000000e+00   1.858745e+05   5228s
  147419    7.6554540e+02   0.000000e+00   5.644346e+05   5236s
  147549    7.6554535e+02   0.000000e+00   4.525174e+05   5243s
  147669    7.6554531e+02   0.000000e+00   6.991905e+05   5252s
  147779    7.6554527e+02   0.000000e+00   4.755703e+05   5260s
  147899    7.6554525e+02   0.000000e+00   3.567211e+05   5268s
  148019    7.6554520e+02   0.000000e+00   4.416117e+05   5276s
  148149    7.6554515e+02   0.000000e+00   5.702191e+05   5284s
  148269    7.6554512e+02   0.000000e+00   8.214771e+04   5293s
  148379    7.6554509e+02   0.000000e+00   2.378374e+04   5301s
  148489    7.6554506e+02   0.000000e+00   4.642132e+04   5308s
  148599    7.6554503e+02   0.000000e+00   1.589852e+04   5315s
  148719    7.6554499e+02   0.000000e+00   9.618860e+03   5323s
  148839    7.6554497e+02   0.000000e+00   1.421005e+04   5330s
  148959    7.6554493e+02   0.000000e+00   2.293104e+04   5338s
  149089    7.6554489e+02   0.000000e+00   5.114182e+03   5347s
  149209    7.6554484e+02   0.000000e+00   2.105798e+04   5355s
  149329    7.6554481e+02   0.000000e+00   1.249056e+04   5364s
  149449    7.6554478e+02   0.000000e+00   2.593295e+05   5372s
  149559    7.6554475e+02   0.000000e+00   2.921035e+04   5380s
  149679    7.6554472e+02   0.000000e+00   8.759682e+03   5387s
  149799    7.6554467e+02   0.000000e+00   1.934143e+04   5396s
  149929    7.6554463e+02   0.000000e+00   7.278456e+03   5405s
  150059    7.6554456e+02   0.000000e+00   3.762746e+04   5414s
  150189    7.6554452e+02   0.000000e+00   6.843440e+03   5422s
  150309    7.6554447e+02   0.000000e+00   2.432750e+04   5430s
  150429    7.6554444e+02   0.000000e+00   4.245370e+03   5438s
  150549    7.6554441e+02   0.000000e+00   9.641761e+03   5446s
  150669    7.6554436e+02   0.000000e+00   9.780336e+03   5454s
  150789    7.6554431e+02   0.000000e+00   1.985849e+04   5463s
  150909    7.6554427e+02   0.000000e+00   5.447234e+04   5471s
  151029    7.6554423e+02   0.000000e+00   9.161281e+04   5480s
  151149    7.6554420e+02   0.000000e+00   4.331441e+04   5487s
  151269    7.6554417e+02   0.000000e+00   1.123494e+04   5495s
  151389    7.6554414e+02   0.000000e+00   2.715519e+04   5502s
  151519    7.6554409e+02   0.000000e+00   1.822612e+04   5510s
  151639    7.6554403e+02   0.000000e+00   2.429701e+04   5518s
  151759    7.6554400e+02   0.000000e+00   4.031797e+03   5525s
  151879    7.6554397e+02   0.000000e+00   4.876079e+03   5532s
  151989    7.6554393e+02   0.000000e+00   8.923349e+03   5540s
  152109    7.6554390e+02   0.000000e+00   2.364901e+04   5548s
  152229    7.6554388e+02   0.000000e+00   7.075289e+03   5555s
  152349    7.6554384e+02   0.000000e+00   7.860116e+03   5562s
  152469    7.6554382e+02   0.000000e+00   9.665016e+03   5570s
  152599    7.6554378e+02   0.000000e+00   8.011100e+03   5578s
  152719    7.6554376e+02   0.000000e+00   9.595573e+03   5586s
  152829    7.6554374e+02   0.000000e+00   8.769112e+04   5593s
  152949    7.6554372e+02   0.000000e+00   2.356518e+04   5601s
  153059    7.6554368e+02   0.000000e+00   3.764365e+03   5610s
  153169    7.6554366e+02   0.000000e+00   1.304637e+04   5618s
  153289    7.6554364e+02   0.000000e+00   1.012611e+04   5625s
  153409    7.6554361e+02   0.000000e+00   1.393807e+04   5633s
  153519    7.6554357e+02   0.000000e+00   4.316464e+04   5641s
  153629    7.6554354e+02   0.000000e+00   1.149873e+05   5648s
  153749    7.6554351e+02   0.000000e+00   4.310967e+04   5655s
  153869    7.6554349e+02   0.000000e+00   5.942849e+04   5663s
  153979    7.6554347e+02   0.000000e+00   3.491857e+03   5671s
  154099    7.6554343e+02   0.000000e+00   2.322224e+04   5680s
  154219    7.6554339e+02   0.000000e+00   1.944371e+04   5689s
  154329    7.6554336e+02   0.000000e+00   3.172627e+03   5697s
  154449    7.6554333e+02   0.000000e+00   6.946985e+03   5704s
  154559    7.6554330e+02   0.000000e+00   2.330295e+04   5712s
  154679    7.6554327e+02   0.000000e+00   5.669150e+03   5720s
  154809    7.6554323e+02   0.000000e+00   1.859234e+04   5729s
  154929    7.6554319e+02   0.000000e+00   3.840025e+03   5738s
  155049    7.6554317e+02   0.000000e+00   4.490978e+03   5746s
  155169    7.6554314e+02   0.000000e+00   1.938816e+04   5755s
  155279    7.6554312e+02   0.000000e+00   1.200010e+04   5763s
  155399    7.6554309e+02   0.000000e+00   9.459139e+03   5770s
  155509    7.6554308e+02   0.000000e+00   7.720813e+03   5778s
  155629    7.6554304e+02   0.000000e+00   7.877866e+03   5786s
  155749    7.6554300e+02   0.000000e+00   8.892017e+03   5793s
  155869    7.6554297e+02   0.000000e+00   2.571332e+04   5801s
  155989    7.6554293e+02   0.000000e+00   3.537394e+03   5809s
  156109    7.6554290e+02   0.000000e+00   1.245589e+04   5817s
  156239    7.6554286e+02   0.000000e+00   1.281460e+04   5826s
  156359    7.6554283e+02   0.000000e+00   7.131835e+03   5833s
  156479    7.6554279e+02   0.000000e+00   9.252446e+03   5841s
  156589    7.6554275e+02   0.000000e+00   2.596259e+04   5848s
  156719    7.6554272e+02   0.000000e+00   8.996273e+03   5856s
  156839    7.6554268e+02   0.000000e+00   3.435697e+04   5863s
  156949    7.6554265e+02   0.000000e+00   2.847359e+04   5871s
  157069    7.6554262e+02   0.000000e+00   5.963588e+03   5879s
  157189    7.6554259e+02   0.000000e+00   4.104590e+04   5887s
  157319    7.6554255e+02   0.000000e+00   6.347374e+04   5896s
  157439    7.6554252e+02   0.000000e+00   7.242942e+04   5905s
  157559    7.6554249e+02   0.000000e+00   1.030538e+04   5913s
  157679    7.6554246e+02   0.000000e+00   1.412045e+04   5922s
  157789    7.6554241e+02   0.000000e+00   6.876827e+04   5930s
  157899    7.6554237e+02   0.000000e+00   2.782118e+04   5937s
  158019    7.6554233e+02   0.000000e+00   4.624968e+04   5945s
  158139    7.6554230e+02   0.000000e+00   2.119444e+05   5953s
  158249    7.6554227e+02   0.000000e+00   1.432409e+04   5961s
  158369    7.6554223e+02   0.000000e+00   1.236202e+04   5969s
  158489    7.6554220e+02   0.000000e+00   8.850334e+03   5977s
  158599    7.6554219e+02   0.000000e+00   1.318554e+04   5985s
  158719    7.6554216e+02   0.000000e+00   9.549542e+03   5993s
  158839    7.6554212e+02   0.000000e+00   4.654419e+03   6001s
  158959    7.6554210e+02   0.000000e+00   1.817374e+04   6009s
  159089    7.6554206e+02   0.000000e+00   4.741869e+04   6016s
  159209    7.6554203e+02   0.000000e+00   4.806713e+04   6024s
  159329    7.6554201e+02   0.000000e+00   1.151048e+04   6031s
  159459    7.6554197e+02   0.000000e+00   2.669925e+04   6039s
  159569    7.6554194e+02   0.000000e+00   7.604083e+03   6047s
  159689    7.6554191e+02   0.000000e+00   1.273853e+04   6054s
  159819    7.6554188e+02   0.000000e+00   3.513498e+03   6062s
  159939    7.6554185e+02   0.000000e+00   8.110560e+03   6069s
  160059    7.6554181e+02   0.000000e+00   5.606339e+03   6077s
  160169    7.6554178e+02   0.000000e+00   1.453527e+04   6085s
  160289    7.6554174e+02   0.000000e+00   1.387427e+04   6092s
  160399    7.6554172e+02   0.000000e+00   3.313555e+04   6100s
  160509    7.6554170e+02   0.000000e+00   5.972799e+03   6108s
  160629    7.6554167e+02   0.000000e+00   2.944249e+04   6117s
  160749    7.6554162e+02   0.000000e+00   8.177753e+03   6125s
  160869    7.6554158e+02   0.000000e+00   1.214139e+04   6133s
  160979    7.6554155e+02   0.000000e+00   4.604618e+04   6140s
  161089    7.6554152e+02   0.000000e+00   2.024707e+04   6147s
  161219    7.6554149e+02   0.000000e+00   8.098804e+03   6155s
  161339    7.6554144e+02   0.000000e+00   7.508729e+03   6162s
  161459    7.6554141e+02   0.000000e+00   1.312691e+04   6169s
  161579    7.6554138e+02   0.000000e+00   3.056330e+03   6177s
  161699    7.6554134e+02   0.000000e+00   4.461505e+03   6184s
  161819    7.6554131e+02   0.000000e+00   1.558710e+05   6192s
  161939    7.6554128e+02   0.000000e+00   2.697060e+04   6200s
  162059    7.6554124e+02   0.000000e+00   3.579999e+03   6209s
  162179    7.6554122e+02   0.000000e+00   4.644320e+03   6217s
  162299    7.6554119e+02   0.000000e+00   3.898971e+03   6225s
  162429    7.6554117e+02   0.000000e+00   4.491106e+03   6234s
  162549    7.6554114e+02   0.000000e+00   5.849986e+03   6242s
  162669    7.6554111e+02   0.000000e+00   6.647943e+03   6250s
  162799    7.6554107e+02   0.000000e+00   4.319881e+03   6259s
  162919    7.6554104e+02   0.000000e+00   8.135588e+03   6266s
  163049    7.6554100e+02   0.000000e+00   2.354374e+04   6275s
  163179    7.6554095e+02   0.000000e+00   1.109069e+04   6283s
  163289    7.6554092e+02   0.000000e+00   7.423991e+03   6290s
  163409    7.6554089e+02   0.000000e+00   2.999394e+05   6298s
  163529    7.6554087e+02   0.000000e+00   3.725865e+03   6306s
  163649    7.6554084e+02   0.000000e+00   1.955582e+04   6313s
  163769    7.6554082e+02   0.000000e+00   2.108862e+04   6322s
  163889    7.6554080e+02   0.000000e+00   2.071395e+04   6329s
  164009    7.6554078e+02   0.000000e+00   7.094152e+03   6337s
  164129    7.6554075e+02   0.000000e+00   1.455554e+04   6346s
  164249    7.6554074e+02   0.000000e+00   1.724319e+04   6354s
  164389    7.6554071e+02   0.000000e+00   1.339564e+04   6363s
  164509    7.6554068e+02   0.000000e+00   2.831698e+03   6371s
  164639    7.6554065e+02   0.000000e+00   2.424609e+03   6379s
  164759    7.6554062e+02   0.000000e+00   1.140830e+04   6388s
  164879    7.6554060e+02   0.000000e+00   8.610841e+03   6396s
  165009    7.6554058e+02   0.000000e+00   2.089271e+04   6405s
  165139    7.6554055e+02   0.000000e+00   1.567614e+04   6413s
  165259    7.6554052e+02   0.000000e+00   4.372290e+03   6422s
  165379    7.6554050e+02   0.000000e+00   1.135964e+04   6430s
  165499    7.6554047e+02   0.000000e+00   3.524523e+04   6439s
  165619    7.6554044e+02   0.000000e+00   5.763612e+04   6447s
  165729    7.6554042e+02   0.000000e+00   1.112837e+04   6454s
  165849    7.6554039e+02   0.000000e+00   3.979249e+03   6462s
  165969    7.6554037e+02   0.000000e+00   1.027930e+04   6470s
  166089    7.6554034e+02   0.000000e+00   4.414155e+03   6478s
  166199    7.6554032e+02   0.000000e+00   8.275800e+04   6486s
  166309    7.6554030e+02   0.000000e+00   2.981843e+04   6494s
  166419    7.6554028e+02   0.000000e+00   7.589978e+03   6502s
  166529    7.6554025e+02   0.000000e+00   8.817391e+03   6511s
  166649    7.6554021e+02   0.000000e+00   1.033018e+04   6519s
  166769    7.6554018e+02   0.000000e+00   4.873386e+03   6526s
  166879    7.6554015e+02   0.000000e+00   1.874999e+05   6533s
  166989    7.6554012e+02   0.000000e+00   3.423741e+03   6541s
  167109    7.6554010e+02   0.000000e+00   2.130169e+04   6549s
  167229    7.6554008e+02   0.000000e+00   1.350413e+04   6556s
  167339    7.6554006e+02   0.000000e+00   1.466590e+04   6564s
  167459    7.6554003e+02   0.000000e+00   1.381606e+04   6573s
  167579    7.6554000e+02   0.000000e+00   2.587909e+04   6581s
  167699    7.6553997e+02   0.000000e+00   6.445775e+03   6589s
  167819    7.6553994e+02   0.000000e+00   2.528020e+03   6596s
  167939    7.6553992e+02   0.000000e+00   8.118588e+03   6604s
  168059    7.6553990e+02   0.000000e+00   6.646679e+04   6612s
  168179    7.6553987e+02   0.000000e+00   6.381173e+04   6620s
  168299    7.6553984e+02   0.000000e+00   7.867671e+03   6628s
  168409    7.6553983e+02   0.000000e+00   3.735973e+03   6636s
  168519    7.6553980e+02   0.000000e+00   1.057483e+04   6644s
  168629    7.6553978e+02   0.000000e+00   1.407616e+04   6652s
  168739    7.6553977e+02   0.000000e+00   6.624351e+03   6660s
  168859    7.6553974e+02   0.000000e+00   4.617403e+03   6668s
  168979    7.6553972e+02   0.000000e+00   5.074883e+03   6675s
  169099    7.6553970e+02   0.000000e+00   3.295518e+03   6683s
  169219    7.6553968e+02   0.000000e+00   6.888329e+03   6691s
  169329    7.6553966e+02   0.000000e+00   6.818085e+04   6698s
  169449    7.6553964e+02   0.000000e+00   5.578179e+03   6706s
  169569    7.6553962e+02   0.000000e+00   5.469987e+03   6713s
  169679    7.6553960e+02   0.000000e+00   2.659942e+03   6720s
  169799    7.6553957e+02   0.000000e+00   2.279510e+04   6728s
  169909    7.6553954e+02   0.000000e+00   2.011314e+04   6736s
  170029    7.6553952e+02   0.000000e+00   6.699847e+03   6745s
  170149    7.6553947e+02   0.000000e+00   1.064484e+04   6753s
  170259    7.6553945e+02   0.000000e+00   3.458016e+03   6761s
  170379    7.6553941e+02   0.000000e+00   1.043140e+04   6769s
  170509    7.6553939e+02   0.000000e+00   9.503136e+03   6779s
  170639    7.6553935e+02   0.000000e+00   7.110322e+03   6788s
  170769    7.6553933e+02   0.000000e+00   2.548353e+03   6797s
  170899    7.6553929e+02   0.000000e+00   6.728176e+04   6806s
  171029    7.6553927e+02   0.000000e+00   2.742916e+04   6814s
  171149    7.6553925e+02   0.000000e+00   2.498333e+03   6822s
  171269    7.6553922e+02   0.000000e+00   1.314219e+04   6830s
  171389    7.6553919e+02   0.000000e+00   2.120742e+03   6838s
  171509    7.6553917e+02   0.000000e+00   5.196124e+03   6846s
  171629    7.6553915e+02   0.000000e+00   5.175717e+03   6854s
  171759    7.6553912e+02   0.000000e+00   1.892669e+03   6863s
  171879    7.6553910e+02   0.000000e+00   2.446653e+03   6871s
  171999    7.6553909e+02   0.000000e+00   2.298786e+03   6880s
  172119    7.6553907e+02   0.000000e+00   1.739818e+04   6889s
  172249    7.6553904e+02   0.000000e+00   2.745616e+03   6897s
  172369    7.6553901e+02   0.000000e+00   9.899400e+03   6905s
  172489    7.6553899e+02   0.000000e+00   7.434871e+03   6913s
  172619    7.6553897e+02   0.000000e+00   5.376624e+03   6922s
  172729    7.6553894e+02   0.000000e+00   1.279650e+03   6930s
  172859    7.6553891e+02   0.000000e+00   2.135994e+03   6938s
  172979    7.6553889e+02   0.000000e+00   1.768172e+04   6946s
  173099    7.6553887e+02   0.000000e+00   5.020311e+03   6954s
  173219    7.6553884e+02   0.000000e+00   7.782965e+03   6963s
  173339    7.6553881e+02   0.000000e+00   5.062802e+04   6971s
  173469    7.6553879e+02   0.000000e+00   2.657293e+03   6979s
  173579    7.6553876e+02   0.000000e+00   3.571319e+03   6987s
  173699    7.6553874e+02   0.000000e+00   1.132584e+04   6994s
  173809    7.6553872e+02   0.000000e+00   1.960259e+04   7001s
  173929    7.6553870e+02   0.000000e+00   3.215177e+03   7009s
  174059    7.6553867e+02   0.000000e+00   1.188235e+04   7017s
  174179    7.6553865e+02   0.000000e+00   1.626061e+04   7026s
  174299    7.6553863e+02   0.000000e+00   1.312536e+03   7034s
  174419    7.6553862e+02   0.000000e+00   2.345065e+03   7042s
  174539    7.6553860e+02   0.000000e+00   1.262628e+04   7049s
  174649    7.6553858e+02   0.000000e+00   1.164227e+04   7057s
  174759    7.6553855e+02   0.000000e+00   1.851897e+03   7064s
  174879    7.6553852e+02   0.000000e+00   7.278687e+03   7071s
  175009    7.6553850e+02   0.000000e+00   1.174462e+04   7080s
  175129    7.6553847e+02   0.000000e+00   5.420921e+03   7087s
  175249    7.6553845e+02   0.000000e+00   4.720206e+03   7096s
  175379    7.6553842e+02   0.000000e+00   7.017594e+03   7104s
  175499    7.6553840e+02   0.000000e+00   1.708922e+04   7112s
  175619    7.6553839e+02   0.000000e+00   1.438936e+04   7121s
  175739    7.6553837e+02   0.000000e+00   2.620942e+03   7129s
  175859    7.6553832e+02   0.000000e+00   6.206991e+03   7138s
  175989    7.6553829e+02   0.000000e+00   1.535873e+03   7146s
  176109    7.6553827e+02   0.000000e+00   2.603178e+03   7154s
  176229    7.6553825e+02   0.000000e+00   7.210012e+03   7162s
  176349    7.6553822e+02   0.000000e+00   5.360119e+03   7170s
  176469    7.6553820e+02   0.000000e+00   2.096509e+04   7178s
  176599    7.6553817e+02   0.000000e+00   4.464140e+03   7186s
  176719    7.6553816e+02   0.000000e+00   2.804888e+03   7194s
  176849    7.6553814e+02   0.000000e+00   2.992159e+04   7203s
  176969    7.6553812e+02   0.000000e+00   6.171586e+03   7211s
  177089    7.6553810e+02   0.000000e+00   5.018574e+03   7218s
  177209    7.6553807e+02   0.000000e+00   3.786105e+03   7226s
  177329    7.6553805e+02   0.000000e+00   1.240892e+04   7234s
  177449    7.6553802e+02   0.000000e+00   9.163375e+03   7242s
  177579    7.6553800e+02   0.000000e+00   1.110068e+04   7250s
  177699    7.6553797e+02   0.000000e+00   5.252618e+03   7258s
  177819    7.6553795e+02   0.000000e+00   2.102424e+04   7266s
  177939    7.6553792e+02   0.000000e+00   1.450814e+04   7274s
  178059    7.6553789e+02   0.000000e+00   2.171811e+04   7282s
  178179    7.6553787e+02   0.000000e+00   3.233701e+04   7289s
  178289    7.6553785e+02   0.000000e+00   2.989236e+03   7296s
  178409    7.6553783e+02   0.000000e+00   6.705196e+03   7304s
  178519    7.6553781e+02   0.000000e+00   4.697533e+03   7311s
  178639    7.6553778e+02   0.000000e+00   2.955336e+04   7318s
  178759    7.6553776e+02   0.000000e+00   4.282721e+03   7327s
  178879    7.6553774e+02   0.000000e+00   3.652666e+03   7335s
  178999    7.6553772e+02   0.000000e+00   8.391159e+03   7344s
  179129    7.6553769e+02   0.000000e+00   4.908996e+03   7352s
  179259    7.6553766e+02   0.000000e+00   6.453045e+03   7361s
  179379    7.6553763e+02   0.000000e+00   4.265433e+03   7369s
  179499    7.6553760e+02   0.000000e+00   2.713314e+03   7377s
  179629    7.6553758e+02   0.000000e+00   1.978014e+03   7385s
  179759    7.6553756e+02   0.000000e+00   9.188526e+03   7393s
  179879    7.6553753e+02   0.000000e+00   1.321574e+04   7402s
  179989    7.6553752e+02   0.000000e+00   3.105884e+03   7410s
  180109    7.6553751e+02   0.000000e+00   1.593413e+04   7418s
  180229    7.6553747e+02   0.000000e+00   1.821978e+03   7426s
  180359    7.6553744e+02   0.000000e+00   9.320414e+04   7434s
  180479    7.6553742e+02   0.000000e+00   2.436383e+04   7442s
  180599    7.6553740e+02   0.000000e+00   6.389207e+03   7451s
  180719    7.6553738e+02   0.000000e+00   1.465792e+03   7459s
  180829    7.6553736e+02   0.000000e+00   6.558636e+03   7467s
  180939    7.6553734e+02   0.000000e+00   1.720353e+03   7475s
  181049    7.6553732e+02   0.000000e+00   3.324642e+03   7484s
  181169    7.6553730e+02   0.000000e+00   9.483227e+03   7491s
  181289    7.6553727e+02   0.000000e+00   5.965181e+04   7499s
  181399    7.6553726e+02   0.000000e+00   6.036957e+03   7506s
  181519    7.6553724e+02   0.000000e+00   5.868120e+03   7514s
  181649    7.6553722e+02   0.000000e+00   4.218804e+03   7522s
  181769    7.6553719e+02   0.000000e+00   2.750303e+03   7530s
  181879    7.6553717e+02   0.000000e+00   4.370378e+03   7538s
  181999    7.6553715e+02   0.000000e+00   2.994239e+03   7546s
  182119    7.6553712e+02   0.000000e+00   5.534506e+03   7555s
  182239    7.6553710e+02   0.000000e+00   1.577484e+04   7563s
  182359    7.6553708e+02   0.000000e+00   5.771096e+04   7572s
  182479    7.6553705e+02   0.000000e+00   2.509563e+03   7580s
  182599    7.6553703e+02   0.000000e+00   4.332245e+03   7588s
  182719    7.6553701e+02   0.000000e+00   3.715312e+03   7595s
  182839    7.6553699e+02   0.000000e+00   6.497637e+03   7603s
  182969    7.6553697e+02   0.000000e+00   1.375656e+03   7612s
  183089    7.6553695e+02   0.000000e+00   6.242220e+03   7620s
  183209    7.6553692e+02   0.000000e+00   1.562241e+03   7628s
  183329    7.6553691e+02   0.000000e+00   9.836166e+03   7636s
  183439    7.6553689e+02   0.000000e+00   3.126271e+03   7644s
  183559    7.6553687e+02   0.000000e+00   1.774713e+04   7651s
  183689    7.6553685e+02   0.000000e+00   3.622392e+03   7659s
  183819    7.6553683e+02   0.000000e+00   2.696810e+03   7667s
  183949    7.6553682e+02   0.000000e+00   2.259617e+03   7675s
  184069    7.6553680e+02   0.000000e+00   2.101522e+03   7684s
  184189    7.6553679e+02   0.000000e+00   1.110621e+04   7692s
  184309    7.6553678e+02   0.000000e+00   1.008155e+04   7700s
  184429    7.6553677e+02   0.000000e+00   6.557720e+03   7709s
  184559    7.6553675e+02   0.000000e+00   1.602695e+03   7718s
  184679    7.6553674e+02   0.000000e+00   3.296542e+03   7725s
  184809    7.6553672e+02   0.000000e+00   5.203562e+03   7733s
  184929    7.6553671e+02   0.000000e+00   4.104851e+04   7741s
  185049    7.6553669e+02   0.000000e+00   2.427124e+04   7749s
  185169    7.6553668e+02   0.000000e+00   2.559423e+03   7756s
  185289    7.6553666e+02   0.000000e+00   2.851894e+03   7764s
  185399    7.6553664e+02   0.000000e+00   3.373098e+03   7772s
  185509    7.6553662e+02   0.000000e+00   8.839044e+03   7779s
  185619    7.6553661e+02   0.000000e+00   7.499713e+02   7787s
  185739    7.6553660e+02   0.000000e+00   3.075877e+03   7794s
  185859    7.6553658e+02   0.000000e+00   3.971861e+03   7802s
  185969    7.6553656e+02   0.000000e+00   9.967742e+02   7810s
  186079    7.6553655e+02   0.000000e+00   1.413031e+03   7818s
  186199    7.6553653e+02   0.000000e+00   4.789351e+03   7825s
  186319    7.6553651e+02   0.000000e+00   1.079667e+04   7833s
  186439    7.6553648e+02   0.000000e+00   1.414154e+04   7842s
  186549    7.6553646e+02   0.000000e+00   2.001548e+03   7850s
  186669    7.6553644e+02   0.000000e+00   2.626882e+03   7858s
  186779    7.6553642e+02   0.000000e+00   1.085837e+04   7866s
  186909    7.6553640e+02   0.000000e+00   6.202147e+03   7874s
  187019    7.6553639e+02   0.000000e+00   1.331432e+03   7881s
  187139    7.6553638e+02   0.000000e+00   5.944200e+02   7888s
  187249    7.6553637e+02   0.000000e+00   3.480808e+03   7895s
  187359    7.6553636e+02   0.000000e+00   3.296656e+03   7902s
  187469    7.6553635e+02   0.000000e+00   1.654348e+04   7910s
  187589    7.6553634e+02   0.000000e+00   2.444406e+03   7919s
  187709    7.6553632e+02   0.000000e+00   1.123949e+03   7927s
  187829    7.6553631e+02   0.000000e+00   5.549754e+03   7935s
  187949    7.6553629e+02   0.000000e+00   9.719146e+02   7943s
  188069    7.6553627e+02   0.000000e+00   2.009045e+03   7951s
  188189    7.6553625e+02   0.000000e+00   3.613978e+03   7958s
  188299    7.6553624e+02   0.000000e+00   2.191004e+03   7966s
  188429    7.6553623e+02   0.000000e+00   3.920082e+03   7974s
  188549    7.6553621e+02   0.000000e+00   2.099582e+03   7981s
  188669    7.6553620e+02   0.000000e+00   7.174009e+03   7989s
  188779    7.6553618e+02   0.000000e+00   2.192849e+03   7996s
  188899    7.6553617e+02   0.000000e+00   6.363072e+02   8004s
  189019    7.6553615e+02   0.000000e+00   6.065626e+03   8012s
  189139    7.6553613e+02   0.000000e+00   1.760484e+03   8019s
  189259    7.6553612e+02   0.000000e+00   1.626966e+04   8027s
  189379    7.6553610e+02   0.000000e+00   1.083803e+04   8036s
  189489    7.6553608e+02   0.000000e+00   1.484135e+04   8043s
  189609    7.6553605e+02   0.000000e+00   5.002891e+03   8052s
  189729    7.6553604e+02   0.000000e+00   5.681832e+02   8060s
  189859    7.6553602e+02   0.000000e+00   5.809024e+02   8068s
  189989    7.6553600e+02   0.000000e+00   3.389415e+03   8077s
  190119    7.6553598e+02   0.000000e+00   1.183340e+03   8085s
  190249    7.6553596e+02   0.000000e+00   7.908234e+02   8093s
  190369    7.6553594e+02   0.000000e+00   1.447406e+03   8101s
  190489    7.6553593e+02   0.000000e+00   3.834654e+03   8108s
  190609    7.6553591e+02   0.000000e+00   1.781211e+03   8116s
  190729    7.6553590e+02   0.000000e+00   1.289014e+03   8123s
  190849    7.6553588e+02   0.000000e+00   2.572152e+03   8130s
  190969    7.6553586e+02   0.000000e+00   6.062021e+02   8138s
  191089    7.6553584e+02   0.000000e+00   1.824715e+03   8146s
  191209    7.6553583e+02   0.000000e+00   2.591381e+03   8154s
  191339    7.6553581e+02   0.000000e+00   2.283383e+03   8162s
  191469    7.6553579e+02   0.000000e+00   1.089118e+04   8171s
  191599    7.6553577e+02   0.000000e+00   1.229947e+03   8179s
  191719    7.6553575e+02   0.000000e+00   4.522554e+03   8188s
  191839    7.6553574e+02   0.000000e+00   3.772329e+03   8196s
  191959    7.6553573e+02   0.000000e+00   1.037503e+03   8204s
  192079    7.6553571e+02   0.000000e+00   1.488762e+03   8212s
  192199    7.6553569e+02   0.000000e+00   1.864495e+04   8220s
  192319    7.6553568e+02   0.000000e+00   1.678510e+04   8228s
  192439    7.6553567e+02   0.000000e+00   2.243034e+03   8236s
  192549    7.6553566e+02   0.000000e+00   1.516914e+03   8244s
  192669    7.6553564e+02   0.000000e+00   1.350173e+04   8252s
  192799    7.6553563e+02   0.000000e+00   9.463914e+03   8260s
  192929    7.6553561e+02   0.000000e+00   8.102463e+03   8268s
  193069    7.6553560e+02   0.000000e+00   1.283377e+03   8276s
  193189    7.6553558e+02   0.000000e+00   1.597306e+03   8284s
  193319    7.6553556e+02   0.000000e+00   3.383912e+03   8293s
  193439    7.6553555e+02   0.000000e+00   1.182457e+03   8300s
  193559    7.6553553e+02   0.000000e+00   4.523179e+02   8308s
  193689    7.6553552e+02   0.000000e+00   4.159246e+03   8316s
  193819    7.6553550e+02   0.000000e+00   3.095009e+03   8324s
  193929    7.6553549e+02   0.000000e+00   9.047955e+02   8331s
  194049    7.6553548e+02   0.000000e+00   1.161842e+03   8339s
  194169    7.6553547e+02   0.000000e+00   3.170833e+03   8348s
  194289    7.6553546e+02   0.000000e+00   3.444603e+03   8357s
  194409    7.6553545e+02   0.000000e+00   9.307336e+03   8365s
  194539    7.6553544e+02   0.000000e+00   4.179362e+03   8373s
  194669    7.6553542e+02   0.000000e+00   3.213197e+02   8381s
  194789    7.6553540e+02   0.000000e+00   2.014619e+03   8389s
  194909    7.6553539e+02   0.000000e+00   2.771585e+03   8398s
  195039    7.6553537e+02   0.000000e+00   1.288188e+04   8407s
  195159    7.6553536e+02   0.000000e+00   6.112916e+02   8415s
  195289    7.6553534e+02   0.000000e+00   3.873792e+03   8424s
  195409    7.6553532e+02   0.000000e+00   2.158653e+02   8432s
  195539    7.6553530e+02   0.000000e+00   9.413158e+03   8441s
  195669    7.6553529e+02   0.000000e+00   2.441010e+04   8450s
  195789    7.6553528e+02   0.000000e+00   9.884029e+02   8459s
  195909    7.6553527e+02   0.000000e+00   8.734863e+03   8467s
  196039    7.6553525e+02   0.000000e+00   2.845112e+03   8476s
  196159    7.6553524e+02   0.000000e+00   1.366074e+03   8484s
  196289    7.6553523e+02   0.000000e+00   3.311206e+02   8492s
  196419    7.6553521e+02   0.000000e+00   6.638161e+03   8501s
  196549    7.6553520e+02   0.000000e+00   2.344206e+03   8510s
  196689    7.6553519e+02   0.000000e+00   1.318259e+03   8518s
  196819    7.6553517e+02   0.000000e+00   1.622989e+03   8526s
  196949    7.6553516e+02   0.000000e+00   1.160051e+03   8534s
  197069    7.6553514e+02   0.000000e+00   7.820030e+03   8543s
  197199    7.6553513e+02   0.000000e+00   6.088787e+02   8551s
  197329    7.6553512e+02   0.000000e+00   5.359229e+03   8560s
  197449    7.6553510e+02   0.000000e+00   8.441690e+02   8568s
  197569    7.6553509e+02   0.000000e+00   1.280881e+03   8577s
  197689    7.6553508e+02   0.000000e+00   2.015863e+03   8585s
  197819    7.6553507e+02   0.000000e+00   9.247029e+02   8593s
  197939    7.6553506e+02   0.000000e+00   3.823946e+03   8601s
  198059    7.6553505e+02   0.000000e+00   9.568379e+02   8609s
  198189    7.6553503e+02   0.000000e+00   1.331820e+03   8617s
  198309    7.6553502e+02   0.000000e+00   3.718470e+03   8624s
  198439    7.6553500e+02   0.000000e+00   1.821684e+04   8633s
  198559    7.6553498e+02   0.000000e+00   1.065647e+04   8641s
  198699    7.6553496e+02   0.000000e+00   5.678101e+02   8650s
  198819    7.6553495e+02   0.000000e+00   1.840339e+03   8659s
  198949    7.6553494e+02   0.000000e+00   2.358696e+03   8667s
  199079    7.6553492e+02   0.000000e+00   3.297336e+04   8675s
  199209    7.6553491e+02   0.000000e+00   1.299167e+03   8683s
  199329    7.6553490e+02   0.000000e+00   1.086207e+04   8692s
  199459    7.6553488e+02   0.000000e+00   1.719593e+03   8701s
  199579    7.6553487e+02   0.000000e+00   4.417326e+02   8709s
  199699    7.6553486e+02   0.000000e+00   1.583647e+03   8717s
  199819    7.6553485e+02   0.000000e+00   3.351721e+03   8725s
  199949    7.6553483e+02   0.000000e+00   4.054439e+03   8734s
  200079    7.6553482e+02   0.000000e+00   6.236906e+03   8742s
  200209    7.6553480e+02   0.000000e+00   3.828254e+02   8751s
  200339    7.6553479e+02   0.000000e+00   1.343285e+03   8759s
  200459    7.6553478e+02   0.000000e+00   1.290521e+03   8768s
  200589    7.6553477e+02   0.000000e+00   1.644086e+03   8777s
  200719    7.6553475e+02   0.000000e+00   7.447669e+02   8785s
  200849    7.6553474e+02   0.000000e+00   2.625317e+03   8794s
  200979    7.6553473e+02   0.000000e+00   5.422532e+02   8801s
  201099    7.6553472e+02   0.000000e+00   7.226535e+02   8809s
  201229    7.6553471e+02   0.000000e+00   2.240103e+03   8817s
  201359    7.6553469e+02   0.000000e+00   5.644098e+02   8825s
  201479    7.6553468e+02   0.000000e+00   7.052605e+02   8834s
  201599    7.6553468e+02   0.000000e+00   4.522910e+03   8842s
  201719    7.6553467e+02   0.000000e+00   5.340038e+02   8850s
  201849    7.6553466e+02   0.000000e+00   7.268385e+03   8858s
  201969    7.6553465e+02   0.000000e+00   1.319620e+04   8866s
  202089    7.6553464e+02   0.000000e+00   1.353312e+03   8875s
  202219    7.6553463e+02   0.000000e+00   6.947138e+03   8884s
  202349    7.6553462e+02   0.000000e+00   5.269985e+03   8892s
  202479    7.6553460e+02   0.000000e+00   2.415179e+03   8900s
  202599    7.6553459e+02   0.000000e+00   4.668040e+03   8908s
  202729    7.6553458e+02   0.000000e+00   3.798085e+02   8917s
  202849    7.6553458e+02   0.000000e+00   1.829038e+03   8924s
  202969    7.6553457e+02   0.000000e+00   1.775509e+03   8931s
  203099    7.6553456e+02   0.000000e+00   8.991833e+02   8940s
  203229    7.6553455e+02   0.000000e+00   2.198974e+03   8949s
  203359    7.6553454e+02   0.000000e+00   6.235455e+02   8957s
  203469    7.6553453e+02   0.000000e+00   5.126008e+02   8966s
  203599    7.6553452e+02   0.000000e+00   6.033138e+02   8973s
  203729    7.6553450e+02   0.000000e+00   4.681445e+02   8981s
  203859    7.6553449e+02   0.000000e+00   5.904326e+02   8989s
  203989    7.6553448e+02   0.000000e+00   2.242193e+02   8998s
  204109    7.6553447e+02   0.000000e+00   2.058905e+03   9006s
  204229    7.6553446e+02   0.000000e+00   2.122403e+02   9013s
  204359    7.6553445e+02   0.000000e+00   5.430624e+02   9021s
  204489    7.6553445e+02   0.000000e+00   1.283855e+02   9029s
  204609    7.6553443e+02   0.000000e+00   1.859036e+02   9037s
  204739    7.6553443e+02   0.000000e+00   5.679461e+03   9046s
  204869    7.6553442e+02   0.000000e+00   1.927702e+03   9054s
  204989    7.6553441e+02   0.000000e+00   3.123124e+03   9063s
  205119    7.6553440e+02   0.000000e+00   1.731544e+03   9071s
  205249    7.6553439e+02   0.000000e+00   4.645112e+02   9080s
  205379    7.6553438e+02   0.000000e+00   2.207126e+03   9088s
  205499    7.6553437e+02   0.000000e+00   4.507768e+02   9097s
  205629    7.6553436e+02   0.000000e+00   4.462525e+03   9105s
  205749    7.6553435e+02   0.000000e+00   6.216233e+02   9113s
  205869    7.6553434e+02   0.000000e+00   2.280263e+02   9121s
  205989    7.6553433e+02   0.000000e+00   6.300834e+02   9129s
  206109    7.6553433e+02   0.000000e+00   1.076197e+03   9137s
  206239    7.6553432e+02   0.000000e+00   2.234331e+02   9145s
  206369    7.6553432e+02   0.000000e+00   7.262688e+02   9154s
  206499    7.6553431e+02   0.000000e+00   2.493556e+03   9163s
  206619    7.6553430e+02   0.000000e+00   3.780227e+02   9171s
  206749    7.6553430e+02   0.000000e+00   1.118222e+03   9180s
  206879    7.6553429e+02   0.000000e+00   1.430970e+03   9188s
  207009    7.6553428e+02   0.000000e+00   3.679260e+03   9197s
  207139    7.6553427e+02   0.000000e+00   3.355545e+02   9205s
  207269    7.6553426e+02   0.000000e+00   1.904258e+03   9213s
  207399    7.6553425e+02   0.000000e+00   1.807821e+04   9221s
  207539    7.6553424e+02   0.000000e+00   9.907880e+02   9230s
  207669    7.6553423e+02   0.000000e+00   1.173941e+02   9238s
  207809    7.6553423e+02   0.000000e+00   2.406887e+02   9247s
  207929    7.6553422e+02   0.000000e+00   1.027076e+02   9254s
  208059    7.6553422e+02   0.000000e+00   6.372246e+02   9262s
  208189    7.6553421e+02   0.000000e+00   1.906410e+02   9271s
  208319    7.6553421e+02   0.000000e+00   2.399519e+02   9279s
  208439    7.6553420e+02   0.000000e+00   1.045637e+02   9287s
  208569    7.6553420e+02   0.000000e+00   1.758140e+02   9295s
  208689    7.6553419e+02   0.000000e+00   1.132227e+02   9303s
  208809    7.6553419e+02   0.000000e+00   8.380416e+01   9311s
  208939    7.6553419e+02   0.000000e+00   2.386605e+02   9320s
  209059    7.6553418e+02   0.000000e+00   1.391499e+03   9328s
  209179    7.6553418e+02   0.000000e+00   1.575120e+03   9336s
  209299    7.6553417e+02   0.000000e+00   1.187610e+02   9344s
  209419    7.6553417e+02   0.000000e+00   1.294785e+02   9353s
  209549    7.6553416e+02   0.000000e+00   8.182994e+02   9360s
  209679    7.6553415e+02   0.000000e+00   1.497031e+02   9368s
  209819    7.6553415e+02   0.000000e+00   8.792227e+01   9377s
  209979    7.6553415e+02   0.000000e+00   1.110586e+02   9387s
  210119    7.6553414e+02   0.000000e+00   7.267285e+01   9396s
  210249    7.6553414e+02   0.000000e+00   1.248625e+03   9405s
  210379    7.6553413e+02   0.000000e+00   9.869828e+01   9413s
  210499    7.6553413e+02   0.000000e+00   4.641038e+02   9422s
  210619    7.6553413e+02   0.000000e+00   4.954977e+03   9429s
  210749    7.6553412e+02   0.000000e+00   1.308951e+02   9438s
  210869    7.6553412e+02   0.000000e+00   1.982099e+02   9447s
  210999    7.6553412e+02   0.000000e+00   1.590375e+02   9456s
  211129    7.6553411e+02   0.000000e+00   4.293170e+02   9464s
  211249    7.6553411e+02   0.000000e+00   3.043424e+02   9473s
  211379    7.6553411e+02   0.000000e+00   7.312785e+01   9480s
  211489    7.6553410e+02   0.000000e+00   8.041639e+02   9488s
  211619    7.6553410e+02   0.000000e+00   1.251957e+01   9495s
  211739    7.6553410e+02   0.000000e+00   2.447779e+01   9503s
  211859    7.6553410e+02   0.000000e+00   1.660928e+03   9511s
  211979    7.6553410e+02   0.000000e+00   2.408615e+02   9519s
  212109    7.6553409e+02   0.000000e+00   2.839043e+01   9529s
  212229    7.6553409e+02   0.000000e+00   2.258544e+01   9537s
  212349    7.6553409e+02   0.000000e+00   3.920834e+02   9545s
  212459    7.6553409e+02   0.000000e+00   1.466495e+03   9552s
  212579    7.6553408e+02   0.000000e+00   3.087689e+01   9559s
  212699    7.6553408e+02   0.000000e+00   2.848850e+01   9567s
  212819    7.6553408e+02   0.000000e+00   4.405489e+01   9575s
  212949    7.6553408e+02   0.000000e+00   6.578994e+01   9583s
  213069    7.6553408e+02   0.000000e+00   7.377292e+00   9591s
  213189    7.6553408e+02   0.000000e+00   2.441960e+01   9598s
  213309    7.6553408e+02   0.000000e+00   5.605389e+00   9606s
  213439    7.6553408e+02   0.000000e+00   1.725626e+01   9614s
  213569    7.6553407e+02   0.000000e+00   2.776860e+00   9621s
  213699    7.6553407e+02   0.000000e+00   4.299138e+00   9629s
  213819    7.6553407e+02   0.000000e+00   2.006471e+01   9636s
  213929    7.6553407e+02   0.000000e+00   1.403651e+02   9644s
  214059    7.6553407e+02   0.000000e+00   1.542595e+00   9652s
  214189    7.6553407e+02   0.000000e+00   1.426033e+00   9660s
  214319    7.6553407e+02   0.000000e+00   1.806757e+00   9669s
  214449    7.6553407e+02   0.000000e+00   8.204984e-02   9676s
  214579    7.6553407e+02   0.000000e+00   7.058370e-01   9684s
  214699    7.6553407e+02   0.000000e+00   3.867677e-02   9692s
  214820    7.6555759e+02   1.353122e+03   0.000000e+00   9699s
  214950    7.6555763e+02   8.322635e+03   0.000000e+00   9707s
  215090    7.6555765e+02   5.638232e+03   0.000000e+00   9714s
  215230    7.6555768e+02   6.245532e+03   0.000000e+00   9721s
  215360    7.6555770e+02   3.226037e+03   0.000000e+00   9727s
  215490    7.6555773e+02   6.139199e+03   0.000000e+00   9734s
  215620    7.6555777e+02   5.769128e+03   0.000000e+00   9741s
  215760    7.6555780e+02   6.526220e+03   0.000000e+00   9748s
  215890    7.6555785e+02   1.564428e+04   0.000000e+00   9756s
  216030    7.6555789e+02   4.894292e+03   0.000000e+00   9763s
  216160    7.6555792e+02   1.263368e+04   0.000000e+00   9771s
  216310    7.6555795e+02   3.309487e+04   0.000000e+00   9778s
  216450    7.6555797e+02   1.138283e+04   0.000000e+00   9786s
  216590    7.6555800e+02   6.958433e+03   0.000000e+00   9794s
  216730    7.6555803e+02   2.096101e+05   0.000000e+00   9802s
  216870    7.6555807e+02   1.218740e+04   0.000000e+00   9809s
  217010    7.6555810e+02   4.430846e+04   0.000000e+00   9817s
  217140    7.6555813e+02   1.397998e+04   0.000000e+00   9824s
  217270    7.6555816e+02   6.647136e+03   0.000000e+00   9831s
  217390    7.6555819e+02   6.648130e+04   0.000000e+00   9838s
  217510    7.6555822e+02   3.220039e+03   0.000000e+00   9845s
  217650    7.6555825e+02   3.245157e+04   0.000000e+00   9854s
  217790    7.6555828e+02   5.241518e+03   0.000000e+00   9862s
  217920    7.6555831e+02   7.221604e+03   0.000000e+00   9870s
  218050    7.6555833e+02   1.565220e+04   0.000000e+00   9877s
  218180    7.6555836e+02   7.994075e+03   0.000000e+00   9885s
  218310    7.6555841e+02   5.629376e+03   0.000000e+00   9892s
  218440    7.6555845e+02   8.594819e+03   0.000000e+00   9900s
  218570    7.6555849e+02   2.829190e+04   0.000000e+00   9908s
  218710    7.6555851e+02   1.976297e+04   0.000000e+00   9916s
  218840    7.6555853e+02   3.725808e+03   0.000000e+00   9924s
  218960    7.6555857e+02   2.662586e+03   0.000000e+00   9931s
  219090    7.6555861e+02   5.489334e+03   0.000000e+00   9939s
  219220    7.6555864e+02   3.752449e+04   0.000000e+00   9947s
  219350    7.6555867e+02   7.934975e+03   0.000000e+00   9955s
  219480    7.6555871e+02   1.960693e+04   0.000000e+00   9963s
  219610    7.6555875e+02   2.045424e+03   0.000000e+00   9971s
  219740    7.6555883e+02   8.407144e+03   0.000000e+00   9979s
  219870    7.6555886e+02   1.177114e+04   0.000000e+00   9987s
  220000    7.6555890e+02   1.030361e+04   0.000000e+00   9995s
  220130    7.6555893e+02   6.628407e+03   0.000000e+00  10004s
  220270    7.6555896e+02   6.810767e+03   0.000000e+00  10011s
  220410    7.6555904e+02   4.642963e+03   0.000000e+00  10019s
  220540    7.6555909e+02   9.475293e+04   0.000000e+00  10027s
  220670    7.6555915e+02   7.199081e+03   0.000000e+00  10035s
  220810    7.6555919e+02   8.563282e+03   0.000000e+00  10043s
  220940    7.6555921e+02   1.320433e+04   0.000000e+00  10051s
  221070    7.6555924e+02   4.526845e+04   0.000000e+00  10059s
  221200    7.6555928e+02   2.969043e+03   0.000000e+00  10066s
  221330    7.6555931e+02   4.686722e+04   0.000000e+00  10074s
  221460    7.6555935e+02   3.332740e+03   0.000000e+00  10081s
  221590    7.6555937e+02   8.355784e+03   0.000000e+00  10089s
  221720    7.6555941e+02   1.229284e+04   0.000000e+00  10097s
  221850    7.6555944e+02   5.828695e+03   0.000000e+00  10105s
  221980    7.6555947e+02   1.619897e+04   0.000000e+00  10113s
  222120    7.6555949e+02   3.553768e+04   0.000000e+00  10122s
  222250    7.6555952e+02   2.657638e+04   0.000000e+00  10130s
  222380    7.6555956e+02   1.383147e+04   0.000000e+00  10137s
  222510    7.6555958e+02   2.452225e+03   0.000000e+00  10145s
  222640    7.6555961e+02   2.354655e+03   0.000000e+00  10154s
  222780    7.6555964e+02   1.549299e+04   0.000000e+00  10162s
  222910    7.6555968e+02   1.062584e+04   0.000000e+00  10171s
  223040    7.6555970e+02   9.144287e+03   0.000000e+00  10179s
  223170    7.6555973e+02   4.641436e+03   0.000000e+00  10187s
  223300    7.6555977e+02   4.159004e+04   0.000000e+00  10195s
  223430    7.6555979e+02   6.430726e+04   0.000000e+00  10203s
  223560    7.6555981e+02   6.933844e+03   0.000000e+00  10211s
  223680    7.6555983e+02   2.938302e+03   0.000000e+00  10218s
  223810    7.6555986e+02   6.266472e+03   0.000000e+00  10226s
  223940    7.6555988e+02   2.813742e+04   0.000000e+00  10234s
  224070    7.6555992e+02   7.246144e+04   0.000000e+00  10242s
  224200    7.6555994e+02   4.138513e+03   0.000000e+00  10251s
  224330    7.6555996e+02   2.463252e+04   0.000000e+00  10258s
  224460    7.6555999e+02   5.401292e+03   0.000000e+00  10266s
  224600    7.6556002e+02   3.424142e+03   0.000000e+00  10274s
  224730    7.6556005e+02   2.479970e+03   0.000000e+00  10282s
  224860    7.6556008e+02   8.115377e+03   0.000000e+00  10290s
  224990    7.6556012e+02   7.662008e+02   0.000000e+00  10298s
  225120    7.6556015e+02   8.158584e+03   0.000000e+00  10305s
  225250    7.6556017e+02   1.255463e+04   0.000000e+00  10313s
  225380    7.6556020e+02   1.345126e+03   0.000000e+00  10321s
  225510    7.6556023e+02   3.476661e+03   0.000000e+00  10328s
  225630    7.6556025e+02   5.732495e+03   0.000000e+00  10336s
  225750    7.6556028e+02   1.141809e+04   0.000000e+00  10343s
  225870    7.6556030e+02   1.808005e+03   0.000000e+00  10351s
  226000    7.6556032e+02   1.637150e+04   0.000000e+00  10358s
  226130    7.6556035e+02   3.170972e+03   0.000000e+00  10366s
  226260    7.6556038e+02   1.521343e+04   0.000000e+00  10374s
  226400    7.6556040e+02   3.769795e+03   0.000000e+00  10383s
  226530    7.6556043e+02   1.007273e+04   0.000000e+00  10391s
  226660    7.6556045e+02   1.115961e+04   0.000000e+00  10398s
  226790    7.6556048e+02   4.894238e+03   0.000000e+00  10406s
  226920    7.6556051e+02   6.927474e+03   0.000000e+00  10414s
  227050    7.6556053e+02   2.395795e+03   0.000000e+00  10422s
  227180    7.6556056e+02   3.816841e+03   0.000000e+00  10430s
  227310    7.6556059e+02   1.054575e+04   0.000000e+00  10437s
  227430    7.6556061e+02   7.568730e+03   0.000000e+00  10445s
  227560    7.6556063e+02   3.815124e+03   0.000000e+00  10453s
  227690    7.6556065e+02   1.393613e+04   0.000000e+00  10461s
  227810    7.6556068e+02   7.981921e+04   0.000000e+00  10468s
  227950    7.6556070e+02   4.128164e+03   0.000000e+00  10476s
  228080    7.6556072e+02   1.480720e+03   0.000000e+00  10483s
  228220    7.6556075e+02   1.136204e+03   0.000000e+00  10492s
  228350    7.6556077e+02   2.145651e+03   0.000000e+00  10501s
  228470    7.6556079e+02   8.302210e+03   0.000000e+00  10508s
  228590    7.6556082e+02   3.894341e+03   0.000000e+00  10516s
  228720    7.6556084e+02   2.034196e+04   0.000000e+00  10524s
  228840    7.6556086e+02   2.936105e+03   0.000000e+00  10532s
  228960    7.6556088e+02   4.114736e+03   0.000000e+00  10539s
  229100    7.6556088e+02   1.665099e+03   0.000000e+00  10547s
  229220    7.6556090e+02   2.484140e+04   0.000000e+00  10554s
  229340    7.6556091e+02   9.178375e+02   0.000000e+00  10562s
  229470    7.6556093e+02   2.104485e+03   0.000000e+00  10570s
  229600    7.6556095e+02   3.459994e+03   0.000000e+00  10578s
  229730    7.6556098e+02   3.623519e+04   0.000000e+00  10587s
  229860    7.6556101e+02   2.352014e+04   0.000000e+00  10595s
  229990    7.6556103e+02   4.031007e+03   0.000000e+00  10603s
  230120    7.6556105e+02   4.216425e+03   0.000000e+00  10611s
  230250    7.6556108e+02   1.625416e+03   0.000000e+00  10619s
  230380    7.6556110e+02   4.143258e+03   0.000000e+00  10627s
  230500    7.6556112e+02   5.896692e+03   0.000000e+00  10635s
  230630    7.6556115e+02   1.547966e+03   0.000000e+00  10643s
  230760    7.6556117e+02   2.216590e+03   0.000000e+00  10652s
  230900    7.6556119e+02   6.729952e+04   0.000000e+00  10660s
  231040    7.6556121e+02   2.840071e+03   0.000000e+00  10669s
  231170    7.6556123e+02   4.049275e+03   0.000000e+00  10677s
  231300    7.6556126e+02   2.798097e+04   0.000000e+00  10686s
  231430    7.6556127e+02   3.641537e+03   0.000000e+00  10694s
  231560    7.6556130e+02   2.176921e+03   0.000000e+00  10703s
  231700    7.6556142e+02   5.867825e+03   0.000000e+00  10711s
  231840    7.6556144e+02   2.601457e+03   0.000000e+00  10718s
  231970    7.6556145e+02   2.518032e+03   0.000000e+00  10726s
  232100    7.6556148e+02   1.002915e+04   0.000000e+00  10734s
  232220    7.6556150e+02   3.083646e+03   0.000000e+00  10741s
  232340    7.6556151e+02   1.278653e+03   0.000000e+00  10749s
  232460    7.6556153e+02   4.163017e+03   0.000000e+00  10757s
  232580    7.6556154e+02   8.583577e+03   0.000000e+00  10764s
  232710    7.6556155e+02   9.143448e+03   0.000000e+00  10771s
  232830    7.6556157e+02   2.446397e+03   0.000000e+00  10778s
  232950    7.6556159e+02   8.965076e+03   0.000000e+00  10786s
  233070    7.6556160e+02   4.687161e+02   0.000000e+00  10793s
  233190    7.6556162e+02   3.171413e+03   0.000000e+00  10801s
  233320    7.6556163e+02   5.318748e+03   0.000000e+00  10809s
  233450    7.6556166e+02   6.033863e+04   0.000000e+00  10817s
  233580    7.6556168e+02   1.759683e+03   0.000000e+00  10825s
  233700    7.6556170e+02   6.135492e+03   0.000000e+00  10832s
  233830    7.6556171e+02   2.057153e+03   0.000000e+00  10840s
  233960    7.6556173e+02   8.790411e+02   0.000000e+00  10847s
  234090    7.6556174e+02   5.871864e+03   0.000000e+00  10855s
  234220    7.6556175e+02   1.821966e+03   0.000000e+00  10862s
  234350    7.6556177e+02   9.952463e+02   0.000000e+00  10870s
  234480    7.6556178e+02   8.313913e+02   0.000000e+00  10878s
  234610    7.6556179e+02   1.703955e+03   0.000000e+00  10887s
  234730    7.6556181e+02   9.224915e+03   0.000000e+00  10895s
  234860    7.6556182e+02   8.053102e+03   0.000000e+00  10903s
  234990    7.6556183e+02   2.653272e+03   0.000000e+00  10911s
  235120    7.6556185e+02   3.517603e+04   0.000000e+00  10920s
  235240    7.6556186e+02   2.516868e+03   0.000000e+00  10927s
  235360    7.6556188e+02   2.628926e+03   0.000000e+00  10935s
  235480    7.6556189e+02   2.151700e+03   0.000000e+00  10943s
  235600    7.6556189e+02   3.615498e+03   0.000000e+00  10950s
  235720    7.6556191e+02   8.386094e+02   0.000000e+00  10957s
  235840    7.6556192e+02   2.792721e+03   0.000000e+00  10965s
  235970    7.6556193e+02   5.535869e+02   0.000000e+00  10972s
  236100    7.6556193e+02   1.727423e+03   0.000000e+00  10981s
  236230    7.6556195e+02   7.409086e+02   0.000000e+00  10989s
  236360    7.6556196e+02   3.925420e+02   0.000000e+00  10997s
  236490    7.6556197e+02   2.183280e+03   0.000000e+00  11005s
  236620    7.6556197e+02   1.915441e+04   0.000000e+00  11014s
  236750    7.6556198e+02   1.177873e+04   0.000000e+00  11022s
  236880    7.6556199e+02   4.207906e+02   0.000000e+00  11031s
  237010    7.6556200e+02   4.404024e+02   0.000000e+00  11039s
  237130    7.6556201e+02   1.749152e+03   0.000000e+00  11047s
  237260    7.6556203e+02   1.758486e+03   0.000000e+00  11055s
  237390    7.6556204e+02   1.812920e+03   0.000000e+00  11063s
  237520    7.6556205e+02   2.403532e+03   0.000000e+00  11071s
  237650    7.6556206e+02   1.033637e+03   0.000000e+00  11080s
  237780    7.6556206e+02   6.932870e+02   0.000000e+00  11089s
  237900    7.6556207e+02   4.723863e+02   0.000000e+00  11097s
  238030    7.6556208e+02   2.854183e+02   0.000000e+00  11105s
  238150    7.6556209e+02   1.307391e+03   0.000000e+00  11113s
  238280    7.6556210e+02   3.507270e+02   0.000000e+00  11122s
  238410    7.6556210e+02   2.191947e+03   0.000000e+00  11130s
  238540    7.6556213e+02   4.559078e+02   0.000000e+00  11138s
  238670    7.6556215e+02   1.056467e+03   0.000000e+00  11146s
  238800    7.6556216e+02   9.776805e+02   0.000000e+00  11155s
  238930    7.6556217e+02   2.094498e+02   0.000000e+00  11163s
  239060    7.6556218e+02   2.679669e+02   0.000000e+00  11171s
  239180    7.6556218e+02   1.440656e+02   0.000000e+00  11180s
  239310    7.6556219e+02   1.254955e+03   0.000000e+00  11188s
  239440    7.6556220e+02   2.705871e+03   0.000000e+00  11196s
  239570    7.6556220e+02   3.233128e+02   0.000000e+00  11204s
  239690    7.6556221e+02   1.340285e+02   0.000000e+00  11212s
  239810    7.6556221e+02   3.506586e+03   0.000000e+00  11220s
  239930    7.6556222e+02   2.806134e+02   0.000000e+00  11228s
  240050    7.6556222e+02   8.448836e+01   0.000000e+00  11235s
  240180    7.6556223e+02   1.718822e+02   0.000000e+00  11244s
  240310    7.6556223e+02   2.865441e+02   0.000000e+00  11252s
  240440    7.6556224e+02   5.516458e+03   0.000000e+00  11260s
  240560    7.6556224e+02   2.980106e+02   0.000000e+00  11268s
  240690    7.6556225e+02   1.546630e+02   0.000000e+00  11277s
  240820    7.6556225e+02   4.078671e+02   0.000000e+00  11285s
  240950    7.6556226e+02   4.076974e+02   0.000000e+00  11294s
  241080    7.6556226e+02   1.633446e+02   0.000000e+00  11303s
  241210    7.6556227e+02   4.597091e+01   0.000000e+00  11312s
  241340    7.6556227e+02   1.910772e+02   0.000000e+00  11320s
  241470    7.6556227e+02   1.309907e+02   0.000000e+00  11329s
  241600    7.6556228e+02   2.290618e+02   0.000000e+00  11337s
  241730    7.6556228e+02   2.598899e+02   0.000000e+00  11346s
  241860    7.6556228e+02   7.951284e+02   0.000000e+00  11354s
  241990    7.6556228e+02   7.897947e+02   0.000000e+00  11362s
  242120    7.6556229e+02   2.879448e+02   0.000000e+00  11370s
  242240    7.6556229e+02   3.281362e+02   0.000000e+00  11378s
  242370    7.6556229e+02   1.101484e+02   0.000000e+00  11386s
  242490    7.6556230e+02   5.391103e+00   0.000000e+00  11393s
  242620    7.6556230e+02   1.080259e+01   0.000000e+00  11401s
  242740    7.6556230e+02   2.872067e+01   0.000000e+00  11408s
  242870    7.6556230e+02   7.011828e+01   0.000000e+00  11416s
  242990    7.6556230e+02   4.326734e+00   0.000000e+00  11424s
  243120    7.6556230e+02   1.812722e+02   0.000000e+00  11431s
  243250    7.6556231e+02   1.097069e+01   0.000000e+00  11439s
  243370    7.6556231e+02   3.858817e+01   0.000000e+00  11445s
  243490    7.6556231e+02   1.864102e+01   0.000000e+00  11453s
  243610    7.6556231e+02   2.298060e+00   0.000000e+00  11461s
  243740    7.6556231e+02   5.054050e+00   0.000000e+00  11469s
  243870    7.6556231e+02   1.916629e+00   0.000000e+00  11477s
  244000    7.6556231e+02   3.281962e-02   0.000000e+00  11485s
  244341    7.6556174e+02   0.000000e+00   2.019651e+02  11498s
  244631    7.6556174e+02   0.000000e+00   1.831229e+01  11506s
  244921    7.6556174e+02   0.000000e+00   5.288040e+01  11514s
  245191    7.6556174e+02   0.000000e+00   1.386787e+01  11521s
  245481    7.6556174e+02   0.000000e+00   4.802223e+00  11529s
  245781    7.6556173e+02   0.000000e+00   5.788819e+00  11538s
  246091    7.6556173e+02   0.000000e+00   2.217907e+02  11546s
  246371    7.6556173e+02   0.000000e+00   1.038092e+02  11554s
  246641    7.6556173e+02   0.000000e+00   6.608054e-01  11562s
  246941    7.6556173e+02   0.000000e+00   1.103334e+00  11571s
  247231    7.6556173e+02   0.000000e+00   1.119263e+00  11578s
  247511    7.6556173e+02   0.000000e+00   1.127827e+00  11586s
  247811    7.6556173e+02   0.000000e+00   5.480118e+01  11594s
  248121    7.6556173e+02   0.000000e+00   1.824844e+00  11602s
  248411    7.6556173e+02   0.000000e+00   3.654134e-01  11611s
  248711    7.6556173e+02   0.000000e+00   2.433073e-01  11619s
  248981    7.6556173e+02   0.000000e+00   1.396554e-01  11627s
  249271    7.6556173e+02   0.000000e+00   1.379057e-01  11635s
  249571    7.6556173e+02   0.000000e+00   8.980053e-03  11643s
  249697    7.6556173e+02   0.000000e+00   0.000000e+00  11649s
  249707    7.6556173e+02   0.000000e+00   0.000000e+00  11652s
  249707    7.6556173e+02   0.000000e+00   0.000000e+00  11653s
Concurrent spin time: 2156.05s (can be avoided by choosing Method=3)

Solved with barrier

Root relaxation: objective 7.655617e+02, 249707 iterations, 13735.32 seconds
Total elapsed time = 13809.62s
Total elapsed time = 14196.92s
Total elapsed time = 14258.57s
Total elapsed time = 14318.23s
Total elapsed time = 14380.63s

    Nodes    |    Current Node    |     Objective Bounds      |     Work
 Expl Unexpl |  Obj  Depth IntInf | Incumbent    BestBd   Gap | It/Node Time

     0     0  765.56173    0 42079  956.00000  765.56173  19.9%     - 14396s
     0     0          -    0       956.00000  765.56173  19.9%     - 43200s

Cutting planes:
  Clique: 10

Explored 1 nodes (714020 simplex iterations) in 43200.12 seconds
Thread count was 16 (of 16 available processors)

Solution count 1: 956 

Time limit reached
Best objective 9.560000000000e+02, best bound 7.660000000000e+02, gap 19.8745%

Wrote result file 'yn02.sol'

