Academic license - for non-commercial use only
Set parameter TimeLimit to value 7200

Gurobi Optimizer version 7.5.2 build v7.5.2rc1 (linux64)
Copyright (c) 2017, Gurobi Optimization, Inc.

Read LP format model from file flow/ft20.lp
Reading time = 1.95 seconds
: 100369 rows, 188851 columns, 5137336 nonzeros
Optimize a model with 100369 rows, 188851 columns and 5137336 nonzeros
Variable types: 0 continuous, 188851 integer (188850 binary)
Coefficient statistics:
  Matrix range     [1e+00, 1e+03]
  Objective range  [1e+00, 1e+00]
  Bounds range     [1e+00, 1e+00]
  RHS range        [1e+00, 1e+00]
Presolve removed 14351 rows and 14214 columns (presolve time = 5s) ...
Presolve removed 18473 rows and 18335 columns (presolve time = 10s) ...
Presolve removed 18888 rows and 18750 columns (presolve time = 16s) ...
Presolve removed 18888 rows and 18750 columns
Presolve time: 17.09s
Presolved: 81481 rows, 170101 columns, 5053634 nonzeros
Variable types: 0 continuous, 170101 integer (170100 binary)

Deterministic concurrent LP optimizer: dual simplex and barrier
Showing barrier log only...

Presolve removed 146 rows and 126 columns
Presolved: 81335 rows, 169975 columns, 5053322 nonzeros

Root barrier log...

Elapsed ordering time = 5s
Elapsed ordering time = 10s
Elapsed ordering time = 15s
Elapsed ordering time = 20s
Elapsed ordering time = 25s
Ordering time: 29.52s

Barrier statistics:
 AA' NZ     : 8.279e+06
 Factor NZ  : 3.051e+07 (roughly 350 MBytes of memory)
 Factor Ops : 3.582e+10 (roughly 2 seconds per iteration)
 Threads    : 1

                  Objective                Residual
Iter       Primal          Dual         Primal    Dual     Compl     Time
   0   4.12607456e+04 -1.27972771e+06  2.42e+05 1.57e-01  2.14e+03    61s
   1   3.71863158e+04 -1.22354437e+06  4.32e+04 4.84e-01  3.95e+02    65s
   2   6.77010264e+03 -1.16931047e+06  2.53e+03 4.81e-12  2.60e+01    70s
   3   4.30624473e+03 -9.51916703e+05  4.49e+02 4.11e-12  6.32e+00    74s
   4   4.08288060e+03 -5.50079501e+05  1.48e+02 3.59e-12  2.50e+00    78s
   5   4.10423429e+03 -2.12235008e+05  6.65e+01 1.74e-12  9.41e-01    83s
   6   3.73387481e+03 -9.03270127e+04  2.80e+01 1.94e-12  4.20e-01    87s
   7   2.29763615e+03 -5.54575920e+04  1.12e+01 2.10e-12  2.44e-01    92s
   8   1.44743283e+03 -3.53687933e+04  3.56e+00 3.95e-12  1.32e-01    97s
   9   1.10321921e+03 -1.42911335e+04  6.85e-01 2.06e-12  4.91e-02   102s
  10   1.03566325e+03 -4.56031525e+03  3.71e-01 9.66e-13  1.74e-02   107s
  11   9.74987027e+02 -1.09576638e+03  2.15e-01 5.83e-13  6.30e-03   112s
  12   8.99908436e+02  2.80402742e+01  8.29e-02 5.47e-13  2.58e-03   118s
  13   8.79449880e+02  3.10992553e+02  6.71e-02 3.09e-13  1.67e-03   122s
  14   8.15971771e+02  5.38202067e+02  3.05e-02 1.62e-13  8.10e-04   127s
  15   8.03977408e+02  5.96352492e+02  2.68e-02 1.14e-13  6.05e-04   131s
  16   8.03721001e+02  6.14813795e+02  2.65e-02 9.37e-14  5.50e-04   136s
  17   7.80525739e+02  6.42148931e+02  1.72e-02 9.94e-14  4.02e-04   141s
  18   7.65935584e+02  6.64913395e+02  1.24e-02 8.18e-14  2.93e-04   145s
  19   7.53530670e+02  6.82688442e+02  8.49e-03 4.59e-14  2.06e-04   150s
  20   7.49212552e+02  6.89812253e+02  7.21e-03 6.57e-14  1.72e-04   155s
  21   7.43859418e+02  6.98861977e+02  5.62e-03 5.18e-14  1.30e-04   160s
  22   7.37724107e+02  7.08420861e+02  3.61e-03 4.80e-14  8.49e-05   165s
  23   7.32584117e+02  7.14770272e+02  2.04e-03 5.71e-14  5.16e-05   171s
  24   7.29846688e+02  7.17370981e+02  1.26e-03 1.04e-13  3.61e-05   175s
  25   7.28168634e+02  7.19680818e+02  8.19e-04 6.13e-14  2.46e-05   180s
  26   7.26960237e+02  7.21229313e+02  5.19e-04 4.83e-14  1.66e-05   184s
  27   7.26718398e+02  7.21690749e+02  4.66e-04 6.30e-14  1.46e-05   189s
  28   7.25940698e+02  7.22717662e+02  2.82e-04 4.27e-14  9.33e-06   194s
  29   7.25387268e+02  7.23608921e+02  1.63e-04 6.82e-14  5.15e-06   199s
  30   7.25092089e+02  7.23967294e+02  1.06e-04 5.66e-14  3.26e-06   204s
  31   7.24909134e+02  7.24177735e+02  7.31e-05 6.97e-14  2.12e-06   209s
  32   7.24707996e+02  7.24366285e+02  3.61e-05 7.45e-14  9.90e-07   215s
  33   7.24591735e+02  7.24423395e+02  1.65e-05 5.13e-14  4.88e-07   220s
  34   7.24528449e+02  7.24462028e+02  6.22e-06 6.55e-14  1.92e-07   227s
  35   7.24500111e+02  7.24475865e+02  2.15e-06 5.35e-14  7.02e-08   232s
  36   7.24486325e+02  7.24481198e+02  3.69e-07 6.67e-14  1.48e-08   239s
  37   7.24483256e+02  7.24482702e+02  3.52e-08 4.93e-14  1.61e-09   244s
  38   7.24483122e+02  7.24482774e+02  2.33e-08 3.77e-14  1.01e-09   249s
  39   7.24483000e+02  7.24482837e+02  8.39e-09 8.98e-14  4.74e-10   254s
  40   7.24482974e+02  7.24482856e+02  9.15e-09 6.03e-14  3.40e-10   258s
  41   7.24482929e+02  7.24482883e+02  1.00e-08 4.95e-14  1.33e-10   263s
  42   7.24482917e+02  7.24482887e+02  1.17e-08 5.91e-14  8.71e-11   268s
  43   7.24482912e+02  7.24482891e+02  7.32e-09 6.59e-14  6.14e-11   273s
  44   7.24482907e+02  7.24482894e+02  1.20e-08 8.20e-14  3.95e-11   278s
  45   7.24482905e+02  7.24482898e+02  1.91e-08 5.08e-14  2.21e-11   282s
  46   7.24482905e+02  7.24482899e+02  1.15e-08 6.13e-14  1.59e-11   287s

Barrier solved model in 46 iterations and 287.33 seconds
Optimal objective 7.24482905e+02


Root crossover log...

   25885 variables added to crossover basis                      290s

   54794 DPushes remaining with DInf 6.7278163e+02               294s
   12274 DPushes remaining with DInf 5.8952937e+02               304s
   11299 DPushes remaining with DInf 5.4797085e+03               312s
   10092 DPushes remaining with DInf 3.6513122e+03               320s
    8583 DPushes remaining with DInf 2.2525204e+03               325s
    7218 DPushes remaining with DInf 7.2357876e+03               332s
    5736 DPushes remaining with DInf 6.3172390e+03               339s
    4276 DPushes remaining with DInf 7.6040201e+03               347s
    3005 DPushes remaining with DInf 7.3293895e+03               354s
    1758 DPushes remaining with DInf 9.4343201e+03               362s
     636 DPushes remaining with DInf 8.4090887e+03               369s
       0 DPushes remaining with DInf 1.3517740e+04               373s

    7540 PPushes remaining with PInf 1.9016679e-02               373s
    3162 PPushes remaining with PInf 5.5347371e-01               385s
    2083 PPushes remaining with PInf 7.6265026e-01               391s
    1140 PPushes remaining with PInf 1.0195356e+01               396s
      62 PPushes remaining with PInf 7.4689476e+00               401s
       0 PPushes remaining with PInf 7.4029808e+00               402s

  Push phase complete: Pinf 7.4029808e+00, Dinf 4.1032074e+05    402s


Root simplex log...

Iteration    Objective       Primal Inf.    Dual Inf.      Time
   62294    7.2448242e+02   0.000000e+00   4.103207e+05    403s
   62525    7.2448240e+02   0.000000e+00   1.403202e+05    415s
   62756    7.2448240e+02   0.000000e+00   5.166543e+04    425s
   62987    7.2448240e+02   0.000000e+00   5.935720e+04    435s
   63218    7.2448239e+02   0.000000e+00   3.482754e+04    444s
   63449    7.2448236e+02   0.000000e+00   1.007628e+05    457s
   63680    7.2448234e+02   0.000000e+00   5.664062e+04    470s
   63911    7.2448229e+02   0.000000e+00   3.489766e+04    482s
   64142    7.2448226e+02   0.000000e+00   8.517272e+04    494s
   64373    7.2448220e+02   0.000000e+00   1.013083e+05    507s
   64604    7.2448217e+02   0.000000e+00   5.575563e+04    519s
   64835    7.2448210e+02   0.000000e+00   1.089975e+05    531s
   65066    7.2448205e+02   0.000000e+00   2.953945e+05    544s
   65297    7.2448196e+02   0.000000e+00   1.925238e+05    556s
   65528    7.2448190e+02   0.000000e+00   1.533276e+05    568s
   65759    7.2448182e+02   0.000000e+00   1.039979e+05    580s
   65990    7.2448176e+02   0.000000e+00   1.051417e+05    592s
   66221    7.2448170e+02   0.000000e+00   6.580671e+04    604s
   66452    7.2448163e+02   0.000000e+00   9.139384e+04    616s
   66683    7.2448154e+02   0.000000e+00   3.191164e+05    627s
   66914    7.2448148e+02   0.000000e+00   1.005615e+05    639s
   67145    7.2448143e+02   0.000000e+00   7.748928e+04    651s
   67376    7.2448139e+02   0.000000e+00   1.030130e+05    663s
   67607    7.2448132e+02   0.000000e+00   1.937864e+05    674s
   67838    7.2448125e+02   0.000000e+00   1.092186e+05    686s
   68069    7.2448116e+02   0.000000e+00   2.152279e+05    698s
   68300    7.2448106e+02   0.000000e+00   2.207904e+05    709s
   68531    7.2448090e+02   0.000000e+00   2.858418e+05    720s
   68762    7.2448076e+02   0.000000e+00   2.865161e+05    731s
   68993    7.2448060e+02   0.000000e+00   3.278111e+05    743s
   69224    7.2448048e+02   0.000000e+00   1.048219e+05    754s
   69455    7.2448032e+02   0.000000e+00   1.364125e+05    765s
   69686    7.2448010e+02   0.000000e+00   2.281452e+05    775s
   69917    7.2447994e+02   0.000000e+00   2.387838e+05    785s
   70148    7.2447978e+02   0.000000e+00   5.330322e+05    796s
   70379    7.2447957e+02   0.000000e+00   1.087082e+05    807s
   70610    7.2447937e+02   0.000000e+00   1.852989e+05    817s
   70841    7.2447914e+02   0.000000e+00   1.732787e+06    829s
   71072    7.2447889e+02   0.000000e+00   1.588794e+05    840s
   71303    7.2447867e+02   0.000000e+00   2.060715e+05    850s
   71534    7.2447851e+02   0.000000e+00   2.620544e+05    860s
   71765    7.2447838e+02   0.000000e+00   4.778144e+04    870s
   71996    7.2447818e+02   0.000000e+00   3.977839e+05    880s
   72227    7.2447797e+02   0.000000e+00   9.242069e+04    891s
   72458    7.2447785e+02   0.000000e+00   1.194021e+05    902s
   72689    7.2447773e+02   0.000000e+00   1.402194e+05    912s
   72920    7.2447751e+02   0.000000e+00   4.236717e+06    922s
   73151    7.2447736e+02   0.000000e+00   1.232027e+05    932s
   73382    7.2447725e+02   0.000000e+00   1.421635e+05    941s
   73613    7.2447715e+02   0.000000e+00   3.001254e+05    951s
   73844    7.2447708e+02   0.000000e+00   1.669322e+05    961s
   74075    7.2447696e+02   0.000000e+00   3.670690e+04    971s
   74306    7.2447685e+02   0.000000e+00   5.366181e+05    981s
   74537    7.2447677e+02   0.000000e+00   5.694653e+04    991s
   74768    7.2447670e+02   0.000000e+00   7.688427e+04   1001s
   74999    7.2447664e+02   0.000000e+00   6.324104e+04   1012s
   75230    7.2447657e+02   0.000000e+00   3.769354e+04   1022s
   75461    7.2447651e+02   0.000000e+00   3.318834e+04   1032s
   75692    7.2447646e+02   0.000000e+00   2.402544e+04   1043s
   75923    7.2447642e+02   0.000000e+00   6.554411e+04   1054s
   76154    7.2447636e+02   0.000000e+00   6.928197e+04   1064s
   76385    7.2447630e+02   0.000000e+00   7.445645e+04   1074s
   76616    7.2447621e+02   0.000000e+00   9.253344e+04   1085s
   76847    7.2447614e+02   0.000000e+00   3.858554e+04   1095s
   77078    7.2447604e+02   0.000000e+00   1.270121e+05   1105s
   77309    7.2447596e+02   0.000000e+00   7.156764e+04   1116s
   77540    7.2447587e+02   0.000000e+00   1.112750e+05   1125s
   77771    7.2447575e+02   0.000000e+00   3.062853e+05   1135s
   78002    7.2447566e+02   0.000000e+00   5.584859e+04   1145s
   78233    7.2447559e+02   0.000000e+00   2.453891e+04   1156s
   78464    7.2447552e+02   0.000000e+00   5.984536e+04   1166s
   78695    7.2447545e+02   0.000000e+00   6.971443e+04   1176s
   78926    7.2447534e+02   0.000000e+00   1.561603e+05   1185s
   79157    7.2447525e+02   0.000000e+00   6.983094e+04   1195s
   79388    7.2447521e+02   0.000000e+00   4.742875e+05   1206s
   79619    7.2447516e+02   0.000000e+00   2.264970e+04   1215s
   79850    7.2447513e+02   0.000000e+00   2.648219e+04   1225s
   80081    7.2447508e+02   0.000000e+00   1.796422e+05   1236s
   80312    7.2447503e+02   0.000000e+00   3.831329e+04   1245s
   80543    7.2447499e+02   0.000000e+00   2.431884e+04   1256s
   80774    7.2447494e+02   0.000000e+00   5.037943e+04   1266s
   81005    7.2447489e+02   0.000000e+00   2.080453e+04   1275s
   81236    7.2447486e+02   0.000000e+00   7.730501e+03   1286s
   81467    7.2447481e+02   0.000000e+00   4.383600e+04   1296s
   81698    7.2447477e+02   0.000000e+00   1.586002e+04   1305s
   81929    7.2447471e+02   0.000000e+00   1.542947e+04   1314s
   82160    7.2447461e+02   0.000000e+00   4.112678e+04   1324s
   82391    7.2447457e+02   0.000000e+00   4.484156e+04   1333s
   82622    7.2447451e+02   0.000000e+00   2.349481e+04   1344s
   82853    7.2447448e+02   0.000000e+00   1.102112e+04   1354s
   83084    7.2447444e+02   0.000000e+00   6.148892e+03   1364s
   83315    7.2447440e+02   0.000000e+00   2.223853e+04   1374s
   83546    7.2447436e+02   0.000000e+00   1.926464e+04   1384s
   83777    7.2447430e+02   0.000000e+00   2.913481e+04   1394s
   84008    7.2447426e+02   0.000000e+00   2.450826e+04   1405s
   84239    7.2447421e+02   0.000000e+00   2.327527e+04   1414s
   84470    7.2447415e+02   0.000000e+00   1.516138e+04   1423s
   84701    7.2447411e+02   0.000000e+00   8.265465e+04   1434s
   84932    7.2447406e+02   0.000000e+00   9.743598e+04   1443s
   85163    7.2447401e+02   0.000000e+00   3.631173e+04   1453s
   85394    7.2447394e+02   0.000000e+00   1.349749e+05   1462s
   85625    7.2447389e+02   0.000000e+00   3.881076e+04   1471s
   85856    7.2447385e+02   0.000000e+00   1.946444e+04   1481s
   86087    7.2447380e+02   0.000000e+00   1.843571e+04   1491s
   86318    7.2447372e+02   0.000000e+00   2.969508e+04   1500s
   86549    7.2447365e+02   0.000000e+00   1.914008e+04   1510s
   86780    7.2447359e+02   0.000000e+00   2.932660e+04   1519s
   87011    7.2447351e+02   0.000000e+00   1.077601e+04   1528s
   87242    7.2447338e+02   0.000000e+00   3.657220e+04   1536s
   87473    7.2447330e+02   0.000000e+00   1.672316e+04   1544s
   87704    7.2447325e+02   0.000000e+00   8.974187e+04   1553s
   87935    7.2447320e+02   0.000000e+00   1.695966e+05   1562s
   88166    7.2447314e+02   0.000000e+00   1.713382e+05   1571s
   88397    7.2447307e+02   0.000000e+00   3.369823e+04   1581s
   88628    7.2447303e+02   0.000000e+00   7.635172e+03   1590s
   88859    7.2447297e+02   0.000000e+00   1.043615e+04   1599s
   89090    7.2447293e+02   0.000000e+00   4.254179e+03   1608s
   89321    7.2447283e+02   0.000000e+00   1.686831e+04   1618s
   89552    7.2447275e+02   0.000000e+00   4.330063e+04   1628s
   89783    7.2447271e+02   0.000000e+00   1.893183e+04   1637s
   90014    7.2447264e+02   0.000000e+00   2.276596e+04   1646s
   90245    7.2447259e+02   0.000000e+00   1.346905e+05   1656s
   90476    7.2447254e+02   0.000000e+00   2.170519e+04   1665s
   90707    7.2447250e+02   0.000000e+00   1.929114e+04   1674s
   90938    7.2447244e+02   0.000000e+00   4.874973e+04   1683s
   91169    7.2447239e+02   0.000000e+00   1.985648e+04   1692s
   91400    7.2447235e+02   0.000000e+00   1.021067e+04   1700s
   91631    7.2447230e+02   0.000000e+00   9.511347e+04   1709s
   91862    7.2447226e+02   0.000000e+00   5.156931e+03   1719s
   92093    7.2447222e+02   0.000000e+00   4.650936e+04   1728s
   92324    7.2447218e+02   0.000000e+00   6.379750e+04   1738s
   92555    7.2447215e+02   0.000000e+00   2.327008e+03   1747s
   92786    7.2447212e+02   0.000000e+00   4.616562e+03   1757s
   93017    7.2447209e+02   0.000000e+00   1.575413e+04   1767s
   93248    7.2447206e+02   0.000000e+00   3.752713e+03   1776s
   93479    7.2447204e+02   0.000000e+00   1.867687e+04   1786s
   93710    7.2447202e+02   0.000000e+00   3.801547e+03   1796s
   93941    7.2447199e+02   0.000000e+00   1.080562e+04   1805s
   94172    7.2447197e+02   0.000000e+00   3.449638e+03   1814s
   94403    7.2447194e+02   0.000000e+00   2.830534e+03   1823s
   94634    7.2447192e+02   0.000000e+00   5.118958e+03   1832s
   94865    7.2447191e+02   0.000000e+00   3.755282e+04   1841s
   95096    7.2447188e+02   0.000000e+00   1.943887e+04   1851s
   95327    7.2447184e+02   0.000000e+00   5.288782e+04   1860s
   95558    7.2447181e+02   0.000000e+00   7.318173e+03   1870s
   95789    7.2447178e+02   0.000000e+00   5.767974e+03   1878s
   96020    7.2447173e+02   0.000000e+00   4.869735e+03   1887s
   96251    7.2447168e+02   0.000000e+00   7.962830e+03   1897s
   96482    7.2447165e+02   0.000000e+00   1.756166e+04   1906s
   96713    7.2447161e+02   0.000000e+00   3.628708e+03   1915s
   96944    7.2447159e+02   0.000000e+00   1.665433e+04   1923s
   97175    7.2447156e+02   0.000000e+00   1.858717e+04   1933s
   97406    7.2447152e+02   0.000000e+00   3.275315e+04   1941s
   97637    7.2447149e+02   0.000000e+00   1.293555e+04   1951s
   97868    7.2447145e+02   0.000000e+00   5.947398e+03   1961s
   98099    7.2447139e+02   0.000000e+00   7.571800e+03   1969s
   98330    7.2447136e+02   0.000000e+00   2.460498e+04   1977s
   98561    7.2447133e+02   0.000000e+00   2.038125e+04   1987s
   98792    7.2447130e+02   0.000000e+00   1.764896e+04   1996s
   99023    7.2447127e+02   0.000000e+00   7.729158e+03   2005s
   99254    7.2447121e+02   0.000000e+00   1.737490e+04   2014s
   99485    7.2447116e+02   0.000000e+00   8.951806e+03   2023s
   99716    7.2447112e+02   0.000000e+00   1.858492e+04   2032s
   99947    7.2447106e+02   0.000000e+00   2.107507e+04   2041s
  100178    7.2447101e+02   0.000000e+00   1.837263e+03   2050s
  100409    7.2447097e+02   0.000000e+00   2.667421e+04   2059s
  100640    7.2447093e+02   0.000000e+00   7.424947e+03   2068s
  100871    7.2447087e+02   0.000000e+00   4.614199e+05   2078s
  101102    7.2447061e+02   0.000000e+00   4.572888e+05   2087s
  101333    7.2447038e+02   0.000000e+00   5.980250e+05   2096s
  101564    7.2447017e+02   0.000000e+00   6.577010e+05   2105s
  101795    7.2447009e+02   0.000000e+00   5.675902e+05   2115s
  102026    7.2447003e+02   0.000000e+00   6.533468e+05   2125s
  102257    7.2446997e+02   0.000000e+00   6.568870e+05   2135s
  102488    7.2446991e+02   0.000000e+00   7.486603e+05   2144s
  102719    7.2446984e+02   0.000000e+00   1.292635e+06   2153s
  102950    7.2446976e+02   0.000000e+00   8.323410e+05   2163s
  103181    7.2446965e+02   0.000000e+00   7.295560e+05   2172s
  103412    7.2446954e+02   0.000000e+00   1.133816e+06   2182s
  103643    7.2446939e+02   0.000000e+00   7.806999e+05   2191s
  103874    7.2446927e+02   0.000000e+00   6.345553e+05   2201s
  104105    7.2446915e+02   0.000000e+00   4.668533e+05   2209s
  104336    7.2446911e+02   0.000000e+00   1.882183e+05   2219s
  104567    7.2446908e+02   0.000000e+00   6.478537e+03   2228s
  104798    7.2446903e+02   0.000000e+00   1.614145e+03   2236s
  105029    7.2446901e+02   0.000000e+00   1.187127e+03   2246s
  105260    7.2446899e+02   0.000000e+00   5.317030e+03   2256s
  105491    7.2446897e+02   0.000000e+00   9.010142e+03   2266s
  105722    7.2446894e+02   0.000000e+00   1.706431e+04   2276s
  105953    7.2446892e+02   0.000000e+00   5.735143e+03   2286s
  106184    7.2446889e+02   0.000000e+00   2.045816e+04   2296s
  106415    7.2446885e+02   0.000000e+00   2.383288e+04   2305s
  106646    7.2446882e+02   0.000000e+00   3.613511e+04   2315s
  106877    7.2446880e+02   0.000000e+00   1.005583e+04   2325s
  107108    7.2446877e+02   0.000000e+00   2.118038e+03   2334s
  107339    7.2446874e+02   0.000000e+00   4.796705e+03   2343s
  107570    7.2446871e+02   0.000000e+00   1.452208e+03   2352s
  107801    7.2446869e+02   0.000000e+00   4.781858e+03   2362s
  108032    7.2446867e+02   0.000000e+00   1.494632e+04   2372s
  108263    7.2446865e+02   0.000000e+00   9.535220e+03   2382s
  108494    7.2446863e+02   0.000000e+00   2.505855e+03   2391s
  108725    7.2446861e+02   0.000000e+00   3.292373e+04   2400s
  108956    7.2446858e+02   0.000000e+00   3.362991e+03   2409s
  109187    7.2446855e+02   0.000000e+00   2.303063e+03   2418s
  109418    7.2446852e+02   0.000000e+00   4.572279e+04   2427s
  109649    7.2446850e+02   0.000000e+00   5.692746e+03   2437s
  109880    7.2446847e+02   0.000000e+00   3.394926e+03   2446s
  110111    7.2446845e+02   0.000000e+00   8.480695e+02   2456s
  110342    7.2446843e+02   0.000000e+00   1.896294e+03   2465s
  110573    7.2446841e+02   0.000000e+00   1.931122e+03   2474s
  110804    7.2446839e+02   0.000000e+00   9.958598e+02   2483s
  111035    7.2446838e+02   0.000000e+00   1.370434e+03   2492s
  111266    7.2446836e+02   0.000000e+00   3.513956e+03   2502s
  111497    7.2446834e+02   0.000000e+00   6.746206e+03   2511s
  111728    7.2446832e+02   0.000000e+00   1.334537e+04   2519s
  111959    7.2446831e+02   0.000000e+00   3.946615e+02   2529s
  112190    7.2446830e+02   0.000000e+00   1.238007e+03   2538s
  112421    7.2446828e+02   0.000000e+00   6.094878e+03   2547s
  112652    7.2446826e+02   0.000000e+00   6.240515e+03   2556s
  112883    7.2446825e+02   0.000000e+00   5.356560e+03   2566s
  113114    7.2446823e+02   0.000000e+00   4.313228e+02   2575s
  113345    7.2446822e+02   0.000000e+00   6.390818e+03   2584s
  113576    7.2446821e+02   0.000000e+00   3.716761e+04   2593s
  113807    7.2446819e+02   0.000000e+00   2.838103e+03   2602s
  114038    7.2446818e+02   0.000000e+00   2.125806e+03   2612s
  114269    7.2446816e+02   0.000000e+00   2.683574e+03   2621s
  114500    7.2446814e+02   0.000000e+00   2.715218e+03   2630s
  114731    7.2446813e+02   0.000000e+00   8.893341e+03   2639s
  114962    7.2446811e+02   0.000000e+00   7.185965e+02   2649s
  115193    7.2446810e+02   0.000000e+00   1.783394e+03   2658s
  115424    7.2446807e+02   0.000000e+00   1.136845e+03   2667s
  115655    7.2446805e+02   0.000000e+00   2.675885e+03   2676s
  115886    7.2446804e+02   0.000000e+00   3.880737e+03   2686s
  116117    7.2446802e+02   0.000000e+00   2.784103e+03   2695s
  116348    7.2446800e+02   0.000000e+00   7.560440e+03   2705s
  116579    7.2446798e+02   0.000000e+00   6.223794e+03   2714s
  116810    7.2446796e+02   0.000000e+00   1.673286e+04   2724s
  117041    7.2446794e+02   0.000000e+00   2.883806e+03   2733s
  117272    7.2446792e+02   0.000000e+00   4.525516e+03   2743s
  117503    7.2446790e+02   0.000000e+00   1.409773e+03   2752s
  117734    7.2446788e+02   0.000000e+00   1.027484e+04   2761s
  117965    7.2446785e+02   0.000000e+00   1.466749e+03   2770s
  118196    7.2446783e+02   0.000000e+00   4.219509e+03   2779s
  118427    7.2446781e+02   0.000000e+00   3.381985e+03   2787s
  118658    7.2446779e+02   0.000000e+00   1.491572e+03   2797s
  118889    7.2446776e+02   0.000000e+00   4.818541e+03   2805s
  119120    7.2446774e+02   0.000000e+00   3.777413e+03   2814s
  119351    7.2446772e+02   0.000000e+00   5.563404e+03   2823s
  119582    7.2446771e+02   0.000000e+00   4.212307e+02   2832s
  119813    7.2446768e+02   0.000000e+00   8.635993e+02   2841s
  120044    7.2446765e+02   0.000000e+00   1.853337e+03   2850s
  120275    7.2446763e+02   0.000000e+00   2.989783e+03   2858s
  120506    7.2446761e+02   0.000000e+00   1.399198e+03   2865s
  120737    7.2446758e+02   0.000000e+00   1.047023e+03   2874s
  120968    7.2446757e+02   0.000000e+00   1.324910e+03   2883s
  121199    7.2446756e+02   0.000000e+00   6.512557e+02   2892s
  121430    7.2446755e+02   0.000000e+00   4.819883e+02   2900s
  121661    7.2446753e+02   0.000000e+00   3.787068e+02   2909s
  121892    7.2446751e+02   0.000000e+00   2.071988e+03   2917s
  122123    7.2446749e+02   0.000000e+00   8.832671e+02   2926s
  122354    7.2446747e+02   0.000000e+00   3.659782e+02   2936s
  122585    7.2446746e+02   0.000000e+00   6.565969e+02   2945s
  122816    7.2446744e+02   0.000000e+00   2.480938e+04   2954s
  123047    7.2446743e+02   0.000000e+00   1.325057e+03   2963s
  123278    7.2446742e+02   0.000000e+00   1.272423e+02   2971s
  123509    7.2446742e+02   0.000000e+00   8.494988e+02   2980s
  123740    7.2446741e+02   0.000000e+00   5.131098e+03   2989s
  123971    7.2446740e+02   0.000000e+00   1.890542e+02   2997s
  124202    7.2446739e+02   0.000000e+00   4.472745e+02   3005s
  124433    7.2446737e+02   0.000000e+00   1.337567e+03   3014s
  124664    7.2446736e+02   0.000000e+00   2.675160e+02   3023s
  124895    7.2446735e+02   0.000000e+00   1.904024e+03   3032s
  125126    7.2446734e+02   0.000000e+00   4.700281e+02   3042s
  125357    7.2446734e+02   0.000000e+00   8.502282e+02   3052s
  125588    7.2446733e+02   0.000000e+00   3.887693e+02   3060s
  125819    7.2446732e+02   0.000000e+00   3.807684e+02   3069s
  126050    7.2446731e+02   0.000000e+00   1.095098e+02   3078s
  126281    7.2446730e+02   0.000000e+00   3.642309e+02   3086s
  126512    7.2446730e+02   0.000000e+00   7.317469e+01   3095s
  126743    7.2446729e+02   0.000000e+00   3.209607e+03   3104s
  126974    7.2446728e+02   0.000000e+00   1.019411e+03   3113s
  127205    7.2446728e+02   0.000000e+00   3.955645e+02   3122s
  127436    7.2446728e+02   0.000000e+00   6.808130e+02   3131s
  127667    7.2446727e+02   0.000000e+00   1.651377e+02   3140s
  127898    7.2446727e+02   0.000000e+00   5.652161e+02   3148s
  128129    7.2446726e+02   0.000000e+00   3.523425e+03   3157s
  128360    7.2446726e+02   0.000000e+00   5.362287e+02   3167s
  128591    7.2446725e+02   0.000000e+00   4.257831e+01   3176s
  128822    7.2446725e+02   0.000000e+00   3.330356e+01   3185s
  129053    7.2446724e+02   0.000000e+00   8.059266e+01   3195s
  129284    7.2446724e+02   0.000000e+00   4.917399e+01   3204s
  129515    7.2446724e+02   0.000000e+00   5.562103e+01   3212s
  129746    7.2446723e+02   0.000000e+00   1.151149e+01   3220s
  129977    7.2446723e+02   0.000000e+00   3.335509e+02   3229s
  130208    7.2446723e+02   0.000000e+00   1.369775e+01   3238s
  130439    7.2446722e+02   0.000000e+00   1.928521e+02   3247s
  130670    7.2446722e+02   0.000000e+00   7.828196e+01   3255s
  130901    7.2446722e+02   0.000000e+00   1.173150e+02   3264s
  131132    7.2446721e+02   0.000000e+00   2.507202e+02   3273s
  131363    7.2446721e+02   0.000000e+00   5.433351e+01   3281s
  131594    7.2446721e+02   0.000000e+00   9.934979e+00   3289s
  131825    7.2446720e+02   0.000000e+00   8.993352e+01   3298s
  132056    7.2446720e+02   0.000000e+00   2.253596e+01   3307s
  132287    7.2446720e+02   0.000000e+00   8.126728e+00   3316s
  132518    7.2446720e+02   0.000000e+00   5.011446e+02   3324s
  132749    7.2446719e+02   0.000000e+00   2.114679e+02   3332s
  132980    7.2446719e+02   0.000000e+00   8.287145e+00   3341s
  133211    7.2446719e+02   0.000000e+00   1.597859e+02   3349s
  133442    7.2446718e+02   0.000000e+00   7.695312e+01   3357s
  133673    7.2446718e+02   0.000000e+00   1.752463e+02   3366s
  133904    7.2446717e+02   0.000000e+00   3.838746e+00   3374s
  134135    7.2446717e+02   0.000000e+00   8.437028e+00   3384s
  134366    7.2446717e+02   0.000000e+00   1.616996e+01   3392s
  134597    7.2446716e+02   0.000000e+00   5.246392e+00   3400s
  134828    7.2446716e+02   0.000000e+00   7.108987e+00   3409s
  135059    7.2446716e+02   0.000000e+00   2.425755e+01   3418s
  135290    7.2446716e+02   0.000000e+00   2.432955e+01   3426s
  135521    7.2446715e+02   0.000000e+00   3.723463e+00   3434s
  135752    7.2446715e+02   0.000000e+00   2.384173e+02   3443s
  135983    7.2446715e+02   0.000000e+00   1.650041e+00   3452s
  136214    7.2446715e+02   0.000000e+00   2.263968e-01   3460s
  136445    7.2446715e+02   0.000000e+00   2.527271e-01   3468s
  136676    7.2446715e+02   0.000000e+00   2.013069e-01   3476s
  136792    7.2448284e+02   1.107733e+02   0.000000e+00   3480s
  137023    7.2448286e+02   3.846560e+02   0.000000e+00   3489s
  137254    7.2448288e+02   1.174178e+02   0.000000e+00   3497s
  137485    7.2448290e+02   4.692979e+02   0.000000e+00   3504s
  137716    7.2448291e+02   2.246687e+03   0.000000e+00   3512s
  137947    7.2448293e+02   3.780322e+02   0.000000e+00   3520s
  138178    7.2448294e+02   2.286359e+02   0.000000e+00   3527s
  138409    7.2448296e+02   6.711916e+03   0.000000e+00   3535s
  138640    7.2448297e+02   5.428396e+02   0.000000e+00   3543s
  138871    7.2448299e+02   2.062591e+03   0.000000e+00   3551s
  139102    7.2448300e+02   1.452609e+02   0.000000e+00   3559s
  139333    7.2448302e+02   5.110216e+02   0.000000e+00   3567s
  139564    7.2448303e+02   3.730905e+02   0.000000e+00   3575s
  139795    7.2448304e+02   1.065353e+02   0.000000e+00   3583s
  140026    7.2448305e+02   5.817779e+02   0.000000e+00   3591s
  140257    7.2448307e+02   2.977724e+02   0.000000e+00   3599s
  140488    7.2448308e+02   2.160344e+02   0.000000e+00   3608s
  140719    7.2448309e+02   2.534740e+02   0.000000e+00   3616s
  140950    7.2448310e+02   1.380589e+03   0.000000e+00   3624s
  141181    7.2448311e+02   1.068861e+03   0.000000e+00   3631s
  141412    7.2448312e+02   4.630698e+02   0.000000e+00   3640s
  141643    7.2448313e+02   1.701740e+02   0.000000e+00   3648s
  141874    7.2448314e+02   4.034485e+02   0.000000e+00   3655s
  142105    7.2448315e+02   3.958457e+02   0.000000e+00   3663s
  142336    7.2448316e+02   6.674082e+01   0.000000e+00   3671s
  142567    7.2448316e+02   4.306819e+02   0.000000e+00   3679s
  142798    7.2448317e+02   1.156633e+02   0.000000e+00   3687s
  143029    7.2448318e+02   3.744353e+01   0.000000e+00   3695s
  143260    7.2448318e+02   2.013600e+02   0.000000e+00   3703s
  143491    7.2448319e+02   1.202785e+01   0.000000e+00   3711s
  143722    7.2448319e+02   3.068884e+01   0.000000e+00   3720s
  143953    7.2448320e+02   2.815145e+02   0.000000e+00   3728s
  144184    7.2448320e+02   1.411116e+02   0.000000e+00   3736s
  144415    7.2448320e+02   3.095657e+00   0.000000e+00   3744s
  144646    7.2448320e+02   6.127829e+00   0.000000e+00   3752s
  144877    7.2448321e+02   3.290658e+00   0.000000e+00   3761s
  145108    7.2448321e+02   1.067072e+01   0.000000e+00   3769s
  145339    7.2448321e+02   5.109498e-01   0.000000e+00   3777s
  145570    7.2448321e+02   2.134673e-01   0.000000e+00   3785s
  145801    7.2448321e+02   2.590846e-02   0.000000e+00   3793s
  146012    7.2448321e+02   0.000000e+00   0.000000e+00   3800s
  146243    7.2448310e+02   0.000000e+00   5.364208e+01   3807s
  146474    7.2448310e+02   0.000000e+00   1.317124e+01   3815s
  146705    7.2448310e+02   0.000000e+00   6.170980e+00   3825s
  146936    7.2448309e+02   0.000000e+00   9.019367e+00   3836s
  147167    7.2448309e+02   0.000000e+00   2.697487e+02   3847s
  147398    7.2448308e+02   0.000000e+00   2.444331e+02   3859s
  147629    7.2448307e+02   0.000000e+00   5.317672e+02   3869s
  147860    7.2448306e+02   0.000000e+00   6.957976e+02   3880s
  148091    7.2448305e+02   0.000000e+00   5.711051e+02   3891s
  148322    7.2448304e+02   0.000000e+00   9.582412e+01   3902s
  148553    7.2448303e+02   0.000000e+00   4.615934e+02   3913s
  148784    7.2448302e+02   0.000000e+00   3.965655e+02   3923s
  149015    7.2448301e+02   0.000000e+00   5.491610e+03   3935s
  149246    7.2448300e+02   0.000000e+00   2.421996e+03   3947s
  149477    7.2448299e+02   0.000000e+00   3.925601e+03   3958s
  149708    7.2448299e+02   0.000000e+00   1.621570e+02   3970s
  149939    7.2448298e+02   0.000000e+00   1.396501e+02   3980s
  150170    7.2448298e+02   0.000000e+00   7.738707e+02   3992s
  150401    7.2448297e+02   0.000000e+00   1.075314e+03   4003s
  150632    7.2448297e+02   0.000000e+00   2.666029e+02   4014s
  150863    7.2448297e+02   0.000000e+00   4.217351e+01   4025s
  151094    7.2448297e+02   0.000000e+00   3.876854e+02   4037s
  151325    7.2448296e+02   0.000000e+00   3.273036e+02   4049s
  151556    7.2448296e+02   0.000000e+00   1.355185e+02   4060s
  151787    7.2448296e+02   0.000000e+00   1.832086e+02   4072s
  152018    7.2448295e+02   0.000000e+00   1.973260e+01   4083s
  152249    7.2448295e+02   0.000000e+00   1.507136e+01   4096s
  152480    7.2448295e+02   0.000000e+00   1.644203e+03   4107s
  152711    7.2448294e+02   0.000000e+00   8.294901e+02   4118s
  152942    7.2448294e+02   0.000000e+00   2.570434e+02   4129s
  153173    7.2448293e+02   0.000000e+00   7.051104e+01   4140s
  153404    7.2448293e+02   0.000000e+00   1.407502e+02   4152s
  153635    7.2448293e+02   0.000000e+00   4.692218e+01   4163s
  153866    7.2448292e+02   0.000000e+00   1.106050e+01   4174s
  154097    7.2448292e+02   0.000000e+00   1.161805e+02   4185s
  154328    7.2448292e+02   0.000000e+00   1.154355e+01   4196s
  154559    7.2448292e+02   0.000000e+00   4.530102e+00   4207s
  154790    7.2448292e+02   0.000000e+00   1.134268e+01   4219s
  155021    7.2448292e+02   0.000000e+00   1.787663e+01   4230s
  155252    7.2448291e+02   0.000000e+00   1.670311e+03   4241s
  155483    7.2448291e+02   0.000000e+00   1.951156e+02   4253s
  155714    7.2448291e+02   0.000000e+00   1.188502e+01   4264s
  155945    7.2448290e+02   0.000000e+00   7.536926e+01   4276s
  156176    7.2448290e+02   0.000000e+00   7.048841e+01   4288s
  156407    7.2448290e+02   0.000000e+00   1.543059e+01   4299s
  156638    7.2448290e+02   0.000000e+00   1.565724e+02   4310s
  156869    7.2448289e+02   0.000000e+00   1.894843e+01   4321s
  157100    7.2448289e+02   0.000000e+00   5.212751e+01   4332s
  157331    7.2448289e+02   0.000000e+00   1.440837e+02   4344s
  157562    7.2448289e+02   0.000000e+00   2.008965e+01   4356s
  157793    7.2448289e+02   0.000000e+00   1.444902e+01   4366s
  158024    7.2448289e+02   0.000000e+00   3.073471e+00   4378s
  158255    7.2448289e+02   0.000000e+00   1.320930e+00   4389s
  158452    7.2448290e+02   4.543118e-01   0.000000e+00   4399s
  158683    7.2448290e+02   6.403463e-01   0.000000e+00   4406s
  158914    7.2448290e+02   2.350306e+00   0.000000e+00   4414s
  159145    7.2448290e+02   1.678911e-02   0.000000e+00   4421s
  159247    7.2448290e+02   0.000000e+00   0.000000e+00   4425s
  159478    7.2448290e+02   0.000000e+00   8.950007e-02   4433s
  159709    7.2448290e+02   0.000000e+00   8.800587e-02   4439s
  159940    7.2448290e+02   0.000000e+00   5.644426e+01   4449s
  160171    7.2448290e+02   0.000000e+00   6.628237e-01   4460s
  160402    7.2448290e+02   0.000000e+00   1.058849e-03   4469s
  160525    7.2448290e+02   0.000000e+00   0.000000e+00   4474s
  160585    7.2448290e+02   0.000000e+00   0.000000e+00   4477s
  160585    7.2448290e+02   0.000000e+00   0.000000e+00   4478s
Concurrent spin time: 977.83s (can be avoided by choosing Method=3)

Solved with barrier

Root relaxation: objective 7.244829e+02, 160585 iterations, 5432.14 seconds
Total elapsed time = 5504.40s
Total elapsed time = 5530.54s
Total elapsed time = 5551.72s
Total elapsed time = 5564.91s

    Nodes    |    Current Node    |     Objective Bounds      |     Work
 Expl Unexpl |  Obj  Depth IntInf | Incumbent    BestBd   Gap | It/Node Time

     0     0  724.48290    0 15969          -  724.48290      -     - 5578s
     0     0          -    0               -  724.48290      -     - 7200s

Cutting planes:
  Clique: 3
  MIR: 1

Explored 1 nodes (229008 simplex iterations) in 7200.03 seconds
Thread count was 4 (of 4 available processors)

Solution count 0

Time limit reached
Best objective -, best bound 7.250000000000e+02, gap -

Unable to retrieve attribute 'X'

