Academic license - for non-commercial use only
Set parameter TimeLimit to value 7200

Gurobi Optimizer version 7.5.2 build v7.5.2rc1 (linux64)
Copyright (c) 2017, Gurobi Optimization, Inc.

Read LP format model from file flow/la11.lp
Reading time = 2.34 seconds
: 109799 rows, 206431 columns, 5866746 nonzeros
Optimize a model with 109799 rows, 206431 columns and 5866746 nonzeros
Variable types: 0 continuous, 206431 integer (206430 binary)
Coefficient statistics:
  Matrix range     [1e+00, 1e+03]
  Objective range  [1e+00, 1e+00]
  Bounds range     [1e+00, 1e+00]
  RHS range        [1e+00, 1e+00]
Presolve removed 10494 rows and 10381 columns (presolve time = 5s) ...
Presolve removed 19504 rows and 19391 columns (presolve time = 10s) ...
Presolve removed 20604 rows and 20491 columns (presolve time = 15s) ...
Presolve removed 20604 rows and 20491 columns
Presolve time: 19.37s
Presolved: 89195 rows, 185940 columns, 5776377 nonzeros
Variable types: 0 continuous, 185940 integer (185939 binary)

Deterministic concurrent LP optimizer: dual simplex and barrier
Showing barrier log only...

Presolve removed 161 rows and 141 columns
Presolved: 89034 rows, 185799 columns, 5776035 nonzeros

Root barrier log...

Elapsed ordering time = 5s
Elapsed ordering time = 10s
Elapsed ordering time = 15s
Elapsed ordering time = 20s
Elapsed ordering time = 25s
Elapsed ordering time = 30s
Ordering time: 34.84s

Barrier statistics:
 AA' NZ     : 9.412e+06
 Factor NZ  : 3.519e+07 (roughly 400 MBytes of memory)
 Factor Ops : 4.172e+10 (roughly 2 seconds per iteration)
 Threads    : 1

                  Objective                Residual
Iter       Primal          Dual         Primal    Dual     Compl     Time
   0   5.65626821e+04 -1.49103286e+06  4.11e+05 2.07e-01  3.53e+03    71s
   1   5.29334088e+04 -1.43574891e+06  6.05e+04 8.77e-01  5.36e+02    76s
   2   1.24251819e+04 -1.36956269e+06  4.82e+03 1.33e-12  4.58e+01    81s
   3   4.62940320e+03 -1.06769894e+06  7.97e+02 1.87e-12  8.79e+00    86s
   4   3.65646850e+03 -6.30873360e+05  2.06e+02 1.48e-12  2.85e+00    91s
   5   3.32384435e+03 -3.68996178e+05  9.08e+01 6.39e-13  1.42e+00    97s
   6   2.86258858e+03 -2.11892281e+05  3.96e+01 5.55e-13  7.46e-01   102s
   7   2.36064734e+03 -1.02849039e+05  1.82e+01 3.36e-13  3.67e-01   107s
   8   1.89042049e+03 -5.16670234e+04  8.44e+00 3.32e-13  1.96e-01   113s
   9   1.37244445e+03 -1.93864521e+04  2.71e+00 4.19e-13  7.64e-02   119s
  10   1.17535302e+03 -6.99491531e+03  8.58e-01 4.24e-13  2.65e-02   125s
  11   1.07892116e+03 -2.07473702e+03  2.07e-01 2.28e-13  8.92e-03   131s
  12   1.04047905e+03 -9.89506376e+02  1.09e-01 1.34e-13  5.57e-03   136s
  13   1.02125802e+03 -1.10101489e+02  6.49e-02 9.59e-14  3.06e-03   142s
  14   9.18379169e+02  3.93543904e+02  9.95e-03 5.35e-14  1.39e-03   148s
  15   8.31695426e+02  7.17862891e+02  1.13e-03 2.37e-14  3.01e-04   155s
  16   7.97335293e+02  7.49731964e+02  2.81e-04 1.55e-14  1.26e-04   162s
  17   7.89168687e+02  7.65882123e+02  1.21e-04 1.56e-14  6.16e-05   167s
  18   7.85382414e+02  7.74051855e+02  5.98e-05 1.63e-14  3.00e-05   173s
  19   7.83455157e+02  7.76981083e+02  3.13e-05 1.94e-14  1.71e-05   178s
  20   7.82503955e+02  7.78601913e+02  1.90e-05 2.09e-14  1.03e-05   183s
  21   7.82004133e+02  7.79305140e+02  1.31e-05 2.08e-14  7.14e-06   188s
  22   7.81620042e+02  7.79861359e+02  8.98e-06 2.14e-14  4.65e-06   193s
  23   7.81371415e+02  7.80154910e+02  6.36e-06 2.07e-14  3.22e-06   199s
  24   7.81232287e+02  7.80293440e+02  4.88e-06 2.62e-14  2.48e-06   204s
  25   7.81112400e+02  7.80417426e+02  3.73e-06 2.36e-14  1.84e-06   209s
  26   7.80971202e+02  7.80543944e+02  2.27e-06 6.27e-14  1.13e-06   215s
  27   7.80882639e+02  7.80629853e+02  1.35e-06 4.05e-14  6.69e-07   221s
  28   7.80821772e+02  7.80687105e+02  7.04e-07 8.17e-14  3.56e-07   227s
  29   7.80799673e+02  7.80707778e+02  4.94e-07 5.09e-14  2.43e-07   232s
  30   7.80777117e+02  7.80721832e+02  2.84e-07 6.06e-14  1.46e-07   238s
  31   7.80766296e+02  7.80728578e+02  1.89e-07 7.59e-14  9.98e-08   244s
  32   7.80757382e+02  7.80734093e+02  1.12e-07 8.17e-14  6.16e-08   249s
  33   7.80752649e+02  7.80737906e+02  7.30e-08 7.53e-14  3.90e-08   255s
  34   7.80749401e+02  7.80739880e+02  4.64e-08 8.33e-14  2.52e-08   260s
  35   7.80747043e+02  7.80740922e+02  2.70e-08 8.52e-14  1.62e-08   265s
  36   7.80745959e+02  7.80741537e+02  1.85e-08 6.04e-14  1.17e-08   270s
  37   7.80744856e+02  7.80742291e+02  9.87e-09 9.20e-14  6.78e-09   275s
  38   7.80744501e+02  7.80742828e+02  7.26e-09 8.74e-14  4.43e-09   281s
  39   7.80744043e+02  7.80743153e+02  3.83e-09 5.98e-14  2.35e-09   286s
  40   7.80743879e+02  7.80743257e+02  1.32e-08 9.02e-14  1.65e-09   292s
  41   7.80743692e+02  7.80743356e+02  1.12e-08 7.29e-14  8.90e-10   298s
  42   7.80743577e+02  7.80743419e+02  4.73e-09 1.07e-13  4.18e-10   304s
  43   7.80743515e+02  7.80743463e+02  2.97e-09 9.02e-14  1.38e-10   310s
  44   7.80743500e+02  7.80743480e+02  9.83e-09 7.51e-14  5.27e-11   317s
  45   7.80743496e+02  7.80743486e+02  8.88e-09 9.86e-14  2.55e-11   323s
  46   7.80743496e+02  7.80743486e+02  8.34e-09 7.93e-14  2.52e-11   328s
  47   7.80743493e+02  7.80743489e+02  7.92e-09 6.51e-14  1.10e-11   334s

Barrier solved model in 47 iterations and 333.85 seconds
Optimal objective 7.80743493e+02


Root crossover log...

   39666 DPushes remaining with DInf 7.2990216e+00               335s
    6173 DPushes remaining with DInf 8.0024002e+01               341s
    3679 DPushes remaining with DInf 1.0909790e+02               345s
       1 DPushes remaining with DInf 8.7669891e+03               351s
       0 DPushes remaining with DInf 8.7631361e+03               351s

   16874 PPushes remaining with PInf 2.1925842e-01               351s
    9504 PPushes remaining with PInf 1.0767976e+01               360s
    6473 PPushes remaining with PInf 9.3374258e+00               364s
    5659 PPushes remaining with PInf 8.4049016e+00               366s
    2791 PPushes remaining with PInf 6.3541646e+00               371s
      83 PPushes remaining with PInf 8.8117421e+01               376s
       0 PPushes remaining with PInf 8.2658995e+01               377s

  Push phase complete: Pinf 8.2658995e+01, Dinf 5.6367671e+04    377s


Root simplex log...

Iteration    Objective       Primal Inf.    Dual Inf.      Time
   56475    7.8074173e+02   0.000000e+00   5.636767e+04    377s
   56774    7.8074172e+02   0.000000e+00   7.038602e+03    386s
   57073    7.8074172e+02   0.000000e+00   6.631403e+04    394s
   57372    7.8074172e+02   0.000000e+00   3.593412e+03    400s
   57671    7.8074172e+02   0.000000e+00   7.916557e+03    407s
   57970    7.8074172e+02   0.000000e+00   2.444929e+04    417s
   58269    7.8074171e+02   0.000000e+00   1.227933e+04    427s
   58568    7.8074171e+02   0.000000e+00   3.740021e+04    438s
   58867    7.8074170e+02   0.000000e+00   2.172004e+04    448s
   59166    7.8074169e+02   0.000000e+00   1.113917e+04    459s
   59465    7.8074169e+02   0.000000e+00   1.229162e+04    468s
   59764    7.8074168e+02   0.000000e+00   1.728388e+04    478s
   60063    7.8074168e+02   0.000000e+00   1.310966e+04    488s
   60362    7.8074167e+02   0.000000e+00   1.076928e+04    498s
   60661    7.8074167e+02   0.000000e+00   6.285955e+03    508s
   60960    7.8074166e+02   0.000000e+00   2.067719e+04    518s
   61259    7.8074165e+02   0.000000e+00   4.958637e+03    528s
   61558    7.8074165e+02   0.000000e+00   7.603345e+03    538s
   61857    7.8074165e+02   0.000000e+00   8.540634e+03    548s
   62156    7.8074164e+02   0.000000e+00   1.212052e+04    558s
   62455    7.8074164e+02   0.000000e+00   4.972760e+03    567s
   62754    7.8074163e+02   0.000000e+00   4.601408e+03    577s
   63053    7.8074163e+02   0.000000e+00   4.196922e+03    587s
   63352    7.8074163e+02   0.000000e+00   3.184400e+04    597s
   63651    7.8074162e+02   0.000000e+00   7.076927e+04    607s
   63950    7.8074161e+02   0.000000e+00   6.204918e+06    617s
   64249    7.8074160e+02   0.000000e+00   2.212076e+03    627s
   64548    7.8074160e+02   0.000000e+00   1.426544e+04    637s
   64847    7.8074159e+02   0.000000e+00   1.265054e+04    647s
   65146    7.8074159e+02   0.000000e+00   2.846402e+04    657s
   65445    7.8074158e+02   0.000000e+00   1.476556e+03    667s
   65744    7.8074158e+02   0.000000e+00   1.258763e+03    677s
   66043    7.8074158e+02   0.000000e+00   2.761823e+03    687s
   66342    7.8074157e+02   0.000000e+00   7.210597e+03    697s
   66641    7.8074157e+02   0.000000e+00   3.001624e+03    706s
   66940    7.8074157e+02   0.000000e+00   1.925385e+03    716s
   67239    7.8074156e+02   0.000000e+00   2.606617e+04    726s
   67538    7.8074156e+02   0.000000e+00   4.254632e+03    736s
   67837    7.8074156e+02   0.000000e+00   4.419611e+03    746s
   68136    7.8074156e+02   0.000000e+00   2.739267e+04    756s
   68435    7.8074155e+02   0.000000e+00   7.659075e+03    766s
   68734    7.8074155e+02   0.000000e+00   7.240028e+03    776s
   69033    7.8074155e+02   0.000000e+00   7.740849e+03    785s
   69332    7.8074154e+02   0.000000e+00   6.565965e+03    795s
   69631    7.8074153e+02   0.000000e+00   8.266489e+04    805s
   69930    7.8074153e+02   0.000000e+00   6.909686e+04    815s
   70229    7.8074152e+02   0.000000e+00   3.178731e+04    825s
   70528    7.8074152e+02   0.000000e+00   2.781784e+04    835s
   70827    7.8074151e+02   0.000000e+00   1.536448e+04    845s
   71126    7.8074150e+02   0.000000e+00   9.501719e+03    855s
   71425    7.8074149e+02   0.000000e+00   1.326181e+04    865s
   71724    7.8074148e+02   0.000000e+00   1.496691e+04    875s
   72023    7.8074147e+02   0.000000e+00   3.386687e+03    885s
   72322    7.8074147e+02   0.000000e+00   4.661176e+03    894s
   72621    7.8074146e+02   0.000000e+00   2.735995e+04    904s
   72920    7.8074146e+02   0.000000e+00   3.308538e+03    914s
   73219    7.8074145e+02   0.000000e+00   5.476522e+03    924s
   73518    7.8074144e+02   0.000000e+00   3.119902e+04    934s
   73817    7.8074144e+02   0.000000e+00   8.033390e+03    943s
   74116    7.8074143e+02   0.000000e+00   3.821132e+02    953s
   74415    7.8074143e+02   0.000000e+00   1.542695e+03    962s
   74714    7.8074142e+02   0.000000e+00   1.412189e+03    972s
   75013    7.8074142e+02   0.000000e+00   6.766211e+02    981s
   75312    7.8074142e+02   0.000000e+00   3.482145e+02    991s
   75611    7.8074142e+02   0.000000e+00   1.774225e+03   1000s
   75910    7.8074141e+02   0.000000e+00   2.873322e+03   1009s
   76209    7.8074141e+02   0.000000e+00   1.402401e+03   1018s
   76508    7.8074141e+02   0.000000e+00   1.985495e+03   1026s
   76807    7.8074141e+02   0.000000e+00   5.146244e+02   1035s
   77106    7.8074140e+02   0.000000e+00   1.128368e+02   1044s
   77405    7.8074140e+02   0.000000e+00   3.674945e+02   1052s
   77704    7.8074140e+02   0.000000e+00   1.762662e+02   1061s
   78003    7.8074140e+02   0.000000e+00   1.389604e+02   1069s
   78302    7.8074139e+02   0.000000e+00   1.466021e+02   1077s
   78601    7.8074139e+02   0.000000e+00   4.342738e+02   1085s
   78900    7.8074138e+02   0.000000e+00   1.448866e+03   1094s
   79199    7.8074138e+02   0.000000e+00   5.001001e+02   1102s
   79498    7.8074138e+02   0.000000e+00   5.493133e+02   1110s
   79797    7.8074137e+02   0.000000e+00   1.848263e+02   1118s
   80096    7.8074137e+02   0.000000e+00   9.582362e+03   1126s
   80395    7.8074136e+02   0.000000e+00   3.455623e+02   1134s
   80694    7.8074136e+02   0.000000e+00   1.428383e+03   1142s
   80993    7.8074136e+02   0.000000e+00   1.477600e+02   1150s
   81292    7.8074136e+02   0.000000e+00   9.957424e+02   1157s
   81591    7.8074135e+02   0.000000e+00   2.416908e+02   1165s
   81890    7.8074135e+02   0.000000e+00   9.936699e+01   1172s
   82189    7.8074135e+02   0.000000e+00   4.486975e+01   1179s
   82488    7.8074134e+02   0.000000e+00   8.232772e+02   1186s
   82787    7.8074134e+02   0.000000e+00   1.056654e+02   1193s
   83086    7.8074133e+02   0.000000e+00   3.979916e+01   1200s
   83385    7.8074133e+02   0.000000e+00   3.688619e+01   1207s
   83684    7.8074132e+02   0.000000e+00   1.276444e+02   1213s
   83983    7.8074132e+02   0.000000e+00   1.390093e+02   1220s
   84282    7.8074131e+02   0.000000e+00   2.036639e+02   1227s
   84581    7.8074131e+02   0.000000e+00   4.955991e+02   1234s
   84880    7.8074130e+02   0.000000e+00   3.346282e+02   1240s
   85179    7.8074130e+02   0.000000e+00   5.947888e+02   1247s
   85478    7.8074129e+02   0.000000e+00   3.633112e+03   1253s
   85777    7.8074128e+02   0.000000e+00   4.988512e+01   1260s
   86076    7.8074128e+02   0.000000e+00   2.185101e+03   1267s
   86375    7.8074127e+02   0.000000e+00   1.801257e+03   1275s
   86674    7.8074127e+02   0.000000e+00   9.454560e+01   1283s
   86973    7.8074127e+02   0.000000e+00   1.260354e+02   1290s
   87272    7.8074127e+02   0.000000e+00   2.298798e+02   1298s
   87571    7.8074126e+02   0.000000e+00   5.253592e+01   1306s
   87870    7.8074126e+02   0.000000e+00   4.721475e+02   1312s
   88169    7.8074126e+02   0.000000e+00   2.429632e+02   1318s
   88468    7.8074126e+02   0.000000e+00   8.598730e+01   1324s
   88767    7.8074126e+02   0.000000e+00   2.947338e+02   1331s
   89066    7.8074125e+02   0.000000e+00   1.937311e+01   1337s
   89365    7.8074125e+02   0.000000e+00   8.462415e+01   1343s
   89664    7.8074125e+02   0.000000e+00   1.474364e+03   1349s
   89963    7.8074124e+02   0.000000e+00   5.511671e+01   1356s
   90262    7.8074124e+02   0.000000e+00   6.503049e+01   1362s
   90561    7.8074124e+02   0.000000e+00   1.585971e+01   1368s
   90860    7.8074124e+02   0.000000e+00   2.017387e+01   1374s
   91159    7.8074123e+02   0.000000e+00   1.454894e+01   1379s
   91458    7.8074123e+02   0.000000e+00   1.090150e+01   1386s
   91757    7.8074123e+02   0.000000e+00   2.840488e+01   1391s
   92056    7.8074123e+02   0.000000e+00   1.664428e+01   1397s
   92355    7.8074122e+02   0.000000e+00   1.894583e+04   1403s
   92654    7.8074122e+02   0.000000e+00   2.471812e+04   1410s
   92953    7.8074121e+02   0.000000e+00   2.335597e+04   1416s
   93252    7.8074120e+02   0.000000e+00   2.937679e+04   1423s
   93551    7.8074119e+02   0.000000e+00   1.574858e+03   1429s
   93850    7.8074119e+02   0.000000e+00   5.642772e+01   1435s
   94149    7.8074119e+02   0.000000e+00   5.970036e+01   1441s
   94448    7.8074118e+02   0.000000e+00   1.013780e+02   1447s
   94747    7.8074118e+02   0.000000e+00   7.776337e+01   1453s
   95046    7.8074118e+02   0.000000e+00   8.511449e+01   1459s
   95345    7.8074117e+02   0.000000e+00   1.113938e+02   1466s
   95644    7.8074117e+02   0.000000e+00   4.486642e+01   1472s
   95943    7.8074117e+02   0.000000e+00   7.862344e+01   1478s
   96242    7.8074116e+02   0.000000e+00   2.834678e+01   1485s
   96541    7.8074116e+02   0.000000e+00   2.581018e+01   1490s
   96840    7.8074116e+02   0.000000e+00   1.802788e+02   1497s
   97139    7.8074116e+02   0.000000e+00   7.254410e+01   1502s
   97438    7.8074116e+02   0.000000e+00   5.686598e+01   1509s
   97737    7.8074115e+02   0.000000e+00   1.512110e+02   1515s
   98036    7.8074115e+02   0.000000e+00   6.823225e+01   1521s
   98335    7.8074115e+02   0.000000e+00   1.375796e+01   1528s
   98634    7.8074115e+02   0.000000e+00   3.419559e+01   1534s
   98933    7.8074115e+02   0.000000e+00   4.689923e+01   1541s
   99232    7.8074114e+02   0.000000e+00   8.300481e+01   1548s
   99531    7.8074114e+02   0.000000e+00   8.507956e+01   1555s
   99830    7.8074114e+02   0.000000e+00   3.962122e+01   1561s
  100129    7.8074114e+02   0.000000e+00   1.711701e+01   1568s
  100428    7.8074114e+02   0.000000e+00   5.138634e+00   1575s
  100727    7.8074114e+02   0.000000e+00   4.205222e+01   1581s
  101026    7.8074113e+02   0.000000e+00   3.121296e+01   1588s
  101325    7.8074113e+02   0.000000e+00   1.010096e+01   1594s
  101624    7.8074113e+02   0.000000e+00   9.363706e+00   1601s
  101923    7.8074113e+02   0.000000e+00   6.306514e+00   1607s
  102222    7.8074113e+02   0.000000e+00   1.000087e+02   1614s
  102521    7.8074113e+02   0.000000e+00   2.103610e+01   1620s
  102820    7.8074113e+02   0.000000e+00   1.137813e+03   1627s
  103119    7.8074112e+02   0.000000e+00   2.039778e+01   1633s
  103418    7.8074112e+02   0.000000e+00   7.557207e+01   1639s
  103717    7.8074112e+02   0.000000e+00   1.501501e+01   1646s
  104016    7.8074112e+02   0.000000e+00   2.481251e+01   1653s
  104315    7.8074112e+02   0.000000e+00   6.307555e+00   1659s
  104614    7.8074112e+02   0.000000e+00   3.881676e+00   1666s
  104913    7.8074112e+02   0.000000e+00   4.478290e+01   1671s
  105212    7.8074112e+02   0.000000e+00   8.776824e+00   1677s
  105511    7.8074112e+02   0.000000e+00   4.155649e+00   1683s
  105810    7.8074112e+02   0.000000e+00   4.422338e+00   1688s
  106109    7.8074112e+02   0.000000e+00   1.276825e+01   1693s
  106408    7.8074112e+02   0.000000e+00   2.462029e+00   1700s
  106707    7.8074111e+02   0.000000e+00   2.531410e+00   1705s
  107006    7.8074111e+02   0.000000e+00   6.234096e+00   1711s
  107305    7.8074111e+02   0.000000e+00   1.813092e+00   1717s
  107604    7.8074111e+02   0.000000e+00   1.725725e+01   1723s
  107903    7.8074111e+02   0.000000e+00   4.710644e+00   1728s
  108202    7.8074111e+02   0.000000e+00   3.236068e+01   1734s
  108501    7.8074111e+02   0.000000e+00   6.710238e+00   1740s
  108800    7.8074111e+02   0.000000e+00   1.224252e+01   1745s
  109099    7.8074111e+02   0.000000e+00   2.489451e+01   1751s
  109398    7.8074111e+02   0.000000e+00   5.982105e+01   1757s
  109697    7.8074111e+02   0.000000e+00   3.509504e+01   1763s
  109996    7.8074111e+02   0.000000e+00   1.416451e+02   1769s
  110295    7.8074110e+02   0.000000e+00   6.921893e+00   1774s
  110594    7.8074110e+02   0.000000e+00   9.268415e+00   1780s
  110893    7.8074110e+02   0.000000e+00   1.875118e+01   1787s
  111192    7.8074110e+02   0.000000e+00   3.872801e+03   1793s
  111491    7.8074110e+02   0.000000e+00   1.172278e+01   1799s
  111790    7.8074110e+02   0.000000e+00   4.289346e+00   1806s
  112089    7.8074110e+02   0.000000e+00   5.573030e+00   1812s
  112388    7.8074110e+02   0.000000e+00   8.485079e+00   1820s
  112687    7.8074110e+02   0.000000e+00   2.403905e+00   1826s
  112986    7.8074110e+02   0.000000e+00   1.142721e+00   1832s
  113285    7.8074110e+02   0.000000e+00   2.824923e+00   1837s
  113584    7.8074110e+02   0.000000e+00   2.307547e+00   1843s
  113883    7.8074110e+02   0.000000e+00   1.528438e+00   1848s
  114182    7.8074110e+02   0.000000e+00   5.054146e+00   1854s
  114481    7.8074110e+02   0.000000e+00   1.166283e+00   1860s
  114780    7.8074110e+02   0.000000e+00   1.430689e+00   1866s
  115079    7.8074110e+02   0.000000e+00   5.529259e+00   1872s
  115378    7.8074110e+02   0.000000e+00   8.342658e-01   1878s
  115677    7.8074110e+02   0.000000e+00   3.182122e+00   1883s
  115976    7.8074110e+02   0.000000e+00   2.732386e+00   1890s
  116275    7.8074110e+02   0.000000e+00   2.466458e+01   1896s
  116574    7.8074109e+02   0.000000e+00   4.287812e+01   1902s
  116873    7.8074109e+02   0.000000e+00   4.177550e+00   1907s
  117172    7.8074109e+02   0.000000e+00   2.439288e+00   1914s
  117471    7.8074109e+02   0.000000e+00   4.568899e+02   1920s
  117770    7.8074109e+02   0.000000e+00   4.773022e+00   1925s
  118069    7.8074109e+02   0.000000e+00   3.611851e+00   1932s
  118368    7.8074109e+02   0.000000e+00   1.257247e+01   1939s
  118667    7.8074109e+02   0.000000e+00   1.186191e+00   1946s
  118966    7.8074109e+02   0.000000e+00   7.310731e-01   1951s
  119265    7.8074109e+02   0.000000e+00   4.857969e+00   1958s
  119564    7.8074109e+02   0.000000e+00   1.712990e+00   1964s
  119863    7.8074109e+02   0.000000e+00   5.522779e+00   1969s
  120162    7.8074109e+02   0.000000e+00   2.103091e+00   1975s
  120461    7.8074109e+02   0.000000e+00   2.935828e-01   1981s
  120760    7.8074109e+02   0.000000e+00   4.789791e+00   1986s
  121059    7.8074109e+02   0.000000e+00   1.670174e+00   1993s
  121358    7.8074109e+02   0.000000e+00   1.626896e+00   2000s
  121657    7.8074109e+02   0.000000e+00   8.496174e+00   2006s
  121956    7.8074109e+02   0.000000e+00   8.440359e-01   2012s
  122255    7.8074109e+02   0.000000e+00   8.492235e-01   2020s
  122554    7.8074109e+02   0.000000e+00   9.191107e-01   2025s
  122853    7.8074109e+02   0.000000e+00   2.253955e+00   2032s
  123152    7.8074109e+02   0.000000e+00   1.579393e-01   2037s
  123451    7.8074109e+02   0.000000e+00   3.750420e+00   2044s
  123750    7.8074109e+02   0.000000e+00   2.780264e+00   2050s
  124049    7.8074109e+02   0.000000e+00   3.006940e-01   2057s
  124348    7.8074109e+02   0.000000e+00   1.384274e+00   2063s
  124647    7.8074109e+02   0.000000e+00   1.776943e+00   2069s
  124946    7.8074109e+02   0.000000e+00   1.591966e-01   2075s
  125245    7.8074109e+02   0.000000e+00   1.216733e-01   2081s
  125544    7.8074109e+02   0.000000e+00   7.687210e-01   2086s
  125843    7.8074109e+02   0.000000e+00   5.440038e-02   2093s
  126142    7.8074109e+02   0.000000e+00   3.640890e-02   2100s
  126441    7.8074109e+02   0.000000e+00   3.064521e-03   2105s
  126740    7.8074109e+02   0.000000e+00   7.747937e-03   2111s
  126952    7.8074345e+02   1.462506e+03   0.000000e+00   2115s
  127251    7.8074346e+02   8.648875e+03   0.000000e+00   2122s
  127550    7.8074348e+02   6.936013e+03   0.000000e+00   2128s
  127849    7.8074350e+02   3.158923e+04   0.000000e+00   2134s
  128148    7.8074351e+02   7.385660e+04   0.000000e+00   2140s
  128447    7.8074354e+02   4.601299e+03   0.000000e+00   2146s
  128746    7.8074356e+02   1.817414e+03   0.000000e+00   2153s
  129045    7.8074357e+02   4.194041e+04   0.000000e+00   2159s
  129344    7.8074359e+02   2.599617e+04   0.000000e+00   2165s
  129643    7.8074361e+02   2.975974e+04   0.000000e+00   2172s
  129942    7.8074364e+02   1.329764e+04   0.000000e+00   2178s
  130241    7.8074366e+02   3.105051e+03   0.000000e+00   2184s
  130540    7.8074367e+02   7.212054e+03   0.000000e+00   2191s
  130839    7.8074368e+02   2.155951e+03   0.000000e+00   2197s
  131138    7.8074370e+02   5.502556e+03   0.000000e+00   2204s
  131437    7.8074372e+02   1.615677e+04   0.000000e+00   2210s
  131736    7.8074373e+02   2.551461e+03   0.000000e+00   2217s
  132035    7.8074375e+02   9.636756e+04   0.000000e+00   2223s
  132334    7.8074377e+02   4.409566e+04   0.000000e+00   2229s
  132633    7.8074378e+02   2.081485e+03   0.000000e+00   2236s
  132932    7.8074380e+02   7.219824e+03   0.000000e+00   2242s
  133231    7.8074382e+02   1.522390e+03   0.000000e+00   2249s
  133530    7.8074385e+02   1.200947e+04   0.000000e+00   2255s
  133829    7.8074387e+02   2.866287e+03   0.000000e+00   2262s
  134128    7.8074388e+02   3.262787e+03   0.000000e+00   2268s
  134427    7.8074391e+02   3.865743e+03   0.000000e+00   2275s
  134726    7.8074394e+02   1.069604e+04   0.000000e+00   2281s
  135025    7.8074396e+02   1.070935e+03   0.000000e+00   2288s
  135324    7.8074398e+02   3.276188e+04   0.000000e+00   2294s
  135623    7.8074400e+02   2.006875e+03   0.000000e+00   2301s
  135922    7.8074405e+02   2.861862e+03   0.000000e+00   2308s
  136221    7.8074409e+02   7.850636e+02   0.000000e+00   2314s
  136520    7.8074411e+02   1.049490e+03   0.000000e+00   2321s
  136819    7.8074414e+02   2.529029e+03   0.000000e+00   2328s
  137118    7.8074416e+02   4.836550e+04   0.000000e+00   2334s
  137417    7.8074419e+02   7.367248e+02   0.000000e+00   2341s
  137716    7.8074421e+02   8.347234e+02   0.000000e+00   2348s
  138015    7.8074423e+02   8.511876e+02   0.000000e+00   2354s
  138314    7.8074425e+02   5.728258e+02   0.000000e+00   2361s
  138613    7.8074426e+02   1.698482e+03   0.000000e+00   2367s
  138912    7.8074433e+02   1.426581e+03   0.000000e+00   2374s
  139211    7.8074437e+02   5.271444e+02   0.000000e+00   2381s
  139510    7.8074440e+02   5.724067e+02   0.000000e+00   2387s
  139809    7.8074442e+02   4.878051e+02   0.000000e+00   2394s
  140108    7.8074445e+02   4.421250e+02   0.000000e+00   2400s
  140407    7.8074447e+02   1.993518e+03   0.000000e+00   2407s
  140706    7.8074450e+02   1.910239e+03   0.000000e+00   2414s
  141005    7.8074452e+02   2.547416e+03   0.000000e+00   2420s
  141304    7.8074454e+02   5.884184e+02   0.000000e+00   2427s
  141603    7.8074456e+02   8.686463e+02   0.000000e+00   2433s
  141902    7.8074458e+02   7.920706e+03   0.000000e+00   2440s
  142201    7.8074459e+02   3.906063e+02   0.000000e+00   2447s
  142500    7.8074461e+02   8.030479e+02   0.000000e+00   2453s
  142799    7.8074462e+02   1.169670e+02   0.000000e+00   2460s
  143098    7.8074464e+02   2.445274e+02   0.000000e+00   2467s
  143397    7.8074465e+02   2.507251e+02   0.000000e+00   2473s
  143696    7.8074465e+02   1.911698e+02   0.000000e+00   2480s
  143995    7.8074467e+02   4.396207e+01   0.000000e+00   2486s
  144294    7.8074467e+02   3.028130e+02   0.000000e+00   2493s
  144593    7.8074468e+02   5.901368e+02   0.000000e+00   2500s
  144892    7.8074469e+02   6.311380e+02   0.000000e+00   2506s
  145191    7.8074470e+02   5.392412e+02   0.000000e+00   2513s
  145490    7.8074470e+02   2.014664e+02   0.000000e+00   2519s
  145789    7.8074471e+02   2.201744e+02   0.000000e+00   2526s
  146088    7.8074472e+02   2.896497e+02   0.000000e+00   2533s
  146387    7.8074472e+02   1.308998e+02   0.000000e+00   2539s
  146686    7.8074473e+02   2.068202e+01   0.000000e+00   2546s
  146985    7.8074473e+02   1.053846e+02   0.000000e+00   2553s
  147284    7.8074474e+02   2.249996e+02   0.000000e+00   2559s
  147583    7.8074474e+02   2.007970e+01   0.000000e+00   2566s
  147882    7.8074475e+02   5.063321e+01   0.000000e+00   2572s
  148181    7.8074475e+02   2.923762e+01   0.000000e+00   2579s
  148480    7.8074475e+02   1.813735e+01   0.000000e+00   2585s
  148779    7.8074476e+02   2.022644e+02   0.000000e+00   2592s
  149078    7.8074476e+02   2.370621e+01   0.000000e+00   2598s
  149377    7.8074476e+02   1.189673e+02   0.000000e+00   2605s
  149676    7.8074477e+02   1.227976e+01   0.000000e+00   2611s
  149975    7.8074477e+02   5.417729e+00   0.000000e+00   2618s
  150274    7.8074477e+02   9.938431e-01   0.000000e+00   2624s
  150573    7.8074477e+02   2.511663e+00   0.000000e+00   2631s
  150872    7.8074477e+02   4.174897e-01   0.000000e+00   2637s
  151171    7.8074477e+02   1.399124e-02   0.000000e+00   2644s
  151280    7.8074477e+02   0.000000e+00   0.000000e+00   2646s
  151579    7.8074411e+02   0.000000e+00   5.001509e+01   2652s
  151878    7.8074411e+02   0.000000e+00   9.842690e+01   2658s
  152177    7.8074411e+02   0.000000e+00   3.847829e+02   2662s
  152476    7.8074411e+02   0.000000e+00   5.240148e+01   2667s
  152775    7.8074410e+02   0.000000e+00   3.431236e+02   2672s
  153074    7.8074410e+02   0.000000e+00   7.491125e+02   2680s
  153373    7.8074409e+02   0.000000e+00   9.275272e+03   2689s
  153672    7.8074408e+02   0.000000e+00   5.951671e+02   2697s
  153971    7.8074408e+02   0.000000e+00   3.200602e+03   2705s
  154270    7.8074407e+02   0.000000e+00   4.657245e+02   2712s
  154569    7.8074407e+02   0.000000e+00   4.369431e+03   2720s
  154868    7.8074406e+02   0.000000e+00   3.667808e+02   2729s
  155167    7.8074405e+02   0.000000e+00   6.786630e+02   2736s
  155466    7.8074404e+02   0.000000e+00   3.162033e+02   2744s
  155765    7.8074402e+02   0.000000e+00   1.185826e+03   2750s
  156064    7.8074400e+02   0.000000e+00   2.159985e+03   2758s
  156363    7.8074399e+02   0.000000e+00   6.809961e+03   2765s
  156662    7.8074397e+02   0.000000e+00   4.712838e+02   2772s
  156961    7.8074395e+02   0.000000e+00   3.357346e+02   2780s
  157260    7.8074394e+02   0.000000e+00   1.029358e+03   2788s
  157559    7.8074394e+02   0.000000e+00   1.505938e+02   2796s
  157858    7.8074392e+02   0.000000e+00   5.212836e+02   2804s
  158157    7.8074391e+02   0.000000e+00   3.720456e+02   2813s
  158456    7.8074390e+02   0.000000e+00   3.657571e+03   2821s
  158755    7.8074389e+02   0.000000e+00   1.595285e+03   2829s
  159054    7.8074388e+02   0.000000e+00   2.525060e+02   2838s
  159353    7.8074387e+02   0.000000e+00   1.799331e+03   2845s
  159652    7.8074387e+02   0.000000e+00   3.450214e+02   2855s
  159951    7.8074387e+02   0.000000e+00   8.019850e+01   2865s
  160250    7.8074387e+02   0.000000e+00   1.060023e+02   2875s
  160549    7.8074386e+02   0.000000e+00   4.373858e+03   2884s
  160848    7.8074386e+02   0.000000e+00   1.255710e+03   2891s
  161147    7.8074385e+02   0.000000e+00   1.034195e+03   2899s
  161446    7.8074385e+02   0.000000e+00   1.800408e+02   2907s
  161745    7.8074384e+02   0.000000e+00   1.420645e+02   2916s
  162044    7.8074384e+02   0.000000e+00   4.021145e+02   2925s
  162343    7.8074384e+02   0.000000e+00   1.900649e+03   2933s
  162642    7.8074383e+02   0.000000e+00   2.065289e+02   2940s
  162941    7.8074383e+02   0.000000e+00   5.373846e+02   2948s
  163240    7.8074383e+02   0.000000e+00   1.289021e+03   2957s
  163539    7.8074383e+02   0.000000e+00   1.939843e+03   2967s
  163838    7.8074382e+02   0.000000e+00   6.360402e+02   2976s
  164137    7.8074382e+02   0.000000e+00   4.959836e+02   2986s
  164436    7.8074382e+02   0.000000e+00   7.634231e+01   2994s
  164735    7.8074382e+02   0.000000e+00   2.229603e+02   3004s
  165034    7.8074382e+02   0.000000e+00   3.511857e+01   3012s
  165333    7.8074382e+02   0.000000e+00   3.164739e+02   3020s
  165632    7.8074381e+02   0.000000e+00   2.623932e+02   3029s
  165931    7.8074381e+02   0.000000e+00   1.105966e+02   3037s
  166230    7.8074381e+02   0.000000e+00   4.787383e+02   3046s
  166529    7.8074381e+02   0.000000e+00   4.807671e+02   3054s
  166828    7.8074380e+02   0.000000e+00   1.028835e+02   3062s
  167127    7.8074380e+02   0.000000e+00   4.601589e+03   3070s
  167426    7.8074379e+02   0.000000e+00   4.990299e+04   3076s
  167725    7.8074378e+02   0.000000e+00   1.687394e+04   3082s
  168024    7.8074378e+02   0.000000e+00   6.296969e+02   3089s
  168323    7.8074378e+02   0.000000e+00   2.823074e+01   3096s
  168622    7.8074378e+02   0.000000e+00   9.905497e+02   3105s
  168921    7.8074377e+02   0.000000e+00   7.930964e+02   3113s
  169220    7.8074377e+02   0.000000e+00   2.103545e+02   3121s
  169519    7.8074377e+02   0.000000e+00   1.871170e+02   3128s
  169818    7.8074376e+02   0.000000e+00   2.227442e+02   3134s
  170117    7.8074376e+02   0.000000e+00   2.099102e+02   3142s
  170416    7.8074375e+02   0.000000e+00   3.930143e+02   3148s
  170715    7.8074374e+02   0.000000e+00   2.914295e+02   3155s
  171014    7.8074374e+02   0.000000e+00   2.416027e+02   3163s
  171313    7.8074374e+02   0.000000e+00   2.912074e+02   3170s
  171612    7.8074373e+02   0.000000e+00   5.269039e+01   3177s
  171911    7.8074372e+02   0.000000e+00   2.308320e+01   3184s
  172210    7.8074372e+02   0.000000e+00   1.218653e+02   3191s
  172509    7.8074371e+02   0.000000e+00   3.446293e+01   3198s
  172808    7.8074370e+02   0.000000e+00   5.591634e+01   3204s
  173107    7.8074369e+02   0.000000e+00   1.757512e+02   3211s
  173406    7.8074369e+02   0.000000e+00   1.427787e+02   3218s
  173705    7.8074368e+02   0.000000e+00   3.459230e+02   3225s
  174004    7.8074368e+02   0.000000e+00   1.194931e+03   3232s
  174303    7.8074367e+02   0.000000e+00   2.700388e+02   3240s
  174602    7.8074367e+02   0.000000e+00   2.243888e+02   3247s
  174901    7.8074366e+02   0.000000e+00   1.507920e+02   3255s
  175200    7.8074366e+02   0.000000e+00   8.834060e+02   3262s
  175499    7.8074365e+02   0.000000e+00   1.971068e+01   3269s
  175798    7.8074365e+02   0.000000e+00   5.343131e+02   3277s
  176097    7.8074364e+02   0.000000e+00   6.959060e+01   3284s
  176396    7.8074363e+02   0.000000e+00   2.421906e+02   3291s
  176695    7.8074363e+02   0.000000e+00   5.421209e+01   3300s
  176994    7.8074363e+02   0.000000e+00   5.610847e+01   3308s
  177293    7.8074363e+02   0.000000e+00   4.450053e+01   3317s
  177592    7.8074362e+02   0.000000e+00   6.064717e+02   3324s
  177891    7.8074362e+02   0.000000e+00   1.471898e+01   3332s
  178190    7.8074361e+02   0.000000e+00   5.230017e+01   3340s
  178489    7.8074361e+02   0.000000e+00   5.095192e+01   3348s
  178788    7.8074361e+02   0.000000e+00   1.210298e+02   3356s
  179087    7.8074360e+02   0.000000e+00   6.934612e+01   3364s
  179386    7.8074360e+02   0.000000e+00   2.623245e+01   3371s
  179685    7.8074360e+02   0.000000e+00   4.379061e+02   3381s
  179984    7.8074360e+02   0.000000e+00   2.986827e+01   3389s
  180283    7.8074360e+02   0.000000e+00   1.051932e+02   3397s
  180582    7.8074360e+02   0.000000e+00   6.720801e+01   3405s
  180881    7.8074359e+02   0.000000e+00   5.202326e+01   3413s
  181180    7.8074359e+02   0.000000e+00   8.903664e+01   3420s
  181479    7.8074359e+02   0.000000e+00   5.308589e+01   3427s
  181778    7.8074359e+02   0.000000e+00   1.912423e+01   3434s
  182077    7.8074359e+02   0.000000e+00   1.502753e+02   3441s
  182376    7.8074359e+02   0.000000e+00   6.021008e+01   3449s
  182675    7.8074358e+02   0.000000e+00   3.348010e+01   3456s
  182974    7.8074358e+02   0.000000e+00   1.646812e+01   3463s
  183273    7.8074358e+02   0.000000e+00   9.617536e+00   3469s
  183572    7.8074358e+02   0.000000e+00   1.144658e+01   3476s
  183871    7.8074358e+02   0.000000e+00   2.898758e+01   3483s
  184170    7.8074357e+02   0.000000e+00   3.056679e+01   3490s
  184469    7.8074357e+02   0.000000e+00   8.837648e+00   3497s
  184768    7.8074357e+02   0.000000e+00   1.240039e+02   3505s
  185067    7.8074357e+02   0.000000e+00   3.661469e+01   3511s
  185366    7.8074357e+02   0.000000e+00   5.279845e+01   3519s
  185665    7.8074356e+02   0.000000e+00   1.023582e+01   3526s
  185964    7.8074356e+02   0.000000e+00   2.085370e+01   3534s
  186263    7.8074356e+02   0.000000e+00   8.221455e+00   3540s
  186562    7.8074355e+02   0.000000e+00   1.562430e+02   3547s
  186861    7.8074355e+02   0.000000e+00   1.122717e+01   3554s
  187160    7.8074355e+02   0.000000e+00   1.197622e+01   3562s
  187459    7.8074354e+02   0.000000e+00   2.266416e+01   3569s
  187758    7.8074354e+02   0.000000e+00   5.604330e+00   3576s
  188057    7.8074354e+02   0.000000e+00   1.377006e+01   3585s
  188356    7.8074354e+02   0.000000e+00   1.442438e+01   3592s
  188655    7.8074354e+02   0.000000e+00   8.428076e+00   3600s
  188954    7.8074354e+02   0.000000e+00   8.805813e+01   3607s
  189253    7.8074353e+02   0.000000e+00   2.717788e+01   3615s
  189552    7.8074353e+02   0.000000e+00   1.466116e+02   3623s
  189851    7.8074353e+02   0.000000e+00   3.599599e+01   3630s
  190150    7.8074353e+02   0.000000e+00   2.811442e+01   3637s
  190449    7.8074352e+02   0.000000e+00   3.436800e+02   3643s
  190748    7.8074352e+02   0.000000e+00   1.903375e+01   3650s
  191047    7.8074352e+02   0.000000e+00   1.703569e+01   3658s
  191346    7.8074352e+02   0.000000e+00   4.773374e+02   3666s
  191645    7.8074352e+02   0.000000e+00   7.049403e+01   3673s
  191944    7.8074352e+02   0.000000e+00   1.703168e+01   3681s
  192243    7.8074351e+02   0.000000e+00   6.109188e+01   3689s
  192542    7.8074351e+02   0.000000e+00   2.352095e+01   3696s
  192841    7.8074351e+02   0.000000e+00   1.771819e+01   3704s
  193140    7.8074351e+02   0.000000e+00   3.298029e+01   3712s
  193439    7.8074351e+02   0.000000e+00   2.224396e+01   3721s
  193738    7.8074351e+02   0.000000e+00   1.774332e+01   3729s
  194037    7.8074351e+02   0.000000e+00   1.170565e+01   3738s
  194336    7.8074351e+02   0.000000e+00   2.951102e+01   3745s
  194635    7.8074351e+02   0.000000e+00   5.751701e+00   3753s
  194934    7.8074351e+02   0.000000e+00   1.561754e+01   3762s
  195233    7.8074351e+02   0.000000e+00   7.690282e+01   3770s
  195532    7.8074350e+02   0.000000e+00   7.024882e+00   3778s
  195831    7.8074350e+02   0.000000e+00   1.245479e+01   3786s
  196130    7.8074350e+02   0.000000e+00   3.848959e+00   3793s
  196429    7.8074350e+02   0.000000e+00   8.879265e+01   3800s
  196728    7.8074350e+02   0.000000e+00   2.989776e+01   3808s
  197027    7.8074350e+02   0.000000e+00   1.018263e+02   3816s
  197326    7.8074350e+02   0.000000e+00   1.022504e+01   3824s
  197625    7.8074350e+02   0.000000e+00   1.744475e+01   3832s
  197924    7.8074350e+02   0.000000e+00   2.719326e+00   3840s
  198223    7.8074350e+02   0.000000e+00   2.355064e+00   3848s
  198522    7.8074350e+02   0.000000e+00   1.165362e+01   3857s
  198821    7.8074350e+02   0.000000e+00   5.607998e+00   3866s
  199120    7.8074350e+02   0.000000e+00   4.729071e+02   3874s
  199419    7.8074349e+02   0.000000e+00   1.590486e+02   3882s
  199718    7.8074349e+02   0.000000e+00   1.896536e+01   3890s
  200017    7.8074349e+02   0.000000e+00   3.293987e+02   3897s
  200316    7.8074349e+02   0.000000e+00   1.034004e+01   3905s
  200615    7.8074349e+02   0.000000e+00   3.491572e+00   3914s
  200914    7.8074349e+02   0.000000e+00   1.231386e+00   3921s
  201213    7.8074349e+02   0.000000e+00   5.482270e+00   3928s
  201512    7.8074349e+02   0.000000e+00   1.521219e+00   3935s
  201811    7.8074349e+02   0.000000e+00   1.085538e+01   3944s
  202110    7.8074349e+02   0.000000e+00   1.926578e+01   3951s
  202409    7.8074349e+02   0.000000e+00   2.950946e+00   3959s
  202708    7.8074349e+02   0.000000e+00   1.777432e+00   3967s
  203007    7.8074349e+02   0.000000e+00   4.989373e+00   3974s
  203306    7.8074349e+02   0.000000e+00   1.438527e+01   3982s
  203605    7.8074349e+02   0.000000e+00   1.277560e+03   3989s
  203904    7.8074349e+02   0.000000e+00   3.211061e+02   3997s
  204203    7.8074349e+02   0.000000e+00   4.385033e+01   4006s
  204502    7.8074349e+02   0.000000e+00   5.763074e+00   4013s
  204801    7.8074349e+02   0.000000e+00   5.024887e+01   4020s
  205100    7.8074349e+02   0.000000e+00   1.073589e+01   4027s
  205399    7.8074349e+02   0.000000e+00   8.222248e+00   4036s
  205698    7.8074349e+02   0.000000e+00   1.609176e+01   4043s
  205997    7.8074349e+02   0.000000e+00   2.864089e+00   4051s
  206296    7.8074349e+02   0.000000e+00   8.403823e+00   4058s
  206595    7.8074349e+02   0.000000e+00   1.203821e+01   4065s
  206894    7.8074349e+02   0.000000e+00   3.671448e+00   4073s
  207193    7.8074349e+02   0.000000e+00   2.403076e+00   4081s
  207492    7.8074348e+02   0.000000e+00   4.160560e-01   4089s
  207791    7.8074348e+02   0.000000e+00   7.111599e-01   4097s
  208090    7.8074348e+02   0.000000e+00   8.752058e+00   4105s
  208389    7.8074348e+02   0.000000e+00   6.721725e+00   4113s
  208688    7.8074348e+02   0.000000e+00   3.440093e+00   4120s
  208987    7.8074348e+02   0.000000e+00   1.747421e+00   4128s
  209286    7.8074348e+02   0.000000e+00   1.309078e+00   4136s
  209585    7.8074348e+02   0.000000e+00   5.415772e-01   4144s
  209884    7.8074348e+02   0.000000e+00   3.756216e+00   4153s
  210183    7.8074348e+02   0.000000e+00   1.659465e-01   4162s
  210482    7.8074348e+02   0.000000e+00   1.730530e-01   4170s
  210781    7.8074348e+02   0.000000e+00   8.131479e-02   4177s
  211080    7.8074348e+02   0.000000e+00   1.409538e-01   4185s
  211379    7.8074348e+02   0.000000e+00   5.048650e+00   4192s
  211678    7.8074348e+02   0.000000e+00   1.309659e+00   4199s
  211977    7.8074348e+02   0.000000e+00   4.524184e-02   4207s
  212276    7.8074348e+02   0.000000e+00   5.822990e-01   4213s
  212575    7.8074348e+02   0.000000e+00   1.759702e-01   4219s
  212874    7.8074348e+02   0.000000e+00   8.443514e-02   4227s
  213173    7.8074348e+02   0.000000e+00   4.956071e-03   4234s
  213466    7.8074349e+02   7.881105e-01   0.000000e+00   4241s
  213765    7.8074349e+02   3.420087e+01   0.000000e+00   4247s
  214064    7.8074349e+02   1.849075e-01   0.000000e+00   4254s
  214447    7.8074349e+02   0.000000e+00   1.089263e-02   4262s
  214746    7.8074349e+02   0.000000e+00   1.338322e-01   4269s
  215045    7.8074349e+02   0.000000e+00   6.133399e-02   4276s
  215344    7.8074349e+02   0.000000e+00   2.030521e-02   4284s
  215643    7.8074349e+02   0.000000e+00   7.900943e-03   4291s
  215942    7.8074349e+02   0.000000e+00   2.091434e-04   4298s
  216044    7.8074349e+02   0.000000e+00   0.000000e+00   4301s
  216052    7.8074349e+02   0.000000e+00   0.000000e+00   4302s
  216052    7.8074349e+02   0.000000e+00   0.000000e+00   4302s
Concurrent spin time: 1000.36s (can be avoided by choosing Method=3)

Solved with barrier

Root relaxation: objective 7.807435e+02, 216052 iterations, 5275.72 seconds
Total elapsed time = 5351.40s
Total elapsed time = 5379.36s
Total elapsed time = 5405.40s
Total elapsed time = 5421.80s

    Nodes    |    Current Node    |     Objective Bounds      |     Work
 Expl Unexpl |  Obj  Depth IntInf | Incumbent    BestBd   Gap | It/Node Time

     0     0  780.74349    0 13092          -  780.74349      -     - 5438s
     0     0          -    0               -  780.74349      -     - 7200s

Cutting planes:
  Clique: 6

Explored 1 nodes (333024 simplex iterations) in 7200.03 seconds
Thread count was 4 (of 4 available processors)

Solution count 0

Time limit reached
Best objective -, best bound 7.810000000000e+02, gap -

Unable to retrieve attribute 'X'

