
Log started (V12.8.0.0) Wed Dec  4 23:09:06 2019

Warning, line 1251: Name 'y(0,0,0)' does not exist.
Warning, line 1252: Name 'y(0,0,1)' does not exist.
Warning, line 1253: Name 'y(0,0,2)' does not exist.
Warning, line 1254: Name 'y(0,0,3)' does not exist.
Warning, line 1255: Name 'y(0,0,4)' does not exist.
Warning, line 1256: Name 'y(0,0,5)' does not exist.
Warning, line 1293: Name 'y(1,1,0)' does not exist.
Warning, line 1294: Name 'y(1,1,1)' does not exist.
Warning, line 1295: Name 'y(1,1,2)' does not exist.
Warning, line 1296: Name 'y(1,1,3)' does not exist.
Warning, line 1297: Name 'y(1,1,4)' does not exist.
Warning, line 1298: Name 'y(1,1,5)' does not exist.
Warning, line 1335: Name 'y(2,2,0)' does not exist.
Warning, line 1336: Name 'y(2,2,1)' does not exist.
Warning, line 1337: Name 'y(2,2,2)' does not exist.
Warning, line 1338: Name 'y(2,2,3)' does not exist.
Warning, line 1339: Name 'y(2,2,4)' does not exist.
Warning, line 1340: Name 'y(2,2,5)' does not exist.
Warning, line 1377: Name 'y(3,3,0)' does not exist.
Warning, line 1378: Name 'y(3,3,1)' does not exist.
160 name warnings not printed.

Problem 'ft06_modelMCLin.lp' read.
Read time = 0.15 sec. (0.10 ticks)
Infeasibility row 'triangle2(0,1,0)':  0  = 1.
Presolve time = 0.00 sec. (0.28 ticks)

Root node processing (before b&c):
  Real time             =    0.04 sec. (0.39 ticks)
Parallel b&c, 4 threads:
  Real time             =    0.00 sec. (0.00 ticks)
  Sync time (average)   =    0.00 sec.
  Wait time (average)   =    0.00 sec.
                          ------------
Total (root+branch&cut) =    0.04 sec. (0.39 ticks)


MIP - Integer infeasible.
Current MIP best bound =  0.0000000000e+00 (gap is infinite)
Solution time =    0.09 sec.  Iterations = 0  Nodes = 0
Deterministic time = 0.39 ticks  (4.38 ticks/sec)

No conflict exists.
No conflict exists.

Log started (V12.8.0.0) Wed Dec  4 23:13:01 2019

Warning, line 1251: Name 'y(0,0,0)' does not exist.
Warning, line 1252: Name 'y(0,0,1)' does not exist.
Warning, line 1253: Name 'y(0,0,2)' does not exist.
Warning, line 1254: Name 'y(0,0,3)' does not exist.
Warning, line 1255: Name 'y(0,0,4)' does not exist.
Warning, line 1256: Name 'y(0,0,5)' does not exist.
Warning, line 1293: Name 'y(1,1,0)' does not exist.
Warning, line 1294: Name 'y(1,1,1)' does not exist.
Warning, line 1295: Name 'y(1,1,2)' does not exist.
Warning, line 1296: Name 'y(1,1,3)' does not exist.
Warning, line 1297: Name 'y(1,1,4)' does not exist.
Warning, line 1298: Name 'y(1,1,5)' does not exist.
Warning, line 1335: Name 'y(2,2,0)' does not exist.
Warning, line 1336: Name 'y(2,2,1)' does not exist.
Warning, line 1337: Name 'y(2,2,2)' does not exist.
Warning, line 1338: Name 'y(2,2,3)' does not exist.
Warning, line 1339: Name 'y(2,2,4)' does not exist.
Warning, line 1340: Name 'y(2,2,5)' does not exist.
Warning, line 1377: Name 'y(3,3,0)' does not exist.
Warning, line 1378: Name 'y(3,3,1)' does not exist.
160 name warnings not printed.

Problem 'ft06_modelMCLin.lp' read.
Read time = 0.02 sec. (0.10 ticks)
Row 'MCLinV(1,2,1)' infeasible, all entries at implied bounds.
Presolve time = 0.00 sec. (0.25 ticks)

Root node processing (before b&c):
  Real time             =    0.00 sec. (0.37 ticks)
Parallel b&c, 4 threads:
  Real time             =    0.00 sec. (0.00 ticks)
  Sync time (average)   =    0.00 sec.
  Wait time (average)   =    0.00 sec.
                          ------------
Total (root+branch&cut) =    0.00 sec. (0.37 ticks)


MIP - Integer infeasible.
Current MIP best bound =  0.0000000000e+00 (gap is infinite)
Solution time =    0.01 sec.  Iterations = 0  Nodes = 0
Deterministic time = 0.37 ticks  (56.48 ticks/sec)

No conflict exists.

Log started (V12.8.0.0) Mon Dec 16 13:09:11 2019


Problem 'teste.lp' read.
Read time = 0.15 sec. (0.02 ticks)
Tried aggregator 2 times.
MIP Presolve eliminated 47 rows and 4 columns.
MIP Presolve modified 54 coefficients.
Aggregator did 28 substitutions.
Reduced MIP has 72 rows, 32 columns, and 352 nonzeros.
Reduced MIP has 8 binaries, 24 generals, 0 SOSs, and 0 indicators.
Presolve time = 0.05 sec. (0.69 ticks)
Probing time = 0.00 sec. (0.02 ticks)
Tried aggregator 1 time.
Reduced MIP has 72 rows, 32 columns, and 352 nonzeros.
Reduced MIP has 8 binaries, 24 generals, 0 SOSs, and 0 indicators.
Presolve time = 0.00 sec. (0.20 ticks)
Probing time = 0.00 sec. (0.02 ticks)
MIP emphasis: balance optimality and feasibility.
MIP search method: dynamic search.
Parallel mode: deterministic, using up to 4 threads.
Root relaxation solution time = 0.06 sec. (0.19 ticks)

        Nodes                                         Cuts/
   Node  Left     Objective  IInf  Best Integer    Best Bound    ItCnt     Gap

      0     0    infeasible                                         35         

Root node processing (before b&c):
  Real time             =    0.27 sec. (1.63 ticks)
Parallel b&c, 4 threads:
  Real time             =    0.00 sec. (0.00 ticks)
  Sync time (average)   =    0.00 sec.
  Wait time (average)   =    0.00 sec.
                          ------------
Total (root+branch&cut) =    0.27 sec. (1.63 ticks)


MIP - Integer infeasible.
Current MIP best bound is infinite.
Solution time =    0.32 sec.  Iterations = 35  Nodes = 0
Deterministic time = 1.63 ticks  (5.05 ticks/sec)


Log started (V12.8.0.0) Thu Jan  2 16:30:36 2020


Problem 'node3.lp' read.
Read time = 0.13 sec. (0.01 ticks)
Bound infeasibility column 'x(0,0)'.
Presolve time = 0.02 sec. (0.06 ticks)
Presolve - Infeasible.
Solution time =    0.05 sec.
Deterministic time = 0.06 ticks  (1.28 ticks/sec)
No conflict exists.

Log started (V12.8.0.0) Sun Jun 21 13:41:26 2020


Problem 'la19_apple_3_4.lp' read.
Read time = 0.05 sec. (0.24 ticks)
Infeasible column 'C'.
Presolve time = 0.01 sec. (0.37 ticks)

Root node processing (before b&c):
  Real time             =    0.04 sec. (0.53 ticks)
Parallel b&c, 4 threads:
  Real time             =    0.00 sec. (0.00 ticks)
  Sync time (average)   =    0.00 sec.
  Wait time (average)   =    0.00 sec.
                          ------------
Total (root+branch&cut) =    0.04 sec. (0.53 ticks)


MIP - Integer infeasible.
Current MIP best bound =  0.0000000000e+00 (gap is infinite)
Solution time =    0.06 sec.  Iterations = 0  Nodes = 0
Deterministic time = 0.54 ticks  (8.73 ticks/sec)

No conflict exists.

Log started (V12.8.0.0) Sun Jun 21 15:24:42 2020


Problem 'teste.lp' read.
Read time = 0.02 sec. (0.26 ticks)
Infeasible column 'x(j0,m3)'.
Presolve time = 0.01 sec. (0.39 ticks)

Root node processing (before b&c):
  Real time             =    0.01 sec. (0.56 ticks)
Parallel b&c, 4 threads:
  Real time             =    0.00 sec. (0.00 ticks)
  Sync time (average)   =    0.00 sec.
  Wait time (average)   =    0.00 sec.
                          ------------
Total (root+branch&cut) =    0.01 sec. (0.56 ticks)


MIP - Integer infeasible.
Current MIP best bound =  0.0000000000e+00 (gap is infinite)
Solution time =    0.02 sec.  Iterations = 0  Nodes = 0
Deterministic time = 0.56 ticks  (29.87 ticks/sec)

No conflict exists.

Log started (V12.8.0.0) Mon Jul 27 15:02:48 2020


Problem 'teste11_split.lp' read.
Read time = 0.05 sec. (0.03 ticks)
Tried aggregator 1 time.
MIP Presolve eliminated 261 rows and 28 columns.
MIP Presolve modified 437 coefficients.
All rows and columns eliminated.
Presolve time = 0.03 sec. (0.23 ticks)

Root node processing (before b&c):
  Real time             =    0.07 sec. (0.28 ticks)
Parallel b&c, 4 threads:
  Real time             =    0.00 sec. (0.00 ticks)
  Sync time (average)   =    0.00 sec.
  Wait time (average)   =    0.00 sec.
                          ------------
Total (root+branch&cut) =    0.07 sec. (0.28 ticks)

Solution pool: 1 solution saved.

MIP - Integer optimal solution:  Objective =  2.2000000000e+01
Solution time =    0.09 sec.  Iterations = 0  Nodes = 0
Deterministic time = 0.28 ticks  (3.11 ticks/sec)


Log started (V12.8.0.0) Mon Jul 27 15:05:33 2020


Problem 'teste11_split.lp' read.
Read time = 0.01 sec. (0.03 ticks)
Tried aggregator 2 times.
MIP Presolve eliminated 47 rows and 0 columns.
MIP Presolve modified 346 coefficients.
Aggregator did 1 substitutions.
Reduced MIP has 213 rows, 27 columns, and 1152 nonzeros.
Reduced MIP has 17 binaries, 10 generals, 0 SOSs, and 0 indicators.
Presolve time = 0.01 sec. (2.13 ticks)
Found incumbent of value 43.000000 after 0.06 sec. (3.63 ticks)
Probing fixed 0 vars, tightened 1 bounds.
Probing changed sense of 2 constraints.
Probing time = 0.00 sec. (0.29 ticks)
Tried aggregator 2 times.
MIP Presolve eliminated 11 rows and 2 columns.
MIP Presolve modified 34 coefficients.
Aggregator did 1 substitutions.
Reduced MIP has 201 rows, 24 columns, and 1051 nonzeros.
Reduced MIP has 14 binaries, 10 generals, 0 SOSs, and 0 indicators.
Presolve time = 0.01 sec. (1.95 ticks)
Probing time = 0.00 sec. (0.19 ticks)
Tried aggregator 1 time.
Reduced MIP has 201 rows, 24 columns, and 1051 nonzeros.
Reduced MIP has 14 binaries, 10 generals, 0 SOSs, and 0 indicators.
Presolve time = 0.01 sec. (0.59 ticks)
Probing time = 0.00 sec. (0.20 ticks)
Clique table members: 23.
MIP emphasis: balance optimality and feasibility.
MIP search method: dynamic search.
Parallel mode: deterministic, using up to 4 threads.
Root relaxation solution time = 0.01 sec. (0.37 ticks)

        Nodes                                         Cuts/
   Node  Left     Objective  IInf  Best Integer    Best Bound    ItCnt     Gap

*     0+    0                           43.0000       20.0000            53.49%
      0     0       20.0000     9       43.0000       20.0000       18   53.49%
      0     0       20.0000     9       43.0000      Cuts: 50       45   53.49%
      0     0       21.4506     7       43.0000      Cuts: 11       52   50.11%
      0     0       21.5000     6       43.0000       Cuts: 4       57   50.00%
*     0+    0                           23.0000       21.5000             6.52%
      0     0        cutoff             23.0000       23.0000       57    0.00%
Elapsed time = 0.17 sec. (11.76 ticks, tree = 0.01 MB, solutions = 2)

Clique cuts applied:  2
Implied bound cuts applied:  5
Mixed integer rounding cuts applied:  3
Zero-half cuts applied:  1

Root node processing (before b&c):
  Real time             =    0.18 sec. (11.77 ticks)
Parallel b&c, 4 threads:
  Real time             =    0.00 sec. (0.00 ticks)
  Sync time (average)   =    0.00 sec.
  Wait time (average)   =    0.00 sec.
                          ------------
Total (root+branch&cut) =    0.18 sec. (11.77 ticks)

Solution pool: 2 solutions saved.

MIP - Integer optimal solution:  Objective =  2.3000000000e+01
Solution time =    0.19 sec.  Iterations = 57  Nodes = 0
Deterministic time = 11.77 ticks  (62.03 ticks/sec)


Log started (V12.8.0.0) Mon Jul 27 15:05:57 2020


Problem 'teste11_split.lp' read.
Read time = 0.01 sec. (0.03 ticks)
Row 'ord(1,2)' infeasible, all entries at implied bounds.
Presolve time = 0.00 sec. (0.13 ticks)

Root node processing (before b&c):
  Real time             =    0.00 sec. (0.17 ticks)
Parallel b&c, 4 threads:
  Real time             =    0.00 sec. (0.00 ticks)
  Sync time (average)   =    0.00 sec.
  Wait time (average)   =    0.00 sec.
                          ------------
Total (root+branch&cut) =    0.00 sec. (0.17 ticks)


MIP - Integer infeasible.
Current MIP best bound =  0.0000000000e+00 (gap is infinite)
Solution time =    0.02 sec.  Iterations = 0  Nodes = 0
Deterministic time = 0.17 ticks  (8.45 ticks/sec)

No conflict exists.
There are no MIP starts.
There are no filters.
There is no priority order.
There is no basis or continuous solution.
