Using Python-MIP package version 1.5.3
McCormic linearization
time	;node	;father	;remain	;LB	;bestLB	;bestUB	;status
8.3527	;1	;-	;0	;47.0000;47.0000;57.0000	;root
11.0604	;2	;1	;1	;47.0000;47.0000;57.0000;branch
13.2163	;3	;1	;1	;64.0000;47.0000;57.0000;cut
15.3943	;4	;1	;1	;76.0000;47.0000;57.0000;cut
17.9433	;5	;1	;2	;47.0000;47.0000;57.0000;branch
20.2356	;6	;1	;2	;74.0000;47.0000;57.0000;cut
22.9430	;7	;1	;3	;47.0000;47.0000;57.0000;branch
25.7127	;8	;1	;4	;47.0000;47.0000;57.0000;branch
27.8701	;9	;1	;5	;47.0250;47.0000;57.0000;branch
31.4434	;10	;1	;6	;47.0000;47.0000;57.0000;branch
33.9764	;11	;1	;6	;74.0000;47.0000;57.0000;cut
36.8920	;12	;1	;7	;47.0000;47.0000;57.0000;branch
39.3252	;13	;1	;7	;69.0000;47.0000;57.0000;cut
42.2544	;14	;1	;8	;47.0000;47.0000;57.0000;branch
44.6047	;15	;1	;9	;51.0000;47.0000;57.0000;branch
46.9130	;16	;1	;10	;47.0000;47.0000;57.0000;branch
49.4503	;17	;1	;11	;56.0000;47.0000;57.0000;branch
52.3054	;18	;1	;12	;47.0000;47.0000;57.0000;branch
55.1541	;19	;1	;13	;52.0000;47.0000;57.0000;branch
57.8881	;20	;1	;14	;47.0000;47.0000;57.0000;branch
60.2641	;21	;1	;15	;55.0000;47.0000;57.0000;branch
62.8302	;22	;1	;16	;47.0000;47.0000;57.0000;branch
65.4985	;23	;1	;17	;47.0000;47.0000;57.0000;branch
67.6967	;24	;1	;17	;73.0000;47.0000;57.0000;cut
70.2660	;25	;1	;18	;47.0000;47.0000;57.0000;branch
72.6585	;26	;1	;19	;47.0000;47.0000;57.0000;branch
74.8405	;27	;1	;19	;68.0000;47.0000;57.0000;cut
77.2338	;28	;1	;19	;57.0000;47.0000;57.0000;cut
79.9102	;29	;1	;20	;47.0000;47.0000;57.0000;branch
82.4373	;30	;1	;20	;62.0000;47.0000;57.0000;cut
85.0696	;31	;1	;21	;47.0000;47.0000;57.0000;branch
87.7898	;32	;1	;22	;47.0000;47.0000;57.0000;branch
90.4495	;33	;1	;22	;68.0000;47.0000;57.0000;cut
93.1769	;34	;1	;23	;47.0000;47.0000;57.0000;branch
95.7178	;35	;1	;24	;47.0000;47.0000;57.0000;branch
98.2295	;36	;1	;24	;57.0000;47.0000;57.0000;cut
100.8244	;37	;1	;25	;47.0000;47.0000;57.0000;branch
103.9742	;38	;1	;26	;47.0000;47.0000;57.0000;branch
106.7522	;39	;1	;27	;50.0000;47.0000;57.0000;branch
109.1985	;40	;1	;28	;47.0000;47.0000;57.0000;branch
111.3450	;41	;1	;29	;54.0000;47.0000;57.0000;branch
113.4904	;42	;1	;30	;52.0000;47.0000;57.0000;branch
116.0773	;43	;1	;31	;47.0000;47.0000;57.0000;branch
118.7550	;44	;1	;31	;60.0000;47.0000;57.0000;cut
121.2950	;45	;1	;32	;47.0000;47.0000;57.0000;branch
123.9234	;46	;1	;33	;47.0000;47.0000;57.0000;branch
125.8423	;47	;1	;33	;60.0000;47.0000;57.0000;cut
128.5195	;48	;1	;34	;47.0000;47.0000;57.0000;branch
130.9176	;49	;1	;35	;47.0000;47.0000;57.0000;branch
133.6310	;50	;1	;36	;47.0000;47.0000;57.0000;branch
135.9831	;51	;1	;37	;54.0000;47.0000;57.0000;branch
138.4102	;52	;1	;38	;47.0000;47.0000;57.0000;branch
140.4419	;53	;1	;39	;49.0000;47.0000;57.0000;branch
143.2392	;54	;1	;40	;47.0000;47.0000;57.0000;branch
145.4363	;55	;1	;41	;55.0000;47.0000;57.0000;branch
148.1584	;56	;1	;42	;47.0000;47.0000;57.0000;branch
150.4073	;57	;1	;42	;63.0000;47.0000;57.0000;cut
153.3768	;58	;1	;43	;47.0000;47.0000;57.0000;branch
155.9863	;59	;1	;44	;47.0000;47.0000;57.0000;branch
158.7639	;60	;1	;45	;47.0000;47.0000;57.0000;branch
161.6686	;61	;1	;46	;47.0000;47.0000;57.0000;branch
164.4783	;62	;1	;47	;47.0000;47.0000;57.0000;branch
166.6440	;63	;1	;48	;48.0000;47.0000;57.0000;branch
169.1415	;64	;1	;48	;67.0000;47.0000;57.0000;cut
171.7311	;65	;1	;49	;47.0000;47.0000;57.0000;branch
174.4208	;66	;1	;50	;47.0000;47.0000;57.0000;branch
176.8226	;67	;1	;50	;63.0000;47.0000;57.0000;cut
179.3084	;68	;1	;51	;47.0000;47.0000;57.0000;branch
181.4280	;69	;1	;52	;50.0000;47.0000;57.0000;branch
184.3723	;70	;1	;53	;47.0000;47.0000;57.0000;branch
186.5723	;71	;1	;54	;55.0000;47.0000;57.0000;branch
189.4767	;72	;1	;55	;47.0000;47.0000;57.0000;branch
191.8343	;73	;1	;56	;51.0000;47.0000;57.0000;branch
194.0691	;74	;1	;57	;56.0000;47.0000;57.0000;branch
196.7242	;75	;1	;58	;47.0000;47.0000;57.0000;branch
199.6905	;76	;1	;59	;47.0000;47.0000;57.0000;branch
202.4129	;77	;1	;60	;47.0000;47.0000;57.0000;branch
205.6662	;78	;1	;61	;47.0000;47.0000;57.0000;branch
208.1660	;79	;1	;62	;47.0000;47.0000;57.0000;branch
211.0850	;80	;1	;63	;47.0000;47.0000;57.0000;branch
213.5685	;81	;1	;64	;49.5263;47.0000;57.0000;branch
215.9414	;82	;1	;65	;47.0000;47.0000;57.0000;branch
218.0922	;83	;1	;65	;59.2778;47.0000;57.0000;cut
220.6690	;84	;1	;66	;47.0000;47.0000;57.0000;branch
223.0635	;85	;1	;66	;60.0000;47.0000;57.0000;cut
226.0213	;86	;1	;67	;47.0000;47.0000;57.0000;branch
228.4772	;87	;1	;68	;49.0000;47.0000;57.0000;branch
231.1290	;88	;1	;69	;47.0000;47.0000;57.0000;branch
233.6235	;89	;1	;70	;47.0000;47.0000;57.0000;branch
236.4007	;90	;1	;71	;48.0000;47.0000;57.0000;branch
239.0249	;91	;1	;72	;47.0000;47.0000;57.0000;branch
241.7037	;92	;1	;72	;57.0000;47.0000;57.0000;cut
244.2366	;93	;1	;73	;47.0000;47.0000;57.0000;branch
246.9142	;94	;1	;74	;47.0000;47.0000;57.0000;branch
248.7691	;95	;1	;75	;47.0250;47.0000;57.0000;branch
251.7288	;96	;1	;75	;60.0000;47.0000;57.0000;cut
254.5695	;97	;1	;76	;47.0000;47.0000;57.0000;branch
257.0406	;98	;1	;77	;47.0000;47.0000;57.0000;branch
259.3602	;99	;1	;78	;47.0000;47.0000;57.0000;branch
262.0245	;100	;1	;79	;47.0000;47.0000;57.0000;branch
264.7380	;101	;1	;80	;47.0000;47.0000;57.0000;branch
267.3689	;102	;1	;81	;47.0000;47.0000;57.0000;branch
269.6493	;103	;1	;81	;59.0000;47.0000;57.0000;cut
271.9698	;104	;1	;81	;58.0000;47.0000;57.0000;cut
274.7230	;105	;1	;82	;47.0000;47.0000;57.0000;branch
277.3044	;106	;1	;82	;58.0000;47.0000;57.0000;cut
280.0023	;107	;1	;83	;47.0000;47.0000;57.0000;branch
282.1060	;108	;1	;84	;47.0400;47.0000;57.0000;branch
284.7017	;109	;1	;85	;47.0000;47.0000;57.0000;branch
287.1575	;110	;1	;86	;47.0000;47.0000;57.0000;branch
289.7444	;111	;1	;87	;47.0000;47.0000;57.0000;branch
292.9694	;112	;1	;88	;47.0000;47.0000;57.0000;branch
295.5961	;113	;1	;89	;47.0000;47.0000;57.0000;branch
298.9929	;114	;1	;90	;47.0000;47.0000;57.0000;branch
301.6131	;115	;1	;91	;47.0000;47.0000;57.0000;branch
304.2946	;116	;1	;92	;47.0000;47.0000;57.0000;branch
306.5848	;117	;1	;93	;50.8462;47.0000;57.0000;branch
309.2765	;118	;1	;94	;47.0000;47.0000;57.0000;branch
311.3039	;119	;1	;95	;47.1500;47.0000;57.0000;branch
314.0050	;120	;1	;96	;47.0000;47.0000;57.0000;branch
316.7230	;121	;1	;97	;47.0000;47.0000;57.0000;branch
319.8247	;122	;1	;98	;47.0000;47.0000;57.0000;branch
322.8296	;123	;1	;99	;47.0000;47.0000;57.0000;branch
325.3464	;124	;1	;100	;47.0000;47.0000;57.0000;branch
327.8959	;125	;1	;101	;47.0000;47.0000;57.0000;branch
330.4495	;126	;1	;102	;47.0750;47.0000;57.0000;branch
333.2707	;127	;1	;103	;47.0000;47.0000;57.0000;branch
335.4269	;128	;1	;104	;47.0400;47.0000;57.0000;branch
338.3367	;129	;1	;105	;47.0000;47.0000;57.0000;branch
341.1533	;130	;1	;106	;47.0000;47.0000;57.0000;branch
343.3354	;131	;1	;107	;47.0000;47.0000;57.0000;branch
345.6047	;132	;1	;108	;49.3077;47.0000;57.0000;branch
348.2173	;133	;1	;109	;47.0000;47.0000;57.0000;branch
350.6621	;134	;1	;110	;47.0000;47.0000;57.0000;branch
352.9518	;135	;1	;111	;50.0769;47.0000;57.0000;branch
355.4137	;136	;1	;112	;47.0000;47.0000;57.0000;branch
357.5696	;137	;1	;113	;47.7692;47.0000;57.0000;branch
359.8493	;138	;1	;114	;47.0000;47.0000;57.0000;branch
362.4555	;139	;1	;115	;47.0000;47.0000;57.0000;branch
365.5087	;140	;1	;116	;47.0000;47.0000;57.0000;branch
368.1161	;141	;1	;117	;47.0000;47.0000;57.0000;branch
371.4624	;142	;1	;118	;47.0000;47.0000;57.0000;branch
374.2412	;143	;1	;119	;47.0000;47.0000;57.0000;branch
376.9544	;144	;1	;120	;47.0000;47.0000;57.0000;branch
379.3605	;145	;1	;121	;47.0000;47.0000;57.0000;branch
381.8451	;146	;1	;122	;47.0000;47.0000;57.0000;branch
384.4198	;147	;1	;123	;47.0000;47.0000;57.0000;branch
387.0843	;148	;1	;124	;47.0000;47.0000;57.0000;branch
389.2012	;149	;1	;125	;54.0000;47.0000;57.0000;branch
392.4386	;150	;1	;126	;47.0000;47.0000;57.0000;branch
395.0642	;151	;1	;127	;47.0000;47.0000;57.0000;branch
397.7689	;152	;1	;128	;47.0000;47.0000;57.0000;branch
400.4234	;153	;1	;129	;47.0000;47.0000;57.0000;branch
403.5607	;154	;1	;130	;47.0000;47.0000;57.0000;branch
406.2570	;155	;1	;131	;47.0000;47.0000;57.0000;branch
408.3245	;156	;131	;131	;47.7671;47.0000;57.0000;branch
410.8077	;157	;131	;131	;77.0000;47.0000;57.0000;cut
412.8877	;158	;131	;132	;47.7671;47.0000;57.0000;branch
414.9250	;159	;131	;132	;64.0000;47.0000;57.0000;cut
417.0607	;160	;131	;132	;76.0000;47.0000;57.0000;cut
419.1191	;161	;131	;133	;47.7671;47.0000;57.0000;branch
421.2231	;162	;131	;133	;74.0000;47.0000;57.0000;cut
423.0678	;163	;131	;134	;47.7671;47.0000;57.0000;branch
424.9188	;164	;131	;135	;47.7671;47.0000;57.0000;branch
427.3074	;165	;131	;135	;74.0000;47.0000;57.0000;cut
429.4902	;166	;131	;136	;47.7671;47.0000;57.0000;branch
431.8995	;167	;131	;136	;69.0000;47.0000;57.0000;cut
433.9875	;168	;131	;137	;47.7671;47.0000;57.0000;branch
435.8726	;169	;131	;138	;56.1538;47.0000;57.0000;branch
437.6635	;170	;131	;139	;47.7671;47.0000;57.0000;branch
439.8868	;171	;131	;140	;47.7671;47.0000;57.0000;branch
442.0213	;172	;131	;141	;47.7671;47.0000;57.0000;branch
444.0360	;173	;131	;141	;74.0000;47.0000;57.0000;cut
446.0697	;174	;131	;142	;51.0000;47.0000;57.0000;branch
448.1352	;175	;131	;143	;47.7671;47.0000;57.0000;branch
449.9622	;176	;131	;144	;47.7671;47.0000;57.0000;branch
451.8496	;177	;131	;145	;47.7671;47.0000;57.0000;branch
453.9052	;178	;131	;145	;57.0000;47.0000;57.0000;cut
455.8614	;179	;131	;146	;47.8421;47.0000;57.0000;branch
457.8661	;180	;131	;147	;47.7671;47.0000;57.0000;branch
459.8411	;181	;131	;147	;72.0000;47.0000;57.0000;cut
461.7108	;182	;131	;148	;47.7671;47.0000;57.0000;branch
464.6259	;183	;131	;148	;68.0000;47.0000;57.0000;cut
466.8286	;184	;131	;148	;57.0000;47.0000;57.0000;cut
468.7983	;185	;131	;149	;47.7671;47.0000;57.0000;branch
470.7106	;186	;131	;150	;47.7671;47.0000;57.0000;branch
472.8653	;187	;131	;151	;50.0000;47.0000;57.0000;branch
474.9510	;188	;131	;151	;73.0000;47.0000;57.0000;cut
476.9191	;189	;131	;152	;47.7671;47.0000;57.0000;branch
478.7076	;190	;131	;153	;47.7671;47.0000;57.0000;branch
480.7822	;191	;131	;154	;51.0000;47.0000;57.0000;branch
483.5115	;192	;131	;154	;65.0000;47.0000;57.0000;cut
485.4623	;193	;131	;155	;47.7671;47.0000;57.0000;branch
485.6151	;194	;131	;155	;47.0000;47.0000;57.0000;infeasible
487.5776	;195	;131	;156	;47.7671;47.0000;57.0000;branch
489.3480	;196	;131	;157	;47.7671;47.0000;57.0000;branch
491.2407	;197	;131	;158	;48.9474;47.0000;57.0000;branch
493.2969	;198	;131	;158	;62.0000;47.0000;57.0000;cut
495.2978	;199	;131	;159	;47.7671;47.0000;57.0000;branch
497.1148	;200	;131	;160	;47.7671;47.0000;57.0000;branch
499.4482	;201	;131	;161	;54.0000;47.0000;57.0000;branch
501.4578	;202	;131	;162	;47.7671;47.0000;57.0000;branch
503.9663	;203	;131	;162	;63.0000;47.0000;57.0000;cut
506.1137	;204	;131	;163	;52.0000;47.0000;57.0000;branch
508.1366	;205	;131	;164	;47.7671;47.0000;57.0000;branch
510.3552	;206	;131	;165	;47.7671;47.0000;57.0000;branch
512.3075	;207	;131	;166	;55.0000;47.0000;57.0000;branch
514.3743	;208	;131	;167	;47.7671;47.0000;57.0000;branch
517.1060	;209	;131	;167	;72.0000;47.0000;57.0000;cut
519.3027	;210	;131	;168	;56.0000;47.0000;57.0000;branch
521.3481	;211	;131	;169	;47.7671;47.0000;57.0000;branch
523.4234	;212	;131	;170	;47.7671;47.0000;57.0000;branch
526.0988	;213	;131	;170	;71.0000;47.0000;57.0000;cut
528.1364	;214	;131	;171	;47.7671;47.0000;57.0000;branch
530.0521	;215	;131	;171	;67.8462;47.0000;57.0000;cut
532.1657	;216	;131	;172	;47.7671;47.0000;57.0000;branch
534.3288	;217	;131	;172	;61.0000;47.0000;57.0000;cut
536.4063	;218	;131	;173	;47.7671;47.0000;57.0000;branch
538.4319	;219	;131	;174	;56.0000;47.0000;57.0000;branch
540.4799	;220	;131	;175	;47.8000;47.0000;57.0000;branch
542.1657	;221	;131	;176	;48.0191;47.0000;57.0000;branch
544.2470	;222	;131	;177	;47.7671;47.0000;57.0000;branch
546.3141	;223	;131	;178	;50.0000;47.0000;57.0000;branch
548.4949	;224	;131	;179	;47.7671;47.0000;57.0000;branch
550.6014	;225	;131	;180	;52.0000;47.0000;57.0000;branch
552.6309	;226	;131	;181	;47.7671;47.0000;57.0000;branch
554.8154	;227	;131	;182	;49.0000;47.0000;57.0000;branch
556.6030	;228	;131	;183	;48.0959;47.0000;57.0000;branch
558.5796	;229	;131	;184	;47.7671;47.0000;57.0000;branch
560.6373	;230	;131	;185	;47.7671;47.0000;57.0000;branch
562.5234	;231	;131	;186	;55.0000;47.0000;57.0000;branch
564.6292	;232	;131	;187	;47.7671;47.0000;57.0000;branch
566.5723	;233	;131	;188	;54.5385;47.0000;57.0000;branch
568.6746	;234	;131	;188	;67.0000;47.0000;57.0000;cut
570.6462	;235	;131	;189	;47.7671;47.0000;57.0000;branch
573.0482	;236	;131	;189	;57.0000;47.0000;57.0000;cut
575.0915	;237	;131	;190	;47.7671;47.0000;57.0000;branch
577.1536	;238	;131	;191	;47.7671;47.0000;57.0000;branch
579.3447	;239	;131	;191	;59.0000;47.0000;57.0000;cut
581.2951	;240	;131	;192	;47.7671;47.0000;57.0000;branch
583.3128	;241	;131	;193	;51.4737;47.0000;57.0000;branch
585.4603	;242	;131	;194	;47.7671;47.0000;57.0000;branch
588.2433	;243	;131	;194	;66.0000;47.0000;57.0000;cut
590.5058	;244	;131	;194	;60.0000;47.0000;57.0000;cut
592.3080	;245	;131	;195	;49.2055;47.0000;57.0000;branch
594.3627	;246	;131	;195	;58.0000;47.0000;57.0000;cut
596.6673	;247	;131	;196	;49.4452;47.0000;57.0000;branch
598.7066	;248	;131	;196	;58.0000;47.0000;57.0000;cut
600.5706	;249	;131	;197	;47.8421;47.0000;57.0000;branch
Best UB: 57 ; Total nodes: 249 ; Visited nodes: 52 ; Remaining nodes: 197 ; Integer solutions found: []
Time:  600.5757474899292
