Using Python-MIP package version 1.5.3
McCormic linearization
time	;node	;father	;remain	;LB	;bestUB	;status
8.2573	;1	;-	;0	;47.0000;57	;root
11.0402	;2	;1	;1	;47.0000;57.0000;branch
13.0639	;3	;1	;2	;47.0250;57.0000;branch
15.7993	;4	;1	;3	;47.0000;57.0000;branch
18.5874	;5	;1	;4	;52.0000;57.0000;branch
21.1338	;6	;1	;5	;47.0000;57.0000;branch
23.7704	;7	;1	;6	;47.0000;57.0000;branch
26.5097	;8	;1	;7	;47.0000;57.0000;branch
28.7670	;9	;1	;8	;51.0000;57.0000;branch
32.1068	;10	;1	;9	;47.0000;57.0000;branch
34.7923	;11	;1	;10	;50.0000;57.0000;branch
37.3990	;12	;1	;11	;47.0000;57.0000;branch
39.9090	;13	;1	;12	;47.0000;57.0000;branch
42.5505	;14	;1	;13	;47.0000;57.0000;branch
44.9095	;15	;1	;14	;47.0000;57.0000;branch
47.8499	;16	;1	;15	;47.0000;57.0000;branch
50.4355	;17	;1	;16	;47.0000;57.0000;branch
53.1672	;18	;1	;17	;47.0000;57.0000;branch
56.1156	;19	;1	;18	;47.0000;57.0000;branch
58.4703	;20	;1	;18	;57.0000;57.0000;cut
61.1101	;21	;1	;19	;47.0000;57.0000;branch
64.2837	;22	;1	;20	;47.0000;57.0000;branch
66.7496	;23	;1	;21	;47.0000;57.0000;branch
69.7583	;24	;1	;22	;47.0000;57.0000;branch
72.4510	;25	;1	;23	;47.0000;57.0000;branch
75.2048	;26	;1	;24	;47.0000;57.0000;branch
77.3304	;27	;1	;25	;48.0000;57.0000;branch
80.0874	;28	;1	;26	;48.0000;57.0000;branch
82.6802	;29	;1	;27	;47.0000;57.0000;branch
85.8764	;30	;1	;28	;47.0000;57.0000;branch
88.4491	;31	;1	;29	;47.0000;57.0000;branch
90.9427	;32	;1	;30	;47.0000;57.0000;branch
93.2551	;33	;1	;31	;47.0000;57.0000;branch
95.7114	;34	;1	;32	;47.0000;57.0000;branch
98.0795	;35	;1	;33	;47.0000;57.0000;branch
100.9555	;36	;1	;34	;47.0000;57.0000;branch
103.4092	;37	;1	;35	;49.5263;57.0000;branch
105.9801	;38	;1	;36	;47.0000;57.0000;branch
108.4654	;39	;1	;37	;47.0000;57.0000;branch
111.5326	;40	;1	;38	;47.0000;57.0000;branch
114.3789	;41	;1	;39	;47.0000;57.0000;branch
116.8370	;42	;1	;40	;47.0000;57.0000;branch
119.4181	;43	;1	;41	;47.0000;57.0000;branch
122.5008	;44	;1	;42	;47.0000;57.0000;branch
125.0728	;45	;1	;43	;47.0000;57.0000;branch
127.7131	;46	;1	;44	;47.0000;57.0000;branch
130.1169	;47	;1	;45	;47.0000;57.0000;branch
132.6662	;48	;1	;45	;58.0000;57.0000;cut
135.3234	;49	;1	;46	;47.0000;57.0000;branch
137.6959	;50	;1	;47	;47.0000;57.0000;branch
139.8623	;51	;1	;47	;68.0000;57.0000;cut
142.9628	;52	;1	;48	;47.0000;57.0000;branch
145.2576	;53	;1	;48	;74.0000;57.0000;cut
147.6625	;54	;1	;49	;47.0000;57.0000;branch
149.6797	;55	;1	;50	;49.0000;57.0000;branch
152.0151	;56	;1	;50	;74.0000;57.0000;cut
154.7249	;57	;1	;51	;47.0000;57.0000;branch
157.6000	;58	;1	;52	;47.0000;57.0000;branch
159.9531	;59	;1	;53	;51.0000;57.0000;branch
162.6185	;60	;1	;54	;47.0000;57.0000;branch
165.2316	;61	;1	;54	;68.0000;57.0000;cut
167.6975	;62	;1	;54	;57.0000;57.0000;cut
170.2459	;63	;1	;55	;47.0000;57.0000;branch
172.4482	;64	;1	;56	;47.0000;57.0000;branch
174.8469	;65	;1	;57	;56.0000;57.0000;branch
176.9826	;66	;1	;58	;52.0000;57.0000;branch
179.5634	;67	;1	;59	;47.0000;57.0000;branch
182.0445	;68	;1	;60	;47.0000;57.0000;branch
184.1968	;69	;1	;61	;47.7692;57.0000;branch
186.7981	;70	;1	;62	;47.0000;57.0000;branch
188.7103	;71	;1	;62	;60.0000;57.0000;cut
191.2702	;72	;1	;63	;47.0000;57.0000;branch
193.6628	;73	;1	;63	;60.0000;57.0000;cut
195.8990	;74	;1	;63	;58.0000;57.0000;cut
198.6218	;75	;1	;64	;47.0000;57.0000;branch
200.9835	;76	;1	;65	;47.0000;57.0000;branch
203.1295	;77	;1	;65	;59.2778;57.0000;cut
205.7617	;78	;1	;66	;47.0000;57.0000;branch
208.0328	;79	;1	;66	;59.0000;57.0000;cut
210.4732	;80	;1	;67	;47.0000;57.0000;branch
212.5655	;81	;1	;68	;50.0000;57.0000;branch
214.8455	;82	;1	;68	;76.0000;57.0000;cut
217.4420	;83	;1	;69	;47.0000;57.0000;branch
219.9293	;84	;1	;70	;47.0000;57.0000;branch
222.0975	;85	;1	;71	;54.0000;57.0000;branch
224.8542	;86	;1	;72	;47.0000;57.0000;branch
227.1555	;87	;1	;72	;69.0000;57.0000;cut
229.8475	;88	;1	;73	;47.0000;57.0000;branch
232.2257	;89	;1	;73	;63.0000;57.0000;cut
234.4112	;90	;1	;74	;49.3077;57.0000;branch
236.9777	;91	;1	;75	;47.0000;57.0000;branch
239.6238	;92	;1	;76	;47.0000;57.0000;branch
241.7475	;93	;1	;77	;54.0000;57.0000;branch
244.4283	;94	;1	;78	;47.0000;57.0000;branch
246.5744	;95	;1	;78	;64.0000;57.0000;cut
249.2705	;96	;1	;79	;47.0000;57.0000;branch
251.6081	;97	;1	;80	;54.0000;57.0000;branch
254.3950	;98	;1	;80	;60.0000;57.0000;cut
256.9702	;99	;1	;81	;47.0000;57.0000;branch
259.9637	;100	;1	;81	;60.0000;57.0000;cut
262.8053	;101	;1	;82	;47.0000;57.0000;branch
265.3492	;102	;1	;82	;62.0000;57.0000;cut
267.9949	;103	;1	;83	;47.0000;57.0000;branch
270.9482	;104	;1	;84	;47.0000;57.0000;branch
273.3986	;105	;1	;85	;49.0000;57.0000;branch
276.0679	;106	;1	;86	;47.0000;57.0000;branch
278.2714	;107	;1	;86	;63.0000;57.0000;cut
280.9434	;108	;1	;87	;47.0000;57.0000;branch
283.2143	;109	;1	;88	;50.8462;57.0000;branch
285.4671	;110	;1	;89	;47.0000;57.0000;branch
287.9960	;111	;1	;90	;47.0000;57.0000;branch
290.6533	;112	;1	;91	;47.0000;57.0000;branch
292.9944	;113	;1	;92	;55.0000;57.0000;branch
295.6790	;114	;1	;93	;47.0000;57.0000;branch
297.7017	;115	;1	;94	;47.1500;57.0000;branch
300.1102	;116	;1	;95	;47.0000;57.0000;branch
302.4810	;117	;1	;96	;50.0769;57.0000;branch
305.1911	;118	;1	;97	;47.0000;57.0000;branch
307.9398	;119	;1	;98	;47.0000;57.0000;branch
310.3910	;120	;1	;98	;67.0000;57.0000;cut
312.9691	;121	;1	;99	;47.0000;57.0000;branch
315.6467	;122	;1	;100	;47.0000;57.0000;branch
317.8005	;123	;1	;101	;47.0000;57.0000;branch
321.1844	;124	;1	;102	;47.0000;57.0000;branch
323.7779	;125	;1	;103	;47.0000;57.0000;branch
326.4739	;126	;1	;104	;47.0000;57.0000;branch
328.3453	;127	;1	;105	;47.0250;57.0000;branch
330.5660	;128	;1	;105	;73.0000;57.0000;cut
333.1241	;129	;1	;106	;47.0000;57.0000;branch
336.4571	;130	;1	;107	;47.0000;57.0000;branch
339.1736	;131	;1	;108	;47.0000;57.0000;branch
342.2241	;132	;1	;109	;47.0000;57.0000;branch
344.8316	;133	;1	;110	;47.0000;57.0000;branch
347.4761	;134	;1	;110	;57.0000;57.0000;cut
349.9970	;135	;1	;111	;47.0000;57.0000;branch
352.9333	;136	;1	;112	;47.0000;57.0000;branch
355.1406	;137	;1	;113	;55.0000;57.0000;branch
357.9673	;138	;1	;114	;47.0000;57.0000;branch
360.1838	;139	;1	;115	;55.0000;57.0000;branch
362.6776	;140	;1	;116	;47.0000;57.0000;branch
365.2570	;141	;1	;117	;47.0000;57.0000;branch
367.3627	;142	;1	;118	;47.0400;57.0000;branch
369.9311	;143	;1	;119	;47.0000;57.0000;branch
372.5403	;144	;1	;120	;47.0000;57.0000;branch
375.1718	;145	;1	;121	;47.0000;57.0000;branch
377.3768	;146	;1	;122	;56.0000;57.0000;branch
379.9503	;147	;1	;123	;47.0000;57.0000;branch
382.6324	;148	;1	;124	;47.0000;57.0000;branch
385.3097	;149	;1	;125	;47.0000;57.0000;branch
387.7712	;150	;1	;126	;47.0750;57.0000;branch
390.2804	;151	;1	;127	;47.0000;57.0000;branch
392.3622	;152	;1	;128	;47.0400;57.0000;branch
394.9245	;153	;1	;129	;47.0000;57.0000;branch
397.9349	;154	;1	;130	;47.0000;57.0000;branch
400.5295	;155	;1	;131	;47.0000;57.0000;branch
402.9541	;156	;155	;131	;48.9091;57.0000;branch
405.4506	;157	;155	;132	;48.9091;57.0000;branch
407.4623	;158	;155	;133	;48.9091;57.0000;branch
409.9628	;159	;155	;134	;48.9091;57.0000;branch
412.6123	;160	;155	;135	;48.9091;57.0000;branch
415.3039	;161	;155	;136	;51.0000;57.0000;branch
417.7412	;162	;155	;137	;48.9091;57.0000;branch
420.0587	;163	;155	;138	;48.9091;57.0000;branch
422.5597	;164	;155	;139	;48.9091;57.0000;branch
424.7858	;165	;155	;140	;53.3125;57.0000;branch
427.3285	;166	;155	;141	;48.9091;57.0000;branch
429.2299	;167	;155	;142	;48.9091;57.0000;branch
432.1517	;168	;155	;143	;50.0000;57.0000;branch
434.5182	;169	;155	;144	;48.9091;57.0000;branch
437.2030	;170	;155	;145	;48.9091;57.0000;branch
439.5836	;171	;155	;146	;48.9091;57.0000;branch
441.5695	;172	;155	;147	;49.6364;57.0000;branch
443.9879	;173	;155	;148	;48.9091;57.0000;branch
446.0778	;174	;155	;149	;54.0000;57.0000;branch
448.3343	;175	;155	;150	;50.0000;57.0000;branch
450.7436	;176	;155	;151	;48.9091;57.0000;branch
452.8417	;177	;155	;152	;50.0000;57.0000;branch
455.2458	;178	;155	;153	;48.9091;57.0000;branch
457.3030	;179	;155	;154	;48.9091;57.0000;branch
459.7478	;180	;155	;155	;48.9091;57.0000;branch
461.9334	;181	;155	;156	;48.9091;57.0000;branch
464.4330	;182	;155	;157	;48.9091;57.0000;branch
466.6454	;183	;155	;158	;55.0000;57.0000;branch
468.8923	;184	;155	;159	;48.9091;57.0000;branch
471.1100	;185	;155	;160	;48.9091;57.0000;branch
473.4180	;186	;155	;161	;48.9091;57.0000;branch
475.7043	;187	;155	;162	;48.9091;57.0000;branch
478.3339	;188	;155	;163	;49.8750;57.0000;branch
480.7385	;189	;155	;164	;55.0000;57.0000;branch
483.0929	;190	;155	;165	;49.5625;57.0000;branch
485.5449	;191	;155	;166	;48.9091;57.0000;branch
487.9022	;192	;155	;167	;48.9091;57.0000;branch
490.2925	;193	;155	;168	;48.9091;57.0000;branch
492.5783	;194	;155	;169	;48.9091;57.0000;branch
494.6937	;195	;155	;170	;48.9091;57.0000;branch
497.0364	;196	;155	;170	;74.0000;57.0000;cut
499.4873	;197	;155	;171	;48.9091;57.0000;branch
501.8501	;198	;155	;171	;73.0000;57.0000;cut
504.2670	;199	;155	;172	;48.9091;57.0000;branch
506.5673	;200	;155	;173	;48.9091;57.0000;branch
508.4635	;201	;155	;173	;68.0000;57.0000;cut
510.8089	;202	;155	;174	;48.9091;57.0000;branch
513.2087	;203	;155	;174	;74.0000;57.0000;cut
515.5247	;204	;155	;175	;48.9091;57.0000;branch
517.5530	;205	;155	;176	;49.1250;57.0000;branch
519.8245	;206	;155	;176	;90.0000;57.0000;cut
521.9345	;207	;155	;177	;48.9091;57.0000;branch
524.0809	;208	;155	;178	;48.9091;57.0000;branch
525.9331	;209	;155	;179	;53.5263;57.0000;branch
528.5809	;210	;155	;179	;73.0000;57.0000;cut
531.0120	;211	;155	;180	;48.9091;57.0000;branch
533.5390	;212	;155	;181	;48.9091;57.0000;branch
535.9713	;213	;155	;181	;68.0000;57.0000;cut
537.9572	;214	;155	;182	;48.9091;57.0000;branch
539.9774	;215	;155	;183	;54.0000;57.0000;branch
542.1693	;216	;155	;183	;76.0000;57.0000;cut
544.5792	;217	;155	;184	;48.9091;57.0000;branch
547.3183	;218	;155	;184	;68.0000;57.0000;cut
549.7480	;219	;155	;185	;48.9091;57.0000;branch
551.7568	;220	;155	;186	;48.9091;57.0000;branch
553.7461	;221	;155	;186	;71.0000;57.0000;cut
555.9276	;222	;155	;187	;48.9091;57.0000;branch
557.7140	;223	;155	;188	;56.0000;57.0000;branch
560.3761	;224	;155	;189	;48.9091;57.0000;branch
562.3656	;225	;155	;189	;64.0000;57.0000;cut
564.8089	;226	;155	;190	;48.9091;57.0000;branch
567.0037	;227	;155	;190	;71.0000;57.0000;cut
569.3527	;228	;155	;191	;48.9091;57.0000;branch
571.5077	;229	;155	;192	;54.0000;57.0000;branch
573.9970	;230	;155	;193	;48.9091;57.0000;branch
576.2839	;231	;155	;193	;70.0000;57.0000;cut
578.5653	;232	;155	;193	;58.0000;57.0000;cut
581.0433	;233	;155	;194	;48.9091;57.0000;branch
583.4836	;234	;155	;194	;62.0000;57.0000;cut
585.9211	;235	;155	;195	;48.9091;57.0000;branch
586.0690	;236	;155	;195	;125.9000;57.0000;infeasible
588.4063	;237	;155	;196	;48.9091;57.0000;branch
590.6683	;238	;155	;197	;48.9091;57.0000;branch
592.5174	;239	;155	;198	;49.8750;57.0000;branch
594.8720	;240	;155	;199	;48.9091;57.0000;branch
597.2538	;241	;155	;199	;59.0000;57.0000;cut
599.6261	;242	;155	;200	;48.9091;57.0000;branch
601.4435	;243	;155	;201	;52.3750;57.0000;branch
Best UB: 57 ; Total nodes: 243 ; Visited nodes: 42 ; Remaining nodes: 201 ; Integer solutions found: []
Time:  601.4480562210083
