Academic license - for non-commercial use only
Academic license - for non-commercial use only
Academic license - for non-commercial use only
Academic license - for non-commercial use only
Read LP format model from file vi3328_modelMCLin.lp
Reading time = 0.00 seconds
OBJROW: 126 rows, 64 columns, 288 nonzeros
Optimize a model with 126 rows, 64 columns and 288 nonzeros
Variable types: 0 continuous, 64 integer (0 binary)
Coefficient statistics:
  Matrix range     [1e+00, 4e+01]
  Objective range  [1e+00, 1e+00]
  Bounds range     [1e+00, 4e+02]
  RHS range        [1e+00, 4e+01]
Presolve removed 57 rows and 21 columns
Presolve time: 0.00s
Presolved: 69 rows, 43 columns, 187 nonzeros
Variable types: 0 continuous, 43 integer (9 binary)
Found heuristic solution: objective 44.0000000
Found heuristic solution: objective 43.0000000
Found heuristic solution: objective 42.0000000
Found heuristic solution: objective 41.0000000

Root relaxation: objective 2.100000e+01, 24 iterations, 0.00 seconds

    Nodes    |    Current Node    |     Objective Bounds      |     Work
 Expl Unexpl |  Obj  Depth IntInf | Incumbent    BestBd   Gap | It/Node Time

     0     0   21.00000    0    3   41.00000   21.00000  48.8%     -    0s
H    0     0                      28.0000000   21.00000  25.0%     -    0s
     0     0 infeasible    0        28.00000   28.00000  0.00%     -    0s

Cutting planes:
  Gomory: 1
  Implied bound: 3
  Zero half: 1

Explored 1 nodes (60 simplex iterations) in 0.01 seconds
Thread count was 4 (of 4 available processors)

Solution count 5: 28 41 42 ... 44

Optimal solution found (tolerance 1.00e-04)
Best objective 2.800000000000e+01, best bound 2.800000000000e+01, gap 0.0000%
Academic license - for non-commercial use only
Academic license - for non-commercial use only
Read LP format model from file vi3328_modelMCLin.lp
Reading time = 0.00 seconds
OBJROW: 126 rows, 64 columns, 288 nonzeros
Optimize a model with 126 rows, 64 columns and 288 nonzeros
Coefficient statistics:
  Matrix range     [1e+00, 4e+01]
  Objective range  [1e+00, 1e+00]
  Bounds range     [1e+00, 4e+02]
  RHS range        [1e+00, 4e+01]
Presolve removed 63 rows and 27 columns
Presolve time: 0.00s
Presolved: 63 rows, 37 columns, 198 nonzeros

Iteration    Objective       Primal Inf.    Dual Inf.      Time
       0    1.5000000e+01   7.250000e+00   0.000000e+00      0s
      18    1.5000000e+01   0.000000e+00   0.000000e+00      0s

Solved in 18 iterations and 0.00 seconds
Optimal objective  1.500000000e+01
Academic license - for non-commercial use only
Optimize a model with 66 rows, 257 columns and 535 nonzeros
Variable types: 192 continuous, 65 integer (0 binary)
Coefficient statistics:
  Matrix range     [6e-02, 4e+01]
  Objective range  [1e+00, 1e+00]
  Bounds range     [1e+00, 1e+05]
  RHS range        [0e+00, 0e+00]
Presolve removed 1 rows and 19 columns
Presolve time: 0.00s
Presolved: 65 rows, 238 columns, 472 nonzeros
Variable types: 173 continuous, 65 integer (0 binary)

Root relaxation: objective -1.147410e+03, 92 iterations, 0.00 seconds

    Nodes    |    Current Node    |     Objective Bounds      |     Work
 Expl Unexpl |  Obj  Depth IntInf | Incumbent    BestBd   Gap | It/Node Time

     0     0 -1147.4100    0   48          - -1147.4100      -     -    0s
     0     0 -1147.4100    0   20          - -1147.4100      -     -    0s
H    0     0                    -1134.698203 -1147.4100  1.12%     -    0s
H    0     0                    -1145.142647 -1147.4100  0.20%     -    0s
     0     0 -1147.4100    0   20 -1145.1426 -1147.4100  0.20%     -    0s
     0     0 -1147.4100    0   20 -1145.1426 -1147.4100  0.20%     -    0s
     0     2 -1147.4100    0   19 -1145.1426 -1147.4100  0.20%     -    0s
*   81    31              51    -1147.282163 -1147.4100  0.01%   3.8    0s
* 1187   676              65    -1147.293279 -1147.4100  0.01%   2.9    0s
* 1334   643              69    -1147.333784 -1147.4100  0.01%   3.1    0s
* 1502   676              87    -1147.333789 -1147.4100  0.01%   3.1    0s

Cutting planes:
  Gomory: 29
  MIR: 49
  StrongCG: 2
  Inf proof: 2

Explored 1538 nodes (4911 simplex iterations) in 0.26 seconds
Thread count was 4 (of 4 available processors)

Solution count 6: -1147.33 -1147.33 -1147.29 ... -1134.7

Optimal solution found (tolerance 1.00e-04)
Best objective -1.147333788627e+03, best bound -1.147410000000e+03, gap 0.0066%
Using Python-MIP package version 1.5.3
gurobi version 8.1 found
C 15.0
x(0,1) -0.0
x(0,2) 7.0
x(0,0) 14.0
x(1,0) 4.0
x(1,1) -0.0
x(1,2) 8.0
x(2,1) 0.0
x(2,2) 7.0
x(2,0) 13.0
y(0,1,0) 0.725
y(1,0,0) 0.2749999999999999
y(0,1,1) 0.8055555555555556
y(1,0,1) 0.19444444444444453
y(0,1,2) 0.8333333333333334
y(1,0,2) 0.16666666666666674
y(0,2,0) 0.9354838709677419
y(2,0,0) 0.06451612903225812
y(0,2,1) 0.8055555555555556
y(2,0,1) 0.19444444444444453
y(0,2,2) 0.8055555555555556
y(2,0,2) 0.19444444444444453
y(1,2,0) 1.0 *
y(2,1,0) -0.0
y(1,2,1) 0.8823529411764706
y(2,1,1) 0.11764705882352944
y(1,2,2) 0.7837837837837838
y(2,1,2) 0.21621621621621623
v(0,1,0) 7.0
v(1,0,0) -11.0
u(0,1,0) 0.0
u(1,0,0) 0.0
v(0,1,1) -4.0
v(1,0,1) -7.0
u(0,1,1) 0.0
u(1,0,1) 0.0
v(0,1,2) -8.0
v(1,0,2) -6.0
u(0,1,2) 0.0
u(1,0,2) 0.0
v(0,2,0) -1.0
v(2,0,0) -2.0
u(0,2,0) 0.0
u(2,0,0) 0.0
v(0,2,1) -7.0
v(2,0,1) -7.0
u(0,2,1) 0.0
u(2,0,1) 0.0
v(0,2,2) -6.0
v(2,0,2) -7.0
u(0,2,2) 0.0
u(2,0,2) 0.0
v(1,2,0) -11.0
v(2,1,0) 6.0
u(1,2,0) 0.0
u(2,1,0) 6.0
v(1,2,1) -7.0
v(2,1,1) -4.0
u(1,2,1) 0.0
u(2,1,1) 0.0
v(1,2,2) -5.0
v(2,1,2) -8.0
u(1,2,2) 0.0
u(2,1,2) 0.0
6 OptimizationStatus.OPTIMAL
c: ord(0,1): -1.0 x(0,1) +1.0 x(0,2) >= 7.0 ;u: 0.0 ;rs:  -7.0 ;mult:  -1 ;b: -0.0
c: ord(0,2): -1.0 x(0,2) +1.0 x(0,0) >= 7.0 ;u: 0.99 ;rs:  -7.0 ;mult:  -1 ;b: -6.93
c: ord(1,1): +1.0 x(1,0) -1.0 x(1,1) >= 4.0 ;u: 0.060527777777777514 ;rs:  -4.0 ;mult:  -1 ;b: -0.24211111111111006
c: ord(1,2): -1.0 x(1,0) +1.0 x(1,2) >= 3.0 ;u: 0.99 ;rs:  -3.0 ;mult:  -1 ;b: -2.9699999999999998
c: ord(2,1): -1.0 x(2,1) +1.0 x(2,2) >= 7.0 ;u: 0.009472222222222326 ;rs:  -7.0 ;mult:  -1 ;b: -0.06630555555555628
c: ord(2,2): -1.0 x(2,2) +1.0 x(2,0) >= 6.0 ;u: 0.9183911411411414 ;rs:  -6.0 ;mult:  -1 ;b: -5.510346846846849
c: triangle2(0,1,0): +1.0 y(0,1,0) +1.0 y(1,0,0) = 1.0 ;u: 0.0 ;rs:  -1.0 ;mult:  1 ;b: 0.0
c: triangle2(0,1,1): +1.0 y(0,1,1) +1.0 y(1,0,1) = 1.0 ;u: 0.99 ;rs:  -1.0 ;mult:  1 ;b: 0.99
c: triangle2(0,1,2): +1.0 y(0,1,2) +1.0 y(1,0,2) = 1.0 ;u: 0.99 ;rs:  -1.0 ;mult:  1 ;b: 0.99
c: triangle2(0,2,0): +1.0 y(0,2,0) +1.0 y(2,0,0) = 1.0 ;u: 0.99 ;rs:  -1.0 ;mult:  1 ;b: 0.99
c: triangle2(0,2,1): +1.0 y(0,2,1) +1.0 y(2,0,1) = 1.0 ;u: 0.99 ;rs:  -1.0 ;mult:  1 ;b: 0.99
c: triangle2(0,2,2): +1.0 y(0,2,2) +1.0 y(2,0,2) = 1.0 ;u: 0.99 ;rs:  -1.0 ;mult:  1 ;b: 0.99
c: triangle2(1,2,0): +1.0 y(1,2,0) +1.0 y(2,1,0) = 1.0 ;u: 0.4700000000000024 ;rs:  -1.0 ;mult:  1 ;b: 0.4700000000000024
c: triangle2(1,2,1): +1.0 y(1,2,1) +1.0 y(2,1,1) = 1.0 ;u: 0.99 ;rs:  -1.0 ;mult:  1 ;b: 0.99
c: triangle2(1,2,2): +1.0 y(1,2,2) +1.0 y(2,1,2) = 1.0 ;u: 0.99 ;rs:  -1.0 ;mult:  1 ;b: 0.99
c: MCLinV(0,1,0): +1.0 x(0,0) -1.0 x(1,0) -1.0 v(0,1,0) = 3.0 ;u: 0.009722222222222077 ;rs:  -3.0 ;mult:  1 ;b: 0.02916666666666623
c: MCLinV(1,0,0): -1.0 x(0,0) +1.0 x(1,0) -1.0 v(1,0,0) = 1.0 ;u: 0.10024999999999984 ;rs:  -1.0 ;mult:  1 ;b: 0.10024999999999984
c: MCLin1(0,1,0): +1.0 u(0,1,0) >= 0.0 ;u: 0.01027777777777783 ;rs:  -0.0 ;mult:  -1 ;b: -0.0
c: MCLin2(0,1,0): -23.0 y(1,0,0) -1.0 u(0,1,0) <= 0.0 ;u: 0.99 ;rs:  -0.0 ;mult:  1 ;b: 0.0
c: MCLin3(0,1,0): +36.0 y(1,0,0) +1.0 v(0,1,0) -1.0 u(0,1,0) <= 36.0 ;u: 0.9897222222222221 ;rs:  -36.0 ;mult:  1 ;b: 35.629999999999995
c: MCLin4(0,1,0): +36.0 y(1,0,0) -1.0 u(0,1,0) >= 0.0 ;u: 0.99 ;rs:  -0.0 ;mult:  -1 ;b: -0.0
c: MCLin5(0,1,0): -23.0 y(1,0,0) +1.0 v(0,1,0) -1.0 u(0,1,0) >= -23.0 ;u: 0.99 ;rs:  23.0 ;mult:  -1 ;b: 22.77
c: MCLin6(1,0,0): +1.0 u(1,0,0) >= 0.0 ;u: 0.949875 ;rs:  -0.0 ;mult:  -1 ;b: -0.0
c: MCLin7(1,0,0): -40.0 y(0,1,0) -1.0 u(1,0,0) <= 0.0 ;u: 0.99 ;rs:  -0.0 ;mult:  1 ;b: 0.0
c: MCLin8(1,0,0): +19.0 y(0,1,0) +1.0 v(1,0,0) -1.0 u(1,0,0) <= 19.0 ;u: 0.99 ;rs:  -19.0 ;mult:  1 ;b: 18.81
c: MCLin9(1,0,0): +19.0 y(0,1,0) -1.0 u(1,0,0) >= 0.0 ;u: 0.99 ;rs:  -0.0 ;mult:  -1 ;b: -0.0
c: MCLin10(1,0,0): -40.0 y(0,1,0) +1.0 v(1,0,0) -1.0 u(1,0,0) >= -40.0 ;u: 0.88975 ;rs:  40.0 ;mult:  -1 ;b: 35.59
c: MCLinV(0,1,1): +1.0 x(0,1) -1.0 x(1,1) -1.0 v(0,1,1) = 4.0 ;u: 0.0 ;rs:  -4.0 ;mult:  1 ;b: 0.0
c: MCLinV(1,0,1): -1.0 x(0,1) +1.0 x(1,1) -1.0 v(1,0,1) = 7.0 ;u: 0.5277777777777779 ;rs:  -7.0 ;mult:  1 ;b: 3.6944444444444455
c: MCLin1(0,1,1): +1.0 u(0,1,1) >= 0.0 ;u: 0.99 ;rs:  -0.0 ;mult:  -1 ;b: -0.0
c: MCLin2(0,1,1): -34.0 y(1,0,1) -1.0 u(0,1,1) <= 0.0 ;u: 0.99 ;rs:  -0.0 ;mult:  1 ;b: 0.0
c: MCLin3(0,1,1): +25.0 y(1,0,1) +1.0 v(0,1,1) -1.0 u(0,1,1) <= 25.0 ;u: 0.99 ;rs:  -25.0 ;mult:  1 ;b: 24.75
c: MCLin4(0,1,1): +25.0 y(1,0,1) -1.0 u(0,1,1) >= 0.0 ;u: 0.99 ;rs:  -0.0 ;mult:  -1 ;b: -0.0
c: MCLin5(0,1,1): -34.0 y(1,0,1) +1.0 v(0,1,1) -1.0 u(0,1,1) >= -34.0 ;u: 0.9899999999999997 ;rs:  34.0 ;mult:  -1 ;b: 33.65999999999999
c: MCLin6(1,0,1): +1.0 u(1,0,1) >= 0.0 ;u: 0.7361111111111093 ;rs:  -0.0 ;mult:  -1 ;b: -0.0
c: MCLin7(1,0,1): -36.0 y(0,1,1) -1.0 u(1,0,1) <= 0.0 ;u: 0.99 ;rs:  -0.0 ;mult:  1 ;b: 0.0
c: MCLin8(1,0,1): +23.0 y(0,1,1) +1.0 v(1,0,1) -1.0 u(1,0,1) <= 23.0 ;u: 0.99 ;rs:  -23.0 ;mult:  1 ;b: 22.77
c: MCLin9(1,0,1): +23.0 y(0,1,1) -1.0 u(1,0,1) >= 0.0 ;u: 0.99 ;rs:  -0.0 ;mult:  -1 ;b: -0.0
c: MCLin10(1,0,1): -36.0 y(0,1,1) +1.0 v(1,0,1) -1.0 u(1,0,1) >= -36.0 ;u: 0.46222222222222215 ;rs:  36.0 ;mult:  -1 ;b: 16.639999999999997
c: MCLinV(0,1,2): +1.0 x(0,2) -1.0 x(1,2) -1.0 v(0,1,2) = 7.0 ;u: 0.0 ;rs:  -7.0 ;mult:  1 ;b: 0.0
c: MCLinV(1,0,2): -1.0 x(0,2) +1.0 x(1,2) -1.0 v(1,0,2) = 7.0 ;u: 0.0 ;rs:  -7.0 ;mult:  1 ;b: 0.0
c: MCLin1(0,1,2): +1.0 u(0,1,2) >= 0.0 ;u: 0.499999999999997 ;rs:  -0.0 ;mult:  -1 ;b: -0.0
c: MCLin2(0,1,2): -37.0 y(1,0,2) -1.0 u(0,1,2) <= 0.0 ;u: 0.99 ;rs:  -0.0 ;mult:  1 ;b: 0.0
c: MCLin3(0,1,2): +22.0 y(1,0,2) +1.0 v(0,1,2) -1.0 u(0,1,2) <= 22.0 ;u: 0.99 ;rs:  -22.0 ;mult:  1 ;b: 21.78
c: MCLin4(0,1,2): +22.0 y(1,0,2) -1.0 u(0,1,2) >= 0.0 ;u: 0.99 ;rs:  -0.0 ;mult:  -1 ;b: -0.0
c: MCLin5(0,1,2): -37.0 y(1,0,2) +1.0 v(0,1,2) -1.0 u(0,1,2) >= -37.0 ;u: 0.99 ;rs:  37.0 ;mult:  -1 ;b: 36.63
c: MCLin6(1,0,2): +1.0 u(1,0,2) >= 0.0 ;u: 0.99 ;rs:  -0.0 ;mult:  -1 ;b: -0.0
c: MCLin7(1,0,2): -36.0 y(0,1,2) -1.0 u(1,0,2) <= 0.0 ;u: 0.99 ;rs:  -0.0 ;mult:  1 ;b: 0.0
c: MCLin8(1,0,2): +23.0 y(0,1,2) +1.0 v(1,0,2) -1.0 u(1,0,2) <= 23.0 ;u: 0.99 ;rs:  -23.0 ;mult:  1 ;b: 22.77
c: MCLin9(1,0,2): +23.0 y(0,1,2) -1.0 u(1,0,2) >= 0.0 ;u: 0.99 ;rs:  -0.0 ;mult:  -1 ;b: -0.0
c: MCLin10(1,0,2): -36.0 y(0,1,2) +1.0 v(1,0,2) -1.0 u(1,0,2) >= -36.0 ;u: 0.99 ;rs:  36.0 ;mult:  -1 ;b: 35.64
c: MCLinV(0,2,0): +1.0 x(0,0) -1.0 x(2,0) -1.0 v(0,2,0) = 2.0 ;u: 0.0 ;rs:  -2.0 ;mult:  1 ;b: 0.0
c: MCLinV(2,0,0): -1.0 x(0,0) +1.0 x(2,0) -1.0 v(2,0,0) = 1.0 ;u: 0.9032258064516128 ;rs:  -1.0 ;mult:  1 ;b: 0.9032258064516128
c: MCLin1(0,2,0): +1.0 u(0,2,0) >= 0.0 ;u: 0.499999999999997 ;rs:  -0.0 ;mult:  -1 ;b: -0.0
c: MCLin2(0,2,0): -30.0 y(2,0,0) -1.0 u(0,2,0) <= 0.0 ;u: 0.99 ;rs:  -0.0 ;mult:  1 ;b: 0.0
c: MCLin3(0,2,0): +28.0 y(2,0,0) +1.0 v(0,2,0) -1.0 u(0,2,0) <= 28.0 ;u: 0.99 ;rs:  -28.0 ;mult:  1 ;b: 27.72
c: MCLin4(0,2,0): +28.0 y(2,0,0) -1.0 u(0,2,0) >= 0.0 ;u: 0.99 ;rs:  -0.0 ;mult:  -1 ;b: -0.0
c: MCLin5(0,2,0): -30.0 y(2,0,0) +1.0 v(0,2,0) -1.0 u(0,2,0) >= -30.0 ;u: 0.99 ;rs:  30.0 ;mult:  -1 ;b: 29.7
c: MCLin6(2,0,0): +1.0 u(2,0,0) >= 0.0 ;u: 0.99 ;rs:  -0.0 ;mult:  -1 ;b: -0.0
c: MCLin7(2,0,0): -31.0 y(0,2,0) -1.0 u(2,0,0) <= 0.0 ;u: 0.99 ;rs:  -0.0 ;mult:  1 ;b: 0.0
c: MCLin8(2,0,0): +27.0 y(0,2,0) +1.0 v(2,0,0) -1.0 u(2,0,0) <= 27.0 ;u: 0.99 ;rs:  -27.0 ;mult:  1 ;b: 26.73
c: MCLin9(2,0,0): +27.0 y(0,2,0) -1.0 u(2,0,0) >= 0.0 ;u: 0.99 ;rs:  -0.0 ;mult:  -1 ;b: -0.0
c: MCLin10(2,0,0): -31.0 y(0,2,0) +1.0 v(2,0,0) -1.0 u(2,0,0) >= -31.0 ;u: 0.0867741935483872 ;rs:  31.0 ;mult:  -1 ;b: 2.690000000000003
c: MCLinV(0,2,1): +1.0 x(0,1) -1.0 x(2,1) -1.0 v(0,2,1) = 7.0 ;u: 0.0 ;rs:  -7.0 ;mult:  1 ;b: 0.0
c: MCLinV(2,0,1): -1.0 x(0,1) +1.0 x(2,1) -1.0 v(2,0,1) = 7.0 ;u: 0.9166666666666666 ;rs:  -7.0 ;mult:  1 ;b: 6.416666666666666
c: MCLin1(0,2,1): +1.0 u(0,2,1) >= 0.0 ;u: 0.99 ;rs:  -0.0 ;mult:  -1 ;b: -0.0
c: MCLin2(0,2,1): -36.0 y(2,0,1) -1.0 u(0,2,1) <= 0.0 ;u: 0.99 ;rs:  -0.0 ;mult:  1 ;b: 0.0
c: MCLin3(0,2,1): +22.0 y(2,0,1) +1.0 v(0,2,1) -1.0 u(0,2,1) <= 22.0 ;u: 0.99 ;rs:  -22.0 ;mult:  1 ;b: 21.78
c: MCLin4(0,2,1): +22.0 y(2,0,1) -1.0 u(0,2,1) >= 0.0 ;u: 0.99 ;rs:  -0.0 ;mult:  -1 ;b: -0.0
c: MCLin5(0,2,1): -36.0 y(2,0,1) +1.0 v(0,2,1) -1.0 u(0,2,1) >= -36.0 ;u: 0.99 ;rs:  36.0 ;mult:  -1 ;b: 35.64
c: MCLin6(2,0,1): +1.0 u(2,0,1) >= 0.0 ;u: 0.541666666666665 ;rs:  -0.0 ;mult:  -1 ;b: -0.0
c: MCLin7(2,0,1): -36.0 y(0,2,1) -1.0 u(2,0,1) <= 0.0 ;u: 0.99 ;rs:  -0.0 ;mult:  1 ;b: 0.0
c: MCLin8(2,0,1): +22.0 y(0,2,1) +1.0 v(2,0,1) -1.0 u(2,0,1) <= 22.0 ;u: 0.99 ;rs:  -22.0 ;mult:  1 ;b: 21.78
c: MCLin9(2,0,1): +22.0 y(0,2,1) -1.0 u(2,0,1) >= 0.0 ;u: 0.99 ;rs:  -0.0 ;mult:  -1 ;b: -0.0
c: MCLin10(2,0,1): -36.0 y(0,2,1) +1.0 v(2,0,1) -1.0 u(2,0,1) >= -36.0 ;u: 0.07333333333333335 ;rs:  36.0 ;mult:  -1 ;b: 2.6400000000000006
c: MCLinV(0,2,2): +1.0 x(0,2) -1.0 x(2,2) -1.0 v(0,2,2) = 6.0 ;u: 0.0 ;rs:  -6.0 ;mult:  1 ;b: 0.0
c: MCLinV(2,0,2): -1.0 x(0,2) +1.0 x(2,2) -1.0 v(2,0,2) = 7.0 ;u: 0.0 ;rs:  -7.0 ;mult:  1 ;b: 0.0
c: MCLin1(0,2,2): +1.0 u(0,2,2) >= 0.0 ;u: 0.99 ;rs:  -0.0 ;mult:  -1 ;b: -0.0
c: MCLin2(0,2,2): -35.0 y(2,0,2) -1.0 u(0,2,2) <= 0.0 ;u: 0.99 ;rs:  -0.0 ;mult:  1 ;b: 0.0
c: MCLin3(0,2,2): +23.0 y(2,0,2) +1.0 v(0,2,2) -1.0 u(0,2,2) <= 23.0 ;u: 0.99 ;rs:  -23.0 ;mult:  1 ;b: 22.77
c: MCLin4(0,2,2): +23.0 y(2,0,2) -1.0 u(0,2,2) >= 0.0 ;u: 0.99 ;rs:  -0.0 ;mult:  -1 ;b: -0.0
c: MCLin5(0,2,2): -35.0 y(2,0,2) +1.0 v(0,2,2) -1.0 u(0,2,2) >= -35.0 ;u: 0.99 ;rs:  35.0 ;mult:  -1 ;b: 34.65
c: MCLin6(2,0,2): +1.0 u(2,0,2) >= 0.0 ;u: 0.99 ;rs:  -0.0 ;mult:  -1 ;b: -0.0
c: MCLin7(2,0,2): -36.0 y(0,2,2) -1.0 u(2,0,2) <= 0.0 ;u: 0.99 ;rs:  -0.0 ;mult:  1 ;b: 0.0
c: MCLin8(2,0,2): +22.0 y(0,2,2) +1.0 v(2,0,2) -1.0 u(2,0,2) <= 22.0 ;u: 0.99 ;rs:  -22.0 ;mult:  1 ;b: 21.78
c: MCLin9(2,0,2): +22.0 y(0,2,2) -1.0 u(2,0,2) >= 0.0 ;u: 0.99 ;rs:  -0.0 ;mult:  -1 ;b: -0.0
c: MCLin10(2,0,2): -36.0 y(0,2,2) +1.0 v(2,0,2) -1.0 u(2,0,2) >= -36.0 ;u: 0.99 ;rs:  36.0 ;mult:  -1 ;b: 35.64
c: MCLinV(1,2,0): +1.0 x(1,0) -1.0 x(2,0) -1.0 v(1,2,0) = 2.0 ;u: 0.0 ;rs:  -2.0 ;mult:  1 ;b: 0.0
c: MCLinV(2,1,0): -1.0 x(1,0) +1.0 x(2,0) -1.0 v(2,1,0) = 3.0 ;u: 0.03000000000000025 ;rs:  -3.0 ;mult:  1 ;b: 0.09000000000000075
c: MCLin1(1,2,0): +1.0 u(1,2,0) >= 0.0 ;u: 0.9877500000000001 ;rs:  -0.0 ;mult:  -1 ;b: -0.0
c: MCLin2(1,2,0): -40.0 y(2,1,0) -1.0 u(1,2,0) <= 0.0 ;u: 0.022249999999999926 ;rs:  -0.0 ;mult:  1 ;b: 0.0
c: MCLin3(1,2,0): +19.0 y(2,1,0) +1.0 v(1,2,0) -1.0 u(1,2,0) <= 19.0 ;u: 0.99 ;rs:  -19.0 ;mult:  1 ;b: 18.81
c: MCLin4(1,2,0): +19.0 y(2,1,0) -1.0 u(1,2,0) >= 0.0 ;u: 0.0 ;rs:  -0.0 ;mult:  -1 ;b: -0.0
c: MCLin5(1,2,0): -40.0 y(2,1,0) +1.0 v(1,2,0) -1.0 u(1,2,0) >= -40.0 ;u: 0.99 ;rs:  40.0 ;mult:  -1 ;b: 39.6
c: MCLin6(2,1,0): +1.0 u(2,1,0) >= 0.0 ;u: 0.99 ;rs:  -0.0 ;mult:  -1 ;b: -0.0
c: MCLin7(2,1,0): -24.0 y(1,2,0) -1.0 u(2,1,0) <= 0.0 ;u: 0.99 ;rs:  -0.0 ;mult:  1 ;b: 0.0
c: MCLin8(2,1,0): +35.0 y(1,2,0) +1.0 v(2,1,0) -1.0 u(2,1,0) <= 35.0 ;u: 0.99 ;rs:  -35.0 ;mult:  1 ;b: 34.65
c: MCLin9(2,1,0): +35.0 y(1,2,0) -1.0 u(2,1,0) >= 0.0 ;u: 0.99 ;rs:  -0.0 ;mult:  -1 ;b: -0.0
c: MCLin10(2,1,0): -24.0 y(1,2,0) +1.0 v(2,1,0) -1.0 u(2,1,0) >= -24.0 ;u: 0.9699999999999998 ;rs:  24.0 ;mult:  -1 ;b: 23.279999999999994
c: MCLinV(1,2,1): +1.0 x(1,1) -1.0 x(2,1) -1.0 v(1,2,1) = 7.0 ;u: 0.0 ;rs:  -7.0 ;mult:  1 ;b: 0.0
c: MCLinV(2,1,1): -1.0 x(1,1) +1.0 x(2,1) -1.0 v(2,1,1) = 4.0 ;u: 0.0 ;rs:  -4.0 ;mult:  1 ;b: 0.0
c: MCLin1(1,2,1): +1.0 u(1,2,1) >= 0.0 ;u: 0.010000000000002007 ;rs:  -0.0 ;mult:  -1 ;b: -0.0
c: MCLin2(1,2,1): -36.0 y(2,1,1) -1.0 u(1,2,1) <= 0.0 ;u: 0.99 ;rs:  -0.0 ;mult:  1 ;b: 0.0
c: MCLin3(1,2,1): +23.0 y(2,1,1) +1.0 v(1,2,1) -1.0 u(1,2,1) <= 23.0 ;u: 0.99 ;rs:  -23.0 ;mult:  1 ;b: 22.77
c: MCLin4(1,2,1): +23.0 y(2,1,1) -1.0 u(1,2,1) >= 0.0 ;u: 0.99 ;rs:  -0.0 ;mult:  -1 ;b: -0.0
c: MCLin5(1,2,1): -36.0 y(2,1,1) +1.0 v(1,2,1) -1.0 u(1,2,1) >= -36.0 ;u: 0.99 ;rs:  36.0 ;mult:  -1 ;b: 35.64
c: MCLin6(2,1,1): +1.0 u(2,1,1) >= 0.0 ;u: 0.009999999999999898 ;rs:  -0.0 ;mult:  -1 ;b: -0.0
c: MCLin7(2,1,1): -34.0 y(1,2,1) -1.0 u(2,1,1) <= 0.0 ;u: 0.99 ;rs:  -0.0 ;mult:  1 ;b: 0.0
c: MCLin8(2,1,1): +25.0 y(1,2,1) +1.0 v(2,1,1) -1.0 u(2,1,1) <= 25.0 ;u: 0.99 ;rs:  -25.0 ;mult:  1 ;b: 24.75
c: MCLin9(2,1,1): +25.0 y(1,2,1) -1.0 u(2,1,1) >= 0.0 ;u: 0.99 ;rs:  -0.0 ;mult:  -1 ;b: -0.0
c: MCLin10(2,1,1): -34.0 y(1,2,1) +1.0 v(2,1,1) -1.0 u(2,1,1) >= -34.0 ;u: 0.9899999999999999 ;rs:  34.0 ;mult:  -1 ;b: 33.66
c: MCLinV(1,2,2): +1.0 x(1,2) -1.0 x(2,2) -1.0 v(1,2,2) = 6.0 ;u: 0.0 ;rs:  -6.0 ;mult:  1 ;b: 0.0
c: MCLinV(2,1,2): -1.0 x(1,2) +1.0 x(2,2) -1.0 v(2,1,2) = 7.0 ;u: 0.08108108108108092 ;rs:  -7.0 ;mult:  1 ;b: 0.5675675675675664
c: MCLin1(1,2,2): +1.0 u(1,2,2) >= 0.0 ;u: 0.007974119511221511 ;rs:  -0.0 ;mult:  -1 ;b: -0.0
c: MCLin2(1,2,2): -35.0 y(2,1,2) -1.0 u(1,2,2) <= 0.0 ;u: 0.99 ;rs:  -0.0 ;mult:  1 ;b: 0.0
c: MCLin3(1,2,2): +24.0 y(2,1,2) +1.0 v(1,2,2) -1.0 u(1,2,2) <= 24.0 ;u: 0.99 ;rs:  -24.0 ;mult:  1 ;b: 23.759999999999998
c: MCLin4(1,2,2): +24.0 y(2,1,2) -1.0 u(1,2,2) >= 0.0 ;u: 0.99 ;rs:  -0.0 ;mult:  -1 ;b: -0.0
c: MCLin5(1,2,2): -35.0 y(2,1,2) +1.0 v(1,2,2) -1.0 u(1,2,2) >= -35.0 ;u: 0.9879741195112216 ;rs:  35.0 ;mult:  -1 ;b: 34.57909418289275
c: MCLin6(2,1,2): +1.0 u(2,1,2) >= 0.0 ;u: 0.99 ;rs:  -0.0 ;mult:  -1 ;b: -0.0
c: MCLin7(2,1,2): -37.0 y(1,2,2) -1.0 u(2,1,2) <= 0.0 ;u: 0.99 ;rs:  -0.0 ;mult:  1 ;b: 0.0
c: MCLin8(2,1,2): +22.0 y(1,2,2) +1.0 v(2,1,2) -1.0 u(2,1,2) <= 22.0 ;u: 0.99 ;rs:  -22.0 ;mult:  1 ;b: 21.78
c: MCLin9(2,1,2): +22.0 y(1,2,2) -1.0 u(2,1,2) >= 0.0 ;u: 0.99 ;rs:  -0.0 ;mult:  -1 ;b: -0.0
c: MCLin10(2,1,2): -37.0 y(1,2,2) +1.0 v(2,1,2) -1.0 u(2,1,2) >= -37.0 ;u: 0.908918918918919 ;rs:  37.0 ;mult:  -1 ;b: 33.63
c: makespan(0): +1.0 C -1.0 x(0,0) >= 1.0 ;u: 0.9737535842293905 ;rs:  -1.0 ;mult:  -1 ;b: -0.9737535842293905
c: makespan(1): +1.0 C -1.0 x(1,2) >= 7.0 ;u: 0.0610810810810809 ;rs:  -7.0 ;mult:  -1 ;b: -0.4275675675675663
c: makespan(2): +1.0 C -1.0 x(2,0) >= 2.0 ;u: 0.9751653346895284 ;rs:  -2.0 ;mult:  -1 ;b: -1.9503306693790567
var:  + 0.99x(0,2) - 1.0100000001x(0,0) + 0.99x(1,0) + 0.5883055556x(1,1) - 1.01x(1,2) + 0.9261388889x(2,1) + 0.99x(2,2) + 0.9900000001x(2,0) - 18.009999999999998y(0,1,1) + 0.990000000000002y(1,0,1) + 0.990000000000002y(0,1,2) + 0.990000000000002y(1,0,2) - 27.01y(0,2,0) + 0.9899999999999984y(2,0,0) - 32.01y(0,2,1) + 0.990000000000002y(2,0,1) + 0.990000000000002y(0,2,2) + 0.990000000000002y(2,0,2) - 0.010000000000001563y(1,2,0) + 57.989999999999995y(2,1,0) + 0.990000000000002y(1,2,1) + 0.990000000000002y(2,1,1) - 2.009999999999998y(1,2,2) + 0.9190941829000039y(2,1,2) - 0.010000000000000009v(0,1,0) - 0.010000000000000009u(0,1,0) - 0.00999999999999801y(1,0,0) - 1.050125u(1,0,0) - 4.009999999999998y(0,1,0) - 1.4444444445x(0,1) - 0.9899999999999998u(0,1,1) - 1.2638888889u(1,0,1) - 0.5u(0,1,2) - 0.9899999999999998u(1,0,2) - 0.5u(0,2,0) - 1.8932258064999998u(2,0,0) - 0.9899999999999998u(0,2,1) - 1.4583333334u(2,0,1) - 0.9899999999999998u(0,2,2) - 0.9899999999999998u(2,0,2) - 0.010000000000000009v(2,1,0) - 1.01u(1,2,0) - 1.0099999999999998u(2,1,0) - 0.010000000000000009u(1,2,1) - 0.010000000000000009u(2,1,1) - 0.010000000000000009u(1,2,2) + 0.0020258804999999658v(1,2,2) - 1.0710810810999998u(2,1,2) - 2.01C   b:  958.0
eq:  - 2.0x(0,0) - 2.0x(1,2) - 19.0y(0,1,1) - 28.0y(0,2,0) - 33.0y(0,2,1) - y(1,2,0) + 57.0y(2,1,0) - 3.0y(1,2,2) - v(0,1,0) - u(0,1,0) - y(1,0,0) - 2.0u(1,0,0) - 5.0y(0,1,0) - 2.0x(0,1) - u(0,1,1) - 2.0u(1,0,1) - u(0,1,2) - u(1,0,2) - u(0,2,0) - 2.0u(2,0,0) - u(0,2,1) - 2.0u(2,0,1) - u(0,2,2) - u(2,0,2) - v(2,1,0) - 2.0u(1,2,0) - 2.0u(2,1,0) - u(1,2,1) - u(2,1,1) - u(1,2,2) - 2.0u(2,1,2) - 3.0C  soma;  -189.33378862733701 b:  958.0 soma > b? False
teste:  - 3.0C - 2.0x(0,1) - 2.0x(0,0) - 2.0x(1,2) - 5.0y(0,1,0) - y(1,0,0) - 19.0y(0,1,1) - 28.0y(0,2,0) - 33.0y(0,2,1) - y(1,2,0) + 57.0y(2,1,0) - 3.0y(1,2,2) - v(0,1,0) - u(0,1,0) - 2.0u(1,0,0) - u(0,1,1) - 2.0u(1,0,1) - u(0,1,2) - u(1,0,2) - u(0,2,0) - 2.0u(2,0,0) - u(0,2,1) - 2.0u(2,0,1) - u(0,2,2) - u(2,0,2) - v(2,1,0) - 2.0u(1,2,0) - 2.0u(2,1,0) - u(1,2,1) - u(2,1,1) - u(1,2,2) - 2.0u(2,1,2)  ;soma: - 189.33378862733704 ;a0: 958.0
==========================
c: ord(0,1): -1.0 x(0,1) +1.0 x(0,2) >= 7.0 ;u: 0.0 ;rs:  -7.0 ;mult:  -1 ;b: -0.0
c: ord(0,2): -1.0 x(0,2) +1.0 x(0,0) >= 7.0 ;u: 0.99 ;rs:  -7.0 ;mult:  -1 ;b: -6.93
c: ord(1,1): +1.0 x(1,0) -1.0 x(1,1) >= 4.0 ;u: 0.9105277777777776 ;rs:  -4.0 ;mult:  -1 ;b: -3.6421111111111104
c: ord(1,2): -1.0 x(1,0) +1.0 x(1,2) >= 3.0 ;u: 0.99 ;rs:  -3.0 ;mult:  -1 ;b: -2.9699999999999998
c: ord(2,1): -1.0 x(2,1) +1.0 x(2,2) >= 7.0 ;u: 0.16310869798369335 ;rs:  -7.0 ;mult:  -1 ;b: -1.1417608858858534
c: ord(2,2): -1.0 x(2,2) +1.0 x(2,0) >= 6.0 ;u: 0.12608167095666648 ;rs:  -6.0 ;mult:  -1 ;b: -0.7564900257399989
c: triangle2(0,1,0): +1.0 y(0,1,0) +1.0 y(1,0,0) = 1.0 ;u: 0.0 ;rs:  -1.0 ;mult:  1 ;b: 0.0
c: triangle2(0,1,1): +1.0 y(0,1,1) +1.0 y(1,0,1) = 1.0 ;u: 0.990000000000002 ;rs:  -1.0 ;mult:  1 ;b: 0.990000000000002
c: triangle2(0,1,2): +1.0 y(0,1,2) +1.0 y(1,0,2) = 1.0 ;u: 0.99 ;rs:  -1.0 ;mult:  1 ;b: 0.99
c: triangle2(0,2,0): +1.0 y(0,2,0) +1.0 y(2,0,0) = 1.0 ;u: 0.99 ;rs:  -1.0 ;mult:  1 ;b: 0.99
c: triangle2(0,2,1): +1.0 y(0,2,1) +1.0 y(2,0,1) = 1.0 ;u: 0.99 ;rs:  -1.0 ;mult:  1 ;b: 0.99
c: triangle2(0,2,2): +1.0 y(0,2,2) +1.0 y(2,0,2) = 1.0 ;u: 0.99 ;rs:  -1.0 ;mult:  1 ;b: 0.99
c: triangle2(1,2,0): +1.0 y(1,2,0) +1.0 y(2,1,0) = 1.0 ;u: 0.0 ;rs:  -1.0 ;mult:  1 ;b: 0.0
c: triangle2(1,2,1): +1.0 y(1,2,1) +1.0 y(2,1,1) = 1.0 ;u: 0.99 ;rs:  -1.0 ;mult:  1 ;b: 0.99
c: triangle2(1,2,2): +1.0 y(1,2,2) +1.0 y(2,1,2) = 1.0 ;u: 0.99 ;rs:  -1.0 ;mult:  1 ;b: 0.99
c: MCLinV(0,1,0): +1.0 x(0,0) -1.0 x(1,0) -1.0 v(0,1,0) = 3.0 ;u: 0.009722222222222077 ;rs:  -3.0 ;mult:  1 ;b: 0.02916666666666623
c: MCLinV(1,0,0): -1.0 x(0,0) +1.0 x(1,0) -1.0 v(1,0,0) = 1.0 ;u: 0.9502499999999999 ;rs:  -1.0 ;mult:  1 ;b: 0.9502499999999999
c: MCLin1(0,1,0): +1.0 u(0,1,0) >= 0.0 ;u: 0.01027777777777783 ;rs:  -0.0 ;mult:  -1 ;b: -0.0
c: MCLin2(0,1,0): -23.0 y(1,0,0) -1.0 u(0,1,0) <= 0.0 ;u: 0.99 ;rs:  -0.0 ;mult:  1 ;b: 0.0
c: MCLin3(0,1,0): +36.0 y(1,0,0) +1.0 v(0,1,0) -1.0 u(0,1,0) <= 36.0 ;u: 0.9897222222222221 ;rs:  -36.0 ;mult:  1 ;b: 35.629999999999995
c: MCLin4(0,1,0): +36.0 y(1,0,0) -1.0 u(0,1,0) >= 0.0 ;u: 0.99 ;rs:  -0.0 ;mult:  -1 ;b: -0.0
c: MCLin5(0,1,0): -23.0 y(1,0,0) +1.0 v(0,1,0) -1.0 u(0,1,0) >= -23.0 ;u: 0.99 ;rs:  23.0 ;mult:  -1 ;b: 22.77
c: MCLin6(1,0,0): +1.0 u(1,0,0) >= 0.0 ;u: 0.524875 ;rs:  -0.0 ;mult:  -1 ;b: -0.0
c: MCLin7(1,0,0): -40.0 y(0,1,0) -1.0 u(1,0,0) <= 0.0 ;u: 0.99 ;rs:  -0.0 ;mult:  1 ;b: 0.0
c: MCLin8(1,0,0): +19.0 y(0,1,0) +1.0 v(1,0,0) -1.0 u(1,0,0) <= 19.0 ;u: 0.99 ;rs:  -19.0 ;mult:  1 ;b: 18.81
c: MCLin9(1,0,0): +19.0 y(0,1,0) -1.0 u(1,0,0) >= 0.0 ;u: 0.99 ;rs:  -0.0 ;mult:  -1 ;b: -0.0
c: MCLin10(1,0,0): -40.0 y(0,1,0) +1.0 v(1,0,0) -1.0 u(1,0,0) >= -40.0 ;u: 0.039750000000000035 ;rs:  40.0 ;mult:  -1 ;b: 1.5900000000000014
c: MCLinV(0,1,1): +1.0 x(0,1) -1.0 x(1,1) -1.0 v(0,1,1) = 4.0 ;u: 0.0 ;rs:  -4.0 ;mult:  1 ;b: 0.0
c: MCLinV(1,0,1): -1.0 x(0,1) +1.0 x(1,1) -1.0 v(1,0,1) = 7.0 ;u: 0.05555555555555558 ;rs:  -7.0 ;mult:  1 ;b: 0.38888888888888906
c: MCLin1(0,1,1): +1.0 u(0,1,1) >= 0.0 ;u: 0.99 ;rs:  -0.0 ;mult:  -1 ;b: -0.0
c: MCLin2(0,1,1): -34.0 y(1,0,1) -1.0 u(0,1,1) <= 0.0 ;u: 0.99 ;rs:  -0.0 ;mult:  1 ;b: 0.0
c: MCLin3(0,1,1): +25.0 y(1,0,1) +1.0 v(0,1,1) -1.0 u(0,1,1) <= 25.0 ;u: 0.99 ;rs:  -25.0 ;mult:  1 ;b: 24.75
c: MCLin4(0,1,1): +25.0 y(1,0,1) -1.0 u(0,1,1) >= 0.0 ;u: 0.99 ;rs:  -0.0 ;mult:  -1 ;b: -0.0
c: MCLin5(0,1,1): -34.0 y(1,0,1) +1.0 v(0,1,1) -1.0 u(0,1,1) >= -34.0 ;u: 0.9899999999999999 ;rs:  34.0 ;mult:  -1 ;b: 33.66
c: MCLin6(1,0,1): +1.0 u(1,0,1) >= 0.0 ;u: 0.9722222222222204 ;rs:  -0.0 ;mult:  -1 ;b: -0.0
c: MCLin7(1,0,1): -36.0 y(0,1,1) -1.0 u(1,0,1) <= 0.0 ;u: 0.99 ;rs:  -0.0 ;mult:  1 ;b: 0.0
c: MCLin8(1,0,1): +23.0 y(0,1,1) +1.0 v(1,0,1) -1.0 u(1,0,1) <= 23.0 ;u: 0.99 ;rs:  -23.0 ;mult:  1 ;b: 22.77
c: MCLin9(1,0,1): +23.0 y(0,1,1) -1.0 u(1,0,1) >= 0.0 ;u: 0.99 ;rs:  -0.0 ;mult:  -1 ;b: -0.0
c: MCLin10(1,0,1): -36.0 y(0,1,1) +1.0 v(1,0,1) -1.0 u(1,0,1) >= -36.0 ;u: 0.9344444444444444 ;rs:  36.0 ;mult:  -1 ;b: 33.64
c: MCLinV(0,1,2): +1.0 x(0,2) -1.0 x(1,2) -1.0 v(0,1,2) = 7.0 ;u: 0.0 ;rs:  -7.0 ;mult:  1 ;b: 0.0
c: MCLinV(1,0,2): -1.0 x(0,2) +1.0 x(1,2) -1.0 v(1,0,2) = 7.0 ;u: 0.0 ;rs:  -7.0 ;mult:  1 ;b: 0.0
c: MCLin1(0,1,2): +1.0 u(0,1,2) >= 0.0 ;u: 0.499999999999997 ;rs:  -0.0 ;mult:  -1 ;b: -0.0
c: MCLin2(0,1,2): -37.0 y(1,0,2) -1.0 u(0,1,2) <= 0.0 ;u: 0.99 ;rs:  -0.0 ;mult:  1 ;b: 0.0
c: MCLin3(0,1,2): +22.0 y(1,0,2) +1.0 v(0,1,2) -1.0 u(0,1,2) <= 22.0 ;u: 0.99 ;rs:  -22.0 ;mult:  1 ;b: 21.78
c: MCLin4(0,1,2): +22.0 y(1,0,2) -1.0 u(0,1,2) >= 0.0 ;u: 0.99 ;rs:  -0.0 ;mult:  -1 ;b: -0.0
c: MCLin5(0,1,2): -37.0 y(1,0,2) +1.0 v(0,1,2) -1.0 u(0,1,2) >= -37.0 ;u: 0.99 ;rs:  37.0 ;mult:  -1 ;b: 36.63
c: MCLin6(1,0,2): +1.0 u(1,0,2) >= 0.0 ;u: 0.99 ;rs:  -0.0 ;mult:  -1 ;b: -0.0
c: MCLin7(1,0,2): -36.0 y(0,1,2) -1.0 u(1,0,2) <= 0.0 ;u: 0.99 ;rs:  -0.0 ;mult:  1 ;b: 0.0
c: MCLin8(1,0,2): +23.0 y(0,1,2) +1.0 v(1,0,2) -1.0 u(1,0,2) <= 23.0 ;u: 0.99 ;rs:  -23.0 ;mult:  1 ;b: 22.77
c: MCLin9(1,0,2): +23.0 y(0,1,2) -1.0 u(1,0,2) >= 0.0 ;u: 0.99 ;rs:  -0.0 ;mult:  -1 ;b: -0.0
c: MCLin10(1,0,2): -36.0 y(0,1,2) +1.0 v(1,0,2) -1.0 u(1,0,2) >= -36.0 ;u: 0.99 ;rs:  36.0 ;mult:  -1 ;b: 35.64
c: MCLinV(0,2,0): +1.0 x(0,0) -1.0 x(2,0) -1.0 v(0,2,0) = 2.0 ;u: 0.0 ;rs:  -2.0 ;mult:  1 ;b: 0.0
c: MCLinV(2,0,0): -1.0 x(0,0) +1.0 x(2,0) -1.0 v(2,0,0) = 1.0 ;u: 0.99 ;rs:  -1.0 ;mult:  1 ;b: 0.99
c: MCLin1(0,2,0): +1.0 u(0,2,0) >= 0.0 ;u: 0.499999999999997 ;rs:  -0.0 ;mult:  -1 ;b: -0.0
c: MCLin2(0,2,0): -30.0 y(2,0,0) -1.0 u(0,2,0) <= 0.0 ;u: 0.99 ;rs:  -0.0 ;mult:  1 ;b: 0.0
c: MCLin3(0,2,0): +28.0 y(2,0,0) +1.0 v(0,2,0) -1.0 u(0,2,0) <= 28.0 ;u: 0.99 ;rs:  -28.0 ;mult:  1 ;b: 27.72
c: MCLin4(0,2,0): +28.0 y(2,0,0) -1.0 u(0,2,0) >= 0.0 ;u: 0.99 ;rs:  -0.0 ;mult:  -1 ;b: -0.0
c: MCLin5(0,2,0): -30.0 y(2,0,0) +1.0 v(0,2,0) -1.0 u(0,2,0) >= -30.0 ;u: 0.99 ;rs:  30.0 ;mult:  -1 ;b: 29.7
c: MCLin6(2,0,0): +1.0 u(2,0,0) >= 0.0 ;u: 0.99 ;rs:  -0.0 ;mult:  -1 ;b: -0.0
c: MCLin7(2,0,0): -31.0 y(0,2,0) -1.0 u(2,0,0) <= 0.0 ;u: 0.99 ;rs:  -0.0 ;mult:  1 ;b: 0.0
c: MCLin8(2,0,0): +27.0 y(0,2,0) +1.0 v(2,0,0) -1.0 u(2,0,0) <= 27.0 ;u: 0.99 ;rs:  -27.0 ;mult:  1 ;b: 26.73
c: MCLin9(2,0,0): +27.0 y(0,2,0) -1.0 u(2,0,0) >= 0.0 ;u: 0.99 ;rs:  -0.0 ;mult:  -1 ;b: -0.0
c: MCLin10(2,0,0): -31.0 y(0,2,0) +1.0 v(2,0,0) -1.0 u(2,0,0) >= -31.0 ;u: 0.99 ;rs:  31.0 ;mult:  -1 ;b: 30.69
c: MCLinV(0,2,1): +1.0 x(0,1) -1.0 x(2,1) -1.0 v(0,2,1) = 7.0 ;u: 0.0 ;rs:  -7.0 ;mult:  1 ;b: 0.0
c: MCLinV(2,0,1): -1.0 x(0,1) +1.0 x(2,1) -1.0 v(2,0,1) = 7.0 ;u: 0.9444444444444444 ;rs:  -7.0 ;mult:  1 ;b: 6.611111111111111
c: MCLin1(0,2,1): +1.0 u(0,2,1) >= 0.0 ;u: 0.99 ;rs:  -0.0 ;mult:  -1 ;b: -0.0
c: MCLin2(0,2,1): -36.0 y(2,0,1) -1.0 u(0,2,1) <= 0.0 ;u: 0.99 ;rs:  -0.0 ;mult:  1 ;b: 0.0
c: MCLin3(0,2,1): +22.0 y(2,0,1) +1.0 v(0,2,1) -1.0 u(0,2,1) <= 22.0 ;u: 0.99 ;rs:  -22.0 ;mult:  1 ;b: 21.78
c: MCLin4(0,2,1): +22.0 y(2,0,1) -1.0 u(0,2,1) >= 0.0 ;u: 0.99 ;rs:  -0.0 ;mult:  -1 ;b: -0.0
c: MCLin5(0,2,1): -36.0 y(2,0,1) +1.0 v(0,2,1) -1.0 u(0,2,1) >= -36.0 ;u: 0.99 ;rs:  36.0 ;mult:  -1 ;b: 35.64
c: MCLin6(2,0,1): +1.0 u(2,0,1) >= 0.0 ;u: 0.527777777777776 ;rs:  -0.0 ;mult:  -1 ;b: -0.0
c: MCLin7(2,0,1): -36.0 y(0,2,1) -1.0 u(2,0,1) <= 0.0 ;u: 0.99 ;rs:  -0.0 ;mult:  1 ;b: 0.0
c: MCLin8(2,0,1): +22.0 y(0,2,1) +1.0 v(2,0,1) -1.0 u(2,0,1) <= 22.0 ;u: 0.99 ;rs:  -22.0 ;mult:  1 ;b: 21.78
c: MCLin9(2,0,1): +22.0 y(0,2,1) -1.0 u(2,0,1) >= 0.0 ;u: 0.99 ;rs:  -0.0 ;mult:  -1 ;b: -0.0
c: MCLin10(2,0,1): -36.0 y(0,2,1) +1.0 v(2,0,1) -1.0 u(2,0,1) >= -36.0 ;u: 0.04555555555555558 ;rs:  36.0 ;mult:  -1 ;b: 1.6400000000000008
c: MCLinV(0,2,2): +1.0 x(0,2) -1.0 x(2,2) -1.0 v(0,2,2) = 6.0 ;u: 0.0 ;rs:  -6.0 ;mult:  1 ;b: 0.0
c: MCLinV(2,0,2): -1.0 x(0,2) +1.0 x(2,2) -1.0 v(2,0,2) = 7.0 ;u: 0.0 ;rs:  -7.0 ;mult:  1 ;b: 0.0
c: MCLin1(0,2,2): +1.0 u(0,2,2) >= 0.0 ;u: 0.99 ;rs:  -0.0 ;mult:  -1 ;b: -0.0
c: MCLin2(0,2,2): -35.0 y(2,0,2) -1.0 u(0,2,2) <= 0.0 ;u: 0.99 ;rs:  -0.0 ;mult:  1 ;b: 0.0
c: MCLin3(0,2,2): +23.0 y(2,0,2) +1.0 v(0,2,2) -1.0 u(0,2,2) <= 23.0 ;u: 0.99 ;rs:  -23.0 ;mult:  1 ;b: 22.77
c: MCLin4(0,2,2): +23.0 y(2,0,2) -1.0 u(0,2,2) >= 0.0 ;u: 0.99 ;rs:  -0.0 ;mult:  -1 ;b: -0.0
c: MCLin5(0,2,2): -35.0 y(2,0,2) +1.0 v(0,2,2) -1.0 u(0,2,2) >= -35.0 ;u: 0.99 ;rs:  35.0 ;mult:  -1 ;b: 34.65
c: MCLin6(2,0,2): +1.0 u(2,0,2) >= 0.0 ;u: 0.99 ;rs:  -0.0 ;mult:  -1 ;b: -0.0
c: MCLin7(2,0,2): -36.0 y(0,2,2) -1.0 u(2,0,2) <= 0.0 ;u: 0.99 ;rs:  -0.0 ;mult:  1 ;b: 0.0
c: MCLin8(2,0,2): +22.0 y(0,2,2) +1.0 v(2,0,2) -1.0 u(2,0,2) <= 22.0 ;u: 0.99 ;rs:  -22.0 ;mult:  1 ;b: 21.78
c: MCLin9(2,0,2): +22.0 y(0,2,2) -1.0 u(2,0,2) >= 0.0 ;u: 0.99 ;rs:  -0.0 ;mult:  -1 ;b: -0.0
c: MCLin10(2,0,2): -36.0 y(0,2,2) +1.0 v(2,0,2) -1.0 u(2,0,2) >= -36.0 ;u: 0.99 ;rs:  36.0 ;mult:  -1 ;b: 35.64
c: MCLinV(1,2,0): +1.0 x(1,0) -1.0 x(2,0) -1.0 v(1,2,0) = 2.0 ;u: 0.0 ;rs:  -2.0 ;mult:  1 ;b: 0.0
c: MCLinV(2,1,0): -1.0 x(1,0) +1.0 x(2,0) -1.0 v(2,1,0) = 3.0 ;u: 0.03000000000000025 ;rs:  -3.0 ;mult:  1 ;b: 0.09000000000000075
c: MCLin1(1,2,0): +1.0 u(1,2,0) >= 0.0 ;u: 0.99 ;rs:  -0.0 ;mult:  -1 ;b: -0.0
c: MCLin2(1,2,0): -40.0 y(2,1,0) -1.0 u(1,2,0) <= 0.0 ;u: 0.02000000000000015 ;rs:  -0.0 ;mult:  1 ;b: 0.0
c: MCLin3(1,2,0): +19.0 y(2,1,0) +1.0 v(1,2,0) -1.0 u(1,2,0) <= 19.0 ;u: 0.99 ;rs:  -19.0 ;mult:  1 ;b: 18.81
c: MCLin4(1,2,0): +19.0 y(2,1,0) -1.0 u(1,2,0) >= 0.0 ;u: 0.0 ;rs:  -0.0 ;mult:  -1 ;b: -0.0
c: MCLin5(1,2,0): -40.0 y(2,1,0) +1.0 v(1,2,0) -1.0 u(1,2,0) >= -40.0 ;u: 0.99 ;rs:  40.0 ;mult:  -1 ;b: 39.6
c: MCLin6(2,1,0): +1.0 u(2,1,0) >= 0.0 ;u: 0.99 ;rs:  -0.0 ;mult:  -1 ;b: -0.0
c: MCLin7(2,1,0): -24.0 y(1,2,0) -1.0 u(2,1,0) <= 0.0 ;u: 0.99 ;rs:  -0.0 ;mult:  1 ;b: 0.0
c: MCLin8(2,1,0): +35.0 y(1,2,0) +1.0 v(2,1,0) -1.0 u(2,1,0) <= 35.0 ;u: 0.9810169491525425 ;rs:  -35.0 ;mult:  1 ;b: 34.335593220338986
c: MCLin9(2,1,0): +35.0 y(1,2,0) -1.0 u(2,1,0) >= 0.0 ;u: 0.99 ;rs:  -0.0 ;mult:  -1 ;b: -0.0
c: MCLin10(2,1,0): -24.0 y(1,2,0) +1.0 v(2,1,0) -1.0 u(2,1,0) >= -24.0 ;u: 0.9610169491525422 ;rs:  24.0 ;mult:  -1 ;b: 23.064406779661013
c: MCLinV(1,2,1): +1.0 x(1,1) -1.0 x(2,1) -1.0 v(1,2,1) = 7.0 ;u: 0.0 ;rs:  -7.0 ;mult:  1 ;b: 0.0
c: MCLinV(2,1,1): -1.0 x(1,1) +1.0 x(2,1) -1.0 v(2,1,1) = 4.0 ;u: 0.0 ;rs:  -4.0 ;mult:  1 ;b: 0.0
c: MCLin1(1,2,1): +1.0 u(1,2,1) >= 0.0 ;u: 0.010000000000002007 ;rs:  -0.0 ;mult:  -1 ;b: -0.0
c: MCLin2(1,2,1): -36.0 y(2,1,1) -1.0 u(1,2,1) <= 0.0 ;u: 0.99 ;rs:  -0.0 ;mult:  1 ;b: 0.0
c: MCLin3(1,2,1): +23.0 y(2,1,1) +1.0 v(1,2,1) -1.0 u(1,2,1) <= 23.0 ;u: 0.99 ;rs:  -23.0 ;mult:  1 ;b: 22.77
c: MCLin4(1,2,1): +23.0 y(2,1,1) -1.0 u(1,2,1) >= 0.0 ;u: 0.99 ;rs:  -0.0 ;mult:  -1 ;b: -0.0
c: MCLin5(1,2,1): -36.0 y(2,1,1) +1.0 v(1,2,1) -1.0 u(1,2,1) >= -36.0 ;u: 0.99 ;rs:  36.0 ;mult:  -1 ;b: 35.64
c: MCLin6(2,1,1): +1.0 u(2,1,1) >= 0.0 ;u: 0.010000000000085274 ;rs:  -0.0 ;mult:  -1 ;b: -0.0
c: MCLin7(2,1,1): -34.0 y(1,2,1) -1.0 u(2,1,1) <= 0.0 ;u: 0.99 ;rs:  -0.0 ;mult:  1 ;b: 0.0
c: MCLin8(2,1,1): +25.0 y(1,2,1) +1.0 v(2,1,1) -1.0 u(2,1,1) <= 25.0 ;u: 0.99 ;rs:  -25.0 ;mult:  1 ;b: 24.75
c: MCLin9(2,1,1): +25.0 y(1,2,1) -1.0 u(2,1,1) >= 0.0 ;u: 0.99 ;rs:  -0.0 ;mult:  -1 ;b: -0.0
c: MCLin10(2,1,1): -34.0 y(1,2,1) +1.0 v(2,1,1) -1.0 u(2,1,1) >= -34.0 ;u: 0.9899999999999999 ;rs:  34.0 ;mult:  -1 ;b: 33.66
c: MCLinV(1,2,2): +1.0 x(1,2) -1.0 x(2,2) -1.0 v(1,2,2) = 6.0 ;u: 0.0 ;rs:  -6.0 ;mult:  1 ;b: 0.0
c: MCLinV(2,1,2): -1.0 x(1,2) +1.0 x(2,2) -1.0 v(2,1,2) = 7.0 ;u: 0.027027027027026862 ;rs:  -7.0 ;mult:  1 ;b: 0.18918918918918803
c: MCLin1(1,2,2): +1.0 u(1,2,2) >= 0.0 ;u: 0.010000000000002007 ;rs:  -0.0 ;mult:  -1 ;b: -0.0
c: MCLin2(1,2,2): -35.0 y(2,1,2) -1.0 u(1,2,2) <= 0.0 ;u: 0.99 ;rs:  -0.0 ;mult:  1 ;b: 0.0
c: MCLin3(1,2,2): +24.0 y(2,1,2) +1.0 v(1,2,2) -1.0 u(1,2,2) <= 24.0 ;u: 0.99 ;rs:  -24.0 ;mult:  1 ;b: 23.759999999999998
c: MCLin4(1,2,2): +24.0 y(2,1,2) -1.0 u(1,2,2) >= 0.0 ;u: 0.99 ;rs:  -0.0 ;mult:  -1 ;b: -0.0
c: MCLin5(1,2,2): -35.0 y(2,1,2) +1.0 v(1,2,2) -1.0 u(1,2,2) >= -35.0 ;u: 0.99 ;rs:  35.0 ;mult:  -1 ;b: 34.65
c: MCLin6(2,1,2): +1.0 u(2,1,2) >= 0.0 ;u: 0.99 ;rs:  -0.0 ;mult:  -1 ;b: -0.0
c: MCLin7(2,1,2): -37.0 y(1,2,2) -1.0 u(2,1,2) <= 0.0 ;u: 0.99 ;rs:  -0.0 ;mult:  1 ;b: 0.0
c: MCLin8(2,1,2): +22.0 y(1,2,2) +1.0 v(2,1,2) -1.0 u(2,1,2) <= 22.0 ;u: 0.99 ;rs:  -22.0 ;mult:  1 ;b: 21.78
c: MCLin9(2,1,2): +22.0 y(1,2,2) -1.0 u(2,1,2) >= 0.0 ;u: 0.99 ;rs:  -0.0 ;mult:  -1 ;b: -0.0
c: MCLin10(2,1,2): -37.0 y(1,2,2) +1.0 v(2,1,2) -1.0 u(2,1,2) >= -37.0 ;u: 0.962972972972973 ;rs:  37.0 ;mult:  -1 ;b: 35.63
c: makespan(0): +1.0 C -1.0 x(0,0) >= 1.0 ;u: 0.9068913020163069 ;rs:  -1.0 ;mult:  -1 ;b: -0.9068913020163069
c: makespan(1): +1.0 C -1.0 x(1,2) >= 7.0 ;u: 0.007027027027026844 ;rs:  -7.0 ;mult:  -1 ;b: -0.04918918918918791
c: makespan(2): +1.0 C -1.0 x(2,0) >= 2.0 ;u: 0.09608167095666623 ;rs:  -2.0 ;mult:  -1 ;b: -0.19216334191333245
var:  + 0.99x(0,2) - 2.0136364758000003x(0,0) + 0.99x(1,0) + 0.9660833334000001x(1,1) - 1.01x(1,2) + 1.1075531424x(2,1) - 0.009999999999999992x(2,2) + 0.99x(2,0) - 1.009999999999998y(0,1,1) + 0.990000000000002y(1,0,1) + 0.990000000000002y(0,1,2) + 0.990000000000002y(1,0,2) + 0.9899999999999984y(0,2,0) + 0.9899999999999984y(2,0,0) - 33.01y(0,2,1) + 0.990000000000002y(2,0,1) + 0.990000000000002y(0,2,2) + 0.990000000000002y(2,0,2) + 0.990000000000002y(1,2,1) + 0.990000000000002y(2,1,1) - 0.00999999999999801y(1,2,2) + 0.990000000000002y(2,1,2) - 0.010000000000000009v(0,1,0) - 0.010000000000000009u(0,1,0) - 0.00999999999999801y(1,0,0) - 1.4751250000000002u(1,0,0) - 38.01y(0,1,0) - x(0,1) - 0.9899999999999998u(0,1,1) - 1.0277777777999997u(1,0,1) - 0.5u(0,1,2) - 0.9899999999999998u(1,0,2) - 0.5u(0,2,0) - 0.9899999999999998u(2,0,0) - 0.99v(2,0,0) - 0.9899999999999998u(0,2,1) - 1.4722222222000003u(2,0,1) - 0.9899999999999998u(0,2,2) - 0.9899999999999998u(2,0,2) - 0.010000000000000009v(2,1,0) - 1.01u(1,2,0) + 57.61y(2,1,0) - 1.0100000000000002u(2,1,0) - 1.0100000000000016y(1,2,0) - 0.010000000000000009u(1,2,1) - 0.010000000000000009u(2,1,1) - 0.010000000000000009u(1,2,2) - 1.0170270269999997u(2,1,2) - 1.01C   b:  969.0
eq:  - 3.0x(0,0) - 2.0x(1,2) + x(2,1) - x(2,2) - 2.0y(0,1,1) - 34.0y(0,2,1) - y(1,2,2) - v(0,1,0) - u(0,1,0) - y(1,0,0) - 2.0u(1,0,0) - 39.0y(0,1,0) - x(0,1) - u(0,1,1) - 2.0u(1,0,1) - u(0,1,2) - u(1,0,2) - u(0,2,0) - u(2,0,0) - v(2,0,0) - u(0,2,1) - 2.0u(2,0,1) - u(0,2,2) - u(2,0,2) - v(2,1,0) - 2.0u(1,2,0) + 57.0y(2,1,0) - 2.0u(2,1,0) - 2.0y(1,2,0) - u(1,2,1) - u(2,1,1) - u(1,2,2) - 2.0u(2,1,2) - 2.0C  soma;  -178.3337837837838 b:  969.0 soma > b? False
teste:  - 2.0C - x(0,1) - 3.0x(0,0) - 2.0x(1,2) + x(2,1) - x(2,2) - 39.0y(0,1,0) - y(1,0,0) - 2.0y(0,1,1) - 34.0y(0,2,1) - 2.0y(1,2,0) + 57.0y(2,1,0) - y(1,2,2) - v(0,1,0) - u(0,1,0) - 2.0u(1,0,0) - u(0,1,1) - 2.0u(1,0,1) - u(0,1,2) - u(1,0,2) - v(2,0,0) - u(0,2,0) - u(2,0,0) - u(0,2,1) - 2.0u(2,0,1) - u(0,2,2) - u(2,0,2) - v(2,1,0) - 2.0u(1,2,0) - 2.0u(2,1,0) - u(1,2,1) - u(2,1,1) - u(1,2,2) - 2.0u(2,1,2)  ;soma: - 178.3337837837838 ;a0: 969.0
==========================
c: ord(0,1): -1.0 x(0,1) +1.0 x(0,2) >= 7.0 ;u: 0.14442925948425356 ;rs:  -7.0 ;mult:  -1 ;b: -1.011004816389775
c: ord(0,2): -1.0 x(0,2) +1.0 x(0,0) >= 7.0 ;u: 0.0233181483731425 ;rs:  -7.0 ;mult:  -1 ;b: -0.1632270386119975
c: ord(1,1): +1.0 x(1,0) -1.0 x(1,1) >= 4.0 ;u: 0.9185891875341935 ;rs:  -4.0 ;mult:  -1 ;b: -3.674356750136774
c: ord(1,2): -1.0 x(1,0) +1.0 x(1,2) >= 3.0 ;u: 0.9758472520503225 ;rs:  -3.0 ;mult:  -1 ;b: -2.9275417561509673
c: ord(2,1): -1.0 x(2,1) +1.0 x(2,2) >= 7.0 ;u: 0.0069815529815527855 ;rs:  -7.0 ;mult:  -1 ;b: -0.0488708708708695
c: ord(2,2): -1.0 x(2,2) +1.0 x(2,0) >= 6.0 ;u: 0.0 ;rs:  -6.0 ;mult:  -1 ;b: -0.0
c: triangle2(0,1,0): +1.0 y(0,1,0) +1.0 y(1,0,0) = 1.0 ;u: 0.990000000000002 ;rs:  -1.0 ;mult:  1 ;b: 0.990000000000002
c: triangle2(0,1,1): +1.0 y(0,1,1) +1.0 y(1,0,1) = 1.0 ;u: 0.0 ;rs:  -1.0 ;mult:  1 ;b: 0.0
c: triangle2(0,1,2): +1.0 y(0,1,2) +1.0 y(1,0,2) = 1.0 ;u: 0.99 ;rs:  -1.0 ;mult:  1 ;b: 0.99
c: triangle2(0,2,0): +1.0 y(0,2,0) +1.0 y(2,0,0) = 1.0 ;u: 0.99 ;rs:  -1.0 ;mult:  1 ;b: 0.99
c: triangle2(0,2,1): +1.0 y(0,2,1) +1.0 y(2,0,1) = 1.0 ;u: 0.0 ;rs:  -1.0 ;mult:  1 ;b: 0.0
c: triangle2(0,2,2): +1.0 y(0,2,2) +1.0 y(2,0,2) = 1.0 ;u: 0.99 ;rs:  -1.0 ;mult:  1 ;b: 0.99
c: triangle2(1,2,0): +1.0 y(1,2,0) +1.0 y(2,1,0) = 1.0 ;u: 0.2899999999999905 ;rs:  -1.0 ;mult:  1 ;b: 0.2899999999999905
c: triangle2(1,2,1): +1.0 y(1,2,1) +1.0 y(2,1,1) = 1.0 ;u: 0.5614768206070151 ;rs:  -1.0 ;mult:  1 ;b: 0.5614768206070151
c: triangle2(1,2,2): +1.0 y(1,2,2) +1.0 y(2,1,2) = 1.0 ;u: 0.0 ;rs:  -1.0 ;mult:  1 ;b: 0.0
c: MCLinV(0,1,0): +1.0 x(0,0) -1.0 x(1,0) -1.0 v(0,1,0) = 3.0 ;u: 0.010000000000000009 ;rs:  -3.0 ;mult:  1 ;b: 0.030000000000000027
c: MCLinV(1,0,0): -1.0 x(0,0) +1.0 x(1,0) -1.0 v(1,0,0) = 1.0 ;u: 0.975 ;rs:  -1.0 ;mult:  1 ;b: 0.975
c: MCLin1(0,1,0): +1.0 u(0,1,0) >= 0.0 ;u: 0.010000000000000009 ;rs:  -0.0 ;mult:  -1 ;b: -0.0
c: MCLin2(0,1,0): -23.0 y(1,0,0) -1.0 u(0,1,0) <= 0.0 ;u: 0.99 ;rs:  -0.0 ;mult:  1 ;b: 0.0
c: MCLin3(0,1,0): +36.0 y(1,0,0) +1.0 v(0,1,0) -1.0 u(0,1,0) <= 36.0 ;u: 0.99 ;rs:  -36.0 ;mult:  1 ;b: 35.64
c: MCLin4(0,1,0): +36.0 y(1,0,0) -1.0 u(0,1,0) >= 0.0 ;u: 0.99 ;rs:  -0.0 ;mult:  -1 ;b: -0.0
c: MCLin5(0,1,0): -23.0 y(1,0,0) +1.0 v(0,1,0) -1.0 u(0,1,0) >= -23.0 ;u: 0.99 ;rs:  23.0 ;mult:  -1 ;b: 22.77
c: MCLin6(1,0,0): +1.0 u(1,0,0) >= 0.0 ;u: 0.5125 ;rs:  -0.0 ;mult:  -1 ;b: -0.0
c: MCLin7(1,0,0): -40.0 y(0,1,0) -1.0 u(1,0,0) <= 0.0 ;u: 0.99 ;rs:  -0.0 ;mult:  1 ;b: 0.0
c: MCLin8(1,0,0): +19.0 y(0,1,0) +1.0 v(1,0,0) -1.0 u(1,0,0) <= 19.0 ;u: 0.99 ;rs:  -19.0 ;mult:  1 ;b: 18.81
c: MCLin9(1,0,0): +19.0 y(0,1,0) -1.0 u(1,0,0) >= 0.0 ;u: 0.99 ;rs:  -0.0 ;mult:  -1 ;b: -0.0
c: MCLin10(1,0,0): -40.0 y(0,1,0) +1.0 v(1,0,0) -1.0 u(1,0,0) >= -40.0 ;u: 0.014999999999999986 ;rs:  40.0 ;mult:  -1 ;b: 0.5999999999999994
c: MCLinV(0,1,1): +1.0 x(0,1) -1.0 x(1,1) -1.0 v(0,1,1) = 4.0 ;u: 0.0002941176470588891 ;rs:  -4.0 ;mult:  1 ;b: 0.0011764705882355564
c: MCLinV(1,0,1): -1.0 x(0,1) +1.0 x(1,1) -1.0 v(1,0,1) = 7.0 ;u: 0.0002777777777777102 ;rs:  -7.0 ;mult:  1 ;b: 0.0019444444444439712
c: MCLin1(0,1,1): +1.0 u(0,1,1) >= 0.0 ;u: 0.99 ;rs:  -0.0 ;mult:  -1 ;b: -0.0
c: MCLin2(0,1,1): -34.0 y(1,0,1) -1.0 u(0,1,1) <= 0.0 ;u: 0.99 ;rs:  -0.0 ;mult:  1 ;b: 0.0
c: MCLin3(0,1,1): +25.0 y(1,0,1) +1.0 v(0,1,1) -1.0 u(0,1,1) <= 25.0 ;u: 0.99 ;rs:  -25.0 ;mult:  1 ;b: 24.75
c: MCLin4(0,1,1): +25.0 y(1,0,1) -1.0 u(0,1,1) >= 0.0 ;u: 0.99 ;rs:  -0.0 ;mult:  -1 ;b: -0.0
c: MCLin5(0,1,1): -34.0 y(1,0,1) +1.0 v(0,1,1) -1.0 u(0,1,1) >= -34.0 ;u: 0.9897058823529411 ;rs:  34.0 ;mult:  -1 ;b: 33.65
c: MCLin6(1,0,1): +1.0 u(1,0,1) >= 0.0 ;u: 0.49986111111111114 ;rs:  -0.0 ;mult:  -1 ;b: -0.0
c: MCLin7(1,0,1): -36.0 y(0,1,1) -1.0 u(1,0,1) <= 0.0 ;u: 0.99 ;rs:  -0.0 ;mult:  1 ;b: 0.0
c: MCLin8(1,0,1): +23.0 y(0,1,1) +1.0 v(1,0,1) -1.0 u(1,0,1) <= 23.0 ;u: 0.99 ;rs:  -23.0 ;mult:  1 ;b: 22.77
c: MCLin9(1,0,1): +23.0 y(0,1,1) -1.0 u(1,0,1) >= 0.0 ;u: 0.99 ;rs:  -0.0 ;mult:  -1 ;b: -0.0
c: MCLin10(1,0,1): -36.0 y(0,1,1) +1.0 v(1,0,1) -1.0 u(1,0,1) >= -36.0 ;u: 0.9897222222222223 ;rs:  36.0 ;mult:  -1 ;b: 35.63
c: MCLinV(0,1,2): +1.0 x(0,2) -1.0 x(1,2) -1.0 v(0,1,2) = 7.0 ;u: 0.0 ;rs:  -7.0 ;mult:  1 ;b: 0.0
c: MCLinV(1,0,2): -1.0 x(0,2) +1.0 x(1,2) -1.0 v(1,0,2) = 7.0 ;u: 0.0 ;rs:  -7.0 ;mult:  1 ;b: 0.0
c: MCLin1(0,1,2): +1.0 u(0,1,2) >= 0.0 ;u: 0.499999999999997 ;rs:  -0.0 ;mult:  -1 ;b: -0.0
c: MCLin2(0,1,2): -37.0 y(1,0,2) -1.0 u(0,1,2) <= 0.0 ;u: 0.99 ;rs:  -0.0 ;mult:  1 ;b: 0.0
c: MCLin3(0,1,2): +22.0 y(1,0,2) +1.0 v(0,1,2) -1.0 u(0,1,2) <= 22.0 ;u: 0.99 ;rs:  -22.0 ;mult:  1 ;b: 21.78
c: MCLin4(0,1,2): +22.0 y(1,0,2) -1.0 u(0,1,2) >= 0.0 ;u: 0.99 ;rs:  -0.0 ;mult:  -1 ;b: -0.0
c: MCLin5(0,1,2): -37.0 y(1,0,2) +1.0 v(0,1,2) -1.0 u(0,1,2) >= -37.0 ;u: 0.99 ;rs:  37.0 ;mult:  -1 ;b: 36.63
c: MCLin6(1,0,2): +1.0 u(1,0,2) >= 0.0 ;u: 0.99 ;rs:  -0.0 ;mult:  -1 ;b: -0.0
c: MCLin7(1,0,2): -36.0 y(0,1,2) -1.0 u(1,0,2) <= 0.0 ;u: 0.99 ;rs:  -0.0 ;mult:  1 ;b: 0.0
c: MCLin8(1,0,2): +23.0 y(0,1,2) +1.0 v(1,0,2) -1.0 u(1,0,2) <= 23.0 ;u: 0.99 ;rs:  -23.0 ;mult:  1 ;b: 22.77
c: MCLin9(1,0,2): +23.0 y(0,1,2) -1.0 u(1,0,2) >= 0.0 ;u: 0.99 ;rs:  -0.0 ;mult:  -1 ;b: -0.0
c: MCLin10(1,0,2): -36.0 y(0,1,2) +1.0 v(1,0,2) -1.0 u(1,0,2) >= -36.0 ;u: 0.99 ;rs:  36.0 ;mult:  -1 ;b: 35.64
c: MCLinV(0,2,0): +1.0 x(0,0) -1.0 x(2,0) -1.0 v(0,2,0) = 2.0 ;u: 0.0 ;rs:  -2.0 ;mult:  1 ;b: 0.0
c: MCLinV(2,0,0): -1.0 x(0,0) +1.0 x(2,0) -1.0 v(2,0,0) = 1.0 ;u: 0.9677419354838709 ;rs:  -1.0 ;mult:  1 ;b: 0.9677419354838709
c: MCLin1(0,2,0): +1.0 u(0,2,0) >= 0.0 ;u: 0.499999999999997 ;rs:  -0.0 ;mult:  -1 ;b: -0.0
c: MCLin2(0,2,0): -30.0 y(2,0,0) -1.0 u(0,2,0) <= 0.0 ;u: 0.99 ;rs:  -0.0 ;mult:  1 ;b: 0.0
c: MCLin3(0,2,0): +28.0 y(2,0,0) +1.0 v(0,2,0) -1.0 u(0,2,0) <= 28.0 ;u: 0.99 ;rs:  -28.0 ;mult:  1 ;b: 27.72
c: MCLin4(0,2,0): +28.0 y(2,0,0) -1.0 u(0,2,0) >= 0.0 ;u: 0.99 ;rs:  -0.0 ;mult:  -1 ;b: -0.0
c: MCLin5(0,2,0): -30.0 y(2,0,0) +1.0 v(0,2,0) -1.0 u(0,2,0) >= -30.0 ;u: 0.99 ;rs:  30.0 ;mult:  -1 ;b: 29.7
c: MCLin6(2,0,0): +1.0 u(2,0,0) >= 0.0 ;u: 0.99 ;rs:  -0.0 ;mult:  -1 ;b: -0.0
c: MCLin7(2,0,0): -31.0 y(0,2,0) -1.0 u(2,0,0) <= 0.0 ;u: 0.99 ;rs:  -0.0 ;mult:  1 ;b: 0.0
c: MCLin8(2,0,0): +27.0 y(0,2,0) +1.0 v(2,0,0) -1.0 u(2,0,0) <= 27.0 ;u: 0.99 ;rs:  -27.0 ;mult:  1 ;b: 26.73
c: MCLin9(2,0,0): +27.0 y(0,2,0) -1.0 u(2,0,0) >= 0.0 ;u: 0.99 ;rs:  -0.0 ;mult:  -1 ;b: -0.0
c: MCLin10(2,0,0): -31.0 y(0,2,0) +1.0 v(2,0,0) -1.0 u(2,0,0) >= -31.0 ;u: 0.022258064516129123 ;rs:  31.0 ;mult:  -1 ;b: 0.6900000000000028
c: MCLinV(0,2,1): +1.0 x(0,1) -1.0 x(2,1) -1.0 v(0,2,1) = 7.0 ;u: 0.0002777777777777102 ;rs:  -7.0 ;mult:  1 ;b: 0.0019444444444439712
c: MCLinV(2,0,1): -1.0 x(0,1) +1.0 x(2,1) -1.0 v(2,0,1) = 7.0 ;u: 0.0280555555555555 ;rs:  -7.0 ;mult:  1 ;b: 0.1963888888888885
c: MCLin1(0,2,1): +1.0 u(0,2,1) >= 0.0 ;u: 0.99 ;rs:  -0.0 ;mult:  -1 ;b: -0.0
c: MCLin2(0,2,1): -36.0 y(2,0,1) -1.0 u(0,2,1) <= 0.0 ;u: 0.99 ;rs:  -0.0 ;mult:  1 ;b: 0.0
c: MCLin3(0,2,1): +22.0 y(2,0,1) +1.0 v(0,2,1) -1.0 u(0,2,1) <= 22.0 ;u: 0.99 ;rs:  -22.0 ;mult:  1 ;b: 21.78
c: MCLin4(0,2,1): +22.0 y(2,0,1) -1.0 u(0,2,1) >= 0.0 ;u: 0.99 ;rs:  -0.0 ;mult:  -1 ;b: -0.0
c: MCLin5(0,2,1): -36.0 y(2,0,1) +1.0 v(0,2,1) -1.0 u(0,2,1) >= -36.0 ;u: 0.9897222222222223 ;rs:  36.0 ;mult:  -1 ;b: 35.63
c: MCLin6(2,0,1): +1.0 u(2,0,1) >= 0.0 ;u: 0.9859722222222222 ;rs:  -0.0 ;mult:  -1 ;b: -0.0
c: MCLin7(2,0,1): -36.0 y(0,2,1) -1.0 u(2,0,1) <= 0.0 ;u: 0.99 ;rs:  -0.0 ;mult:  1 ;b: 0.0
c: MCLin8(2,0,1): +22.0 y(0,2,1) +1.0 v(2,0,1) -1.0 u(2,0,1) <= 22.0 ;u: 0.99 ;rs:  -22.0 ;mult:  1 ;b: 21.78
c: MCLin9(2,0,1): +22.0 y(0,2,1) -1.0 u(2,0,1) >= 0.0 ;u: 0.99 ;rs:  -0.0 ;mult:  -1 ;b: -0.0
c: MCLin10(2,0,1): -36.0 y(0,2,1) +1.0 v(2,0,1) -1.0 u(2,0,1) >= -36.0 ;u: 0.9619444444444445 ;rs:  36.0 ;mult:  -1 ;b: 34.63
c: MCLinV(0,2,2): +1.0 x(0,2) -1.0 x(2,2) -1.0 v(0,2,2) = 6.0 ;u: 0.0 ;rs:  -6.0 ;mult:  1 ;b: 0.0
c: MCLinV(2,0,2): -1.0 x(0,2) +1.0 x(2,2) -1.0 v(2,0,2) = 7.0 ;u: 0.888888888888889 ;rs:  -7.0 ;mult:  1 ;b: 6.222222222222222
c: MCLin1(0,2,2): +1.0 u(0,2,2) >= 0.0 ;u: 0.99 ;rs:  -0.0 ;mult:  -1 ;b: -0.0
c: MCLin2(0,2,2): -35.0 y(2,0,2) -1.0 u(0,2,2) <= 0.0 ;u: 0.99 ;rs:  -0.0 ;mult:  1 ;b: 0.0
c: MCLin3(0,2,2): +23.0 y(2,0,2) +1.0 v(0,2,2) -1.0 u(0,2,2) <= 23.0 ;u: 0.99 ;rs:  -23.0 ;mult:  1 ;b: 22.77
c: MCLin4(0,2,2): +23.0 y(2,0,2) -1.0 u(0,2,2) >= 0.0 ;u: 0.99 ;rs:  -0.0 ;mult:  -1 ;b: -0.0
c: MCLin5(0,2,2): -35.0 y(2,0,2) +1.0 v(0,2,2) -1.0 u(0,2,2) >= -35.0 ;u: 0.99 ;rs:  35.0 ;mult:  -1 ;b: 34.65
c: MCLin6(2,0,2): +1.0 u(2,0,2) >= 0.0 ;u: 0.99 ;rs:  -0.0 ;mult:  -1 ;b: -0.0
c: MCLin7(2,0,2): -36.0 y(0,2,2) -1.0 u(2,0,2) <= 0.0 ;u: 0.99 ;rs:  -0.0 ;mult:  1 ;b: 0.0
c: MCLin8(2,0,2): +22.0 y(0,2,2) +1.0 v(2,0,2) -1.0 u(2,0,2) <= 22.0 ;u: 0.99 ;rs:  -22.0 ;mult:  1 ;b: 21.78
c: MCLin9(2,0,2): +22.0 y(0,2,2) -1.0 u(2,0,2) >= 0.0 ;u: 0.99 ;rs:  -0.0 ;mult:  -1 ;b: -0.0
c: MCLin10(2,0,2): -36.0 y(0,2,2) +1.0 v(2,0,2) -1.0 u(2,0,2) >= -36.0 ;u: 0.10111111111111108 ;rs:  36.0 ;mult:  -1 ;b: 3.639999999999999
c: MCLinV(1,2,0): +1.0 x(1,0) -1.0 x(2,0) -1.0 v(1,2,0) = 2.0 ;u: 0.0 ;rs:  -2.0 ;mult:  1 ;b: 0.0
c: MCLinV(2,1,0): -1.0 x(1,0) +1.0 x(2,0) -1.0 v(2,1,0) = 3.0 ;u: 0.032258064516129115 ;rs:  -3.0 ;mult:  1 ;b: 0.09677419354838734
c: MCLin1(1,2,0): +1.0 u(1,2,0) >= 0.0 ;u: 0.9672500000000006 ;rs:  -0.0 ;mult:  -1 ;b: -0.0
c: MCLin2(1,2,0): -40.0 y(2,1,0) -1.0 u(1,2,0) <= 0.0 ;u: 0.04274999999999962 ;rs:  -0.0 ;mult:  1 ;b: 0.0
c: MCLin3(1,2,0): +19.0 y(2,1,0) +1.0 v(1,2,0) -1.0 u(1,2,0) <= 19.0 ;u: 0.99 ;rs:  -19.0 ;mult:  1 ;b: 18.81
c: MCLin4(1,2,0): +19.0 y(2,1,0) -1.0 u(1,2,0) >= 0.0 ;u: 0.0 ;rs:  -0.0 ;mult:  -1 ;b: -0.0
c: MCLin5(1,2,0): -40.0 y(2,1,0) +1.0 v(1,2,0) -1.0 u(1,2,0) >= -40.0 ;u: 0.99 ;rs:  40.0 ;mult:  -1 ;b: 39.6
c: MCLin6(2,1,0): +1.0 u(2,1,0) >= 0.0 ;u: 0.99 ;rs:  -0.0 ;mult:  -1 ;b: -0.0
c: MCLin7(2,1,0): -24.0 y(1,2,0) -1.0 u(2,1,0) <= 0.0 ;u: 0.99 ;rs:  -0.0 ;mult:  1 ;b: 0.0
c: MCLin8(2,1,0): +35.0 y(1,2,0) +1.0 v(2,1,0) -1.0 u(2,1,0) <= 35.0 ;u: 0.010000000000000231 ;rs:  -35.0 ;mult:  1 ;b: 0.3500000000000081
c: MCLin9(2,1,0): +35.0 y(1,2,0) -1.0 u(2,1,0) >= 0.0 ;u: 0.99 ;rs:  -0.0 ;mult:  -1 ;b: -0.0
c: MCLin10(2,1,0): -24.0 y(1,2,0) +1.0 v(2,1,0) -1.0 u(2,1,0) >= -24.0 ;u: 0.99 ;rs:  24.0 ;mult:  -1 ;b: 23.759999999999998
c: MCLinV(1,2,1): +1.0 x(1,1) -1.0 x(2,1) -1.0 v(1,2,1) = 7.0 ;u: 0.0 ;rs:  -7.0 ;mult:  1 ;b: 0.0
c: MCLinV(2,1,1): -1.0 x(1,1) +1.0 x(2,1) -1.0 v(2,1,1) = 4.0 ;u: 0.9285728476649123 ;rs:  -4.0 ;mult:  1 ;b: 3.7142913906596493
c: MCLin1(1,2,1): +1.0 u(1,2,1) >= 0.0 ;u: 0.9899999999999998 ;rs:  -0.0 ;mult:  -1 ;b: -0.0
c: MCLin2(1,2,1): -36.0 y(2,1,1) -1.0 u(1,2,1) <= 0.0 ;u: 0.99 ;rs:  -0.0 ;mult:  1 ;b: 0.0
c: MCLin3(1,2,1): +23.0 y(2,1,1) +1.0 v(1,2,1) -1.0 u(1,2,1) <= 23.0 ;u: 0.99 ;rs:  -23.0 ;mult:  1 ;b: 22.77
c: MCLin4(1,2,1): +23.0 y(2,1,1) -1.0 u(1,2,1) >= 0.0 ;u: 0.9705335054340163 ;rs:  -0.0 ;mult:  -1 ;b: -0.0
c: MCLin5(1,2,1): -36.0 y(2,1,1) +1.0 v(1,2,1) -1.0 u(1,2,1) >= -36.0 ;u: 0.9894664945659835 ;rs:  36.0 ;mult:  -1 ;b: 35.6207938043754
c: MCLin6(2,1,1): +1.0 u(2,1,1) >= 0.0 ;u: 0.08142715233508824 ;rs:  -0.0 ;mult:  -1 ;b: -0.0
c: MCLin7(2,1,1): -34.0 y(1,2,1) -1.0 u(2,1,1) <= 0.0 ;u: 0.99 ;rs:  -0.0 ;mult:  1 ;b: 0.0
c: MCLin8(2,1,1): +25.0 y(1,2,1) +1.0 v(2,1,1) -1.0 u(2,1,1) <= 25.0 ;u: 0.99 ;rs:  -25.0 ;mult:  1 ;b: 24.75
c: MCLin9(2,1,1): +25.0 y(1,2,1) -1.0 u(2,1,1) >= 0.0 ;u: 0.99 ;rs:  -0.0 ;mult:  -1 ;b: -0.0
c: MCLin10(2,1,1): -34.0 y(1,2,1) +1.0 v(2,1,1) -1.0 u(2,1,1) >= -34.0 ;u: 0.0614271523350877 ;rs:  34.0 ;mult:  -1 ;b: 2.0885231793929817
c: MCLinV(1,2,2): +1.0 x(1,2) -1.0 x(2,2) -1.0 v(1,2,2) = 6.0 ;u: 0.00028571428571433355 ;rs:  -6.0 ;mult:  1 ;b: 0.0017142857142860013
c: MCLinV(2,1,2): -1.0 x(1,2) +1.0 x(2,2) -1.0 v(2,1,2) = 7.0 ;u: 0.10837837837837816 ;rs:  -7.0 ;mult:  1 ;b: 0.7586486486486471
c: MCLin1(1,2,2): +1.0 u(1,2,2) >= 0.0 ;u: 0.009714285714285675 ;rs:  -0.0 ;mult:  -1 ;b: -0.0
c: MCLin2(1,2,2): -35.0 y(2,1,2) -1.0 u(1,2,2) <= 0.0 ;u: 0.99 ;rs:  -0.0 ;mult:  1 ;b: 0.0
c: MCLin3(1,2,2): +24.0 y(2,1,2) +1.0 v(1,2,2) -1.0 u(1,2,2) <= 24.0 ;u: 0.99 ;rs:  -24.0 ;mult:  1 ;b: 23.759999999999998
c: MCLin4(1,2,2): +24.0 y(2,1,2) -1.0 u(1,2,2) >= 0.0 ;u: 0.99 ;rs:  -0.0 ;mult:  -1 ;b: -0.0
c: MCLin5(1,2,2): -35.0 y(2,1,2) +1.0 v(1,2,2) -1.0 u(1,2,2) >= -35.0 ;u: 0.9897142857142858 ;rs:  35.0 ;mult:  -1 ;b: 34.64
c: MCLin6(2,1,2): +1.0 u(2,1,2) >= 0.0 ;u: 0.99 ;rs:  -0.0 ;mult:  -1 ;b: -0.0
c: MCLin7(2,1,2): -37.0 y(1,2,2) -1.0 u(2,1,2) <= 0.0 ;u: 0.99 ;rs:  -0.0 ;mult:  1 ;b: 0.0
c: MCLin8(2,1,2): +22.0 y(1,2,2) +1.0 v(2,1,2) -1.0 u(2,1,2) <= 22.0 ;u: 0.99 ;rs:  -22.0 ;mult:  1 ;b: 21.78
c: MCLin9(2,1,2): +22.0 y(1,2,2) -1.0 u(2,1,2) >= 0.0 ;u: 0.99 ;rs:  -0.0 ;mult:  -1 ;b: -0.0
c: MCLin10(2,1,2): -37.0 y(1,2,2) +1.0 v(2,1,2) -1.0 u(2,1,2) >= -37.0 ;u: 0.8816216216216217 ;rs:  37.0 ;mult:  -1 ;b: 32.620000000000005
c: makespan(0): +1.0 C -1.0 x(0,0) >= 1.0 ;u: 0.9460600838570133 ;rs:  -1.0 ;mult:  -1 ;b: -0.9460600838570133
c: makespan(1): +1.0 C -1.0 x(1,2) >= 7.0 ;u: 0.07393991614298645 ;rs:  -7.0 ;mult:  -1 ;b: -0.5175794130009052
c: makespan(2): +1.0 C -1.0 x(2,0) >= 2.0 ;u: 0.99 ;rs:  -2.0 ;mult:  -1 ;b: -1.98
var:  + 0.11666782149999999x(0,1) - 1.01x(0,2) - 1.01x(0,0) + 0.9900000001000001x(1,0) - 0.010000000000000009x(1,1) - 1.0100000001x(1,2) + 0.9633321785000001x(2,1) + 0.9899999999999999x(2,2) - 38.01y(0,1,0) + 0.9899999999999984y(1,0,0) + 0.990000000000002y(0,1,2) + 0.990000000000002y(1,0,2) - 29.01y(0,2,0) + 0.9899999999999984y(2,0,0) - 31.009999999999998y(0,2,2) + 0.990000000000002y(2,0,2) - 34.00999999999999y(1,2,0) + 56.99y(2,1,0) - 31.009999999999998y(1,2,1) + 0.990000000000002y(2,1,1) - 0.010000000000000009v(0,1,0) - 0.010000000000000009u(0,1,0) - 1.4874999999999998u(1,0,0) - 0.9902941175999997u(0,1,1) - 0.00999999999999801y(1,0,1) - 0.5001388889u(1,0,1) - 0.00999999999999801y(0,1,1) - 0.5u(0,1,2) - 0.9899999999999998u(1,0,2) + 1.99x(2,0) - 0.5u(0,2,0) - 1.9577419354999999u(2,0,0) - 0.9902777777999998u(0,2,1) - 0.00999999999999801y(2,0,1) - 1.0140277778u(2,0,1) - 1.009999999999998y(0,2,1) - 0.9899999999999998u(0,2,2) - 1.8788888888999997u(2,0,2) - 1.0122580644999999v(2,1,0) - 1.01u(1,2,0) - 0.010000000000000009u(2,1,0) - 1.0099999999999996u(1,2,1) + 0.0005335053999999673v(1,2,1) - 1.0100000000000002u(2,1,1) - 0.009999999999999898u(1,2,2) - 0.00999999999999801y(2,1,2) - 1.0983783783999996u(2,1,2) - 4.010000000000005y(1,2,2) - 2.01C   b:  880.0
eq:  - 2.0x(0,2) - 2.0x(0,0) - x(1,1) - 2.0x(1,2) - 39.0y(0,1,0) - 30.0y(0,2,0) - 32.0y(0,2,2) - 35.0y(1,2,0) + 56.0y(2,1,0) - 32.0y(1,2,1) - v(0,1,0) - u(0,1,0) - 2.0u(1,0,0) - u(0,1,1) - y(1,0,1) - u(1,0,1) - y(0,1,1) - u(0,1,2) - u(1,0,2) + x(2,0) - u(0,2,0) - 2.0u(2,0,0) - u(0,2,1) - y(2,0,1) - 2.0u(2,0,1) - 2.0y(0,2,1) - u(0,2,2) - 2.0u(2,0,2) - 2.0v(2,1,0) - 2.0u(1,2,0) - u(2,1,0) - 2.0u(1,2,1) - 2.0u(2,1,1) - u(1,2,2) - y(2,1,2) - 2.0u(2,1,2) - 5.0y(1,2,2) - 3.0C  soma;  -267.2932787151478 b:  880.0 soma > b? False
teste:  - 3.0C - 2.0x(0,2) - 2.0x(0,0) - x(1,1) - 2.0x(1,2) + x(2,0) - 39.0y(0,1,0) - y(0,1,1) - y(1,0,1) - 30.0y(0,2,0) - 2.0y(0,2,1) - y(2,0,1) - 32.0y(0,2,2) - 35.0y(1,2,0) + 56.0y(2,1,0) - 32.0y(1,2,1) - 5.0y(1,2,2) - y(2,1,2) - v(0,1,0) - u(0,1,0) - 2.0u(1,0,0) - u(0,1,1) - u(1,0,1) - u(0,1,2) - u(1,0,2) - u(0,2,0) - 2.0u(2,0,0) - u(0,2,1) - 2.0u(2,0,1) - u(0,2,2) - 2.0u(2,0,2) - 2.0v(2,1,0) - 2.0u(1,2,0) - u(2,1,0) - 2.0u(1,2,1) - 2.0u(2,1,1) - u(1,2,2) - 2.0u(2,1,2)  ;soma: - 267.29327871514784 ;a0: 880.0
==========================
c: ord(0,1): -1.0 x(0,1) +1.0 x(0,2) >= 7.0 ;u: 0.9678136200716747 ;rs:  -7.0 ;mult:  -1 ;b: -6.774695340501723
c: ord(0,2): -1.0 x(0,2) +1.0 x(0,0) >= 7.0 ;u: 0.9022580645161288 ;rs:  -7.0 ;mult:  -1 ;b: -6.315806451612901
c: ord(1,1): +1.0 x(1,0) -1.0 x(1,1) >= 4.0 ;u: 0.10222222222222188 ;rs:  -4.0 ;mult:  -1 ;b: -0.4088888888888875
c: ord(1,2): -1.0 x(1,0) +1.0 x(1,2) >= 3.0 ;u: 0.9822222222222222 ;rs:  -3.0 ;mult:  -1 ;b: -2.9466666666666668
c: ord(2,1): -1.0 x(2,1) +1.0 x(2,2) >= 7.0 ;u: 0.0 ;rs:  -7.0 ;mult:  -1 ;b: -0.0
c: ord(2,2): -1.0 x(2,2) +1.0 x(2,0) >= 6.0 ;u: 0.01777777777777778 ;rs:  -6.0 ;mult:  -1 ;b: -0.10666666666666669
c: triangle2(0,1,0): +1.0 y(0,1,0) +1.0 y(1,0,0) = 1.0 ;u: 0.99 ;rs:  -1.0 ;mult:  1 ;b: 0.99
c: triangle2(0,1,1): +1.0 y(0,1,1) +1.0 y(1,0,1) = 1.0 ;u: 0.0 ;rs:  -1.0 ;mult:  1 ;b: 0.0
c: triangle2(0,1,2): +1.0 y(0,1,2) +1.0 y(1,0,2) = 1.0 ;u: 0.99 ;rs:  -1.0 ;mult:  1 ;b: 0.99
c: triangle2(0,2,0): +1.0 y(0,2,0) +1.0 y(2,0,0) = 1.0 ;u: 0.99 ;rs:  -1.0 ;mult:  1 ;b: 0.99
c: triangle2(0,2,1): +1.0 y(0,2,1) +1.0 y(2,0,1) = 1.0 ;u: 0.0 ;rs:  -1.0 ;mult:  1 ;b: 0.0
c: triangle2(0,2,2): +1.0 y(0,2,2) +1.0 y(2,0,2) = 1.0 ;u: 0.990000000000002 ;rs:  -1.0 ;mult:  1 ;b: 0.990000000000002
c: triangle2(1,2,0): +1.0 y(1,2,0) +1.0 y(2,1,0) = 1.0 ;u: 0.879999999999999 ;rs:  -1.0 ;mult:  1 ;b: 0.879999999999999
c: triangle2(1,2,1): +1.0 y(1,2,1) +1.0 y(2,1,1) = 1.0 ;u: 0.0 ;rs:  -1.0 ;mult:  1 ;b: 0.0
c: triangle2(1,2,2): +1.0 y(1,2,2) +1.0 y(2,1,2) = 1.0 ;u: 0.0 ;rs:  -1.0 ;mult:  1 ;b: 0.0
c: MCLinV(0,1,0): +1.0 x(0,0) -1.0 x(1,0) -1.0 v(0,1,0) = 3.0 ;u: 0.010000000000000009 ;rs:  -3.0 ;mult:  1 ;b: 0.030000000000000027
c: MCLinV(1,0,0): -1.0 x(0,0) +1.0 x(1,0) -1.0 v(1,0,0) = 1.0 ;u: 0.1499999999999999 ;rs:  -1.0 ;mult:  1 ;b: 0.1499999999999999
c: MCLin1(0,1,0): +1.0 u(0,1,0) >= 0.0 ;u: 0.010000000000002007 ;rs:  -0.0 ;mult:  -1 ;b: -0.0
c: MCLin2(0,1,0): -23.0 y(1,0,0) -1.0 u(0,1,0) <= 0.0 ;u: 0.99 ;rs:  -0.0 ;mult:  1 ;b: 0.0
c: MCLin3(0,1,0): +36.0 y(1,0,0) +1.0 v(0,1,0) -1.0 u(0,1,0) <= 36.0 ;u: 0.99 ;rs:  -36.0 ;mult:  1 ;b: 35.64
c: MCLin4(0,1,0): +36.0 y(1,0,0) -1.0 u(0,1,0) >= 0.0 ;u: 0.99 ;rs:  -0.0 ;mult:  -1 ;b: -0.0
c: MCLin5(0,1,0): -23.0 y(1,0,0) +1.0 v(0,1,0) -1.0 u(0,1,0) >= -23.0 ;u: 0.99 ;rs:  23.0 ;mult:  -1 ;b: 22.77
c: MCLin6(1,0,0): +1.0 u(1,0,0) >= 0.0 ;u: 0.9249999999999985 ;rs:  -0.0 ;mult:  -1 ;b: -0.0
c: MCLin7(1,0,0): -40.0 y(0,1,0) -1.0 u(1,0,0) <= 0.0 ;u: 0.99 ;rs:  -0.0 ;mult:  1 ;b: 0.0
c: MCLin8(1,0,0): +19.0 y(0,1,0) +1.0 v(1,0,0) -1.0 u(1,0,0) <= 19.0 ;u: 0.99 ;rs:  -19.0 ;mult:  1 ;b: 18.81
c: MCLin9(1,0,0): +19.0 y(0,1,0) -1.0 u(1,0,0) >= 0.0 ;u: 0.99 ;rs:  -0.0 ;mult:  -1 ;b: -0.0
c: MCLin10(1,0,0): -40.0 y(0,1,0) +1.0 v(1,0,0) -1.0 u(1,0,0) >= -40.0 ;u: 0.8400000000000001 ;rs:  40.0 ;mult:  -1 ;b: 33.6
c: MCLinV(0,1,1): +1.0 x(0,1) -1.0 x(1,1) -1.0 v(0,1,1) = 4.0 ;u: 0.0002941176470588891 ;rs:  -4.0 ;mult:  1 ;b: 0.0011764705882355564
c: MCLinV(1,0,1): -1.0 x(0,1) +1.0 x(1,1) -1.0 v(1,0,1) = 7.0 ;u: 0.9724999999999999 ;rs:  -7.0 ;mult:  1 ;b: 6.807499999999999
c: MCLin1(0,1,1): +1.0 u(0,1,1) >= 0.0 ;u: 0.99 ;rs:  -0.0 ;mult:  -1 ;b: -0.0
c: MCLin2(0,1,1): -34.0 y(1,0,1) -1.0 u(0,1,1) <= 0.0 ;u: 0.99 ;rs:  -0.0 ;mult:  1 ;b: 0.0
c: MCLin3(0,1,1): +25.0 y(1,0,1) +1.0 v(0,1,1) -1.0 u(0,1,1) <= 25.0 ;u: 0.99 ;rs:  -25.0 ;mult:  1 ;b: 24.75
c: MCLin4(0,1,1): +25.0 y(1,0,1) -1.0 u(0,1,1) >= 0.0 ;u: 0.99 ;rs:  -0.0 ;mult:  -1 ;b: -0.0
c: MCLin5(0,1,1): -34.0 y(1,0,1) +1.0 v(0,1,1) -1.0 u(0,1,1) >= -34.0 ;u: 0.9897058823529411 ;rs:  34.0 ;mult:  -1 ;b: 33.65
c: MCLin6(1,0,1): +1.0 u(1,0,1) >= 0.0 ;u: 0.5137500000000018 ;rs:  -0.0 ;mult:  -1 ;b: -0.0
c: MCLin7(1,0,1): -36.0 y(0,1,1) -1.0 u(1,0,1) <= 0.0 ;u: 0.99 ;rs:  -0.0 ;mult:  1 ;b: 0.0
c: MCLin8(1,0,1): +23.0 y(0,1,1) +1.0 v(1,0,1) -1.0 u(1,0,1) <= 23.0 ;u: 0.99 ;rs:  -23.0 ;mult:  1 ;b: 22.77
c: MCLin9(1,0,1): +23.0 y(0,1,1) -1.0 u(1,0,1) >= 0.0 ;u: 0.99 ;rs:  -0.0 ;mult:  -1 ;b: -0.0
c: MCLin10(1,0,1): -36.0 y(0,1,1) +1.0 v(1,0,1) -1.0 u(1,0,1) >= -36.0 ;u: 0.017500000000000016 ;rs:  36.0 ;mult:  -1 ;b: 0.6300000000000006
c: MCLinV(0,1,2): +1.0 x(0,2) -1.0 x(1,2) -1.0 v(0,1,2) = 7.0 ;u: 0.0 ;rs:  -7.0 ;mult:  1 ;b: 0.0
c: MCLinV(1,0,2): -1.0 x(0,2) +1.0 x(1,2) -1.0 v(1,0,2) = 7.0 ;u: 0.9722222222222222 ;rs:  -7.0 ;mult:  1 ;b: 6.805555555555555
c: MCLin1(0,1,2): +1.0 u(0,1,2) >= 0.0 ;u: 0.49999999999999706 ;rs:  -0.0 ;mult:  -1 ;b: -0.0
c: MCLin2(0,1,2): -37.0 y(1,0,2) -1.0 u(0,1,2) <= 0.0 ;u: 0.99 ;rs:  -0.0 ;mult:  1 ;b: 0.0
c: MCLin3(0,1,2): +22.0 y(1,0,2) +1.0 v(0,1,2) -1.0 u(0,1,2) <= 22.0 ;u: 0.99 ;rs:  -22.0 ;mult:  1 ;b: 21.78
c: MCLin4(0,1,2): +22.0 y(1,0,2) -1.0 u(0,1,2) >= 0.0 ;u: 0.99 ;rs:  -0.0 ;mult:  -1 ;b: -0.0
c: MCLin5(0,1,2): -37.0 y(1,0,2) +1.0 v(0,1,2) -1.0 u(0,1,2) >= -37.0 ;u: 0.99 ;rs:  37.0 ;mult:  -1 ;b: 36.63
c: MCLin6(1,0,2): +1.0 u(1,0,2) >= 0.0 ;u: 0.99 ;rs:  -0.0 ;mult:  -1 ;b: -0.0
c: MCLin7(1,0,2): -36.0 y(0,1,2) -1.0 u(1,0,2) <= 0.0 ;u: 0.99 ;rs:  -0.0 ;mult:  1 ;b: 0.0
c: MCLin8(1,0,2): +23.0 y(0,1,2) +1.0 v(1,0,2) -1.0 u(1,0,2) <= 23.0 ;u: 0.99 ;rs:  -23.0 ;mult:  1 ;b: 22.77
c: MCLin9(1,0,2): +23.0 y(0,1,2) -1.0 u(1,0,2) >= 0.0 ;u: 0.99 ;rs:  -0.0 ;mult:  -1 ;b: -0.0
c: MCLin10(1,0,2): -36.0 y(0,1,2) +1.0 v(1,0,2) -1.0 u(1,0,2) >= -36.0 ;u: 0.017777777777777795 ;rs:  36.0 ;mult:  -1 ;b: 0.6400000000000006
c: MCLinV(0,2,0): +1.0 x(0,0) -1.0 x(2,0) -1.0 v(0,2,0) = 2.0 ;u: 0.0 ;rs:  -2.0 ;mult:  1 ;b: 0.0
c: MCLinV(2,0,0): -1.0 x(0,0) +1.0 x(2,0) -1.0 v(2,0,0) = 1.0 ;u: 0.9677419354838707 ;rs:  -1.0 ;mult:  1 ;b: 0.9677419354838707
c: MCLin1(0,2,0): +1.0 u(0,2,0) >= 0.0 ;u: 0.49999999999999706 ;rs:  -0.0 ;mult:  -1 ;b: -0.0
c: MCLin2(0,2,0): -30.0 y(2,0,0) -1.0 u(0,2,0) <= 0.0 ;u: 0.99 ;rs:  -0.0 ;mult:  1 ;b: 0.0
c: MCLin3(0,2,0): +28.0 y(2,0,0) +1.0 v(0,2,0) -1.0 u(0,2,0) <= 28.0 ;u: 0.99 ;rs:  -28.0 ;mult:  1 ;b: 27.72
c: MCLin4(0,2,0): +28.0 y(2,0,0) -1.0 u(0,2,0) >= 0.0 ;u: 0.99 ;rs:  -0.0 ;mult:  -1 ;b: -0.0
c: MCLin5(0,2,0): -30.0 y(2,0,0) +1.0 v(0,2,0) -1.0 u(0,2,0) >= -30.0 ;u: 0.99 ;rs:  30.0 ;mult:  -1 ;b: 29.7
c: MCLin6(2,0,0): +1.0 u(2,0,0) >= 0.0 ;u: 0.99 ;rs:  -0.0 ;mult:  -1 ;b: -0.0
c: MCLin7(2,0,0): -31.0 y(0,2,0) -1.0 u(2,0,0) <= 0.0 ;u: 0.99 ;rs:  -0.0 ;mult:  1 ;b: 0.0
c: MCLin8(2,0,0): +27.0 y(0,2,0) +1.0 v(2,0,0) -1.0 u(2,0,0) <= 27.0 ;u: 0.99 ;rs:  -27.0 ;mult:  1 ;b: 26.73
c: MCLin9(2,0,0): +27.0 y(0,2,0) -1.0 u(2,0,0) >= 0.0 ;u: 0.99 ;rs:  -0.0 ;mult:  -1 ;b: -0.0
c: MCLin10(2,0,0): -31.0 y(0,2,0) +1.0 v(2,0,0) -1.0 u(2,0,0) >= -31.0 ;u: 0.022258064516129075 ;rs:  31.0 ;mult:  -1 ;b: 0.6900000000000013
c: MCLinV(0,2,1): +1.0 x(0,1) -1.0 x(2,1) -1.0 v(0,2,1) = 7.0 ;u: 0.0002777777777777102 ;rs:  -7.0 ;mult:  1 ;b: 0.0019444444444439712
c: MCLinV(2,0,1): -1.0 x(0,1) +1.0 x(2,1) -1.0 v(2,0,1) = 7.0 ;u: 0.9724999999999998 ;rs:  -7.0 ;mult:  1 ;b: 6.807499999999998
c: MCLin1(0,2,1): +1.0 u(0,2,1) >= 0.0 ;u: 0.99 ;rs:  -0.0 ;mult:  -1 ;b: -0.0
c: MCLin2(0,2,1): -36.0 y(2,0,1) -1.0 u(0,2,1) <= 0.0 ;u: 0.99 ;rs:  -0.0 ;mult:  1 ;b: 0.0
c: MCLin3(0,2,1): +22.0 y(2,0,1) +1.0 v(0,2,1) -1.0 u(0,2,1) <= 22.0 ;u: 0.99 ;rs:  -22.0 ;mult:  1 ;b: 21.78
c: MCLin4(0,2,1): +22.0 y(2,0,1) -1.0 u(0,2,1) >= 0.0 ;u: 0.99 ;rs:  -0.0 ;mult:  -1 ;b: -0.0
c: MCLin5(0,2,1): -36.0 y(2,0,1) +1.0 v(0,2,1) -1.0 u(0,2,1) >= -36.0 ;u: 0.9897222222222223 ;rs:  36.0 ;mult:  -1 ;b: 35.63
c: MCLin6(2,0,1): +1.0 u(2,0,1) >= 0.0 ;u: 0.5137500000000019 ;rs:  -0.0 ;mult:  -1 ;b: -0.0
c: MCLin7(2,0,1): -36.0 y(0,2,1) -1.0 u(2,0,1) <= 0.0 ;u: 0.99 ;rs:  -0.0 ;mult:  1 ;b: 0.0
c: MCLin8(2,0,1): +22.0 y(0,2,1) +1.0 v(2,0,1) -1.0 u(2,0,1) <= 22.0 ;u: 0.9899999999999999 ;rs:  -22.0 ;mult:  1 ;b: 21.779999999999998
c: MCLin9(2,0,1): +22.0 y(0,2,1) -1.0 u(2,0,1) >= 0.0 ;u: 0.99 ;rs:  -0.0 ;mult:  -1 ;b: -0.0
c: MCLin10(2,0,1): -36.0 y(0,2,1) +1.0 v(2,0,1) -1.0 u(2,0,1) >= -36.0 ;u: 0.01750000000000007 ;rs:  36.0 ;mult:  -1 ;b: 0.6300000000000026
c: MCLinV(0,2,2): +1.0 x(0,2) -1.0 x(2,2) -1.0 v(0,2,2) = 6.0 ;u: 0.0 ;rs:  -6.0 ;mult:  1 ;b: 0.0
c: MCLinV(2,0,2): -1.0 x(0,2) +1.0 x(2,2) -1.0 v(2,0,2) = 7.0 ;u: 0.9722222222222222 ;rs:  -7.0 ;mult:  1 ;b: 6.805555555555555
c: MCLin1(0,2,2): +1.0 u(0,2,2) >= 0.0 ;u: 0.99 ;rs:  -0.0 ;mult:  -1 ;b: -0.0
c: MCLin2(0,2,2): -35.0 y(2,0,2) -1.0 u(0,2,2) <= 0.0 ;u: 0.99 ;rs:  -0.0 ;mult:  1 ;b: 0.0
c: MCLin3(0,2,2): +23.0 y(2,0,2) +1.0 v(0,2,2) -1.0 u(0,2,2) <= 23.0 ;u: 0.99 ;rs:  -23.0 ;mult:  1 ;b: 22.77
c: MCLin4(0,2,2): +23.0 y(2,0,2) -1.0 u(0,2,2) >= 0.0 ;u: 0.99 ;rs:  -0.0 ;mult:  -1 ;b: -0.0
c: MCLin5(0,2,2): -35.0 y(2,0,2) +1.0 v(0,2,2) -1.0 u(0,2,2) >= -35.0 ;u: 0.99 ;rs:  35.0 ;mult:  -1 ;b: 34.65
c: MCLin6(2,0,2): +1.0 u(2,0,2) >= 0.0 ;u: 0.99 ;rs:  -0.0 ;mult:  -1 ;b: -0.0
c: MCLin7(2,0,2): -36.0 y(0,2,2) -1.0 u(2,0,2) <= 0.0 ;u: 0.99 ;rs:  -0.0 ;mult:  1 ;b: 0.0
c: MCLin8(2,0,2): +22.0 y(0,2,2) +1.0 v(2,0,2) -1.0 u(2,0,2) <= 22.0 ;u: 0.99 ;rs:  -22.0 ;mult:  1 ;b: 21.78
c: MCLin9(2,0,2): +22.0 y(0,2,2) -1.0 u(2,0,2) >= 0.0 ;u: 0.99 ;rs:  -0.0 ;mult:  -1 ;b: -0.0
c: MCLin10(2,0,2): -36.0 y(0,2,2) +1.0 v(2,0,2) -1.0 u(2,0,2) >= -36.0 ;u: 0.01777777777777774 ;rs:  36.0 ;mult:  -1 ;b: 0.6399999999999986
c: MCLinV(1,2,0): +1.0 x(1,0) -1.0 x(2,0) -1.0 v(1,2,0) = 2.0 ;u: 0.0 ;rs:  -2.0 ;mult:  1 ;b: 0.0
c: MCLinV(2,1,0): -1.0 x(1,0) +1.0 x(2,0) -1.0 v(2,1,0) = 3.0 ;u: 0.03000000000000025 ;rs:  -3.0 ;mult:  1 ;b: 0.09000000000000075
c: MCLin1(1,2,0): +1.0 u(1,2,0) >= 0.0 ;u: 0.9775000000000003 ;rs:  -0.0 ;mult:  -1 ;b: -0.0
c: MCLin2(1,2,0): -40.0 y(2,1,0) -1.0 u(1,2,0) <= 0.0 ;u: 0.03249999999999988 ;rs:  -0.0 ;mult:  1 ;b: 0.0
c: MCLin3(1,2,0): +19.0 y(2,1,0) +1.0 v(1,2,0) -1.0 u(1,2,0) <= 19.0 ;u: 0.99 ;rs:  -19.0 ;mult:  1 ;b: 18.81
c: MCLin4(1,2,0): +19.0 y(2,1,0) -1.0 u(1,2,0) >= 0.0 ;u: 0.0 ;rs:  -0.0 ;mult:  -1 ;b: -0.0
c: MCLin5(1,2,0): -40.0 y(2,1,0) +1.0 v(1,2,0) -1.0 u(1,2,0) >= -40.0 ;u: 0.99 ;rs:  40.0 ;mult:  -1 ;b: 39.6
c: MCLin6(2,1,0): +1.0 u(2,1,0) >= 0.0 ;u: 0.99 ;rs:  -0.0 ;mult:  -1 ;b: -0.0
c: MCLin7(2,1,0): -24.0 y(1,2,0) -1.0 u(2,1,0) <= 0.0 ;u: 0.99 ;rs:  -0.0 ;mult:  1 ;b: 0.0
c: MCLin8(2,1,0): +35.0 y(1,2,0) +1.0 v(2,1,0) -1.0 u(2,1,0) <= 35.0 ;u: 0.0 ;rs:  -35.0 ;mult:  1 ;b: 0.0
c: MCLin9(2,1,0): +35.0 y(1,2,0) -1.0 u(2,1,0) >= 0.0 ;u: 0.99 ;rs:  -0.0 ;mult:  -1 ;b: -0.0
c: MCLin10(2,1,0): -24.0 y(1,2,0) +1.0 v(2,1,0) -1.0 u(2,1,0) >= -24.0 ;u: 0.9799999999999998 ;rs:  24.0 ;mult:  -1 ;b: 23.519999999999996
c: MCLinV(1,2,1): +1.0 x(1,1) -1.0 x(2,1) -1.0 v(1,2,1) = 7.0 ;u: 0.0002777777777777102 ;rs:  -7.0 ;mult:  1 ;b: 0.0019444444444439712
c: MCLinV(2,1,1): -1.0 x(1,1) +1.0 x(2,1) -1.0 v(2,1,1) = 4.0 ;u: 0.9484514020662128 ;rs:  -4.0 ;mult:  1 ;b: 3.7938056082648512
c: MCLin1(1,2,1): +1.0 u(1,2,1) >= 0.0 ;u: 0.009722222222222299 ;rs:  -0.0 ;mult:  -1 ;b: -0.0
c: MCLin2(1,2,1): -36.0 y(2,1,1) -1.0 u(1,2,1) <= 0.0 ;u: 0.99 ;rs:  -0.0 ;mult:  1 ;b: 0.0
c: MCLin3(1,2,1): +23.0 y(2,1,1) +1.0 v(1,2,1) -1.0 u(1,2,1) <= 23.0 ;u: 0.99 ;rs:  -23.0 ;mult:  1 ;b: 22.77
c: MCLin4(1,2,1): +23.0 y(2,1,1) -1.0 u(1,2,1) >= 0.0 ;u: 0.99 ;rs:  -0.0 ;mult:  -1 ;b: -0.0
c: MCLin5(1,2,1): -36.0 y(2,1,1) +1.0 v(1,2,1) -1.0 u(1,2,1) >= -36.0 ;u: 0.9897222222222223 ;rs:  36.0 ;mult:  -1 ;b: 35.63
c: MCLin6(2,1,1): +1.0 u(2,1,1) >= 0.0 ;u: 0.06154859793375356 ;rs:  -0.0 ;mult:  -1 ;b: -0.0
c: MCLin7(2,1,1): -34.0 y(1,2,1) -1.0 u(2,1,1) <= 0.0 ;u: 0.99 ;rs:  -0.0 ;mult:  1 ;b: 0.0
c: MCLin8(2,1,1): +25.0 y(1,2,1) +1.0 v(2,1,1) -1.0 u(2,1,1) <= 25.0 ;u: 0.9770736893263136 ;rs:  -25.0 ;mult:  1 ;b: 24.42684223315784
c: MCLin9(2,1,1): +25.0 y(1,2,1) -1.0 u(2,1,1) >= 0.0 ;u: 0.99 ;rs:  -0.0 ;mult:  -1 ;b: -0.0
c: MCLin10(2,1,1): -34.0 y(1,2,1) +1.0 v(2,1,1) -1.0 u(2,1,1) >= -34.0 ;u: 0.02862228726006365 ;rs:  34.0 ;mult:  -1 ;b: 0.9731577668421642
c: MCLinV(1,2,2): +1.0 x(1,2) -1.0 x(2,2) -1.0 v(1,2,2) = 6.0 ;u: 0.0 ;rs:  -6.0 ;mult:  1 ;b: 0.0
c: MCLinV(2,1,2): -1.0 x(1,2) +1.0 x(2,2) -1.0 v(2,1,2) = 7.0 ;u: 0.0 ;rs:  -7.0 ;mult:  1 ;b: 0.0
c: MCLin1(1,2,2): +1.0 u(1,2,2) >= 0.0 ;u: 0.009714285714285675 ;rs:  -0.0 ;mult:  -1 ;b: -0.0
c: MCLin2(1,2,2): -35.0 y(2,1,2) -1.0 u(1,2,2) <= 0.0 ;u: 0.99 ;rs:  -0.0 ;mult:  1 ;b: 0.0
c: MCLin3(1,2,2): +24.0 y(2,1,2) +1.0 v(1,2,2) -1.0 u(1,2,2) <= 24.0 ;u: 0.99 ;rs:  -24.0 ;mult:  1 ;b: 23.759999999999998
c: MCLin4(1,2,2): +24.0 y(2,1,2) -1.0 u(1,2,2) >= 0.0 ;u: 0.99 ;rs:  -0.0 ;mult:  -1 ;b: -0.0
c: MCLin5(1,2,2): -35.0 y(2,1,2) +1.0 v(1,2,2) -1.0 u(1,2,2) >= -35.0 ;u: 0.9897142857142858 ;rs:  35.0 ;mult:  -1 ;b: 34.64
c: MCLin6(2,1,2): +1.0 u(2,1,2) >= 0.0 ;u: 0.99 ;rs:  -0.0 ;mult:  -1 ;b: -0.0
c: MCLin7(2,1,2): -37.0 y(1,2,2) -1.0 u(2,1,2) <= 0.0 ;u: 0.99 ;rs:  -0.0 ;mult:  1 ;b: 0.0
c: MCLin8(2,1,2): +22.0 y(1,2,2) +1.0 v(2,1,2) -1.0 u(2,1,2) <= 22.0 ;u: 0.99 ;rs:  -22.0 ;mult:  1 ;b: 21.78
c: MCLin9(2,1,2): +22.0 y(1,2,2) -1.0 u(2,1,2) >= 0.0 ;u: 0.99 ;rs:  -0.0 ;mult:  -1 ;b: -0.0
c: MCLin10(2,1,2): -37.0 y(1,2,2) +1.0 v(2,1,2) -1.0 u(2,1,2) >= -37.0 ;u: 0.9897297297297298 ;rs:  37.0 ;mult:  -1 ;b: 36.620000000000005
c: makespan(0): +1.0 C -1.0 x(0,0) >= 1.0 ;u: 0.0 ;rs:  -1.0 ;mult:  -1 ;b: -0.0
c: makespan(1): +1.0 C -1.0 x(1,2) >= 7.0 ;u: 0.0 ;rs:  -7.0 ;mult:  -1 ;b: -0.0
c: makespan(2): +1.0 C -1.0 x(2,0) >= 2.0 ;u: 0.010000000000000009 ;rs:  -2.0 ;mult:  -1 ;b: -0.020000000000000018
var:  - 0.9766144845x(0,1) - 2.0100000000000002x(0,2) - 2.01x(0,0) + 0.99x(1,0) + 0.12625448029999997x(1,1) - 0.010000000000000009x(1,2) + 0.99x(2,2) + 0.9899641577x(2,0) - 5.009999999999998y(0,1,0) + 0.9899999999999984y(1,0,0) - 34.01y(0,1,2) + 0.990000000000002y(1,0,2) - 29.01y(0,2,0) + 0.9899999999999984y(2,0,0) - 34.01y(0,2,2) + 0.990000000000002y(2,0,2) - 34.010000000000005y(1,2,0) + 57.989999999999995y(2,1,0) - 0.010000000000000009v(0,1,0) - 0.010000000000000009u(0,1,0) - 1.0750000000000002u(1,0,0) - 0.9902941175999997u(0,1,1) - 0.00999999999999801y(1,0,1) - 1.4862500000000003u(1,0,1) - 35.01y(0,1,1) - 0.5u(0,1,2) - 1.9622222221999999u(1,0,2) - 0.5u(0,2,0) - 1.9577419354999999u(2,0,0) + 1.9203958465x(2,1) - 0.9902777777999998u(0,2,1) - 0.00999999999999801y(2,0,1) - 1.4862500000000003u(2,0,1) - 35.01y(0,2,1) - 0.9899999999999998u(0,2,2) - 1.9622222221999999u(2,0,2) - 1.01v(2,1,0) - 1.01u(1,2,0) - 0.010000000000000009u(2,1,0) - 0.010000000000000009u(1,2,1) - 0.00999999999999801y(2,1,1) - 1.0099999999000002u(2,1,1) - 33.01y(1,2,1) - 0.009999999999999898u(1,2,2) - 0.00999999999999801y(2,1,2) + 0.0002857143000000173v(1,2,2) - 0.9902702702999998u(2,1,2) - 0.010000000000005116y(1,2,2) + 0.0002702703000000417v(2,1,2) - 0.01C   b:  822.0
eq:  - x(0,1) - 3.0x(0,2) - 3.0x(0,0) - x(1,2) - 6.0y(0,1,0) - 35.0y(0,1,2) - 30.0y(0,2,0) - 35.0y(0,2,2) - 35.0y(1,2,0) + 57.0y(2,1,0) - v(0,1,0) - u(0,1,0) - 2.0u(1,0,0) - u(0,1,1) - y(1,0,1) - 2.0u(1,0,1) - 36.0y(0,1,1) - u(0,1,2) - 2.0u(1,0,2) - u(0,2,0) - 2.0u(2,0,0) + x(2,1) - u(0,2,1) - y(2,0,1) - 2.0u(2,0,1) - 36.0y(0,2,1) - u(0,2,2) - 2.0u(2,0,2) - 2.0v(2,1,0) - 2.0u(1,2,0) - u(2,1,0) - u(1,2,1) - y(2,1,1) - 2.0u(2,1,1) - 34.0y(1,2,1) - u(1,2,2) - y(2,1,2) - u(2,1,2) - y(1,2,2) - C  soma;  -325.2821631878558 b:  822.0 soma > b? False
teste:  - C - x(0,1) - 3.0x(0,2) - 3.0x(0,0) - x(1,2) + x(2,1) - 6.0y(0,1,0) - 36.0y(0,1,1) - y(1,0,1) - 35.0y(0,1,2) - 30.0y(0,2,0) - 36.0y(0,2,1) - y(2,0,1) - 35.0y(0,2,2) - 35.0y(1,2,0) + 57.0y(2,1,0) - 34.0y(1,2,1) - y(2,1,1) - y(1,2,2) - y(2,1,2) - v(0,1,0) - u(0,1,0) - 2.0u(1,0,0) - u(0,1,1) - 2.0u(1,0,1) - u(0,1,2) - 2.0u(1,0,2) - u(0,2,0) - 2.0u(2,0,0) - u(0,2,1) - 2.0u(2,0,1) - u(0,2,2) - 2.0u(2,0,2) - 2.0v(2,1,0) - 2.0u(1,2,0) - u(2,1,0) - u(1,2,1) - 2.0u(2,1,1) - u(1,2,2) - u(2,1,2)  ;soma: - 325.2821631878558 ;a0: 822.0
==========================
c: ord(0,1): -1.0 x(0,1) +1.0 x(0,2) >= 7.0 ;u: 0.09749999999999992 ;rs:  -7.0 ;mult:  -1 ;b: -0.6824999999999994
c: ord(0,2): -1.0 x(0,2) +1.0 x(0,0) >= 7.0 ;u: 0.03000000000000025 ;rs:  -7.0 ;mult:  -1 ;b: -0.21000000000000174
c: ord(1,1): +1.0 x(1,0) -1.0 x(1,1) >= 4.0 ;u: 0.0 ;rs:  -4.0 ;mult:  -1 ;b: -0.0
c: ord(1,2): -1.0 x(1,0) +1.0 x(1,2) >= 3.0 ;u: 0.99 ;rs:  -3.0 ;mult:  -1 ;b: -2.9699999999999998
c: ord(2,1): -1.0 x(2,1) +1.0 x(2,2) >= 7.0 ;u: 0.0 ;rs:  -7.0 ;mult:  -1 ;b: -0.0
c: ord(2,2): -1.0 x(2,2) +1.0 x(2,0) >= 6.0 ;u: 0.0 ;rs:  -6.0 ;mult:  -1 ;b: -0.0
c: triangle2(0,1,0): +1.0 y(0,1,0) +1.0 y(1,0,0) = 1.0 ;u: 0.5900000000000014 ;rs:  -1.0 ;mult:  1 ;b: 0.5900000000000014
c: triangle2(0,1,1): +1.0 y(0,1,1) +1.0 y(1,0,1) = 1.0 ;u: 0.0 ;rs:  -1.0 ;mult:  1 ;b: 0.0
c: triangle2(0,1,2): +1.0 y(0,1,2) +1.0 y(1,0,2) = 1.0 ;u: 0.0 ;rs:  -1.0 ;mult:  1 ;b: 0.0
c: triangle2(0,2,0): +1.0 y(0,2,0) +1.0 y(2,0,0) = 1.0 ;u: 0.6800000000000013 ;rs:  -1.0 ;mult:  1 ;b: 0.6800000000000013
c: triangle2(0,2,1): +1.0 y(0,2,1) +1.0 y(2,0,1) = 1.0 ;u: 0.0 ;rs:  -1.0 ;mult:  1 ;b: 0.0
c: triangle2(0,2,2): +1.0 y(0,2,2) +1.0 y(2,0,2) = 1.0 ;u: 0.0 ;rs:  -1.0 ;mult:  1 ;b: 0.0
c: triangle2(1,2,0): +1.0 y(1,2,0) +1.0 y(2,1,0) = 1.0 ;u: 0.379999999999997 ;rs:  -1.0 ;mult:  1 ;b: 0.379999999999997
c: triangle2(1,2,1): +1.0 y(1,2,1) +1.0 y(2,1,1) = 1.0 ;u: 0.0 ;rs:  -1.0 ;mult:  1 ;b: 0.0
c: triangle2(1,2,2): +1.0 y(1,2,2) +1.0 y(2,1,2) = 1.0 ;u: 0.6200000000000025 ;rs:  -1.0 ;mult:  1 ;b: 0.6200000000000025
c: MCLinV(0,1,0): +1.0 x(0,0) -1.0 x(1,0) -1.0 v(0,1,0) = 3.0 ;u: 0.0 ;rs:  -3.0 ;mult:  1 ;b: 0.0
c: MCLinV(1,0,0): -1.0 x(0,0) +1.0 x(1,0) -1.0 v(1,0,0) = 1.0 ;u: 0.99 ;rs:  -1.0 ;mult:  1 ;b: 0.99
c: MCLin1(0,1,0): +1.0 u(0,1,0) >= 0.0 ;u: 0.026666666666666616 ;rs:  -0.0 ;mult:  -1 ;b: -0.0
c: MCLin2(0,1,0): -23.0 y(1,0,0) -1.0 u(0,1,0) <= 0.0 ;u: 0.99 ;rs:  -0.0 ;mult:  1 ;b: 0.0
c: MCLin3(0,1,0): +36.0 y(1,0,0) +1.0 v(0,1,0) -1.0 u(0,1,0) <= 36.0 ;u: 0.9733333333333333 ;rs:  -36.0 ;mult:  1 ;b: 35.04
c: MCLin4(0,1,0): +36.0 y(1,0,0) -1.0 u(0,1,0) >= 0.0 ;u: 0.99 ;rs:  -0.0 ;mult:  -1 ;b: -0.0
c: MCLin5(0,1,0): -23.0 y(1,0,0) +1.0 v(0,1,0) -1.0 u(0,1,0) >= -23.0 ;u: 0.99 ;rs:  23.0 ;mult:  -1 ;b: 22.77
c: MCLin6(1,0,0): +1.0 u(1,0,0) >= 0.0 ;u: 0.505 ;rs:  -0.0 ;mult:  -1 ;b: -0.0
c: MCLin7(1,0,0): -40.0 y(0,1,0) -1.0 u(1,0,0) <= 0.0 ;u: 0.99 ;rs:  -0.0 ;mult:  1 ;b: 0.0
c: MCLin8(1,0,0): +19.0 y(0,1,0) +1.0 v(1,0,0) -1.0 u(1,0,0) <= 19.0 ;u: 0.99 ;rs:  -19.0 ;mult:  1 ;b: 18.81
c: MCLin9(1,0,0): +19.0 y(0,1,0) -1.0 u(1,0,0) >= 0.0 ;u: 0.99 ;rs:  -0.0 ;mult:  -1 ;b: -0.0
c: MCLin10(1,0,0): -40.0 y(0,1,0) +1.0 v(1,0,0) -1.0 u(1,0,0) >= -40.0 ;u: 0.0 ;rs:  40.0 ;mult:  -1 ;b: 0.0
c: MCLinV(0,1,1): +1.0 x(0,1) -1.0 x(1,1) -1.0 v(0,1,1) = 4.0 ;u: 0.0002941176470588891 ;rs:  -4.0 ;mult:  1 ;b: 0.0011764705882355564
c: MCLinV(1,0,1): -1.0 x(0,1) +1.0 x(1,1) -1.0 v(1,0,1) = 7.0 ;u: 0.9608986928104577 ;rs:  -7.0 ;mult:  1 ;b: 6.7262908496732035
c: MCLin1(0,1,1): +1.0 u(0,1,1) >= 0.0 ;u: 0.99 ;rs:  -0.0 ;mult:  -1 ;b: -0.0
c: MCLin2(0,1,1): -34.0 y(1,0,1) -1.0 u(0,1,1) <= 0.0 ;u: 0.99 ;rs:  -0.0 ;mult:  1 ;b: 0.0
c: MCLin3(0,1,1): +25.0 y(1,0,1) +1.0 v(0,1,1) -1.0 u(0,1,1) <= 25.0 ;u: 0.99 ;rs:  -25.0 ;mult:  1 ;b: 24.75
c: MCLin4(0,1,1): +25.0 y(1,0,1) -1.0 u(0,1,1) >= 0.0 ;u: 0.99 ;rs:  -0.0 ;mult:  -1 ;b: -0.0
c: MCLin5(0,1,1): -34.0 y(1,0,1) +1.0 v(0,1,1) -1.0 u(0,1,1) >= -34.0 ;u: 0.9897058823529411 ;rs:  34.0 ;mult:  -1 ;b: 33.65
c: MCLin6(1,0,1): +1.0 u(1,0,1) >= 0.0 ;u: 0.51375 ;rs:  -0.0 ;mult:  -1 ;b: -0.0
c: MCLin7(1,0,1): -36.0 y(0,1,1) -1.0 u(1,0,1) <= 0.0 ;u: 0.99 ;rs:  -0.0 ;mult:  1 ;b: 0.0
c: MCLin8(1,0,1): +23.0 y(0,1,1) +1.0 v(1,0,1) -1.0 u(1,0,1) <= 23.0 ;u: 0.99 ;rs:  -23.0 ;mult:  1 ;b: 22.77
c: MCLin9(1,0,1): +23.0 y(0,1,1) -1.0 u(1,0,1) >= 0.0 ;u: 0.99 ;rs:  -0.0 ;mult:  -1 ;b: -0.0
c: MCLin10(1,0,1): -36.0 y(0,1,1) +1.0 v(1,0,1) -1.0 u(1,0,1) >= -36.0 ;u: 0.017500000000000016 ;rs:  36.0 ;mult:  -1 ;b: 0.6300000000000006
c: MCLinV(0,1,2): +1.0 x(0,2) -1.0 x(1,2) -1.0 v(0,1,2) = 7.0 ;u: 0.00027027027027004547 ;rs:  -7.0 ;mult:  1 ;b: 0.0018918918918903183
c: MCLinV(1,0,2): -1.0 x(0,2) +1.0 x(1,2) -1.0 v(1,0,2) = 7.0 ;u: 0.97027027027027 ;rs:  -7.0 ;mult:  1 ;b: 6.79189189189189
c: MCLin1(0,1,2): +1.0 u(0,1,2) >= 0.0 ;u: 0.499864864864865 ;rs:  -0.0 ;mult:  -1 ;b: -0.0
c: MCLin2(0,1,2): -37.0 y(1,0,2) -1.0 u(0,1,2) <= 0.0 ;u: 0.99 ;rs:  -0.0 ;mult:  1 ;b: 0.0
c: MCLin3(0,1,2): +22.0 y(1,0,2) +1.0 v(0,1,2) -1.0 u(0,1,2) <= 22.0 ;u: 0.99 ;rs:  -22.0 ;mult:  1 ;b: 21.78
c: MCLin4(0,1,2): +22.0 y(1,0,2) -1.0 u(0,1,2) >= 0.0 ;u: 0.99 ;rs:  -0.0 ;mult:  -1 ;b: -0.0
c: MCLin5(0,1,2): -37.0 y(1,0,2) +1.0 v(0,1,2) -1.0 u(0,1,2) >= -37.0 ;u: 0.9897297297297298 ;rs:  37.0 ;mult:  -1 ;b: 36.620000000000005
c: MCLin6(1,0,2): +1.0 u(1,0,2) >= 0.0 ;u: 0.99 ;rs:  -0.0 ;mult:  -1 ;b: -0.0
c: MCLin7(1,0,2): -36.0 y(0,1,2) -1.0 u(1,0,2) <= 0.0 ;u: 0.99 ;rs:  -0.0 ;mult:  1 ;b: 0.0
c: MCLin8(1,0,2): +23.0 y(0,1,2) +1.0 v(1,0,2) -1.0 u(1,0,2) <= 23.0 ;u: 0.9886394869445715 ;rs:  -23.0 ;mult:  1 ;b: 22.738708199725146
c: MCLin9(1,0,2): +23.0 y(0,1,2) -1.0 u(1,0,2) >= 0.0 ;u: 0.99 ;rs:  -0.0 ;mult:  -1 ;b: -0.0
c: MCLin10(1,0,2): -36.0 y(0,1,2) +1.0 v(1,0,2) -1.0 u(1,0,2) >= -36.0 ;u: 0.01836921667430147 ;rs:  36.0 ;mult:  -1 ;b: 0.6612918002748529
c: MCLinV(0,2,0): +1.0 x(0,0) -1.0 x(2,0) -1.0 v(0,2,0) = 2.0 ;u: 0.0 ;rs:  -2.0 ;mult:  1 ;b: 0.0
c: MCLinV(2,0,0): -1.0 x(0,0) +1.0 x(2,0) -1.0 v(2,0,0) = 1.0 ;u: 0.99 ;rs:  -1.0 ;mult:  1 ;b: 0.99
c: MCLin1(0,2,0): +1.0 u(0,2,0) >= 0.0 ;u: 0.4944642857142857 ;rs:  -0.0 ;mult:  -1 ;b: -0.0
c: MCLin2(0,2,0): -30.0 y(2,0,0) -1.0 u(0,2,0) <= 0.0 ;u: 0.99 ;rs:  -0.0 ;mult:  1 ;b: 0.0
c: MCLin3(0,2,0): +28.0 y(2,0,0) +1.0 v(0,2,0) -1.0 u(0,2,0) <= 28.0 ;u: 0.99 ;rs:  -28.0 ;mult:  1 ;b: 27.72
c: MCLin4(0,2,0): +28.0 y(2,0,0) -1.0 u(0,2,0) >= 0.0 ;u: 0.9789285714285715 ;rs:  -0.0 ;mult:  -1 ;b: -0.0
c: MCLin5(0,2,0): -30.0 y(2,0,0) +1.0 v(0,2,0) -1.0 u(0,2,0) >= -30.0 ;u: 0.99 ;rs:  30.0 ;mult:  -1 ;b: 29.7
c: MCLin6(2,0,0): +1.0 u(2,0,0) >= 0.0 ;u: 0.99 ;rs:  -0.0 ;mult:  -1 ;b: -0.0
c: MCLin7(2,0,0): -31.0 y(0,2,0) -1.0 u(2,0,0) <= 0.0 ;u: 0.99 ;rs:  -0.0 ;mult:  1 ;b: 0.0
c: MCLin8(2,0,0): +27.0 y(0,2,0) +1.0 v(2,0,0) -1.0 u(2,0,0) <= 27.0 ;u: 0.99 ;rs:  -27.0 ;mult:  1 ;b: 26.73
c: MCLin9(2,0,0): +27.0 y(0,2,0) -1.0 u(2,0,0) >= 0.0 ;u: 0.99 ;rs:  -0.0 ;mult:  -1 ;b: -0.0
c: MCLin10(2,0,0): -31.0 y(0,2,0) +1.0 v(2,0,0) -1.0 u(2,0,0) >= -31.0 ;u: 0.0 ;rs:  31.0 ;mult:  -1 ;b: 0.0
c: MCLinV(0,2,1): +1.0 x(0,1) -1.0 x(2,1) -1.0 v(0,2,1) = 7.0 ;u: 0.0002777777777777102 ;rs:  -7.0 ;mult:  1 ;b: 0.0019444444444439712
c: MCLinV(2,0,1): -1.0 x(0,1) +1.0 x(2,1) -1.0 v(2,0,1) = 7.0 ;u: 0.9725 ;rs:  -7.0 ;mult:  1 ;b: 6.8075
c: MCLin1(0,2,1): +1.0 u(0,2,1) >= 0.0 ;u: 0.99 ;rs:  -0.0 ;mult:  -1 ;b: -0.0
c: MCLin2(0,2,1): -36.0 y(2,0,1) -1.0 u(0,2,1) <= 0.0 ;u: 0.99 ;rs:  -0.0 ;mult:  1 ;b: 0.0
c: MCLin3(0,2,1): +22.0 y(2,0,1) +1.0 v(0,2,1) -1.0 u(0,2,1) <= 22.0 ;u: 0.99 ;rs:  -22.0 ;mult:  1 ;b: 21.78
c: MCLin4(0,2,1): +22.0 y(2,0,1) -1.0 u(0,2,1) >= 0.0 ;u: 0.99 ;rs:  -0.0 ;mult:  -1 ;b: -0.0
c: MCLin5(0,2,1): -36.0 y(2,0,1) +1.0 v(0,2,1) -1.0 u(0,2,1) >= -36.0 ;u: 0.9897222222222223 ;rs:  36.0 ;mult:  -1 ;b: 35.63
c: MCLin6(2,0,1): +1.0 u(2,0,1) >= 0.0 ;u: 0.51375 ;rs:  -0.0 ;mult:  -1 ;b: -0.0
c: MCLin7(2,0,1): -36.0 y(0,2,1) -1.0 u(2,0,1) <= 0.0 ;u: 0.99 ;rs:  -0.0 ;mult:  1 ;b: 0.0
c: MCLin8(2,0,1): +22.0 y(0,2,1) +1.0 v(2,0,1) -1.0 u(2,0,1) <= 22.0 ;u: 0.99 ;rs:  -22.0 ;mult:  1 ;b: 21.78
c: MCLin9(2,0,1): +22.0 y(0,2,1) -1.0 u(2,0,1) >= 0.0 ;u: 0.99 ;rs:  -0.0 ;mult:  -1 ;b: -0.0
c: MCLin10(2,0,1): -36.0 y(0,2,1) +1.0 v(2,0,1) -1.0 u(2,0,1) >= -36.0 ;u: 0.017499999999999974 ;rs:  36.0 ;mult:  -1 ;b: 0.629999999999999
c: MCLinV(0,2,2): +1.0 x(0,2) -1.0 x(2,2) -1.0 v(0,2,2) = 6.0 ;u: 0.0 ;rs:  -6.0 ;mult:  1 ;b: 0.0
c: MCLinV(2,0,2): -1.0 x(0,2) +1.0 x(2,2) -1.0 v(2,0,2) = 7.0 ;u: 0.9724999999999999 ;rs:  -7.0 ;mult:  1 ;b: 6.807499999999999
c: MCLin1(0,2,2): +1.0 u(0,2,2) >= 0.0 ;u: 0.99 ;rs:  -0.0 ;mult:  -1 ;b: -0.0
c: MCLin2(0,2,2): -35.0 y(2,0,2) -1.0 u(0,2,2) <= 0.0 ;u: 0.99 ;rs:  -0.0 ;mult:  1 ;b: 0.0
c: MCLin3(0,2,2): +23.0 y(2,0,2) +1.0 v(0,2,2) -1.0 u(0,2,2) <= 23.0 ;u: 0.9898275862068967 ;rs:  -23.0 ;mult:  1 ;b: 22.766034482758624
c: MCLin4(0,2,2): +23.0 y(2,0,2) -1.0 u(0,2,2) >= 0.0 ;u: 0.99 ;rs:  -0.0 ;mult:  -1 ;b: -0.0
c: MCLin5(0,2,2): -35.0 y(2,0,2) +1.0 v(0,2,2) -1.0 u(0,2,2) >= -35.0 ;u: 0.9898275862068967 ;rs:  35.0 ;mult:  -1 ;b: 34.643965517241384
c: MCLin6(2,0,2): +1.0 u(2,0,2) >= 0.0 ;u: 0.99 ;rs:  -0.0 ;mult:  -1 ;b: -0.0
c: MCLin7(2,0,2): -36.0 y(0,2,2) -1.0 u(2,0,2) <= 0.0 ;u: 0.99 ;rs:  -0.0 ;mult:  1 ;b: 0.0
c: MCLin8(2,0,2): +22.0 y(0,2,2) +1.0 v(2,0,2) -1.0 u(2,0,2) <= 22.0 ;u: 0.99 ;rs:  -22.0 ;mult:  1 ;b: 21.78
c: MCLin9(2,0,2): +22.0 y(0,2,2) -1.0 u(2,0,2) >= 0.0 ;u: 0.99 ;rs:  -0.0 ;mult:  -1 ;b: -0.0
c: MCLin10(2,0,2): -36.0 y(0,2,2) +1.0 v(2,0,2) -1.0 u(2,0,2) >= -36.0 ;u: 0.017500000000000016 ;rs:  36.0 ;mult:  -1 ;b: 0.6300000000000006
c: MCLinV(1,2,0): +1.0 x(1,0) -1.0 x(2,0) -1.0 v(1,2,0) = 2.0 ;u: 0.0 ;rs:  -2.0 ;mult:  1 ;b: 0.0
c: MCLinV(2,1,0): -1.0 x(1,0) +1.0 x(2,0) -1.0 v(2,1,0) = 3.0 ;u: 0.99 ;rs:  -3.0 ;mult:  1 ;b: 2.9699999999999998
c: MCLin1(1,2,0): +1.0 u(1,2,0) >= 0.0 ;u: 0.99 ;rs:  -0.0 ;mult:  -1 ;b: -0.0
c: MCLin2(1,2,0): -40.0 y(2,1,0) -1.0 u(1,2,0) <= 0.0 ;u: 0.020000000000000018 ;rs:  -0.0 ;mult:  1 ;b: 0.0
c: MCLin3(1,2,0): +19.0 y(2,1,0) +1.0 v(1,2,0) -1.0 u(1,2,0) <= 19.0 ;u: 0.99 ;rs:  -19.0 ;mult:  1 ;b: 18.81
c: MCLin4(1,2,0): +19.0 y(2,1,0) -1.0 u(1,2,0) >= 0.0 ;u: 0.0 ;rs:  -0.0 ;mult:  -1 ;b: -0.0
c: MCLin5(1,2,0): -40.0 y(2,1,0) +1.0 v(1,2,0) -1.0 u(1,2,0) >= -40.0 ;u: 0.99 ;rs:  40.0 ;mult:  -1 ;b: 39.6
c: MCLin6(2,1,0): +1.0 u(2,1,0) >= 0.0 ;u: 0.99 ;rs:  -0.0 ;mult:  -1 ;b: -0.0
c: MCLin7(2,1,0): -24.0 y(1,2,0) -1.0 u(2,1,0) <= 0.0 ;u: 0.99 ;rs:  -0.0 ;mult:  1 ;b: 0.0
c: MCLin8(2,1,0): +35.0 y(1,2,0) +1.0 v(2,1,0) -1.0 u(2,1,0) <= 35.0 ;u: 0.03627118644067798 ;rs:  -35.0 ;mult:  1 ;b: 1.2694915254237291
c: MCLin9(2,1,0): +35.0 y(1,2,0) -1.0 u(2,1,0) >= 0.0 ;u: 0.9500000000000001 ;rs:  -0.0 ;mult:  -1 ;b: -0.0
c: MCLin10(2,1,0): -24.0 y(1,2,0) +1.0 v(2,1,0) -1.0 u(2,1,0) >= -24.0 ;u: 0.056271186440677995 ;rs:  24.0 ;mult:  -1 ;b: 1.3505084745762719
c: MCLinV(1,2,1): +1.0 x(1,1) -1.0 x(2,1) -1.0 v(1,2,1) = 7.0 ;u: 0.0002777777777777102 ;rs:  -7.0 ;mult:  1 ;b: 0.0019444444444439712
c: MCLinV(2,1,1): -1.0 x(1,1) +1.0 x(2,1) -1.0 v(2,1,1) = 4.0 ;u: 0.9708823529411765 ;rs:  -4.0 ;mult:  1 ;b: 3.883529411764706
c: MCLin1(1,2,1): +1.0 u(1,2,1) >= 0.0 ;u: 0.009722222222222299 ;rs:  -0.0 ;mult:  -1 ;b: -0.0
c: MCLin2(1,2,1): -36.0 y(2,1,1) -1.0 u(1,2,1) <= 0.0 ;u: 0.99 ;rs:  -0.0 ;mult:  1 ;b: 0.0
c: MCLin3(1,2,1): +23.0 y(2,1,1) +1.0 v(1,2,1) -1.0 u(1,2,1) <= 23.0 ;u: 0.99 ;rs:  -23.0 ;mult:  1 ;b: 22.77
c: MCLin4(1,2,1): +23.0 y(2,1,1) -1.0 u(1,2,1) >= 0.0 ;u: 0.99 ;rs:  -0.0 ;mult:  -1 ;b: -0.0
c: MCLin5(1,2,1): -36.0 y(2,1,1) +1.0 v(1,2,1) -1.0 u(1,2,1) >= -36.0 ;u: 0.9897222222222223 ;rs:  36.0 ;mult:  -1 ;b: 35.63
c: MCLin6(2,1,1): +1.0 u(2,1,1) >= 0.0 ;u: 0.03911764705882348 ;rs:  -0.0 ;mult:  -1 ;b: -0.0
c: MCLin7(2,1,1): -34.0 y(1,2,1) -1.0 u(2,1,1) <= 0.0 ;u: 0.99 ;rs:  -0.0 ;mult:  1 ;b: 0.0
c: MCLin8(2,1,1): +25.0 y(1,2,1) +1.0 v(2,1,1) -1.0 u(2,1,1) <= 25.0 ;u: 0.99 ;rs:  -25.0 ;mult:  1 ;b: 24.75
c: MCLin9(2,1,1): +25.0 y(1,2,1) -1.0 u(2,1,1) >= 0.0 ;u: 0.99 ;rs:  -0.0 ;mult:  -1 ;b: -0.0
c: MCLin10(2,1,1): -34.0 y(1,2,1) +1.0 v(2,1,1) -1.0 u(2,1,1) >= -34.0 ;u: 0.01911764705882343 ;rs:  34.0 ;mult:  -1 ;b: 0.6499999999999966
c: MCLinV(1,2,2): +1.0 x(1,2) -1.0 x(2,2) -1.0 v(1,2,2) = 6.0 ;u: 0.0 ;rs:  -6.0 ;mult:  1 ;b: 0.0
c: MCLinV(2,1,2): -1.0 x(1,2) +1.0 x(2,2) -1.0 v(2,1,2) = 7.0 ;u: 0.99 ;rs:  -7.0 ;mult:  1 ;b: 6.93
c: MCLin1(1,2,2): +1.0 u(1,2,2) >= 0.0 ;u: 0.020571428571428685 ;rs:  -0.0 ;mult:  -1 ;b: -0.0
c: MCLin2(1,2,2): -35.0 y(2,1,2) -1.0 u(1,2,2) <= 0.0 ;u: 0.9702523027228936 ;rs:  -0.0 ;mult:  1 ;b: 0.0
c: MCLin3(1,2,2): +24.0 y(2,1,2) +1.0 v(1,2,2) -1.0 u(1,2,2) <= 24.0 ;u: 0.99 ;rs:  -24.0 ;mult:  1 ;b: 23.759999999999998
c: MCLin4(1,2,2): +24.0 y(2,1,2) -1.0 u(1,2,2) >= 0.0 ;u: 0.99 ;rs:  -0.0 ;mult:  -1 ;b: -0.0
c: MCLin5(1,2,2): -35.0 y(2,1,2) +1.0 v(1,2,2) -1.0 u(1,2,2) >= -35.0 ;u: 0.9808237312943222 ;rs:  35.0 ;mult:  -1 ;b: 34.32883059530128
c: MCLin6(2,1,2): +1.0 u(2,1,2) >= 0.0 ;u: 0.99 ;rs:  -0.0 ;mult:  -1 ;b: -0.0
c: MCLin7(2,1,2): -37.0 y(1,2,2) -1.0 u(2,1,2) <= 0.0 ;u: 0.99 ;rs:  -0.0 ;mult:  1 ;b: 0.0
c: MCLin8(2,1,2): +22.0 y(1,2,2) +1.0 v(2,1,2) -1.0 u(2,1,2) <= 22.0 ;u: 0.99 ;rs:  -22.0 ;mult:  1 ;b: 21.78
c: MCLin9(2,1,2): +22.0 y(1,2,2) -1.0 u(2,1,2) >= 0.0 ;u: 0.99 ;rs:  -0.0 ;mult:  -1 ;b: -0.0
c: MCLin10(2,1,2): -37.0 y(1,2,2) +1.0 v(2,1,2) -1.0 u(2,1,2) >= -37.0 ;u: 0.0 ;rs:  37.0 ;mult:  -1 ;b: 0.0
c: makespan(0): +1.0 C -1.0 x(0,0) >= 1.0 ;u: 0.0 ;rs:  -1.0 ;mult:  -1 ;b: -0.0
c: makespan(1): +1.0 C -1.0 x(1,2) >= 7.0 ;u: 0.0 ;rs:  -7.0 ;mult:  -1 ;b: -0.0
c: makespan(2): +1.0 C -1.0 x(2,0) >= 2.0 ;u: 0.010000000000000009 ;rs:  -2.0 ;mult:  -1 ;b: -0.020000000000000018
var:  - 1.8353267974x(0,1) - 2.0100000000000002x(0,2) - 2.01x(0,0) + 0.99x(1,0) - 1.01x(1,2) - 39.01y(0,1,0) - 0.010000000000001563y(1,0,0) - 30.01y(0,2,0) + 0.9899999999999984y(2,0,0) - 54.010000000000005y(1,2,0) + 57.989999999999995y(2,1,0) - 36.010000000000005y(1,2,2) + 0.9899999999999949y(2,1,2) - 0.010000000000000009u(0,1,0) - 0.016666666699999944v(0,1,0) - 1.4950000000000003u(1,0,0) - 0.0099999999x(1,1) + 0.011601307200000036v(1,0,1) - 0.9902941175999997u(0,1,1) - 0.00999999999999801y(1,0,1) - 1.4862500000000003u(1,0,1) - 35.01y(0,1,1) - 0.5001351351999997u(0,1,2) - 0.010000000000005116y(1,0,2) - 1.9602702701999999u(1,0,2) - 35.01y(0,1,2) + 1.99x(2,0) - 0.5055357142999999u(0,2,0) - 1.9799999999999998u(2,0,0) + 1.9428267973x(2,1) - 0.9902777777999998u(0,2,1) - 0.00999999999999801y(2,0,1) - 1.4862500000000003u(2,0,1) - 35.01y(0,2,1) + 1.9625x(2,2) - 0.9900000000000001u(0,2,2) - 0.00999999999999801y(2,0,2) - 1.9624999999999997u(2,0,2) - 35.01y(0,2,2) - 1.01v(2,1,0) - 1.01u(1,2,0) - 1.01u(2,1,0) - 0.010000000000000009u(1,2,1) - 0.00999999999999801y(2,1,1) - 1.0099999999999998u(2,1,1) - 33.01y(1,2,1) - 0.01000000000000012u(1,2,2) + 0.00917626869999999v(1,2,2) - 1.9799999999999998u(2,1,2) - 0.01C   b:  750.0
eq:  - 2.0x(0,1) - 3.0x(0,2) - 3.0x(0,0) - 2.0x(1,2) - 40.0y(0,1,0) - y(1,0,0) - 31.0y(0,2,0) - 55.0y(1,2,0) + 57.0y(2,1,0) - 37.0y(1,2,2) - u(0,1,0) - v(0,1,0) - 2.0u(1,0,0) - x(1,1) - u(0,1,1) - y(1,0,1) - 2.0u(1,0,1) - 36.0y(0,1,1) - u(0,1,2) - y(1,0,2) - 2.0u(1,0,2) - 36.0y(0,1,2) + x(2,0) - u(0,2,0) - 2.0u(2,0,0) + x(2,1) - u(0,2,1) - y(2,0,1) - 2.0u(2,0,1) - 36.0y(0,2,1) + x(2,2) - u(0,2,2) - y(2,0,2) - 2.0u(2,0,2) - 36.0y(0,2,2) - 2.0v(2,1,0) - 2.0u(1,2,0) - 2.0u(2,1,0) - u(1,2,1) - y(2,1,1) - 2.0u(2,1,1) - 34.0y(1,2,1) - u(1,2,2) - 2.0u(2,1,2) - C  soma;  -395.14264705882357 b:  750.0 soma > b? False
teste:  - C - 2.0x(0,1) - 3.0x(0,2) - 3.0x(0,0) - x(1,1) - 2.0x(1,2) + x(2,1) + x(2,2) + x(2,0) - 40.0y(0,1,0) - y(1,0,0) - 36.0y(0,1,1) - y(1,0,1) - 36.0y(0,1,2) - y(1,0,2) - 31.0y(0,2,0) - 36.0y(0,2,1) - y(2,0,1) - 36.0y(0,2,2) - y(2,0,2) - 55.0y(1,2,0) + 57.0y(2,1,0) - 34.0y(1,2,1) - y(2,1,1) - 37.0y(1,2,2) - v(0,1,0) - u(0,1,0) - 2.0u(1,0,0) - u(0,1,1) - 2.0u(1,0,1) - u(0,1,2) - 2.0u(1,0,2) - u(0,2,0) - 2.0u(2,0,0) - u(0,2,1) - 2.0u(2,0,1) - u(0,2,2) - 2.0u(2,0,2) - 2.0v(2,1,0) - 2.0u(1,2,0) - 2.0u(2,1,0) - u(1,2,1) - 2.0u(2,1,1) - u(1,2,2) - 2.0u(2,1,2)  ;soma: - 395.14264705882357 ;a0: 750.0
==========================
c: ord(0,1): -1.0 x(0,1) +1.0 x(0,2) >= 7.0 ;u: 0.12912702323641978 ;rs:  -7.0 ;mult:  -1 ;b: -0.9038891626549385
c: ord(0,2): -1.0 x(0,2) +1.0 x(0,0) >= 7.0 ;u: 0.06237026647966293 ;rs:  -7.0 ;mult:  -1 ;b: -0.4365918653576405
c: ord(1,1): +1.0 x(1,0) -1.0 x(1,1) >= 4.0 ;u: 0.0 ;rs:  -4.0 ;mult:  -1 ;b: -0.0
c: ord(1,2): -1.0 x(1,0) +1.0 x(1,2) >= 3.0 ;u: 0.99 ;rs:  -3.0 ;mult:  -1 ;b: -2.9699999999999998
c: ord(2,1): -1.0 x(2,1) +1.0 x(2,2) >= 7.0 ;u: 0.0 ;rs:  -7.0 ;mult:  -1 ;b: -0.0
c: ord(2,2): -1.0 x(2,2) +1.0 x(2,0) >= 6.0 ;u: 0.0 ;rs:  -6.0 ;mult:  -1 ;b: -0.0
c: triangle2(0,1,0): +1.0 y(0,1,0) +1.0 y(1,0,0) = 1.0 ;u: 0.0 ;rs:  -1.0 ;mult:  1 ;b: 0.0
c: triangle2(0,1,1): +1.0 y(0,1,1) +1.0 y(1,0,1) = 1.0 ;u: 0.0 ;rs:  -1.0 ;mult:  1 ;b: 0.0
c: triangle2(0,1,2): +1.0 y(0,1,2) +1.0 y(1,0,2) = 1.0 ;u: 0.0 ;rs:  -1.0 ;mult:  1 ;b: 0.0
c: triangle2(0,2,0): +1.0 y(0,2,0) +1.0 y(2,0,0) = 1.0 ;u: 0.0 ;rs:  -1.0 ;mult:  1 ;b: 0.0
c: triangle2(0,2,1): +1.0 y(0,2,1) +1.0 y(2,0,1) = 1.0 ;u: 0.0 ;rs:  -1.0 ;mult:  1 ;b: 0.0
c: triangle2(0,2,2): +1.0 y(0,2,2) +1.0 y(2,0,2) = 1.0 ;u: 0.0 ;rs:  -1.0 ;mult:  1 ;b: 0.0
c: triangle2(1,2,0): +1.0 y(1,2,0) +1.0 y(2,1,0) = 1.0 ;u: 0.0 ;rs:  -1.0 ;mult:  1 ;b: 0.0
c: triangle2(1,2,1): +1.0 y(1,2,1) +1.0 y(2,1,1) = 1.0 ;u: 0.0 ;rs:  -1.0 ;mult:  1 ;b: 0.0
c: triangle2(1,2,2): +1.0 y(1,2,2) +1.0 y(2,1,2) = 1.0 ;u: 0.0 ;rs:  -1.0 ;mult:  1 ;b: 0.0
c: MCLinV(0,1,0): +1.0 x(0,0) -1.0 x(1,0) -1.0 v(0,1,0) = 3.0 ;u: 0.010434782608695792 ;rs:  -3.0 ;mult:  1 ;b: 0.031304347826087375
c: MCLinV(1,0,0): -1.0 x(0,0) +1.0 x(1,0) -1.0 v(1,0,0) = 1.0 ;u: 0.99 ;rs:  -1.0 ;mult:  1 ;b: 0.99
c: MCLin1(0,1,0): +1.0 u(0,1,0) >= 0.0 ;u: 0.009565217391304226 ;rs:  -0.0 ;mult:  -1 ;b: -0.0
c: MCLin2(0,1,0): -23.0 y(1,0,0) -1.0 u(0,1,0) <= 0.0 ;u: 0.99 ;rs:  -0.0 ;mult:  1 ;b: 0.0
c: MCLin3(0,1,0): +36.0 y(1,0,0) +1.0 v(0,1,0) -1.0 u(0,1,0) <= 36.0 ;u: 0.99 ;rs:  -36.0 ;mult:  1 ;b: 35.64
c: MCLin4(0,1,0): +36.0 y(1,0,0) -1.0 u(0,1,0) >= 0.0 ;u: 0.99 ;rs:  -0.0 ;mult:  -1 ;b: -0.0
c: MCLin5(0,1,0): -23.0 y(1,0,0) +1.0 v(0,1,0) -1.0 u(0,1,0) >= -23.0 ;u: 0.9895652173913042 ;rs:  23.0 ;mult:  -1 ;b: 22.759999999999998
c: MCLin6(1,0,0): +1.0 u(1,0,0) >= 0.0 ;u: 0.5050000000000018 ;rs:  -0.0 ;mult:  -1 ;b: -0.0
c: MCLin7(1,0,0): -40.0 y(0,1,0) -1.0 u(1,0,0) <= 0.0 ;u: 0.99 ;rs:  -0.0 ;mult:  1 ;b: 0.0
c: MCLin8(1,0,0): +19.0 y(0,1,0) +1.0 v(1,0,0) -1.0 u(1,0,0) <= 19.0 ;u: 0.99 ;rs:  -19.0 ;mult:  1 ;b: 18.81
c: MCLin9(1,0,0): +19.0 y(0,1,0) -1.0 u(1,0,0) >= 0.0 ;u: 0.99 ;rs:  -0.0 ;mult:  -1 ;b: -0.0
c: MCLin10(1,0,0): -40.0 y(0,1,0) +1.0 v(1,0,0) -1.0 u(1,0,0) >= -40.0 ;u: 0.0 ;rs:  40.0 ;mult:  -1 ;b: 0.0
c: MCLinV(0,1,1): +1.0 x(0,1) -1.0 x(1,1) -1.0 v(0,1,1) = 4.0 ;u: 0.0002941176470588891 ;rs:  -4.0 ;mult:  1 ;b: 0.0011764705882355564
c: MCLinV(1,0,1): -1.0 x(0,1) +1.0 x(1,1) -1.0 v(1,0,1) = 7.0 ;u: 0.9724999999999999 ;rs:  -7.0 ;mult:  1 ;b: 6.807499999999999
c: MCLin1(0,1,1): +1.0 u(0,1,1) >= 0.0 ;u: 0.99 ;rs:  -0.0 ;mult:  -1 ;b: -0.0
c: MCLin2(0,1,1): -34.0 y(1,0,1) -1.0 u(0,1,1) <= 0.0 ;u: 0.99 ;rs:  -0.0 ;mult:  1 ;b: 0.0
c: MCLin3(0,1,1): +25.0 y(1,0,1) +1.0 v(0,1,1) -1.0 u(0,1,1) <= 25.0 ;u: 0.99 ;rs:  -25.0 ;mult:  1 ;b: 24.75
c: MCLin4(0,1,1): +25.0 y(1,0,1) -1.0 u(0,1,1) >= 0.0 ;u: 0.99 ;rs:  -0.0 ;mult:  -1 ;b: -0.0
c: MCLin5(0,1,1): -34.0 y(1,0,1) +1.0 v(0,1,1) -1.0 u(0,1,1) >= -34.0 ;u: 0.9897058823529411 ;rs:  34.0 ;mult:  -1 ;b: 33.65
c: MCLin6(1,0,1): +1.0 u(1,0,1) >= 0.0 ;u: 0.5137500000000018 ;rs:  -0.0 ;mult:  -1 ;b: -0.0
c: MCLin7(1,0,1): -36.0 y(0,1,1) -1.0 u(1,0,1) <= 0.0 ;u: 0.99 ;rs:  -0.0 ;mult:  1 ;b: 0.0
c: MCLin8(1,0,1): +23.0 y(0,1,1) +1.0 v(1,0,1) -1.0 u(1,0,1) <= 23.0 ;u: 0.99 ;rs:  -23.0 ;mult:  1 ;b: 22.77
c: MCLin9(1,0,1): +23.0 y(0,1,1) -1.0 u(1,0,1) >= 0.0 ;u: 0.99 ;rs:  -0.0 ;mult:  -1 ;b: -0.0
c: MCLin10(1,0,1): -36.0 y(0,1,1) +1.0 v(1,0,1) -1.0 u(1,0,1) >= -36.0 ;u: 0.017500000000000016 ;rs:  36.0 ;mult:  -1 ;b: 0.6300000000000006
c: MCLinV(0,1,2): +1.0 x(0,2) -1.0 x(1,2) -1.0 v(0,1,2) = 7.0 ;u: 0.00027027027027004547 ;rs:  -7.0 ;mult:  1 ;b: 0.0018918918918903183
c: MCLinV(1,0,2): -1.0 x(0,2) +1.0 x(1,2) -1.0 v(1,0,2) = 7.0 ;u: 0.9535135135135129 ;rs:  -7.0 ;mult:  1 ;b: 6.67459459459459
c: MCLin1(0,1,2): +1.0 u(0,1,2) >= 0.0 ;u: 0.499864864864865 ;rs:  -0.0 ;mult:  -1 ;b: -0.0
c: MCLin2(0,1,2): -37.0 y(1,0,2) -1.0 u(0,1,2) <= 0.0 ;u: 0.99 ;rs:  -0.0 ;mult:  1 ;b: 0.0
c: MCLin3(0,1,2): +22.0 y(1,0,2) +1.0 v(0,1,2) -1.0 u(0,1,2) <= 22.0 ;u: 0.99 ;rs:  -22.0 ;mult:  1 ;b: 21.78
c: MCLin4(0,1,2): +22.0 y(1,0,2) -1.0 u(0,1,2) >= 0.0 ;u: 0.99 ;rs:  -0.0 ;mult:  -1 ;b: -0.0
c: MCLin5(0,1,2): -37.0 y(1,0,2) +1.0 v(0,1,2) -1.0 u(0,1,2) >= -37.0 ;u: 0.9897297297297298 ;rs:  37.0 ;mult:  -1 ;b: 36.620000000000005
c: MCLin6(1,0,2): +1.0 u(1,0,2) >= 0.0 ;u: 0.99 ;rs:  -0.0 ;mult:  -1 ;b: -0.0
c: MCLin7(1,0,2): -36.0 y(0,1,2) -1.0 u(1,0,2) <= 0.0 ;u: 0.99 ;rs:  -0.0 ;mult:  1 ;b: 0.0
c: MCLin8(1,0,2): +23.0 y(0,1,2) +1.0 v(1,0,2) -1.0 u(1,0,2) <= 23.0 ;u: 0.99 ;rs:  -23.0 ;mult:  1 ;b: 22.77
c: MCLin9(1,0,2): +23.0 y(0,1,2) -1.0 u(1,0,2) >= 0.0 ;u: 0.99 ;rs:  -0.0 ;mult:  -1 ;b: -0.0
c: MCLin10(1,0,2): -36.0 y(0,1,2) +1.0 v(1,0,2) -1.0 u(1,0,2) >= -36.0 ;u: 0.0 ;rs:  36.0 ;mult:  -1 ;b: 0.0
c: MCLinV(0,2,0): +1.0 x(0,0) -1.0 x(2,0) -1.0 v(0,2,0) = 2.0 ;u: 0.0 ;rs:  -2.0 ;mult:  1 ;b: 0.0
c: MCLinV(2,0,0): -1.0 x(0,0) +1.0 x(2,0) -1.0 v(2,0,0) = 1.0 ;u: 0.9680645161290328 ;rs:  -1.0 ;mult:  1 ;b: 0.9680645161290328
c: MCLin1(0,2,0): +1.0 u(0,2,0) >= 0.0 ;u: 0.5 ;rs:  -0.0 ;mult:  -1 ;b: -0.0
c: MCLin2(0,2,0): -30.0 y(2,0,0) -1.0 u(0,2,0) <= 0.0 ;u: 0.99 ;rs:  -0.0 ;mult:  1 ;b: 0.0
c: MCLin3(0,2,0): +28.0 y(2,0,0) +1.0 v(0,2,0) -1.0 u(0,2,0) <= 28.0 ;u: 0.99 ;rs:  -28.0 ;mult:  1 ;b: 27.72
c: MCLin4(0,2,0): +28.0 y(2,0,0) -1.0 u(0,2,0) >= 0.0 ;u: 0.99 ;rs:  -0.0 ;mult:  -1 ;b: -0.0
c: MCLin5(0,2,0): -30.0 y(2,0,0) +1.0 v(0,2,0) -1.0 u(0,2,0) >= -30.0 ;u: 0.99 ;rs:  30.0 ;mult:  -1 ;b: 29.7
c: MCLin6(2,0,0): +1.0 u(2,0,0) >= 0.0 ;u: 0.99 ;rs:  -0.0 ;mult:  -1 ;b: -0.0
c: MCLin7(2,0,0): -31.0 y(0,2,0) -1.0 u(2,0,0) <= 0.0 ;u: 0.99 ;rs:  -0.0 ;mult:  1 ;b: 0.0
c: MCLin8(2,0,0): +27.0 y(0,2,0) +1.0 v(2,0,0) -1.0 u(2,0,0) <= 27.0 ;u: 0.9900000000000003 ;rs:  -27.0 ;mult:  1 ;b: 26.730000000000008
c: MCLin9(2,0,0): +27.0 y(0,2,0) -1.0 u(2,0,0) >= 0.0 ;u: 0.99 ;rs:  -0.0 ;mult:  -1 ;b: -0.0
c: MCLin10(2,0,0): -31.0 y(0,2,0) +1.0 v(2,0,0) -1.0 u(2,0,0) >= -31.0 ;u: 0.021935483870967505 ;rs:  31.0 ;mult:  -1 ;b: 0.6799999999999926
c: MCLinV(0,2,1): +1.0 x(0,1) -1.0 x(2,1) -1.0 v(0,2,1) = 7.0 ;u: 0.0002777777777777102 ;rs:  -7.0 ;mult:  1 ;b: 0.0019444444444439712
c: MCLinV(2,0,1): -1.0 x(0,1) +1.0 x(2,1) -1.0 v(2,0,1) = 7.0 ;u: 0.7502777777777778 ;rs:  -7.0 ;mult:  1 ;b: 5.251944444444445
c: MCLin1(0,2,1): +1.0 u(0,2,1) >= 0.0 ;u: 0.99 ;rs:  -0.0 ;mult:  -1 ;b: -0.0
c: MCLin2(0,2,1): -36.0 y(2,0,1) -1.0 u(0,2,1) <= 0.0 ;u: 0.99 ;rs:  -0.0 ;mult:  1 ;b: 0.0
c: MCLin3(0,2,1): +22.0 y(2,0,1) +1.0 v(0,2,1) -1.0 u(0,2,1) <= 22.0 ;u: 0.99 ;rs:  -22.0 ;mult:  1 ;b: 21.78
c: MCLin4(0,2,1): +22.0 y(2,0,1) -1.0 u(0,2,1) >= 0.0 ;u: 0.99 ;rs:  -0.0 ;mult:  -1 ;b: -0.0
c: MCLin5(0,2,1): -36.0 y(2,0,1) +1.0 v(0,2,1) -1.0 u(0,2,1) >= -36.0 ;u: 0.9897222222222223 ;rs:  36.0 ;mult:  -1 ;b: 35.63
c: MCLin6(2,0,1): +1.0 u(2,0,1) >= 0.0 ;u: 0.6248611111111111 ;rs:  -0.0 ;mult:  -1 ;b: -0.0
c: MCLin7(2,0,1): -36.0 y(0,2,1) -1.0 u(2,0,1) <= 0.0 ;u: 0.99 ;rs:  -0.0 ;mult:  1 ;b: 0.0
c: MCLin8(2,0,1): +22.0 y(0,2,1) +1.0 v(2,0,1) -1.0 u(2,0,1) <= 22.0 ;u: 0.99 ;rs:  -22.0 ;mult:  1 ;b: 21.78
c: MCLin9(2,0,1): +22.0 y(0,2,1) -1.0 u(2,0,1) >= 0.0 ;u: 0.99 ;rs:  -0.0 ;mult:  -1 ;b: -0.0
c: MCLin10(2,0,1): -36.0 y(0,2,1) +1.0 v(2,0,1) -1.0 u(2,0,1) >= -36.0 ;u: 0.23972222222222225 ;rs:  36.0 ;mult:  -1 ;b: 8.63
c: MCLinV(0,2,2): +1.0 x(0,2) -1.0 x(2,2) -1.0 v(0,2,2) = 6.0 ;u: 0.0 ;rs:  -6.0 ;mult:  1 ;b: 0.0
c: MCLinV(2,0,2): -1.0 x(0,2) +1.0 x(2,2) -1.0 v(2,0,2) = 7.0 ;u: 0.99 ;rs:  -7.0 ;mult:  1 ;b: 6.93
c: MCLin1(0,2,2): +1.0 u(0,2,2) >= 0.0 ;u: 0.0 ;rs:  -0.0 ;mult:  -1 ;b: -0.0
c: MCLin2(0,2,2): -35.0 y(2,0,2) -1.0 u(0,2,2) <= 0.0 ;u: 0.99 ;rs:  -0.0 ;mult:  1 ;b: 0.0
c: MCLin3(0,2,2): +23.0 y(2,0,2) +1.0 v(0,2,2) -1.0 u(0,2,2) <= 23.0 ;u: 0.99 ;rs:  -23.0 ;mult:  1 ;b: 22.77
c: MCLin4(0,2,2): +23.0 y(2,0,2) -1.0 u(0,2,2) >= 0.0 ;u: 0.7747546789300483 ;rs:  -0.0 ;mult:  -1 ;b: -0.0
c: MCLin5(0,2,2): -35.0 y(2,0,2) +1.0 v(0,2,2) -1.0 u(0,2,2) >= -35.0 ;u: 0.8199816461540318 ;rs:  35.0 ;mult:  -1 ;b: 28.69935761539111
c: MCLin6(2,0,2): +1.0 u(2,0,2) >= 0.0 ;u: 0.99 ;rs:  -0.0 ;mult:  -1 ;b: -0.0
c: MCLin7(2,0,2): -36.0 y(0,2,2) -1.0 u(2,0,2) <= 0.0 ;u: 0.99 ;rs:  -0.0 ;mult:  1 ;b: 0.0
c: MCLin8(2,0,2): +22.0 y(0,2,2) +1.0 v(2,0,2) -1.0 u(2,0,2) <= 22.0 ;u: 0.99 ;rs:  -22.0 ;mult:  1 ;b: 21.78
c: MCLin9(2,0,2): +22.0 y(0,2,2) -1.0 u(2,0,2) >= 0.0 ;u: 0.99 ;rs:  -0.0 ;mult:  -1 ;b: -0.0
c: MCLin10(2,0,2): -36.0 y(0,2,2) +1.0 v(2,0,2) -1.0 u(2,0,2) >= -36.0 ;u: 0.0 ;rs:  36.0 ;mult:  -1 ;b: 0.0
c: MCLinV(1,2,0): +1.0 x(1,0) -1.0 x(2,0) -1.0 v(1,2,0) = 2.0 ;u: 0.0 ;rs:  -2.0 ;mult:  1 ;b: 0.0
c: MCLinV(2,1,0): -1.0 x(1,0) +1.0 x(2,0) -1.0 v(2,1,0) = 3.0 ;u: 0.99 ;rs:  -3.0 ;mult:  1 ;b: 2.9699999999999998
c: MCLin1(1,2,0): +1.0 u(1,2,0) >= 0.0 ;u: 0.99 ;rs:  -0.0 ;mult:  -1 ;b: -0.0
c: MCLin2(1,2,0): -40.0 y(2,1,0) -1.0 u(1,2,0) <= 0.0 ;u: 0.020000000000000216 ;rs:  -0.0 ;mult:  1 ;b: 0.0
c: MCLin3(1,2,0): +19.0 y(2,1,0) +1.0 v(1,2,0) -1.0 u(1,2,0) <= 19.0 ;u: 0.99 ;rs:  -19.0 ;mult:  1 ;b: 18.81
c: MCLin4(1,2,0): +19.0 y(2,1,0) -1.0 u(1,2,0) >= 0.0 ;u: 0.0 ;rs:  -0.0 ;mult:  -1 ;b: -0.0
c: MCLin5(1,2,0): -40.0 y(2,1,0) +1.0 v(1,2,0) -1.0 u(1,2,0) >= -40.0 ;u: 0.99 ;rs:  40.0 ;mult:  -1 ;b: 39.6
c: MCLin6(2,1,0): +1.0 u(2,1,0) >= 0.0 ;u: 0.9180000000000001 ;rs:  -0.0 ;mult:  -1 ;b: -0.0
c: MCLin7(2,1,0): -24.0 y(1,2,0) -1.0 u(2,1,0) <= 0.0 ;u: 0.99 ;rs:  -0.0 ;mult:  1 ;b: 0.0
c: MCLin8(2,1,0): +35.0 y(1,2,0) +1.0 v(2,1,0) -1.0 u(2,1,0) <= 35.0 ;u: 0.0 ;rs:  -35.0 ;mult:  1 ;b: 0.0
c: MCLin9(2,1,0): +35.0 y(1,2,0) -1.0 u(2,1,0) >= 0.0 ;u: 0.8780000000000001 ;rs:  -0.0 ;mult:  -1 ;b: -0.0
c: MCLin10(2,1,0): -24.0 y(1,2,0) +1.0 v(2,1,0) -1.0 u(2,1,0) >= -24.0 ;u: 0.020000000000000018 ;rs:  24.0 ;mult:  -1 ;b: 0.4800000000000004
c: MCLinV(1,2,1): +1.0 x(1,1) -1.0 x(2,1) -1.0 v(1,2,1) = 7.0 ;u: 0.0 ;rs:  -7.0 ;mult:  1 ;b: 0.0
c: MCLinV(2,1,1): -1.0 x(1,1) +1.0 x(2,1) -1.0 v(2,1,1) = 4.0 ;u: 0.99 ;rs:  -4.0 ;mult:  1 ;b: 3.96
c: MCLin1(1,2,1): +1.0 u(1,2,1) >= 0.0 ;u: 0.010000000000000009 ;rs:  -0.0 ;mult:  -1 ;b: -0.0
c: MCLin2(1,2,1): -36.0 y(2,1,1) -1.0 u(1,2,1) <= 0.0 ;u: 0.99 ;rs:  -0.0 ;mult:  1 ;b: 0.0
c: MCLin3(1,2,1): +23.0 y(2,1,1) +1.0 v(1,2,1) -1.0 u(1,2,1) <= 23.0 ;u: 0.9898305084745762 ;rs:  -23.0 ;mult:  1 ;b: 22.766101694915253
c: MCLin4(1,2,1): +23.0 y(2,1,1) -1.0 u(1,2,1) >= 0.0 ;u: 0.99 ;rs:  -0.0 ;mult:  -1 ;b: -0.0
c: MCLin5(1,2,1): -36.0 y(2,1,1) +1.0 v(1,2,1) -1.0 u(1,2,1) >= -36.0 ;u: 0.9898305084745762 ;rs:  36.0 ;mult:  -1 ;b: 35.63389830508474
c: MCLin6(2,1,1): +1.0 u(2,1,1) >= 0.0 ;u: 0.02000000000000357 ;rs:  -0.0 ;mult:  -1 ;b: -0.0
c: MCLin7(2,1,1): -34.0 y(1,2,1) -1.0 u(2,1,1) <= 0.0 ;u: 0.99 ;rs:  -0.0 ;mult:  1 ;b: 0.0
c: MCLin8(2,1,1): +25.0 y(1,2,1) +1.0 v(2,1,1) -1.0 u(2,1,1) <= 25.0 ;u: 0.99 ;rs:  -25.0 ;mult:  1 ;b: 24.75
c: MCLin9(2,1,1): +25.0 y(1,2,1) -1.0 u(2,1,1) >= 0.0 ;u: 0.99 ;rs:  -0.0 ;mult:  -1 ;b: -0.0
c: MCLin10(2,1,1): -34.0 y(1,2,1) +1.0 v(2,1,1) -1.0 u(2,1,1) >= -34.0 ;u: 0.0 ;rs:  34.0 ;mult:  -1 ;b: 0.0
c: MCLinV(1,2,2): +1.0 x(1,2) -1.0 x(2,2) -1.0 v(1,2,2) = 6.0 ;u: 0.0 ;rs:  -6.0 ;mult:  1 ;b: 0.0
c: MCLinV(2,1,2): -1.0 x(1,2) +1.0 x(2,2) -1.0 v(2,1,2) = 7.0 ;u: 0.9732432432432429 ;rs:  -7.0 ;mult:  1 ;b: 6.8127027027027
c: MCLin1(1,2,2): +1.0 u(1,2,2) >= 0.0 ;u: 0.010000000000002007 ;rs:  -0.0 ;mult:  -1 ;b: -0.0
c: MCLin2(1,2,2): -35.0 y(2,1,2) -1.0 u(1,2,2) <= 0.0 ;u: 0.99 ;rs:  -0.0 ;mult:  1 ;b: 0.0
c: MCLin3(1,2,2): +24.0 y(2,1,2) +1.0 v(1,2,2) -1.0 u(1,2,2) <= 24.0 ;u: 0.99 ;rs:  -24.0 ;mult:  1 ;b: 23.759999999999998
c: MCLin4(1,2,2): +24.0 y(2,1,2) -1.0 u(1,2,2) >= 0.0 ;u: 0.99 ;rs:  -0.0 ;mult:  -1 ;b: -0.0
c: MCLin5(1,2,2): -35.0 y(2,1,2) +1.0 v(1,2,2) -1.0 u(1,2,2) >= -35.0 ;u: 0.99 ;rs:  35.0 ;mult:  -1 ;b: 34.65
c: MCLin6(2,1,2): +1.0 u(2,1,2) >= 0.0 ;u: 0.99 ;rs:  -0.0 ;mult:  -1 ;b: -0.0
c: MCLin7(2,1,2): -37.0 y(1,2,2) -1.0 u(2,1,2) <= 0.0 ;u: 0.99 ;rs:  -0.0 ;mult:  1 ;b: 0.0
c: MCLin8(2,1,2): +22.0 y(1,2,2) +1.0 v(2,1,2) -1.0 u(2,1,2) <= 22.0 ;u: 0.9899999999999999 ;rs:  -22.0 ;mult:  1 ;b: 21.779999999999998
c: MCLin9(2,1,2): +22.0 y(1,2,2) -1.0 u(2,1,2) >= 0.0 ;u: 0.99 ;rs:  -0.0 ;mult:  -1 ;b: -0.0
c: MCLin10(2,1,2): -37.0 y(1,2,2) +1.0 v(2,1,2) -1.0 u(2,1,2) >= -37.0 ;u: 0.01675675675675688 ;rs:  37.0 ;mult:  -1 ;b: 0.6200000000000045
c: makespan(0): +1.0 C -1.0 x(0,0) >= 1.0 ;u: 0.0 ;rs:  -1.0 ;mult:  -1 ;b: -0.0
c: makespan(1): +1.0 C -1.0 x(1,2) >= 7.0 ;u: 0.0 ;rs:  -7.0 ;mult:  -1 ;b: -0.0
c: makespan(2): +1.0 C -1.0 x(2,0) >= 2.0 ;u: 0.010000000000000009 ;rs:  -2.0 ;mult:  -1 ;b: -0.020000000000000018
var:  - 1.5930788592x(0,1) - 2.0099999999x(0,2) - 2.01x(0,0) + 0.9795652174x(1,0) - 1.01x(1,2) - 0.010000000000000009v(0,1,0) - 0.010000000000000009u(0,1,0) - 0.00999999999999801y(1,0,0) - 1.4950000000000003u(1,0,0) - 39.6y(0,1,0) - 0.017794117599999937x(1,1) - 0.9902941175999997u(0,1,1) - 0.00999999999999801y(1,0,1) - 1.4862500000000003u(1,0,1) - 35.01y(0,1,1) + 0.03648648649999997v(1,0,2) - 0.5001351351999997u(0,1,2) - 0.010000000000005116y(1,0,2) - 1.9799999999999998u(1,0,2) - 35.64y(0,1,2) + 1.9680645160999999x(2,0) - 0.5u(0,2,0) - 1.9580645160999997u(2,0,0) - 30.01y(0,2,0) + 1.74x(2,1) - 0.9902777777999998u(0,2,1) - 0.00999999999999801y(2,0,1) - 1.3751388889u(2,0,1) - 27.009999999999998y(0,2,1) + 1.9632432432x(2,2) - y(2,0,2) - 0.3852636749u(0,2,2) + 0.17001835379999997v(0,2,2) - 1.9799999999999998u(2,0,2) - 35.64y(0,2,2) - 1.01v(2,1,0) - 1.01u(1,2,0) + 57.61y(2,1,0) - 1.0099999999999998u(2,1,0) - 54.010000000000005y(1,2,0) - 0.009999999999999898u(1,2,1) - 0.00999999999999801y(2,1,1) - 1.01u(2,1,1) - 33.66y(1,2,1) - 0.010000000000000009u(1,2,2) - 1.9632432431999998u(2,1,2) - 36.010000000000005y(1,2,2) - 0.01C   b:  746.0
eq:  - 2.0x(0,1) - 3.0x(0,2) - 3.0x(0,0) - 2.0x(1,2) - v(0,1,0) - u(0,1,0) - y(1,0,0) - 2.0u(1,0,0) - 40.0y(0,1,0) - x(1,1) - u(0,1,1) - y(1,0,1) - 2.0u(1,0,1) - 36.0y(0,1,1) - u(0,1,2) - y(1,0,2) - 2.0u(1,0,2) - 36.0y(0,1,2) + x(2,0) - u(0,2,0) - 2.0u(2,0,0) - 31.0y(0,2,0) + x(2,1) - u(0,2,1) - y(2,0,1) - 2.0u(2,0,1) - 28.0y(0,2,1) + x(2,2) - y(2,0,2) - u(0,2,2) - 2.0u(2,0,2) - 36.0y(0,2,2) - 2.0v(2,1,0) - 2.0u(1,2,0) + 57.0y(2,1,0) - 2.0u(2,1,0) - 55.0y(1,2,0) - u(1,2,1) - y(2,1,1) - 2.0u(2,1,1) - 34.0y(1,2,1) - u(1,2,2) - 2.0u(2,1,2) - 37.0y(1,2,2) - C  soma;  -388.6982026143791 b:  746.0 soma > b? False
teste:  - C - 2.0x(0,1) - 3.0x(0,2) - 3.0x(0,0) - x(1,1) - 2.0x(1,2) + x(2,1) + x(2,2) + x(2,0) - 40.0y(0,1,0) - y(1,0,0) - 36.0y(0,1,1) - y(1,0,1) - 36.0y(0,1,2) - y(1,0,2) - 31.0y(0,2,0) - 28.0y(0,2,1) - y(2,0,1) - 36.0y(0,2,2) - y(2,0,2) - 55.0y(1,2,0) + 57.0y(2,1,0) - 34.0y(1,2,1) - y(2,1,1) - 37.0y(1,2,2) - v(0,1,0) - u(0,1,0) - 2.0u(1,0,0) - u(0,1,1) - 2.0u(1,0,1) - u(0,1,2) - 2.0u(1,0,2) - u(0,2,0) - 2.0u(2,0,0) - u(0,2,1) - 2.0u(2,0,1) - u(0,2,2) - 2.0u(2,0,2) - 2.0v(2,1,0) - 2.0u(1,2,0) - 2.0u(2,1,0) - u(1,2,1) - 2.0u(2,1,1) - u(1,2,2) - 2.0u(2,1,2)  ;soma: - 388.6982026143791 ;a0: 746.0
==========================
vi3328_modelMCLin.lp - obj: 28.0 ; atual = 15.0 
[]Optimize a model with 126 rows, 64 columns and 288 nonzeros
Coefficient statistics:
  Matrix range     [1e+00, 4e+01]
  Objective range  [1e+00, 1e+00]
  Bounds range     [1e+00, 4e+02]
  RHS range        [1e+00, 4e+01]

Solved in 18 iterations and 0.00 seconds
Optimal objective  1.500000000e+01
