Using Python-MIP package version 1.5.3
McCormic linearization
time	;node	;father	;remain	;LB	;bestLB	;bestUB	;status
0.8639	;1	;-	;0	;21.3000;21.3000;57.0000	;root
1.3005	;2	;1	;1	;23.3333;21.3000;57.0000;branch
1.6991	;3	;1	;2	;23.3333;21.3000;57.0000;branch
2.0623	;4	;1	;3	;24.0000;21.3000;57.0000;branch
2.2688	;5	;1	;4	;23.3333;21.3000;57.0000;branch
3.0431	;6	;1	;5	;22.9444;21.3000;57.0000;branch
3.7107	;7	;1	;6	;21.7222;21.3000;57.0000;branch
4.2975	;8	;1	;7	;21.7222;21.3000;57.0000;branch
4.9846	;9	;1	;8	;22.9444;21.3000;57.0000;branch
5.1759	;10	;1	;9	;23.4000;21.3000;57.0000;branch
5.3864	;11	;1	;10	;24.1000;21.3000;57.0000;branch
5.9378	;12	;1	;11	;24.1176;21.3000;57.0000;branch
6.3357	;13	;1	;12	;22.8235;21.3000;57.0000;branch
6.6548	;14	;1	;13	;25.0000;21.3000;57.0000;branch
6.8161	;15	;1	;14	;21.3000;21.3000;57.0000;branch
6.9730	;16	;1	;15	;21.3000;21.3000;57.0000;branch
7.2789	;17	;1	;16	;25.0000;21.3000;57.0000;branch
7.7005	;18	;1	;17	;22.0000;21.3000;57.0000;branch
7.8837	;19	;1	;18	;21.6667;21.3000;57.0000;branch
8.3959	;20	;15	;18	;23.3333;21.3000;57.0000;branch
8.9380	;21	;15	;19	;23.3333;21.3000;57.0000;branch
9.2630	;22	;15	;20	;24.0000;21.3000;57.0000;branch
9.4722	;23	;15	;21	;23.3333;21.3000;57.0000;branch
10.3010	;24	;15	;22	;22.9444;21.3000;57.0000;branch
11.1512	;25	;15	;23	;21.7222;21.3000;57.0000;branch
12.0461	;26	;15	;24	;21.7222;21.3000;57.0000;branch
13.0959	;27	;15	;25	;23.0000;21.3000;57.0000;branch
13.4159	;28	;15	;26	;23.4000;21.3000;57.0000;branch
13.6321	;29	;15	;27	;24.1000;21.3000;57.0000;branch
14.3163	;30	;15	;28	;24.1176;21.3000;57.0000;branch
14.7617	;31	;15	;29	;22.8235;21.3000;57.0000;branch
14.9422	;32	;15	;30	;21.3000;21.3000;57.0000;branch
15.2350	;33	;15	;31	;25.0000;21.3000;57.0000;branch
15.8044	;34	;15	;32	;22.0000;21.3000;57.0000;branch
16.0106	;35	;15	;33	;21.6667;21.3000;57.0000;branch
16.5465	;36	;32	;33	;23.4000;21.3000;57.0000;branch
17.3202	;37	;32	;34	;23.3333;21.3000;57.0000;branch
17.8747	;38	;32	;35	;24.0000;21.3000;57.0000;branch
18.2306	;39	;32	;36	;23.3333;21.3000;57.0000;branch
18.9422	;40	;32	;37	;23.0000;21.3000;57.0000;branch
19.5625	;41	;32	;38	;21.8000;21.3000;57.0000;branch
20.8000	;42	;32	;39	;21.7222;21.3000;57.0000;branch
22.6617	;43	;32	;40	;23.0000;21.3000;57.0000;branch
23.0808	;44	;32	;41	;23.4000;21.3000;57.0000;branch
23.2976	;45	;32	;42	;24.1000;21.3000;57.0000;branch
23.5657	;46	;32	;43	;24.1000;21.3000;57.0000;branch
23.9516	;47	;32	;44	;22.8235;21.3000;57.0000;branch
24.2182	;48	;32	;45	;22.0000;21.3000;57.0000;branch
24.4447	;49	;32	;46	;21.6667;21.3000;57.0000;branch
24.9249	;50	;16	;46	;23.4000;21.3000;57.0000;branch
25.6152	;51	;16	;47	;23.3333;21.3000;57.0000;branch
25.9604	;52	;16	;48	;24.0000;21.3000;57.0000;branch
26.2593	;53	;16	;49	;23.3333;21.3000;57.0000;branch
27.0036	;54	;16	;50	;23.0000;21.3000;57.0000;branch
27.4764	;55	;16	;51	;21.8000;21.3000;57.0000;branch
28.3331	;56	;16	;52	;21.7222;21.3000;57.0000;branch
29.4661	;57	;16	;53	;22.9444;21.3000;57.0000;branch
29.7323	;58	;16	;54	;23.4000;21.3000;57.0000;branch
29.9279	;59	;16	;55	;24.1000;21.3000;57.0000;branch
30.1523	;60	;16	;56	;24.1000;21.3000;57.0000;branch
30.7158	;61	;16	;57	;22.8235;21.3000;57.0000;branch
30.9877	;62	;16	;58	;25.0000;21.3000;57.0000;branch
31.1523	;63	;16	;59	;21.3000;21.3000;57.0000;branch
31.3615	;64	;16	;60	;22.0000;21.3000;57.0000;branch
31.5770	;65	;16	;61	;21.6667;21.3000;57.0000;branch
32.1111	;66	;63	;61	;23.4000;21.3000;57.0000;branch
32.8949	;67	;63	;62	;23.3333;21.3000;57.0000;branch
33.4941	;68	;63	;63	;24.0000;21.3000;57.0000;branch
33.9108	;69	;63	;64	;23.3333;21.3000;57.0000;branch
34.6820	;70	;63	;65	;23.0000;21.3000;57.0000;branch
35.6186	;71	;63	;66	;21.8000;21.3000;57.0000;branch
36.9798	;72	;63	;67	;21.7222;21.3000;57.0000;branch
39.1768	;73	;63	;68	;23.0000;21.3000;57.0000;branch
39.5506	;74	;63	;69	;23.4000;21.3000;57.0000;branch
39.7615	;75	;63	;70	;24.1000;21.3000;57.0000;branch
40.0215	;76	;63	;71	;24.1000;21.3000;57.0000;branch
40.3334	;77	;63	;72	;22.8235;21.3000;57.0000;branch
40.6095	;78	;63	;73	;22.0000;21.3000;57.0000;branch
40.9257	;79	;63	;74	;21.6667;21.3000;57.0000;branch
41.3245	;80	;19	;74	;24.1111;21.6667;57.0000;branch
41.9356	;81	;19	;75	;23.3333;21.6667;57.0000;branch
42.3771	;82	;19	;76	;24.6667;21.6667;57.0000;branch
42.6664	;83	;19	;77	;23.3333;21.6667;57.0000;branch
43.3898	;84	;19	;78	;23.4000;21.6667;57.0000;branch
44.2109	;85	;19	;79	;23.0000;21.6667;57.0000;branch
44.5385	;86	;19	;80	;23.0000;21.6667;57.0000;branch
45.4181	;87	;19	;81	;23.0000;21.6667;57.0000;branch
45.8876	;88	;19	;82	;23.7000;21.6667;57.0000;branch
46.3389	;89	;19	;83	;25.0000;21.6667;57.0000;branch
47.0913	;90	;19	;84	;25.0000;21.6667;57.0000;branch
47.4988	;91	;19	;85	;22.8235;21.6667;57.0000;branch
47.8824	;92	;19	;86	;29.0000;21.6667;57.0000;branch
48.2319	;93	;19	;87	;21.6667;21.6667;57.0000;branch
48.5790	;94	;19	;88	;21.6667;21.6667;57.0000;branch
48.8869	;95	;19	;89	;25.0000;21.6667;57.0000;branch
49.3686	;96	;65	;89	;24.2000;21.6667;57.0000;branch
50.1773	;97	;65	;90	;23.4000;21.6667;57.0000;branch
50.7322	;98	;65	;91	;24.6667;21.6667;57.0000;branch
51.0005	;99	;65	;92	;23.3333;21.6667;57.0000;branch
51.7905	;100	;65	;93	;23.4000;21.6667;57.0000;branch
52.6211	;101	;65	;94	;23.0000;21.6667;57.0000;branch
53.3466	;102	;65	;95	;23.0000;21.6667;57.0000;branch
55.6253	;103	;65	;96	;23.0000;21.6667;57.0000;branch
56.5906	;104	;65	;97	;23.7000;21.6667;57.0000;branch
57.0616	;105	;65	;98	;25.0000;21.6667;57.0000;branch
57.7877	;106	;65	;99	;25.0000;21.6667;57.0000;branch
58.3827	;107	;65	;100	;22.8235;21.6667;57.0000;branch
58.4048	;108	;65	;100	;28.3333;21.6667;57.0000;infeasible
58.7917	;109	;65	;101	;21.6667;21.6667;57.0000;branch
59.0256	;110	;93	;101	;24.1111;21.6667;57.0000;branch
59.6600	;111	;93	;102	;23.3333;21.6667;57.0000;branch
60.0135	;112	;93	;103	;24.6667;21.6667;57.0000;branch
60.9665	;113	;93	;104	;23.3333;21.6667;57.0000;branch
61.2834	;114	;93	;105	;23.4000;21.6667;57.0000;branch
62.0605	;115	;93	;106	;23.0000;21.6667;57.0000;branch
62.7981	;116	;93	;107	;23.0000;21.6667;57.0000;branch
64.2892	;117	;93	;108	;23.0000;21.6667;57.0000;branch
65.1994	;118	;93	;109	;23.7000;21.6667;57.0000;branch
65.7570	;119	;93	;110	;25.0000;21.6667;57.0000;branch
66.3670	;120	;93	;111	;25.0000;21.6667;57.0000;branch
66.8305	;121	;93	;112	;22.8235;21.6667;57.0000;branch
67.1999	;122	;93	;113	;21.6667;21.6667;57.0000;branch
67.5400	;123	;93	;114	;25.0000;21.6667;57.0000;branch
68.0385	;124	;109	;114	;24.2000;21.6667;57.0000;branch
68.7862	;125	;109	;115	;23.4000;21.6667;57.0000;branch
69.2670	;126	;109	;116	;24.6667;21.6667;57.0000;branch
69.4978	;127	;109	;117	;23.3333;21.6667;57.0000;branch
70.3179	;128	;109	;118	;23.4000;21.6667;57.0000;branch
71.1712	;129	;109	;119	;23.0000;21.6667;57.0000;branch
71.9039	;130	;109	;120	;23.0000;21.6667;57.0000;branch
73.7308	;131	;109	;121	;23.0000;21.6667;57.0000;branch
74.6639	;132	;109	;122	;23.7000;21.6667;57.0000;branch
75.1783	;133	;109	;123	;25.0000;21.6667;57.0000;branch
75.8898	;134	;109	;124	;25.0000;21.6667;57.0000;branch
76.5652	;135	;109	;125	;22.8235;21.6667;57.0000;branch
77.0931	;136	;122	;125	;24.2000;21.6667;57.0000;branch
77.7846	;137	;122	;126	;23.4000;21.6667;57.0000;branch
78.2432	;138	;122	;127	;24.6667;21.6667;57.0000;branch
78.4790	;139	;122	;128	;23.3333;21.6667;57.0000;branch
79.3051	;140	;122	;129	;23.4000;21.6667;57.0000;branch
80.1416	;141	;122	;130	;23.0000;21.6667;57.0000;branch
80.8857	;142	;122	;131	;23.0000;21.6667;57.0000;branch
82.9415	;143	;122	;132	;23.0000;21.6667;57.0000;branch
84.0680	;144	;122	;133	;23.7000;21.6667;57.0000;branch
84.7685	;145	;122	;134	;25.0000;21.6667;57.0000;branch
85.5702	;146	;122	;135	;25.0000;21.6667;57.0000;branch
86.4317	;147	;122	;136	;22.8235;21.6667;57.0000;branch
87.0337	;148	;94	;136	;24.2000;21.6667;57.0000;branch
87.9445	;149	;94	;137	;23.4000;21.6667;57.0000;branch
88.6764	;150	;94	;138	;24.6667;21.6667;57.0000;branch
88.9918	;151	;94	;139	;23.3333;21.6667;57.0000;branch
90.0910	;152	;94	;140	;23.4000;21.6667;57.0000;branch
91.1121	;153	;94	;141	;23.0000;21.6667;57.0000;branch
91.8566	;154	;94	;142	;23.0000;21.6667;57.0000;branch
94.0131	;155	;94	;143	;23.0000;21.6667;57.0000;branch
95.2227	;156	;94	;144	;23.7000;21.6667;57.0000;branch
95.7947	;157	;94	;145	;25.0000;21.6667;57.0000;branch
96.5740	;158	;94	;146	;25.0000;21.6667;57.0000;branch
97.1856	;159	;94	;147	;22.8235;21.6667;57.0000;branch
97.2089	;160	;94	;147	;28.3333;21.6667;57.0000;infeasible
97.5851	;161	;94	;148	;21.6667;21.6667;57.0000;branch
98.0913	;162	;161	;148	;24.2000;21.6667;57.0000;branch
98.9469	;163	;161	;149	;23.4000;21.6667;57.0000;branch
99.6274	;164	;161	;150	;24.6667;21.6667;57.0000;branch
99.9416	;165	;161	;151	;23.3333;21.6667;57.0000;branch
100.7887	;166	;161	;152	;23.4000;21.6667;57.0000;branch
101.6581	;167	;161	;153	;23.0000;21.6667;57.0000;branch
102.4456	;168	;161	;154	;23.0000;21.6667;57.0000;branch
104.4652	;169	;161	;155	;23.0000;21.6667;57.0000;branch
105.4126	;170	;161	;156	;23.7000;21.6667;57.0000;branch
105.9884	;171	;161	;157	;25.0000;21.6667;57.0000;branch
106.8101	;172	;161	;158	;25.0000;21.6667;57.0000;branch
107.8852	;173	;161	;159	;22.8235;21.6667;57.0000;branch
108.1421	;174	;35	;159	;24.1111;21.6667;57.0000;branch
109.1995	;175	;35	;160	;23.3333;21.6667;57.0000;branch
109.6276	;176	;35	;161	;24.6667;21.6667;57.0000;branch
110.7885	;177	;35	;162	;23.3333;21.6667;57.0000;branch
111.2028	;178	;35	;163	;23.4000;21.6667;57.0000;branch
112.1573	;179	;35	;164	;23.0000;21.6667;57.0000;branch
112.9994	;180	;35	;165	;23.0000;21.6667;57.0000;branch
114.7100	;181	;35	;166	;23.0000;21.6667;57.0000;branch
115.8234	;182	;35	;167	;23.7000;21.6667;57.0000;branch
116.5295	;183	;35	;168	;25.0000;21.6667;57.0000;branch
117.3028	;184	;35	;169	;25.0000;21.6667;57.0000;branch
117.9228	;185	;35	;170	;22.8235;21.6667;57.0000;branch
118.4038	;186	;35	;171	;21.6667;21.6667;57.0000;branch
118.8639	;187	;35	;172	;25.0000;21.6667;57.0000;branch
119.4048	;188	;186	;172	;24.2000;21.6667;57.0000;branch
120.2374	;189	;186	;173	;23.4000;21.6667;57.0000;branch
120.8423	;190	;186	;174	;24.6667;21.6667;57.0000;branch
121.1163	;191	;186	;175	;23.3333;21.6667;57.0000;branch
122.0137	;192	;186	;176	;23.4000;21.6667;57.0000;branch
122.8956	;193	;186	;177	;23.0000;21.6667;57.0000;branch
123.8011	;194	;186	;178	;23.0000;21.6667;57.0000;branch
125.8971	;195	;186	;179	;23.0000;21.6667;57.0000;branch
126.8019	;196	;186	;180	;23.7000;21.6667;57.0000;branch
127.4865	;197	;186	;181	;25.0000;21.6667;57.0000;branch
128.2394	;198	;186	;182	;25.0000;21.6667;57.0000;branch
129.1497	;199	;186	;183	;22.8235;21.6667;57.0000;branch
129.7369	;200	;49	;183	;24.2000;21.6667;57.0000;branch
130.4408	;201	;49	;184	;23.4000;21.6667;57.0000;branch
130.9246	;202	;49	;185	;24.6667;21.6667;57.0000;branch
131.1626	;203	;49	;186	;23.3333;21.6667;57.0000;branch
132.0409	;204	;49	;187	;23.4000;21.6667;57.0000;branch
133.2891	;205	;49	;188	;23.0000;21.6667;57.0000;branch
134.8416	;206	;49	;189	;23.0000;21.6667;57.0000;branch
137.9078	;207	;49	;190	;23.0000;21.6667;57.0000;branch
139.2768	;208	;49	;191	;23.7000;21.6667;57.0000;branch
139.9768	;209	;49	;192	;25.0000;21.6667;57.0000;branch
141.4422	;210	;49	;193	;25.0000;21.6667;57.0000;branch
142.1452	;211	;49	;194	;22.8235;21.6667;57.0000;branch
142.7521	;212	;79	;194	;24.2000;21.6667;57.0000;branch
143.7495	;213	;79	;195	;23.4000;21.6667;57.0000;branch
144.2657	;214	;79	;196	;24.6667;21.6667;57.0000;branch
144.5271	;215	;79	;197	;23.3333;21.6667;57.0000;branch
145.4016	;216	;79	;198	;23.4000;21.6667;57.0000;branch
146.4201	;217	;79	;199	;23.0000;21.6667;57.0000;branch
147.2284	;218	;79	;200	;23.0000;21.6667;57.0000;branch
149.7351	;219	;79	;201	;23.0000;21.6667;57.0000;branch
151.0240	;220	;79	;202	;23.7000;21.6667;57.0000;branch
151.7587	;221	;79	;203	;25.0000;21.6667;57.0000;branch
152.9591	;222	;79	;204	;25.0000;21.6667;57.0000;branch
154.2042	;223	;79	;205	;22.8235;21.6667;57.0000;branch
154.7925	;224	;26	;205	;25.0000;21.7222;57.0000;branch
155.3495	;225	;26	;206	;26.0000;21.7222;57.0000;branch
155.8062	;226	;26	;207	;25.0000;21.7222;57.0000;branch
156.1354	;227	;26	;208	;26.0000;21.7222;57.0000;branch
156.9739	;228	;26	;209	;24.1000;21.7222;57.0000;branch
157.4153	;229	;26	;210	;24.7778;21.7222;57.0000;branch
157.9819	;230	;26	;211	;24.2000;21.7222;57.0000;branch
159.4259	;231	;26	;212	;24.1000;21.7222;57.0000;branch
159.9695	;232	;26	;213	;21.7222;21.7222;57.0000;branch
160.2915	;233	;26	;214	;29.0000;21.7222;57.0000;branch
160.8645	;234	;26	;215	;23.0000;21.7222;57.0000;branch
161.1859	;235	;26	;216	;23.0000;21.7222;57.0000;branch
161.5183	;236	;232	;216	;25.0000;21.7222;57.0000;branch
161.8621	;237	;232	;217	;26.0000;21.7222;57.0000;branch
162.2301	;238	;232	;218	;25.0000;21.7222;57.0000;branch
162.6098	;239	;232	;219	;26.0000;21.7222;57.0000;branch
163.8906	;240	;232	;220	;24.1000;21.7222;57.0000;branch
164.9806	;241	;232	;221	;24.7778;21.7222;57.0000;branch
165.4654	;242	;232	;222	;24.2000;21.7222;57.0000;branch
166.5368	;243	;232	;223	;24.1000;21.7222;57.0000;branch
167.3286	;244	;232	;224	;23.0000;21.7222;57.0000;branch
167.7170	;245	;232	;225	;23.0000;21.7222;57.0000;branch
168.5225	;246	;42	;225	;25.0000;21.7222;57.0000;branch
169.2756	;247	;42	;226	;26.0000;21.7222;57.0000;branch
169.7460	;248	;42	;227	;25.0000;21.7222;57.0000;branch
170.2912	;249	;42	;228	;26.0000;21.7222;57.0000;branch
171.5145	;250	;42	;229	;24.1000;21.7222;57.0000;branch
172.4353	;251	;42	;230	;24.7778;21.7222;57.0000;branch
172.8808	;252	;42	;231	;24.2000;21.7222;57.0000;branch
173.8757	;253	;42	;232	;24.1000;21.7222;57.0000;branch
174.4349	;254	;42	;233	;23.0000;21.7222;57.0000;branch
175.0272	;255	;42	;234	;23.0000;21.7222;57.0000;branch
175.4646	;256	;56	;234	;25.0000;21.7222;57.0000;branch
175.8068	;257	;56	;235	;26.0000;21.7222;57.0000;branch
176.1883	;258	;56	;236	;25.0000;21.7222;57.0000;branch
176.8834	;259	;56	;237	;26.0000;21.7222;57.0000;branch
178.4164	;260	;56	;238	;24.1000;21.7222;57.0000;branch
179.3078	;261	;56	;239	;24.7778;21.7222;57.0000;branch
180.1403	;262	;56	;240	;24.2000;21.7222;57.0000;branch
181.2590	;263	;56	;241	;24.1000;21.7222;57.0000;branch
182.1306	;264	;56	;242	;25.6250;21.7222;57.0000;branch
182.6246	;265	;56	;243	;21.7222;21.7222;57.0000;branch
183.1945	;266	;56	;244	;23.0000;21.7222;57.0000;branch
183.5887	;267	;56	;245	;23.0000;21.7222;57.0000;branch
184.2763	;268	;72	;245	;25.0000;21.7222;57.0000;branch
184.8923	;269	;72	;246	;26.0000;21.7222;57.0000;branch
185.6068	;270	;72	;247	;25.0000;21.7222;57.0000;branch
186.2772	;271	;72	;248	;26.0000;21.7222;57.0000;branch
186.9931	;272	;72	;249	;24.1000;21.7222;57.0000;branch
188.1352	;273	;72	;250	;24.7778;21.7222;57.0000;branch
188.8506	;274	;72	;251	;24.2000;21.7222;57.0000;branch
189.9448	;275	;72	;252	;24.1000;21.7222;57.0000;branch
190.7611	;276	;72	;253	;23.0000;21.7222;57.0000;branch
191.2550	;277	;72	;254	;23.0000;21.7222;57.0000;branch
191.7149	;278	;265	;254	;25.0000;21.7222;57.0000;branch
192.5688	;279	;265	;255	;26.0000;21.7222;57.0000;branch
193.0421	;280	;265	;256	;25.0000;21.7222;57.0000;branch
193.5340	;281	;265	;257	;26.0000;21.7222;57.0000;branch
195.0346	;282	;265	;258	;24.1000;21.7222;57.0000;branch
195.5424	;283	;265	;259	;24.7778;21.7222;57.0000;branch
196.0963	;284	;265	;260	;24.2000;21.7222;57.0000;branch
196.8993	;285	;265	;261	;24.1000;21.7222;57.0000;branch
197.3955	;286	;265	;262	;23.0000;21.7222;57.0000;branch
197.7383	;287	;265	;263	;23.0000;21.7222;57.0000;branch
198.1503	;288	;7	;263	;26.0000;21.7222;57.0000;branch
198.4859	;289	;7	;264	;25.0000;21.7222;57.0000;branch
198.8040	;290	;7	;265	;22.0000;21.7222;57.0000;branch
199.5556	;291	;7	;266	;26.0000;21.7222;57.0000;branch
199.9647	;292	;7	;267	;25.3889;21.7222;57.0000;branch
200.3299	;293	;7	;268	;24.1000;21.7222;57.0000;branch
200.7814	;294	;7	;269	;26.0000;21.7222;57.0000;branch
200.9900	;295	;7	;270	;25.0000;21.7222;57.0000;branch
201.6245	;296	;7	;271	;24.1176;21.7222;57.0000;branch
201.9519	;297	;7	;272	;23.8000;21.7222;57.0000;branch
201.9704	;298	;7	;272	;29.0000;21.7222;57.0000;infeasible
202.4463	;299	;7	;273	;21.7222;21.7222;57.0000;branch
203.2913	;300	;7	;274	;21.8000;21.7222;57.0000;branch
203.6058	;301	;7	;275	;25.6111;21.7222;57.0000;branch
203.8972	;302	;7	;276	;23.0000;21.7222;57.0000;branch
204.9153	;303	;7	;277	;23.0000;21.7222;57.0000;branch
205.3362	;304	;299	;277	;26.0000;21.7222;57.0000;branch
205.6780	;305	;299	;278	;25.0000;21.7222;57.0000;branch
206.0096	;306	;299	;279	;22.0000;21.7222;57.0000;branch
206.7945	;307	;299	;280	;26.0000;21.7222;57.0000;branch
207.3155	;308	;299	;281	;25.3889;21.7222;57.0000;branch
207.7448	;309	;299	;282	;24.1000;21.7222;57.0000;branch
208.1648	;310	;299	;283	;26.0000;21.7222;57.0000;branch
208.4690	;311	;299	;284	;25.0000;21.7222;57.0000;branch
209.3169	;312	;299	;285	;24.1176;21.7222;57.0000;branch
209.6510	;313	;299	;286	;23.8000;21.7222;57.0000;branch
210.5588	;314	;299	;287	;21.8000;21.7222;57.0000;branch
211.1172	;315	;299	;288	;25.6250;21.7222;57.0000;branch
211.4996	;316	;299	;289	;23.0000;21.7222;57.0000;branch
211.8474	;317	;299	;290	;23.0000;21.7222;57.0000;branch
212.1043	;318	;8	;290	;25.0000;21.7222;57.0000;branch
212.3542	;319	;8	;291	;26.0000;21.7222;57.0000;branch
212.8608	;320	;8	;292	;25.0000;21.7222;57.0000;branch
213.2256	;321	;8	;293	;26.0000;21.7222;57.0000;branch
214.4131	;322	;8	;294	;24.1000;21.7222;57.0000;branch
214.7654	;323	;8	;295	;24.7778;21.7222;57.0000;branch
215.1126	;324	;8	;296	;24.2000;21.7222;57.0000;branch
215.8692	;325	;8	;297	;24.1000;21.7222;57.0000;branch
216.1812	;326	;8	;298	;21.7222;21.7222;57.0000;branch
216.4150	;327	;8	;299	;29.0000;21.7222;57.0000;branch
216.9845	;328	;8	;300	;25.6111;21.7222;57.0000;branch
217.6873	;329	;8	;301	;21.7222;21.7222;57.0000;branch
218.2195	;330	;8	;302	;23.0000;21.7222;57.0000;branch
218.4565	;331	;8	;303	;23.0000;21.7222;57.0000;branch
218.8038	;332	;326	;303	;25.0000;21.7222;57.0000;branch
219.0923	;333	;326	;304	;26.0000;21.7222;57.0000;branch
219.5969	;334	;326	;305	;25.0000;21.7222;57.0000;branch
220.0635	;335	;326	;306	;26.0000;21.7222;57.0000;branch
220.8626	;336	;326	;307	;24.1000;21.7222;57.0000;branch
221.5649	;337	;326	;308	;24.7778;21.7222;57.0000;branch
222.0820	;338	;326	;309	;24.2000;21.7222;57.0000;branch
223.4459	;339	;326	;310	;24.1000;21.7222;57.0000;branch
224.3347	;340	;326	;311	;25.6250;21.7222;57.0000;branch
224.8350	;341	;326	;312	;21.7222;21.7222;57.0000;branch
225.3792	;342	;326	;313	;23.0000;21.7222;57.0000;branch
225.8840	;343	;326	;314	;23.0000;21.7222;57.0000;branch
226.8055	;344	;329	;314	;25.0000;21.7222;57.0000;branch
227.4812	;345	;329	;315	;26.0000;21.7222;57.0000;branch
227.9967	;346	;329	;316	;25.0000;21.7222;57.0000;branch
228.4465	;347	;329	;317	;26.0000;21.7222;57.0000;branch
229.2879	;348	;329	;318	;24.1000;21.7222;57.0000;branch
229.8068	;349	;329	;319	;24.7778;21.7222;57.0000;branch
230.5934	;350	;329	;320	;24.2000;21.7222;57.0000;branch
231.6369	;351	;329	;321	;24.1000;21.7222;57.0000;branch
231.9949	;352	;329	;322	;21.7222;21.7222;57.0000;branch
232.3063	;353	;329	;323	;29.0000;21.7222;57.0000;branch
233.1164	;354	;329	;324	;23.0000;21.7222;57.0000;branch
233.7697	;355	;329	;325	;23.0000;21.7222;57.0000;branch
234.1962	;356	;352	;325	;25.0000;21.7222;57.0000;branch
234.6501	;357	;352	;326	;26.0000;21.7222;57.0000;branch
235.0777	;358	;352	;327	;25.0000;21.7222;57.0000;branch
235.5054	;359	;352	;328	;26.0000;21.7222;57.0000;branch
237.9395	;360	;352	;329	;24.1000;21.7222;57.0000;branch
238.7190	;361	;352	;330	;24.7778;21.7222;57.0000;branch
239.4484	;362	;352	;331	;24.2000;21.7222;57.0000;branch
240.8530	;363	;352	;332	;24.1000;21.7222;57.0000;branch
241.7262	;364	;352	;333	;23.0000;21.7222;57.0000;branch
242.6043	;365	;352	;334	;23.0000;21.7222;57.0000;branch
243.0505	;366	;341	;334	;25.0000;21.7222;57.0000;branch
243.9872	;367	;341	;335	;26.0000;21.7222;57.0000;branch
244.8234	;368	;341	;336	;25.0000;21.7222;57.0000;branch
245.5255	;369	;341	;337	;26.0000;21.7222;57.0000;branch
247.8495	;370	;341	;338	;24.1000;21.7222;57.0000;branch
248.3926	;371	;341	;339	;24.7778;21.7222;57.0000;branch
248.8645	;372	;341	;340	;24.2000;21.7222;57.0000;branch
249.7146	;373	;341	;341	;24.1000;21.7222;57.0000;branch
250.2970	;374	;341	;342	;23.0000;21.7222;57.0000;branch
250.6396	;375	;341	;343	;23.0000;21.7222;57.0000;branch
251.0429	;376	;25	;343	;26.0000;21.7222;57.0000;branch
251.6477	;377	;25	;344	;25.0000;21.7222;57.0000;branch
252.0327	;378	;25	;345	;22.0000;21.7222;57.0000;branch
252.9122	;379	;25	;346	;26.0000;21.7222;57.0000;branch
253.5162	;380	;25	;347	;25.3889;21.7222;57.0000;branch
254.1052	;381	;25	;348	;24.1000;21.7222;57.0000;branch
254.8227	;382	;25	;349	;26.0000;21.7222;57.0000;branch
255.4447	;383	;25	;350	;25.0000;21.7222;57.0000;branch
257.3433	;384	;25	;351	;24.1176;21.7222;57.0000;branch
257.8928	;385	;25	;352	;23.8000;21.7222;57.0000;branch
258.3981	;386	;25	;353	;21.8000;21.7222;57.0000;branch
259.2645	;387	;25	;354	;25.6250;21.7222;57.0000;branch
260.0280	;388	;25	;355	;23.0000;21.7222;57.0000;branch
260.5520	;389	;25	;356	;23.0000;21.7222;57.0000;branch
261.1872	;390	;55	;356	;26.0000;21.8000;57.0000;branch
262.2247	;391	;55	;357	;25.0000;21.8000;57.0000;branch
263.5428	;392	;55	;358	;22.0000;21.8000;57.0000;branch
264.2319	;393	;55	;359	;26.0000;21.8000;57.0000;branch
264.6713	;394	;55	;360	;25.4000;21.8000;57.0000;branch
264.9672	;395	;55	;361	;24.1000;21.8000;57.0000;branch
265.7191	;396	;55	;362	;26.0000;21.8000;57.0000;branch
266.3644	;397	;55	;363	;25.0000;21.8000;57.0000;branch
267.1402	;398	;55	;364	;24.1176;21.8000;57.0000;branch
267.5592	;399	;55	;365	;23.8000;21.8000;57.0000;branch
267.5794	;400	;55	;365	;29.0000;21.8000;57.0000;infeasible
268.5903	;401	;55	;366	;21.8000;21.8000;57.0000;branch
268.9974	;402	;55	;367	;23.0000;21.8000;57.0000;branch
269.7695	;403	;55	;368	;23.0000;21.8000;57.0000;branch
270.2274	;404	;41	;368	;26.0000;21.8000;57.0000;branch
270.8048	;405	;41	;369	;25.0000;21.8000;57.0000;branch
271.6679	;406	;41	;370	;22.0000;21.8000;57.0000;branch
272.5934	;407	;41	;371	;26.0000;21.8000;57.0000;branch
273.0595	;408	;41	;372	;25.4000;21.8000;57.0000;branch
273.5022	;409	;41	;373	;24.1000;21.8000;57.0000;branch
273.9782	;410	;41	;374	;26.0000;21.8000;57.0000;branch
274.2030	;411	;41	;375	;25.0000;21.8000;57.0000;branch
275.2537	;412	;41	;376	;24.1176;21.8000;57.0000;branch
275.5651	;413	;41	;377	;23.8000;21.8000;57.0000;branch
275.9556	;414	;41	;378	;23.0000;21.8000;57.0000;branch
276.6743	;415	;41	;379	;23.0000;21.8000;57.0000;branch
277.1219	;416	;71	;379	;26.0000;21.8000;57.0000;branch
277.5751	;417	;71	;380	;25.0000;21.8000;57.0000;branch
278.3681	;418	;71	;381	;22.0000;21.8000;57.0000;branch
279.1600	;419	;71	;382	;26.0000;21.8000;57.0000;branch
279.6343	;420	;71	;383	;25.4000;21.8000;57.0000;branch
280.3468	;421	;71	;384	;24.1000;21.8000;57.0000;branch
280.8566	;422	;71	;385	;26.0000;21.8000;57.0000;branch
281.2741	;423	;71	;386	;25.0000;21.8000;57.0000;branch
282.4929	;424	;71	;387	;24.1176;21.8000;57.0000;branch
282.9021	;425	;71	;388	;23.8000;21.8000;57.0000;branch
283.3375	;426	;71	;389	;23.0000;21.8000;57.0000;branch
284.1588	;427	;71	;390	;23.0000;21.8000;57.0000;branch
284.9312	;428	;386	;390	;26.0000;21.8000;57.0000;branch
285.6527	;429	;386	;391	;25.0000;21.8000;57.0000;branch
286.7071	;430	;386	;392	;22.0000;21.8000;57.0000;branch
288.3545	;431	;386	;393	;26.0000;21.8000;57.0000;branch
289.1296	;432	;386	;394	;25.4000;21.8000;57.0000;branch
290.2582	;433	;386	;395	;24.1000;21.8000;57.0000;branch
290.9004	;434	;386	;396	;26.0000;21.8000;57.0000;branch
291.2658	;435	;386	;397	;25.0000;21.8000;57.0000;branch
292.1248	;436	;386	;398	;24.1176;21.8000;57.0000;branch
292.6213	;437	;386	;399	;23.8000;21.8000;57.0000;branch
293.1039	;438	;386	;400	;23.0000;21.8000;57.0000;branch
294.1784	;439	;386	;401	;23.0000;21.8000;57.0000;branch
294.6403	;440	;314	;401	;26.0000;21.8000;57.0000;branch
295.0160	;441	;314	;402	;25.0000;21.8000;57.0000;branch
295.8713	;442	;314	;403	;22.0000;21.8000;57.0000;branch
296.6136	;443	;314	;404	;26.0000;21.8000;57.0000;branch
297.0354	;444	;314	;405	;25.4000;21.8000;57.0000;branch
297.2655	;445	;314	;406	;24.1000;21.8000;57.0000;branch
297.7015	;446	;314	;407	;26.0000;21.8000;57.0000;branch
297.9313	;447	;314	;408	;25.0000;21.8000;57.0000;branch
298.7735	;448	;314	;409	;24.1176;21.8000;57.0000;branch
299.1749	;449	;314	;410	;23.8000;21.8000;57.0000;branch
299.5524	;450	;314	;411	;23.0000;21.8000;57.0000;branch
300.0702	;451	;314	;412	;23.0000;21.8000;57.0000;branch
300.5236	;452	;401	;412	;26.0000;21.8000;57.0000;branch
301.5668	;453	;401	;413	;25.0000;21.8000;57.0000;branch
302.5329	;454	;401	;414	;22.0000;21.8000;57.0000;branch
303.2676	;455	;401	;415	;26.0000;21.8000;57.0000;branch
303.6979	;456	;401	;416	;25.4000;21.8000;57.0000;branch
304.1663	;457	;401	;417	;24.1000;21.8000;57.0000;branch
305.2483	;458	;401	;418	;26.0000;21.8000;57.0000;branch
306.0330	;459	;401	;419	;25.0000;21.8000;57.0000;branch
307.0223	;460	;401	;420	;24.1176;21.8000;57.0000;branch
307.7175	;461	;401	;421	;23.8000;21.8000;57.0000;branch
308.2115	;462	;401	;422	;23.0000;21.8000;57.0000;branch
309.1189	;463	;401	;423	;23.0000;21.8000;57.0000;branch
309.7317	;464	;300	;423	;26.0000;21.8000;57.0000;branch
310.3920	;465	;300	;424	;25.0000;21.8000;57.0000;branch
311.6373	;466	;300	;425	;22.0000;21.8000;57.0000;branch
313.4977	;467	;300	;426	;26.0000;21.8000;57.0000;branch
313.8931	;468	;300	;427	;25.4000;21.8000;57.0000;branch
314.1195	;469	;300	;428	;24.1000;21.8000;57.0000;branch
314.5762	;470	;300	;429	;26.0000;21.8000;57.0000;branch
314.7875	;471	;300	;430	;25.0000;21.8000;57.0000;branch
315.8021	;472	;300	;431	;24.1176;21.8000;57.0000;branch
316.1489	;473	;300	;432	;23.8000;21.8000;57.0000;branch
316.1688	;474	;300	;432	;29.0000;21.8000;57.0000;infeasible
317.3698	;475	;300	;433	;21.8000;21.8000;57.0000;branch
317.7185	;476	;300	;434	;23.0000;21.8000;57.0000;branch
318.0154	;477	;300	;435	;23.0000;21.8000;57.0000;branch
318.4909	;478	;475	;435	;26.0000;21.8000;57.0000;branch
318.8233	;479	;475	;436	;25.0000;21.8000;57.0000;branch
319.5299	;480	;475	;437	;22.0000;21.8000;57.0000;branch
320.2365	;481	;475	;438	;26.0000;21.8000;57.0000;branch
320.6405	;482	;475	;439	;25.4000;21.8000;57.0000;branch
320.8616	;483	;475	;440	;24.1000;21.8000;57.0000;branch
321.2823	;484	;475	;441	;26.0000;21.8000;57.0000;branch
321.5109	;485	;475	;442	;25.0000;21.8000;57.0000;branch
322.3058	;486	;475	;443	;24.1176;21.8000;57.0000;branch
322.6947	;487	;475	;444	;23.8000;21.8000;57.0000;branch
323.0540	;488	;475	;445	;23.0000;21.8000;57.0000;branch
323.6751	;489	;475	;446	;23.0000;21.8000;57.0000;branch
324.1320	;490	;392	;446	;26.0000;22.0000;57.0000;branch
324.8616	;491	;392	;447	;26.0000;22.0000;57.0000;branch
325.2769	;492	;392	;448	;26.0000;22.0000;57.0000;branch
326.0472	;493	;392	;449	;26.0000;22.0000;57.0000;branch
326.4234	;494	;392	;450	;25.4000;22.0000;57.0000;branch
327.1491	;495	;392	;451	;24.1000;22.0000;57.0000;branch
328.1937	;496	;392	;452	;24.1176;22.0000;57.0000;branch
328.9155	;497	;392	;453	;24.8000;22.0000;57.0000;branch
328.9344	;498	;392	;453	;29.0000;22.0000;57.0000;infeasible
329.1674	;499	;392	;454	;22.0000;22.0000;57.0000;branch
329.5074	;500	;392	;455	;23.0000;22.0000;57.0000;branch
329.7193	;501	;392	;456	;23.0000;22.0000;57.0000;branch
330.3012	;502	;454	;456	;26.0000;22.0000;57.0000;branch
331.4840	;503	;454	;457	;26.0000;22.0000;57.0000;branch
332.2792	;504	;454	;458	;26.0000;22.0000;57.0000;branch
333.7229	;505	;454	;459	;26.0000;22.0000;57.0000;branch
334.2687	;506	;454	;460	;25.4000;22.0000;57.0000;branch
335.5082	;507	;454	;461	;24.1000;22.0000;57.0000;branch
337.4355	;508	;454	;462	;24.1176;22.0000;57.0000;branch
338.3028	;509	;454	;463	;24.8000;22.0000;57.0000;branch
338.6354	;510	;454	;464	;23.0000;22.0000;57.0000;branch
339.9484	;511	;454	;465	;23.0000;22.0000;57.0000;branch
340.4501	;512	;442	;465	;26.0000;22.0000;57.0000;branch
341.6185	;513	;442	;466	;26.0000;22.0000;57.0000;branch
342.3222	;514	;442	;467	;26.0000;22.0000;57.0000;branch
343.5718	;515	;442	;468	;26.0000;22.0000;57.0000;branch
344.2301	;516	;442	;469	;25.4000;22.0000;57.0000;branch
345.4935	;517	;442	;470	;24.1000;22.0000;57.0000;branch
347.6005	;518	;442	;471	;24.1176;22.0000;57.0000;branch
349.9017	;519	;442	;472	;24.8000;22.0000;57.0000;branch
351.1543	;520	;442	;473	;23.0000;22.0000;57.0000;branch
352.9829	;521	;442	;474	;23.0000;22.0000;57.0000;branch
354.2400	;522	;480	;474	;26.0000;22.0000;57.0000;branch
355.6764	;523	;480	;475	;26.0000;22.0000;57.0000;branch
356.2026	;524	;480	;476	;26.0000;22.0000;57.0000;branch
357.0346	;525	;480	;477	;26.0000;22.0000;57.0000;branch
357.5166	;526	;480	;478	;25.4000;22.0000;57.0000;branch
358.7261	;527	;480	;479	;24.1000;22.0000;57.0000;branch
359.7523	;528	;480	;480	;24.1176;22.0000;57.0000;branch
360.7365	;529	;480	;481	;24.8000;22.0000;57.0000;branch
361.2419	;530	;480	;482	;23.0000;22.0000;57.0000;branch
362.3767	;531	;480	;483	;23.0000;22.0000;57.0000;branch
363.0163	;532	;406	;483	;26.0000;22.0000;57.0000;branch
364.1656	;533	;406	;484	;26.0000;22.0000;57.0000;branch
364.6059	;534	;406	;485	;26.0000;22.0000;57.0000;branch
365.4279	;535	;406	;486	;26.0000;22.0000;57.0000;branch
365.8606	;536	;406	;487	;25.4000;22.0000;57.0000;branch
366.7234	;537	;406	;488	;24.1000;22.0000;57.0000;branch
367.5046	;538	;406	;489	;24.1176;22.0000;57.0000;branch
368.3743	;539	;406	;490	;24.8000;22.0000;57.0000;branch
368.8253	;540	;406	;491	;23.0000;22.0000;57.0000;branch
369.5597	;541	;406	;492	;23.0000;22.0000;57.0000;branch
370.0059	;542	;418	;492	;26.0000;22.0000;57.0000;branch
370.7740	;543	;418	;493	;26.0000;22.0000;57.0000;branch
371.2384	;544	;418	;494	;26.0000;22.0000;57.0000;branch
372.2179	;545	;418	;495	;26.0000;22.0000;57.0000;branch
372.6539	;546	;418	;496	;25.4000;22.0000;57.0000;branch
373.6236	;547	;418	;497	;24.1000;22.0000;57.0000;branch
374.4208	;548	;418	;498	;24.1176;22.0000;57.0000;branch
375.2447	;549	;418	;499	;24.8000;22.0000;57.0000;branch
375.8177	;550	;418	;500	;23.0000;22.0000;57.0000;branch
376.6487	;551	;418	;501	;23.0000;22.0000;57.0000;branch
377.3583	;552	;48	;501	;23.4000;22.0000;57.0000;branch
378.0573	;553	;48	;502	;24.8889;22.0000;57.0000;branch
378.8155	;554	;48	;503	;23.0000;22.0000;57.0000;branch
379.4209	;555	;48	;504	;23.0000;22.0000;57.0000;branch
380.3194	;556	;48	;505	;23.0000;22.0000;57.0000;branch
381.3052	;557	;48	;506	;23.8000;22.0000;57.0000;branch
381.5358	;558	;48	;507	;24.0000;22.0000;57.0000;branch
382.0796	;559	;48	;508	;24.6667;22.0000;57.0000;branch
382.4599	;560	;48	;509	;23.4000;22.0000;57.0000;branch
383.1082	;561	;48	;510	;26.0000;22.0000;57.0000;branch
383.4783	;562	;48	;511	;25.0000;22.0000;57.0000;branch
384.1111	;563	;48	;512	;23.5294;22.0000;57.0000;branch
384.7935	;564	;64	;512	;23.4000;22.0000;57.0000;branch
385.5459	;565	;64	;513	;24.8889;22.0000;57.0000;branch
386.2882	;566	;64	;514	;23.0000;22.0000;57.0000;branch
386.9974	;567	;64	;515	;23.0000;22.0000;57.0000;branch
387.7200	;568	;64	;516	;23.0000;22.0000;57.0000;branch
388.7823	;569	;64	;517	;23.8000;22.0000;57.0000;branch
389.1707	;570	;64	;518	;24.0000;22.0000;57.0000;branch
389.5476	;571	;64	;519	;24.6667;22.0000;57.0000;branch
389.8396	;572	;64	;520	;23.4000;22.0000;57.0000;branch
390.3375	;573	;64	;521	;26.0000;22.0000;57.0000;branch
390.6138	;574	;64	;522	;25.0000;22.0000;57.0000;branch
391.0067	;575	;64	;523	;23.5294;22.0000;57.0000;branch
391.2786	;576	;64	;524	;25.0000;22.0000;57.0000;branch
391.4783	;577	;64	;525	;22.0000;22.0000;57.0000;branch
391.9764	;578	;78	;525	;23.4000;22.0000;57.0000;branch
392.5360	;579	;78	;526	;24.8889;22.0000;57.0000;branch
393.2261	;580	;78	;527	;23.0000;22.0000;57.0000;branch
393.8110	;581	;78	;528	;23.0000;22.0000;57.0000;branch
394.7244	;582	;78	;529	;23.0000;22.0000;57.0000;branch
395.6881	;583	;78	;530	;23.8000;22.0000;57.0000;branch
395.9084	;584	;78	;531	;24.0000;22.0000;57.0000;branch
396.4367	;585	;78	;532	;24.6667;22.0000;57.0000;branch
396.8032	;586	;78	;533	;23.4000;22.0000;57.0000;branch
397.3230	;587	;78	;534	;26.0000;22.0000;57.0000;branch
397.5789	;588	;78	;535	;25.0000;22.0000;57.0000;branch
398.1366	;589	;78	;536	;23.5294;22.0000;57.0000;branch
398.7243	;590	;378	;536	;26.0000;22.0000;57.0000;branch
399.7308	;591	;378	;537	;26.0000;22.0000;57.0000;branch
400.1356	;592	;378	;538	;26.0000;22.0000;57.0000;branch
400.7255	;593	;378	;539	;26.0000;22.0000;57.0000;branch
401.6332	;594	;378	;540	;25.4000;22.0000;57.0000;branch
402.5476	;595	;378	;541	;24.1000;22.0000;57.0000;branch
403.4091	;596	;378	;542	;24.1176;22.0000;57.0000;branch
404.1976	;597	;378	;543	;24.8000;22.0000;57.0000;branch
405.0274	;598	;378	;544	;22.0000;22.0000;57.0000;branch
405.4235	;599	;378	;545	;29.0000;22.0000;57.0000;branch
405.9308	;600	;378	;546	;23.0000;22.0000;57.0000;branch
406.9593	;601	;378	;547	;23.0000;22.0000;57.0000;branch
407.5560	;602	;577	;547	;23.4000;22.0000;57.0000;branch
408.1393	;603	;577	;548	;24.8889;22.0000;57.0000;branch
408.8629	;604	;577	;549	;23.0000;22.0000;57.0000;branch
409.6094	;605	;577	;550	;23.0000;22.0000;57.0000;branch
410.5056	;606	;577	;551	;23.0000;22.0000;57.0000;branch
411.4758	;607	;577	;552	;23.8000;22.0000;57.0000;branch
411.6967	;608	;577	;553	;24.0000;22.0000;57.0000;branch
412.5956	;609	;577	;554	;24.6667;22.0000;57.0000;branch
413.0953	;610	;577	;555	;23.4000;22.0000;57.0000;branch
413.9480	;611	;577	;556	;26.0000;22.0000;57.0000;branch
414.2518	;612	;577	;557	;25.0000;22.0000;57.0000;branch
414.7162	;613	;577	;558	;23.5294;22.0000;57.0000;branch
415.4857	;614	;34	;558	;23.4000;22.0000;57.0000;branch
416.1054	;615	;34	;559	;24.8889;22.0000;57.0000;branch
416.8289	;616	;34	;560	;23.0000;22.0000;57.0000;branch
417.2189	;617	;34	;561	;23.0000;22.0000;57.0000;branch
418.4640	;618	;34	;562	;23.0000;22.0000;57.0000;branch
419.6103	;619	;34	;563	;23.8000;22.0000;57.0000;branch
420.0181	;620	;34	;564	;24.0000;22.0000;57.0000;branch
420.6805	;621	;34	;565	;24.6667;22.0000;57.0000;branch
421.0908	;622	;34	;566	;23.4000;22.0000;57.0000;branch
422.0867	;623	;34	;567	;26.0000;22.0000;57.0000;branch
422.7966	;624	;34	;568	;25.0000;22.0000;57.0000;branch
423.2592	;625	;34	;569	;23.5294;22.0000;57.0000;branch
423.4764	;626	;34	;570	;22.0000;22.0000;57.0000;branch
423.4822	;627	;34	;570	;27.0000;22.0000;57.0000;infeasible
423.9226	;628	;430	;570	;26.0000;22.0000;57.0000;branch
424.8671	;629	;430	;571	;26.0000;22.0000;57.0000;branch
425.2990	;630	;430	;572	;26.0000;22.0000;57.0000;branch
426.1213	;631	;430	;573	;26.0000;22.0000;57.0000;branch
426.6141	;632	;430	;574	;25.4000;22.0000;57.0000;branch
427.6591	;633	;430	;575	;24.1000;22.0000;57.0000;branch
430.0468	;634	;430	;576	;24.1176;22.0000;57.0000;branch
431.3847	;635	;430	;577	;24.8000;22.0000;57.0000;branch
431.8719	;636	;430	;578	;23.0000;22.0000;57.0000;branch
432.5966	;637	;430	;579	;23.0000;22.0000;57.0000;branch
433.0378	;638	;598	;579	;26.0000;22.0000;57.0000;branch
433.9699	;639	;598	;580	;26.0000;22.0000;57.0000;branch
434.4792	;640	;598	;581	;26.0000;22.0000;57.0000;branch
435.3185	;641	;598	;582	;26.0000;22.0000;57.0000;branch
436.1170	;642	;598	;583	;25.4000;22.0000;57.0000;branch
436.9971	;643	;598	;584	;24.1000;22.0000;57.0000;branch
438.9152	;644	;598	;585	;24.1176;22.0000;57.0000;branch
439.7625	;645	;598	;586	;24.8000;22.0000;57.0000;branch
440.2139	;646	;598	;587	;23.0000;22.0000;57.0000;branch
440.9055	;647	;598	;588	;23.0000;22.0000;57.0000;branch
441.4079	;648	;18	;588	;23.3333;22.0000;57.0000;branch
442.0534	;649	;18	;589	;24.8889;22.0000;57.0000;branch
442.8006	;650	;18	;590	;23.0000;22.0000;57.0000;branch
443.1431	;651	;18	;591	;23.0000;22.0000;57.0000;branch
443.6210	;652	;18	;592	;23.0000;22.0000;57.0000;branch
444.6532	;653	;18	;593	;23.8000;22.0000;57.0000;branch
444.9565	;654	;18	;594	;24.0000;22.0000;57.0000;branch
445.2853	;655	;18	;595	;24.6667;22.0000;57.0000;branch
445.4954	;656	;18	;596	;23.4000;22.0000;57.0000;branch
446.2414	;657	;18	;597	;26.0000;22.0000;57.0000;branch
446.6743	;658	;18	;598	;25.0000;22.0000;57.0000;branch
447.0509	;659	;18	;599	;23.5294;22.0000;57.0000;branch
447.2650	;660	;18	;600	;22.0000;22.0000;57.0000;branch
447.6996	;661	;18	;601	;30.0000;22.0000;57.0000;branch
448.0801	;662	;18	;602	;25.0000;22.0000;57.0000;branch
448.4270	;663	;18	;603	;22.0000;22.0000;57.0000;branch
449.3636	;664	;663	;603	;23.4000;22.0000;57.0000;branch
450.2773	;665	;663	;604	;24.8889;22.0000;57.0000;branch
451.7618	;666	;663	;605	;23.0000;22.0000;57.0000;branch
452.5294	;667	;663	;606	;23.0000;22.0000;57.0000;branch
453.6401	;668	;663	;607	;23.0000;22.0000;57.0000;branch
454.9727	;669	;663	;608	;23.8000;22.0000;57.0000;branch
455.5681	;670	;663	;609	;24.0000;22.0000;57.0000;branch
455.9795	;671	;663	;610	;24.6667;22.0000;57.0000;branch
457.1011	;672	;663	;611	;23.4000;22.0000;57.0000;branch
458.1072	;673	;663	;612	;26.0000;22.0000;57.0000;branch
458.8264	;674	;663	;613	;25.0000;22.0000;57.0000;branch
459.3245	;675	;663	;614	;23.5294;22.0000;57.0000;branch
459.5499	;676	;663	;615	;22.0000;22.0000;57.0000;branch
459.5554	;677	;663	;615	;27.0000;22.0000;57.0000;infeasible
460.1222	;678	;290	;615	;26.0000;22.0000;57.0000;branch
460.8546	;679	;290	;616	;26.0000;22.0000;57.0000;branch
461.3141	;680	;290	;617	;26.0000;22.0000;57.0000;branch
461.8089	;681	;290	;618	;26.0000;22.0000;57.0000;branch
462.8560	;682	;290	;619	;25.4000;22.0000;57.0000;branch
463.7265	;683	;290	;620	;24.1000;22.0000;57.0000;branch
465.3144	;684	;290	;621	;24.1176;22.0000;57.0000;branch
465.9857	;685	;290	;622	;24.8000;22.0000;57.0000;branch
466.0036	;686	;290	;622	;29.0000;22.0000;57.0000;infeasible
466.5517	;687	;290	;623	;22.0000;22.0000;57.0000;branch
467.0669	;688	;290	;624	;22.0000;22.0000;57.0000;branch
467.3285	;689	;290	;625	;29.0000;22.0000;57.0000;branch
467.6383	;690	;290	;626	;23.0000;22.0000;57.0000;branch
468.4049	;691	;290	;627	;23.0000;22.0000;57.0000;branch
468.8134	;692	;687	;627	;26.0000;22.0000;57.0000;branch
469.4459	;693	;687	;628	;26.0000;22.0000;57.0000;branch
469.8504	;694	;687	;629	;26.0000;22.0000;57.0000;branch
470.3147	;695	;687	;630	;26.0000;22.0000;57.0000;branch
471.0291	;696	;687	;631	;25.4000;22.0000;57.0000;branch
471.9220	;697	;687	;632	;24.1000;22.0000;57.0000;branch
472.9252	;698	;687	;633	;24.1176;22.0000;57.0000;branch
473.7531	;699	;687	;634	;24.8000;22.0000;57.0000;branch
474.0030	;700	;687	;635	;22.0000;22.0000;57.0000;branch
474.4214	;701	;687	;636	;29.0000;22.0000;57.0000;branch
474.9380	;702	;687	;637	;23.0000;22.0000;57.0000;branch
475.5952	;703	;687	;638	;23.0000;22.0000;57.0000;branch
476.1096	;704	;688	;638	;26.0000;22.0000;57.0000;branch
477.1277	;705	;688	;639	;26.0000;22.0000;57.0000;branch
477.6470	;706	;688	;640	;26.0000;22.0000;57.0000;branch
478.2117	;707	;688	;641	;26.0000;22.0000;57.0000;branch
479.1543	;708	;688	;642	;25.4000;22.0000;57.0000;branch
479.9827	;709	;688	;643	;24.1000;22.0000;57.0000;branch
481.3444	;710	;688	;644	;24.1176;22.0000;57.0000;branch
482.0704	;711	;688	;645	;24.8000;22.0000;57.0000;branch
482.0924	;712	;688	;645	;29.0000;22.0000;57.0000;infeasible
482.3197	;713	;688	;646	;22.0000;22.0000;57.0000;branch
482.7147	;714	;688	;647	;23.0000;22.0000;57.0000;branch
483.4234	;715	;688	;648	;23.0000;22.0000;57.0000;branch
483.8067	;716	;466	;648	;26.0000;22.0000;57.0000;branch
484.5214	;717	;466	;649	;26.0000;22.0000;57.0000;branch
484.8493	;718	;466	;650	;26.0000;22.0000;57.0000;branch
485.5815	;719	;466	;651	;26.0000;22.0000;57.0000;branch
485.9357	;720	;466	;652	;25.4000;22.0000;57.0000;branch
486.8517	;721	;466	;653	;24.1000;22.0000;57.0000;branch
488.3646	;722	;466	;654	;24.1176;22.0000;57.0000;branch
489.1914	;723	;466	;655	;24.8000;22.0000;57.0000;branch
489.2264	;724	;466	;655	;29.0000;22.0000;57.0000;infeasible
489.8822	;725	;466	;656	;22.0000;22.0000;57.0000;branch
490.2904	;726	;466	;657	;23.0000;22.0000;57.0000;branch
490.9955	;727	;466	;658	;23.0000;22.0000;57.0000;branch
491.4166	;728	;725	;658	;26.0000;22.0000;57.0000;branch
492.3905	;729	;725	;659	;26.0000;22.0000;57.0000;branch
492.9266	;730	;725	;660	;26.0000;22.0000;57.0000;branch
493.7012	;731	;725	;661	;26.0000;22.0000;57.0000;branch
494.2318	;732	;725	;662	;25.4000;22.0000;57.0000;branch
495.1825	;733	;725	;663	;24.1000;22.0000;57.0000;branch
497.3541	;734	;725	;664	;24.1176;22.0000;57.0000;branch
498.4933	;735	;725	;665	;24.8000;22.0000;57.0000;branch
499.2724	;736	;725	;666	;23.0000;22.0000;57.0000;branch
500.3983	;737	;725	;667	;23.0000;22.0000;57.0000;branch
501.1644	;738	;626	;667	;23.4000;22.0000;57.0000;branch
501.7604	;739	;626	;668	;24.8889;22.0000;57.0000;branch
502.7660	;740	;626	;669	;23.0000;22.0000;57.0000;branch
503.1710	;741	;626	;670	;23.0000;22.0000;57.0000;branch
504.0751	;742	;626	;671	;23.0000;22.0000;57.0000;branch
505.3160	;743	;626	;672	;23.8000;22.0000;57.0000;branch
505.8950	;744	;626	;673	;24.0000;22.0000;57.0000;branch
506.4464	;745	;626	;674	;24.6667;22.0000;57.0000;branch
506.8390	;746	;626	;675	;23.4000;22.0000;57.0000;branch
507.3919	;747	;626	;676	;26.0000;22.0000;57.0000;branch
508.2517	;748	;626	;677	;25.0000;22.0000;57.0000;branch
508.9595	;749	;626	;678	;23.5294;22.0000;57.0000;branch
509.7955	;750	;660	;678	;23.4000;22.0000;57.0000;branch
510.5523	;751	;660	;679	;24.8889;22.0000;57.0000;branch
511.6432	;752	;660	;680	;23.0000;22.0000;57.0000;branch
512.1816	;753	;660	;681	;23.0000;22.0000;57.0000;branch
512.7284	;754	;660	;682	;23.0000;22.0000;57.0000;branch
513.7273	;755	;660	;683	;23.8000;22.0000;57.0000;branch
514.3626	;756	;660	;684	;24.0000;22.0000;57.0000;branch
514.8121	;757	;660	;685	;24.6667;22.0000;57.0000;branch
515.7797	;758	;660	;686	;23.4000;22.0000;57.0000;branch
516.4395	;759	;660	;687	;26.0000;22.0000;57.0000;branch
516.9123	;760	;660	;688	;25.0000;22.0000;57.0000;branch
517.3349	;761	;660	;689	;23.5294;22.0000;57.0000;branch
517.6737	;762	;660	;690	;25.0000;22.0000;57.0000;branch
517.8784	;763	;660	;691	;22.0000;22.0000;57.0000;branch
518.4602	;764	;676	;691	;23.4000;22.0000;57.0000;branch
519.1035	;765	;676	;692	;24.8889;22.0000;57.0000;branch
519.8059	;766	;676	;693	;23.0000;22.0000;57.0000;branch
520.3491	;767	;676	;694	;23.0000;22.0000;57.0000;branch
521.2810	;768	;676	;695	;23.0000;22.0000;57.0000;branch
522.5386	;769	;676	;696	;23.8000;22.0000;57.0000;branch
523.1897	;770	;676	;697	;24.0000;22.0000;57.0000;branch
523.7723	;771	;676	;698	;24.6667;22.0000;57.0000;branch
525.1227	;772	;676	;699	;23.4000;22.0000;57.0000;branch
525.7999	;773	;676	;700	;26.0000;22.0000;57.0000;branch
526.3972	;774	;676	;701	;25.0000;22.0000;57.0000;branch
526.8503	;775	;676	;702	;23.5294;22.0000;57.0000;branch
527.2780	;776	;700	;702	;26.0000;22.0000;57.0000;branch
528.0173	;777	;700	;703	;26.0000;22.0000;57.0000;branch
528.3651	;778	;700	;704	;26.0000;22.0000;57.0000;branch
528.9417	;779	;700	;705	;26.0000;22.0000;57.0000;branch
529.7755	;780	;700	;706	;25.4000;22.0000;57.0000;branch
530.7043	;781	;700	;707	;24.1000;22.0000;57.0000;branch
532.2635	;782	;700	;708	;24.1176;22.0000;57.0000;branch
533.0972	;783	;700	;709	;24.8000;22.0000;57.0000;branch
533.5554	;784	;700	;710	;23.0000;22.0000;57.0000;branch
534.2622	;785	;700	;711	;23.0000;22.0000;57.0000;branch
534.6846	;786	;713	;711	;26.0000;22.0000;57.0000;branch
535.4492	;787	;713	;712	;26.0000;22.0000;57.0000;branch
535.8090	;788	;713	;713	;26.0000;22.0000;57.0000;branch
536.3844	;789	;713	;714	;26.0000;22.0000;57.0000;branch
537.1546	;790	;713	;715	;25.4000;22.0000;57.0000;branch
538.0778	;791	;713	;716	;24.1000;22.0000;57.0000;branch
539.5913	;792	;713	;717	;24.1176;22.0000;57.0000;branch
540.4524	;793	;713	;718	;24.8000;22.0000;57.0000;branch
540.9120	;794	;713	;719	;23.0000;22.0000;57.0000;branch
541.6263	;795	;713	;720	;23.0000;22.0000;57.0000;branch
542.1243	;796	;763	;720	;23.4000;22.0000;57.0000;branch
542.6792	;797	;763	;721	;24.8889;22.0000;57.0000;branch
543.3830	;798	;763	;722	;23.0000;22.0000;57.0000;branch
543.7599	;799	;763	;723	;23.0000;22.0000;57.0000;branch
544.6579	;800	;763	;724	;23.0000;22.0000;57.0000;branch
545.6292	;801	;763	;725	;23.8000;22.0000;57.0000;branch
546.2124	;802	;763	;726	;24.0000;22.0000;57.0000;branch
546.7363	;803	;763	;727	;24.6667;22.0000;57.0000;branch
547.8804	;804	;763	;728	;23.4000;22.0000;57.0000;branch
548.3909	;805	;763	;729	;26.0000;22.0000;57.0000;branch
548.9203	;806	;763	;730	;25.0000;22.0000;57.0000;branch
549.3558	;807	;763	;731	;23.5294;22.0000;57.0000;branch
549.7591	;808	;306	;731	;26.0000;22.0000;57.0000;branch
550.3819	;809	;306	;732	;26.0000;22.0000;57.0000;branch
550.7850	;810	;306	;733	;26.0000;22.0000;57.0000;branch
551.2373	;811	;306	;734	;26.0000;22.0000;57.0000;branch
551.9449	;812	;306	;735	;25.4000;22.0000;57.0000;branch
552.8184	;813	;306	;736	;24.1000;22.0000;57.0000;branch
553.6875	;814	;306	;737	;24.1176;22.0000;57.0000;branch
554.2480	;815	;306	;738	;24.8000;22.0000;57.0000;branch
554.4401	;816	;306	;739	;22.0000;22.0000;57.0000;branch
554.7229	;817	;306	;740	;29.0000;22.0000;57.0000;branch
555.1753	;818	;306	;741	;23.0000;22.0000;57.0000;branch
555.8275	;819	;306	;742	;23.0000;22.0000;57.0000;branch
556.2463	;820	;816	;742	;26.0000;22.0000;57.0000;branch
557.0062	;821	;816	;743	;26.0000;22.0000;57.0000;branch
557.3661	;822	;816	;744	;26.0000;22.0000;57.0000;branch
557.9331	;823	;816	;745	;26.0000;22.0000;57.0000;branch
558.7050	;824	;816	;746	;25.4000;22.0000;57.0000;branch
559.6280	;825	;816	;747	;24.1000;22.0000;57.0000;branch
561.1059	;826	;816	;748	;24.1176;22.0000;57.0000;branch
561.9473	;827	;816	;749	;24.8000;22.0000;57.0000;branch
562.4039	;828	;816	;750	;23.0000;22.0000;57.0000;branch
563.0988	;829	;816	;751	;23.0000;22.0000;57.0000;branch
563.5474	;830	;499	;751	;26.0000;22.0000;57.0000;branch
564.2906	;831	;499	;752	;26.0000;22.0000;57.0000;branch
564.7056	;832	;499	;753	;26.0000;22.0000;57.0000;branch
565.4217	;833	;499	;754	;26.0000;22.0000;57.0000;branch
565.8467	;834	;499	;755	;25.4000;22.0000;57.0000;branch
566.1450	;835	;499	;756	;24.1000;22.0000;57.0000;branch
567.8504	;836	;499	;757	;24.1176;22.0000;57.0000;branch
568.6652	;837	;499	;758	;24.8000;22.0000;57.0000;branch
568.9783	;838	;499	;759	;23.0000;22.0000;57.0000;branch
569.1702	;839	;499	;760	;23.0000;22.0000;57.0000;branch
569.4327	;840	;31	;760	;28.0000;22.8235;57.0000;branch
570.1517	;841	;31	;761	;23.5000;22.8235;57.0000;branch
570.4818	;842	;31	;762	;28.0000;22.8235;57.0000;branch
571.0636	;843	;31	;763	;23.3333;22.8235;57.0000;branch
571.9031	;844	;31	;764	;25.0000;22.8235;57.0000;branch
572.3054	;845	;31	;765	;23.8000;22.8235;57.0000;branch
573.0012	;846	;31	;766	;24.7778;22.8235;57.0000;branch
574.4092	;847	;31	;767	;23.0000;22.8235;57.0000;branch
574.8488	;848	;31	;768	;25.0000;22.8235;57.0000;branch
576.0354	;849	;31	;769	;29.0000;22.8235;57.0000;branch
576.4101	;850	;31	;770	;22.8235;22.8235;57.0000;branch
576.7406	;851	;31	;771	;25.0000;22.8235;57.0000;branch
577.1420	;852	;121	;771	;28.0000;22.8235;57.0000;branch
577.7589	;853	;121	;772	;23.5000;22.8235;57.0000;branch
578.1110	;854	;121	;773	;28.0000;22.8235;57.0000;branch
578.7411	;855	;121	;774	;23.3333;22.8235;57.0000;branch
579.2177	;856	;121	;775	;25.0000;22.8235;57.0000;branch
579.6658	;857	;121	;776	;23.8000;22.8235;57.0000;branch
580.3427	;858	;121	;777	;24.8000;22.8235;57.0000;branch
581.9440	;859	;121	;778	;23.0000;22.8235;57.0000;branch
582.2266	;860	;121	;779	;25.0000;22.8235;57.0000;branch
583.8429	;861	;121	;780	;29.0000;22.8235;57.0000;branch
584.2144	;862	;121	;781	;22.8235;22.8235;57.0000;branch
584.5700	;863	;121	;782	;25.0000;22.8235;57.0000;branch
584.9668	;864	;185	;782	;28.0000;22.8235;57.0000;branch
585.5852	;865	;185	;783	;23.5000;22.8235;57.0000;branch
585.9252	;866	;185	;784	;28.0000;22.8235;57.0000;branch
586.5251	;867	;185	;785	;23.3333;22.8235;57.0000;branch
586.9974	;868	;185	;786	;25.0000;22.8235;57.0000;branch
587.4409	;869	;185	;787	;23.8000;22.8235;57.0000;branch
588.0997	;870	;185	;788	;24.8000;22.8235;57.0000;branch
589.5403	;871	;185	;789	;23.0000;22.8235;57.0000;branch
589.8182	;872	;185	;790	;25.0000;22.8235;57.0000;branch
591.4490	;873	;185	;791	;29.0000;22.8235;57.0000;branch
591.8041	;874	;185	;792	;22.8235;22.8235;57.0000;branch
592.1455	;875	;185	;793	;25.0000;22.8235;57.0000;branch
592.4719	;876	;13	;793	;28.0000;22.8235;57.0000;branch
592.9602	;877	;13	;794	;23.5000;22.8235;57.0000;branch
593.1890	;878	;13	;795	;28.0000;22.8235;57.0000;branch
593.7043	;879	;13	;796	;23.3333;22.8235;57.0000;branch
594.2797	;880	;13	;797	;25.0000;22.8235;57.0000;branch
594.6632	;881	;13	;798	;23.8000;22.8235;57.0000;branch
595.0090	;882	;13	;799	;24.7778;22.8235;57.0000;branch
596.3056	;883	;13	;800	;23.0000;22.8235;57.0000;branch
596.5697	;884	;13	;801	;25.0000;22.8235;57.0000;branch
597.4686	;885	;13	;802	;29.0000;22.8235;57.0000;branch
597.8032	;886	;13	;803	;27.0000;22.8235;57.0000;branch
598.0487	;887	;13	;804	;22.8235;22.8235;57.0000;branch
598.7228	;888	;13	;805	;22.8235;22.8235;57.0000;branch
599.0151	;889	;13	;806	;25.0000;22.8235;57.0000;branch
599.7531	;890	;61	;806	;28.0000;22.8235;57.0000;branch
600.1699	;891	;61	;807	;23.5000;22.8235;57.0000;branch
Best UB: 57 ; Total nodes: 891 ; Visited nodes: 84 ; Remaining nodes: 807 ; Integer solutions found: []
Time:  600.1699476242065
