Using Python-MIP package version 1.5.3
McCormic linearization
time	;node	;father	;remain	;LB	;bestLB	;bestUB	;status
3.2171	;1	;-	;0	;46.0000;46.0000;57.0000	;root
5.0053	;2	;1	;1	;46.0000;46.0000;57.0000;branch
5.9956	;3	;1	;2	;46.0000;46.0000;57.0000;branch
7.1649	;4	;1	;3	;46.0000;46.0000;57.0000;branch
7.4708	;5	;1	;4	;46.0000;46.0000;57.0000;branch
9.5615	;6	;1	;5	;48.0000;46.0000;57.0000;branch
10.5337	;7	;1	;6	;46.0000;46.0000;57.0000;branch
12.5920	;8	;1	;7	;46.0000;46.0000;57.0000;branch
14.7985	;9	;1	;8	;54.0000;46.0000;57.0000;branch
17.2124	;10	;1	;9	;46.0000;46.0000;57.0000;branch
17.6456	;11	;1	;10	;47.0000;46.0000;57.0000;branch
19.7216	;12	;1	;11	;46.0000;46.0000;57.0000;branch
21.3438	;13	;1	;11	;60.0000;46.0000;57.0000;cut
22.7688	;14	;1	;12	;46.0000;46.0000;57.0000;branch
23.7977	;15	;1	;12	;57.0000;46.0000;57.0000;cut
25.9797	;16	;1	;13	;46.0000;46.0000;57.0000;branch
26.9050	;17	;1	;14	;47.0000;46.0000;57.0000;branch
28.0665	;18	;1	;15	;46.0000;46.0000;57.0000;branch
29.0793	;19	;1	;15	;57.0000;46.0000;57.0000;cut
59.2277	;20	;1	;16	;46.0000;46.0000;57.0000;branch
61.3379	;21	;1	;17	;46.0000;46.0000;57.0000;branch
62.3780	;22	;1	;18	;46.0000;46.0000;57.0000;branch
64.1233	;23	;1	;19	;46.0000;46.0000;57.0000;branch
67.4300	;24	;1	;20	;46.0000;46.0000;57.0000;branch
71.4191	;25	;1	;20	;59.0000;46.0000;57.0000;cut
72.2321	;26	;1	;21	;46.0000;46.0000;57.0000;branch
74.9957	;27	;1	;22	;46.0000;46.0000;57.0000;branch
76.1806	;28	;1	;23	;46.0000;46.0000;57.0000;branch
79.3182	;29	;1	;24	;46.0000;46.0000;57.0000;branch
81.7609	;30	;1	;25	;46.0000;46.0000;57.0000;branch
84.2731	;31	;1	;26	;46.0000;46.0000;57.0000;branch
85.3528	;32	;1	;27	;46.0000;46.0000;57.0000;branch
86.5612	;33	;1	;28	;46.0000;46.0000;57.0000;branch
89.9716	;34	;1	;29	;46.0000;46.0000;57.0000;branch
93.0442	;35	;1	;30	;46.0000;46.0000;57.0000;branch
94.4452	;36	;1	;31	;46.0000;46.0000;57.0000;branch
96.7247	;37	;1	;32	;46.0000;46.0000;57.0000;branch
99.1712	;38	;1	;33	;46.0000;46.0000;57.0000;branch
102.8840	;39	;1	;34	;46.0000;46.0000;57.0000;branch
191.3077	;40	;1	;35	;46.0000;46.0000;57.0000;branch
194.0713	;41	;1	;36	;46.0000;46.0000;57.0000;branch
194.1185	;42	;30	;35	;53.0000;46.0000;57.0000;infeasible
196.4170	;43	;30	;36	;46.0000;46.0000;57.0000;branch
221.4640	;44	;30	;37	;46.0000;46.0000;57.0000;branch
221.9919	;45	;30	;38	;46.0000;46.0000;57.0000;branch
223.7054	;46	;30	;39	;46.0000;46.0000;57.0000;branch
224.0648	;47	;30	;40	;46.0000;46.0000;57.0000;branch
448.7554	;48	;30	;41	;48.0000;46.0000;57.0000;branch
450.0719	;49	;30	;42	;46.0000;46.0000;57.0000;branch
475.4806	;50	;30	;43	;46.0000;46.0000;57.0000;branch
478.2779	;51	;30	;44	;54.0000;46.0000;57.0000;branch
504.4911	;52	;30	;45	;46.0000;46.0000;57.0000;branch
504.8793	;53	;30	;46	;47.0000;46.0000;57.0000;branch
531.9076	;54	;30	;47	;46.0000;46.0000;57.0000;branch
533.0463	;55	;30	;47	;61.0000;46.0000;57.0000;cut
537.2659	;56	;30	;48	;46.0000;46.0000;57.0000;branch
538.3792	;57	;30	;49	;46.0000;46.0000;57.0000;branch
540.1886	;58	;30	;50	;46.0000;46.0000;57.0000;branch
541.7904	;59	;30	;50	;57.0000;46.0000;57.0000;cut
563.5873	;60	;30	;51	;46.0000;46.0000;57.0000;branch
563.9503	;61	;30	;52	;47.0000;46.0000;57.0000;branch
585.6562	;62	;30	;53	;46.0000;46.0000;57.0000;branch
586.2122	;63	;30	;53	;57.0000;46.0000;57.0000;cut
586.5307	;64	;30	;54	;46.0000;46.0000;57.0000;branch
612.0733	;65	;30	;55	;46.0000;46.0000;57.0000;branch
Best UB: 57 ; Total nodes: 65 ; Visited nodes: 10 ; Remaining nodes: 55 ; Integer solutions found: []
Time:  612.0734844207764
