Academic license - for non-commercial use only
Set parameter TimeLimit to value 7200

Gurobi Optimizer version 8.0.0 build v8.0.0rc0 (linux64)
Copyright (c) 2018, Gurobi Optimization, LLC

Read LP format model from file fernando/la02.lp
Reading time = 0.08 seconds
: 24245 rows, 45071 columns, 131705 nonzeros
Optimize a model with 24245 rows, 45071 columns and 131705 nonzeros
Variable types: 0 continuous, 45071 integer (45070 binary)
Coefficient statistics:
  Matrix range     [1e+00, 7e+02]
  Objective range  [1e+00, 1e+00]
  Bounds range     [1e+00, 1e+00]
  RHS range        [1e+00, 1e+00]
Presolve removed 4600 rows and 4655 columns
Presolve time: 0.48s
Presolved: 19645 rows, 40416 columns, 122553 nonzeros
Variable types: 0 continuous, 40416 integer (40415 binary)

Deterministic concurrent LP optimizer: primal and dual simplex
Showing first log only...

Presolve removed 26 rows and 26 columns
Presolved: 19619 rows, 40390 columns, 122501 nonzeros

Presolve removed 10 rows and 1 columns

Root simplex log...

Iteration    Objective       Primal Inf.    Dual Inf.      Time
    3636    0.0000000e+00   1.003101e+00   6.493365e+09      5s
    7296    0.0000000e+00   2.186840e-01   3.831392e+09     10s
   10703    0.0000000e+00   4.639515e-01   0.000000e+00     15s
   10754    2.1543000e+05   0.000000e+00   3.200000e+01     15s
   14156    5.9689552e+02   0.000000e+00   1.262563e+06     20s
   16306    5.7258581e+02   0.000000e+00   3.197655e+06     25s
   18366    5.5498511e+02   0.000000e+00   1.013199e+07     30s
   20566    5.4009446e+02   0.000000e+00   2.547567e+06     35s
   22802    5.2723310e+02   0.000000e+00   7.024723e+06     40s
   24852    5.2101064e+02   0.000000e+00   1.035144e+07     45s
   26782    5.1693734e+02   0.000000e+00   3.794364e+06     50s
   28810    5.1222824e+02   0.000000e+00   4.103329e+05     55s
   30696    5.0847596e+02   0.000000e+00   5.250087e+06     60s
   32738    5.0453198e+02   0.000000e+00   1.488398e+05     65s
   34802    5.0041157e+02   0.000000e+00   1.187093e+06     70s
   36592    4.9790755e+02   0.000000e+00   4.541978e+06     75s
   38498    4.9543636e+02   0.000000e+00   1.758852e+05     80s
   40428    4.9360916e+02   0.000000e+00   6.937603e+06     85s
   42072    4.9226036e+02   0.000000e+00   2.182048e+07     90s
   43938    4.9078425e+02   0.000000e+00   2.916867e+05     96s
   45578    4.8954282e+02   0.000000e+00   3.199999e+05    100s
   47302    4.8862183e+02   0.000000e+00   8.530403e+05    105s
   48952    4.8777671e+02   0.000000e+00   2.349055e+05    110s
   50612    4.8714433e+02   0.000000e+00   9.550677e+05    115s
   52254    4.8637280e+02   0.000000e+00   2.470537e+05    120s
   53958    4.8569466e+02   0.000000e+00   1.238477e+07    125s
   55606    4.8497420e+02   0.000000e+00   1.445714e+05    130s
   57198    4.8422929e+02   0.000000e+00   1.765480e+06    135s
   58850    4.8352622e+02   0.000000e+00   2.209711e+05    140s
   60646    4.8268052e+02   0.000000e+00   1.554651e+05    145s
   62462    4.8213154e+02   0.000000e+00   2.077749e+05    150s
   64206    4.8159670e+02   0.000000e+00   1.925016e+06    155s
   65822    4.8105315e+02   0.000000e+00   1.425207e+05    160s
   67576    4.8058446e+02   0.000000e+00   2.680523e+05    165s
   69414    4.8001274e+02   0.000000e+00   2.439673e+05    170s
   71116    4.7947271e+02   0.000000e+00   3.575689e+05    175s
   72804    4.7905128e+02   0.000000e+00   6.946865e+04    180s
   74534    4.7856502e+02   0.000000e+00   7.367342e+05    185s
   76358    4.7808434e+02   0.000000e+00   1.788661e+05    190s
   78022    4.7773097e+02   0.000000e+00   1.497601e+05    195s
   79724    4.7734328e+02   0.000000e+00   2.310952e+05    200s
   81470    4.7698260e+02   0.000000e+00   2.673655e+05    205s
   83168    4.7667509e+02   0.000000e+00   1.805286e+05    210s
   84798    4.7607546e+02   0.000000e+00   2.448565e+05    216s
   86198    4.7560535e+02   0.000000e+00   3.428804e+05    220s
   87728    4.7516916e+02   0.000000e+00   1.641400e+05    225s
   89308    4.7479346e+02   0.000000e+00   1.182157e+05    230s
   90858    4.7447749e+02   0.000000e+00   1.230122e+05    235s
   92560    4.7401638e+02   0.000000e+00   8.034652e+04    240s
   94124    4.7367694e+02   0.000000e+00   1.478248e+06    245s
   95814    4.7331598e+02   0.000000e+00   1.655098e+05    250s
   97490    4.7286183e+02   0.000000e+00   3.064955e+05    255s
   99244    4.7243175e+02   0.000000e+00   6.291232e+04    260s
  101082    4.7195145e+02   0.000000e+00   1.504826e+06    265s
  102712    4.7166737e+02   0.000000e+00   1.255898e+05    270s
  104522    4.7141383e+02   0.000000e+00   5.457159e+04    275s
  106212    4.7124420e+02   0.000000e+00   1.066261e+05    280s
  108062    4.7102936e+02   0.000000e+00   8.298463e+04    285s
  109784    4.7087273e+02   0.000000e+00   1.077436e+05    290s
  111574    4.7068589e+02   0.000000e+00   2.769773e+05    295s
  113282    4.7056373e+02   0.000000e+00   5.660271e+05    300s
  115124    4.7044119e+02   0.000000e+00   9.000787e+03    305s
  116958    4.7035004e+02   0.000000e+00   2.896993e+04    310s
  118874    4.7024331e+02   0.000000e+00   4.099285e+04    315s
  120894    4.7014959e+02   0.000000e+00   1.741952e+04    320s
  122682    4.7005346e+02   0.000000e+00   4.259004e+04    325s
  124696    4.6998932e+02   0.000000e+00   3.476288e+04    330s
  126540    4.6994351e+02   0.000000e+00   1.650395e+04    335s
  128690    4.6989744e+02   0.000000e+00   5.121190e+03    340s
  130606    4.6986556e+02   0.000000e+00   1.191282e+04    345s
  132464    4.6982147e+02   0.000000e+00   1.703600e+05    350s
  134556    4.6973460e+02   0.000000e+00   7.676826e+04    355s
  136414    4.6970247e+02   0.000000e+00   4.724784e+04    360s
  138450    4.6968107e+02   0.000000e+00   5.223607e+03    365s
  140464    4.6966509e+02   0.000000e+00   1.849488e+04    370s
  142546    4.6965871e+02   0.000000e+00   4.567399e+01    375s
  144312    4.6986078e+02   1.378199e+01   0.000000e+00    380s
  144485    4.6986081e+02   0.000000e+00   0.000000e+00    381s
  144485    4.6986081e+02   0.000000e+00   0.000000e+00    381s
Concurrent spin time: 36.13s

Solved with primal simplex

Root relaxation: objective 4.698608e+02, 144485 iterations, 416.44 seconds
Total elapsed time = 422.07s

    Nodes    |    Current Node    |     Objective Bounds      |     Work
 Expl Unexpl |  Obj  Depth IntInf | Incumbent    BestBd   Gap | It/Node Time

     0     0  469.86081    0 7526          -  469.86081      -     -  423s
     0     0  470.00000    0 7834          -  470.00000      -     -  546s
     0     0  474.89930    0 7852          -  474.89930      -     - 1085s
     0     0  504.51079    0 8288          -  504.51079      -     - 1895s
     0     0  524.86400    0 8404          -  524.86400      -     - 2397s
     0     0  525.32791    0 8423          -  525.32791      -     - 2555s
     0     0  525.35477    0 8457          -  525.35477      -     - 2590s
     0     0  525.35477    0 8505          -  525.35477      -     - 2592s
     0     0  525.35477    0 8652          -  525.35477      -     - 2593s
     0     0  525.35477    0 6763          -  525.35477      -     - 2607s
     0     0  525.35477    0 6998          -  525.35477      -     - 2609s
     0     0  525.35477    0 6706          -  525.35477      -     - 2622s
     0     0  525.35477    0 6794          -  525.35477      -     - 2622s
     0     0  525.35477    0 6785          -  525.35477      -     - 2636s
     0     0  525.35477    0 7479          -  525.35477      -     - 2637s
     0     0  525.35477    0 6949          -  525.35477      -     - 2655s
     0     0  526.00000    0 6067          -  526.00000      -     - 3809s
     0     0  526.00000    0 6067          -  526.00000      -     - 4180s
     0     2  526.00000    0 5890          -  526.00000      -     - 5190s
     1     3  526.02205    1 8096          -  526.00000      - 226005 5594s
     3     4  527.00000    2 8893          -  526.00000      - 111517 6386s
     5     5  527.00000    3 8967          -  526.00000      - 120600 6801s
     7     7  527.00000    4 8276          -  527.00000      - 102572 7191s

Cutting planes:
  Clique: 47
  MIR: 11

Explored 9 nodes (2533216 simplex iterations) in 7200.00 seconds
Thread count was 4 (of 4 available processors)

Solution count 0

Time limit reached
Best objective -, best bound 5.270000000000e+02, gap -

Unable to retrieve attribute 'X'

