Academic license - for non-commercial use only
Set parameter TimeLimit to value 7200

Gurobi Optimizer version 8.0.0 build v8.0.0rc0 (linux64)
Copyright (c) 2018, Gurobi Optimization, LLC

Read LP format model from file fernando/la11.lp
Reading time = 0.46 seconds
: 104615 rows, 202941 columns, 602365 nonzeros
Optimize a model with 104615 rows, 202941 columns and 602365 nonzeros
Variable types: 0 continuous, 202941 integer (202940 binary)
Coefficient statistics:
  Matrix range     [1e+00, 1e+03]
  Objective range  [1e+00, 1e+00]
  Bounds range     [1e+00, 1e+00]
  RHS range        [1e+00, 1e+00]
Presolve removed 19922 rows and 20027 columns
Presolve time: 2.93s
Presolved: 84693 rows, 182914 columns, 562688 nonzeros
Variable types: 0 continuous, 182914 integer (182913 binary)

Deterministic concurrent LP optimizer: primal and dual simplex
Showing first log only...

Presolve removed 145 rows and 145 columns
Presolved: 84548 rows, 182769 columns, 562402 nonzeros

Presolve removed 20 rows and 1 columns

Root simplex log...

Iteration    Objective       Primal Inf.    Dual Inf.      Time
    2296    0.0000000e+00   7.050000e+01   1.472282e+11      5s
    3466    0.0000000e+00   2.099530e+01   9.470728e+10     10s
    4386    0.0000000e+00   1.898167e+01   4.028956e+10     16s
    5336    0.0000000e+00   1.893169e+01   7.503817e+10     21s
    6366    0.0000000e+00   1.712357e+01   3.091648e+11     25s
    7326    0.0000000e+00   1.692806e+01   2.326853e+11     31s
    8266    0.0000000e+00   1.590776e+01   1.484927e+11     35s
    9406    0.0000000e+00   1.392821e+01   5.019121e+11     40s
   10356    0.0000000e+00   1.270106e+01   2.364080e+11     45s
   11326    0.0000000e+00   1.198765e+01   1.671164e+11     50s
   12296    0.0000000e+00   1.136233e+01   2.614791e+11     55s
   13296    0.0000000e+00   1.072577e+01   2.370326e+11     61s
   14096    0.0000000e+00   1.050863e+01   8.481274e+10     65s
   15026    0.0000000e+00   1.026529e+01   1.000383e+11     71s
   15806    0.0000000e+00   9.995244e+00   1.805689e+11     75s
   16616    0.0000000e+00   9.784325e+00   1.688331e+11     80s
   17436    0.0000000e+00   9.491406e+00   1.936452e+11     85s
   18266    0.0000000e+00   9.189979e+00   1.657778e+11     90s
   19046    0.0000000e+00   9.059073e+00   2.397062e+11     95s
   19906    0.0000000e+00   8.771220e+00   8.533068e+10    101s
   20646    0.0000000e+00   8.465957e+00   4.922338e+11    105s
   21356    0.0000000e+00   8.166056e+00   1.962252e+11    110s
   22086    0.0000000e+00   7.954447e+00   1.541842e+11    115s
   22916    0.0000000e+00   7.757553e+00   1.271305e+11    121s
   23676    0.0000000e+00   7.409205e+00   3.279287e+11    126s
   24386    0.0000000e+00   7.003480e+00   2.798261e+11    131s
   25086    0.0000000e+00   6.819921e+00   5.727488e+11    135s
   25786    0.0000000e+00   6.654535e+00   3.288902e+11    141s
   26516    0.0000000e+00   6.457922e+00   2.579792e+11    146s
   27206    0.0000000e+00   6.305283e+00   2.576781e+11    151s
   27756    0.0000000e+00   6.203629e+00   1.301497e+11    155s
   28496    0.0000000e+00   5.937139e+00   2.436943e+11    161s
   29076    0.0000000e+00   5.817088e+00   6.884732e+11    165s
   29836    0.0000000e+00   5.709379e+00   1.238738e+11    171s
   30416    0.0000000e+00   5.602165e+00   3.681032e+11    175s
   31136    0.0000000e+00   5.490142e+00   2.579162e+11    181s
   31686    0.0000000e+00   5.409847e+00   8.783917e+10    185s
   32406    0.0000000e+00   5.283597e+00   1.816679e+11    191s
   32956    0.0000000e+00   5.186714e+00   3.269853e+11    196s
   33556    0.0000000e+00   5.030105e+00   1.393524e+11    200s
   34306    0.0000000e+00   4.891339e+00   1.328677e+11    206s
   34886    0.0000000e+00   4.828205e+00   4.185737e+11    211s
   35496    0.0000000e+00   4.635937e+00   1.087909e+12    216s
   36126    0.0000000e+00   4.535574e+00   3.852057e+11    221s
   36696    0.0000000e+00   4.496190e+00   1.027942e+11    225s
   37276    0.0000000e+00   4.403777e+00   4.422967e+11    230s
   37886    0.0000000e+00   4.008701e+00   3.575690e+11    235s
   38486    0.0000000e+00   3.967254e+00   6.250756e+11    240s
   39186    0.0000000e+00   3.910227e+00   3.632214e+11    246s
   39756    0.0000000e+00   3.840928e+00   1.538787e+11    251s
   40336    0.0000000e+00   3.761318e+00   6.130612e+11    256s
   40916    0.0000000e+00   3.590213e+00   9.249722e+11    261s
   41556    0.0000000e+00   3.479359e+00   3.019657e+11    266s
   42196    0.0000000e+00   3.390933e+00   6.975930e+11    271s
   42666    0.0000000e+00   3.317841e+00   2.176065e+11    275s
   43276    0.0000000e+00   3.274436e+00   9.257950e+10    280s
   43876    0.0000000e+00   3.211248e+00   1.200850e+11    286s
   44476    0.0000000e+00   3.162734e+00   6.583407e+11    291s
   45076    0.0000000e+00   3.128367e+00   3.636828e+11    296s
   45666    0.0000000e+00   3.059049e+00   2.239076e+11    301s
   46276    0.0000000e+00   3.021969e+00   4.020452e+11    306s
   46726    0.0000000e+00   3.004149e+00   7.645155e+10    310s
   47326    0.0000000e+00   2.973396e+00   1.032252e+11    315s
   47936    0.0000000e+00   2.934840e+00   6.116968e+10    321s
   48526    0.0000000e+00   2.917382e+00   1.415668e+11    326s
   48976    0.0000000e+00   2.872177e+00   9.876327e+10    330s
   49596    0.0000000e+00   2.811788e+00   1.127500e+11    335s
   50196    0.0000000e+00   2.769936e+00   9.590968e+10    341s
   50816    0.0000000e+00   2.751604e+00   5.460146e+10    346s
   51286    0.0000000e+00   2.729094e+00   8.023480e+10    351s
   51906    0.0000000e+00   2.686860e+00   3.130665e+11    356s
   52356    0.0000000e+00   2.644943e+00   2.060413e+11    360s
   52946    0.0000000e+00   2.606526e+00   1.365294e+11    365s
   53576    0.0000000e+00   2.563811e+00   1.327761e+11    371s
   54186    0.0000000e+00   2.517799e+00   1.055916e+11    376s
   54646    0.0000000e+00   2.506731e+00   8.226492e+10    380s
   55256    0.0000000e+00   2.476726e+00   1.760450e+11    386s
   55866    0.0000000e+00   2.439063e+00   1.914710e+11    391s
   56316    0.0000000e+00   2.417042e+00   7.902753e+10    395s
   56936    0.0000000e+00   2.391240e+00   1.798734e+11    401s
   57416    0.0000000e+00   2.328589e+00   1.775854e+11    405s
   58056    0.0000000e+00   2.276726e+00   1.539505e+11    411s
   58546    0.0000000e+00   2.252803e+00   1.613812e+11    415s
   59196    0.0000000e+00   2.216668e+00   1.015016e+11    421s
   59686    0.0000000e+00   2.157604e+00   2.270542e+11    425s
   60346    0.0000000e+00   2.085719e+00   1.306204e+11    431s
   60836    0.0000000e+00   2.025462e+00   2.717191e+11    435s
   61496    0.0000000e+00   1.932171e+00   2.451564e+11    441s
   62136    0.0000000e+00   1.863545e+00   1.465700e+11    446s
   62606    0.0000000e+00   1.841802e+00   1.121613e+11    451s
   63086    0.0000000e+00   1.804349e+00   1.053221e+11    455s
   63736    0.0000000e+00   1.783562e+00   1.144593e+11    461s
   64226    0.0000000e+00   1.754860e+00   7.765438e+10    466s
   64856    0.0000000e+00   1.726558e+00   2.283428e+11    471s
   65336    0.0000000e+00   1.706368e+00   8.027191e+10    476s
   65816    0.0000000e+00   1.686998e+00   9.653507e+10    480s
   66456    0.0000000e+00   1.662585e+00   1.074411e+11    486s
   66936    0.0000000e+00   1.647360e+00   4.849968e+10    491s
   67556    0.0000000e+00   1.621100e+00   9.413916e+10    496s
   68036    0.0000000e+00   1.607530e+00   1.650227e+11    501s
   68516    0.0000000e+00   1.592456e+00   8.069380e+10    505s
   69146    0.0000000e+00   1.576348e+00   5.735721e+10    511s
   69616    0.0000000e+00   1.567316e+00   5.528539e+10    516s
   70096    0.0000000e+00   1.549222e+00   9.162527e+10    520s
   70736    0.0000000e+00   1.532290e+00   1.330374e+11    526s
   71216    0.0000000e+00   1.517827e+00   4.560529e+10    530s
   71856    0.0000000e+00   1.492483e+00   4.842877e+10    536s
   72326    0.0000000e+00   1.477955e+00   8.846434e+10    541s
   72806    0.0000000e+00   1.460976e+00   7.855978e+11    545s
   73476    0.0000000e+00   1.421076e+00   6.555477e+10    552s
   73956    0.0000000e+00   1.412468e+00   5.191361e+10    556s
   74466    0.0000000e+00   1.398260e+00   5.774429e+10    561s
   74946    0.0000000e+00   1.385141e+00   6.164954e+10    566s
   75426    0.0000000e+00   1.367767e+00   1.467102e+11    570s
   76066    0.0000000e+00   1.352512e+00   7.105309e+10    576s
   76556    0.0000000e+00   1.342041e+00   5.581496e+10    581s
   77036    0.0000000e+00   1.326573e+00   2.266402e+11    586s
   77516    0.0000000e+00   1.306392e+00   4.839103e+10    590s
   78156    0.0000000e+00   1.290682e+00   9.898462e+10    596s
   78636    0.0000000e+00   1.271279e+00   1.496225e+11    601s
   79116    0.0000000e+00   1.260541e+00   4.974144e+11    605s
   79756    0.0000000e+00   1.240405e+00   1.294068e+11    611s
   80246    0.0000000e+00   1.225773e+00   7.898083e+10    616s
   80726    0.0000000e+00   1.215573e+00   1.096038e+11    621s
   81216    0.0000000e+00   1.182510e+00   8.164306e+10    625s
   81876    0.0000000e+00   1.159442e+00   7.485239e+10    632s
   82376    0.0000000e+00   1.149545e+00   5.725575e+10    636s
   82896    0.0000000e+00   1.129152e+00   1.019110e+11    641s
   83406    0.0000000e+00   1.116179e+00   5.960121e+10    646s
   83906    0.0000000e+00   1.098131e+00   9.396652e+10    651s
   84436    0.0000000e+00   1.082029e+00   1.116637e+11    656s
   84976    0.0000000e+00   1.048427e+00   2.115394e+11    661s
   85516    0.0000000e+00   1.025707e+00   5.794505e+10    666s
   86056    0.0000000e+00   1.009603e+00   2.445839e+11    671s
   86576    0.0000000e+00   1.001133e+00   2.054283e+10    676s
   87066    0.0000000e+00   9.961126e-01   3.221643e+10    681s
   87556    0.0000000e+00   9.890816e-01   2.676662e+10    686s
   88036    0.0000000e+00   9.821842e-01   2.480633e+10    690s
   88526    0.0000000e+00   9.765761e-01   8.570888e+10    695s
   89036    0.0000000e+00   9.694216e-01   2.057252e+10    700s
   89686    0.0000000e+00   9.561531e-01   3.910310e+10    706s
   90166    0.0000000e+00   9.478496e-01   1.261249e+11    711s
   90646    0.0000000e+00   9.380281e-01   7.187311e+10    716s
   91156    0.0000000e+00   9.246504e-01   1.150403e+11    721s
   91656    0.0000000e+00   9.084658e-01   5.677721e+10    726s
   92186    0.0000000e+00   8.903578e-01   7.175555e+10    731s
   92716    0.0000000e+00   8.731237e-01   3.419752e+10    736s
   93256    0.0000000e+00   8.502862e-01   4.858621e+10    741s
   93796    0.0000000e+00   8.255015e-01   5.412793e+10    747s
   94256    0.0000000e+00   8.064224e-01   6.594285e+10    751s
   94726    0.0000000e+00   7.920843e-01   7.221085e+10    756s
   95216    0.0000000e+00   7.754564e-01   5.549948e+10    761s
   95706    0.0000000e+00   7.625841e-01   3.718627e+10    766s
   96196    0.0000000e+00   7.459670e-01   4.088279e+10    771s
   96696    0.0000000e+00   7.309165e-01   4.872436e+10    776s
   97166    0.0000000e+00   7.215710e-01   4.109728e+10    780s
   97666    0.0000000e+00   7.128387e-01   3.163323e+10    785s
   98166    0.0000000e+00   7.017425e-01   3.262670e+10    791s
   98656    0.0000000e+00   6.890836e-01   2.452446e+10    796s
   99146    0.0000000e+00   6.747420e-01   2.993097e+10    801s
   99646    0.0000000e+00   6.571956e-01   4.894055e+10    806s
  100146    0.0000000e+00   6.366526e-01   5.333099e+10    811s
  100666    0.0000000e+00   6.127851e-01   5.551388e+10    816s
  101086    0.0000000e+00   5.976127e-01   2.926821e+10    820s
  101636    0.0000000e+00   5.732500e-01   5.451748e+10    826s
  102066    0.0000000e+00   5.568456e-01   2.152888e+10    830s
  102616    0.0000000e+00   5.360597e-01   1.629712e+11    836s
  103046    0.0000000e+00   5.195408e-01   4.924687e+10    840s
  103596    0.0000000e+00   4.911420e-01   5.090871e+10    846s
  104066    0.0000000e+00   4.673983e-01   5.938395e+10    851s
  104546    0.0000000e+00   4.399195e-01   1.383118e+11    855s
  105136    0.0000000e+00   4.067946e-01   6.053687e+10    861s
  105596    0.0000000e+00   3.723731e-01   3.890164e+10    866s
  106076    0.0000000e+00   3.489035e-01   3.108089e+10    871s
  106556    0.0000000e+00   3.211199e-01   8.596188e+10    876s
  107036    0.0000000e+00   2.915947e-01   4.833699e+10    881s
  107536    0.0000000e+00   2.657833e-01   2.935166e+10    886s
  108046    0.0000000e+00   2.357396e-01   3.883349e+10    891s
  108566    0.0000000e+00   1.945536e-01   5.711731e+10    896s
  108956    0.0000000e+00   1.631127e-01   2.897396e+10    900s
  109496    0.0000000e+00   1.473798e-01   3.113210e+10    906s
  110036    0.0000000e+00   1.294785e-01   3.473408e+10    911s
  110436    0.0000000e+00   1.136134e-01   7.402086e+10    915s
  110976    0.0000000e+00   9.902328e-02   2.060702e+10    921s
  111396    0.0000000e+00   8.388101e-02   2.764476e+10    925s
  111826    0.0000000e+00   7.363947e-02   8.625965e+10    930s
  112396    0.0000000e+00   5.581766e-02   1.478159e+10    936s
  112826    0.0000000e+00   4.908432e-02   3.139180e+10    941s
  113246    0.0000000e+00   4.126499e-02   4.142306e+10    945s
  113666    0.0000000e+00   3.201257e-02   1.735700e+10    950s
  114236    0.0000000e+00   2.320660e-02   3.471515e+10    956s
  114646    0.0000000e+00   1.784314e-02   3.633869e+10    961s
  115066    0.0000000e+00   9.345886e-03   1.590433e+10    965s
  115626    0.0000000e+00   9.077238e-04   1.691346e+10    971s
  115904    0.0000000e+00   7.936970e+00   0.000000e+00    976s
  116194    3.7340930e-09   1.935738e+01   0.000000e+00    982s
  116394    6.5282655e-09   4.525440e+00   0.000000e+00    986s
  116694    7.8336998e-09   6.377441e-02   0.000000e+00    992s
  116798    7.6467000e+05   0.000000e+00   3.200000e+01    994s
  116963    1.1212163e+03   0.000000e+00   3.761940e+07    995s
  117623    1.0961142e+03   0.000000e+00   7.296384e+07   1000s
  118448    1.0804438e+03   0.000000e+00   2.296662e+07   1006s
  119108    1.0690402e+03   0.000000e+00   1.249704e+07   1010s
  119768    1.0593950e+03   0.000000e+00   3.755696e+07   1016s
  120263    1.0515321e+03   0.000000e+00   1.351560e+07   1020s
  120923    1.0401082e+03   0.000000e+00   6.343842e+08   1026s
  121583    1.0274750e+03   0.000000e+00   8.336239e+07   1031s
  122243    1.0179437e+03   0.000000e+00   6.306570e+07   1036s
  122738    1.0129711e+03   0.000000e+00   7.180050e+07   1040s
  123398    1.0053640e+03   0.000000e+00   5.695265e+08   1046s
  123893    9.9895760e+02   0.000000e+00   7.860976e+07   1050s
  124553    9.8980438e+02   0.000000e+00   8.515567e+06   1056s
  125048    9.8290509e+02   0.000000e+00   4.313160e+07   1060s
  125708    9.7356307e+02   0.000000e+00   2.534841e+09   1066s
  126203    9.6735131e+02   0.000000e+00   1.038234e+08   1070s
  126863    9.6013137e+02   0.000000e+00   7.547865e+08   1076s
  127358    9.5660833e+02   0.000000e+00   2.503863e+07   1081s
  127853    9.5167213e+02   0.000000e+00   2.038420e+08   1086s
  128348    9.4834070e+02   0.000000e+00   2.994900e+07   1090s
Warning: Markowitz tolerance tightened to 0.125
  129008    9.4245001e+02   0.000000e+00   4.727030e+07   1096s
  129503    9.4011163e+02   0.000000e+00   1.133982e+07   1101s
  129998    9.3758331e+02   0.000000e+00   9.752267e+06   1106s
  130493    9.3398419e+02   0.000000e+00   5.738050e+08   1110s
  131153    9.3029213e+02   0.000000e+00   4.300266e+07   1116s
  131648    9.2764173e+02   0.000000e+00   1.034028e+08   1120s
  132308    9.2220574e+02   0.000000e+00   5.187758e+07   1127s
  132803    9.2007458e+02   0.000000e+00   3.833430e+08   1131s
  133298    9.1689577e+02   0.000000e+00   1.702194e+07   1137s
  133793    9.1328865e+02   0.000000e+00   1.118244e+07   1141s
  134288    9.1121063e+02   0.000000e+00   7.822229e+07   1146s
  134783    9.0824383e+02   0.000000e+00   8.466976e+07   1151s
  135278    9.0637288e+02   0.000000e+00   1.597847e+07   1156s
  135773    9.0480379e+02   0.000000e+00   5.738934e+06   1161s
  136268    9.0353919e+02   0.000000e+00   5.876312e+08   1166s
  136598    9.0188127e+02   0.000000e+00   4.494249e+09   1170s
  137093    9.0054191e+02   0.000000e+00   1.221089e+08   1176s
  137588    8.9847937e+02   0.000000e+00   2.105062e+07   1182s
  137918    8.9728790e+02   0.000000e+00   7.372807e+07   1185s
  138413    8.9528675e+02   0.000000e+00   4.193034e+09   1191s
  138908    8.9382271e+02   0.000000e+00   1.290563e+08   1197s
  139238    8.9233382e+02   0.000000e+00   9.819051e+07   1201s
  139733    8.9036425e+02   0.000000e+00   1.562203e+08   1207s
  140063    8.8859129e+02   0.000000e+00   2.067298e+08   1211s
  140393    8.8709508e+02   0.000000e+00   1.110826e+08   1215s
  140888    8.8412966e+02   0.000000e+00   5.937112e+10   1221s
  141218    8.8228975e+02   0.000000e+00   2.231179e+07   1225s
  141713    8.8029838e+02   0.000000e+00   5.964738e+07   1232s
  142043    8.7965077e+02   0.000000e+00   4.422312e+07   1236s
  142373    8.7820481e+02   0.000000e+00   3.855588e+08   1241s
  142817    8.7667197e+02   0.000000e+00   2.847552e+07   1247s
  143147    8.7667091e+02   0.000000e+00   6.872995e+07   1252s
  143477    8.7556046e+02   0.000000e+00   6.624872e+08   1258s
  143642    8.7311602e+02   0.000000e+00   7.648215e+08   1261s
  143972    8.6939953e+02   0.000000e+00   6.808151e+08   1268s
  144137    8.6785131e+02   0.000000e+00   8.706804e+07   1272s
  144302    8.6614793e+02   0.000000e+00   1.966936e+08   1275s
  144632    8.6364628e+02   0.000000e+00   2.013840e+08   1282s
  144962    8.6083881e+02   0.000000e+00   8.766053e+07   1288s
  145127    8.5931255e+02   0.000000e+00   1.642204e+09   1291s
  145457    8.5637786e+02   0.000000e+00   9.338495e+08   1298s
  145622    8.5480731e+02   0.000000e+00   7.183700e+07   1301s
  145952    8.5227217e+02   0.000000e+00   6.606997e+08   1308s
  146117    8.5141914e+02   0.000000e+00   7.163875e+08   1311s
  146447    8.4979576e+02   0.000000e+00   1.346750e+08   1318s
  146612    8.4884260e+02   0.000000e+00   9.394443e+07   1321s
  146942    8.4662904e+02   0.000000e+00   3.788728e+07   1328s
  147107    8.4562159e+02   0.000000e+00   1.548142e+08   1331s
  147437    8.4386905e+02   0.000000e+00   2.793003e+08   1339s
  147602    8.4304305e+02   0.000000e+00   1.232748e+08   1342s
  147767    8.4242669e+02   0.000000e+00   3.644388e+07   1346s
  148097    8.4108799e+02   0.000000e+00   1.500568e+09   1353s
  148262    8.3999388e+02   0.000000e+00   1.268579e+08   1356s
  148592    8.3856234e+02   0.000000e+00   2.954219e+07   1363s
  148757    8.3790202e+02   0.000000e+00   2.019399e+08   1367s
  148922    8.3712562e+02   0.000000e+00   1.571261e+08   1370s
  149252    8.3580964e+02   0.000000e+00   8.840881e+07   1377s
  149417    8.3519943e+02   0.000000e+00   5.985776e+07   1381s
  149747    8.3411470e+02   0.000000e+00   6.311354e+07   1388s
  149912    8.3371853e+02   0.000000e+00   3.503271e+07   1391s
  150242    8.3282718e+02   0.000000e+00   3.138985e+07   1398s
  150407    8.3223158e+02   0.000000e+00   1.633504e+07   1401s
  150737    8.3123366e+02   0.000000e+00   5.176711e+07   1408s
  150902    8.3076347e+02   0.000000e+00   2.768834e+07   1412s
  151067    8.3036542e+02   0.000000e+00   2.622164e+08   1416s
  151397    8.2961869e+02   0.000000e+00   1.358394e+07   1423s
  151562    8.2929630e+02   0.000000e+00   5.457220e+07   1426s
  151892    8.2848383e+02   0.000000e+00   1.786584e+07   1433s
  152057    8.2813732e+02   0.000000e+00   5.146603e+08   1437s
  152222    8.2765370e+02   0.000000e+00   2.049439e+07   1440s
  152582    8.2677000e+02   0.000000e+00   1.303018e+07   1448s
  152742    8.2649771e+02   0.000000e+00   8.993031e+06   1451s
  152922    8.2622925e+02   0.000000e+00   7.612552e+07   1455s
  153182    8.2554227e+02   0.000000e+00   4.311385e+07   1461s
  153422    8.2495758e+02   0.000000e+00   5.320824e+07   1466s
  153672    8.2438392e+02   0.000000e+00   1.748190e+07   1471s
  154002    8.2361232e+02   0.000000e+00   1.710854e+08   1478s
  154222    8.2316229e+02   0.000000e+00   6.641230e+07   1482s
  154462    8.2261692e+02   0.000000e+00   2.907037e+07   1487s
  154622    8.2233361e+02   0.000000e+00   2.805168e+07   1491s
  154862    8.2192162e+02   0.000000e+00   1.517163e+08   1497s
  155042    8.2143955e+02   0.000000e+00   7.971208e+07   1500s
  155302    8.2089516e+02   0.000000e+00   1.701127e+07   1506s
  155562    8.2034093e+02   0.000000e+00   2.588790e+08   1512s
  155712    8.1996675e+02   0.000000e+00   1.317947e+09   1515s
  155932    8.1943565e+02   0.000000e+00   1.740194e+08   1520s
  156302    8.1879184e+02   0.000000e+00   7.615486e+07   1528s
  156412    8.1862624e+02   0.000000e+00   5.056307e+07   1531s
  156672    8.1823009e+02   0.000000e+00   1.193921e+09   1537s
  156922    8.1779644e+02   0.000000e+00   3.021236e+08   1542s
  157072    8.1756448e+02   0.000000e+00   1.528982e+09   1545s
  157382    8.1692793e+02   0.000000e+00   2.089289e+08   1552s
  157542    8.1654813e+02   0.000000e+00   3.626617e+07   1555s
  157762    8.1623716e+02   0.000000e+00   3.590775e+07   1560s
  158082    8.1575311e+02   0.000000e+00   2.295448e+07   1567s
  158192    8.1551860e+02   0.000000e+00   1.171740e+08   1570s
  158432    8.1510900e+02   0.000000e+00   1.467575e+08   1575s
  158672    8.1471294e+02   0.000000e+00   1.331778e+08   1581s
  158882    8.1438939e+02   0.000000e+00   1.141794e+08   1586s
  159122    8.1402719e+02   0.000000e+00   1.858774e+08   1591s
  159342    8.1367163e+02   0.000000e+00   1.501028e+07   1596s
  159697    8.1320264e+02   0.000000e+00   2.062680e+07   1603s
  159862    8.1303370e+02   0.000000e+00   1.042600e+07   1607s
  160027    8.1284160e+02   0.000000e+00   1.217072e+08   1610s
  160357    8.1248563e+02   0.000000e+00   1.514575e+08   1618s
  160497    8.1239520e+02   0.000000e+00   4.408357e+06   1621s
  160727    8.1225636e+02   0.000000e+00   6.791166e+06   1626s
  160967    8.1210636e+02   0.000000e+00   1.544707e+07   1631s
  161217    8.1194077e+02   0.000000e+00   4.093974e+06   1637s
  161382    8.1183721e+02   0.000000e+00   1.317390e+07   1641s
  161767    8.1154546e+02   0.000000e+00   2.248166e+07   1649s
  161932    8.1144286e+02   0.000000e+00   2.679299e+07   1653s
  162082    8.1135618e+02   0.000000e+00   6.564175e+06   1656s
  162322    8.1123383e+02   0.000000e+00   7.158734e+06   1662s
  162597    8.1100805e+02   0.000000e+00   3.132435e+07   1668s
  162717    8.1092735e+02   0.000000e+00   3.349326e+08   1670s
  162962    8.1068232e+02   0.000000e+00   2.972512e+07   1676s
  163222    8.1047152e+02   0.000000e+00   8.747976e+07   1682s
  163422    8.1028650e+02   0.000000e+00   2.428330e+08   1687s
  163652    8.1003046e+02   0.000000e+00   7.960943e+07   1692s
  163892    8.0978098e+02   0.000000e+00   8.486223e+07   1697s
  164042    8.0957617e+02   0.000000e+00   7.899606e+07   1701s
  164207    8.0937214e+02   0.000000e+00   1.047921e+08   1705s
  164497    8.0897537e+02   0.000000e+00   1.068151e+07   1712s
  164662    8.0877073e+02   0.000000e+00   1.053178e+08   1716s
  164932    8.0839393e+02   0.000000e+00   2.106045e+08   1722s
  165097    8.0824690e+02   0.000000e+00   1.207793e+07   1726s
  165462    8.0787150e+02   0.000000e+00   1.290525e+07   1734s
  165592    8.0774322e+02   0.000000e+00   6.717322e+06   1737s
  165842    8.0747934e+02   0.000000e+00   1.582778e+08   1742s
  166042    8.0721205e+02   0.000000e+00   1.799418e+07   1747s
  166182    8.0705212e+02   0.000000e+00   4.180844e+07   1750s
  166422    8.0676112e+02   0.000000e+00   9.526817e+06   1756s
  166692    8.0646976e+02   0.000000e+00   1.196359e+07   1763s
  166822    8.0634668e+02   0.000000e+00   4.455472e+06   1766s
  167032    8.0615207e+02   0.000000e+00   8.442502e+07   1771s
  167272    8.0591560e+02   0.000000e+00   1.206412e+08   1777s
  167547    8.0576327e+02   0.000000e+00   3.703290e+08   1783s
  167667    8.0568861e+02   0.000000e+00   6.688532e+07   1786s
  167917    8.0549577e+02   0.000000e+00   5.363172e+07   1791s
  168177    8.0526408e+02   0.000000e+00   6.483285e+06   1798s
  168342    8.0516211e+02   0.000000e+00   7.674345e+07   1801s
  168642    8.0494504e+02   0.000000e+00   1.156664e+07   1808s
  168752    8.0484896e+02   0.000000e+00   4.193142e+06   1811s
  168952    8.0469870e+02   0.000000e+00   4.962464e+07   1816s
  169182    8.0456087e+02   0.000000e+00   1.057586e+08   1821s
  169382    8.0440210e+02   0.000000e+00   7.976585e+06   1826s
  169547    8.0425487e+02   0.000000e+00   7.199603e+06   1830s
  169807    8.0404489e+02   0.000000e+00   2.490297e+08   1836s
  170092    8.0378501e+02   0.000000e+00   1.779004e+07   1843s
  170347    8.0350861e+02   0.000000e+00   2.062225e+07   1849s
  170512    8.0338125e+02   0.000000e+00   1.740507e+07   1853s
  170677    8.0322892e+02   0.000000e+00   7.218457e+07   1856s
  171007    8.0295849e+02   0.000000e+00   3.904652e+07   1863s
  171147    8.0283429e+02   0.000000e+00   8.039178e+07   1866s
  171312    8.0270886e+02   0.000000e+00   6.080176e+07   1870s
  171707    8.0234269e+02   0.000000e+00   7.231227e+07   1880s
  171872    8.0218200e+02   0.000000e+00   8.919521e+06   1884s
  172032    8.0205215e+02   0.000000e+00   4.976677e+07   1888s
  172132    8.0195185e+02   0.000000e+00   6.270593e+06   1890s
  172372    8.0169001e+02   0.000000e+00   2.899248e+08   1896s
  172627    8.0148197e+02   0.000000e+00   3.217061e+07   1902s
  172982    8.0109741e+02   0.000000e+00   1.681873e+07   1911s
  173267    8.0074142e+02   0.000000e+00   2.226374e+07   1918s
  173387    8.0062626e+02   0.000000e+00   6.640948e+07   1921s
  173702    8.0036495e+02   0.000000e+00   7.528716e+07   1928s
  173867    8.0026310e+02   0.000000e+00   2.156306e+07   1932s
  173997    8.0016849e+02   0.000000e+00   1.719585e+08   1936s
  174322    7.9991634e+02   0.000000e+00   6.882237e+07   1944s
  174442    7.9984724e+02   0.000000e+00   2.028739e+06   1947s
  174697    7.9977166e+02   0.000000e+00   4.319632e+06   1952s
  174862    7.9970863e+02   0.000000e+00   7.709889e+07   1956s
  175027    7.9962679e+02   0.000000e+00   2.858591e+07   1960s
  175357    7.9949100e+02   0.000000e+00   1.723211e+07   1967s
  175522    7.9942979e+02   0.000000e+00   6.105613e+06   1971s
  175687    7.9938904e+02   0.000000e+00   2.589451e+07   1975s
  176017    7.9924496e+02   0.000000e+00   6.583414e+06   1982s
  176182    7.9917286e+02   0.000000e+00   1.395036e+07   1986s
  176347    7.9909688e+02   0.000000e+00   6.256759e+06   1990s
  176677    7.9891913e+02   0.000000e+00   6.563385e+07   1998s
  176842    7.9880313e+02   0.000000e+00   1.280252e+09   2001s
  177117    7.9868323e+02   0.000000e+00   7.770289e+07   2008s
  177282    7.9859714e+02   0.000000e+00   8.074162e+08   2012s
  177447    7.9853058e+02   0.000000e+00   1.582109e+07   2015s
  177777    7.9835870e+02   0.000000e+00   9.131181e+07   2023s
  177927    7.9829555e+02   0.000000e+00   2.483111e+07   2026s
  178092    7.9821168e+02   0.000000e+00   1.180733e+08   2030s
  178422    7.9804621e+02   0.000000e+00   2.043811e+08   2038s
  178587    7.9795917e+02   0.000000e+00   5.086721e+08   2042s
  178752    7.9788961e+02   0.000000e+00   3.072461e+08   2045s
  179082    7.9775359e+02   0.000000e+00   5.835978e+07   2052s
  179247    7.9767925e+02   0.000000e+00   4.489325e+06   2056s
  179577    7.9748290e+02   0.000000e+00   3.119158e+08   2064s
  179742    7.9740513e+02   0.000000e+00   3.942622e+06   2068s
  179907    7.9731756e+02   0.000000e+00   8.492371e+06   2072s
  180072    7.9724331e+02   0.000000e+00   9.183744e+06   2076s
  180402    7.9715212e+02   0.000000e+00   5.185103e+06   2083s
  180567    7.9710629e+02   0.000000e+00   7.586691e+06   2087s
  180732    7.9705575e+02   0.000000e+00   3.270964e+07   2091s
  181062    7.9693677e+02   0.000000e+00   3.398958e+07   2098s
  181227    7.9686920e+02   0.000000e+00   7.305923e+06   2102s
  181392    7.9679453e+02   0.000000e+00   1.858173e+07   2106s
  181722    7.9667870e+02   0.000000e+00   8.331127e+06   2113s
  181887    7.9662249e+02   0.000000e+00   1.127912e+08   2116s
  182217    7.9647388e+02   0.000000e+00   2.732362e+06   2124s
  182382    7.9638819e+02   0.000000e+00   3.663699e+06   2127s
  182547    7.9630848e+02   0.000000e+00   2.758325e+06   2131s
  182877    7.9615723e+02   0.000000e+00   4.787181e+07   2139s
  183042    7.9608103e+02   0.000000e+00   1.804764e+07   2143s
  183207    7.9600560e+02   0.000000e+00   1.458290e+07   2146s
  183372    7.9594154e+02   0.000000e+00   5.737159e+06   2151s
  183702    7.9576995e+02   0.000000e+00   4.608703e+07   2158s
  183867    7.9570776e+02   0.000000e+00   6.974411e+06   2162s
  184197    7.9554652e+02   0.000000e+00   4.024572e+08   2168s
  184362    7.9547737e+02   0.000000e+00   3.098843e+08   2172s
  184527    7.9538968e+02   0.000000e+00   1.717905e+08   2175s
  184857    7.9521190e+02   0.000000e+00   7.628321e+06   2183s
  185022    7.9513408e+02   0.000000e+00   8.986469e+07   2186s
  185352    7.9496325e+02   0.000000e+00   2.074994e+06   2193s
  185517    7.9486773e+02   0.000000e+00   1.591654e+07   2197s
  185682    7.9474010e+02   0.000000e+00   8.202774e+07   2201s
  186012    7.9457669e+02   0.000000e+00   2.855023e+07   2208s
  186177    7.9447866e+02   0.000000e+00   2.998370e+07   2212s
  186342    7.9437470e+02   0.000000e+00   1.550813e+06   2216s
  186672    7.9422106e+02   0.000000e+00   2.672415e+08   2223s
  186837    7.9416193e+02   0.000000e+00   3.570498e+06   2227s
  187002    7.9409391e+02   0.000000e+00   2.962579e+07   2231s
  187332    7.9396329e+02   0.000000e+00   2.352413e+07   2238s
  187497    7.9386305e+02   0.000000e+00   5.185653e+07   2241s
  187827    7.9367971e+02   0.000000e+00   6.513627e+07   2249s
  187992    7.9359912e+02   0.000000e+00   3.493144e+07   2253s
  188157    7.9354420e+02   0.000000e+00   1.500946e+08   2256s
  188322    7.9347970e+02   0.000000e+00   3.614772e+07   2260s
  188652    7.9336347e+02   0.000000e+00   8.465437e+06   2268s
  188817    7.9328166e+02   0.000000e+00   1.014107e+07   2271s
  189147    7.9312235e+02   0.000000e+00   9.811554e+06   2278s
  189312    7.9303804e+02   0.000000e+00   4.512204e+07   2282s
  189477    7.9295083e+02   0.000000e+00   7.240119e+06   2286s
  189807    7.9279295e+02   0.000000e+00   2.570830e+06   2293s
  189972    7.9271683e+02   0.000000e+00   1.110936e+08   2297s
  190137    7.9265294e+02   0.000000e+00   8.133104e+06   2301s
  190467    7.9254232e+02   0.000000e+00   2.269085e+07   2308s
  190632    7.9248185e+02   0.000000e+00   6.172410e+06   2312s
  190797    7.9243399e+02   0.000000e+00   1.797793e+07   2316s
  191127    7.9233290e+02   0.000000e+00   7.581032e+06   2323s
  191292    7.9227172e+02   0.000000e+00   3.055779e+07   2326s
  191622    7.9217900e+02   0.000000e+00   1.030701e+07   2333s
  191787    7.9212686e+02   0.000000e+00   2.219757e+06   2337s
  191952    7.9206806e+02   0.000000e+00   2.050054e+06   2341s
  192282    7.9195606e+02   0.000000e+00   5.695052e+06   2349s
  192447    7.9189142e+02   0.000000e+00   5.699823e+07   2353s
  192612    7.9184099e+02   0.000000e+00   2.725578e+07   2357s
  192777    7.9180348e+02   0.000000e+00   4.016691e+07   2361s
  193107    7.9170369e+02   0.000000e+00   2.430247e+06   2368s
  193272    7.9165394e+02   0.000000e+00   2.150456e+07   2372s
  193437    7.9155950e+02   0.000000e+00   3.153845e+06   2376s
  193767    7.9141345e+02   0.000000e+00   2.741924e+06   2383s
  193932    7.9132832e+02   0.000000e+00   1.716163e+08   2387s
  194097    7.9125037e+02   0.000000e+00   8.368326e+06   2390s
  194427    7.9111271e+02   0.000000e+00   1.463178e+07   2398s
  194592    7.9106722e+02   0.000000e+00   6.274833e+06   2402s
  194757    7.9101062e+02   0.000000e+00   1.469389e+08   2406s
  194922    7.9092823e+02   0.000000e+00   3.790789e+07   2410s
  195252    7.9081129e+02   0.000000e+00   1.255688e+07   2418s
  195417    7.9075908e+02   0.000000e+00   1.824110e+07   2421s
  195582    7.9069781e+02   0.000000e+00   8.299104e+07   2425s
  195912    7.9058313e+02   0.000000e+00   1.011878e+07   2433s
  196077    7.9052414e+02   0.000000e+00   1.995636e+07   2437s
  196242    7.9046300e+02   0.000000e+00   1.237389e+07   2441s
  196572    7.9037588e+02   0.000000e+00   4.322098e+06   2448s
  196737    7.9031721e+02   0.000000e+00   5.539659e+06   2452s
  196902    7.9024698e+02   0.000000e+00   2.544000e+06   2456s
  197232    7.9012524e+02   0.000000e+00   4.166353e+07   2464s
  197397    7.9006739e+02   0.000000e+00   1.124470e+08   2467s
  197517    7.9001542e+02   0.000000e+00   9.231664e+07   2470s
  197847    7.8992115e+02   0.000000e+00   2.315900e+07   2477s
  198012    7.8985445e+02   0.000000e+00   3.360085e+07   2481s
  198342    7.8975456e+02   0.000000e+00   4.769431e+07   2489s
  198507    7.8969558e+02   0.000000e+00   3.186300e+07   2493s
  198672    7.8964254e+02   0.000000e+00   3.350125e+07   2497s
  198837    7.8958179e+02   0.000000e+00   9.902822e+06   2501s
  199167    7.8949503e+02   0.000000e+00   1.582158e+06   2508s
  199332    7.8943028e+02   0.000000e+00   1.147054e+07   2512s
  199497    7.8938192e+02   0.000000e+00   1.561433e+07   2516s
  199827    7.8929247e+02   0.000000e+00   2.203968e+08   2523s
  199992    7.8923130e+02   0.000000e+00   3.544088e+07   2526s
  200157    7.8918158e+02   0.000000e+00   2.257152e+06   2530s
  200487    7.8911337e+02   0.000000e+00   4.503872e+07   2538s
  200652    7.8906964e+02   0.000000e+00   8.765352e+07   2542s
  200817    7.8903613e+02   0.000000e+00   1.016111e+07   2546s
  201147    7.8894793e+02   0.000000e+00   1.196569e+07   2554s
  201312    7.8891068e+02   0.000000e+00   6.503084e+07   2558s
  201477    7.8888072e+02   0.000000e+00   8.156015e+07   2562s
  201642    7.8884293e+02   0.000000e+00   8.814572e+06   2565s
  201972    7.8877032e+02   0.000000e+00   2.285646e+07   2572s
  202137    7.8872679e+02   0.000000e+00   1.783627e+07   2576s
  202467    7.8864001e+02   0.000000e+00   4.319583e+07   2583s
  202632    7.8857794e+02   0.000000e+00   4.027980e+06   2587s
  202797    7.8853337e+02   0.000000e+00   1.095635e+07   2591s
  203127    7.8841146e+02   0.000000e+00   5.643355e+06   2599s
  203292    7.8837490e+02   0.000000e+00   5.678028e+07   2603s
  203457    7.8834430e+02   0.000000e+00   3.211360e+06   2607s
  203622    7.8830957e+02   0.000000e+00   8.927919e+06   2611s
  203952    7.8822976e+02   0.000000e+00   1.773807e+07   2618s
  204117    7.8817852e+02   0.000000e+00   4.958199e+06   2622s
  204282    7.8813709e+02   0.000000e+00   4.816434e+06   2626s
  204612    7.8805119e+02   0.000000e+00   3.868641e+07   2633s
  204777    7.8800898e+02   0.000000e+00   5.132067e+06   2636s
  204942    7.8796411e+02   0.000000e+00   7.870511e+06   2640s
  205272    7.8786619e+02   0.000000e+00   2.357141e+08   2648s
  205437    7.8782320e+02   0.000000e+00   2.995910e+07   2651s
  205602    7.8779600e+02   0.000000e+00   3.067459e+07   2655s
  205932    7.8774428e+02   0.000000e+00   1.768741e+06   2663s
  206097    7.8771906e+02   0.000000e+00   2.154395e+07   2667s
  206262    7.8769058e+02   0.000000e+00   6.599580e+06   2671s
  206592    7.8761365e+02   0.000000e+00   8.043041e+06   2678s
  206757    7.8757128e+02   0.000000e+00   2.993982e+07   2681s
  206922    7.8754378e+02   0.000000e+00   5.760695e+06   2686s
  207252    7.8747683e+02   0.000000e+00   3.198357e+07   2693s
  207417    7.8742894e+02   0.000000e+00   6.912911e+06   2697s
  207582    7.8737001e+02   0.000000e+00   2.231770e+06   2701s
  207912    7.8729454e+02   0.000000e+00   1.659009e+07   2708s
  208077    7.8726129e+02   0.000000e+00   4.306076e+06   2712s
  208242    7.8722719e+02   0.000000e+00   4.508050e+06   2715s
  208572    7.8717093e+02   0.000000e+00   9.726637e+06   2723s
  208737    7.8713327e+02   0.000000e+00   4.134499e+06   2726s
  208902    7.8709104e+02   0.000000e+00   3.643698e+06   2730s
  209232    7.8701856e+02   0.000000e+00   2.509468e+07   2738s
  209397    7.8697510e+02   0.000000e+00   8.171034e+06   2742s
  209562    7.8692627e+02   0.000000e+00   1.286916e+07   2746s
  209892    7.8681607e+02   0.000000e+00   4.480573e+06   2754s
  210057    7.8676721e+02   0.000000e+00   8.508982e+06   2757s
  210222    7.8672513e+02   0.000000e+00   3.884388e+06   2761s
  210552    7.8663171e+02   0.000000e+00   3.047584e+06   2769s
  210717    7.8659752e+02   0.000000e+00   1.120767e+07   2773s
  210882    7.8656566e+02   0.000000e+00   1.582274e+07   2776s
  211212    7.8646559e+02   0.000000e+00   3.216351e+08   2784s
  211377    7.8644046e+02   0.000000e+00   8.035692e+06   2787s
  211542    7.8640152e+02   0.000000e+00   1.085342e+08   2791s
  211707    7.8635135e+02   0.000000e+00   5.352952e+06   2795s
  212037    7.8624540e+02   0.000000e+00   3.537415e+06   2803s
  212202    7.8619529e+02   0.000000e+00   2.026722e+07   2807s
  212367    7.8613629e+02   0.000000e+00   1.328450e+08   2810s
  212697    7.8605586e+02   0.000000e+00   3.754144e+06   2818s
  212862    7.8601193e+02   0.000000e+00   6.707492e+06   2821s
  213027    7.8596640e+02   0.000000e+00   7.337287e+05   2825s
  213357    7.8592614e+02   0.000000e+00   4.575698e+06   2832s
  213522    7.8590080e+02   0.000000e+00   1.087723e+07   2836s
  213687    7.8587250e+02   0.000000e+00   5.467975e+06   2840s
  214017    7.8581589e+02   0.000000e+00   3.374990e+06   2848s
  214182    7.8579228e+02   0.000000e+00   7.243487e+07   2851s
  214512    7.8573240e+02   0.000000e+00   5.734922e+05   2858s
  214677    7.8569648e+02   0.000000e+00   3.672401e+06   2863s
  214842    7.8566972e+02   0.000000e+00   3.201157e+06   2867s
  215007    7.8564377e+02   0.000000e+00   4.142945e+06   2870s
  215337    7.8560752e+02   0.000000e+00   4.573123e+06   2878s
  215502    7.8558704e+02   0.000000e+00   9.703840e+06   2881s
  215667    7.8556768e+02   0.000000e+00   3.471868e+06   2885s
  215997    7.8551897e+02   0.000000e+00   5.609205e+06   2893s
  216162    7.8549117e+02   0.000000e+00   2.730982e+06   2897s
  216327    7.8545746e+02   0.000000e+00   1.323876e+07   2900s
  216657    7.8538869e+02   0.000000e+00   1.023967e+07   2908s
  216822    7.8535667e+02   0.000000e+00   2.925414e+06   2911s
  216987    7.8531569e+02   0.000000e+00   6.221917e+06   2915s
  217317    7.8522604e+02   0.000000e+00   2.100763e+06   2922s
  217482    7.8517610e+02   0.000000e+00   7.152964e+06   2926s
  217812    7.8509205e+02   0.000000e+00   3.462473e+06   2934s
  217977    7.8505265e+02   0.000000e+00   1.191237e+06   2938s
  218142    7.8501737e+02   0.000000e+00   5.133411e+06   2941s
  218307    7.8498534e+02   0.000000e+00   2.451335e+06   2945s
  218637    7.8491562e+02   0.000000e+00   5.837424e+06   2953s
  218802    7.8488397e+02   0.000000e+00   4.734896e+06   2957s
  218967    7.8484486e+02   0.000000e+00   2.671944e+07   2960s
  219297    7.8476295e+02   0.000000e+00   9.693999e+07   2968s
  219462    7.8473066e+02   0.000000e+00   2.694817e+07   2972s
  219627    7.8469669e+02   0.000000e+00   7.296578e+07   2975s
  219957    7.8464325e+02   0.000000e+00   3.884402e+06   2983s
  220122    7.8461572e+02   0.000000e+00   8.541294e+06   2987s
  220287    7.8458540e+02   0.000000e+00   1.984844e+06   2991s
  220617    7.8451716e+02   0.000000e+00   2.354833e+07   2998s
  220782    7.8448093e+02   0.000000e+00   1.196265e+07   3002s
  220947    7.8444627e+02   0.000000e+00   2.705971e+07   3006s
  221277    7.8439132e+02   0.000000e+00   1.427557e+07   3013s
  221442    7.8436168e+02   0.000000e+00   4.413816e+06   3017s
  221772    7.8430621e+02   0.000000e+00   4.624562e+07   3024s
  221937    7.8427499e+02   0.000000e+00   1.620471e+07   3027s
  222102    7.8424967e+02   0.000000e+00   1.708249e+07   3031s
  222432    7.8418700e+02   0.000000e+00   1.256347e+07   3038s
  222597    7.8416263e+02   0.000000e+00   3.133113e+07   3041s
  222927    7.8410034e+02   0.000000e+00   2.384610e+07   3049s
  223092    7.8406996e+02   0.000000e+00   5.987592e+06   3053s
  223257    7.8403718e+02   0.000000e+00   7.618241e+05   3056s
  223587    7.8397417e+02   0.000000e+00   1.113016e+07   3063s
  223752    7.8394502e+02   0.000000e+00   2.065842e+07   3067s
  223917    7.8390966e+02   0.000000e+00   8.458877e+06   3070s
  224247    7.8384100e+02   0.000000e+00   3.353296e+07   3078s
  224412    7.8380679e+02   0.000000e+00   4.149351e+06   3082s
  224577    7.8378352e+02   0.000000e+00   5.764472e+06   3085s
  224907    7.8372189e+02   0.000000e+00   2.855422e+07   3093s
  225072    7.8369995e+02   0.000000e+00   5.456713e+06   3097s
  225237    7.8368015e+02   0.000000e+00   1.619906e+07   3100s
  225567    7.8361724e+02   0.000000e+00   2.322125e+06   3108s
  225732    7.8358740e+02   0.000000e+00   2.401848e+07   3111s
  226062    7.8351830e+02   0.000000e+00   1.247142e+06   3118s
  226227    7.8348856e+02   0.000000e+00   1.019379e+06   3122s
  226392    7.8346437e+02   0.000000e+00   4.865788e+06   3125s
  226722    7.8340131e+02   0.000000e+00   1.463842e+07   3132s
  226887    7.8336178e+02   0.000000e+00   1.468803e+08   3136s
  227217    7.8330439e+02   0.000000e+00   1.003732e+07   3144s
  227382    7.8326834e+02   0.000000e+00   4.200234e+06   3148s
  227547    7.8324469e+02   0.000000e+00   3.769681e+06   3151s
  227712    7.8321224e+02   0.000000e+00   1.612996e+07   3156s
  228042    7.8316279e+02   0.000000e+00   4.190536e+06   3164s
  228207    7.8314048e+02   0.000000e+00   8.969310e+06   3168s
  228372    7.8311266e+02   0.000000e+00   1.010800e+07   3171s
  228537    7.8308942e+02   0.000000e+00   5.330618e+06   3175s
  228867    7.8302474e+02   0.000000e+00   2.036058e+07   3183s
  229032    7.8299738e+02   0.000000e+00   3.165065e+06   3187s
  229197    7.8297298e+02   0.000000e+00   1.227765e+07   3191s
  229527    7.8292165e+02   0.000000e+00   2.649514e+06   3198s
  229692    7.8289771e+02   0.000000e+00   3.191808e+06   3202s
  229857    7.8287448e+02   0.000000e+00   3.186330e+06   3206s
  230187    7.8283780e+02   0.000000e+00   7.463130e+06   3213s
  230352    7.8281843e+02   0.000000e+00   3.475873e+06   3217s
  230517    7.8279782e+02   0.000000e+00   4.170288e+06   3221s
  230847    7.8274849e+02   0.000000e+00   2.222722e+07   3229s
  231012    7.8272740e+02   0.000000e+00   1.795341e+06   3232s
  231177    7.8270214e+02   0.000000e+00   4.258241e+06   3236s
  231507    7.8266329e+02   0.000000e+00   2.685317e+07   3243s
  231672    7.8264306e+02   0.000000e+00   4.103110e+07   3246s
  231837    7.8262886e+02   0.000000e+00   1.207896e+07   3250s
  232167    7.8258577e+02   0.000000e+00   2.455560e+06   3258s
  232332    7.8256127e+02   0.000000e+00   4.362952e+06   3262s
  232497    7.8254164e+02   0.000000e+00   1.419603e+06   3265s
  232827    7.8249656e+02   0.000000e+00   8.439456e+06   3272s
  232992    7.8247022e+02   0.000000e+00   5.804057e+06   3276s
  233322    7.8242778e+02   0.000000e+00   3.058120e+06   3284s
  233487    7.8240156e+02   0.000000e+00   2.156781e+07   3287s
  233652    7.8237365e+02   0.000000e+00   3.464717e+07   3291s
  233982    7.8232419e+02   0.000000e+00   4.990119e+06   3298s
  234147    7.8230336e+02   0.000000e+00   3.240041e+06   3302s
  234312    7.8228562e+02   0.000000e+00   2.116240e+06   3305s
  234642    7.8224171e+02   0.000000e+00   2.793059e+06   3312s
  234807    7.8222386e+02   0.000000e+00   8.683753e+06   3316s
  234972    7.8220902e+02   0.000000e+00   2.953132e+06   3320s
  235302    7.8217452e+02   0.000000e+00   6.444271e+06   3328s
  235467    7.8215273e+02   0.000000e+00   5.970488e+05   3332s
  235632    7.8213134e+02   0.000000e+00   4.206891e+07   3336s
  235962    7.8208808e+02   0.000000e+00   4.262628e+07   3344s
  236127    7.8206303e+02   0.000000e+00   2.116758e+06   3348s
  236292    7.8204278e+02   0.000000e+00   7.647605e+06   3351s
  236457    7.8201919e+02   0.000000e+00   4.119020e+06   3355s
  236787    7.8197402e+02   0.000000e+00   3.135198e+06   3363s
  236952    7.8194191e+02   0.000000e+00   5.901601e+06   3367s
  237117    7.8191972e+02   0.000000e+00   1.574100e+07   3371s
  237447    7.8188122e+02   0.000000e+00   4.387022e+06   3379s
  237612    7.8186296e+02   0.000000e+00   4.541041e+07   3383s
  237777    7.8184310e+02   0.000000e+00   1.083209e+07   3386s
  238107    7.8178365e+02   0.000000e+00   2.082094e+07   3393s
  238272    7.8175476e+02   0.000000e+00   4.283094e+06   3397s
  238437    7.8172955e+02   0.000000e+00   6.018715e+07   3401s
  238767    7.8169453e+02   0.000000e+00   3.767017e+06   3409s
  238932    7.8167175e+02   0.000000e+00   1.920875e+07   3413s
  239097    7.8165242e+02   0.000000e+00   3.131509e+06   3417s
  239262    7.8163232e+02   0.000000e+00   1.422366e+07   3420s
  239592    7.8158990e+02   0.000000e+00   3.153485e+07   3429s
  239757    7.8156779e+02   0.000000e+00   1.201796e+07   3433s
  239922    7.8155166e+02   0.000000e+00   5.652269e+06   3436s
  240252    7.8151773e+02   0.000000e+00   3.764499e+06   3443s
  240417    7.8150532e+02   0.000000e+00   1.929132e+06   3447s
  240582    7.8149069e+02   0.000000e+00   1.978454e+06   3451s
  240912    7.8146153e+02   0.000000e+00   6.000987e+06   3458s
  241077    7.8144993e+02   0.000000e+00   2.838094e+06   3461s
  241242    7.8143586e+02   0.000000e+00   9.242287e+05   3465s
  241572    7.8140498e+02   0.000000e+00   1.189342e+07   3473s
  241737    7.8138857e+02   0.000000e+00   6.613687e+06   3477s
  242067    7.8135069e+02   0.000000e+00   2.062967e+07   3484s
  242232    7.8133482e+02   0.000000e+00   1.601956e+07   3487s
  242397    7.8131769e+02   0.000000e+00   7.822526e+05   3491s
  242727    7.8127968e+02   0.000000e+00   2.522460e+07   3498s
  242892    7.8125832e+02   0.000000e+00   3.467273e+06   3501s
  243057    7.8123474e+02   0.000000e+00   2.494462e+06   3505s
  243387    7.8121127e+02   0.000000e+00   1.607259e+06   3512s
  243552    7.8119960e+02   0.000000e+00   1.581616e+06   3516s
  243882    7.8116809e+02   0.000000e+00   5.086837e+07   3524s
  244047    7.8115177e+02   0.000000e+00   6.213494e+07   3527s
  244212    7.8113132e+02   0.000000e+00   2.183471e+06   3531s
  244377    7.8111122e+02   0.000000e+00   2.281815e+06   3535s
  244707    7.8108004e+02   0.000000e+00   2.477916e+06   3543s
  244872    7.8106268e+02   0.000000e+00   4.825893e+07   3546s
  245037    7.8104853e+02   0.000000e+00   9.555326e+05   3550s
  245367    7.8102413e+02   0.000000e+00   1.229162e+08   3558s
  245532    7.8101070e+02   0.000000e+00   1.698916e+06   3562s
  245697    7.8099418e+02   0.000000e+00   3.187979e+06   3565s
  246027    7.8095808e+02   0.000000e+00   9.080340e+06   3572s
  246192    7.8093976e+02   0.000000e+00   6.576663e+06   3576s
  246522    7.8090738e+02   0.000000e+00   1.967961e+06   3583s
  246687    7.8089275e+02   0.000000e+00   1.777058e+06   3587s
  246852    7.8087818e+02   0.000000e+00   9.633735e+05   3590s
  247182    7.8085384e+02   0.000000e+00   1.942506e+06   3598s
  247347    7.8084028e+02   0.000000e+00   1.682754e+06   3602s
  247512    7.8082501e+02   0.000000e+00   6.377107e+06   3605s
  247842    7.8079133e+02   0.000000e+00   3.660567e+06   3612s
  248007    7.8077182e+02   0.000000e+00   1.060886e+07   3616s
  248337    7.8073803e+02   0.000000e+00   8.651570e+06   3623s
  248502    7.8072117e+02   0.000000e+00   2.475854e+06   3627s
  248667    7.8070368e+02   0.000000e+00   1.453720e+06   3631s
  248997    7.8066934e+02   0.000000e+00   2.822510e+06   3638s
  249162    7.8065591e+02   0.000000e+00   2.350320e+06   3642s
  249327    7.8064211e+02   0.000000e+00   6.198078e+06   3646s
  249657    7.8060879e+02   0.000000e+00   1.960234e+07   3654s
  249822    7.8059514e+02   0.000000e+00   3.368855e+06   3658s
  249987    7.8057920e+02   0.000000e+00   2.600605e+06   3661s
  250152    7.8056033e+02   0.000000e+00   2.709665e+06   3665s
  250482    7.8052886e+02   0.000000e+00   5.440150e+06   3673s
  250647    7.8051482e+02   0.000000e+00   1.842256e+06   3677s
  250812    7.8050196e+02   0.000000e+00   5.805664e+06   3680s
  251142    7.8047516e+02   0.000000e+00   1.899733e+06   3688s
  251307    7.8045948e+02   0.000000e+00   6.014482e+06   3692s
  251472    7.8044484e+02   0.000000e+00   2.563281e+07   3696s
  251802    7.8042166e+02   0.000000e+00   1.330874e+06   3703s
  251967    7.8040652e+02   0.000000e+00   1.043997e+06   3707s
  252132    7.8039239e+02   0.000000e+00   4.549720e+06   3711s
  252462    7.8036627e+02   0.000000e+00   3.028621e+06   3719s
  252627    7.8035229e+02   0.000000e+00   1.011318e+07   3723s
  252792    7.8034043e+02   0.000000e+00   5.520128e+06   3727s
  252957    7.8032929e+02   0.000000e+00   2.773936e+05   3731s
  253287    7.8030118e+02   0.000000e+00   3.291934e+06   3738s
  253452    7.8028384e+02   0.000000e+00   1.583176e+06   3742s
  253617    7.8026663e+02   0.000000e+00   5.669894e+06   3746s
  253782    7.8025084e+02   0.000000e+00   2.204499e+06   3750s
  254112    7.8022552e+02   0.000000e+00   2.432043e+06   3758s
  254277    7.8020996e+02   0.000000e+00   1.495393e+07   3761s
  254442    7.8019599e+02   0.000000e+00   3.518751e+06   3765s
  254772    7.8016761e+02   0.000000e+00   2.814254e+06   3773s
  254937    7.8015149e+02   0.000000e+00   2.144268e+06   3776s
  255267    7.8012599e+02   0.000000e+00   5.005374e+06   3784s
  255432    7.8011040e+02   0.000000e+00   1.758818e+06   3788s
  255597    7.8009459e+02   0.000000e+00   1.691816e+06   3791s
  255762    7.8007985e+02   0.000000e+00   4.010473e+06   3795s
  256092    7.8004374e+02   0.000000e+00   3.046899e+06   3802s
  256257    7.8002698e+02   0.000000e+00   2.088535e+06   3806s
  256587    7.7999661e+02   0.000000e+00   1.235959e+07   3813s
  256752    7.7998417e+02   0.000000e+00   7.616128e+06   3817s
  256917    7.7997229e+02   0.000000e+00   1.985116e+06   3821s
  257247    7.7994312e+02   0.000000e+00   1.032047e+06   3828s
  257412    7.7992920e+02   0.000000e+00   1.084543e+07   3831s
  257742    7.7989809e+02   0.000000e+00   1.634274e+06   3838s
  257907    7.7988487e+02   0.000000e+00   1.875899e+06   3841s
  258237    7.7985095e+02   0.000000e+00   1.292417e+06   3848s
  258402    7.7983744e+02   0.000000e+00   1.064677e+07   3852s
  258567    7.7981981e+02   0.000000e+00   1.734571e+07   3855s
  258897    7.7979083e+02   0.000000e+00   7.409833e+05   3862s
  259062    7.7977610e+02   0.000000e+00   3.180581e+06   3865s
  259392    7.7973869e+02   0.000000e+00   2.172928e+06   3873s
  259557    7.7972348e+02   0.000000e+00   7.456908e+05   3877s
  259722    7.7970701e+02   0.000000e+00   2.029434e+06   3880s
  260052    7.7966791e+02   0.000000e+00   8.707675e+06   3888s
  260217    7.7965315e+02   0.000000e+00   1.524102e+06   3892s
  260382    7.7964096e+02   0.000000e+00   1.587242e+07   3895s
  260712    7.7961614e+02   0.000000e+00   2.142320e+08   3903s
  260877    7.7960496e+02   0.000000e+00   6.351815e+06   3907s
  261042    7.7958921e+02   0.000000e+00   1.989573e+06   3910s
  261372    7.7956681e+02   0.000000e+00   4.838522e+05   3918s
  261537    7.7955896e+02   0.000000e+00   8.442611e+05   3921s
  261702    7.7955094e+02   0.000000e+00   4.483187e+06   3925s
  262032    7.7952709e+02   0.000000e+00   1.861915e+06   3932s
  262197    7.7951641e+02   0.000000e+00   1.747934e+06   3936s
  262527    7.7949289e+02   0.000000e+00   3.408665e+06   3943s
  262692    7.7947846e+02   0.000000e+00   5.224849e+06   3947s
  262857    7.7947025e+02   0.000000e+00   2.709819e+06   3950s
  263187    7.7944915e+02   0.000000e+00   5.353012e+05   3958s
  263352    7.7943755e+02   0.000000e+00   4.103080e+06   3961s
  263682    7.7941337e+02   0.000000e+00   1.948446e+06   3969s
  263847    7.7940408e+02   0.000000e+00   5.141783e+06   3973s
  264012    7.7939015e+02   0.000000e+00   1.896913e+06   3977s
  264177    7.7937509e+02   0.000000e+00   1.195291e+06   3980s
  264507    7.7935230e+02   0.000000e+00   8.690242e+05   3988s
  264672    7.7933924e+02   0.000000e+00   5.544313e+06   3991s
  265002    7.7932269e+02   0.000000e+00   6.437032e+05   3999s
  265167    7.7931120e+02   0.000000e+00   2.171731e+06   4002s
  265332    7.7929848e+02   0.000000e+00   7.203373e+06   4006s
  265662    7.7927412e+02   0.000000e+00   2.286175e+07   4013s
  265827    7.7926246e+02   0.000000e+00   1.730555e+06   4017s
  265992    7.7925085e+02   0.000000e+00   1.192577e+06   4021s
  266322    7.7922837e+02   0.000000e+00   8.161447e+06   4029s
  266487    7.7921822e+02   0.000000e+00   4.063584e+06   4033s
  266652    7.7921049e+02   0.000000e+00   8.935274e+05   4036s
  266982    7.7918982e+02   0.000000e+00   2.420534e+06   4043s
  267147    7.7917823e+02   0.000000e+00   3.122991e+06   4047s
  267312    7.7916738e+02   0.000000e+00   2.033483e+06   4050s
  267642    7.7914204e+02   0.000000e+00   1.363825e+06   4058s
  267807    7.7912528e+02   0.000000e+00   1.547809e+07   4061s
  268137    7.7910485e+02   0.000000e+00   3.079508e+06   4069s
  268302    7.7909265e+02   0.000000e+00   2.028629e+06   4072s
  268467    7.7908234e+02   0.000000e+00   3.815471e+06   4076s
  268797    7.7906144e+02   0.000000e+00   3.285395e+06   4083s
  268962    7.7905279e+02   0.000000e+00   3.812811e+06   4086s
  269292    7.7903555e+02   0.000000e+00   7.588720e+05   4093s
  269457    7.7902725e+02   0.000000e+00   4.735289e+06   4097s
  269622    7.7901845e+02   0.000000e+00   6.969278e+06   4100s
  269952    7.7899608e+02   0.000000e+00   1.445555e+06   4107s
  270117    7.7898310e+02   0.000000e+00   1.985641e+06   4111s
  270447    7.7896459e+02   0.000000e+00   5.987653e+05   4118s
  270612    7.7895955e+02   0.000000e+00   2.038460e+05   4122s
  270777    7.7895314e+02   0.000000e+00   3.312315e+05   4126s
  271107    7.7893680e+02   0.000000e+00   1.553983e+06   4132s
  271272    7.7892958e+02   0.000000e+00   1.274544e+08   4136s
  271602    7.7891735e+02   0.000000e+00   4.245449e+06   4144s
  271767    7.7891253e+02   0.000000e+00   2.305496e+06   4148s
  271932    7.7890570e+02   0.000000e+00   3.382734e+05   4152s
  272097    7.7889834e+02   0.000000e+00   3.408351e+06   4155s
  272427    7.7888348e+02   0.000000e+00   1.184566e+06   4162s
  272592    7.7887617e+02   0.000000e+00   7.774673e+05   4166s
  272922    7.7886261e+02   0.000000e+00   1.874879e+06   4174s
  273087    7.7885402e+02   0.000000e+00   1.168317e+06   4178s
  273252    7.7884607e+02   0.000000e+00   3.312514e+06   4181s
  273417    7.7883735e+02   0.000000e+00   3.581321e+06   4185s
  273747    7.7882448e+02   0.000000e+00   7.672745e+05   4193s
  273912    7.7881706e+02   0.000000e+00   1.899212e+07   4197s
  274077    7.7881087e+02   0.000000e+00   2.135745e+06   4200s
  274407    7.7879187e+02   0.000000e+00   1.079970e+06   4208s
  274572    7.7878392e+02   0.000000e+00   4.017466e+06   4211s
  274737    7.7877791e+02   0.000000e+00   3.815116e+05   4215s
  275067    7.7876649e+02   0.000000e+00   1.149184e+06   4223s
  275232    7.7876040e+02   0.000000e+00   4.492021e+06   4227s
  275397    7.7875487e+02   0.000000e+00   1.863705e+06   4231s
  275727    7.7874285e+02   0.000000e+00   2.186480e+06   4238s
  275892    7.7873670e+02   0.000000e+00   3.575586e+06   4241s
  276222    7.7872536e+02   0.000000e+00   4.123369e+06   4248s
  276387    7.7871889e+02   0.000000e+00   6.691831e+06   4253s
  276552    7.7871135e+02   0.000000e+00   6.905204e+05   4257s
  276717    7.7870316e+02   0.000000e+00   2.765868e+06   4261s
  277047    7.7868865e+02   0.000000e+00   3.270080e+06   4268s
  277212    7.7867993e+02   0.000000e+00   1.847725e+06   4272s
  277377    7.7866968e+02   0.000000e+00   7.630115e+05   4276s
  277542    7.7865998e+02   0.000000e+00   5.092566e+06   4280s
  277872    7.7863958e+02   0.000000e+00   4.131098e+06   4288s
  278037    7.7863118e+02   0.000000e+00   3.677864e+06   4292s
  278202    7.7862182e+02   0.000000e+00   2.695012e+06   4296s
  278532    7.7860515e+02   0.000000e+00   1.313915e+06   4303s
  278697    7.7859618e+02   0.000000e+00   2.627773e+06   4307s
  278862    7.7858565e+02   0.000000e+00   1.510108e+07   4311s
  279027    7.7857717e+02   0.000000e+00   3.011110e+06   4315s
  279357    7.7856101e+02   0.000000e+00   1.418430e+06   4323s
  279522    7.7855201e+02   0.000000e+00   1.511467e+06   4327s
  279687    7.7854381e+02   0.000000e+00   1.649717e+07   4331s
  279852    7.7853660e+02   0.000000e+00   1.272520e+06   4335s
  280182    7.7852014e+02   0.000000e+00   1.302789e+06   4343s
  280347    7.7851363e+02   0.000000e+00   1.626102e+07   4346s
  280512    7.7850651e+02   0.000000e+00   3.024451e+06   4350s
  280842    7.7849075e+02   0.000000e+00   6.481895e+06   4357s
  281007    7.7848450e+02   0.000000e+00   4.214120e+06   4361s
  281337    7.7847107e+02   0.000000e+00   4.192900e+06   4369s
  281502    7.7846426e+02   0.000000e+00   7.788544e+05   4373s
  281667    7.7845647e+02   0.000000e+00   8.070919e+05   4377s
  281832    7.7844909e+02   0.000000e+00   1.247740e+06   4380s
  282162    7.7842771e+02   0.000000e+00   9.838464e+06   4388s
  282327    7.7841814e+02   0.000000e+00   1.035054e+06   4392s
  282492    7.7840932e+02   0.000000e+00   3.550140e+06   4395s
  282822    7.7839253e+02   0.000000e+00   4.702516e+05   4403s
  282987    7.7838456e+02   0.000000e+00   3.140236e+06   4406s
  283317    7.7836648e+02   0.000000e+00   7.259993e+05   4414s
  283482    7.7835959e+02   0.000000e+00   5.281100e+05   4417s
  283647    7.7835126e+02   0.000000e+00   2.100134e+06   4421s
  283977    7.7833445e+02   0.000000e+00   2.455175e+06   4429s
  284142    7.7832540e+02   0.000000e+00   2.271894e+06   4433s
  284307    7.7831768e+02   0.000000e+00   7.310081e+06   4436s
  284637    7.7830071e+02   0.000000e+00   5.786733e+06   4444s
  284802    7.7829120e+02   0.000000e+00   4.204433e+06   4447s
  284967    7.7828163e+02   0.000000e+00   1.129490e+07   4451s
  285297    7.7826266e+02   0.000000e+00   8.688437e+05   4458s
  285462    7.7825338e+02   0.000000e+00   5.591196e+05   4462s
  285627    7.7824339e+02   0.000000e+00   3.289320e+06   4465s
  285957    7.7822854e+02   0.000000e+00   1.130990e+06   4473s
  286122    7.7822036e+02   0.000000e+00   2.989487e+05   4477s
  286287    7.7821441e+02   0.000000e+00   2.103882e+06   4481s
  286617    7.7819985e+02   0.000000e+00   2.635005e+06   4488s
  286782    7.7819364e+02   0.000000e+00   8.871995e+06   4492s
  286947    7.7818552e+02   0.000000e+00   8.010105e+06   4495s
  287277    7.7817324e+02   0.000000e+00   1.647326e+06   4503s
  287442    7.7816461e+02   0.000000e+00   2.516026e+06   4507s
  287607    7.7815858e+02   0.000000e+00   8.342137e+05   4510s
  287937    7.7813799e+02   0.000000e+00   4.515458e+06   4518s
  288102    7.7813123e+02   0.000000e+00   1.108021e+06   4521s
  288432    7.7811495e+02   0.000000e+00   1.342282e+06   4529s
  288597    7.7810685e+02   0.000000e+00   6.566834e+06   4532s
  288762    7.7809974e+02   0.000000e+00   1.211544e+07   4536s
  289092    7.7808406e+02   0.000000e+00   2.352944e+07   4543s
  289257    7.7807688e+02   0.000000e+00   6.175353e+06   4547s
  289422    7.7807231e+02   0.000000e+00   1.108497e+07   4550s
  289752    7.7805425e+02   0.000000e+00   1.220314e+07   4557s
  289917    7.7804618e+02   0.000000e+00   4.527964e+06   4561s
  290082    7.7803789e+02   0.000000e+00   3.503898e+05   4565s
  290412    7.7802346e+02   0.000000e+00   1.130707e+06   4572s
  290577    7.7801369e+02   0.000000e+00   6.705234e+05   4576s
  290907    7.7800137e+02   0.000000e+00   2.306189e+05   4583s
  291072    7.7799309e+02   0.000000e+00   1.304807e+06   4586s
  291402    7.7797524e+02   0.000000e+00   9.831041e+06   4594s
  291567    7.7796814e+02   0.000000e+00   4.320836e+06   4597s
  291732    7.7796081e+02   0.000000e+00   9.676854e+05   4601s
  291897    7.7795344e+02   0.000000e+00   4.479909e+06   4605s
  292227    7.7793835e+02   0.000000e+00   1.125878e+06   4612s
  292392    7.7793105e+02   0.000000e+00   4.116021e+06   4616s
  292722    7.7791832e+02   0.000000e+00   1.999101e+06   4623s
  292887    7.7791121e+02   0.000000e+00   4.188735e+05   4626s
  293217    7.7789388e+02   0.000000e+00   2.969965e+06   4634s
  293382    7.7788617e+02   0.000000e+00   2.381725e+06   4637s
  293547    7.7787899e+02   0.000000e+00   1.606990e+06   4641s
  293877    7.7786507e+02   0.000000e+00   1.491828e+06   4648s
  294042    7.7785895e+02   0.000000e+00   1.173081e+07   4652s
  294207    7.7785245e+02   0.000000e+00   1.356751e+06   4656s
  294537    7.7784160e+02   0.000000e+00   8.465784e+06   4664s
  294702    7.7783554e+02   0.000000e+00   3.190239e+07   4667s
  294867    7.7782996e+02   0.000000e+00   1.032458e+06   4671s
  295197    7.7782089e+02   0.000000e+00   5.598024e+06   4678s
  295362    7.7781527e+02   0.000000e+00   6.401727e+05   4682s
  295527    7.7780894e+02   0.000000e+00   1.036193e+07   4686s
  295857    7.7779824e+02   0.000000e+00   4.404314e+06   4694s
  296022    7.7779118e+02   0.000000e+00   3.451507e+05   4698s
  296187    7.7778358e+02   0.000000e+00   2.962444e+06   4702s
  296352    7.7777840e+02   0.000000e+00   5.945043e+06   4705s
  296682    7.7776894e+02   0.000000e+00   4.891337e+05   4713s
  296847    7.7776396e+02   0.000000e+00   1.578341e+07   4717s
  297012    7.7775655e+02   0.000000e+00   7.383991e+06   4720s
  297342    7.7774414e+02   0.000000e+00   5.138967e+06   4728s
  297507    7.7773893e+02   0.000000e+00   6.731743e+05   4731s
  297837    7.7772549e+02   0.000000e+00   1.140967e+06   4738s
  298002    7.7771736e+02   0.000000e+00   2.380005e+06   4742s
  298167    7.7771095e+02   0.000000e+00   2.839744e+06   4746s
  298497    7.7770014e+02   0.000000e+00   4.800370e+05   4754s
  298662    7.7769408e+02   0.000000e+00   1.566425e+06   4758s
  298827    7.7768663e+02   0.000000e+00   4.047616e+05   4762s
  298992    7.7768046e+02   0.000000e+00   4.895828e+06   4765s
  299322    7.7766741e+02   0.000000e+00   1.433121e+06   4773s
  299487    7.7766026e+02   0.000000e+00   1.974690e+06   4776s
  299817    7.7764746e+02   0.000000e+00   4.701767e+06   4783s
  299982    7.7764084e+02   0.000000e+00   4.864806e+05   4787s
  300147    7.7763552e+02   0.000000e+00   3.647678e+06   4790s
  300477    7.7761948e+02   0.000000e+00   2.800017e+06   4798s
  300642    7.7761315e+02   0.000000e+00   7.740252e+05   4803s
  300807    7.7760791e+02   0.000000e+00   6.627613e+06   4807s
  300972    7.7760234e+02   0.000000e+00   1.197703e+06   4810s
  301302    7.7759054e+02   0.000000e+00   8.666022e+05   4817s
  301467    7.7758459e+02   0.000000e+00   1.279103e+06   4821s
  301797    7.7757038e+02   0.000000e+00   4.767612e+05   4828s
  301962    7.7756420e+02   0.000000e+00   6.941304e+06   4832s
  302127    7.7755932e+02   0.000000e+00   1.253974e+06   4836s
  302457    7.7754725e+02   0.000000e+00   2.366453e+06   4843s
  302622    7.7754011e+02   0.000000e+00   9.260958e+05   4847s
  302787    7.7753274e+02   0.000000e+00   3.710467e+06   4850s
  303117    7.7752137e+02   0.000000e+00   1.551817e+06   4858s
  303282    7.7751580e+02   0.000000e+00   1.733590e+06   4862s
  303447    7.7751043e+02   0.000000e+00   8.756326e+05   4866s
  303777    7.7749831e+02   0.000000e+00   8.007984e+05   4873s
  303942    7.7749242e+02   0.000000e+00   1.811111e+06   4877s
  304107    7.7748680e+02   0.000000e+00   7.454975e+05   4881s
  304437    7.7747385e+02   0.000000e+00   6.214314e+05   4889s
  304602    7.7746637e+02   0.000000e+00   6.948257e+05   4892s
  304767    7.7745935e+02   0.000000e+00   8.668142e+05   4896s
  305097    7.7744842e+02   0.000000e+00   3.718076e+06   4904s
  305262    7.7744294e+02   0.000000e+00   2.466831e+06   4907s
  305427    7.7743865e+02   0.000000e+00   1.520298e+06   4911s
  305757    7.7742723e+02   0.000000e+00   1.514171e+06   4918s
  305922    7.7742067e+02   0.000000e+00   4.781270e+06   4922s
  306087    7.7741270e+02   0.000000e+00   2.274977e+06   4926s
  306417    7.7739796e+02   0.000000e+00   6.088133e+05   4933s
  306582    7.7739171e+02   0.000000e+00   3.547535e+05   4937s
  306747    7.7738655e+02   0.000000e+00   4.673297e+05   4941s
  307077    7.7737140e+02   0.000000e+00   2.951550e+06   4948s
  307242    7.7736371e+02   0.000000e+00   1.909913e+06   4952s
  307407    7.7735746e+02   0.000000e+00   4.426598e+05   4955s
  307737    7.7734409e+02   0.000000e+00   4.774689e+05   4962s
  307902    7.7733796e+02   0.000000e+00   2.760947e+06   4966s
  308232    7.7732451e+02   0.000000e+00   7.486921e+05   4973s
  308397    7.7731929e+02   0.000000e+00   9.567204e+05   4977s
  308562    7.7731169e+02   0.000000e+00   7.340927e+05   4981s
  308892    7.7729869e+02   0.000000e+00   2.091340e+06   4989s
  309057    7.7729116e+02   0.000000e+00   4.078368e+06   4992s
  309222    7.7728365e+02   0.000000e+00   1.025416e+06   4995s
  309552    7.7726744e+02   0.000000e+00   3.124895e+06   5003s
  309717    7.7725832e+02   0.000000e+00   2.119479e+06   5007s
  309882    7.7724952e+02   0.000000e+00   4.841775e+06   5012s
  310047    7.7723875e+02   0.000000e+00   3.594216e+06   5016s
  310377    7.7722347e+02   0.000000e+00   8.526556e+05   5024s
  310542    7.7721550e+02   0.000000e+00   3.763874e+05   5028s
  310707    7.7720925e+02   0.000000e+00   1.173519e+06   5031s
  310872    7.7720144e+02   0.000000e+00   7.990120e+05   5035s
  311202    7.7717851e+02   0.000000e+00   8.027495e+05   5043s
  311367    7.7716894e+02   0.000000e+00   9.667721e+06   5047s
  311532    7.7715674e+02   0.000000e+00   4.701724e+06   5051s
  311862    7.7713882e+02   0.000000e+00   2.257140e+06   5058s
  312027    7.7713261e+02   0.000000e+00   2.311873e+06   5062s
  312192    7.7712369e+02   0.000000e+00   3.681623e+06   5065s
  312522    7.7710580e+02   0.000000e+00   4.249774e+06   5073s
  312687    7.7709913e+02   0.000000e+00   6.632239e+06   5077s
  312852    7.7709309e+02   0.000000e+00   8.384928e+06   5081s
  313017    7.7708540e+02   0.000000e+00   1.132130e+06   5085s
  313347    7.7706977e+02   0.000000e+00   2.257302e+06   5094s
  313512    7.7706121e+02   0.000000e+00   4.781479e+05   5097s
  313677    7.7705245e+02   0.000000e+00   5.591766e+05   5101s
  314007    7.7703643e+02   0.000000e+00   1.229836e+06   5108s
  314172    7.7702698e+02   0.000000e+00   6.098414e+05   5112s
  314337    7.7701564e+02   0.000000e+00   2.437682e+06   5116s
  314667    7.7699038e+02   0.000000e+00   1.883322e+06   5123s
  314832    7.7698051e+02   0.000000e+00   2.046161e+06   5127s
  314997    7.7697136e+02   0.000000e+00   9.847675e+05   5131s
  315327    7.7695632e+02   0.000000e+00   1.152227e+06   5139s
  315492    7.7694700e+02   0.000000e+00   2.738784e+06   5142s
  315657    7.7693695e+02   0.000000e+00   5.699473e+05   5146s
  315822    7.7692961e+02   0.000000e+00   1.255966e+06   5150s
  316152    7.7691426e+02   0.000000e+00   7.765927e+05   5157s
  316317    7.7690749e+02   0.000000e+00   9.356489e+06   5162s
  316482    7.7689871e+02   0.000000e+00   1.979029e+06   5165s
  316812    7.7688872e+02   0.000000e+00   1.524916e+06   5174s
  316977    7.7688346e+02   0.000000e+00   1.855141e+06   5177s
  317142    7.7687727e+02   0.000000e+00   1.158153e+06   5181s
  317472    7.7686545e+02   0.000000e+00   3.576954e+05   5188s
  317637    7.7686015e+02   0.000000e+00   8.305068e+05   5192s
  317802    7.7685444e+02   0.000000e+00   3.886154e+05   5196s
  318132    7.7684338e+02   0.000000e+00   9.969480e+05   5204s
  318297    7.7683855e+02   0.000000e+00   1.940799e+06   5207s
  318462    7.7683213e+02   0.000000e+00   1.590028e+06   5211s
  318792    7.7682027e+02   0.000000e+00   1.076470e+06   5219s
  318957    7.7681229e+02   0.000000e+00   2.397411e+06   5223s
  319122    7.7680734e+02   0.000000e+00   1.085902e+06   5227s
  319287    7.7680060e+02   0.000000e+00   1.125191e+06   5231s
  319617    7.7678919e+02   0.000000e+00   4.540874e+06   5238s
  319782    7.7678286e+02   0.000000e+00   5.624339e+06   5242s
  319947    7.7677695e+02   0.000000e+00   5.835718e+05   5246s
  320277    7.7676525e+02   0.000000e+00   1.206601e+06   5253s
  320442    7.7675604e+02   0.000000e+00   2.749705e+06   5257s
  320607    7.7674742e+02   0.000000e+00   6.835904e+06   5261s
  320937    7.7673348e+02   0.000000e+00   2.731406e+06   5268s
  321102    7.7672714e+02   0.000000e+00   5.859368e+06   5272s
  321267    7.7672101e+02   0.000000e+00   3.909735e+06   5276s
  321597    7.7670741e+02   0.000000e+00   1.251888e+06   5284s
  321762    7.7670154e+02   0.000000e+00   5.508998e+05   5287s
  321927    7.7669507e+02   0.000000e+00   4.904183e+05   5290s
  322257    7.7668262e+02   0.000000e+00   1.100586e+06   5298s
  322422    7.7667538e+02   0.000000e+00   4.317967e+05   5301s
  322752    7.7666530e+02   0.000000e+00   7.255125e+05   5308s
  322917    7.7666033e+02   0.000000e+00   2.527813e+06   5312s
  323082    7.7665410e+02   0.000000e+00   1.200556e+06   5316s
  323412    7.7664374e+02   0.000000e+00   1.490158e+06   5323s
  323577    7.7663786e+02   0.000000e+00   3.207722e+05   5326s
  323742    7.7663203e+02   0.000000e+00   7.416332e+06   5330s
  324072    7.7662231e+02   0.000000e+00   2.648263e+06   5338s
  324237    7.7661756e+02   0.000000e+00   2.119185e+05   5342s
  324402    7.7661307e+02   0.000000e+00   2.105611e+07   5345s
  324732    7.7660558e+02   0.000000e+00   1.184288e+06   5353s
  324897    7.7660148e+02   0.000000e+00   1.407242e+06   5357s
  325062    7.7659821e+02   0.000000e+00   7.868446e+05   5361s
  325392    7.7658740e+02   0.000000e+00   4.084664e+05   5368s
  325557    7.7658048e+02   0.000000e+00   9.682416e+06   5372s
  325722    7.7657453e+02   0.000000e+00   6.085724e+06   5376s
  326052    7.7656381e+02   0.000000e+00   1.239202e+06   5384s
  326217    7.7655812e+02   0.000000e+00   1.023170e+07   5388s
  326382    7.7655417e+02   0.000000e+00   1.945682e+07   5391s
  326712    7.7654510e+02   0.000000e+00   5.183571e+06   5399s
  326877    7.7654174e+02   0.000000e+00   1.274474e+06   5403s
  327042    7.7653785e+02   0.000000e+00   3.160255e+05   5407s
  327207    7.7653318e+02   0.000000e+00   1.535573e+06   5411s
  327537    7.7652384e+02   0.000000e+00   9.575782e+05   5418s
  327702    7.7652010e+02   0.000000e+00   2.200574e+06   5422s
  327867    7.7651560e+02   0.000000e+00   5.356426e+06   5426s
  328197    7.7650809e+02   0.000000e+00   7.012576e+06   5433s
  328362    7.7650346e+02   0.000000e+00   3.194334e+06   5437s
  328527    7.7649858e+02   0.000000e+00   4.190141e+06   5441s
  328857    7.7649000e+02   0.000000e+00   5.781225e+06   5448s
  329022    7.7648493e+02   0.000000e+00   1.066683e+06   5452s
  329187    7.7648022e+02   0.000000e+00   1.882620e+06   5456s
  329517    7.7647269e+02   0.000000e+00   5.457203e+05   5464s
  329682    7.7646669e+02   0.000000e+00   2.408352e+06   5468s
  329847    7.7646264e+02   0.000000e+00   1.405135e+06   5472s
  330012    7.7645828e+02   0.000000e+00   9.139488e+05   5476s
  330342    7.7644896e+02   0.000000e+00   5.547744e+05   5484s
  330507    7.7644464e+02   0.000000e+00   3.424779e+05   5488s
  330672    7.7644027e+02   0.000000e+00   6.771687e+05   5491s
  330837    7.7643489e+02   0.000000e+00   2.043968e+06   5495s
  331167    7.7642613e+02   0.000000e+00   3.593116e+05   5503s
  331332    7.7642053e+02   0.000000e+00   4.330323e+05   5506s
  331662    7.7641197e+02   0.000000e+00   1.918051e+05   5513s
  331827    7.7640823e+02   0.000000e+00   1.146993e+05   5517s
  331992    7.7640541e+02   0.000000e+00   3.136428e+06   5521s
  332322    7.7639784e+02   0.000000e+00   8.658320e+05   5528s
  332487    7.7639294e+02   0.000000e+00   5.183243e+05   5531s
  332817    7.7638429e+02   0.000000e+00   3.354501e+05   5538s
  332982    7.7637907e+02   0.000000e+00   1.289497e+06   5542s
  333147    7.7637343e+02   0.000000e+00   1.186651e+06   5545s
  333477    7.7636331e+02   0.000000e+00   1.515204e+06   5552s
  333642    7.7635798e+02   0.000000e+00   1.092269e+06   5556s
  333972    7.7635003e+02   0.000000e+00   9.600906e+06   5563s
  334137    7.7634575e+02   0.000000e+00   1.129104e+06   5566s
  334467    7.7633773e+02   0.000000e+00   1.279538e+06   5573s
  334632    7.7633360e+02   0.000000e+00   1.509313e+06   5577s
  334797    7.7632930e+02   0.000000e+00   8.882894e+05   5581s
  335127    7.7632128e+02   0.000000e+00   5.986584e+05   5588s
  335292    7.7631796e+02   0.000000e+00   7.182608e+05   5592s
  335457    7.7631538e+02   0.000000e+00   6.758004e+05   5595s
  335787    7.7630716e+02   0.000000e+00   1.122821e+06   5603s
  335952    7.7630209e+02   0.000000e+00   1.182948e+06   5606s
  336282    7.7629295e+02   0.000000e+00   1.041634e+06   5613s
  336447    7.7628776e+02   0.000000e+00   8.721181e+05   5617s
  336612    7.7628394e+02   0.000000e+00   3.117195e+07   5621s
  336942    7.7627617e+02   0.000000e+00   1.066239e+06   5628s
  337107    7.7627101e+02   0.000000e+00   1.802285e+06   5632s
  337272    7.7626593e+02   0.000000e+00   1.176537e+07   5635s
  337602    7.7625805e+02   0.000000e+00   4.492748e+05   5643s
  337767    7.7625376e+02   0.000000e+00   2.025245e+06   5646s
  337932    7.7625022e+02   0.000000e+00   5.899598e+05   5650s
  338262    7.7624226e+02   0.000000e+00   3.057439e+06   5657s
  338427    7.7623770e+02   0.000000e+00   2.068587e+06   5661s
  338592    7.7623278e+02   0.000000e+00   3.547971e+05   5665s
  338922    7.7622484e+02   0.000000e+00   3.992967e+05   5672s
  339087    7.7622151e+02   0.000000e+00   1.638993e+05   5676s
  339417    7.7621334e+02   0.000000e+00   4.052886e+05   5683s
  339582    7.7620930e+02   0.000000e+00   1.360485e+06   5687s
  339747    7.7620589e+02   0.000000e+00   5.011272e+05   5691s
  340077    7.7619906e+02   0.000000e+00   7.879113e+05   5698s
  340242    7.7619564e+02   0.000000e+00   2.076853e+06   5701s
  340572    7.7618646e+02   0.000000e+00   3.505898e+05   5708s
  340737    7.7618187e+02   0.000000e+00   1.377779e+06   5712s
  340902    7.7617821e+02   0.000000e+00   3.537989e+06   5716s
  341232    7.7617060e+02   0.000000e+00   4.710377e+06   5723s
  341397    7.7616714e+02   0.000000e+00   9.724280e+05   5727s
  341562    7.7616332e+02   0.000000e+00   4.694767e+05   5730s
  341892    7.7615561e+02   0.000000e+00   2.146411e+05   5738s
  342057    7.7615203e+02   0.000000e+00   6.029669e+05   5741s
  342222    7.7614834e+02   0.000000e+00   2.503213e+06   5745s
  342552    7.7614144e+02   0.000000e+00   7.131410e+05   5753s
  342717    7.7613859e+02   0.000000e+00   3.132524e+06   5757s
  342882    7.7613512e+02   0.000000e+00   6.745364e+05   5760s
  343212    7.7612791e+02   0.000000e+00   1.169896e+06   5768s
  343377    7.7612492e+02   0.000000e+00   2.748314e+05   5771s
  343707    7.7611874e+02   0.000000e+00   5.006614e+05   5779s
  343872    7.7611611e+02   0.000000e+00   4.540783e+05   5782s
  344037    7.7611311e+02   0.000000e+00   4.079946e+05   5786s
  344367    7.7610684e+02   0.000000e+00   8.795894e+05   5793s
  344532    7.7610364e+02   0.000000e+00   8.100398e+05   5797s
  344697    7.7610040e+02   0.000000e+00   1.875833e+06   5801s
  345027    7.7609352e+02   0.000000e+00   2.759553e+06   5808s
  345192    7.7608960e+02   0.000000e+00   4.084523e+05   5812s
  345357    7.7608574e+02   0.000000e+00   1.340479e+06   5816s
  345687    7.7607789e+02   0.000000e+00   5.096985e+05   5824s
  345852    7.7607496e+02   0.000000e+00   2.642860e+05   5827s
  346017    7.7607128e+02   0.000000e+00   6.158743e+05   5831s
  346347    7.7606464e+02   0.000000e+00   3.421659e+05   5839s
  346512    7.7606089e+02   0.000000e+00   2.329661e+06   5842s
  346677    7.7605700e+02   0.000000e+00   2.905925e+05   5846s
  347007    7.7605006e+02   0.000000e+00   3.946973e+05   5853s
  347172    7.7604677e+02   0.000000e+00   3.953298e+05   5857s
  347337    7.7604331e+02   0.000000e+00   3.987990e+05   5861s
  347667    7.7603492e+02   0.000000e+00   5.391626e+05   5868s
  347832    7.7603047e+02   0.000000e+00   4.189859e+05   5872s
  347997    7.7602708e+02   0.000000e+00   1.430866e+05   5876s
  348327    7.7601802e+02   0.000000e+00   6.414859e+05   5883s
  348492    7.7601459e+02   0.000000e+00   9.466750e+06   5887s
  348657    7.7601039e+02   0.000000e+00   1.188564e+06   5891s
  348987    7.7600190e+02   0.000000e+00   4.471882e+06   5899s
  349152    7.7599794e+02   0.000000e+00   4.130526e+05   5903s
  349317    7.7599620e+02   0.000000e+00   8.622021e+04   5906s
  349482    7.7599387e+02   0.000000e+00   3.159291e+05   5910s
  349812    7.7598867e+02   0.000000e+00   7.795591e+05   5918s
  349977    7.7598593e+02   0.000000e+00   4.507674e+05   5921s
  350142    7.7598211e+02   0.000000e+00   1.523487e+06   5925s
  350472    7.7597360e+02   0.000000e+00   3.640038e+05   5933s
  350637    7.7597023e+02   0.000000e+00   2.922750e+05   5936s
  350967    7.7596307e+02   0.000000e+00   6.332588e+05   5943s
  351132    7.7595962e+02   0.000000e+00   3.913000e+05   5947s
  351297    7.7595686e+02   0.000000e+00   1.097085e+06   5950s
  351627    7.7594998e+02   0.000000e+00   2.567125e+05   5959s
  351792    7.7594741e+02   0.000000e+00   2.140350e+06   5962s
  351957    7.7594437e+02   0.000000e+00   5.699662e+05   5966s
  352287    7.7593742e+02   0.000000e+00   4.227167e+05   5974s
  352452    7.7593352e+02   0.000000e+00   9.700782e+05   5977s
  352617    7.7593027e+02   0.000000e+00   1.420542e+06   5980s
  352947    7.7592500e+02   0.000000e+00   1.848744e+06   5988s
  353112    7.7592199e+02   0.000000e+00   3.299862e+05   5991s
  353277    7.7591932e+02   0.000000e+00   5.067772e+05   5995s
  353607    7.7591438e+02   0.000000e+00   9.448717e+05   6002s
  353772    7.7591064e+02   0.000000e+00   5.767854e+05   6006s
  354102    7.7590367e+02   0.000000e+00   5.136005e+05   6013s
  354267    7.7590020e+02   0.000000e+00   1.014441e+06   6017s
  354432    7.7589683e+02   0.000000e+00   4.662670e+06   6021s
  354762    7.7589007e+02   0.000000e+00   1.236652e+07   6028s
  354927    7.7588692e+02   0.000000e+00   1.724935e+07   6032s
  355092    7.7588275e+02   0.000000e+00   9.918618e+05   6036s
  355422    7.7587701e+02   0.000000e+00   7.512370e+05   6043s
  355587    7.7587307e+02   0.000000e+00   1.029354e+06   6047s
  355752    7.7586987e+02   0.000000e+00   1.200993e+06   6050s
  356082    7.7586305e+02   0.000000e+00   4.512389e+05   6058s
  356247    7.7585907e+02   0.000000e+00   1.467213e+06   6061s
  356412    7.7585598e+02   0.000000e+00   1.081270e+06   6065s
  356742    7.7584915e+02   0.000000e+00   1.831427e+06   6072s
  356907    7.7584574e+02   0.000000e+00   3.010600e+05   6076s
  357237    7.7583954e+02   0.000000e+00   2.662700e+05   6083s
  357402    7.7583637e+02   0.000000e+00   1.012115e+06   6086s
  357732    7.7583118e+02   0.000000e+00   1.897860e+05   6094s
  357897    7.7582823e+02   0.000000e+00   3.752101e+05   6097s
  358062    7.7582511e+02   0.000000e+00   5.131900e+05   6101s
  358392    7.7581861e+02   0.000000e+00   3.993161e+05   6108s
  358557    7.7581570e+02   0.000000e+00   1.692025e+05   6112s
  358722    7.7581285e+02   0.000000e+00   4.224346e+05   6116s
  359052    7.7580682e+02   0.000000e+00   3.736826e+06   6123s
  359217    7.7580424e+02   0.000000e+00   1.546647e+06   6126s
  359382    7.7580141e+02   0.000000e+00   9.281756e+05   6130s
  359712    7.7579589e+02   0.000000e+00   2.071353e+06   6138s
  359877    7.7579357e+02   0.000000e+00   2.199890e+05   6142s
  360042    7.7579115e+02   0.000000e+00   3.230051e+05   6145s
  360372    7.7578682e+02   0.000000e+00   4.228537e+06   6153s
  360537    7.7578467e+02   0.000000e+00   2.509530e+06   6157s
  360702    7.7578206e+02   0.000000e+00   3.322389e+06   6161s
  361032    7.7577589e+02   0.000000e+00   6.564398e+06   6168s
  361197    7.7577231e+02   0.000000e+00   1.025832e+07   6172s
  361362    7.7576918e+02   0.000000e+00   8.074818e+06   6176s
  361692    7.7576243e+02   0.000000e+00   6.716603e+06   6183s
  361857    7.7576045e+02   0.000000e+00   1.051085e+06   6187s
  362022    7.7575844e+02   0.000000e+00   3.523811e+05   6191s
  362187    7.7575584e+02   0.000000e+00   1.618797e+05   6195s
  362517    7.7575230e+02   0.000000e+00   4.773534e+05   6202s
  362682    7.7575018e+02   0.000000e+00   2.697084e+05   6206s
  363012    7.7574596e+02   0.000000e+00   9.599897e+05   6214s
  363177    7.7574344e+02   0.000000e+00   2.053697e+05   6217s
  363342    7.7574156e+02   0.000000e+00   3.164642e+05   6221s
  363672    7.7573764e+02   0.000000e+00   4.607564e+05   6228s
  363837    7.7573562e+02   0.000000e+00   3.177740e+05   6232s
  364002    7.7573356e+02   0.000000e+00   3.210866e+05   6235s
  364332    7.7572951e+02   0.000000e+00   3.155644e+06   6243s
  364497    7.7572761e+02   0.000000e+00   3.867456e+05   6247s
  364662    7.7572502e+02   0.000000e+00   1.219227e+05   6251s
  364992    7.7572009e+02   0.000000e+00   5.279389e+05   6258s
  365157    7.7571748e+02   0.000000e+00   3.265757e+05   6262s
  365322    7.7571457e+02   0.000000e+00   2.311560e+05   6266s
  365652    7.7570921e+02   0.000000e+00   2.524199e+05   6273s
  365817    7.7570641e+02   0.000000e+00   3.298496e+05   6277s
  365982    7.7570380e+02   0.000000e+00   4.566730e+05   6280s
  366312    7.7569899e+02   0.000000e+00   5.618597e+05   6287s
  366477    7.7569696e+02   0.000000e+00   4.008169e+05   6291s
  366807    7.7569177e+02   0.000000e+00   7.184305e+05   6298s
  366972    7.7568928e+02   0.000000e+00   2.153177e+05   6302s
  367137    7.7568728e+02   0.000000e+00   4.803754e+05   6306s
  367467    7.7568257e+02   0.000000e+00   1.980850e+05   6313s
  367632    7.7568038e+02   0.000000e+00   3.858336e+05   6316s
  367797    7.7567844e+02   0.000000e+00   5.364514e+05   6320s
  368127    7.7567429e+02   0.000000e+00   1.153592e+06   6327s
  368292    7.7567186e+02   0.000000e+00   2.487450e+05   6331s
  368622    7.7566714e+02   0.000000e+00   3.899198e+05   6338s
  368787    7.7566472e+02   0.000000e+00   1.004041e+06   6342s
  368952    7.7566198e+02   0.000000e+00   7.086238e+05   6345s
  369282    7.7565773e+02   0.000000e+00   5.850661e+04   6353s
  369447    7.7565590e+02   0.000000e+00   4.456467e+05   6357s
  369612    7.7565377e+02   0.000000e+00   1.177794e+06   6360s
  369942    7.7564886e+02   0.000000e+00   2.798550e+05   6368s
  370107    7.7564616e+02   0.000000e+00   5.001093e+05   6372s
  370272    7.7564378e+02   0.000000e+00   1.144227e+06   6375s
  370437    7.7564144e+02   0.000000e+00   6.446376e+05   6380s
  370767    7.7563734e+02   0.000000e+00   6.431309e+06   6388s
  370932    7.7563463e+02   0.000000e+00   6.678647e+05   6391s
  371097    7.7563259e+02   0.000000e+00   2.380960e+05   6395s
  371427    7.7562827e+02   0.000000e+00   3.346278e+05   6403s
  371592    7.7562575e+02   0.000000e+00   4.615326e+05   6406s
  371922    7.7562223e+02   0.000000e+00   1.121147e+06   6414s
  372087    7.7562046e+02   0.000000e+00   4.154217e+05   6418s
  372252    7.7561871e+02   0.000000e+00   9.455891e+05   6421s
  372582    7.7561464e+02   0.000000e+00   6.029071e+06   6429s
  372747    7.7561315e+02   0.000000e+00   9.732288e+05   6433s
  372912    7.7561139e+02   0.000000e+00   4.966550e+05   6436s
  373242    7.7560754e+02   0.000000e+00   5.331876e+06   6444s
  373407    7.7560556e+02   0.000000e+00   3.545278e+05   6447s
  373572    7.7560324e+02   0.000000e+00   2.230113e+06   6451s
  373902    7.7559911e+02   0.000000e+00   2.366841e+07   6458s
  374067    7.7559664e+02   0.000000e+00   1.119522e+06   6462s
  374232    7.7559421e+02   0.000000e+00   6.439948e+05   6465s
  374397    7.7559174e+02   0.000000e+00   1.732345e+05   6470s
  374727    7.7558676e+02   0.000000e+00   6.522606e+05   6477s
  374892    7.7558370e+02   0.000000e+00   1.300000e+06   6481s
  375222    7.7557897e+02   0.000000e+00   1.623603e+06   6488s
  375387    7.7557683e+02   0.000000e+00   5.649333e+05   6492s
  375552    7.7557490e+02   0.000000e+00   1.093881e+06   6496s
  375882    7.7557179e+02   0.000000e+00   1.192927e+06   6504s
  376047    7.7557004e+02   0.000000e+00   5.497905e+05   6507s
  376212    7.7556810e+02   0.000000e+00   3.358831e+05   6511s
  376377    7.7556608e+02   0.000000e+00   4.117338e+05   6515s
  376707    7.7556171e+02   0.000000e+00   1.300367e+05   6523s
  376872    7.7555930e+02   0.000000e+00   4.539292e+05   6526s
  377037    7.7555746e+02   0.000000e+00   2.404715e+05   6530s
  377367    7.7555290e+02   0.000000e+00   5.872936e+06   6538s
  377532    7.7555104e+02   0.000000e+00   1.661938e+05   6541s
  377862    7.7554674e+02   0.000000e+00   1.109345e+06   6549s
  378027    7.7554398e+02   0.000000e+00   4.362260e+05   6553s
  378192    7.7554136e+02   0.000000e+00   3.727740e+06   6556s
  378522    7.7553460e+02   0.000000e+00   9.283453e+05   6564s
  378687    7.7553193e+02   0.000000e+00   5.018751e+05   6568s
  378852    7.7552888e+02   0.000000e+00   1.403467e+06   6571s
  379017    7.7552669e+02   0.000000e+00   2.133079e+06   6575s
  379347    7.7552189e+02   0.000000e+00   2.674137e+05   6583s
  379512    7.7551997e+02   0.000000e+00   6.993579e+05   6587s
  379677    7.7551809e+02   0.000000e+00   3.115129e+05   6591s
  380007    7.7551255e+02   0.000000e+00   4.985541e+05   6598s
  380172    7.7551028e+02   0.000000e+00   1.648839e+05   6602s
  380337    7.7550792e+02   0.000000e+00   2.234755e+05   6605s
  380667    7.7550289e+02   0.000000e+00   1.071473e+06   6613s
  380832    7.7550033e+02   0.000000e+00   3.536789e+05   6617s
  380997    7.7549791e+02   0.000000e+00   1.413648e+06   6620s
  381327    7.7549237e+02   0.000000e+00   8.702811e+05   6628s
  381492    7.7548983e+02   0.000000e+00   3.946508e+05   6632s
  381657    7.7548706e+02   0.000000e+00   1.256069e+06   6635s
  381987    7.7548161e+02   0.000000e+00   2.527376e+05   6643s
  382152    7.7547867e+02   0.000000e+00   1.035383e+06   6646s
  382317    7.7547582e+02   0.000000e+00   5.738764e+06   6650s
  382647    7.7546904e+02   0.000000e+00   6.967192e+05   6658s
  382812    7.7546606e+02   0.000000e+00   1.039350e+06   6662s
  382977    7.7546286e+02   0.000000e+00   6.011183e+05   6666s
  383307    7.7545788e+02   0.000000e+00   9.122632e+04   6673s
  383472    7.7545330e+02   0.000000e+00   6.044942e+06   6677s
  383637    7.7544781e+02   0.000000e+00   1.317196e+06   6680s
  383967    7.7544251e+02   0.000000e+00   2.043376e+06   6688s
  384132    7.7543989e+02   0.000000e+00   1.592977e+06   6691s
  384462    7.7543392e+02   0.000000e+00   1.536957e+07   6699s
  384627    7.7543102e+02   0.000000e+00   1.686343e+07   6702s
  384792    7.7542854e+02   0.000000e+00   1.075646e+07   6706s
  385122    7.7542356e+02   0.000000e+00   2.998681e+05   6713s
  385287    7.7542058e+02   0.000000e+00   5.496303e+05   6717s
  385452    7.7541771e+02   0.000000e+00   1.056029e+06   6721s
  385782    7.7541273e+02   0.000000e+00   4.708242e+06   6728s
  385947    7.7541009e+02   0.000000e+00   6.398967e+06   6732s
  386112    7.7540691e+02   0.000000e+00   5.173895e+05   6736s
  386277    7.7540368e+02   0.000000e+00   4.655602e+05   6740s
  386607    7.7539677e+02   0.000000e+00   1.638327e+05   6748s
  386772    7.7539488e+02   0.000000e+00   3.509993e+05   6752s
  386937    7.7539273e+02   0.000000e+00   3.574295e+05   6756s
  387267    7.7538924e+02   0.000000e+00   1.407544e+06   6763s
  387432    7.7538660e+02   0.000000e+00   7.734404e+05   6767s
  387597    7.7538327e+02   0.000000e+00   3.474105e+05   6771s
  387927    7.7537801e+02   0.000000e+00   3.997550e+05   6779s
  388092    7.7537529e+02   0.000000e+00   2.622834e+05   6783s
  388257    7.7537300e+02   0.000000e+00   1.324817e+06   6786s
  388587    7.7536878e+02   0.000000e+00   3.934125e+05   6794s
  388752    7.7536678e+02   0.000000e+00   3.520651e+05   6797s
  388917    7.7536524e+02   0.000000e+00   8.152144e+04   6801s
  389082    7.7536334e+02   0.000000e+00   4.394738e+05   6805s
  389412    7.7535922e+02   0.000000e+00   1.878308e+06   6813s
  389577    7.7535756e+02   0.000000e+00   7.937424e+05   6816s
  389742    7.7535479e+02   0.000000e+00   5.578612e+05   6820s
  390072    7.7535047e+02   0.000000e+00   3.832166e+05   6827s
  390237    7.7534819e+02   0.000000e+00   5.023714e+05   6831s
  390567    7.7534266e+02   0.000000e+00   1.826346e+05   6839s
  390732    7.7534036e+02   0.000000e+00   6.063924e+05   6842s
  390897    7.7533803e+02   0.000000e+00   5.386968e+05   6846s
  391227    7.7533423e+02   0.000000e+00   4.654158e+05   6854s
  391392    7.7533189e+02   0.000000e+00   2.305818e+05   6857s
  391557    7.7532980e+02   0.000000e+00   1.436558e+06   6861s
  391887    7.7532572e+02   0.000000e+00   2.338591e+05   6868s
  392052    7.7532405e+02   0.000000e+00   1.195681e+06   6872s
  392217    7.7532201e+02   0.000000e+00   1.325714e+05   6876s
  392547    7.7531570e+02   0.000000e+00   3.960093e+06   6883s
  392712    7.7531242e+02   0.000000e+00   5.933509e+06   6887s
  392877    7.7530939e+02   0.000000e+00   5.150389e+05   6890s
  393207    7.7530315e+02   0.000000e+00   3.994196e+06   6898s
  393372    7.7530075e+02   0.000000e+00   4.430677e+05   6902s
  393537    7.7529732e+02   0.000000e+00   5.184393e+05   6906s
  393867    7.7529249e+02   0.000000e+00   2.936137e+05   6913s
  394032    7.7528944e+02   0.000000e+00   3.101175e+05   6917s
  394197    7.7528674e+02   0.000000e+00   4.736101e+05   6921s
  394527    7.7528113e+02   0.000000e+00   1.673966e+05   6927s
  394692    7.7527875e+02   0.000000e+00   2.711605e+05   6931s
  395022    7.7527282e+02   0.000000e+00   3.853763e+05   6938s
  395187    7.7527065e+02   0.000000e+00   9.913989e+05   6942s
  395352    7.7526845e+02   0.000000e+00   3.115275e+05   6946s
  395682    7.7526365e+02   0.000000e+00   6.103445e+05   6953s
  395847    7.7526082e+02   0.000000e+00   2.716253e+06   6957s
  396012    7.7525880e+02   0.000000e+00   9.833632e+04   6960s
  396342    7.7525415e+02   0.000000e+00   1.308584e+05   6967s
  396507    7.7525215e+02   0.000000e+00   1.478820e+05   6971s
  396837    7.7524673e+02   0.000000e+00   7.625206e+06   6979s
  397002    7.7524497e+02   0.000000e+00   2.590992e+05   6982s
  397167    7.7524365e+02   0.000000e+00   3.130387e+05   6985s
  397497    7.7523927e+02   0.000000e+00   2.408080e+05   6993s
  397662    7.7523659e+02   0.000000e+00   1.716153e+05   6996s
  397827    7.7523349e+02   0.000000e+00   4.214717e+05   7000s
  398157    7.7522746e+02   0.000000e+00   2.763361e+05   7008s
  398322    7.7522469e+02   0.000000e+00   1.884253e+05   7011s
  398487    7.7522210e+02   0.000000e+00   1.281709e+06   7015s
  398817    7.7521705e+02   0.000000e+00   3.965713e+05   7023s
  398982    7.7521441e+02   0.000000e+00   1.600251e+06   7026s
  399147    7.7521237e+02   0.000000e+00   9.745614e+04   7030s
  399477    7.7520905e+02   0.000000e+00   6.927185e+05   7038s
  399642    7.7520720e+02   0.000000e+00   2.920647e+05   7042s
  399807    7.7520544e+02   0.000000e+00   2.499378e+06   7045s
  400137    7.7520126e+02   0.000000e+00   4.128268e+05   7053s
  400302    7.7519871e+02   0.000000e+00   1.751381e+05   7056s
  400467    7.7519657e+02   0.000000e+00   6.657963e+05   7060s
  400797    7.7519225e+02   0.000000e+00   5.899486e+05   7068s
  400962    7.7518999e+02   0.000000e+00   2.364075e+05   7071s
  401292    7.7518558e+02   0.000000e+00   8.444601e+04   7078s
  401457    7.7518306e+02   0.000000e+00   1.637556e+06   7082s
  401622    7.7518075e+02   0.000000e+00   2.325382e+05   7086s
  401952    7.7517615e+02   0.000000e+00   3.505364e+05   7093s
  402117    7.7517371e+02   0.000000e+00   8.159817e+05   7097s
  402282    7.7517141e+02   0.000000e+00   1.246165e+05   7100s
  402612    7.7516695e+02   0.000000e+00   4.628791e+05   7108s
  402777    7.7516488e+02   0.000000e+00   2.660145e+05   7111s
  402942    7.7516262e+02   0.000000e+00   2.339333e+06   7115s
  403272    7.7515881e+02   0.000000e+00   2.210444e+05   7123s
  403437    7.7515652e+02   0.000000e+00   1.481699e+05   7126s
  403767    7.7515195e+02   0.000000e+00   8.710919e+05   7134s
  403932    7.7515029e+02   0.000000e+00   3.153749e+05   7137s
  404097    7.7514827e+02   0.000000e+00   1.208907e+05   7141s
  404427    7.7514500e+02   0.000000e+00   7.053180e+05   7148s
  404592    7.7514281e+02   0.000000e+00   1.277484e+05   7152s
  404757    7.7514085e+02   0.000000e+00   1.014565e+05   7156s
  405087    7.7513684e+02   0.000000e+00   2.227258e+05   7164s
  405252    7.7513550e+02   0.000000e+00   6.079356e+04   7167s
  405417    7.7513373e+02   0.000000e+00   4.107787e+05   7171s
  405747    7.7513032e+02   0.000000e+00   4.823711e+05   7178s
  405912    7.7512882e+02   0.000000e+00   2.539728e+05   7182s
  406242    7.7512559e+02   0.000000e+00   6.198816e+04   7188s
  406407    7.7512429e+02   0.000000e+00   3.431124e+05   7192s
  406572    7.7512289e+02   0.000000e+00   2.713221e+05   7196s


Root relaxation: time limit, 406766 iterations, 7196.01 seconds

    Nodes    |    Current Node    |     Objective Bounds      |     Work
 Expl Unexpl |  Obj  Depth IntInf | Incumbent    BestBd   Gap | It/Node Time

     0     0          -    0               -    0.00000      -     - 7200s

Explored 0 nodes (406766 simplex iterations) in 7200.01 seconds
Thread count was 4 (of 4 available processors)

Solution count 0

Time limit reached
Best objective -, best bound 0.000000000000e+00, gap -

Unable to retrieve attribute 'X'

