Academic license - for non-commercial use only
Set parameter TimeLimit to value 7200

Gurobi Optimizer version 8.0.0 build v8.0.0rc0 (linux64)
Copyright (c) 2018, Gurobi Optimization, LLC

Read LP format model from file fernando/abz8.lp
Reading time = 0.42 seconds
: 107030 rows, 203521 columns, 599445 nonzeros
Optimize a model with 107030 rows, 203521 columns and 599445 nonzeros
Variable types: 0 continuous, 203521 integer (203520 binary)
Coefficient statistics:
  Matrix range     [1e+00, 7e+02]
  Objective range  [1e+00, 1e+00]
  Bounds range     [1e+00, 1e+00]
  RHS range        [1e+00, 1e+00]
Presolve removed 7479 rows and 7794 columns
Presolve time: 2.17s
Presolved: 99551 rows, 195727 columns, 585078 nonzeros
Variable types: 0 continuous, 195727 integer (195726 binary)

Deterministic concurrent LP optimizer: primal and dual simplex
Showing first log only...

Presolve removed 91 rows and 91 columns
Presolved: 99460 rows, 195636 columns, 584898 nonzeros

Presolve removed 20 rows and 1 columns

Root simplex log...

Iteration    Objective       Primal Inf.    Dual Inf.      Time
     770    0.0000000e+00   1.800000e+01   2.366342e+10      5s
    1720    0.0000000e+00   1.698869e+01   3.994403e+10     11s
    2620    0.0000000e+00   1.399485e+01   3.040976e+10     16s
    3370    0.0000000e+00   1.398738e+01   1.610454e+10     21s
    4190    0.0000000e+00   1.396787e+01   3.460264e+10     25s
    5180    0.0000000e+00   1.292805e+01   5.476649e+10     30s
    6478    0.0000000e+00   1.218484e+01   9.258620e+10     35s
    7488    0.0000000e+00   1.198392e+01   7.408494e+10     40s
    8538    0.0000000e+00   1.167859e+01   8.382935e+10     45s
    9618    0.0000000e+00   1.141641e+01   5.247101e+10     51s
   10628    0.0000000e+00   1.123458e+01   1.233817e+11     56s
   11468    0.0000000e+00   1.112518e+01   4.377646e+10     61s
   12348    0.0000000e+00   1.104365e+01   1.101803e+11     65s
   13358    0.0000000e+00   1.064587e+01   1.185786e+11     70s
   14468    0.0000000e+00   1.040457e+01   4.344110e+10     75s
   15368    0.0000000e+00   1.013962e+01   2.097738e+11     81s
   16278    0.0000000e+00   9.942738e+00   5.474093e+10     86s
   17108    0.0000000e+00   9.829775e+00   5.818680e+10     90s
   17948    0.0000000e+00   9.722742e+00   7.822084e+11     95s
   18808    0.0000000e+00   9.557690e+00   6.519050e+10    100s
   19708    0.0000000e+00   9.416448e+00   6.323048e+10    105s
   20568    0.0000000e+00   9.239633e+00   5.068140e+10    110s
   21408    0.0000000e+00   9.096114e+00   3.733106e+10    115s
   22228    0.0000000e+00   8.975005e+00   1.390447e+11    121s
   23028    0.0000000e+00   8.774667e+00   4.853141e+10    125s
   23778    0.0000000e+00   8.649807e+00   7.226600e+10    130s
   24618    0.0000000e+00   8.535062e+00   4.652655e+10    135s
   25418    0.0000000e+00   8.437370e+00   9.592483e+10    140s
   26248    0.0000000e+00   8.307803e+00   7.626873e+10    146s
   27078    0.0000000e+00   8.178839e+00   5.957775e+10    151s
   27778    0.0000000e+00   8.050637e+00   1.370035e+11    155s
   28598    0.0000000e+00   7.950287e+00   5.296869e+10    160s
   29388    0.0000000e+00   7.832309e+00   9.290984e+10    165s
   30228    0.0000000e+00   7.725826e+00   6.657391e+10    171s
   30868    0.0000000e+00   7.656543e+00   4.876234e+10    175s
   31678    0.0000000e+00   7.553261e+00   4.963721e+10    181s
   32328    0.0000000e+00   7.430283e+00   3.507273e+10    185s
   33078    0.0000000e+00   7.347321e+00   5.889047e+10    190s
   33858    0.0000000e+00   7.220384e+00   2.553265e+11    196s
   34618    0.0000000e+00   7.118693e+00   2.933171e+10    201s
   35308    0.0000000e+00   7.018304e+00   3.938344e+10    205s
   35968    0.0000000e+00   6.966187e+00   2.510192e+10    210s
   36758    0.0000000e+00   6.855867e+00   8.769022e+10    216s
   37378    0.0000000e+00   6.774737e+00   9.816616e+10    220s
   38188    0.0000000e+00   6.645413e+00   1.267911e+11    226s
   38888    0.0000000e+00   6.555817e+00   2.091160e+10    231s
   39618    0.0000000e+00   6.469273e+00   5.950228e+10    236s
   40168    0.0000000e+00   6.405867e+00   3.988009e+10    240s
   40888    0.0000000e+00   6.327277e+00   1.829402e+10    245s
   41578    0.0000000e+00   6.214231e+00   4.595528e+10    250s
   42298    0.0000000e+00   6.094436e+00   2.452858e+10    255s
   42908    0.0000000e+00   6.024294e+00   4.205713e+10    260s
   43638    0.0000000e+00   5.937314e+00   6.425460e+10    266s
   44348    0.0000000e+00   5.866997e+00   3.154091e+10    271s
   44898    0.0000000e+00   5.800882e+00   2.339000e+10    276s
   45578    0.0000000e+00   5.691484e+00   4.678309e+10    281s
   46208    0.0000000e+00   5.597508e+00   1.267545e+11    285s
   46868    0.0000000e+00   5.494832e+00   7.776086e+10    290s
   47488    0.0000000e+00   5.394278e+00   7.786331e+10    295s
   48218    0.0000000e+00   5.262214e+00   3.264017e+10    301s
   48818    0.0000000e+00   5.177044e+00   6.845406e+10    305s
   49468    0.0000000e+00   5.091930e+00   3.231688e+10    310s
   50118    0.0000000e+00   4.957591e+00   1.520243e+11    315s
   50758    0.0000000e+00   4.832865e+00   2.209711e+11    320s
   51388    0.0000000e+00   4.749411e+00   3.635973e+10    325s
   52028    0.0000000e+00   4.647695e+00   3.321341e+10    330s
   52668    0.0000000e+00   4.515256e+00   1.016274e+11    336s
   53248    0.0000000e+00   4.435344e+00   5.029176e+10    340s
   53898    0.0000000e+00   4.368101e+00   3.115581e+10    345s
   54448    0.0000000e+00   4.304569e+00   3.970150e+10    350s
   55118    0.0000000e+00   4.226041e+00   6.428298e+10    356s
   55648    0.0000000e+00   4.140604e+00   3.770779e+10    360s
   56298    0.0000000e+00   4.068977e+00   1.497944e+10    366s
   56868    0.0000000e+00   3.990620e+00   7.147313e+10    371s
   57498    0.0000000e+00   3.929976e+00   4.277541e+10    376s
   57968    0.0000000e+00   3.893102e+00   7.443043e+10    380s
   58588    0.0000000e+00   3.825074e+00   1.313801e+11    385s
   59168    0.0000000e+00   3.767678e+00   4.969878e+10    391s
   59748    0.0000000e+00   3.717651e+00   7.283166e+10    396s
   60238    0.0000000e+00   3.662322e+00   3.135726e+10    400s
   60878    0.0000000e+00   3.602058e+00   5.346899e+10    406s
   61378    0.0000000e+00   3.550541e+00   1.255503e+10    410s
   62048    0.0000000e+00   3.447684e+00   4.706469e+10    416s
   62578    0.0000000e+00   3.380292e+00   2.976444e+10    421s
   63128    0.0000000e+00   3.319670e+00   2.589172e+10    425s
   63718    0.0000000e+00   3.271738e+00   4.248234e+10    431s
   64228    0.0000000e+00   3.239454e+00   5.316043e+10    436s
   64768    0.0000000e+00   3.200612e+00   2.393577e+10    441s
   65278    0.0000000e+00   3.157611e+00   7.090082e+10    446s
   65838    0.0000000e+00   3.075499e+00   2.440054e+10    451s
   66218    0.0000000e+00   3.044440e+00   4.428544e+10    455s
   66748    0.0000000e+00   3.000712e+00   2.042114e+10    460s
   67298    0.0000000e+00   2.955929e+00   2.862920e+10    466s
   67858    0.0000000e+00   2.903974e+00   2.668359e+10    471s
   68448    0.0000000e+00   2.831663e+00   3.819622e+10    476s
   68878    0.0000000e+00   2.796592e+00   2.672530e+10    480s
   69518    0.0000000e+00   2.715069e+00   3.345870e+10    486s
   69988    0.0000000e+00   2.658529e+00   5.771762e+10    491s
   70598    0.0000000e+00   2.616297e+00   3.804384e+10    496s
   71058    0.0000000e+00   2.579816e+00   8.074168e+10    501s
   71528    0.0000000e+00   2.541443e+00   1.982533e+10    506s
   71998    0.0000000e+00   2.510302e+00   2.524485e+10    510s
   72478    0.0000000e+00   2.442041e+00   1.508258e+10    515s
   73004    0.0000000e+00   2.396301e+00   2.610655e+10    520s
   73530    0.0000000e+00   2.367485e+00   3.134468e+10    526s
   74064    0.0000000e+00   2.328463e+00   2.308643e+10    531s
   74590    0.0000000e+00   2.291025e+00   7.409180e+10    536s
   75124    0.0000000e+00   2.254475e+00   4.387005e+10    542s
   75480    0.0000000e+00   2.220850e+00   3.516051e+10    545s
   76014    0.0000000e+00   2.183823e+00   2.312944e+10    551s
   76548    0.0000000e+00   2.146244e+00   3.027334e+10    557s
   76904    0.0000000e+00   2.117466e+00   3.428189e+10    560s
   77438    0.0000000e+00   2.082655e+00   2.113005e+10    566s
   77972    0.0000000e+00   2.047186e+00   2.921437e+10    571s
   78328    0.0000000e+00   2.026584e+00   3.600404e+10    575s
   78862    0.0000000e+00   1.989879e+00   2.417270e+10    581s
   79396    0.0000000e+00   1.942619e+00   1.522899e+10    586s
   79930    0.0000000e+00   1.898591e+00   1.180721e+11    592s
   80286    0.0000000e+00   1.870938e+00   2.519710e+10    595s
   80820    0.0000000e+00   1.836158e+00   2.326447e+10    601s
   81176    0.0000000e+00   1.803088e+00   3.585305e+10    605s
   81710    0.0000000e+00   1.760952e+00   2.474512e+10    611s
   82244    0.0000000e+00   1.724822e+00   6.973584e+10    617s
   82600    0.0000000e+00   1.698483e+00   6.136323e+10    621s
   83134    0.0000000e+00   1.649301e+00   7.452509e+10    626s
   83490    0.0000000e+00   1.624902e+00   1.787111e+10    630s
   84024    0.0000000e+00   1.576386e+00   2.888654e+10    636s
   84380    0.0000000e+00   1.556557e+00   3.582386e+10    640s
   84914    0.0000000e+00   1.530276e+00   2.583870e+10    646s
   85270    0.0000000e+00   1.515690e+00   2.185369e+10    650s
   85804    0.0000000e+00   1.484852e+00   5.775400e+10    656s
   86160    0.0000000e+00   1.464257e+00   2.053597e+10    660s
Warning: Markowitz tolerance tightened to 0.03125
   86694    0.0000000e+00   1.430785e+00   2.930370e+10    667s
   87050    0.0000000e+00   1.405978e+00   1.496571e+10    670s
   87584    0.0000000e+00   1.371198e+00   2.243090e+10    677s
   87940    0.0000000e+00   1.348296e+00   2.048967e+10    680s
   88474    0.0000000e+00   1.303292e+00   2.655900e+10    686s
   88830    0.0000000e+00   1.288711e+00   1.838414e+10    690s
   89364    0.0000000e+00   1.264414e+00   2.071195e+10    696s
   89720    0.0000000e+00   1.251851e+00   1.703217e+10    701s
   90254    0.0000000e+00   1.222257e+00   1.456857e+10    707s
   90610    0.0000000e+00   1.210270e+00   1.914877e+10    711s
   91144    0.0000000e+00   1.185222e+00   1.615778e+10    717s
   91500    0.0000000e+00   1.170234e+00   1.536091e+10    721s
   91856    0.0000000e+00   1.155762e+00   2.941965e+10    726s
   92390    0.0000000e+00   1.128652e+00   5.208915e+10    732s
   92746    0.0000000e+00   1.107829e+00   2.680277e+10    736s
   93102    0.0000000e+00   1.095842e+00   1.691352e+10    740s
   93636    0.0000000e+00   1.068803e+00   3.550709e+10    746s
   93992    0.0000000e+00   1.046405e+00   5.677100e+10    751s
   94526    0.0000000e+00   1.018838e+00   1.836662e+10    757s
   94882    0.0000000e+00   1.001667e+00   3.259232e+10    761s
   95238    0.0000000e+00   9.871384e-01   1.567086e+10    765s
   95772    0.0000000e+00   9.677283e-01   2.415536e+10    772s
   96128    0.0000000e+00   9.494046e-01   1.324794e+10    776s
   96484    0.0000000e+00   9.346034e-01   1.461129e+10    780s
   97018    0.0000000e+00   9.063275e-01   2.154065e+10    787s
   97374    0.0000000e+00   8.873845e-01   4.212227e+10    791s
   97730    0.0000000e+00   8.693138e-01   1.418566e+10    796s
   98086    0.0000000e+00   8.510921e-01   1.960244e+10    800s
   98620    0.0000000e+00   8.272189e-01   3.018927e+10    807s
   98976    0.0000000e+00   8.087227e-01   2.330480e+10    811s
   99332    0.0000000e+00   7.939635e-01   1.723375e+10    815s
   99866    0.0000000e+00   7.692824e-01   3.008855e+10    822s
  100222    0.0000000e+00   7.574763e-01   1.365516e+10    826s
  100578    0.0000000e+00   7.416992e-01   1.768405e+10    831s
  100934    0.0000000e+00   7.291307e-01   1.224282e+10    835s
  101468    0.0000000e+00   6.996158e-01   1.593675e+10    842s
  101824    0.0000000e+00   6.781598e-01   1.598912e+10    846s
  102180    0.0000000e+00   6.608607e-01   3.623121e+10    851s
  102536    0.0000000e+00   6.485149e-01   2.613184e+10    855s
  103070    0.0000000e+00   6.287892e-01   4.852884e+10    862s
  103426    0.0000000e+00   6.137584e-01   2.420158e+10    866s
  103782    0.0000000e+00   6.009031e-01   2.195827e+10    871s
  104138    0.0000000e+00   5.905373e-01   3.552490e+10    875s
  104494    0.0000000e+00   5.763041e-01   1.883531e+10    880s
  105028    0.0000000e+00   5.546655e-01   2.535636e+10    887s
  105384    0.0000000e+00   5.381069e-01   2.651607e+10    891s
  105740    0.0000000e+00   5.204747e-01   2.173525e+10    896s
  106096    0.0000000e+00   5.079522e-01   1.732564e+10    900s
  106630    0.0000000e+00   4.850106e-01   2.977844e+10    907s
  106986    0.0000000e+00   4.658137e-01   3.365978e+10    912s
  107342    0.0000000e+00   4.507532e-01   1.364629e+10    916s
  107698    0.0000000e+00   4.372818e-01   2.249130e+10    921s
  108054    0.0000000e+00   4.222417e-01   1.026498e+10    925s
  108410    0.0000000e+00   4.075094e-01   1.856488e+10    930s
  108944    0.0000000e+00   3.925158e-01   1.723076e+10    937s
  109300    0.0000000e+00   3.815393e-01   3.977260e+10    942s
  109656    0.0000000e+00   3.708418e-01   8.938817e+09    946s
  110012    0.0000000e+00   3.617683e-01   1.746012e+10    951s
  110368    0.0000000e+00   3.530267e-01   1.211154e+10    956s
  110724    0.0000000e+00   3.426677e-01   1.996355e+10    961s
  111080    0.0000000e+00   3.338710e-01   3.178575e+10    966s
  111436    0.0000000e+00   3.238557e-01   1.304115e+10    970s
  111792    0.0000000e+00   3.127028e-01   6.616225e+09    975s
  112326    0.0000000e+00   2.994423e-01   1.230168e+10    982s
  112682    0.0000000e+00   2.885767e-01   1.876910e+10    987s
  113038    0.0000000e+00   2.782575e-01   1.228429e+10    992s
  113394    0.0000000e+00   2.666715e-01   2.338218e+10    997s
  113750    0.0000000e+00   2.539280e-01   1.128351e+10   1001s
  114106    0.0000000e+00   2.424123e-01   1.102698e+10   1006s
  114462    0.0000000e+00   2.287500e-01   1.649045e+10   1011s
  114818    0.0000000e+00   2.184197e-01   1.837595e+10   1016s
  115174    0.0000000e+00   2.080081e-01   1.209305e+10   1021s
  115530    0.0000000e+00   1.942518e-01   1.527496e+10   1026s
  115886    0.0000000e+00   1.836766e-01   1.719600e+10   1030s
  116420    0.0000000e+00   1.686315e-01   2.469889e+10   1037s
  116776    0.0000000e+00   1.584791e-01   1.290712e+10   1042s
  117132    0.0000000e+00   1.485324e-01   1.923242e+10   1047s
  117488    0.0000000e+00   1.361289e-01   2.233689e+10   1052s
  117844    0.0000000e+00   1.257593e-01   8.270534e+09   1057s
  118200    0.0000000e+00   1.181335e-01   1.659965e+10   1061s
  118556    0.0000000e+00   1.073250e-01   1.636885e+10   1066s
  118912    0.0000000e+00   9.683663e-02   1.855510e+10   1071s
  119268    0.0000000e+00   8.759103e-02   2.156348e+10   1076s
  119624    0.0000000e+00   7.688215e-02   1.124268e+10   1081s
  119980    0.0000000e+00   6.987775e-02   4.272814e+09   1086s
  120336    0.0000000e+00   6.223540e-02   1.025992e+10   1091s
  120692    0.0000000e+00   5.559821e-02   1.574393e+10   1096s
  121048    0.0000000e+00   4.915069e-02   6.268646e+09   1101s
  121404    0.0000000e+00   4.233193e-02   3.564770e+10   1107s
  121760    0.0000000e+00   3.251447e-02   1.886957e+10   1112s
  122116    0.0000000e+00   2.412107e-02   2.204576e+10   1117s
  122472    0.0000000e+00   1.517316e-02   1.445995e+10   1122s
  122828    0.0000000e+00   7.078713e-03   2.952270e+10   1127s
  123184    0.0000000e+00   1.985328e-03   2.988998e+10   1132s
  123503    0.0000000e+00   7.344487e-01   0.000000e+00   1139s
  123588    1.9837900e+05   0.000000e+00   3.200000e+01   1142s
  123944    6.8745624e+02   0.000000e+00   1.330748e+06   1146s
  124478    6.8349214e+02   0.000000e+00   1.211886e+06   1151s
  124834    6.8175161e+02   0.000000e+00   1.316971e+06   1155s
  125368    6.7952169e+02   0.000000e+00   2.462965e+06   1161s
  125902    6.7661531e+02   0.000000e+00   1.279597e+06   1167s
  126258    6.7415542e+02   0.000000e+00   2.496937e+06   1171s
  126792    6.7204270e+02   0.000000e+00   9.799766e+05   1177s
  127148    6.7120627e+02   0.000000e+00   1.179994e+06   1180s
  127682    6.6987898e+02   0.000000e+00   6.141253e+06   1186s
  128216    6.6842468e+02   0.000000e+00   1.285839e+06   1192s
  128572    6.6748562e+02   0.000000e+00   1.122615e+07   1196s
  129106    6.6602177e+02   0.000000e+00   1.211115e+06   1202s
  129462    6.6479210e+02   0.000000e+00   1.037777e+06   1206s
  129996    6.6280920e+02   0.000000e+00   1.568004e+06   1211s
  130352    6.6185957e+02   0.000000e+00   1.011486e+06   1215s
  130886    6.6044017e+02   0.000000e+00   4.213045e+05   1221s
  131242    6.5972259e+02   0.000000e+00   4.905101e+05   1225s
  131776    6.5905543e+02   0.000000e+00   3.156691e+05   1231s
  132310    6.5836050e+02   0.000000e+00   6.451018e+05   1237s
  132666    6.5743200e+02   0.000000e+00   3.989303e+05   1241s
  133200    6.5587438e+02   0.000000e+00   5.160748e+05   1247s
  133556    6.5500917e+02   0.000000e+00   2.777426e+06   1251s
  134090    6.5369657e+02   0.000000e+00   5.965121e+05   1257s
  134446    6.5284967e+02   0.000000e+00   1.363999e+06   1260s
  134980    6.5195680e+02   0.000000e+00   2.202600e+06   1266s
  135336    6.5104479e+02   0.000000e+00   5.601785e+05   1270s
  135870    6.4962136e+02   0.000000e+00   3.115536e+06   1276s
  136404    6.4876342e+02   0.000000e+00   2.697565e+05   1282s
  136760    6.4787707e+02   0.000000e+00   6.959733e+05   1286s
  137294    6.4657034e+02   0.000000e+00   1.246852e+06   1291s
  137650    6.4576627e+02   0.000000e+00   4.914581e+06   1295s
  138184    6.4491280e+02   0.000000e+00   1.291230e+06   1301s
  138718    6.4393351e+02   0.000000e+00   3.278463e+05   1306s
  139252    6.4302184e+02   0.000000e+00   2.336141e+06   1312s
  139608    6.4232046e+02   0.000000e+00   9.301902e+05   1315s
  140142    6.4178687e+02   0.000000e+00   5.108620e+05   1321s
  140676    6.4100159e+02   0.000000e+00   4.529491e+05   1326s
  141210    6.4029739e+02   0.000000e+00   3.979185e+05   1331s
  141744    6.3956752e+02   0.000000e+00   3.172701e+05   1337s
  142100    6.3870351e+02   0.000000e+00   5.359460e+05   1340s
  142634    6.3788377e+02   0.000000e+00   4.039504e+05   1346s
  143168    6.3681777e+02   0.000000e+00   4.900457e+06   1351s
  143702    6.3604574e+02   0.000000e+00   1.175238e+06   1357s
  144058    6.3531635e+02   0.000000e+00   4.140701e+05   1360s
  144592    6.3432394e+02   0.000000e+00   8.271038e+05   1366s
  145126    6.3357918e+02   0.000000e+00   3.502855e+05   1371s
  145660    6.3272275e+02   0.000000e+00   3.997975e+05   1376s
  146194    6.3172601e+02   0.000000e+00   8.412309e+05   1381s
  146728    6.3076157e+02   0.000000e+00   7.678386e+05   1387s
  147084    6.3008531e+02   0.000000e+00   7.761431e+05   1390s
  147618    6.2904590e+02   0.000000e+00   3.833288e+05   1396s
  148152    6.2812480e+02   0.000000e+00   5.373386e+05   1401s
  148686    6.2721181e+02   0.000000e+00   3.775282e+05   1406s
  149220    6.2664604e+02   0.000000e+00   3.870065e+05   1412s
  149754    6.2620230e+02   0.000000e+00   4.688512e+05   1417s
  150110    6.2576583e+02   0.000000e+00   3.280219e+05   1420s
  150644    6.2510474e+02   0.000000e+00   4.586506e+05   1426s
  151178    6.2464582e+02   0.000000e+00   4.617278e+05   1431s
  151712    6.2410432e+02   0.000000e+00   5.500430e+05   1436s
  152246    6.2356928e+02   0.000000e+00   5.551738e+05   1441s
  152780    6.2313998e+02   0.000000e+00   6.815775e+05   1446s
  153314    6.2275689e+02   0.000000e+00   3.307269e+05   1451s
  153848    6.2236506e+02   0.000000e+00   6.262442e+05   1456s
  154382    6.2205209e+02   0.000000e+00   8.556433e+05   1461s
  154916    6.2154896e+02   0.000000e+00   2.506165e+05   1467s
  155272    6.2122708e+02   0.000000e+00   2.969295e+06   1470s
  155806    6.2088069e+02   0.000000e+00   3.003718e+05   1476s
  156340    6.2046971e+02   0.000000e+00   4.715054e+05   1481s
  156874    6.1987175e+02   0.000000e+00   8.777958e+05   1486s
  157408    6.1932869e+02   0.000000e+00   2.804435e+05   1492s
  157942    6.1876382e+02   0.000000e+00   8.591506e+05   1497s
  158476    6.1826406e+02   0.000000e+00   5.119449e+05   1502s
  158832    6.1797014e+02   0.000000e+00   9.907201e+05   1505s
  159366    6.1756901e+02   0.000000e+00   3.466761e+05   1510s
  159900    6.1704404e+02   0.000000e+00   2.592636e+05   1515s
  160434    6.1666939e+02   0.000000e+00   1.257487e+05   1520s
  160968    6.1626807e+02   0.000000e+00   2.908176e+05   1525s
  161502    6.1573246e+02   0.000000e+00   6.055992e+05   1530s
  162036    6.1525635e+02   0.000000e+00   3.784294e+05   1536s
  162570    6.1481796e+02   0.000000e+00   2.798469e+05   1541s
  163104    6.1443900e+02   0.000000e+00   4.402085e+05   1546s
  163638    6.1384499e+02   0.000000e+00   1.924921e+05   1551s
  164172    6.1337944e+02   0.000000e+00   2.929703e+05   1556s
  164706    6.1291699e+02   0.000000e+00   9.027159e+05   1561s
  165240    6.1236284e+02   0.000000e+00   7.521898e+05   1567s
  165774    6.1181565e+02   0.000000e+00   3.777454e+05   1572s
  166130    6.1154859e+02   0.000000e+00   6.663039e+05   1575s
  166664    6.1121102e+02   0.000000e+00   2.903567e+05   1580s
  167198    6.1082854e+02   0.000000e+00   2.490798e+05   1585s
  167732    6.1050529e+02   0.000000e+00   4.524826e+06   1591s
  168266    6.1016020e+02   0.000000e+00   2.995884e+05   1596s
  168800    6.0986809e+02   0.000000e+00   3.785345e+05   1601s
  169334    6.0952652e+02   0.000000e+00   1.298053e+06   1607s
  169690    6.0927972e+02   0.000000e+00   3.350999e+05   1610s
  170224    6.0885969e+02   0.000000e+00   2.250817e+05   1616s
  170758    6.0853930e+02   0.000000e+00   9.932120e+05   1621s
  171292    6.0824123e+02   0.000000e+00   2.086790e+05   1626s
  171826    6.0793513e+02   0.000000e+00   9.418553e+05   1631s
  172360    6.0760602e+02   0.000000e+00   9.175791e+05   1636s
  172894    6.0724360e+02   0.000000e+00   2.660304e+05   1642s
  173250    6.0688233e+02   0.000000e+00   1.494446e+06   1645s
  173784    6.0651573e+02   0.000000e+00   2.388352e+05   1650s
  174318    6.0610478e+02   0.000000e+00   2.134698e+05   1656s
  174852    6.0581691e+02   0.000000e+00   2.476002e+05   1661s
  175386    6.0539697e+02   0.000000e+00   3.549303e+05   1666s
  175920    6.0504543e+02   0.000000e+00   2.594952e+05   1671s
  176276    6.0474669e+02   0.000000e+00   3.758388e+05   1675s
  176810    6.0433084e+02   0.000000e+00   2.132810e+05   1681s
  177344    6.0399605e+02   0.000000e+00   3.544385e+05   1686s
  177878    6.0372496e+02   0.000000e+00   7.393955e+05   1691s
  178412    6.0336616e+02   0.000000e+00   7.123757e+05   1696s
  178946    6.0297218e+02   0.000000e+00   1.702302e+05   1702s
  179480    6.0264525e+02   0.000000e+00   1.505079e+06   1707s
  179836    6.0245632e+02   0.000000e+00   3.734727e+05   1710s
  180370    6.0210412e+02   0.000000e+00   4.067531e+05   1716s
  180904    6.0193724e+02   0.000000e+00   2.282956e+05   1721s
  181438    6.0168281e+02   0.000000e+00   3.295192e+05   1726s
  181972    6.0141186e+02   0.000000e+00   6.623238e+05   1731s
  182506    6.0111369e+02   0.000000e+00   2.286147e+05   1736s
  183040    6.0078027e+02   0.000000e+00   1.988364e+05   1742s
  183396    6.0054028e+02   0.000000e+00   3.398217e+05   1745s
  183930    6.0033083e+02   0.000000e+00   3.348504e+05   1751s
  184464    6.0013421e+02   0.000000e+00   2.436916e+05   1756s
  184998    5.9980565e+02   0.000000e+00   6.433810e+05   1761s
  185532    5.9957542e+02   0.000000e+00   1.567748e+05   1766s
  186066    5.9940695e+02   0.000000e+00   2.191060e+05   1772s
  186600    5.9916962e+02   0.000000e+00   8.180437e+06   1776s
  187134    5.9890810e+02   0.000000e+00   6.578425e+05   1781s
  187490    5.9871260e+02   0.000000e+00   7.057357e+05   1785s
  188024    5.9844854e+02   0.000000e+00   2.090502e+05   1790s
  188558    5.9811334e+02   0.000000e+00   2.168518e+05   1796s
  189092    5.9781369e+02   0.000000e+00   2.427377e+05   1801s
  189626    5.9745286e+02   0.000000e+00   4.616047e+05   1806s
  190160    5.9714856e+02   0.000000e+00   1.970698e+05   1811s
  190694    5.9683805e+02   0.000000e+00   1.774291e+05   1817s
  191050    5.9661451e+02   0.000000e+00   5.434446e+05   1820s
  191584    5.9636812e+02   0.000000e+00   1.638276e+05   1825s
  192118    5.9607955e+02   0.000000e+00   3.007264e+05   1831s
  192652    5.9569644e+02   0.000000e+00   2.099034e+05   1836s
  193186    5.9541590e+02   0.000000e+00   7.706535e+05   1842s
  193542    5.9524075e+02   0.000000e+00   1.223063e+06   1845s
  194076    5.9490049e+02   0.000000e+00   5.152771e+05   1851s
  194610    5.9465479e+02   0.000000e+00   2.541159e+05   1856s
  195144    5.9436323e+02   0.000000e+00   7.520297e+05   1861s
  195678    5.9417220e+02   0.000000e+00   5.412772e+05   1866s
  196212    5.9390796e+02   0.000000e+00   6.396356e+05   1871s
  196568    5.9372860e+02   0.000000e+00   2.690537e+05   1875s
  197102    5.9343761e+02   0.000000e+00   2.042535e+06   1880s
  197636    5.9313734e+02   0.000000e+00   2.720310e+05   1886s
  198170    5.9284647e+02   0.000000e+00   1.734438e+06   1891s
  198526    5.9267820e+02   0.000000e+00   1.809007e+05   1895s
  199060    5.9234337e+02   0.000000e+00   8.544009e+05   1901s
  199594    5.9219595e+02   0.000000e+00   3.591089e+05   1906s
  199950    5.9198940e+02   0.000000e+00   1.452798e+05   1910s
  200484    5.9177648e+02   0.000000e+00   2.895522e+05   1915s
  201018    5.9153830e+02   0.000000e+00   9.695777e+05   1921s
  201552    5.9128573e+02   0.000000e+00   1.301711e+06   1926s
  202086    5.9098449e+02   0.000000e+00   3.791131e+05   1931s
  202442    5.9086024e+02   0.000000e+00   1.415888e+05   1935s
  202976    5.9067510e+02   0.000000e+00   7.678402e+05   1941s
  203510    5.9042306e+02   0.000000e+00   2.153991e+05   1946s
  204044    5.9020967e+02   0.000000e+00   2.999957e+05   1952s
  204400    5.9004708e+02   0.000000e+00   3.539290e+05   1956s
  204934    5.8981063e+02   0.000000e+00   2.002731e+05   1961s
  205468    5.8951200e+02   0.000000e+00   3.342795e+05   1966s
  206002    5.8926818e+02   0.000000e+00   4.331938e+05   1972s
  206358    5.8911682e+02   0.000000e+00   3.918744e+05   1976s
  206892    5.8887222e+02   0.000000e+00   1.587635e+05   1981s
  207426    5.8853292e+02   0.000000e+00   7.067466e+05   1987s
  207782    5.8838660e+02   0.000000e+00   7.254151e+05   1990s
  208316    5.8805137e+02   0.000000e+00   2.641408e+05   1995s
  208850    5.8781007e+02   0.000000e+00   4.038765e+05   2001s
  209384    5.8763378e+02   0.000000e+00   2.193676e+05   2006s
  209918    5.8730347e+02   0.000000e+00   3.128550e+05   2011s
  210274    5.8707349e+02   0.000000e+00   7.162366e+05   2015s
  210808    5.8674665e+02   0.000000e+00   2.228934e+05   2021s
  211342    5.8652208e+02   0.000000e+00   1.921377e+05   2026s
  211698    5.8639417e+02   0.000000e+00   1.903910e+05   2030s
  212232    5.8618439e+02   0.000000e+00   1.403079e+05   2035s
  212766    5.8604042e+02   0.000000e+00   1.942306e+05   2041s
  213300    5.8580656e+02   0.000000e+00   3.650303e+05   2046s
  213834    5.8560726e+02   0.000000e+00   4.783353e+05   2051s
  214368    5.8542733e+02   0.000000e+00   4.675102e+05   2056s
  214902    5.8529683e+02   0.000000e+00   1.734704e+05   2061s
  215436    5.8504693e+02   0.000000e+00   3.170444e+05   2067s
  215792    5.8488162e+02   0.000000e+00   2.861716e+05   2070s
  216326    5.8463123e+02   0.000000e+00   1.909608e+05   2075s
  216860    5.8435125e+02   0.000000e+00   5.253486e+05   2081s
  217394    5.8413177e+02   0.000000e+00   2.464861e+05   2086s
  217928    5.8400794e+02   0.000000e+00   6.910664e+05   2091s
  218462    5.8380215e+02   0.000000e+00   1.328333e+06   2096s
  218996    5.8365233e+02   0.000000e+00   2.025612e+05   2102s
  219352    5.8341727e+02   0.000000e+00   7.411548e+05   2105s
  219886    5.8324410e+02   0.000000e+00   2.163709e+05   2110s
  220420    5.8309017e+02   0.000000e+00   2.261149e+05   2116s
  220954    5.8293829e+02   0.000000e+00   1.725377e+05   2121s
  221488    5.8280968e+02   0.000000e+00   4.244072e+05   2126s
  222022    5.8264651e+02   0.000000e+00   2.746778e+05   2131s
  222556    5.8247496e+02   0.000000e+00   8.136440e+05   2136s
  223090    5.8230233e+02   0.000000e+00   3.457563e+05   2142s
  223624    5.8209590e+02   0.000000e+00   1.629151e+05   2147s
  223980    5.8189617e+02   0.000000e+00   2.697023e+05   2150s
  224514    5.8172564e+02   0.000000e+00   1.643199e+05   2155s
  225048    5.8157413e+02   0.000000e+00   6.770249e+05   2161s
  225582    5.8140914e+02   0.000000e+00   1.164649e+06   2166s
  225938    5.8131601e+02   0.000000e+00   3.314554e+05   2170s
  226472    5.8114863e+02   0.000000e+00   1.068468e+05   2175s
  227006    5.8101602e+02   0.000000e+00   9.852960e+05   2180s
  227540    5.8086616e+02   0.000000e+00   1.805367e+05   2186s
  228074    5.8068892e+02   0.000000e+00   1.794588e+05   2191s
  228608    5.8055409e+02   0.000000e+00   2.288601e+05   2196s
  229142    5.8041112e+02   0.000000e+00   4.069802e+05   2201s
  229676    5.8023291e+02   0.000000e+00   2.594963e+05   2207s
  230032    5.8005843e+02   0.000000e+00   2.285156e+05   2210s
  230566    5.7990776e+02   0.000000e+00   1.073782e+06   2215s
  231100    5.7979112e+02   0.000000e+00   2.301665e+05   2220s
  231634    5.7965391e+02   0.000000e+00   2.095447e+05   2225s
  232168    5.7956709e+02   0.000000e+00   5.798604e+05   2230s
  232702    5.7940198e+02   0.000000e+00   3.027198e+05   2235s
  233236    5.7926670e+02   0.000000e+00   2.373632e+05   2240s
  233770    5.7903527e+02   0.000000e+00   1.884593e+05   2245s
  234304    5.7887025e+02   0.000000e+00   1.391182e+05   2250s
  234838    5.7869618e+02   0.000000e+00   1.818060e+05   2255s
  235372    5.7853412e+02   0.000000e+00   3.711529e+05   2260s
  235906    5.7837866e+02   0.000000e+00   2.525595e+05   2266s
  236440    5.7809717e+02   0.000000e+00   1.730355e+05   2271s
  236974    5.7798661e+02   0.000000e+00   2.249695e+05   2277s
  237330    5.7790960e+02   0.000000e+00   3.020275e+05   2280s
  237864    5.7778536e+02   0.000000e+00   2.174151e+05   2285s
  238398    5.7764390e+02   0.000000e+00   1.868088e+05   2290s
  238932    5.7749873e+02   0.000000e+00   7.018332e+05   2295s
  239466    5.7734821e+02   0.000000e+00   6.178561e+05   2300s
  240000    5.7718684e+02   0.000000e+00   3.449814e+05   2306s
  240534    5.7701745e+02   0.000000e+00   1.478353e+05   2311s
  241068    5.7691032e+02   0.000000e+00   2.320371e+05   2316s
  241602    5.7677145e+02   0.000000e+00   2.342758e+05   2321s
  242136    5.7657051e+02   0.000000e+00   1.408711e+05   2327s
  242670    5.7644563e+02   0.000000e+00   2.116672e+06   2332s
  243026    5.7637584e+02   0.000000e+00   2.176456e+05   2335s
  243560    5.7621581e+02   0.000000e+00   3.577950e+05   2341s
  244094    5.7608854e+02   0.000000e+00   5.105096e+05   2346s
  244628    5.7599512e+02   0.000000e+00   2.280764e+05   2351s
  245162    5.7588691e+02   0.000000e+00   1.139460e+05   2356s
  245696    5.7577574e+02   0.000000e+00   2.154161e+06   2361s
  246230    5.7569735e+02   0.000000e+00   5.568048e+05   2366s
  246764    5.7558090e+02   0.000000e+00   2.606874e+05   2371s
  247298    5.7548448e+02   0.000000e+00   3.046555e+05   2376s
  247832    5.7537694e+02   0.000000e+00   1.395638e+05   2381s
  248366    5.7527403e+02   0.000000e+00   4.676222e+05   2386s
  248900    5.7515514e+02   0.000000e+00   3.547739e+05   2391s
  249434    5.7505235e+02   0.000000e+00   3.619269e+05   2396s
  249968    5.7494453e+02   0.000000e+00   9.527958e+04   2402s
  250502    5.7483034e+02   0.000000e+00   9.095430e+04   2407s
  250858    5.7476732e+02   0.000000e+00   4.291931e+05   2410s
  251392    5.7467468e+02   0.000000e+00   4.658052e+05   2415s
  251926    5.7453568e+02   0.000000e+00   1.208845e+06   2421s
  252460    5.7443997e+02   0.000000e+00   1.418073e+05   2426s
  252994    5.7430665e+02   0.000000e+00   2.812319e+06   2431s
  253528    5.7415702e+02   0.000000e+00   3.793189e+05   2436s
  254062    5.7405175e+02   0.000000e+00   2.306958e+05   2441s
  254596    5.7396795e+02   0.000000e+00   3.545753e+05   2446s
  254952    5.7390898e+02   0.000000e+00   2.335088e+05   2450s
  255486    5.7371643e+02   0.000000e+00   2.832689e+05   2455s
  256020    5.7363091e+02   0.000000e+00   7.219336e+05   2460s
  256554    5.7353796e+02   0.000000e+00   3.835693e+05   2466s
  257088    5.7341985e+02   0.000000e+00   2.397750e+05   2471s
  257622    5.7328758e+02   0.000000e+00   2.472303e+05   2476s
  258156    5.7315103e+02   0.000000e+00   5.656580e+05   2481s
  258690    5.7298516e+02   0.000000e+00   1.867939e+05   2486s
  259224    5.7288996e+02   0.000000e+00   2.732147e+05   2491s
  259758    5.7283770e+02   0.000000e+00   2.302900e+05   2496s
  260292    5.7276330e+02   0.000000e+00   6.079950e+05   2501s
  260826    5.7266647e+02   0.000000e+00   1.833493e+05   2507s
  261182    5.7259920e+02   0.000000e+00   1.583193e+05   2510s
  261716    5.7250667e+02   0.000000e+00   2.911286e+07   2515s
  262250    5.7240797e+02   0.000000e+00   2.721040e+05   2521s
  262784    5.7233678e+02   0.000000e+00   2.784910e+05   2526s
  263318    5.7221637e+02   0.000000e+00   2.360747e+05   2531s
  263852    5.7207001e+02   0.000000e+00   2.612932e+05   2536s
  264386    5.7197386e+02   0.000000e+00   9.309983e+05   2541s
  264920    5.7187376e+02   0.000000e+00   1.066056e+06   2546s
  265454    5.7177204e+02   0.000000e+00   5.107360e+05   2551s
  265988    5.7169166e+02   0.000000e+00   1.499346e+05   2556s
  266522    5.7162162e+02   0.000000e+00   6.667244e+05   2561s
  267056    5.7154880e+02   0.000000e+00   1.816635e+06   2566s
  267590    5.7141806e+02   0.000000e+00   1.467797e+05   2572s
  268124    5.7133417e+02   0.000000e+00   1.316375e+05   2577s
  268480    5.7127916e+02   0.000000e+00   1.980916e+05   2580s
  269014    5.7114622e+02   0.000000e+00   1.547776e+05   2585s
  269548    5.7105727e+02   0.000000e+00   2.989845e+05   2591s
  270082    5.7090687e+02   0.000000e+00   2.808446e+05   2596s
  270616    5.7078663e+02   0.000000e+00   2.879282e+05   2601s
  270972    5.7068241e+02   0.000000e+00   1.529254e+06   2605s
  271506    5.7048202e+02   0.000000e+00   9.056921e+05   2611s
  271862    5.7039400e+02   0.000000e+00   1.204777e+06   2615s
  272396    5.7022801e+02   0.000000e+00   5.216988e+05   2621s
  272930    5.7009849e+02   0.000000e+00   1.263933e+07   2627s
  273286    5.7003361e+02   0.000000e+00   9.675105e+05   2630s
  273820    5.6993849e+02   0.000000e+00   2.035319e+07   2636s
  274354    5.6981196e+02   0.000000e+00   7.635361e+05   2641s
  274812    5.6965220e+02   0.000000e+00   6.953699e+05   2645s
  275322    5.6949006e+02   0.000000e+00   5.749931e+05   2651s
  275862    5.6933498e+02   0.000000e+00   4.433270e+06   2656s
  276282    5.6917865e+02   0.000000e+00   6.897850e+05   2660s
  276926    5.6904169e+02   0.000000e+00   6.804826e+06   2666s
  277286    5.6894571e+02   0.000000e+00   4.121568e+05   2670s
  277874    5.6875296e+02   0.000000e+00   9.361333e+06   2677s
  278222    5.6867753e+02   0.000000e+00   1.398336e+06   2680s
  278740    5.6853461e+02   0.000000e+00   4.614334e+05   2685s
  279270    5.6840417e+02   0.000000e+00   9.209826e+05   2690s
  279770    5.6823728e+02   0.000000e+00   2.066096e+05   2696s
  280290    5.6810418e+02   0.000000e+00   1.445265e+07   2701s
  280730    5.6800168e+02   0.000000e+00   4.792767e+05   2705s
  281394    5.6785895e+02   0.000000e+00   1.560777e+06   2711s
  281870    5.6773453e+02   0.000000e+00   2.848596e+06   2716s
  282340    5.6761469e+02   0.000000e+00   5.349405e+05   2721s
  282780    5.6751287e+02   0.000000e+00   2.968695e+06   2725s
  283370    5.6740869e+02   0.000000e+00   1.165200e+06   2731s
  284020    5.6727755e+02   0.000000e+00   6.186420e+05   2736s
  284540    5.6717703e+02   0.000000e+00   8.713445e+05   2741s
  284930    5.6709229e+02   0.000000e+00   1.021932e+06   2746s
  285390    5.6700150e+02   0.000000e+00   3.277332e+06   2750s
  286070    5.6687563e+02   0.000000e+00   3.192631e+05   2757s
  286400    5.6679366e+02   0.000000e+00   5.622397e+05   2761s
  286960    5.6665760e+02   0.000000e+00   8.761788e+06   2766s
  287360    5.6657221e+02   0.000000e+00   8.125155e+06   2771s
  287890    5.6643119e+02   0.000000e+00   6.804877e+06   2776s
  288330    5.6636262e+02   0.000000e+00   1.047468e+06   2781s
  288810    5.6625929e+02   0.000000e+00   6.467375e+05   2785s
  289380    5.6607541e+02   0.000000e+00   4.012168e+05   2791s
  289820    5.6601008e+02   0.000000e+00   7.283546e+06   2796s
  290270    5.6589674e+02   0.000000e+00   1.429647e+08   2800s
  290770    5.6579498e+02   0.000000e+00   4.518774e+06   2806s
  291230    5.6570515e+02   0.000000e+00   9.350340e+05   2811s
  291720    5.6562781e+02   0.000000e+00   2.515973e+05   2815s
  292390    5.6552979e+02   0.000000e+00   2.101460e+06   2821s
  292856    5.6545063e+02   0.000000e+00   3.611760e+05   2826s
  293212    5.6535864e+02   0.000000e+00   1.431442e+08   2830s
  293700    5.6528857e+02   0.000000e+00   4.336238e+05   2835s
  294380    5.6520905e+02   0.000000e+00   3.294380e+05   2841s
  294840    5.6511813e+02   0.000000e+00   2.445369e+07   2846s
  295170    5.6507801e+02   0.000000e+00   1.133320e+07   2850s
  295620    5.6501457e+02   0.000000e+00   2.342212e+06   2855s
  296106    5.6492224e+02   0.000000e+00   1.574216e+07   2860s
  296564    5.6478067e+02   0.000000e+00   1.608276e+06   2866s
  297098    5.6465008e+02   0.000000e+00   1.800083e+06   2871s
  297528    5.6458224e+02   0.000000e+00   2.254635e+06   2875s
  298118    5.6446495e+02   0.000000e+00   7.135535e+06   2881s
  298468    5.6441845e+02   0.000000e+00   1.261597e+08   2885s
  299002    5.6427018e+02   0.000000e+00   2.049724e+06   2891s
  299536    5.6420426e+02   0.000000e+00   4.705752e+06   2896s
  300086    5.6410641e+02   0.000000e+00   2.370947e+06   2901s
  300456    5.6406548e+02   0.000000e+00   1.702013e+07   2905s
  301066    5.6396231e+02   0.000000e+00   1.344845e+06   2911s
  301586    5.6389201e+02   0.000000e+00   1.770900e+07   2916s
  302036    5.6383023e+02   0.000000e+00   2.353692e+06   2921s
  302536    5.6375906e+02   0.000000e+00   1.195715e+06   2926s
  303076    5.6369292e+02   0.000000e+00   2.382141e+07   2931s
  303496    5.6359836e+02   0.000000e+00   8.015625e+06   2936s
  303976    5.6348507e+02   0.000000e+00   1.603646e+06   2941s
  304426    5.6337396e+02   0.000000e+00   3.677634e+06   2946s
  305022    5.6330608e+02   0.000000e+00   1.016921e+06   2951s
  305500    5.6322330e+02   0.000000e+00   2.010448e+07   2956s
  305950    5.6312184e+02   0.000000e+00   7.449067e+06   2961s
  306320    5.6303602e+02   0.000000e+00   7.674726e+05   2965s
  306676    5.6297126e+02   0.000000e+00   1.544653e+08   2970s
  307210    5.6288444e+02   0.000000e+00   8.995344e+05   2975s
  307720    5.6280108e+02   0.000000e+00   4.934433e+06   2980s
  308326    5.6273529e+02   0.000000e+00   3.996221e+07   2986s
  308784    5.6264808e+02   0.000000e+00   8.003978e+05   2991s
  309134    5.6261379e+02   0.000000e+00   1.063208e+07   2995s
  309624    5.6252713e+02   0.000000e+00   2.419516e+06   3001s
  310158    5.6247760e+02   0.000000e+00   1.112073e+07   3006s
  310486    5.6241494e+02   0.000000e+00   6.872528e+06   3010s
  311074    5.6236043e+02   0.000000e+00   4.357755e+05   3016s
  311694    5.6227919e+02   0.000000e+00   1.605023e+07   3022s
  311982    5.6219523e+02   0.000000e+00   1.257235e+06   3026s
  312498    5.6212693e+02   0.000000e+00   2.387284e+07   3032s
  312854    5.6202713e+02   0.000000e+00   7.083803e+05   3036s
  313210    5.6196602e+02   0.000000e+00   2.534540e+07   3040s
  313744    5.6185858e+02   0.000000e+00   1.520802e+06   3046s
  314100    5.6180220e+02   0.000000e+00   1.640825e+06   3050s
  314634    5.6175345e+02   0.000000e+00   1.579759e+07   3055s
  314990    5.6171900e+02   0.000000e+00   2.009817e+06   3060s
  315524    5.6167564e+02   0.000000e+00   8.283744e+06   3066s
  315804    5.6160804e+02   0.000000e+00   1.440004e+07   3070s
  316372    5.6153834e+02   0.000000e+00   1.121172e+06   3077s
  316728    5.6151684e+02   0.000000e+00   2.533022e+06   3080s
  317084    5.6146541e+02   0.000000e+00   2.378097e+06   3085s
  317618    5.6140872e+02   0.000000e+00   9.559598e+07   3091s
  317974    5.6136166e+02   0.000000e+00   1.677635e+06   3095s
  318508    5.6130460e+02   0.000000e+00   3.928893e+06   3102s
  318864    5.6125844e+02   0.000000e+00   1.968031e+06   3106s
  319212    5.6120395e+02   0.000000e+00   8.882985e+06   3110s
  319690    5.6117257e+02   0.000000e+00   1.168076e+07   3116s
  320046    5.6112042e+02   0.000000e+00   3.239361e+06   3122s
  320402    5.6105976e+02   0.000000e+00   8.634367e+06   3127s
  320758    5.6100859e+02   0.000000e+00   2.582809e+07   3132s
  321114    5.6095586e+02   0.000000e+00   9.493819e+07   3136s
  321470    5.6090093e+02   0.000000e+00   5.945739e+06   3141s
  321826    5.6085070e+02   0.000000e+00   1.649112e+08   3145s
  322182    5.6078443e+02   0.000000e+00   3.087627e+05   3150s
  322716    5.6070883e+02   0.000000e+00   2.640862e+06   3156s
  323072    5.6066243e+02   0.000000e+00   2.049055e+06   3161s
  323428    5.6061047e+02   0.000000e+00   3.797617e+06   3165s
  323962    5.6052680e+02   0.000000e+00   5.679822e+05   3172s
  324318    5.6047973e+02   0.000000e+00   4.045806e+05   3176s
  324852    5.6042504e+02   0.000000e+00   1.400198e+06   3183s
  325030    5.6039306e+02   0.000000e+00   7.618670e+06   3187s
  325208    5.6036745e+02   0.000000e+00   2.057719e+06   3192s
  325386    5.6034011e+02   0.000000e+00   2.154550e+06   3196s
  325564    5.6030139e+02   0.000000e+00   1.376737e+08   3200s
  325920    5.6022523e+02   0.000000e+00   2.663480e+06   3209s
  326098    5.6018344e+02   0.000000e+00   6.746994e+06   3212s
  326276    5.6015240e+02   0.000000e+00   3.731257e+06   3216s
  326454    5.6011778e+02   0.000000e+00   1.555163e+06   3220s
  326810    5.6007049e+02   0.000000e+00   1.671088e+06   3228s
  326988    5.6004421e+02   0.000000e+00   1.058317e+06   3232s
  327166    5.6002051e+02   0.000000e+00   3.152383e+06   3236s
  327344    5.5999963e+02   0.000000e+00   5.868993e+05   3241s
  327700    5.5992726e+02   0.000000e+00   8.778929e+05   3248s
  327878    5.5990145e+02   0.000000e+00   8.178783e+05   3253s
  328056    5.5986935e+02   0.000000e+00   1.838528e+06   3257s
  328234    5.5982854e+02   0.000000e+00   2.104433e+06   3262s
  328412    5.5980320e+02   0.000000e+00   3.016280e+06   3266s
  328590    5.5977406e+02   0.000000e+00   5.200779e+05   3271s
  328946    5.5972257e+02   0.000000e+00   7.594909e+05   3279s
  329124    5.5969592e+02   0.000000e+00   1.653970e+06   3283s
  329302    5.5967239e+02   0.000000e+00   1.875497e+07   3287s
  329480    5.5964154e+02   0.000000e+00   4.572493e+06   3291s
  329658    5.5961917e+02   0.000000e+00   4.502974e+06   3295s
  330014    5.5955973e+02   0.000000e+00   1.874805e+06   3304s
  330192    5.5953247e+02   0.000000e+00   4.863905e+05   3308s
  330370    5.5950677e+02   0.000000e+00   9.839468e+05   3312s
  330548    5.5948361e+02   0.000000e+00   2.582086e+06   3316s
  330726    5.5945232e+02   0.000000e+00   4.874901e+06   3320s
  331082    5.5938108e+02   0.000000e+00   1.699222e+06   3329s
  331260    5.5935241e+02   0.000000e+00   1.731678e+06   3333s
  331438    5.5932495e+02   0.000000e+00   3.972916e+06   3337s
  331616    5.5930239e+02   0.000000e+00   4.289108e+06   3341s
  331794    5.5927127e+02   0.000000e+00   1.127970e+07   3346s
  331972    5.5923873e+02   0.000000e+00   5.746566e+06   3350s
  332328    5.5918688e+02   0.000000e+00   6.471711e+05   3359s
  332506    5.5916319e+02   0.000000e+00   1.160327e+06   3363s
  332684    5.5914282e+02   0.000000e+00   5.807747e+05   3368s
  332862    5.5912158e+02   0.000000e+00   9.509793e+05   3372s
  333040    5.5909099e+02   0.000000e+00   5.226917e+05   3376s
  333218    5.5905573e+02   0.000000e+00   2.819158e+06   3381s
  333396    5.5902836e+02   0.000000e+00   5.399024e+05   3385s
  333752    5.5898770e+02   0.000000e+00   2.192352e+07   3394s
  333930    5.5895304e+02   0.000000e+00   1.632182e+06   3398s
  334108    5.5892673e+02   0.000000e+00   1.100919e+06   3403s
  334286    5.5890181e+02   0.000000e+00   8.838422e+05   3407s
  334464    5.5888063e+02   0.000000e+00   5.167138e+06   3412s
  334642    5.5885548e+02   0.000000e+00   2.293843e+06   3416s
  334820    5.5883096e+02   0.000000e+00   1.385892e+06   3421s
  334998    5.5880723e+02   0.000000e+00   7.165590e+05   3425s
  335354    5.5872603e+02   0.000000e+00   1.993583e+07   3434s
  335532    5.5869173e+02   0.000000e+00   8.013926e+05   3438s
  335710    5.5865871e+02   0.000000e+00   1.823450e+06   3443s
  335888    5.5862688e+02   0.000000e+00   1.136700e+06   3447s
  336066    5.5859515e+02   0.000000e+00   7.608737e+05   3451s
  336244    5.5856230e+02   0.000000e+00   1.145739e+06   3456s
  336422    5.5853035e+02   0.000000e+00   1.046982e+07   3460s
  336778    5.5845541e+02   0.000000e+00   3.702061e+05   3469s
  336956    5.5842406e+02   0.000000e+00   1.593568e+07   3474s
  337134    5.5839109e+02   0.000000e+00   1.388502e+06   3478s
  337312    5.5835221e+02   0.000000e+00   1.125022e+06   3483s
  337490    5.5831857e+02   0.000000e+00   9.645532e+05   3487s
  337668    5.5828257e+02   0.000000e+00   6.094610e+06   3491s
  337846    5.5825361e+02   0.000000e+00   9.068295e+05   3496s
  338024    5.5822625e+02   0.000000e+00   1.252690e+06   3500s
  338380    5.5817026e+02   0.000000e+00   7.068704e+05   3509s
  338558    5.5812902e+02   0.000000e+00   6.686548e+06   3513s
  338736    5.5808919e+02   0.000000e+00   1.360641e+07   3517s
  338914    5.5804594e+02   0.000000e+00   2.618409e+06   3522s
  339092    5.5801482e+02   0.000000e+00   1.068676e+07   3526s
  339270    5.5797961e+02   0.000000e+00   4.243363e+06   3531s
  339626    5.5792367e+02   0.000000e+00   1.890989e+06   3539s
  339804    5.5789746e+02   0.000000e+00   6.634312e+05   3544s
  339982    5.5787655e+02   0.000000e+00   1.444228e+06   3548s
  340160    5.5784001e+02   0.000000e+00   5.311780e+05   3552s
  340338    5.5781132e+02   0.000000e+00   4.024747e+05   3557s
  340516    5.5777967e+02   0.000000e+00   6.220559e+05   3561s
  340694    5.5775243e+02   0.000000e+00   6.866559e+05   3566s
  340872    5.5772775e+02   0.000000e+00   2.927124e+06   3571s
  341050    5.5769086e+02   0.000000e+00   2.908610e+06   3575s
  341406    5.5764178e+02   0.000000e+00   1.450220e+06   3584s
  341584    5.5761619e+02   0.000000e+00   3.019096e+06   3589s
  341762    5.5759309e+02   0.000000e+00   9.235865e+06   3594s
  341940    5.5756982e+02   0.000000e+00   3.447166e+06   3598s
  342118    5.5753732e+02   0.000000e+00   1.442811e+06   3602s
  342296    5.5751845e+02   0.000000e+00   7.848758e+06   3607s
  342474    5.5750099e+02   0.000000e+00   8.337563e+05   3611s
  342652    5.5747835e+02   0.000000e+00   2.364805e+06   3616s
  342830    5.5745157e+02   0.000000e+00   5.990642e+06   3620s
  343186    5.5739725e+02   0.000000e+00   3.118312e+06   3629s
  343364    5.5737900e+02   0.000000e+00   1.390388e+07   3634s
  343542    5.5734832e+02   0.000000e+00   1.141079e+06   3638s
  343720    5.5732440e+02   0.000000e+00   3.295197e+05   3643s
  343898    5.5729651e+02   0.000000e+00   1.922018e+06   3647s
  344076    5.5727493e+02   0.000000e+00   6.749246e+05   3651s
  344254    5.5724018e+02   0.000000e+00   1.485780e+06   3656s
  344432    5.5721801e+02   0.000000e+00   2.123145e+06   3660s
  344788    5.5716630e+02   0.000000e+00   1.420265e+06   3669s
  344966    5.5713238e+02   0.000000e+00   6.685932e+05   3673s
  345144    5.5710225e+02   0.000000e+00   9.509817e+05   3678s
  345322    5.5706548e+02   0.000000e+00   6.923323e+06   3682s
  345500    5.5702324e+02   0.000000e+00   8.524123e+05   3687s
  345678    5.5699223e+02   0.000000e+00   1.227912e+06   3691s
  345856    5.5697074e+02   0.000000e+00   6.497825e+05   3696s
  346034    5.5694949e+02   0.000000e+00   2.247518e+06   3701s
  346212    5.5692756e+02   0.000000e+00   4.194573e+06   3705s
  346568    5.5687446e+02   0.000000e+00   4.005341e+05   3714s
  346746    5.5684745e+02   0.000000e+00   3.730944e+05   3719s
  346924    5.5682874e+02   0.000000e+00   5.891451e+06   3724s
  347102    5.5680294e+02   0.000000e+00   9.631874e+05   3728s
  347280    5.5677830e+02   0.000000e+00   1.779156e+07   3733s
  347458    5.5676385e+02   0.000000e+00   3.946266e+06   3737s
  347636    5.5674100e+02   0.000000e+00   2.101788e+06   3741s
  347814    5.5671842e+02   0.000000e+00   1.565050e+06   3746s
  347992    5.5669146e+02   0.000000e+00   2.000878e+06   3750s
  348348    5.5663846e+02   0.000000e+00   4.822695e+06   3758s
  348526    5.5661166e+02   0.000000e+00   4.734664e+06   3763s
  348704    5.5658086e+02   0.000000e+00   3.634449e+05   3767s
  348882    5.5655605e+02   0.000000e+00   7.878872e+05   3772s
  349060    5.5652645e+02   0.000000e+00   5.083531e+07   3777s
  349238    5.5649756e+02   0.000000e+00   4.329982e+06   3782s
  349416    5.5647739e+02   0.000000e+00   1.597656e+06   3787s
  349594    5.5645441e+02   0.000000e+00   6.115413e+05   3791s
  349772    5.5642725e+02   0.000000e+00   8.024770e+06   3796s
  349950    5.5640932e+02   0.000000e+00   9.276678e+05   3800s
  350306    5.5636177e+02   0.000000e+00   1.129515e+06   3809s
  350484    5.5634106e+02   0.000000e+00   5.508355e+05   3814s
  350662    5.5631845e+02   0.000000e+00   1.502515e+06   3818s
  350840    5.5630068e+02   0.000000e+00   1.091234e+06   3823s
  351018    5.5627045e+02   0.000000e+00   7.800963e+05   3827s
  351196    5.5623663e+02   0.000000e+00   5.323618e+06   3832s
  351374    5.5621875e+02   0.000000e+00   1.415472e+06   3837s
  351552    5.5619240e+02   0.000000e+00   4.210171e+06   3841s
  351730    5.5615789e+02   0.000000e+00   8.805182e+05   3846s
  351908    5.5613707e+02   0.000000e+00   3.240916e+06   3851s
  352086    5.5612001e+02   0.000000e+00   2.013927e+06   3855s
  352442    5.5607191e+02   0.000000e+00   1.566525e+06   3864s
  352620    5.5604747e+02   0.000000e+00   1.001146e+06   3869s
  352798    5.5602018e+02   0.000000e+00   4.345507e+05   3874s
  352976    5.5599339e+02   0.000000e+00   2.624818e+06   3878s
  353154    5.5596355e+02   0.000000e+00   2.583628e+06   3883s
  353332    5.5593216e+02   0.000000e+00   1.017345e+06   3888s
  353510    5.5590382e+02   0.000000e+00   4.167357e+05   3892s
  353688    5.5587916e+02   0.000000e+00   4.373071e+06   3897s
  353866    5.5584352e+02   0.000000e+00   8.892174e+06   3902s
  354044    5.5581560e+02   0.000000e+00   2.422232e+06   3906s
  354222    5.5579482e+02   0.000000e+00   3.061656e+06   3911s
  354400    5.5576713e+02   0.000000e+00   7.415001e+05   3915s
  354756    5.5570477e+02   0.000000e+00   1.424488e+06   3924s
  354934    5.5567613e+02   0.000000e+00   1.308341e+06   3929s
  355112    5.5565533e+02   0.000000e+00   4.199245e+06   3934s
  355290    5.5563257e+02   0.000000e+00   9.075747e+06   3938s
  355468    5.5561047e+02   0.000000e+00   7.324570e+05   3943s
  355646    5.5558285e+02   0.000000e+00   1.862144e+06   3948s
  355824    5.5555041e+02   0.000000e+00   1.618925e+06   3952s
  356002    5.5551927e+02   0.000000e+00   8.431622e+05   3957s
  356180    5.5548499e+02   0.000000e+00   7.023773e+06   3961s
  356358    5.5545631e+02   0.000000e+00   1.697449e+06   3965s
  356536    5.5541745e+02   0.000000e+00   6.551060e+06   3970s
  356892    5.5534559e+02   0.000000e+00   4.688850e+07   3979s
  357070    5.5531540e+02   0.000000e+00   4.363077e+06   3984s
  357248    5.5528581e+02   0.000000e+00   2.998355e+05   3988s
  357426    5.5525069e+02   0.000000e+00   4.559254e+06   3993s
  357604    5.5521404e+02   0.000000e+00   1.268570e+06   3997s
  357782    5.5518599e+02   0.000000e+00   2.358028e+05   4002s
  357960    5.5515824e+02   0.000000e+00   2.279180e+06   4006s
  358138    5.5512696e+02   0.000000e+00   5.257893e+06   4010s
  358316    5.5510247e+02   0.000000e+00   4.288743e+05   4015s
  358672    5.5505646e+02   0.000000e+00   1.136855e+06   4025s
  358850    5.5502787e+02   0.000000e+00   1.376097e+06   4029s
  359028    5.5500225e+02   0.000000e+00   6.496661e+05   4034s
  359206    5.5497754e+02   0.000000e+00   4.538645e+06   4038s
  359384    5.5495183e+02   0.000000e+00   4.639722e+05   4043s
  359562    5.5492544e+02   0.000000e+00   3.159220e+06   4047s
  359740    5.5488996e+02   0.000000e+00   1.079533e+07   4052s
  359918    5.5485900e+02   0.000000e+00   5.133804e+06   4057s
  360096    5.5482256e+02   0.000000e+00   1.799232e+06   4061s
  360274    5.5477554e+02   0.000000e+00   7.994894e+05   4066s
  360452    5.5473616e+02   0.000000e+00   6.049408e+05   4070s
  360808    5.5467537e+02   0.000000e+00   3.894126e+06   4080s
  360986    5.5464899e+02   0.000000e+00   3.089467e+06   4084s
  361164    5.5462093e+02   0.000000e+00   9.298676e+05   4089s
  361342    5.5459615e+02   0.000000e+00   4.935428e+06   4094s
  361520    5.5456432e+02   0.000000e+00   1.192529e+06   4098s
  361698    5.5454067e+02   0.000000e+00   3.050117e+05   4103s
  361876    5.5451573e+02   0.000000e+00   9.935468e+06   4107s
  362054    5.5448338e+02   0.000000e+00   9.031272e+05   4112s
  362232    5.5444661e+02   0.000000e+00   4.474426e+05   4116s
  362410    5.5441254e+02   0.000000e+00   1.519992e+06   4121s
  362588    5.5437383e+02   0.000000e+00   3.007913e+06   4126s
  362766    5.5434349e+02   0.000000e+00   2.600676e+06   4130s
  363122    5.5428535e+02   0.000000e+00   2.862491e+06   4139s
  363300    5.5425632e+02   0.000000e+00   6.438262e+05   4144s
  363478    5.5421716e+02   0.000000e+00   1.494748e+07   4148s
  363656    5.5419726e+02   0.000000e+00   5.076271e+06   4153s
  363834    5.5416821e+02   0.000000e+00   3.542919e+05   4158s
  364012    5.5414789e+02   0.000000e+00   4.637289e+06   4162s
  364190    5.5412688e+02   0.000000e+00   1.275141e+06   4167s
  364368    5.5409608e+02   0.000000e+00   3.293230e+06   4171s
  364546    5.5406627e+02   0.000000e+00   3.211172e+06   4175s
  364724    5.5402314e+02   0.000000e+00   1.690335e+06   4180s
  365080    5.5396401e+02   0.000000e+00   2.963859e+06   4189s
  365258    5.5393892e+02   0.000000e+00   2.306439e+06   4194s
  365436    5.5390897e+02   0.000000e+00   1.634491e+06   4199s
  365614    5.5388239e+02   0.000000e+00   1.724532e+06   4203s
  365792    5.5385647e+02   0.000000e+00   4.712668e+06   4208s
  365970    5.5383372e+02   0.000000e+00   1.252259e+06   4213s
  366148    5.5381104e+02   0.000000e+00   1.391013e+07   4218s
  366326    5.5378760e+02   0.000000e+00   7.212891e+05   4222s
  366504    5.5376741e+02   0.000000e+00   1.112090e+06   4227s
  366682    5.5375220e+02   0.000000e+00   4.736774e+05   4232s
  366860    5.5372340e+02   0.000000e+00   8.348601e+05   4237s
  367038    5.5370274e+02   0.000000e+00   1.499646e+06   4241s
  367216    5.5367327e+02   0.000000e+00   3.450488e+06   4246s
  367394    5.5363954e+02   0.000000e+00   1.853382e+06   4251s
  367572    5.5359331e+02   0.000000e+00   1.084345e+06   4255s
  367928    5.5352984e+02   0.000000e+00   8.156410e+05   4265s
  368106    5.5349709e+02   0.000000e+00   1.094210e+07   4269s
  368284    5.5346178e+02   0.000000e+00   6.883348e+05   4274s
  368462    5.5342777e+02   0.000000e+00   1.472109e+07   4279s
  368640    5.5339581e+02   0.000000e+00   3.723718e+06   4283s
  368818    5.5336257e+02   0.000000e+00   5.426902e+06   4288s
  368996    5.5332438e+02   0.000000e+00   6.051980e+06   4293s
  369174    5.5328399e+02   0.000000e+00   7.741078e+05   4297s
  369352    5.5324152e+02   0.000000e+00   2.240396e+06   4302s
  369530    5.5321074e+02   0.000000e+00   1.422451e+06   4307s
  369708    5.5317642e+02   0.000000e+00   5.917787e+05   4311s
  369886    5.5314198e+02   0.000000e+00   1.492692e+07   4316s
  370064    5.5310441e+02   0.000000e+00   1.565357e+06   4321s
  370242    5.5305705e+02   0.000000e+00   3.117831e+06   4326s
  370420    5.5301726e+02   0.000000e+00   1.790282e+06   4330s
  370776    5.5293906e+02   0.000000e+00   3.045137e+07   4340s
  370954    5.5290309e+02   0.000000e+00   1.397354e+07   4346s
  371132    5.5286322e+02   0.000000e+00   1.381321e+06   4351s
  371310    5.5283431e+02   0.000000e+00   9.259876e+05   4355s
  371488    5.5281016e+02   0.000000e+00   3.311324e+06   4360s
  371844    5.5275698e+02   0.000000e+00   8.644573e+05   4370s
  372022    5.5273241e+02   0.000000e+00   1.007847e+06   4375s
  372200    5.5270474e+02   0.000000e+00   2.340437e+06   4380s
  372378    5.5267834e+02   0.000000e+00   1.746266e+06   4384s
  372556    5.5265939e+02   0.000000e+00   4.615027e+05   4389s
  372734    5.5263443e+02   0.000000e+00   8.441874e+05   4394s
  372912    5.5260838e+02   0.000000e+00   3.531285e+07   4398s
  373090    5.5258485e+02   0.000000e+00   5.830903e+05   4403s
  373268    5.5256149e+02   0.000000e+00   3.823733e+06   4408s
  373446    5.5253844e+02   0.000000e+00   1.062670e+06   4413s
  373624    5.5251683e+02   0.000000e+00   9.873979e+05   4418s
  373802    5.5249117e+02   0.000000e+00   4.606991e+05   4423s
  373980    5.5246345e+02   0.000000e+00   3.524561e+06   4427s
  374158    5.5243401e+02   0.000000e+00   6.807997e+06   4432s
  374336    5.5241343e+02   0.000000e+00   1.892308e+07   4436s
  374514    5.5238890e+02   0.000000e+00   4.955915e+06   4442s
  374692    5.5237341e+02   0.000000e+00   2.428120e+06   4446s
  374870    5.5235217e+02   0.000000e+00   3.651431e+07   4451s
  375048    5.5232778e+02   0.000000e+00   1.116585e+06   4455s
  375404    5.5228228e+02   0.000000e+00   8.698877e+06   4464s
  375582    5.5225911e+02   0.000000e+00   4.177252e+06   4469s
  375760    5.5223317e+02   0.000000e+00   8.994736e+06   4474s
  375938    5.5220700e+02   0.000000e+00   1.769606e+06   4480s
  376116    5.5218313e+02   0.000000e+00   1.061844e+06   4484s
  376294    5.5215622e+02   0.000000e+00   1.295961e+06   4489s
  376472    5.5212110e+02   0.000000e+00   7.224510e+05   4494s
  376650    5.5209119e+02   0.000000e+00   3.651669e+06   4498s
  376828    5.5206292e+02   0.000000e+00   2.057566e+06   4503s
  377006    5.5203013e+02   0.000000e+00   1.097446e+06   4509s
  377184    5.5199343e+02   0.000000e+00   1.605600e+06   4513s
  377362    5.5196599e+02   0.000000e+00   1.696937e+06   4518s
  377540    5.5193941e+02   0.000000e+00   9.433609e+05   4522s
  377718    5.5191505e+02   0.000000e+00   1.127771e+06   4527s
  377896    5.5189128e+02   0.000000e+00   1.851017e+06   4532s
  378074    5.5186852e+02   0.000000e+00   1.056985e+06   4537s
  378252    5.5184858e+02   0.000000e+00   7.144043e+05   4541s
  378430    5.5182605e+02   0.000000e+00   5.171558e+05   4546s
  378608    5.5180414e+02   0.000000e+00   8.061696e+05   4551s
  378786    5.5178248e+02   0.000000e+00   9.474835e+05   4556s
  378964    5.5175594e+02   0.000000e+00   5.916702e+05   4560s
  379320    5.5170589e+02   0.000000e+00   2.902178e+06   4569s
  379498    5.5168357e+02   0.000000e+00   3.159824e+07   4574s
  379676    5.5166235e+02   0.000000e+00   1.471082e+06   4579s
  379854    5.5164246e+02   0.000000e+00   1.085935e+06   4583s
  380032    5.5162538e+02   0.000000e+00   1.396723e+07   4588s
  380210    5.5160800e+02   0.000000e+00   6.608583e+05   4593s
  380388    5.5158684e+02   0.000000e+00   1.038962e+06   4598s
  380566    5.5155676e+02   0.000000e+00   4.357384e+05   4602s
  380744    5.5152665e+02   0.000000e+00   1.984993e+07   4607s
  380922    5.5150924e+02   0.000000e+00   4.081094e+05   4612s
  381100    5.5148833e+02   0.000000e+00   1.601627e+06   4616s
  381278    5.5146544e+02   0.000000e+00   3.222694e+06   4621s
  381456    5.5143804e+02   0.000000e+00   6.495092e+05   4626s
  381634    5.5141856e+02   0.000000e+00   4.448414e+05   4630s
  381990    5.5137057e+02   0.000000e+00   7.625810e+05   4640s
  382168    5.5134964e+02   0.000000e+00   1.286142e+06   4645s
  382346    5.5132469e+02   0.000000e+00   1.561083e+06   4650s
  382524    5.5129657e+02   0.000000e+00   3.340373e+06   4654s
  382702    5.5127588e+02   0.000000e+00   7.999266e+06   4659s
  382880    5.5125552e+02   0.000000e+00   4.536688e+05   4663s
  383058    5.5123526e+02   0.000000e+00   1.601637e+06   4668s
  383236    5.5121473e+02   0.000000e+00   3.265399e+05   4672s
  383414    5.5119003e+02   0.000000e+00   1.009561e+06   4677s
  383592    5.5117178e+02   0.000000e+00   1.231000e+06   4681s
  383770    5.5115366e+02   0.000000e+00   8.285553e+05   4686s
  383948    5.5112866e+02   0.000000e+00   3.033297e+06   4690s
  384126    5.5110924e+02   0.000000e+00   4.351273e+05   4695s
  384482    5.5106483e+02   0.000000e+00   1.298613e+06   4704s
  384660    5.5104279e+02   0.000000e+00   7.400861e+05   4709s
  384838    5.5101470e+02   0.000000e+00   3.643115e+05   4713s
  385016    5.5098584e+02   0.000000e+00   7.965182e+05   4717s
  385194    5.5095499e+02   0.000000e+00   1.002227e+06   4722s
  385372    5.5093433e+02   0.000000e+00   7.341395e+05   4726s
  385550    5.5091911e+02   0.000000e+00   7.069451e+05   4731s
  385728    5.5090144e+02   0.000000e+00   1.346539e+06   4736s
  385906    5.5088464e+02   0.000000e+00   6.573911e+05   4741s
  386084    5.5086502e+02   0.000000e+00   8.892040e+06   4745s
  386440    5.5082646e+02   0.000000e+00   5.026563e+05   4754s
  386618    5.5080565e+02   0.000000e+00   8.714142e+06   4759s
  386796    5.5078587e+02   0.000000e+00   1.831553e+06   4764s
  386974    5.5076458e+02   0.000000e+00   1.657195e+06   4768s
  387152    5.5074266e+02   0.000000e+00   1.296894e+06   4773s
  387330    5.5072235e+02   0.000000e+00   3.980298e+06   4777s
  387508    5.5069841e+02   0.000000e+00   8.147201e+05   4782s
  387686    5.5067661e+02   0.000000e+00   2.767095e+06   4787s
  387864    5.5065219e+02   0.000000e+00   1.719152e+06   4792s
  388042    5.5062959e+02   0.000000e+00   3.186257e+06   4796s
  388220    5.5060656e+02   0.000000e+00   1.617202e+07   4801s
  388398    5.5058044e+02   0.000000e+00   3.115001e+06   4805s
  388576    5.5056286e+02   0.000000e+00   1.104658e+07   4810s
  388932    5.5051167e+02   0.000000e+00   1.515509e+06   4820s
  389110    5.5048831e+02   0.000000e+00   7.520910e+05   4824s
  389288    5.5046438e+02   0.000000e+00   6.013703e+05   4829s
  389466    5.5044467e+02   0.000000e+00   2.191512e+07   4834s
  389644    5.5042166e+02   0.000000e+00   3.828496e+07   4838s
  389822    5.5039742e+02   0.000000e+00   1.474413e+07   4843s
  390000    5.5037064e+02   0.000000e+00   2.713460e+06   4847s
  390178    5.5034959e+02   0.000000e+00   6.475669e+05   4852s
  390356    5.5031931e+02   0.000000e+00   8.326163e+06   4856s
  390534    5.5029475e+02   0.000000e+00   3.774652e+06   4861s
  390712    5.5026731e+02   0.000000e+00   1.835029e+06   4866s
  390890    5.5024695e+02   0.000000e+00   3.079290e+06   4870s
  391068    5.5022560e+02   0.000000e+00   6.866848e+05   4875s
  391424    5.5018102e+02   0.000000e+00   3.090802e+06   4884s
  391602    5.5015631e+02   0.000000e+00   4.019815e+05   4889s
  391780    5.5013615e+02   0.000000e+00   3.457868e+06   4893s
  391958    5.5011555e+02   0.000000e+00   3.004874e+06   4898s
  392136    5.5009462e+02   0.000000e+00   1.243899e+06   4903s
  392314    5.5007643e+02   0.000000e+00   3.510520e+05   4908s
  392492    5.5005428e+02   0.000000e+00   1.715328e+06   4912s
  392670    5.5003662e+02   0.000000e+00   7.027422e+05   4917s
  392848    5.5001587e+02   0.000000e+00   1.149872e+06   4922s
  393026    5.4999146e+02   0.000000e+00   2.873060e+05   4926s
  393204    5.4996999e+02   0.000000e+00   7.835723e+05   4931s
  393382    5.4994234e+02   0.000000e+00   1.851292e+06   4935s
  393560    5.4991847e+02   0.000000e+00   1.671831e+06   4940s
  393916    5.4988121e+02   0.000000e+00   7.920155e+05   4949s
  394094    5.4986465e+02   0.000000e+00   1.034724e+06   4954s
  394272    5.4984019e+02   0.000000e+00   4.514089e+05   4959s
  394450    5.4981766e+02   0.000000e+00   7.322689e+05   4964s
  394628    5.4979561e+02   0.000000e+00   1.072713e+06   4968s
  394806    5.4977888e+02   0.000000e+00   1.543769e+06   4973s
  394984    5.4976271e+02   0.000000e+00   1.588279e+06   4977s
  395162    5.4973883e+02   0.000000e+00   2.577324e+07   4982s
  395340    5.4972397e+02   0.000000e+00   1.621127e+06   4987s
  395518    5.4970259e+02   0.000000e+00   1.275010e+06   4991s
  395696    5.4967918e+02   0.000000e+00   4.029088e+05   4996s
  395874    5.4965499e+02   0.000000e+00   8.571862e+06   5001s
  396230    5.4961334e+02   0.000000e+00   8.351095e+05   5010s
  396408    5.4959140e+02   0.000000e+00   2.326273e+06   5014s
  396586    5.4957232e+02   0.000000e+00   1.066910e+06   5019s
  396764    5.4955314e+02   0.000000e+00   1.101834e+06   5023s
  396942    5.4952686e+02   0.000000e+00   3.628953e+05   5028s
  397120    5.4949899e+02   0.000000e+00   1.205466e+06   5033s
  397298    5.4948137e+02   0.000000e+00   2.643438e+06   5037s
  397476    5.4946277e+02   0.000000e+00   2.427829e+06   5042s
  397654    5.4944474e+02   0.000000e+00   4.555555e+05   5047s
  397832    5.4942355e+02   0.000000e+00   4.468491e+06   5051s
  398010    5.4940640e+02   0.000000e+00   1.880621e+06   5056s
  398188    5.4938565e+02   0.000000e+00   2.110372e+06   5060s
  398544    5.4934466e+02   0.000000e+00   4.658240e+05   5069s
  398722    5.4931960e+02   0.000000e+00   1.078293e+06   5074s
  398900    5.4929908e+02   0.000000e+00   1.791718e+06   5078s
  399078    5.4927502e+02   0.000000e+00   1.083094e+06   5083s
  399256    5.4925082e+02   0.000000e+00   3.096597e+06   5088s
  399434    5.4923321e+02   0.000000e+00   8.514484e+06   5092s
  399612    5.4920598e+02   0.000000e+00   6.204721e+05   5096s
  399790    5.4918539e+02   0.000000e+00   4.305013e+06   5101s
  399968    5.4916723e+02   0.000000e+00   1.344109e+07   5105s
  400324    5.4913351e+02   0.000000e+00   7.960111e+06   5114s
  400502    5.4911156e+02   0.000000e+00   5.378236e+05   5119s
  400680    5.4908873e+02   0.000000e+00   3.295017e+05   5124s
  400858    5.4906509e+02   0.000000e+00   5.063586e+06   5128s
  401036    5.4904632e+02   0.000000e+00   8.013762e+06   5133s
  401214    5.4902906e+02   0.000000e+00   7.070040e+05   5138s
  401392    5.4900694e+02   0.000000e+00   9.540460e+05   5143s
  401570    5.4899114e+02   0.000000e+00   5.977083e+05   5148s
  401748    5.4896969e+02   0.000000e+00   5.937637e+05   5153s
  401926    5.4895087e+02   0.000000e+00   7.072955e+06   5157s
  402104    5.4893197e+02   0.000000e+00   4.401418e+06   5162s
  402282    5.4890904e+02   0.000000e+00   2.032679e+06   5166s
  402460    5.4888949e+02   0.000000e+00   6.086948e+05   5171s
  402638    5.4886541e+02   0.000000e+00   6.129890e+06   5175s
  402994    5.4881094e+02   0.000000e+00   8.575255e+05   5184s
  403172    5.4878698e+02   0.000000e+00   1.126055e+07   5189s
  403350    5.4876479e+02   0.000000e+00   1.553797e+08   5194s
  403528    5.4873809e+02   0.000000e+00   1.595340e+06   5198s
  403706    5.4871894e+02   0.000000e+00   1.110554e+06   5203s
  403884    5.4869394e+02   0.000000e+00   6.104201e+06   5207s
  404062    5.4867552e+02   0.000000e+00   6.225159e+05   5212s
  404240    5.4865911e+02   0.000000e+00   2.278725e+06   5217s
  404418    5.4864041e+02   0.000000e+00   3.276037e+06   5221s
  404596    5.4862023e+02   0.000000e+00   1.819419e+06   5226s
  404774    5.4859925e+02   0.000000e+00   3.175873e+06   5230s
  405130    5.4856497e+02   0.000000e+00   2.994114e+06   5239s
  405308    5.4854279e+02   0.000000e+00   2.140864e+06   5244s
  405486    5.4852279e+02   0.000000e+00   1.044015e+06   5248s
  405664    5.4850631e+02   0.000000e+00   8.385725e+05   5253s
  405842    5.4848739e+02   0.000000e+00   1.830393e+06   5258s
  406020    5.4847028e+02   0.000000e+00   3.926758e+05   5262s
  406198    5.4845022e+02   0.000000e+00   1.215083e+06   5266s
  406376    5.4842775e+02   0.000000e+00   2.986848e+06   5271s
  406554    5.4840305e+02   0.000000e+00   2.706634e+07   5276s
  406732    5.4837765e+02   0.000000e+00   1.156353e+06   5281s
  406910    5.4835768e+02   0.000000e+00   9.561759e+05   5285s
  407266    5.4832046e+02   0.000000e+00   4.293933e+06   5294s
  407444    5.4830517e+02   0.000000e+00   8.501823e+05   5299s
  407622    5.4828314e+02   0.000000e+00   4.675349e+06   5304s
  407800    5.4826563e+02   0.000000e+00   7.131019e+07   5308s
  407978    5.4824523e+02   0.000000e+00   6.306727e+05   5313s
  408156    5.4822832e+02   0.000000e+00   1.175114e+06   5318s
  408334    5.4820623e+02   0.000000e+00   5.889618e+05   5322s
  408512    5.4819016e+02   0.000000e+00   4.399918e+06   5327s
  408690    5.4816936e+02   0.000000e+00   1.628226e+06   5331s
  408868    5.4815057e+02   0.000000e+00   4.139653e+06   5336s
  409046    5.4812885e+02   0.000000e+00   4.193869e+05   5341s
  409224    5.4811249e+02   0.000000e+00   8.846100e+05   5345s
  409580    5.4807820e+02   0.000000e+00   1.644642e+06   5354s
  409758    5.4805726e+02   0.000000e+00   5.549662e+05   5359s
  409936    5.4803917e+02   0.000000e+00   6.674981e+06   5364s
  410114    5.4802128e+02   0.000000e+00   8.579922e+05   5369s
  410292    5.4800156e+02   0.000000e+00   2.078892e+06   5373s
  410470    5.4798444e+02   0.000000e+00   2.645730e+06   5378s
  410648    5.4796820e+02   0.000000e+00   3.923491e+05   5382s
  410826    5.4794997e+02   0.000000e+00   2.569094e+06   5387s
  411004    5.4792980e+02   0.000000e+00   2.263523e+06   5392s
  411182    5.4791447e+02   0.000000e+00   8.431883e+05   5397s
  411360    5.4789145e+02   0.000000e+00   9.321083e+05   5402s
  411538    5.4787216e+02   0.000000e+00   1.930804e+06   5406s
  411716    5.4785004e+02   0.000000e+00   4.576246e+05   5411s
  411894    5.4782899e+02   0.000000e+00   1.239477e+06   5415s
  412250    5.4779596e+02   0.000000e+00   1.105221e+06   5425s
  412428    5.4777842e+02   0.000000e+00   2.013309e+06   5430s
  412606    5.4775817e+02   0.000000e+00   2.847429e+06   5434s
  412784    5.4774324e+02   0.000000e+00   2.044551e+06   5439s
  412962    5.4772563e+02   0.000000e+00   8.078716e+06   5444s
  413140    5.4770118e+02   0.000000e+00   3.361917e+06   5448s
  413318    5.4768201e+02   0.000000e+00   2.867849e+07   5453s
  413496    5.4766114e+02   0.000000e+00   5.853612e+05   5458s
  413674    5.4763706e+02   0.000000e+00   1.124139e+06   5462s
  413852    5.4761467e+02   0.000000e+00   1.344397e+06   5468s
  414030    5.4759248e+02   0.000000e+00   1.208844e+06   5473s
  414208    5.4756623e+02   0.000000e+00   2.701917e+06   5478s
  414386    5.4754108e+02   0.000000e+00   6.964630e+06   5483s
  414564    5.4752258e+02   0.000000e+00   5.450596e+05   5488s
  414742    5.4750012e+02   0.000000e+00   2.896876e+05   5493s
  414920    5.4748549e+02   0.000000e+00   1.169405e+06   5498s
  415098    5.4747071e+02   0.000000e+00   1.937599e+06   5503s
  415276    5.4744862e+02   0.000000e+00   1.780535e+06   5508s
  415454    5.4743301e+02   0.000000e+00   4.462049e+06   5512s
  415632    5.4741421e+02   0.000000e+00   2.679421e+06   5517s
  415810    5.4739334e+02   0.000000e+00   1.017224e+06   5522s
  415988    5.4737850e+02   0.000000e+00   4.695697e+05   5527s
  416166    5.4736373e+02   0.000000e+00   1.215259e+06   5532s
  416344    5.4734746e+02   0.000000e+00   1.812998e+06   5537s
  416522    5.4732696e+02   0.000000e+00   1.098289e+06   5541s
  416700    5.4730829e+02   0.000000e+00   4.449277e+06   5546s
  416878    5.4729149e+02   0.000000e+00   1.221074e+06   5551s
  417056    5.4727568e+02   0.000000e+00   4.064946e+05   5555s
  417412    5.4723978e+02   0.000000e+00   6.326347e+05   5565s
  417590    5.4722204e+02   0.000000e+00   2.166065e+06   5569s
  417768    5.4720208e+02   0.000000e+00   5.188028e+05   5574s
  417946    5.4718280e+02   0.000000e+00   1.990144e+06   5579s
  418124    5.4716582e+02   0.000000e+00   1.904692e+06   5584s
  418302    5.4714871e+02   0.000000e+00   1.002710e+06   5589s
  418480    5.4713124e+02   0.000000e+00   2.769554e+05   5593s
  418658    5.4711280e+02   0.000000e+00   2.085919e+05   5598s
  418836    5.4708861e+02   0.000000e+00   2.536286e+06   5602s
  419014    5.4707129e+02   0.000000e+00   4.687301e+06   5607s
  419192    5.4705273e+02   0.000000e+00   2.826468e+06   5612s
  419370    5.4703008e+02   0.000000e+00   8.395965e+05   5617s
  419548    5.4700581e+02   0.000000e+00   8.809952e+05   5621s
  419726    5.4698250e+02   0.000000e+00   4.740879e+06   5626s
  419904    5.4696291e+02   0.000000e+00   7.958765e+05   5631s
  420082    5.4694181e+02   0.000000e+00   4.669255e+05   5635s
  420260    5.4692235e+02   0.000000e+00   5.531754e+06   5640s
  420616    5.4688944e+02   0.000000e+00   3.542398e+05   5650s
  420794    5.4687210e+02   0.000000e+00   2.381791e+05   5655s
  420972    5.4685585e+02   0.000000e+00   6.788794e+05   5660s
  421150    5.4683380e+02   0.000000e+00   8.766761e+05   5664s
  421328    5.4681228e+02   0.000000e+00   9.354280e+05   5668s
  421506    5.4679330e+02   0.000000e+00   1.953288e+06   5673s
  421684    5.4677547e+02   0.000000e+00   5.053790e+05   5677s
  421862    5.4675854e+02   0.000000e+00   1.381495e+07   5682s
  422040    5.4673806e+02   0.000000e+00   6.105528e+05   5687s
  422218    5.4671091e+02   0.000000e+00   9.891896e+05   5691s
  422396    5.4669536e+02   0.000000e+00   3.520669e+06   5695s
  422752    5.4665186e+02   0.000000e+00   2.616139e+06   5704s
  422930    5.4663480e+02   0.000000e+00   3.073748e+06   5709s
  423108    5.4662015e+02   0.000000e+00   2.771023e+06   5714s
  423286    5.4660249e+02   0.000000e+00   2.986370e+05   5718s
  423464    5.4658084e+02   0.000000e+00   5.698533e+06   5723s
  423642    5.4655983e+02   0.000000e+00   5.034337e+05   5727s
  423820    5.4653781e+02   0.000000e+00   6.472835e+05   5732s
  423998    5.4651833e+02   0.000000e+00   1.937273e+06   5736s
  424176    5.4649536e+02   0.000000e+00   1.111818e+06   5741s
  424354    5.4647186e+02   0.000000e+00   1.037935e+06   5745s
  424710    5.4643619e+02   0.000000e+00   2.067812e+06   5755s
  424888    5.4641676e+02   0.000000e+00   1.078454e+06   5759s
  425066    5.4640139e+02   0.000000e+00   2.312800e+06   5764s
  425244    5.4638353e+02   0.000000e+00   5.097702e+05   5769s
  425422    5.4636695e+02   0.000000e+00   1.101972e+06   5773s
  425600    5.4635089e+02   0.000000e+00   2.920261e+06   5778s
  425778    5.4633210e+02   0.000000e+00   3.573307e+05   5782s
  425956    5.4631039e+02   0.000000e+00   6.366032e+06   5787s
  426134    5.4629554e+02   0.000000e+00   7.616467e+06   5791s
  426312    5.4627664e+02   0.000000e+00   5.556758e+05   5796s
  426490    5.4626025e+02   0.000000e+00   4.009083e+05   5800s
  426846    5.4621807e+02   0.000000e+00   2.467838e+05   5810s
  427024    5.4620140e+02   0.000000e+00   3.502489e+06   5814s
  427202    5.4618224e+02   0.000000e+00   1.593091e+06   5819s
  427380    5.4616521e+02   0.000000e+00   3.690792e+06   5823s
  427558    5.4614848e+02   0.000000e+00   2.343873e+05   5828s
  427736    5.4613044e+02   0.000000e+00   9.974613e+05   5833s
  427914    5.4611317e+02   0.000000e+00   7.057567e+06   5837s
  428092    5.4609324e+02   0.000000e+00   5.507813e+05   5842s
  428270    5.4607536e+02   0.000000e+00   7.219615e+05   5846s
  428448    5.4605814e+02   0.000000e+00   5.235146e+06   5851s
  428626    5.4604009e+02   0.000000e+00   3.823092e+06   5855s
  428804    5.4602236e+02   0.000000e+00   4.037787e+05   5860s
  429160    5.4598246e+02   0.000000e+00   4.563746e+06   5870s
  429338    5.4596423e+02   0.000000e+00   1.958236e+06   5874s
  429516    5.4594821e+02   0.000000e+00   4.408955e+06   5879s
  429694    5.4592824e+02   0.000000e+00   1.484012e+06   5883s
  429872    5.4590767e+02   0.000000e+00   2.673889e+05   5888s
  430050    5.4588746e+02   0.000000e+00   7.398431e+05   5893s
  430228    5.4587313e+02   0.000000e+00   1.575915e+06   5897s
  430406    5.4585637e+02   0.000000e+00   2.547832e+06   5902s
  430584    5.4584065e+02   0.000000e+00   1.112097e+06   5907s
  430762    5.4582134e+02   0.000000e+00   1.914455e+06   5911s
  430940    5.4580112e+02   0.000000e+00   6.012944e+05   5916s
  431118    5.4578676e+02   0.000000e+00   7.866635e+05   5921s
  431296    5.4576882e+02   0.000000e+00   3.824104e+05   5925s
  431652    5.4573621e+02   0.000000e+00   2.706030e+06   5934s
  431830    5.4571916e+02   0.000000e+00   8.813604e+05   5939s
  432008    5.4570401e+02   0.000000e+00   2.586113e+06   5944s
  432186    5.4568940e+02   0.000000e+00   2.284161e+06   5948s
  432364    5.4567598e+02   0.000000e+00   2.999594e+05   5953s
  432542    5.4565889e+02   0.000000e+00   5.035680e+05   5957s
  432720    5.4564344e+02   0.000000e+00   1.139352e+06   5962s
  432898    5.4562913e+02   0.000000e+00   6.949786e+06   5967s
  433076    5.4561425e+02   0.000000e+00   5.960396e+05   5972s
  433254    5.4559681e+02   0.000000e+00   8.844622e+07   5976s
  433432    5.4558146e+02   0.000000e+00   8.937926e+05   5981s
  433610    5.4556452e+02   0.000000e+00   1.874318e+05   5986s
  433788    5.4554860e+02   0.000000e+00   4.360903e+06   5990s
  433966    5.4552915e+02   0.000000e+00   2.661585e+05   5995s
  434322    5.4549958e+02   0.000000e+00   5.006096e+06   6004s
  434500    5.4548206e+02   0.000000e+00   2.083954e+06   6009s
  434678    5.4546566e+02   0.000000e+00   5.008604e+05   6014s
  434856    5.4544958e+02   0.000000e+00   1.085199e+06   6019s
  435034    5.4543398e+02   0.000000e+00   6.962160e+05   6023s
  435212    5.4541593e+02   0.000000e+00   1.641101e+06   6028s
  435390    5.4539916e+02   0.000000e+00   7.147640e+05   6033s
  435568    5.4538521e+02   0.000000e+00   3.783686e+05   6038s
  435746    5.4536591e+02   0.000000e+00   9.029089e+05   6043s
  435924    5.4534728e+02   0.000000e+00   1.033331e+06   6048s
  436102    5.4533399e+02   0.000000e+00   2.714629e+05   6052s
  436280    5.4531978e+02   0.000000e+00   2.313357e+06   6057s
  436458    5.4530626e+02   0.000000e+00   8.498868e+05   6062s
  436636    5.4528869e+02   0.000000e+00   3.025122e+05   6067s
  436814    5.4527509e+02   0.000000e+00   8.294608e+05   6072s
  436992    5.4525641e+02   0.000000e+00   7.792158e+05   6077s
  437170    5.4524280e+02   0.000000e+00   3.514064e+06   6082s
  437348    5.4522972e+02   0.000000e+00   1.398224e+06   6086s
  437526    5.4521255e+02   0.000000e+00   1.071704e+06   6091s
  437704    5.4519315e+02   0.000000e+00   3.107974e+07   6095s
  437882    5.4518134e+02   0.000000e+00   9.393204e+05   6100s
  438238    5.4515330e+02   0.000000e+00   7.286513e+05   6110s
  438416    5.4514275e+02   0.000000e+00   4.774582e+05   6114s
  438594    5.4512430e+02   0.000000e+00   3.815279e+05   6119s
  438772    5.4510888e+02   0.000000e+00   6.798395e+05   6123s
  438950    5.4509168e+02   0.000000e+00   1.056829e+07   6128s
  439128    5.4507633e+02   0.000000e+00   8.762105e+05   6133s
  439306    5.4506063e+02   0.000000e+00   8.064049e+05   6137s
  439484    5.4504002e+02   0.000000e+00   3.868036e+05   6142s
  439662    5.4502338e+02   0.000000e+00   2.825856e+05   6147s
  439840    5.4501059e+02   0.000000e+00   4.147606e+05   6151s
  440018    5.4499658e+02   0.000000e+00   3.694444e+06   6156s
  440196    5.4498122e+02   0.000000e+00   1.063228e+06   6161s
  440374    5.4496803e+02   0.000000e+00   2.535558e+05   6165s
  440552    5.4495538e+02   0.000000e+00   2.692862e+05   6170s
  440730    5.4494405e+02   0.000000e+00   6.416460e+05   6175s
  440908    5.4492905e+02   0.000000e+00   1.202596e+06   6180s
  441086    5.4491402e+02   0.000000e+00   5.829926e+05   6185s
  441442    5.4488855e+02   0.000000e+00   7.280713e+05   6194s
  441620    5.4487187e+02   0.000000e+00   3.306374e+05   6199s
  441798    5.4485678e+02   0.000000e+00   1.153709e+06   6204s
  441976    5.4484143e+02   0.000000e+00   6.245380e+06   6209s
  442154    5.4482573e+02   0.000000e+00   2.947687e+05   6214s
  442332    5.4480863e+02   0.000000e+00   2.079657e+06   6219s
  442510    5.4478673e+02   0.000000e+00   4.599743e+06   6224s
  442688    5.4477322e+02   0.000000e+00   1.264470e+06   6228s
  442866    5.4475660e+02   0.000000e+00   5.906456e+05   6233s
  443044    5.4474308e+02   0.000000e+00   4.272916e+05   6238s
  443222    5.4472090e+02   0.000000e+00   1.778304e+06   6243s
  443400    5.4470255e+02   0.000000e+00   1.318315e+07   6248s
  443578    5.4468490e+02   0.000000e+00   1.625932e+06   6253s
  443756    5.4467138e+02   0.000000e+00   8.868334e+05   6258s
  443934    5.4465065e+02   0.000000e+00   7.020431e+05   6263s
  444112    5.4462999e+02   0.000000e+00   4.492923e+05   6268s
  444290    5.4461185e+02   0.000000e+00   3.673474e+06   6273s
  444468    5.4459575e+02   0.000000e+00   4.226197e+05   6277s
  444646    5.4458108e+02   0.000000e+00   1.613898e+06   6282s
  444824    5.4456194e+02   0.000000e+00   6.885321e+06   6287s
  445002    5.4454626e+02   0.000000e+00   3.605458e+05   6292s
  445180    5.4452939e+02   0.000000e+00   3.824059e+05   6296s
  445358    5.4451161e+02   0.000000e+00   7.698094e+05   6301s
  445536    5.4449234e+02   0.000000e+00   5.742273e+05   6306s
  445714    5.4447548e+02   0.000000e+00   5.957151e+05   6310s
  445892    5.4445807e+02   0.000000e+00   7.670559e+05   6315s
  446248    5.4442232e+02   0.000000e+00   2.178787e+06   6325s
  446426    5.4440337e+02   0.000000e+00   2.059192e+06   6330s
  446604    5.4438299e+02   0.000000e+00   2.670267e+05   6334s
  446782    5.4436850e+02   0.000000e+00   7.220892e+05   6339s
  446960    5.4435098e+02   0.000000e+00   5.166264e+06   6344s
  447138    5.4433080e+02   0.000000e+00   1.262418e+06   6348s
  447316    5.4430791e+02   0.000000e+00   3.926255e+05   6353s
  447494    5.4428979e+02   0.000000e+00   1.013578e+06   6358s
  447672    5.4427493e+02   0.000000e+00   7.973543e+06   6363s
  447850    5.4426137e+02   0.000000e+00   5.505381e+07   6368s
  448028    5.4424439e+02   0.000000e+00   6.264703e+05   6373s
  448206    5.4423116e+02   0.000000e+00   3.734430e+05   6378s
  448384    5.4422020e+02   0.000000e+00   2.933626e+05   6383s
  448562    5.4420734e+02   0.000000e+00   9.056663e+05   6388s
  448740    5.4419696e+02   0.000000e+00   8.461847e+05   6394s
  448918    5.4417609e+02   0.000000e+00   3.278195e+06   6399s
  449096    5.4415562e+02   0.000000e+00   1.665943e+07   6404s
  449274    5.4413989e+02   0.000000e+00   3.764166e+05   6408s
  449452    5.4412357e+02   0.000000e+00   5.802244e+05   6414s
  449630    5.4410724e+02   0.000000e+00   1.003953e+06   6418s
  449808    5.4409264e+02   0.000000e+00   2.171588e+06   6423s
  449986    5.4407582e+02   0.000000e+00   5.481651e+05   6428s
  450164    5.4406163e+02   0.000000e+00   2.195712e+07   6433s
  450342    5.4404322e+02   0.000000e+00   3.644724e+06   6438s
  450520    5.4402681e+02   0.000000e+00   6.812346e+05   6443s
  450698    5.4400793e+02   0.000000e+00   3.543376e+05   6448s
  450876    5.4399619e+02   0.000000e+00   2.743950e+07   6452s
  451054    5.4398390e+02   0.000000e+00   4.210048e+06   6458s
  451232    5.4396950e+02   0.000000e+00   8.852744e+05   6463s
  451410    5.4394982e+02   0.000000e+00   2.221646e+06   6468s
  451588    5.4392591e+02   0.000000e+00   2.269858e+05   6472s
  451766    5.4390584e+02   0.000000e+00   1.951815e+06   6477s
  451944    5.4389146e+02   0.000000e+00   8.460439e+05   6482s
  452122    5.4387587e+02   0.000000e+00   7.365932e+05   6488s
  452300    5.4386537e+02   0.000000e+00   1.168983e+06   6493s
  452478    5.4385112e+02   0.000000e+00   9.261257e+05   6498s
  452656    5.4383743e+02   0.000000e+00   5.824381e+05   6503s
  452834    5.4382736e+02   0.000000e+00   1.771759e+06   6508s
  453012    5.4381185e+02   0.000000e+00   3.264745e+06   6513s
  453190    5.4379188e+02   0.000000e+00   4.566709e+05   6518s
  453368    5.4377976e+02   0.000000e+00   2.942792e+06   6523s
  453546    5.4376544e+02   0.000000e+00   1.919785e+06   6528s
  453724    5.4374977e+02   0.000000e+00   5.886797e+05   6533s
  453902    5.4373353e+02   0.000000e+00   1.162235e+06   6538s
  454080    5.4372165e+02   0.000000e+00   8.803013e+05   6543s
  454258    5.4370788e+02   0.000000e+00   2.272373e+07   6548s
  454436    5.4369188e+02   0.000000e+00   1.704190e+06   6553s
  454614    5.4367869e+02   0.000000e+00   2.717648e+06   6558s
  454792    5.4366166e+02   0.000000e+00   2.117025e+06   6563s
  454970    5.4364902e+02   0.000000e+00   2.439308e+06   6568s
  455148    5.4363937e+02   0.000000e+00   8.412139e+05   6574s
  455326    5.4362778e+02   0.000000e+00   2.816458e+05   6579s
  455504    5.4361293e+02   0.000000e+00   5.317768e+05   6584s
  455682    5.4360264e+02   0.000000e+00   8.959630e+05   6589s
  455860    5.4358930e+02   0.000000e+00   2.001740e+06   6594s
  456038    5.4357514e+02   0.000000e+00   5.432988e+06   6599s
  456216    5.4355593e+02   0.000000e+00   3.665397e+07   6604s
  456394    5.4353744e+02   0.000000e+00   7.963322e+05   6609s
  456572    5.4352182e+02   0.000000e+00   5.001739e+05   6614s
  456750    5.4350755e+02   0.000000e+00   2.727000e+06   6619s
  456928    5.4348829e+02   0.000000e+00   3.653979e+05   6624s
  457106    5.4347067e+02   0.000000e+00   3.179049e+06   6629s
  457284    5.4345734e+02   0.000000e+00   5.883903e+05   6634s
  457462    5.4344665e+02   0.000000e+00   4.006601e+06   6639s
  457640    5.4343541e+02   0.000000e+00   2.799130e+05   6644s
  457818    5.4342115e+02   0.000000e+00   4.150026e+05   6649s
  457996    5.4340853e+02   0.000000e+00   1.298085e+06   6653s
  458174    5.4338937e+02   0.000000e+00   1.091255e+07   6658s
  458352    5.4336911e+02   0.000000e+00   1.469932e+06   6663s
  458530    5.4334855e+02   0.000000e+00   1.370052e+06   6668s
  458708    5.4333516e+02   0.000000e+00   1.305497e+06   6673s
  458886    5.4331638e+02   0.000000e+00   6.810833e+05   6678s
  459064    5.4330044e+02   0.000000e+00   2.349528e+06   6683s
  459242    5.4328446e+02   0.000000e+00   2.938981e+05   6688s
  459420    5.4326894e+02   0.000000e+00   5.961379e+05   6693s
  459598    5.4324980e+02   0.000000e+00   1.649780e+06   6697s
  459776    5.4323276e+02   0.000000e+00   1.993910e+06   6702s
  459954    5.4321215e+02   0.000000e+00   1.955604e+06   6707s
  460132    5.4319532e+02   0.000000e+00   9.359456e+05   6712s
  460310    5.4317684e+02   0.000000e+00   3.297840e+05   6717s
  460488    5.4315997e+02   0.000000e+00   5.004035e+05   6722s
  460666    5.4314505e+02   0.000000e+00   7.155273e+05   6727s
  460844    5.4312709e+02   0.000000e+00   4.310091e+05   6732s
  461022    5.4311027e+02   0.000000e+00   5.985276e+05   6736s
  461200    5.4309506e+02   0.000000e+00   1.102613e+06   6741s
  461378    5.4307360e+02   0.000000e+00   3.266428e+05   6746s
  461556    5.4305625e+02   0.000000e+00   8.779721e+05   6751s
  461734    5.4304336e+02   0.000000e+00   2.136144e+05   6756s
  461912    5.4302917e+02   0.000000e+00   1.758560e+06   6760s
  462142    5.4301084e+02   0.000000e+00   2.667973e+05   6767s
  462312    5.4299526e+02   0.000000e+00   6.253829e+05   6772s
  462570    5.4297404e+02   0.000000e+00   1.210339e+06   6780s
  462748    5.4295710e+02   0.000000e+00   2.516584e+05   6785s
  462926    5.4294105e+02   0.000000e+00   7.852988e+05   6790s
  463104    5.4292375e+02   0.000000e+00   1.827783e+06   6794s
  463282    5.4290771e+02   0.000000e+00   2.209568e+06   6799s
  463460    5.4289260e+02   0.000000e+00   2.700118e+06   6805s
  463638    5.4287646e+02   0.000000e+00   3.998373e+05   6810s
  463816    5.4286071e+02   0.000000e+00   3.159852e+05   6815s
  463994    5.4284349e+02   0.000000e+00   9.060140e+05   6820s
  464172    5.4282647e+02   0.000000e+00   8.097357e+05   6825s
  464350    5.4281242e+02   0.000000e+00   4.140972e+05   6830s
  464528    5.4279766e+02   0.000000e+00   6.430136e+05   6835s
  464706    5.4277955e+02   0.000000e+00   8.520326e+05   6839s
  464884    5.4276978e+02   0.000000e+00   3.009528e+05   6844s
  465062    5.4275930e+02   0.000000e+00   1.941717e+06   6849s
  465240    5.4274349e+02   0.000000e+00   3.973407e+05   6854s
  465370    5.4273294e+02   0.000000e+00   1.825236e+05   6858s
  465480    5.4272256e+02   0.000000e+00   1.080154e+06   6861s
  465660    5.4270831e+02   0.000000e+00   7.188202e+05   6866s
  465820    5.4269483e+02   0.000000e+00   6.000057e+06   6871s
  465970    5.4267926e+02   0.000000e+00   3.504058e+07   6875s
  466120    5.4266482e+02   0.000000e+00   9.210835e+05   6880s
  466440    5.4263516e+02   0.000000e+00   4.601414e+05   6889s
  466600    5.4261906e+02   0.000000e+00   1.778360e+06   6894s
  466740    5.4260634e+02   0.000000e+00   1.603273e+06   6899s
  466998    5.4258119e+02   0.000000e+00   5.742431e+06   6906s
  467176    5.4256786e+02   0.000000e+00   3.132769e+06   6911s
  467354    5.4255376e+02   0.000000e+00   3.135805e+05   6916s
  467532    5.4253874e+02   0.000000e+00   1.400752e+06   6921s
  467772    5.4251921e+02   0.000000e+00   8.207433e+05   6928s
  467942    5.4250111e+02   0.000000e+00   1.278428e+06   6933s
  468120    5.4248534e+02   0.000000e+00   6.580856e+05   6938s
  468298    5.4246735e+02   0.000000e+00   1.143215e+06   6943s
  468476    5.4245149e+02   0.000000e+00   1.879965e+06   6947s
  468654    5.4243303e+02   0.000000e+00   2.567667e+06   6953s
  468832    5.4241701e+02   0.000000e+00   4.999184e+05   6957s
  469010    5.4239885e+02   0.000000e+00   9.258219e+05   6962s
  469188    5.4238218e+02   0.000000e+00   1.358069e+06   6967s
  469366    5.4236395e+02   0.000000e+00   7.742880e+05   6971s
  469506    5.4234998e+02   0.000000e+00   2.271153e+05   6975s
  469684    5.4233291e+02   0.000000e+00   3.888383e+05   6980s
  469862    5.4231508e+02   0.000000e+00   1.158927e+06   6985s
  470040    5.4229451e+02   0.000000e+00   1.854812e+06   6990s
  470348    5.4226077e+02   0.000000e+00   1.102033e+06   6998s
  470448    5.4225216e+02   0.000000e+00   8.217130e+05   7001s
  470618    5.4223504e+02   0.000000e+00   4.073421e+05   7006s
  470778    5.4221866e+02   0.000000e+00   1.266319e+06   7011s
  470938    5.4220346e+02   0.000000e+00   7.591794e+06   7016s
  471098    5.4219045e+02   0.000000e+00   2.416398e+05   7020s
  471408    5.4216917e+02   0.000000e+00   3.789737e+06   7029s
  471568    5.4215824e+02   0.000000e+00   3.462571e+05   7034s
  471728    5.4214896e+02   0.000000e+00   2.144770e+06   7039s
  471888    5.4214088e+02   0.000000e+00   1.206328e+05   7043s
  472058    5.4213119e+02   0.000000e+00   1.870908e+06   7048s
  472218    5.4211921e+02   0.000000e+00   1.797631e+06   7053s
  472378    5.4210641e+02   0.000000e+00   2.952521e+06   7057s
  472538    5.4209421e+02   0.000000e+00   6.139019e+05   7062s
  472698    5.4208089e+02   0.000000e+00   9.208626e+06   7067s
  472848    5.4207147e+02   0.000000e+00   6.878915e+05   7072s
  473008    5.4205872e+02   0.000000e+00   9.290440e+05   7076s
  473168    5.4204662e+02   0.000000e+00   8.352098e+05   7081s
  473328    5.4203666e+02   0.000000e+00   4.640961e+05   7086s
  473488    5.4202579e+02   0.000000e+00   7.954839e+05   7091s
  473648    5.4201275e+02   0.000000e+00   2.103757e+06   7095s
  473808    5.4200032e+02   0.000000e+00   3.409517e+06   7100s
  474118    5.4197644e+02   0.000000e+00   1.242477e+06   7110s
  474278    5.4195760e+02   0.000000e+00   3.976757e+06   7114s
  474438    5.4194472e+02   0.000000e+00   2.522402e+06   7119s
  474598    5.4193295e+02   0.000000e+00   2.058441e+05   7124s
  474758    5.4192242e+02   0.000000e+00   2.037803e+06   7129s
  474918    5.4190981e+02   0.000000e+00   7.644554e+05   7133s
  475068    5.4190120e+02   0.000000e+00   1.105132e+07   7138s
  475228    5.4188874e+02   0.000000e+00   2.696200e+06   7143s
  475378    5.4187596e+02   0.000000e+00   6.155277e+05   7147s
  475538    5.4186056e+02   0.000000e+00   9.736487e+05   7152s
  475698    5.4185027e+02   0.000000e+00   1.018727e+07   7157s
  475956    5.4182840e+02   0.000000e+00   1.953567e+06   7164s
  476134    5.4180703e+02   0.000000e+00   1.051072e+06   7168s
  476312    5.4179422e+02   0.000000e+00   7.010332e+05   7172s
  476482    5.4178302e+02   0.000000e+00   3.446967e+05   7177s
  476612    5.4177121e+02   0.000000e+00   4.280811e+06   7181s
  476882    5.4174428e+02   0.000000e+00   1.261780e+06   7189s
  477042    5.4173349e+02   0.000000e+00   9.348733e+05   7194s
  477202    5.4171874e+02   0.000000e+00   2.680950e+06   7199s


Root relaxation: time limit, 477253 iterations, 7196.57 seconds

    Nodes    |    Current Node    |     Objective Bounds      |     Work
 Expl Unexpl |  Obj  Depth IntInf | Incumbent    BestBd   Gap | It/Node Time

     0     0          -    0               -    0.00000      -     - 7200s

Explored 0 nodes (477253 simplex iterations) in 7200.02 seconds
Thread count was 4 (of 4 available processors)

Solution count 0

Time limit reached
Best objective -, best bound 0.000000000000e+00, gap -

Unable to retrieve attribute 'X'

