Academic license - for non-commercial use only
Set parameter TimeLimit to value 7200

Gurobi Optimizer version 8.0.0 build v8.0.0rc0 (linux64)
Copyright (c) 2018, Gurobi Optimization, LLC

Read LP format model from file fernando/ft20.lp
Reading time = 0.42 seconds
: 100575 rows, 195111 columns, 579125 nonzeros
Optimize a model with 100575 rows, 195111 columns and 579125 nonzeros
Variable types: 0 continuous, 195111 integer (195110 binary)
Coefficient statistics:
  Matrix range     [1e+00, 1e+03]
  Objective range  [1e+00, 1e+00]
  Bounds range     [1e+00, 1e+00]
  RHS range        [1e+00, 1e+00]
Presolve removed 19233 rows and 19338 columns
Presolve time: 2.88s
Presolved: 81342 rows, 175773 columns, 540828 nonzeros
Variable types: 0 continuous, 175773 integer (175772 binary)

Deterministic concurrent LP optimizer: primal and dual simplex
Showing first log only...

Presolve removed 137 rows and 137 columns
Presolved: 81205 rows, 175636 columns, 540554 nonzeros

Presolve removed 20 rows and 1 columns

Root simplex log...

Iteration    Objective       Primal Inf.    Dual Inf.      Time
    1642    0.0000000e+00   1.699355e+01   4.494245e+10      5s
    2722    0.0000000e+00   1.485557e+01   2.436195e+11     10s
    3752    0.0000000e+00   1.375905e+01   1.605023e+11     15s
    4772    0.0000000e+00   1.261871e+01   1.199660e+11     20s
    5792    0.0000000e+00   1.204578e+01   1.951196e+12     25s
    6662    0.0000000e+00   1.158775e+01   9.636699e+10     30s
    7482    0.0000000e+00   1.138858e+01   1.898661e+11     36s
    8162    0.0000000e+00   1.126437e+01   1.715004e+11     40s
    8982    0.0000000e+00   1.100555e+01   1.742301e+11     45s
    9682    0.0000000e+00   1.084196e+01   9.930308e+10     50s
   10512    0.0000000e+00   1.063255e+01   1.411154e+11     56s
   11252    0.0000000e+00   1.035008e+01   3.652254e+11     60s
   12032    0.0000000e+00   1.003466e+01   2.543271e+11     65s
   12882    0.0000000e+00   9.678656e+00   1.491831e+11     70s
   13712    0.0000000e+00   9.158775e+00   1.375574e+11     75s
   14482    0.0000000e+00   9.046461e+00   5.453971e+11     80s
   15292    0.0000000e+00   8.557367e+00   2.216219e+11     86s
   15992    0.0000000e+00   8.261594e+00   1.546059e+11     90s
   16802    0.0000000e+00   7.814993e+00   4.201248e+11     95s
   17602    0.0000000e+00   7.359582e+00   1.075819e+11    101s
   18262    0.0000000e+00   7.148550e+00   6.111058e+11    105s
   19132    0.0000000e+00   6.680730e+00   1.140691e+11    111s
   19762    0.0000000e+00   6.594294e+00   2.297731e+11    115s
   20632    0.0000000e+00   6.353697e+00   9.227474e+11    121s
   21252    0.0000000e+00   6.293416e+00   1.078324e+11    125s
   21922    0.0000000e+00   5.847750e+00   1.705949e+11    130s
   22722    0.0000000e+00   5.676964e+00   2.312262e+11    136s
   23262    0.0000000e+00   5.598852e+00   2.350369e+11    140s
   24012    0.0000000e+00   5.520910e+00   1.107762e+11    146s
   24642    0.0000000e+00   5.489176e+00   4.835641e+11    151s
   25292    0.0000000e+00   5.439415e+00   6.405155e+10    156s
   25942    0.0000000e+00   5.385056e+00   9.639214e+10    161s
   26602    0.0000000e+00   5.321290e+00   1.696019e+11    166s
   27262    0.0000000e+00   5.262667e+00   9.799102e+10    171s
   27812    0.0000000e+00   5.221964e+00   5.752285e+10    175s
   28502    0.0000000e+00   5.175736e+00   1.046631e+11    180s
   29152    0.0000000e+00   5.122407e+00   8.637750e+10    185s
   29852    0.0000000e+00   5.079128e+00   6.850503e+10    191s
   30412    0.0000000e+00   5.053721e+00   6.337584e+10    195s
   31122    0.0000000e+00   5.002277e+00   7.758190e+10    201s
   31832    0.0000000e+00   4.949674e+00   1.043499e+11    206s
   32402    0.0000000e+00   4.896760e+00   2.015326e+11    210s
   33132    0.0000000e+00   4.788217e+00   2.864026e+11    216s
   33872    0.0000000e+00   4.613102e+00   9.498660e+10    221s
   34602    0.0000000e+00   4.541238e+00   5.458321e+10    226s
   35182    0.0000000e+00   4.491780e+00   1.793229e+11    230s
   35932    0.0000000e+00   4.351729e+00   5.465327e+11    236s
   36552    0.0000000e+00   4.240014e+00   2.379233e+11    240s
   37152    0.0000000e+00   4.170960e+00   1.047994e+11    245s
   37872    0.0000000e+00   4.135984e+00   1.599091e+11    251s
   38442    0.0000000e+00   4.105585e+00   9.251615e+10    256s
   39012    0.0000000e+00   4.017262e+00   2.122691e+11    260s
   39732    0.0000000e+00   3.945487e+00   7.542318e+10    266s
   40472    0.0000000e+00   3.871039e+00   6.148645e+10    271s
   41062    0.0000000e+00   3.828249e+00   8.269054e+10    276s
   41632    0.0000000e+00   3.793349e+00   4.983270e+10    280s
   42232    0.0000000e+00   3.741626e+00   9.599828e+10    285s
   42982    0.0000000e+00   3.603343e+00   2.547613e+11    291s
   43602    0.0000000e+00   3.519970e+00   2.204924e+11    296s
   44232    0.0000000e+00   3.463489e+00   2.037594e+11    301s
   44872    0.0000000e+00   3.373564e+00   2.125513e+11    305s
   45512    0.0000000e+00   3.316001e+00   1.946979e+11    311s
   46142    0.0000000e+00   3.248203e+00   1.455923e+11    316s
   46752    0.0000000e+00   3.187680e+00   1.030768e+11    321s
   47402    0.0000000e+00   3.123275e+00   1.985255e+11    326s
   48022    0.0000000e+00   3.014079e+00   4.443557e+11    331s
   48662    0.0000000e+00   2.941304e+00   8.894699e+10    336s
   49162    0.0000000e+00   2.885971e+00   7.868385e+10    340s
   49822    0.0000000e+00   2.835341e+00   7.733992e+10    346s
   50452    0.0000000e+00   2.799244e+00   3.030333e+11    351s
   51082    0.0000000e+00   2.785738e+00   3.417258e+10    356s
   51512    0.0000000e+00   2.774931e+00   2.159963e+11    360s
   52082    0.0000000e+00   2.757850e+00   3.886102e+10    365s
   52672    0.0000000e+00   2.737897e+00   4.091115e+10    370s
   53272    0.0000000e+00   2.710327e+00   6.286668e+10    375s
   53852    0.0000000e+00   2.685982e+00   5.678650e+10    380s
   54432    0.0000000e+00   2.660665e+00   2.214036e+11    385s
   55042    0.0000000e+00   2.628802e+00   9.767510e+10    391s
   55662    0.0000000e+00   2.601078e+00   8.265323e+10    396s
   56302    0.0000000e+00   2.576293e+00   1.049980e+11    401s
   56782    0.0000000e+00   2.553263e+00   1.170506e+11    405s
   57422    0.0000000e+00   2.526502e+00   6.847103e+10    411s
   57902    0.0000000e+00   2.504704e+00   9.911047e+10    415s
   58542    0.0000000e+00   2.481527e+00   1.082891e+11    421s
   59022    0.0000000e+00   2.454460e+00   4.196899e+10    425s
   59662    0.0000000e+00   2.424187e+00   1.011873e+11    431s
   60302    0.0000000e+00   2.391381e+00   8.712821e+10    436s
   60942    0.0000000e+00   2.366045e+00   1.075133e+11    441s
   61422    0.0000000e+00   2.347183e+00   1.068419e+11    445s
   62062    0.0000000e+00   2.322877e+00   1.292245e+11    451s
   62702    0.0000000e+00   2.302629e+00   2.847505e+10    456s
   63172    0.0000000e+00   2.284101e+00   8.917675e+10    460s
   63812    0.0000000e+00   2.264714e+00   2.786167e+10    466s
   64292    0.0000000e+00   2.248198e+00   1.692338e+11    470s
   64952    0.0000000e+00   2.221561e+00   1.485233e+11    476s
   65442    0.0000000e+00   2.203360e+00   8.367993e+10    480s
   66122    0.0000000e+00   2.173363e+00   3.887544e+10    486s
   66652    0.0000000e+00   2.151658e+00   3.921125e+10    490s
   67172    0.0000000e+00   2.134050e+00   2.012748e+11    495s
   67892    0.0000000e+00   2.109313e+00   6.830006e+10    501s
   68432    0.0000000e+00   2.081041e+00   5.511177e+10    506s
   68982    0.0000000e+00   2.046798e+00   5.113021e+10    511s
   69522    0.0000000e+00   2.014646e+00   1.221336e+11    515s
   70172    0.0000000e+00   1.977148e+00   8.061643e+10    521s
   70842    0.0000000e+00   1.950135e+00   4.616178e+10    527s
   71242    0.0000000e+00   1.928262e+00   6.761426e+10    530s
   71872    0.0000000e+00   1.885327e+00   5.939738e+10    536s
   72362    0.0000000e+00   1.860123e+00   1.309531e+11    540s
   72962    0.0000000e+00   1.815109e+00   6.640862e+10    545s
   73582    0.0000000e+00   1.768910e+00   6.037373e+10    551s
   74182    0.0000000e+00   1.732374e+00   7.504356e+10    556s
   74682    0.0000000e+00   1.706623e+00   6.331472e+10    560s
   75302    0.0000000e+00   1.679515e+00   1.002901e+11    566s
   75812    0.0000000e+00   1.654924e+00   3.971771e+10    570s
   76362    0.0000000e+00   1.626492e+00   3.553642e+10    576s
   76912    0.0000000e+00   1.596317e+00   1.133015e+11    580s
   77452    0.0000000e+00   1.569917e+00   3.099457e+10    585s
   77992    0.0000000e+00   1.544937e+00   3.106238e+10    590s
   78522    0.0000000e+00   1.526426e+00   4.136953e+10    595s
   79072    0.0000000e+00   1.498551e+00   8.361821e+10    600s
   79632    0.0000000e+00   1.476756e+00   3.243920e+10    605s
   80222    0.0000000e+00   1.454272e+00   4.969065e+10    611s
   80702    0.0000000e+00   1.437776e+00   2.392693e+10    615s
   81192    0.0000000e+00   1.416736e+00   6.319883e+10    620s
   81802    0.0000000e+00   1.388560e+00   3.250771e+10    626s
   82282    0.0000000e+00   1.364995e+00   3.461500e+10    630s
   82882    0.0000000e+00   1.339149e+00   2.629698e+10    636s
   83362    0.0000000e+00   1.324730e+00   3.348114e+10    641s
   83852    0.0000000e+00   1.312526e+00   3.364315e+10    645s
   84342    0.0000000e+00   1.300565e+00   4.570820e+10    650s
   84982    0.0000000e+00   1.284370e+00   1.950130e+10    656s
   85482    0.0000000e+00   1.263203e+00   1.691501e+10    661s
   85962    0.0000000e+00   1.248593e+00   2.558094e+10    666s
   86462    0.0000000e+00   1.232368e+00   2.771955e+10    670s
   86982    0.0000000e+00   1.209709e+00   2.490707e+10    675s
   87522    0.0000000e+00   1.188608e+00   5.081676e+10    680s
   88082    0.0000000e+00   1.167341e+00   4.029392e+10    686s
   88662    0.0000000e+00   1.146465e+00   1.988577e+10    691s
   89112    0.0000000e+00   1.122838e+00   5.836069e+10    695s
   89692    0.0000000e+00   1.100331e+00   2.615984e+10    701s
   90132    0.0000000e+00   1.078553e+00   1.801525e+10    705s
   90702    0.0000000e+00   1.054660e+00   3.350755e+10    711s
   91252    0.0000000e+00   1.029648e+00   3.178363e+10    716s
   91672    0.0000000e+00   1.008200e+00   3.291331e+10    720s
   92202    0.0000000e+00   9.850588e-01   3.453567e+10    725s
   92752    0.0000000e+00   9.580566e-01   4.807722e+10    731s
   93322    0.0000000e+00   9.328322e-01   3.162845e+10    736s
   93762    0.0000000e+00   9.175402e-01   1.885284e+10    740s
   94232    0.0000000e+00   8.980989e-01   2.257727e+10    745s
   94714    0.0000000e+00   8.783245e-01   2.305119e+10    750s
   95324    0.0000000e+00   8.515107e-01   4.618476e+10    756s
   95754    0.0000000e+00   8.351118e-01   1.596238e+10    760s
   96214    0.0000000e+00   8.174740e-01   1.747294e+10    765s
   96836    0.0000000e+00   8.015536e-01   3.824101e+10    771s
   97306    0.0000000e+00   7.812960e-01   2.938726e+10    776s
   97786    0.0000000e+00   7.621220e-01   2.705347e+10    781s
   98268    0.0000000e+00   7.459325e-01   7.972596e+10    786s
   98754    0.0000000e+00   7.277157e-01   8.487869e+10    791s
   99240    0.0000000e+00   6.999295e-01   3.393538e+10    795s
   99722    0.0000000e+00   6.740900e-01   4.145710e+10    800s
  100208    0.0000000e+00   6.497661e-01   2.967824e+10    805s
  100694    0.0000000e+00   6.260059e-01   4.195338e+10    810s
  101342    0.0000000e+00   6.015653e-01   3.572182e+10    817s
  101828    0.0000000e+00   5.843796e-01   1.927136e+10    821s
  102314    0.0000000e+00   5.704118e-01   4.473910e+10    826s
  102800    0.0000000e+00   5.549957e-01   3.592244e+10    831s
  103286    0.0000000e+00   5.408021e-01   1.955420e+10    836s
  103772    0.0000000e+00   5.142323e-01   2.943894e+10    841s
  104258    0.0000000e+00   4.909975e-01   4.136248e+10    846s
  104744    0.0000000e+00   4.742623e-01   3.047530e+10    850s
  105230    0.0000000e+00   4.527037e-01   1.683691e+10    855s
  105716    0.0000000e+00   4.326860e-01   3.853069e+10    860s
  106202    0.0000000e+00   4.092540e-01   2.793886e+10    865s
  106688    0.0000000e+00   3.910113e-01   4.828435e+10    870s
  107336    0.0000000e+00   3.612214e-01   2.640018e+10    877s
  107660    0.0000000e+00   3.489891e-01   4.691934e+10    880s
  108146    0.0000000e+00   3.313971e-01   6.519338e+10    885s
  108632    0.0000000e+00   3.118616e-01   1.951471e+10    890s
  109118    0.0000000e+00   2.920524e-01   4.770973e+10    895s
  109604    0.0000000e+00   2.797186e-01   1.453367e+10    900s
  110090    0.0000000e+00   2.687832e-01   7.650328e+09    905s
  110576    0.0000000e+00   2.592796e-01   2.572386e+10    910s
  111062    0.0000000e+00   2.489950e-01   1.201166e+10    915s
  111548    0.0000000e+00   2.414228e-01   4.034600e+10    920s
  112034    0.0000000e+00   2.326129e-01   3.910234e+10    925s
  112520    0.0000000e+00   2.241837e-01   2.125260e+10    930s
  113006    0.0000000e+00   2.171585e-01   2.777511e+10    936s
  113492    0.0000000e+00   2.083367e-01   1.213953e+10    941s
  113978    0.0000000e+00   1.986607e-01   3.741917e+10    946s
  114464    0.0000000e+00   1.886053e-01   6.102054e+10    951s
  114950    0.0000000e+00   1.767886e-01   6.290332e+10    956s
  115274    0.0000000e+00   1.715206e-01   2.396027e+10    960s
  115760    0.0000000e+00   1.606463e-01   2.612227e+10    965s
  116246    0.0000000e+00   1.501677e-01   1.192914e+10    971s
  116732    0.0000000e+00   1.377445e-01   1.717612e+10    976s
  117218    0.0000000e+00   1.266538e-01   3.418441e+10    981s
  117704    0.0000000e+00   1.147056e-01   4.277475e+10    986s
  118190    0.0000000e+00   1.039351e-01   2.449990e+10    992s
  118676    0.0000000e+00   9.429898e-02   2.407912e+10    997s
  119000    0.0000000e+00   8.635405e-02   1.549625e+10   1000s
  119486    0.0000000e+00   7.363668e-02   2.060413e+10   1005s
  119972    0.0000000e+00   5.873731e-02   2.097716e+10   1011s
  120458    0.0000000e+00   4.432235e-02   2.485822e+10   1016s
  120944    0.0000000e+00   3.066446e-02   3.799247e+10   1021s
  121430    0.0000000e+00   2.223609e-02   2.088439e+10   1027s
  121916    0.0000000e+00   1.385248e-02   2.726797e+10   1032s
  122240    0.0000000e+00   5.793279e-03   2.305032e+10   1035s
  122726    0.0000000e+00   3.652272e-05   6.541350e+09   1041s
  123055    0.0000000e+00   4.717822e+01   0.000000e+00   1047s
  123217    4.9574006e-09   5.089273e+01   0.000000e+00   1050s
  123541    1.2215329e-08   2.380977e+00   0.000000e+00   1057s
  123703    1.3109160e-08   3.837019e-01   0.000000e+00   1060s
  123853    7.0866500e+05   0.000000e+00   3.200000e+01   1064s
  124177    1.1250096e+03   0.000000e+00   2.341126e+07   1066s
  124987    1.1096625e+03   0.000000e+00   1.640633e+07   1070s
  125797    1.0861124e+03   0.000000e+00   3.540863e+07   1075s
  126607    1.0607403e+03   0.000000e+00   1.357284e+07   1080s
  127579    1.0269397e+03   0.000000e+00   1.208245e+07   1086s
  128389    1.0045009e+03   0.000000e+00   2.648976e+07   1090s
  129361    9.7739637e+02   0.000000e+00   7.087690e+06   1096s
  130171    9.5701886e+02   0.000000e+00   6.035257e+06   1100s
  130981    9.4163254e+02   0.000000e+00   5.762185e+06   1105s
  131953    9.2491391e+02   0.000000e+00   4.730818e+06   1111s
  132763    9.1697996e+02   0.000000e+00   3.315622e+06   1115s
  133735    9.0501724e+02   0.000000e+00   2.708792e+06   1121s
  134545    8.9740671e+02   0.000000e+00   5.250537e+06   1125s
  135517    8.8845066e+02   0.000000e+00   5.312822e+06   1131s
  136489    8.7808886e+02   0.000000e+00   1.170715e+07   1136s
  137299    8.6840458e+02   0.000000e+00   5.422960e+06   1140s
  138271    8.5982324e+02   0.000000e+00   7.945031e+06   1145s
Warning: Markowitz tolerance tightened to 0.125
  139243    8.5432159e+02   0.000000e+00   5.730008e+06   1151s
  140053    8.4910272e+02   0.000000e+00   2.485740e+06   1155s
  141025    8.4463230e+02   0.000000e+00   3.402616e+06   1161s
  141835    8.4033039e+02   0.000000e+00   4.061532e+06   1165s
  142807    8.3523904e+02   0.000000e+00   3.012504e+06   1171s
  143779    8.3176219e+02   0.000000e+00   2.550026e+06   1176s
  144589    8.2882618e+02   0.000000e+00   6.174656e+07   1180s
  145561    8.2527229e+02   0.000000e+00   6.355336e+06   1186s
  146371    8.2219702e+02   0.000000e+00   1.089287e+06   1190s
  147181    8.1916062e+02   0.000000e+00   6.480564e+05   1196s
  147991    8.1659094e+02   0.000000e+00   1.291008e+06   1201s
  148801    8.1419826e+02   0.000000e+00   1.193983e+06   1206s
  149449    8.1216021e+02   0.000000e+00   7.707907e+06   1210s
  150259    8.0983954e+02   0.000000e+00   1.653896e+06   1215s
  151069    8.0755051e+02   0.000000e+00   9.728720e+05   1221s
  151717    8.0629816e+02   0.000000e+00   3.289949e+06   1225s
  152527    8.0474781e+02   0.000000e+00   2.459075e+06   1231s
  153013    8.0334001e+02   0.000000e+00   1.590838e+06   1235s
  153661    8.0166306e+02   0.000000e+00   1.064139e+06   1240s
  154471    7.9984895e+02   0.000000e+00   1.841388e+06   1246s
  155119    7.9867830e+02   0.000000e+00   5.916745e+06   1251s
  155605    7.9676889e+02   0.000000e+00   3.689703e+06   1255s
  156253    7.9521370e+02   0.000000e+00   4.257493e+06   1260s
  156901    7.9371234e+02   0.000000e+00   1.174014e+06   1265s
  157549    7.9259956e+02   0.000000e+00   8.693617e+05   1270s
  158197    7.9156312e+02   0.000000e+00   2.906170e+06   1275s
  159007    7.8990456e+02   0.000000e+00   1.314592e+06   1281s
  159655    7.8866195e+02   0.000000e+00   2.421120e+06   1286s
  160303    7.8755672e+02   0.000000e+00   1.430356e+06   1291s
  160951    7.8637356e+02   0.000000e+00   1.406502e+06   1296s
  161599    7.8505224e+02   0.000000e+00   2.752834e+06   1301s
  162247    7.8402813e+02   0.000000e+00   1.052771e+06   1306s
  162895    7.8300988e+02   0.000000e+00   6.496552e+05   1311s
  163543    7.8230363e+02   0.000000e+00   4.320295e+06   1316s
  164191    7.8138407e+02   0.000000e+00   3.910588e+05   1321s
  164839    7.8057886e+02   0.000000e+00   1.100007e+07   1326s
  165487    7.7967632e+02   0.000000e+00   2.118211e+06   1331s
  166135    7.7892835e+02   0.000000e+00   6.691043e+05   1336s
  166783    7.7810582e+02   0.000000e+00   5.548637e+06   1341s
  167431    7.7729513e+02   0.000000e+00   1.619528e+06   1346s
  168079    7.7639206e+02   0.000000e+00   6.344583e+06   1351s
  168727    7.7552191e+02   0.000000e+00   9.838016e+05   1356s
  169375    7.7474263e+02   0.000000e+00   2.456790e+06   1361s
  170023    7.7368092e+02   0.000000e+00   8.703371e+05   1366s
  170671    7.7259337e+02   0.000000e+00   1.835814e+06   1371s
  171319    7.7179471e+02   0.000000e+00   2.411734e+06   1376s
  171967    7.7076493e+02   0.000000e+00   5.550606e+06   1381s
  172615    7.6976778e+02   0.000000e+00   1.291840e+06   1386s
  173263    7.6902497e+02   0.000000e+00   1.508449e+06   1390s
  173911    7.6812779e+02   0.000000e+00   1.514915e+06   1395s
  174559    7.6717608e+02   0.000000e+00   1.026009e+07   1400s
  175207    7.6600860e+02   0.000000e+00   6.013104e+05   1405s
  175855    7.6530443e+02   0.000000e+00   1.631284e+06   1410s
  176665    7.6441877e+02   0.000000e+00   5.318176e+05   1416s
  177313    7.6362863e+02   0.000000e+00   1.768976e+06   1421s
  177961    7.6324192e+02   0.000000e+00   7.206659e+05   1426s
  178609    7.6289851e+02   0.000000e+00   9.119778e+05   1430s
  179419    7.6223024e+02   0.000000e+00   5.392800e+05   1436s
  180067    7.6163473e+02   0.000000e+00   8.276020e+06   1441s
  180715    7.6097453e+02   0.000000e+00   7.523357e+05   1446s
  181363    7.6053737e+02   0.000000e+00   6.669526e+05   1451s
  182011    7.6007730e+02   0.000000e+00   4.915133e+05   1455s
  182821    7.5956351e+02   0.000000e+00   1.281269e+06   1461s
  183469    7.5910801e+02   0.000000e+00   5.689768e+05   1466s
  184117    7.5870197e+02   0.000000e+00   2.004823e+06   1470s
  184765    7.5838438e+02   0.000000e+00   3.613669e+07   1475s
  185575    7.5781476e+02   0.000000e+00   1.411738e+06   1481s
  186223    7.5729197e+02   0.000000e+00   5.208252e+05   1486s
  186871    7.5682367e+02   0.000000e+00   1.002965e+06   1491s
  187519    7.5630531e+02   0.000000e+00   8.019354e+05   1495s
  188167    7.5577673e+02   0.000000e+00   2.452421e+06   1500s
  188815    7.5514586e+02   0.000000e+00   1.495354e+06   1505s
  189463    7.5467009e+02   0.000000e+00   7.257425e+05   1510s
  190273    7.5411598e+02   0.000000e+00   5.250149e+05   1516s
  190921    7.5374578e+02   0.000000e+00   1.252060e+06   1521s
  191569    7.5336618e+02   0.000000e+00   4.093124e+05   1525s
  192379    7.5288885e+02   0.000000e+00   5.822580e+05   1531s
  193027    7.5255995e+02   0.000000e+00   5.233217e+05   1536s
  193675    7.5219501e+02   0.000000e+00   7.912661e+05   1541s
  194323    7.5182964e+02   0.000000e+00   6.034436e+05   1545s
  195133    7.5138578e+02   0.000000e+00   5.254888e+05   1551s
  195781    7.5115778e+02   0.000000e+00   6.618561e+06   1556s
  196429    7.5094391e+02   0.000000e+00   5.718781e+05   1560s
  197077    7.5056183e+02   0.000000e+00   8.514012e+05   1565s
  197887    7.5020460e+02   0.000000e+00   6.491462e+05   1571s
  198535    7.4988617e+02   0.000000e+00   6.093392e+05   1576s
  199183    7.4968656e+02   0.000000e+00   3.958748e+05   1580s
  199993    7.4937123e+02   0.000000e+00   3.415440e+06   1586s
  200641    7.4903309e+02   0.000000e+00   1.400677e+06   1591s
  201289    7.4865121e+02   0.000000e+00   4.644997e+06   1595s
  202099    7.4829643e+02   0.000000e+00   8.728873e+05   1601s
  202747    7.4785010e+02   0.000000e+00   6.653579e+05   1606s
  203395    7.4749280e+02   0.000000e+00   1.199330e+06   1610s
  204043    7.4727326e+02   0.000000e+00   2.052365e+06   1615s
  204853    7.4700907e+02   0.000000e+00   6.901978e+05   1621s
  205501    7.4680703e+02   0.000000e+00   9.417786e+05   1625s
  206149    7.4657107e+02   0.000000e+00   1.180511e+06   1630s
  206959    7.4627411e+02   0.000000e+00   2.644705e+06   1636s
  207769    7.4591930e+02   0.000000e+00   7.986720e+05   1641s
  208417    7.4562068e+02   0.000000e+00   3.848299e+05   1646s
  209065    7.4535153e+02   0.000000e+00   1.308067e+06   1650s
  209875    7.4482550e+02   0.000000e+00   1.885358e+06   1656s
  210523    7.4460760e+02   0.000000e+00   2.981635e+05   1660s
  211333    7.4436485e+02   0.000000e+00   1.820412e+06   1666s
  211981    7.4414154e+02   0.000000e+00   4.667640e+05   1671s
  212791    7.4385774e+02   0.000000e+00   2.594293e+05   1676s
  213439    7.4354917e+02   0.000000e+00   1.565059e+06   1681s
  214087    7.4333827e+02   0.000000e+00   6.329906e+05   1685s
  214735    7.4318104e+02   0.000000e+00   2.270644e+05   1690s
  215545    7.4299320e+02   0.000000e+00   2.561039e+05   1696s
  216193    7.4278801e+02   0.000000e+00   7.550877e+05   1701s
  216841    7.4260690e+02   0.000000e+00   2.063088e+05   1705s
  217651    7.4238205e+02   0.000000e+00   1.725423e+06   1711s
  218299    7.4220440e+02   0.000000e+00   8.449843e+05   1716s
  219109    7.4201121e+02   0.000000e+00   2.757193e+05   1721s
  219757    7.4189563e+02   0.000000e+00   5.878457e+05   1726s
  220405    7.4164640e+02   0.000000e+00   6.924223e+05   1730s
  221215    7.4137429e+02   0.000000e+00   7.856841e+05   1736s
  221863    7.4122951e+02   0.000000e+00   2.088477e+05   1740s
  222511    7.4108946e+02   0.000000e+00   4.386023e+05   1745s
  223321    7.4093180e+02   0.000000e+00   1.268791e+06   1751s
  223969    7.4073181e+02   0.000000e+00   1.496681e+06   1755s
  224779    7.4043923e+02   0.000000e+00   2.791137e+06   1761s
  225427    7.4026519e+02   0.000000e+00   1.061483e+06   1766s
  226075    7.4012655e+02   0.000000e+00   6.569674e+05   1770s
  226723    7.4001698e+02   0.000000e+00   7.079047e+05   1775s
  227533    7.3984151e+02   0.000000e+00   4.619741e+05   1781s
  228181    7.3969160e+02   0.000000e+00   1.248396e+06   1785s
  228991    7.3954082e+02   0.000000e+00   1.562202e+05   1791s
  229639    7.3944069e+02   0.000000e+00   4.126699e+06   1796s
  230287    7.3930684e+02   0.000000e+00   1.677169e+05   1800s
  230935    7.3914887e+02   0.000000e+00   2.343240e+05   1805s
  231745    7.3897729e+02   0.000000e+00   1.707285e+06   1811s
  232393    7.3884090e+02   0.000000e+00   4.724669e+05   1816s
  233041    7.3864116e+02   0.000000e+00   4.702274e+05   1821s
  233689    7.3850606e+02   0.000000e+00   5.162908e+05   1825s
  234499    7.3835913e+02   0.000000e+00   1.178769e+06   1831s
  235147    7.3824939e+02   0.000000e+00   5.704449e+05   1835s
  235957    7.3807847e+02   0.000000e+00   5.201487e+05   1841s
  236605    7.3793754e+02   0.000000e+00   3.570196e+05   1846s
  237253    7.3784017e+02   0.000000e+00   3.587835e+05   1850s
  238063    7.3772219e+02   0.000000e+00   2.633524e+05   1856s
  238711    7.3764074e+02   0.000000e+00   2.021251e+06   1860s
  239521    7.3754697e+02   0.000000e+00   5.279376e+05   1866s
  240169    7.3748102e+02   0.000000e+00   6.008057e+06   1870s
  240817    7.3741049e+02   0.000000e+00   9.759922e+06   1875s
  241627    7.3731286e+02   0.000000e+00   5.659186e+06   1881s
  242275    7.3720962e+02   0.000000e+00   3.972951e+05   1886s
  242923    7.3714535e+02   0.000000e+00   1.219305e+06   1891s
  243571    7.3705454e+02   0.000000e+00   2.127342e+06   1895s
  244381    7.3696058e+02   0.000000e+00   5.568233e+05   1901s
  245029    7.3687319e+02   0.000000e+00   5.381293e+05   1906s
  245677    7.3680682e+02   0.000000e+00   2.219148e+05   1910s
  246325    7.3672586e+02   0.000000e+00   3.188055e+05   1915s
  247135    7.3660666e+02   0.000000e+00   2.840484e+05   1921s
  247783    7.3651988e+02   0.000000e+00   6.113201e+05   1926s
  248431    7.3640485e+02   0.000000e+00   4.052394e+05   1931s
  249079    7.3628481e+02   0.000000e+00   5.211041e+05   1936s
  249727    7.3615998e+02   0.000000e+00   4.584582e+05   1940s
  250537    7.3603464e+02   0.000000e+00   1.077702e+06   1946s
  251185    7.3590652e+02   0.000000e+00   1.435916e+06   1951s
  251833    7.3579085e+02   0.000000e+00   7.644981e+06   1956s
  252481    7.3569830e+02   0.000000e+00   2.224900e+06   1961s
  253129    7.3561181e+02   0.000000e+00   5.044219e+05   1966s
  253777    7.3554245e+02   0.000000e+00   2.460418e+06   1970s
  254425    7.3547255e+02   0.000000e+00   2.145090e+05   1975s
  255073    7.3541306e+02   0.000000e+00   3.572335e+06   1980s
  255721    7.3535636e+02   0.000000e+00   5.036802e+05   1985s
  256369    7.3525150e+02   0.000000e+00   2.105412e+06   1990s
  257017    7.3520764e+02   0.000000e+00   1.610166e+06   1995s
  257665    7.3513922e+02   0.000000e+00   7.500985e+06   2000s
  258475    7.3503698e+02   0.000000e+00   3.243645e+05   2006s
  259123    7.3494282e+02   0.000000e+00   4.635029e+05   2011s
  259771    7.3486748e+02   0.000000e+00   1.484271e+06   2016s
  260419    7.3477339e+02   0.000000e+00   8.827516e+05   2020s
  261229    7.3463962e+02   0.000000e+00   1.410488e+06   2026s
  261877    7.3456543e+02   0.000000e+00   3.282894e+06   2030s
  262687    7.3442418e+02   0.000000e+00   5.535039e+05   2036s
  263335    7.3431807e+02   0.000000e+00   1.978788e+05   2040s
  264145    7.3423919e+02   0.000000e+00   3.464252e+06   2046s
  264955    7.3414558e+02   0.000000e+00   9.302497e+06   2050s
  265765    7.3407824e+02   0.000000e+00   4.851016e+05   2055s
  266575    7.3399533e+02   0.000000e+00   5.200142e+05   2060s
  267385    7.3391096e+02   0.000000e+00   1.129364e+06   2066s
  267871    7.3373117e+02   0.000000e+00   3.232330e+05   2070s
  268575    7.3359355e+02   0.000000e+00   6.130408e+05   2076s
  269225    7.3345334e+02   0.000000e+00   8.385324e+07   2081s
  269767    7.3334407e+02   0.000000e+00   2.786427e+07   2085s
  270521    7.3317036e+02   0.000000e+00   8.155509e+06   2092s
  270931    7.3307815e+02   0.000000e+00   1.128038e+07   2095s
  271581    7.3293774e+02   0.000000e+00   1.561593e+07   2100s
  272215    7.3277284e+02   0.000000e+00   4.911289e+06   2106s
  272767    7.3262832e+02   0.000000e+00   2.545350e+06   2110s
  273427    7.3246205e+02   0.000000e+00   7.568615e+05   2115s
  274107    7.3229410e+02   0.000000e+00   1.630912e+06   2121s
  274667    7.3216931e+02   0.000000e+00   9.773087e+05   2125s
  275267    7.3204271e+02   0.000000e+00   7.895486e+05   2131s
  275877    7.3194079e+02   0.000000e+00   9.859593e+07   2136s
  276557    7.3182970e+02   0.000000e+00   2.808110e+08   2141s
  277197    7.3172533e+02   0.000000e+00   1.723293e+07   2146s
  277757    7.3164738e+02   0.000000e+00   3.818033e+05   2150s
  278437    7.3152141e+02   0.000000e+00   8.808410e+05   2156s
  278997    7.3142890e+02   0.000000e+00   2.292433e+06   2160s
  279667    7.3133406e+02   0.000000e+00   1.951624e+07   2166s
  280207    7.3121835e+02   0.000000e+00   3.030034e+06   2170s
  280841    7.3110622e+02   0.000000e+00   1.784707e+07   2176s
  281305    7.3103005e+02   0.000000e+00   7.996994e+05   2180s
  282069    7.3089636e+02   0.000000e+00   6.393564e+07   2186s
  282705    7.3078883e+02   0.000000e+00   2.236620e+06   2191s
  283315    7.3071373e+02   0.000000e+00   1.364820e+08   2195s
  284025    7.3058530e+02   0.000000e+00   5.115218e+06   2201s
  284575    7.3045981e+02   0.000000e+00   2.790361e+07   2206s
  285125    7.3036597e+02   0.000000e+00   4.276628e+06   2210s
  285711    7.3023405e+02   0.000000e+00   4.761948e+06   2215s
  286413    7.3008178e+02   0.000000e+00   1.332003e+06   2220s
  286993    7.2992633e+02   0.000000e+00   4.573430e+06   2225s
  287613    7.2980538e+02   0.000000e+00   4.531721e+07   2230s
  288215    7.2965495e+02   0.000000e+00   8.046756e+06   2235s
  288887    7.2951670e+02   0.000000e+00   7.719569e+07   2240s
  289503    7.2938737e+02   0.000000e+00   2.894512e+06   2245s
  290119    7.2925747e+02   0.000000e+00   1.289394e+08   2250s
  290755    7.2913762e+02   0.000000e+00   8.474097e+05   2255s
  291401    7.2903634e+02   0.000000e+00   1.235693e+07   2261s
  291887    7.2893499e+02   0.000000e+00   1.325024e+07   2265s
  292697    7.2882589e+02   0.000000e+00   1.447395e+06   2271s
  293183    7.2873724e+02   0.000000e+00   7.729190e+05   2276s
  293831    7.2866103e+02   0.000000e+00   4.462994e+08   2280s
  294479    7.2851799e+02   0.000000e+00   2.004437e+07   2286s
  295127    7.2843433e+02   0.000000e+00   6.775198e+05   2291s
  295775    7.2833739e+02   0.000000e+00   3.947605e+08   2296s
  296423    7.2823396e+02   0.000000e+00   1.243754e+06   2301s
  296909    7.2817074e+02   0.000000e+00   3.884632e+08   2305s
  297557    7.2810250e+02   0.000000e+00   1.128284e+07   2311s
  298043    7.2803980e+02   0.000000e+00   3.036396e+08   2315s
  298853    7.2792659e+02   0.000000e+00   3.401606e+06   2321s
  299339    7.2785420e+02   0.000000e+00   1.825813e+07   2325s
  299987    7.2775877e+02   0.000000e+00   2.395600e+07   2331s
  300473    7.2768300e+02   0.000000e+00   6.900835e+05   2336s
  300959    7.2762426e+02   0.000000e+00   1.281862e+06   2340s
  301445    7.2754625e+02   0.000000e+00   5.334595e+06   2345s
  302093    7.2743870e+02   0.000000e+00   1.663354e+06   2351s
  302579    7.2737609e+02   0.000000e+00   2.218144e+07   2356s
  303065    7.2730497e+02   0.000000e+00   2.164621e+06   2360s
  303713    7.2722663e+02   0.000000e+00   5.003568e+07   2365s
  304361    7.2710982e+02   0.000000e+00   4.659395e+06   2370s
  305007    7.2696242e+02   0.000000e+00   2.508550e+07   2376s
  305493    7.2688263e+02   0.000000e+00   1.268928e+07   2381s
  305979    7.2681665e+02   0.000000e+00   8.509884e+07   2385s
  306627    7.2668717e+02   0.000000e+00   6.549244e+05   2391s
  307113    7.2661109e+02   0.000000e+00   1.361418e+07   2396s
  307599    7.2652749e+02   0.000000e+00   2.019844e+06   2400s
  308247    7.2644370e+02   0.000000e+00   1.693654e+06   2406s
  308733    7.2639138e+02   0.000000e+00   8.995261e+06   2410s
  309381    7.2632871e+02   0.000000e+00   1.389700e+06   2416s
  309867    7.2626876e+02   0.000000e+00   1.467427e+07   2421s
  310353    7.2622656e+02   0.000000e+00   4.274212e+05   2425s
  310839    7.2618675e+02   0.000000e+00   1.028362e+07   2431s
  311487    7.2611880e+02   0.000000e+00   2.895272e+06   2436s
  311973    7.2607103e+02   0.000000e+00   7.617849e+05   2441s
  312459    7.2601251e+02   0.000000e+00   1.533303e+06   2446s
  312945    7.2597975e+02   0.000000e+00   8.123629e+05   2451s
  313431    7.2593325e+02   0.000000e+00   4.285970e+08   2456s
  313917    7.2588287e+02   0.000000e+00   5.444286e+07   2461s
  314565    7.2579762e+02   0.000000e+00   7.660677e+05   2466s
  315051    7.2575418e+02   0.000000e+00   8.379445e+06   2471s
  315375    7.2572053e+02   0.000000e+00   1.658743e+07   2475s
  316023    7.2565039e+02   0.000000e+00   5.983052e+05   2481s
  316509    7.2559856e+02   0.000000e+00   2.730921e+07   2487s
  316833    7.2556814e+02   0.000000e+00   1.109798e+08   2491s
  317319    7.2550778e+02   0.000000e+00   2.352092e+07   2496s
  317805    7.2546325e+02   0.000000e+00   1.195630e+07   2501s
  318291    7.2538629e+02   0.000000e+00   8.122955e+08   2505s
  318777    7.2530731e+02   0.000000e+00   7.362440e+06   2510s
  319425    7.2524589e+02   0.000000e+00   8.812332e+06   2516s
  319749    7.2521781e+02   0.000000e+00   1.635867e+06   2520s
  320235    7.2516260e+02   0.000000e+00   2.881165e+07   2526s
  320721    7.2509353e+02   0.000000e+00   4.035939e+07   2531s
  321207    7.2503624e+02   0.000000e+00   8.283248e+06   2535s
  321693    7.2498773e+02   0.000000e+00   1.284401e+07   2541s
  322179    7.2493081e+02   0.000000e+00   2.658417e+06   2547s
  322665    7.2487967e+02   0.000000e+00   1.820907e+07   2552s
  322989    7.2483574e+02   0.000000e+00   8.993641e+07   2556s
  323475    7.2478749e+02   0.000000e+00   3.546088e+06   2561s
  323961    7.2474392e+02   0.000000e+00   6.832500e+06   2567s
  324285    7.2468643e+02   0.000000e+00   7.769632e+06   2571s
  324771    7.2463859e+02   0.000000e+00   2.040235e+06   2575s
  325257    7.2459487e+02   0.000000e+00   1.624788e+07   2580s
  325743    7.2456950e+02   0.000000e+00   7.709134e+05   2586s
  326229    7.2451663e+02   0.000000e+00   1.395191e+07   2591s
  326715    7.2446631e+02   0.000000e+00   5.176377e+05   2596s
  327201    7.2441464e+02   0.000000e+00   6.818915e+06   2601s
  327525    7.2437037e+02   0.000000e+00   8.463841e+06   2605s
  328011    7.2434205e+02   0.000000e+00   4.986564e+07   2611s
  328335    7.2431941e+02   0.000000e+00   1.185536e+08   2616s
  328821    7.2427358e+02   0.000000e+00   4.244883e+06   2621s
  329307    7.2422573e+02   0.000000e+00   7.754221e+07   2625s
  329793    7.2416257e+02   0.000000e+00   3.607977e+07   2631s
  330279    7.2412345e+02   0.000000e+00   6.849394e+07   2636s
  330927    7.2408173e+02   0.000000e+00   3.044375e+06   2641s
  331413    7.2403174e+02   0.000000e+00   6.520431e+05   2646s
  331899    7.2398391e+02   0.000000e+00   4.756720e+05   2651s
  332385    7.2394225e+02   0.000000e+00   1.364292e+06   2657s
  332709    7.2391006e+02   0.000000e+00   6.285402e+05   2660s
  333195    7.2387815e+02   0.000000e+00   4.186783e+06   2666s
  333681    7.2381225e+02   0.000000e+00   1.971152e+07   2671s
  334167    7.2376800e+02   0.000000e+00   1.848182e+07   2677s
  334653    7.2370119e+02   0.000000e+00   6.396356e+07   2681s
  335139    7.2363570e+02   0.000000e+00   3.952122e+06   2686s
  335625    7.2358153e+02   0.000000e+00   6.347755e+06   2692s
  336111    7.2351950e+02   0.000000e+00   7.801982e+08   2697s
  336435    7.2348292e+02   0.000000e+00   1.557729e+07   2700s
  336921    7.2344402e+02   0.000000e+00   6.216645e+07   2705s
  337407    7.2339387e+02   0.000000e+00   1.554986e+06   2711s
  337893    7.2333760e+02   0.000000e+00   1.918206e+07   2716s
  338379    7.2330174e+02   0.000000e+00   1.064244e+08   2721s
  338865    7.2325414e+02   0.000000e+00   8.782212e+06   2726s
  339351    7.2320341e+02   0.000000e+00   2.694086e+07   2731s
  339837    7.2315716e+02   0.000000e+00   1.044150e+07   2736s
  340323    7.2310581e+02   0.000000e+00   2.110329e+07   2741s
  340809    7.2305247e+02   0.000000e+00   7.255493e+05   2746s
  341295    7.2301187e+02   0.000000e+00   7.102051e+05   2751s
  341781    7.2295627e+02   0.000000e+00   8.725879e+07   2756s
  342267    7.2290577e+02   0.000000e+00   2.035934e+06   2762s
  342753    7.2286016e+02   0.000000e+00   1.856990e+07   2767s
  343077    7.2280960e+02   0.000000e+00   6.875849e+06   2771s
  343563    7.2273912e+02   0.000000e+00   3.834824e+07   2776s
  344049    7.2269833e+02   0.000000e+00   1.049322e+07   2781s
  344535    7.2265317e+02   0.000000e+00   3.939005e+07   2786s
  345021    7.2261556e+02   0.000000e+00   2.323756e+06   2791s
  345507    7.2256890e+02   0.000000e+00   9.031828e+05   2797s
  345831    7.2255524e+02   0.000000e+00   3.263945e+06   2801s
  346317    7.2250314e+02   0.000000e+00   5.148094e+06   2807s
  346803    7.2246468e+02   0.000000e+00   7.707308e+05   2812s
  347127    7.2241831e+02   0.000000e+00   1.055837e+07   2815s
  347613    7.2238120e+02   0.000000e+00   2.457717e+07   2821s
  347937    7.2235337e+02   0.000000e+00   3.275019e+06   2825s
  348423    7.2230300e+02   0.000000e+00   1.881417e+07   2831s
  348909    7.2223662e+02   0.000000e+00   2.281629e+06   2836s
  349233    7.2219712e+02   0.000000e+00   6.692336e+06   2840s
  349719    7.2213733e+02   0.000000e+00   5.179134e+06   2847s
  350043    7.2211312e+02   0.000000e+00   5.379924e+06   2851s
  350529    7.2206499e+02   0.000000e+00   1.028961e+07   2857s
  350853    7.2203534e+02   0.000000e+00   3.136778e+06   2861s
  351177    7.2201064e+02   0.000000e+00   5.590458e+06   2865s
  351663    7.2196201e+02   0.000000e+00   1.175188e+06   2871s
  351987    7.2194978e+02   0.000000e+00   3.063119e+07   2875s
  352473    7.2190932e+02   0.000000e+00   4.139773e+06   2880s
  352959    7.2186820e+02   0.000000e+00   1.832378e+06   2885s
  353607    7.2180215e+02   0.000000e+00   1.461578e+07   2892s
  353931    7.2177964e+02   0.000000e+00   6.067169e+05   2896s
  354417    7.2174571e+02   0.000000e+00   1.248696e+07   2901s
  354903    7.2171501e+02   0.000000e+00   2.224826e+07   2906s
  355389    7.2168591e+02   0.000000e+00   8.655364e+05   2912s
  355875    7.2166370e+02   0.000000e+00   4.640288e+07   2917s
  356199    7.2163867e+02   0.000000e+00   2.644457e+06   2920s
  356685    7.2160560e+02   0.000000e+00   7.219239e+06   2926s
  357171    7.2157788e+02   0.000000e+00   1.436661e+06   2932s
  357495    7.2156460e+02   0.000000e+00   3.633866e+07   2936s
  357981    7.2152392e+02   0.000000e+00   1.461294e+06   2941s
  358467    7.2149760e+02   0.000000e+00   2.567493e+06   2946s
  358953    7.2144552e+02   0.000000e+00   2.069054e+06   2952s
  359277    7.2142862e+02   0.000000e+00   5.441531e+08   2956s
  359763    7.2138377e+02   0.000000e+00   4.470099e+06   2961s
  360249    7.2134654e+02   0.000000e+00   8.549037e+08   2966s
  360573    7.2131815e+02   0.000000e+00   3.814916e+06   2970s
  361059    7.2126062e+02   0.000000e+00   3.256762e+07   2976s
  361545    7.2122370e+02   0.000000e+00   3.857654e+08   2982s
  361869    7.2121209e+02   0.000000e+00   1.560080e+07   2986s
  362355    7.2116815e+02   0.000000e+00   1.071020e+06   2992s
  362679    7.2115015e+02   0.000000e+00   2.857215e+06   2996s
  363165    7.2110696e+02   0.000000e+00   1.223212e+07   3001s
  363489    7.2109593e+02   0.000000e+00   8.082929e+05   3005s
  363975    7.2104390e+02   0.000000e+00   1.491596e+06   3011s
  364299    7.2102088e+02   0.000000e+00   1.527851e+06   3015s
  364785    7.2097837e+02   0.000000e+00   3.625482e+06   3021s
  365271    7.2093943e+02   0.000000e+00   1.341710e+06   3026s
  365757    7.2087638e+02   0.000000e+00   1.649552e+07   3032s
  366081    7.2085628e+02   0.000000e+00   3.285669e+06   3036s
  366405    7.2083978e+02   0.000000e+00   6.030825e+07   3040s
  366891    7.2080674e+02   0.000000e+00   4.083716e+06   3045s
  367377    7.2077966e+02   0.000000e+00   6.072723e+06   3050s
  367863    7.2073049e+02   0.000000e+00   6.389473e+06   3057s
  368187    7.2070799e+02   0.000000e+00   9.119803e+06   3061s
  368673    7.2067036e+02   0.000000e+00   5.937669e+07   3066s
  368997    7.2064331e+02   0.000000e+00   4.238167e+07   3070s
  369483    7.2057789e+02   0.000000e+00   9.489752e+06   3075s
  369969    7.2054253e+02   0.000000e+00   1.305870e+07   3081s
  370293    7.2051567e+02   0.000000e+00   2.560812e+07   3085s
  370779    7.2049360e+02   0.000000e+00   5.675451e+06   3091s
  371265    7.2046927e+02   0.000000e+00   4.824979e+05   3096s
  371589    7.2044546e+02   0.000000e+00   1.015274e+06   3100s
  372075    7.2040660e+02   0.000000e+00   5.798178e+05   3106s
  372561    7.2037370e+02   0.000000e+00   7.062338e+06   3112s
  372885    7.2035854e+02   0.000000e+00   1.146265e+07   3116s
  373371    7.2032490e+02   0.000000e+00   9.743918e+05   3121s
  373857    7.2027506e+02   0.000000e+00   1.131271e+08   3126s
  374181    7.2024358e+02   0.000000e+00   7.347043e+05   3130s
  374667    7.2021763e+02   0.000000e+00   1.292607e+07   3136s
  375153    7.2019525e+02   0.000000e+00   4.242882e+07   3142s
  375477    7.2017495e+02   0.000000e+00   3.260614e+06   3146s
  375801    7.2014310e+02   0.000000e+00   6.635306e+05   3150s
  376287    7.2011691e+02   0.000000e+00   9.630676e+05   3156s
  376773    7.2009550e+02   0.000000e+00   1.902178e+06   3161s
  377259    7.2006344e+02   0.000000e+00   4.740948e+06   3166s
  377583    7.2004384e+02   0.000000e+00   6.373360e+06   3170s
  378231    7.1999822e+02   0.000000e+00   3.473116e+06   3177s
  378555    7.1998588e+02   0.000000e+00   1.321489e+07   3181s
  379041    7.1996851e+02   0.000000e+00   5.643289e+06   3186s
  379365    7.1995058e+02   0.000000e+00   2.083833e+08   3190s
  380013    7.1990355e+02   0.000000e+00   3.801038e+06   3197s
  380337    7.1988443e+02   0.000000e+00   1.348403e+06   3202s
  380661    7.1986417e+02   0.000000e+00   1.042234e+07   3206s
  381147    7.1982414e+02   0.000000e+00   1.092828e+06   3211s
  381471    7.1980781e+02   0.000000e+00   2.063968e+07   3215s
  381957    7.1977472e+02   0.000000e+00   3.905874e+06   3221s
  382443    7.1975006e+02   0.000000e+00   9.679434e+07   3226s
  382929    7.1971952e+02   0.000000e+00   4.555792e+07   3232s
  383253    7.1969437e+02   0.000000e+00   1.759311e+06   3235s
  383739    7.1967381e+02   0.000000e+00   1.174144e+06   3240s
  384225    7.1964953e+02   0.000000e+00   5.224219e+06   3246s
  384711    7.1962093e+02   0.000000e+00   1.430150e+06   3251s
  385197    7.1958432e+02   0.000000e+00   6.512937e+07   3256s
  385683    7.1954498e+02   0.000000e+00   6.385399e+07   3261s
  386007    7.1952715e+02   0.000000e+00   2.770117e+06   3265s
  386655    7.1948438e+02   0.000000e+00   4.385014e+05   3271s
  387141    7.1945072e+02   0.000000e+00   5.998139e+06   3276s
  387465    7.1943775e+02   0.000000e+00   9.552000e+06   3280s
  387951    7.1941780e+02   0.000000e+00   1.281793e+07   3287s
  388275    7.1940272e+02   0.000000e+00   2.495086e+08   3290s
  388761    7.1938105e+02   0.000000e+00   9.881230e+05   3296s
  389085    7.1936332e+02   0.000000e+00   1.112592e+08   3300s
  389571    7.1934535e+02   0.000000e+00   4.325545e+07   3306s
  389895    7.1933251e+02   0.000000e+00   5.185210e+05   3310s
  390381    7.1930030e+02   0.000000e+00   3.907595e+06   3316s
  390867    7.1926988e+02   0.000000e+00   3.183562e+07   3322s
  391191    7.1924960e+02   0.000000e+00   2.265521e+06   3325s
  391677    7.1922007e+02   0.000000e+00   3.379154e+07   3331s
  392001    7.1919878e+02   0.000000e+00   1.474426e+07   3335s
  392487    7.1917834e+02   0.000000e+00   2.267357e+06   3341s
  392811    7.1916465e+02   0.000000e+00   4.121315e+06   3345s
  393297    7.1914588e+02   0.000000e+00   5.783320e+06   3350s
  393783    7.1912868e+02   0.000000e+00   2.254955e+07   3356s
  394269    7.1909783e+02   0.000000e+00   5.637872e+07   3362s
  394593    7.1908171e+02   0.000000e+00   1.913524e+07   3366s
  395079    7.1906259e+02   0.000000e+00   1.835125e+06   3372s
  395403    7.1905375e+02   0.000000e+00   2.294289e+08   3375s
  395889    7.1902704e+02   0.000000e+00   9.887422e+07   3381s
  396375    7.1899885e+02   0.000000e+00   3.069152e+07   3386s
  396861    7.1897936e+02   0.000000e+00   7.454186e+05   3392s
  397185    7.1897083e+02   0.000000e+00   8.267704e+07   3396s
  397671    7.1895558e+02   0.000000e+00   2.031013e+07   3401s
  398157    7.1894510e+02   0.000000e+00   3.994934e+07   3407s
  398481    7.1892950e+02   0.000000e+00   5.104728e+06   3411s
  398967    7.1890484e+02   0.000000e+00   8.544684e+06   3417s
  399291    7.1888724e+02   0.000000e+00   7.573758e+06   3421s
  399777    7.1886682e+02   0.000000e+00   1.727983e+06   3427s
  400101    7.1884976e+02   0.000000e+00   2.811840e+08   3431s
  400587    7.1882461e+02   0.000000e+00   7.119390e+06   3436s
  400911    7.1880576e+02   0.000000e+00   3.507783e+07   3441s
  401397    7.1879485e+02   0.000000e+00   6.694839e+06   3447s
  401721    7.1878460e+02   0.000000e+00   1.636522e+07   3451s
  402207    7.1876233e+02   0.000000e+00   8.982430e+06   3456s
  402531    7.1874808e+02   0.000000e+00   3.391086e+08   3460s
  403017    7.1872557e+02   0.000000e+00   1.666351e+06   3466s
  403503    7.1869651e+02   0.000000e+00   5.273219e+05   3472s
  403827    7.1868357e+02   0.000000e+00   1.842372e+07   3476s
  404313    7.1866011e+02   0.000000e+00   5.020379e+05   3481s
  404637    7.1864967e+02   0.000000e+00   1.921558e+06   3485s
  405123    7.1862145e+02   0.000000e+00   8.543318e+07   3490s
  405771    7.1858812e+02   0.000000e+00   1.885537e+06   3497s
  406095    7.1857859e+02   0.000000e+00   4.361479e+07   3500s
  406581    7.1855603e+02   0.000000e+00   3.109258e+05   3506s
  407067    7.1853546e+02   0.000000e+00   1.441952e+08   3511s
  407391    7.1851661e+02   0.000000e+00   5.399694e+10   3515s
  407877    7.1848396e+02   0.000000e+00   1.606560e+06   3522s
  408201    7.1846310e+02   0.000000e+00   1.843768e+08   3526s
  408525    7.1844844e+02   0.000000e+00   4.592438e+08   3530s
  409173    7.1840951e+02   0.000000e+00   5.852282e+05   3536s
  409497    7.1838751e+02   0.000000e+00   1.042518e+08   3541s
  409983    7.1836444e+02   0.000000e+00   3.197937e+07   3545s
  410469    7.1834449e+02   0.000000e+00   1.209446e+07   3551s
  410955    7.1831803e+02   0.000000e+00   2.994600e+07   3557s
  411441    7.1829229e+02   0.000000e+00   7.121480e+06   3562s
  411765    7.1827761e+02   0.000000e+00   3.338644e+06   3565s
  412251    7.1825363e+02   0.000000e+00   1.178770e+06   3571s
  412737    7.1823142e+02   0.000000e+00   4.661251e+06   3577s
  413061    7.1821206e+02   0.000000e+00   2.716745e+08   3581s
  413547    7.1819654e+02   0.000000e+00   2.258901e+06   3586s
  413871    7.1818045e+02   0.000000e+00   3.577209e+07   3590s
  414357    7.1816247e+02   0.000000e+00   2.053011e+07   3597s
  414681    7.1815111e+02   0.000000e+00   5.437969e+06   3602s
  415005    7.1813433e+02   0.000000e+00   2.051690e+07   3605s
  415491    7.1809573e+02   0.000000e+00   9.845245e+06   3611s
  415977    7.1807244e+02   0.000000e+00   7.512568e+05   3616s
  416301    7.1805682e+02   0.000000e+00   4.023031e+07   3620s
  416787    7.1802759e+02   0.000000e+00   8.624758e+07   3626s
  417111    7.1800899e+02   0.000000e+00   5.615539e+07   3630s
  417597    7.1799703e+02   0.000000e+00   4.347701e+06   3636s
  418083    7.1796948e+02   0.000000e+00   1.365519e+07   3642s
  418407    7.1794991e+02   0.000000e+00   3.955050e+07   3645s
  418893    7.1792955e+02   0.000000e+00   3.518064e+07   3651s
  419217    7.1792345e+02   0.000000e+00   4.811531e+06   3655s
  419703    7.1789930e+02   0.000000e+00   6.520800e+05   3661s
  420189    7.1788132e+02   0.000000e+00   4.566831e+05   3667s
  420513    7.1786229e+02   0.000000e+00   2.519550e+06   3671s
  420837    7.1785183e+02   0.000000e+00   2.334729e+09   3675s
  421323    7.1783517e+02   0.000000e+00   7.158825e+05   3681s
  421647    7.1782695e+02   0.000000e+00   6.052283e+06   3685s
  422133    7.1781116e+02   0.000000e+00   1.973152e+07   3692s
  422457    7.1779591e+02   0.000000e+00   9.838118e+05   3695s
  422943    7.1777720e+02   0.000000e+00   4.459374e+06   3701s
  423267    7.1776464e+02   0.000000e+00   5.122271e+05   3705s
  423753    7.1774654e+02   0.000000e+00   2.134797e+06   3711s
  424077    7.1773318e+02   0.000000e+00   7.464702e+05   3715s
  424563    7.1771436e+02   0.000000e+00   1.895494e+06   3722s
  424887    7.1770208e+02   0.000000e+00   1.882686e+07   3726s
  425211    7.1768803e+02   0.000000e+00   2.215470e+08   3730s
  425697    7.1766936e+02   0.000000e+00   1.412803e+06   3736s
  426021    7.1764600e+02   0.000000e+00   1.759581e+07   3741s
  426507    7.1762476e+02   0.000000e+00   3.983999e+06   3746s
  426831    7.1761287e+02   0.000000e+00   7.492863e+06   3750s
  427317    7.1758612e+02   0.000000e+00   7.639474e+07   3756s
  427803    7.1755791e+02   0.000000e+00   9.468194e+06   3761s
  428289    7.1754676e+02   0.000000e+00   1.194836e+06   3766s
  428613    7.1753905e+02   0.000000e+00   3.576616e+05   3770s
  429099    7.1751649e+02   0.000000e+00   8.130256e+05   3777s
  429423    7.1749783e+02   0.000000e+00   4.553624e+09   3781s
  429747    7.1748778e+02   0.000000e+00   5.228745e+05   3785s
  430071    7.1746841e+02   0.000000e+00   9.427029e+05   3790s
  430557    7.1744507e+02   0.000000e+00   5.474807e+05   3796s
  430881    7.1743040e+02   0.000000e+00   1.008386e+08   3801s
  431205    7.1741142e+02   0.000000e+00   2.567616e+06   3806s
  431529    7.1739784e+02   0.000000e+00   4.481958e+05   3810s
  432015    7.1738530e+02   0.000000e+00   2.509430e+08   3817s
  432339    7.1737212e+02   0.000000e+00   1.377678e+06   3821s
  432663    7.1736235e+02   0.000000e+00   1.177620e+08   3825s
  433149    7.1735438e+02   0.000000e+00   8.914817e+06   3831s
  433473    7.1734539e+02   0.000000e+00   1.090471e+07   3835s
  433959    7.1732925e+02   0.000000e+00   3.434678e+06   3842s
  434283    7.1732413e+02   0.000000e+00   3.000182e+06   3847s
  434607    7.1731258e+02   0.000000e+00   3.293289e+07   3851s
  434931    7.1729894e+02   0.000000e+00   8.812309e+06   3855s
  435417    7.1728181e+02   0.000000e+00   1.050964e+07   3862s
  435741    7.1727047e+02   0.000000e+00   5.619720e+07   3866s
  436065    7.1725886e+02   0.000000e+00   1.957865e+07   3871s
  436389    7.1723590e+02   0.000000e+00   1.132933e+07   3876s
  436713    7.1722213e+02   0.000000e+00   1.049994e+07   3880s
  437199    7.1720091e+02   0.000000e+00   8.930245e+06   3887s
  437523    7.1718984e+02   0.000000e+00   6.787473e+05   3891s
  437847    7.1717429e+02   0.000000e+00   9.492724e+05   3896s
  438171    7.1716042e+02   0.000000e+00   1.206686e+06   3900s
  438657    7.1713281e+02   0.000000e+00   6.731793e+08   3906s
  438981    7.1712473e+02   0.000000e+00   1.877242e+06   3911s
  439467    7.1711044e+02   0.000000e+00   3.581552e+06   3916s
  439791    7.1710502e+02   0.000000e+00   6.017349e+05   3920s
  440277    7.1708945e+02   0.000000e+00   1.938170e+08   3927s
  440601    7.1706607e+02   0.000000e+00   6.242120e+05   3931s
  441051    7.1704572e+02   0.000000e+00   2.467719e+09   3937s
  441375    7.1703518e+02   0.000000e+00   1.413477e+06   3940s
  441677    7.1703485e+02   0.000000e+00   2.759552e+06   3945s
  442037    7.1703176e+02   0.000000e+00   1.350657e+07   3952s
  442269    7.1702747e+02   0.000000e+00   1.632905e+06   3956s
  442431    7.1702133e+02   0.000000e+00   1.302456e+06   3960s
  442755    7.1700117e+02   0.000000e+00   1.202094e+06   3967s
  442917    7.1698801e+02   0.000000e+00   3.028698e+06   3970s
  443241    7.1697289e+02   0.000000e+00   2.351817e+06   3977s
  443565    7.1693991e+02   0.000000e+00   1.298767e+07   3983s
  443727    7.1691675e+02   0.000000e+00   6.809736e+06   3986s
  444051    7.1686404e+02   0.000000e+00   1.269869e+07   3993s
  444213    7.1683937e+02   0.000000e+00   2.846500e+07   3996s
  444537    7.1677097e+02   0.000000e+00   3.160771e+07   4003s
  444699    7.1675635e+02   0.000000e+00   1.584545e+07   4006s
  445023    7.1670727e+02   0.000000e+00   5.995800e+06   4013s
  445185    7.1668689e+02   0.000000e+00   1.066445e+07   4016s
  445509    7.1663455e+02   0.000000e+00   1.225930e+07   4023s
  445671    7.1662168e+02   0.000000e+00   4.133994e+06   4026s
  445995    7.1658212e+02   0.000000e+00   2.096037e+06   4032s
  446157    7.1656671e+02   0.000000e+00   2.984215e+06   4036s
  446481    7.1652262e+02   0.000000e+00   2.843959e+07   4043s
  446643    7.1649898e+02   0.000000e+00   4.952163e+06   4046s
  446967    7.1644693e+02   0.000000e+00   1.112793e+07   4052s
  447129    7.1641651e+02   0.000000e+00   2.683250e+06   4056s
  447453    7.1637548e+02   0.000000e+00   1.677130e+07   4063s
  447615    7.1635562e+02   0.000000e+00   7.676428e+07   4066s
  447939    7.1632324e+02   0.000000e+00   3.157077e+06   4073s
  448101    7.1630688e+02   0.000000e+00   3.378572e+06   4076s
  448263    7.1628883e+02   0.000000e+00   5.432862e+06   4080s
  448587    7.1624655e+02   0.000000e+00   2.196141e+06   4087s
  448749    7.1623006e+02   0.000000e+00   2.443071e+06   4090s
  449073    7.1619796e+02   0.000000e+00   2.483840e+06   4097s
  449235    7.1618504e+02   0.000000e+00   9.514975e+06   4101s
  449559    7.1614926e+02   0.000000e+00   1.289074e+06   4108s
  449721    7.1613231e+02   0.000000e+00   1.135284e+06   4112s
  449883    7.1612241e+02   0.000000e+00   1.093615e+07   4115s
  450207    7.1609285e+02   0.000000e+00   1.931631e+06   4122s
  450369    7.1607850e+02   0.000000e+00   1.005606e+07   4126s
  450693    7.1604456e+02   0.000000e+00   2.678211e+06   4133s
  450855    7.1603058e+02   0.000000e+00   5.514512e+06   4137s
  451179    7.1599809e+02   0.000000e+00   6.346375e+06   4144s
  451341    7.1598663e+02   0.000000e+00   3.331795e+06   4147s
  451503    7.1597497e+02   0.000000e+00   4.507421e+05   4151s
  451827    7.1596449e+02   0.000000e+00   6.911906e+05   4158s
  451989    7.1595493e+02   0.000000e+00   1.843573e+06   4162s
  452151    7.1593966e+02   0.000000e+00   1.677391e+06   4166s
  452475    7.1591610e+02   0.000000e+00   3.007354e+06   4173s
  452637    7.1590431e+02   0.000000e+00   4.730647e+07   4177s
  452799    7.1589185e+02   0.000000e+00   1.212189e+06   4181s
  453123    7.1585684e+02   0.000000e+00   2.995133e+06   4188s
  453285    7.1583736e+02   0.000000e+00   1.443808e+06   4192s
  453447    7.1581510e+02   0.000000e+00   5.138063e+06   4196s
  453609    7.1579776e+02   0.000000e+00   5.872065e+06   4200s
  453933    7.1576326e+02   0.000000e+00   7.064995e+06   4208s
  454095    7.1574675e+02   0.000000e+00   1.468714e+07   4212s
  454257    7.1573210e+02   0.000000e+00   7.939476e+06   4215s
  454581    7.1570538e+02   0.000000e+00   4.273723e+06   4222s
  454743    7.1569577e+02   0.000000e+00   3.127600e+06   4226s
  454905    7.1568132e+02   0.000000e+00   1.174743e+07   4230s
  455229    7.1565162e+02   0.000000e+00   5.922903e+06   4238s
  455391    7.1563922e+02   0.000000e+00   8.692117e+06   4241s
  455715    7.1561036e+02   0.000000e+00   1.184325e+06   4249s
  455877    7.1559426e+02   0.000000e+00   3.809328e+06   4253s
  456039    7.1557885e+02   0.000000e+00   1.760482e+07   4256s
  456201    7.1556286e+02   0.000000e+00   1.144158e+06   4260s
  456525    7.1553535e+02   0.000000e+00   5.725028e+05   4268s
  456687    7.1552421e+02   0.000000e+00   2.005788e+06   4272s
  456849    7.1551462e+02   0.000000e+00   4.867600e+06   4276s
  457173    7.1549080e+02   0.000000e+00   1.101051e+06   4283s
  457335    7.1547887e+02   0.000000e+00   3.037550e+06   4287s
  457497    7.1546687e+02   0.000000e+00   1.801621e+06   4290s
  457821    7.1543886e+02   0.000000e+00   1.924480e+06   4297s
  457983    7.1542404e+02   0.000000e+00   2.765973e+06   4301s
  458307    7.1538661e+02   0.000000e+00   1.299251e+06   4308s
  458469    7.1536566e+02   0.000000e+00   4.693506e+06   4311s
  458631    7.1535038e+02   0.000000e+00   5.053884e+06   4315s
  458955    7.1532465e+02   0.000000e+00   1.219031e+06   4322s
  459117    7.1530857e+02   0.000000e+00   1.990922e+06   4326s
  459441    7.1528204e+02   0.000000e+00   1.624641e+06   4333s
  459603    7.1526740e+02   0.000000e+00   2.032759e+06   4337s
  459765    7.1524804e+02   0.000000e+00   2.208528e+06   4341s
  460089    7.1522274e+02   0.000000e+00   1.651164e+06   4348s
  460251    7.1520534e+02   0.000000e+00   2.335995e+06   4352s
  460413    7.1518498e+02   0.000000e+00   7.409063e+06   4356s
  460575    7.1516879e+02   0.000000e+00   4.167920e+06   4360s
  460899    7.1512638e+02   0.000000e+00   3.711538e+06   4368s
  461061    7.1510311e+02   0.000000e+00   1.826350e+06   4371s
  461385    7.1506651e+02   0.000000e+00   1.457700e+06   4378s
  461547    7.1505280e+02   0.000000e+00   2.841342e+07   4382s
  461709    7.1504175e+02   0.000000e+00   9.542431e+05   4386s
  462033    7.1501346e+02   0.000000e+00   2.133781e+06   4393s
  462195    7.1499944e+02   0.000000e+00   3.703230e+06   4397s
  462357    7.1498636e+02   0.000000e+00   5.486577e+06   4400s
  462681    7.1494861e+02   0.000000e+00   1.257424e+06   4408s
  462843    7.1493367e+02   0.000000e+00   1.239039e+07   4411s
  463005    7.1491969e+02   0.000000e+00   2.177939e+07   4415s
  463329    7.1489268e+02   0.000000e+00   6.969616e+06   4423s
  463491    7.1488156e+02   0.000000e+00   2.515870e+07   4427s
  463653    7.1486885e+02   0.000000e+00   4.992529e+06   4430s
  463977    7.1484447e+02   0.000000e+00   3.094889e+06   4438s
  464139    7.1483374e+02   0.000000e+00   1.856594e+06   4442s
  464301    7.1481968e+02   0.000000e+00   3.569504e+06   4446s
  464463    7.1480573e+02   0.000000e+00   6.479908e+06   4450s
  464787    7.1477415e+02   0.000000e+00   8.304746e+06   4458s
  464949    7.1475752e+02   0.000000e+00   2.065673e+06   4461s
  465111    7.1474271e+02   0.000000e+00   8.267290e+05   4465s
  465435    7.1471238e+02   0.000000e+00   3.786652e+06   4472s
  465597    7.1469723e+02   0.000000e+00   1.240920e+07   4476s
  465921    7.1466049e+02   0.000000e+00   1.496982e+06   4484s
  466083    7.1464571e+02   0.000000e+00   2.036944e+06   4488s
  466245    7.1463374e+02   0.000000e+00   1.645684e+06   4491s
  466407    7.1461925e+02   0.000000e+00   5.219623e+05   4496s
  466731    7.1458867e+02   0.000000e+00   1.670642e+06   4503s
  466893    7.1457319e+02   0.000000e+00   2.421578e+06   4507s
  467055    7.1455950e+02   0.000000e+00   5.218118e+06   4511s
  467379    7.1453404e+02   0.000000e+00   4.314948e+06   4519s
  467541    7.1452204e+02   0.000000e+00   3.834863e+06   4522s
  467703    7.1450917e+02   0.000000e+00   8.574876e+05   4526s
  467865    7.1449495e+02   0.000000e+00   1.383249e+06   4530s
  468189    7.1446752e+02   0.000000e+00   1.244740e+06   4538s
  468351    7.1445191e+02   0.000000e+00   1.694855e+06   4542s
  468513    7.1443793e+02   0.000000e+00   6.143535e+05   4545s
  468837    7.1440825e+02   0.000000e+00   8.714826e+06   4553s
  468999    7.1439436e+02   0.000000e+00   2.406180e+06   4557s
  469161    7.1438052e+02   0.000000e+00   1.455584e+06   4560s
  469485    7.1435226e+02   0.000000e+00   3.580967e+06   4568s
  469647    7.1434256e+02   0.000000e+00   7.900185e+06   4572s
  469809    7.1432377e+02   0.000000e+00   4.438734e+06   4576s
  470133    7.1429075e+02   0.000000e+00   2.349623e+06   4584s
  470295    7.1427782e+02   0.000000e+00   7.865972e+05   4588s
  470457    7.1426213e+02   0.000000e+00   2.782020e+06   4592s
  470619    7.1424552e+02   0.000000e+00   2.631993e+06   4596s
  470943    7.1421183e+02   0.000000e+00   3.491362e+06   4603s
  471105    7.1419689e+02   0.000000e+00   8.343563e+06   4607s
  471267    7.1418087e+02   0.000000e+00   2.806830e+05   4611s
  471591    7.1416560e+02   0.000000e+00   2.000855e+06   4617s
  471915    7.1413694e+02   0.000000e+00   2.220326e+06   4623s
  472077    7.1412304e+02   0.000000e+00   2.740539e+06   4627s
  472239    7.1411185e+02   0.000000e+00   1.449252e+06   4631s
  472401    7.1410011e+02   0.000000e+00   1.705127e+06   4635s
  472725    7.1406947e+02   0.000000e+00   7.909633e+05   4642s
  472887    7.1405485e+02   0.000000e+00   2.883331e+06   4646s
  473211    7.1403268e+02   0.000000e+00   6.438674e+05   4654s
  473373    7.1401964e+02   0.000000e+00   5.381575e+05   4658s
  473535    7.1400724e+02   0.000000e+00   3.244418e+06   4661s
  473697    7.1399536e+02   0.000000e+00   1.578923e+06   4665s
  474021    7.1396639e+02   0.000000e+00   3.735949e+06   4673s
  474183    7.1395334e+02   0.000000e+00   4.511105e+06   4677s
  474345    7.1393843e+02   0.000000e+00   1.882782e+06   4680s
  474669    7.1391136e+02   0.000000e+00   2.169630e+06   4688s
  474831    7.1389801e+02   0.000000e+00   1.241393e+06   4692s
  474993    7.1388632e+02   0.000000e+00   2.138955e+06   4696s
  475317    7.1386302e+02   0.000000e+00   6.227338e+05   4703s
  475479    7.1385096e+02   0.000000e+00   4.588150e+06   4707s
  475641    7.1383864e+02   0.000000e+00   9.905127e+05   4710s
  475965    7.1381444e+02   0.000000e+00   7.051443e+05   4717s
  476127    7.1380388e+02   0.000000e+00   5.079978e+06   4720s
  476451    7.1377836e+02   0.000000e+00   1.086023e+06   4728s
  476613    7.1376907e+02   0.000000e+00   7.860329e+05   4731s
  476937    7.1374489e+02   0.000000e+00   4.754070e+05   4737s
  477099    7.1373260e+02   0.000000e+00   3.804732e+06   4740s
  477423    7.1370410e+02   0.000000e+00   5.511813e+06   4748s
  477585    7.1368892e+02   0.000000e+00   1.960595e+06   4752s
  477747    7.1367637e+02   0.000000e+00   1.633478e+06   4756s
  478071    7.1365325e+02   0.000000e+00   7.116284e+05   4764s
  478233    7.1364298e+02   0.000000e+00   6.831854e+05   4767s
  478395    7.1363029e+02   0.000000e+00   1.803060e+06   4771s
  478557    7.1361434e+02   0.000000e+00   8.554604e+06   4775s
  478881    7.1358923e+02   0.000000e+00   8.461698e+05   4783s
  479043    7.1357819e+02   0.000000e+00   2.144694e+06   4786s
  479205    7.1356286e+02   0.000000e+00   2.264910e+06   4790s
  479529    7.1354171e+02   0.000000e+00   1.063420e+06   4798s
  479691    7.1353157e+02   0.000000e+00   3.079725e+06   4801s
  479853    7.1352063e+02   0.000000e+00   2.226979e+06   4806s
  480177    7.1349801e+02   0.000000e+00   1.384500e+07   4813s
  480339    7.1348537e+02   0.000000e+00   2.108810e+06   4817s
  480501    7.1347046e+02   0.000000e+00   5.951463e+06   4821s
  480825    7.1344662e+02   0.000000e+00   5.173911e+05   4829s
  480987    7.1343421e+02   0.000000e+00   9.270962e+05   4833s
  481149    7.1342485e+02   0.000000e+00   8.902810e+05   4836s
  481311    7.1341599e+02   0.000000e+00   8.667266e+05   4840s
  481635    7.1339666e+02   0.000000e+00   2.462070e+06   4848s
  481797    7.1338594e+02   0.000000e+00   9.300390e+05   4851s
  482121    7.1336705e+02   0.000000e+00   1.770714e+07   4858s
  482283    7.1335880e+02   0.000000e+00   5.656344e+05   4862s
  482445    7.1334817e+02   0.000000e+00   1.395391e+06   4865s
  482769    7.1332688e+02   0.000000e+00   1.068989e+06   4872s
  482931    7.1331774e+02   0.000000e+00   3.939224e+05   4875s
  483255    7.1329876e+02   0.000000e+00   4.395869e+05   4882s
  483417    7.1329190e+02   0.000000e+00   5.541070e+05   4886s
  483741    7.1327388e+02   0.000000e+00   1.149814e+07   4893s
  483903    7.1326354e+02   0.000000e+00   9.187179e+06   4896s
  484227    7.1324361e+02   0.000000e+00   6.181795e+05   4903s
  484389    7.1323461e+02   0.000000e+00   1.063625e+07   4907s
  484551    7.1322581e+02   0.000000e+00   9.744732e+06   4911s
  484875    7.1320747e+02   0.000000e+00   6.874260e+06   4918s
  485037    7.1319848e+02   0.000000e+00   3.495242e+06   4922s
  485199    7.1318934e+02   0.000000e+00   9.562415e+05   4926s
  485523    7.1317337e+02   0.000000e+00   1.845452e+06   4933s
  485685    7.1316470e+02   0.000000e+00   7.610917e+05   4937s
  485847    7.1315626e+02   0.000000e+00   7.256004e+05   4941s
  486009    7.1314484e+02   0.000000e+00   6.751128e+05   4945s
  486333    7.1312301e+02   0.000000e+00   9.944170e+05   4953s
  486495    7.1311301e+02   0.000000e+00   2.650563e+05   4957s
  486657    7.1310413e+02   0.000000e+00   1.837100e+06   4960s
  486981    7.1309066e+02   0.000000e+00   1.955540e+06   4967s
  487143    7.1308199e+02   0.000000e+00   8.741422e+05   4970s
  487467    7.1306519e+02   0.000000e+00   9.355832e+05   4978s
  487629    7.1305613e+02   0.000000e+00   9.121458e+05   4981s
  487953    7.1303817e+02   0.000000e+00   5.076260e+05   4988s
  488115    7.1303284e+02   0.000000e+00   5.130078e+06   4992s
  488439    7.1302053e+02   0.000000e+00   8.320716e+05   4998s
  488601    7.1301403e+02   0.000000e+00   4.043741e+06   5001s
  488925    7.1299954e+02   0.000000e+00   4.069554e+06   5007s
  489249    7.1298722e+02   0.000000e+00   1.198333e+06   5013s
  489411    7.1297994e+02   0.000000e+00   1.329224e+06   5016s
  489573    7.1297091e+02   0.000000e+00   2.498808e+06   5020s
  489897    7.1295742e+02   0.000000e+00   5.746723e+05   5028s
  490059    7.1295087e+02   0.000000e+00   1.404045e+06   5031s
  490221    7.1294393e+02   0.000000e+00   6.333146e+05   5035s
  490545    7.1293041e+02   0.000000e+00   2.647728e+06   5043s
  490707    7.1292108e+02   0.000000e+00   6.937915e+05   5046s
  490869    7.1291263e+02   0.000000e+00   4.184725e+05   5050s
  491193    7.1289675e+02   0.000000e+00   1.133072e+06   5057s
  491355    7.1288854e+02   0.000000e+00   1.116273e+06   5060s
  491679    7.1287063e+02   0.000000e+00   1.232971e+06   5067s
  491841    7.1286367e+02   0.000000e+00   8.359164e+05   5071s
  492165    7.1284926e+02   0.000000e+00   1.458050e+06   5078s
  492327    7.1284135e+02   0.000000e+00   4.672609e+05   5081s
  492651    7.1282865e+02   0.000000e+00   5.475859e+05   5088s
  492813    7.1281773e+02   0.000000e+00   1.524234e+06   5092s
  493137    7.1280257e+02   0.000000e+00   5.094095e+06   5098s
  493299    7.1279544e+02   0.000000e+00   6.425118e+05   5102s
  493461    7.1278638e+02   0.000000e+00   2.533827e+06   5106s
  493785    7.1277422e+02   0.000000e+00   4.539126e+06   5113s
  493947    7.1276751e+02   0.000000e+00   5.551042e+05   5116s
  494109    7.1276127e+02   0.000000e+00   1.217970e+06   5120s
  494433    7.1274802e+02   0.000000e+00   3.635848e+06   5127s
  494757    7.1273274e+02   0.000000e+00   1.977512e+06   5134s
  494919    7.1272639e+02   0.000000e+00   4.072765e+06   5137s
  495081    7.1271878e+02   0.000000e+00   7.607146e+05   5141s
  495405    7.1270239e+02   0.000000e+00   4.516012e+06   5147s
  495729    7.1268756e+02   0.000000e+00   3.772623e+05   5154s
  495891    7.1268077e+02   0.000000e+00   3.021105e+06   5157s
  496215    7.1266658e+02   0.000000e+00   3.150974e+06   5164s
  496377    7.1265890e+02   0.000000e+00   4.127925e+05   5166s
  496701    7.1264500e+02   0.000000e+00   9.860654e+05   5173s
  496863    7.1263827e+02   0.000000e+00   1.900860e+05   5175s
  497187    7.1262202e+02   0.000000e+00   2.650146e+05   5181s
  497579    7.1260623e+02   0.000000e+00   1.274415e+06   5189s
  497741    7.1259790e+02   0.000000e+00   1.976696e+06   5191s
  498065    7.1258444e+02   0.000000e+00   1.881633e+06   5197s
  498335    7.1257232e+02   0.000000e+00   7.296757e+05   5203s
  498465    7.1256594e+02   0.000000e+00   2.372106e+06   5206s
  498695    7.1255570e+02   0.000000e+00   1.303807e+07   5212s
  498935    7.1254570e+02   0.000000e+00   1.331739e+06   5218s
  499065    7.1254137e+02   0.000000e+00   5.726212e+05   5221s
  499335    7.1252910e+02   0.000000e+00   2.431342e+06   5227s
  499615    7.1251926e+02   0.000000e+00   1.648176e+06   5232s
  499765    7.1251450e+02   0.000000e+00   4.676441e+05   5235s
  500035    7.1250367e+02   0.000000e+00   5.475329e+05   5241s
  500285    7.1249255e+02   0.000000e+00   1.114767e+06   5247s
  500555    7.1248062e+02   0.000000e+00   5.408492e+06   5252s
  500685    7.1247349e+02   0.000000e+00   5.901086e+05   5255s
  500945    7.1246108e+02   0.000000e+00   9.209374e+05   5261s
  501215    7.1244278e+02   0.000000e+00   4.168900e+06   5266s
  501475    7.1242993e+02   0.000000e+00   1.123095e+06   5272s
  501775    7.1241704e+02   0.000000e+00   7.196515e+05   5278s
  501895    7.1241133e+02   0.000000e+00   4.261131e+05   5281s
  502165    7.1239528e+02   0.000000e+00   8.580083e+05   5286s
  502455    7.1238012e+02   0.000000e+00   5.955585e+05   5292s
  502585    7.1237317e+02   0.000000e+00   7.020425e+05   5295s
  502937    7.1234991e+02   0.000000e+00   7.296376e+05   5303s
  503099    7.1234189e+02   0.000000e+00   3.351234e+05   5305s
  503423    7.1232598e+02   0.000000e+00   8.238084e+06   5311s
  503723    7.1231102e+02   0.000000e+00   1.113132e+06   5316s
  504013    7.1229861e+02   0.000000e+00   7.403455e+06   5322s
  504283    7.1228609e+02   0.000000e+00   5.308635e+06   5327s
  504433    7.1227916e+02   0.000000e+00   4.342896e+06   5330s
  504723    7.1226521e+02   0.000000e+00   2.104934e+06   5336s
  505033    7.1225118e+02   0.000000e+00   7.486289e+06   5342s
  505323    7.1223752e+02   0.000000e+00   2.423719e+06   5347s
  505473    7.1223066e+02   0.000000e+00   9.421902e+05   5350s
  505763    7.1222115e+02   0.000000e+00   3.191994e+05   5356s
  506083    7.1220805e+02   0.000000e+00   4.618816e+05   5362s
  506373    7.1219733e+02   0.000000e+00   7.600203e+05   5367s
  506523    7.1219143e+02   0.000000e+00   1.175749e+06   5370s
  506833    7.1218066e+02   0.000000e+00   5.266536e+05   5376s
  507153    7.1216916e+02   0.000000e+00   2.468592e+05   5382s
  507463    7.1215914e+02   0.000000e+00   4.064775e+05   5387s
  507773    7.1214839e+02   0.000000e+00   3.436691e+05   5392s
  507933    7.1214260e+02   0.000000e+00   4.231747e+06   5395s
  508253    7.1213178e+02   0.000000e+00   1.205393e+06   5401s
  508563    7.1212048e+02   0.000000e+00   7.720142e+05   5406s
  508873    7.1210948e+02   0.000000e+00   3.093848e+06   5411s
  509193    7.1209941e+02   0.000000e+00   5.261031e+05   5417s
  509513    7.1208875e+02   0.000000e+00   1.723452e+06   5422s
  509683    7.1208389e+02   0.000000e+00   1.520298e+06   5425s
  510003    7.1207419e+02   0.000000e+00   9.836426e+05   5431s
  510333    7.1206411e+02   0.000000e+00   4.554587e+05   5436s
  510643    7.1205540e+02   0.000000e+00   3.126339e+07   5442s
  510963    7.1204466e+02   0.000000e+00   3.931946e+07   5447s
  511283    7.1203461e+02   0.000000e+00   3.021942e+05   5453s
  511453    7.1203017e+02   0.000000e+00   2.273372e+06   5455s
  511753    7.1202001e+02   0.000000e+00   7.195901e+05   5461s
  512073    7.1200923e+02   0.000000e+00   3.319563e+05   5467s
  512383    7.1199864e+02   0.000000e+00   2.238134e+05   5472s
  512673    7.1199103e+02   0.000000e+00   8.038185e+05   5478s
  512833    7.1198661e+02   0.000000e+00   2.683866e+06   5480s
  513163    7.1197698e+02   0.000000e+00   3.604491e+05   5486s
  513483    7.1196781e+02   0.000000e+00   9.313694e+05   5491s
  513803    7.1195745e+02   0.000000e+00   3.436791e+05   5497s
  514133    7.1194755e+02   0.000000e+00   8.119161e+05   5502s
  514283    7.1194314e+02   0.000000e+00   9.170142e+05   5505s
  514583    7.1193342e+02   0.000000e+00   6.913128e+05   5511s
  514893    7.1192556e+02   0.000000e+00   3.556836e+07   5516s
  515203    7.1191604e+02   0.000000e+00   4.125605e+05   5522s
  515503    7.1190544e+02   0.000000e+00   2.550193e+06   5527s
  515663    7.1190079e+02   0.000000e+00   1.169497e+06   5530s
  515963    7.1189084e+02   0.000000e+00   1.173439e+06   5535s
  516293    7.1188034e+02   0.000000e+00   2.875952e+05   5541s
  516593    7.1187188e+02   0.000000e+00   8.241001e+05   5547s
  516903    7.1186180e+02   0.000000e+00   2.568801e+05   5553s
  517063    7.1185734e+02   0.000000e+00   1.551250e+06   5556s
  517383    7.1184858e+02   0.000000e+00   4.263995e+05   5562s
  517703    7.1183972e+02   0.000000e+00   6.875565e+05   5567s
  518013    7.1183016e+02   0.000000e+00   4.865927e+06   5573s
  518173    7.1182386e+02   0.000000e+00   1.007772e+06   5576s
  518493    7.1181425e+02   0.000000e+00   5.520776e+05   5581s
  518813    7.1180516e+02   0.000000e+00   3.105977e+05   5587s
  519123    7.1179656e+02   0.000000e+00   2.309694e+06   5592s
  519283    7.1179234e+02   0.000000e+00   9.448110e+05   5595s
  519603    7.1178343e+02   0.000000e+00   1.942078e+06   5601s
  519923    7.1177590e+02   0.000000e+00   8.860217e+06   5606s
  520253    7.1176767e+02   0.000000e+00   1.659464e+06   5612s
  520583    7.1175803e+02   0.000000e+00   3.714915e+05   5617s
  520743    7.1175487e+02   0.000000e+00   2.431911e+06   5620s
  521063    7.1174488e+02   0.000000e+00   6.216546e+05   5626s
  521383    7.1173477e+02   0.000000e+00   4.494995e+05   5631s
  521703    7.1172523e+02   0.000000e+00   4.955305e+05   5637s
  522013    7.1171630e+02   0.000000e+00   3.716526e+05   5642s
  522343    7.1170728e+02   0.000000e+00   1.342463e+06   5648s
  522503    7.1170310e+02   0.000000e+00   3.428392e+05   5651s
  522823    7.1169510e+02   0.000000e+00   7.715144e+05   5656s
  523143    7.1168831e+02   0.000000e+00   4.727470e+06   5661s
  523463    7.1168024e+02   0.000000e+00   5.065838e+05   5667s
  523783    7.1167257e+02   0.000000e+00   1.015853e+06   5672s
  523933    7.1166988e+02   0.000000e+00   1.027730e+06   5675s
  524233    7.1166289e+02   0.000000e+00   2.843873e+06   5681s
  524533    7.1165530e+02   0.000000e+00   3.202253e+05   5687s
  524833    7.1164712e+02   0.000000e+00   2.576503e+06   5692s
  524993    7.1164358e+02   0.000000e+00   3.023668e+05   5695s
  525293    7.1163746e+02   0.000000e+00   8.092865e+05   5701s
  525603    7.1163039e+02   0.000000e+00   7.391712e+05   5707s
  525753    7.1162635e+02   0.000000e+00   4.897858e+05   5710s
  526053    7.1161887e+02   0.000000e+00   5.388458e+05   5716s
  526353    7.1161330e+02   0.000000e+00   7.303400e+05   5722s
  526673    7.1160546e+02   0.000000e+00   6.174749e+05   5727s
  526833    7.1160129e+02   0.000000e+00   1.190675e+05   5730s
  527153    7.1159316e+02   0.000000e+00   8.337357e+05   5736s
  527473    7.1158766e+02   0.000000e+00   6.850017e+06   5741s
  527773    7.1158247e+02   0.000000e+00   3.254491e+05   5747s
  528093    7.1157659e+02   0.000000e+00   5.000160e+05   5753s
  528253    7.1157400e+02   0.000000e+00   5.314686e+05   5755s
  528563    7.1156571e+02   0.000000e+00   3.112633e+05   5761s
  528883    7.1155621e+02   0.000000e+00   3.462559e+06   5766s
  529203    7.1154616e+02   0.000000e+00   1.873970e+06   5772s
  529523    7.1153598e+02   0.000000e+00   1.569364e+05   5778s
  529673    7.1153266e+02   0.000000e+00   8.667487e+05   5780s
  529963    7.1152520e+02   0.000000e+00   1.457873e+06   5786s
  530263    7.1151903e+02   0.000000e+00   5.516536e+05   5791s
  530573    7.1151231e+02   0.000000e+00   2.047387e+05   5797s
  530883    7.1150490e+02   0.000000e+00   1.481385e+06   5802s
  531033    7.1150204e+02   0.000000e+00   8.899014e+05   5805s
  531353    7.1149509e+02   0.000000e+00   5.959745e+05   5811s
  531643    7.1148817e+02   0.000000e+00   1.465643e+06   5816s
  531953    7.1147951e+02   0.000000e+00   1.828535e+06   5822s
  532253    7.1147304e+02   0.000000e+00   5.939456e+06   5828s
  532393    7.1146975e+02   0.000000e+00   1.088422e+06   5830s
  532693    7.1146142e+02   0.000000e+00   2.675534e+05   5836s
  532993    7.1145632e+02   0.000000e+00   2.161146e+06   5842s
  533293    7.1144814e+02   0.000000e+00   2.711752e+05   5847s
  533583    7.1144052e+02   0.000000e+00   2.778527e+06   5853s
  533743    7.1143652e+02   0.000000e+00   7.560100e+05   5855s
  534033    7.1142972e+02   0.000000e+00   1.263216e+06   5861s
  534343    7.1142287e+02   0.000000e+00   5.486702e+05   5867s
  534503    7.1141907e+02   0.000000e+00   2.969082e+05   5870s
  534803    7.1141124e+02   0.000000e+00   6.523627e+05   5876s
  535103    7.1140299e+02   0.000000e+00   4.992189e+05   5882s
  535403    7.1139668e+02   0.000000e+00   6.032177e+05   5887s
  535693    7.1139064e+02   0.000000e+00   2.632884e+05   5893s
  535833    7.1138757e+02   0.000000e+00   9.157140e+05   5896s
  536153    7.1138064e+02   0.000000e+00   1.328014e+06   5901s
  536463    7.1137318e+02   0.000000e+00   6.372967e+05   5907s
  536773    7.1136507e+02   0.000000e+00   4.267475e+06   5913s
  536923    7.1136168e+02   0.000000e+00   2.985457e+05   5915s
  537253    7.1135426e+02   0.000000e+00   1.028566e+06   5921s
  537563    7.1134713e+02   0.000000e+00   4.013428e+06   5927s
  537873    7.1134119e+02   0.000000e+00   1.640833e+06   5932s
  538033    7.1133743e+02   0.000000e+00   2.243956e+05   5935s
  538343    7.1133134e+02   0.000000e+00   9.602109e+06   5941s
  538663    7.1132410e+02   0.000000e+00   2.741030e+06   5946s
  538983    7.1131752e+02   0.000000e+00   1.067771e+07   5952s
  539143    7.1131392e+02   0.000000e+00   3.238226e+06   5955s
  539463    7.1130735e+02   0.000000e+00   5.924201e+05   5961s
  539763    7.1129962e+02   0.000000e+00   6.726683e+05   5966s
  540073    7.1129256e+02   0.000000e+00   8.134966e+05   5972s
  540363    7.1128751e+02   0.000000e+00   1.052487e+07   5977s
  540643    7.1128211e+02   0.000000e+00   1.968730e+06   5982s
  540803    7.1127866e+02   0.000000e+00   2.447008e+06   5985s
  541103    7.1127103e+02   0.000000e+00   1.523216e+06   5990s
  541413    7.1126335e+02   0.000000e+00   1.578498e+05   5996s
  541723    7.1125617e+02   0.000000e+00   2.464382e+05   6001s
  542033    7.1125061e+02   0.000000e+00   1.820194e+05   6006s
  542343    7.1124604e+02   0.000000e+00   2.015107e+06   6012s
  542663    7.1123872e+02   0.000000e+00   3.007333e+05   6017s
  542823    7.1123531e+02   0.000000e+00   2.858939e+05   6020s
  543133    7.1122715e+02   0.000000e+00   1.602015e+05   6026s
  543453    7.1122025e+02   0.000000e+00   5.103135e+05   6031s
  543773    7.1121364e+02   0.000000e+00   5.133465e+05   6036s
  544093    7.1120758e+02   0.000000e+00   4.263824e+05   6042s
  544413    7.1120167e+02   0.000000e+00   1.731438e+06   6048s
  544563    7.1119932e+02   0.000000e+00   6.456044e+05   6051s
  544883    7.1119312e+02   0.000000e+00   3.317608e+05   6056s
  545203    7.1118710e+02   0.000000e+00   1.102249e+06   6062s
  545353    7.1118440e+02   0.000000e+00   1.687686e+06   6065s
  545673    7.1117735e+02   0.000000e+00   4.463402e+05   6071s
  545973    7.1117048e+02   0.000000e+00   4.633262e+05   6077s
  546283    7.1116375e+02   0.000000e+00   2.022238e+06   6082s
  546603    7.1115824e+02   0.000000e+00   4.685999e+05   6088s
  546753    7.1115456e+02   0.000000e+00   3.256137e+05   6090s
  547043    7.1114913e+02   0.000000e+00   1.109687e+06   6096s
  547363    7.1114208e+02   0.000000e+00   2.686936e+05   6102s
  547673    7.1113627e+02   0.000000e+00   3.696207e+05   6107s
  547983    7.1112794e+02   0.000000e+00   1.208605e+06   6112s
  548143    7.1112416e+02   0.000000e+00   6.432126e+06   6115s
  548463    7.1111718e+02   0.000000e+00   3.967751e+05   6120s
  548783    7.1111036e+02   0.000000e+00   3.919583e+05   6126s
  549103    7.1110263e+02   0.000000e+00   3.673071e+05   6132s
  549423    7.1109710e+02   0.000000e+00   4.579666e+05   6137s
  549743    7.1109155e+02   0.000000e+00   1.005042e+06   6143s
  549903    7.1108923e+02   0.000000e+00   1.112682e+06   6145s
  550203    7.1108490e+02   0.000000e+00   1.948876e+06   6151s
  550523    7.1107885e+02   0.000000e+00   1.106649e+06   6156s
  550843    7.1107327e+02   0.000000e+00   1.021831e+06   6162s
  551143    7.1106644e+02   0.000000e+00   3.166057e+05   6167s
  551453    7.1106034e+02   0.000000e+00   6.399404e+05   6173s
  551603    7.1105726e+02   0.000000e+00   1.313958e+06   6175s
  551913    7.1105215e+02   0.000000e+00   1.887444e+06   6181s
  552213    7.1104721e+02   0.000000e+00   1.569639e+05   6186s
  552533    7.1104225e+02   0.000000e+00   1.515346e+05   6192s
  552853    7.1103688e+02   0.000000e+00   7.251150e+05   6198s
  553013    7.1103405e+02   0.000000e+00   4.413116e+05   6200s
  553323    7.1102789e+02   0.000000e+00   8.217714e+05   6206s
  553613    7.1102303e+02   0.000000e+00   3.418624e+06   6211s
  553903    7.1101752e+02   0.000000e+00   1.823539e+05   6216s
  554203    7.1101263e+02   0.000000e+00   2.349698e+05   6222s
  554513    7.1100666e+02   0.000000e+00   9.412278e+05   6227s
  554813    7.1100021e+02   0.000000e+00   2.804410e+05   6232s
  554963    7.1099719e+02   0.000000e+00   9.447443e+05   6235s
  555283    7.1099161e+02   0.000000e+00   3.529675e+05   6241s
  555603    7.1098741e+02   0.000000e+00   7.823543e+05   6246s
  555923    7.1098322e+02   0.000000e+00   5.657757e+05   6252s
  556243    7.1097884e+02   0.000000e+00   4.008615e+05   6257s
  556403    7.1097642e+02   0.000000e+00   6.078158e+05   6260s
  556723    7.1097251e+02   0.000000e+00   2.948923e+05   6266s
  557043    7.1096866e+02   0.000000e+00   3.707987e+05   6272s
  557363    7.1096443e+02   0.000000e+00   4.907153e+05   6277s
  557683    7.1096041e+02   0.000000e+00   4.977289e+05   6283s
  557843    7.1095842e+02   0.000000e+00   9.841774e+06   6285s
  558163    7.1095460e+02   0.000000e+00   8.070255e+05   6291s
  558483    7.1094965e+02   0.000000e+00   9.301146e+05   6297s
  558793    7.1094524e+02   0.000000e+00   3.334199e+05   6302s
  559113    7.1094055e+02   0.000000e+00   4.719988e+05   6308s
  559273    7.1093726e+02   0.000000e+00   9.298024e+05   6311s
  559583    7.1093210e+02   0.000000e+00   2.205869e+05   6316s
  559903    7.1092771e+02   0.000000e+00   3.503779e+05   6322s
  560213    7.1092328e+02   0.000000e+00   6.155717e+05   6327s
  560373    7.1092108e+02   0.000000e+00   5.574042e+05   6330s
  560693    7.1091558e+02   0.000000e+00   3.414802e+05   6336s
  561013    7.1091170e+02   0.000000e+00   6.938901e+05   6342s
  561323    7.1090624e+02   0.000000e+00   2.064144e+05   6347s
  561643    7.1090081e+02   0.000000e+00   1.249718e+06   6353s
  561803    7.1089852e+02   0.000000e+00   9.865496e+05   6355s
  562123    7.1089321e+02   0.000000e+00   5.647561e+05   6361s
  562443    7.1088842e+02   0.000000e+00   7.909863e+05   6367s
  562763    7.1088282e+02   0.000000e+00   1.007220e+06   6372s
  563073    7.1087619e+02   0.000000e+00   9.510054e+05   6377s
  563223    7.1087357e+02   0.000000e+00   2.480783e+05   6380s
  563533    7.1086743e+02   0.000000e+00   1.995650e+06   6385s
  563853    7.1086179e+02   0.000000e+00   4.400276e+05   6391s
  564173    7.1085607e+02   0.000000e+00   1.412201e+06   6396s
  564493    7.1085178e+02   0.000000e+00   4.537485e+05   6401s
  564793    7.1084675e+02   0.000000e+00   4.542329e+05   6407s
  565103    7.1084223e+02   0.000000e+00   1.158684e+05   6412s
  565413    7.1083790e+02   0.000000e+00   2.109903e+05   6417s
  565563    7.1083486e+02   0.000000e+00   1.908090e+05   6420s
  565883    7.1082932e+02   0.000000e+00   4.697590e+05   6426s
  566203    7.1082424e+02   0.000000e+00   3.059278e+06   6431s
  566513    7.1081977e+02   0.000000e+00   2.228753e+05   6436s
  566823    7.1081551e+02   0.000000e+00   1.783893e+05   6442s
  567133    7.1081021e+02   0.000000e+00   1.735054e+05   6447s
  567283    7.1080801e+02   0.000000e+00   1.319937e+05   6450s
  567593    7.1080312e+02   0.000000e+00   4.186294e+05   6455s
  567913    7.1079894e+02   0.000000e+00   6.514463e+05   6461s
  568223    7.1079403e+02   0.000000e+00   2.486183e+05   6466s
  568523    7.1078816e+02   0.000000e+00   1.341554e+05   6472s
  568843    7.1078308e+02   0.000000e+00   6.166162e+05   6477s
  569143    7.1077779e+02   0.000000e+00   2.755617e+05   6482s
  569443    7.1077360e+02   0.000000e+00   4.480262e+05   6487s
  569753    7.1076851e+02   0.000000e+00   1.360442e+06   6492s
  570063    7.1076404e+02   0.000000e+00   4.760920e+05   6498s
  570223    7.1076165e+02   0.000000e+00   8.931537e+05   6500s
  570543    7.1075669e+02   0.000000e+00   1.607069e+06   6505s
  570853    7.1075179e+02   0.000000e+00   1.606520e+05   6511s
  571173    7.1074749e+02   0.000000e+00   3.173454e+05   6516s
  571493    7.1074308e+02   0.000000e+00   8.536775e+04   6521s
  571793    7.1073955e+02   0.000000e+00   6.092333e+05   6527s
  572093    7.1073556e+02   0.000000e+00   3.006488e+05   6532s
  572413    7.1073169e+02   0.000000e+00   1.106962e+06   6537s
  572713    7.1072820e+02   0.000000e+00   2.060425e+05   6542s
  572873    7.1072612e+02   0.000000e+00   4.923137e+05   6545s
  573173    7.1072290e+02   0.000000e+00   7.445553e+05   6550s
  573493    7.1071869e+02   0.000000e+00   4.048534e+05   6556s
  573803    7.1071440e+02   0.000000e+00   1.833701e+05   6561s
  574113    7.1071114e+02   0.000000e+00   2.363344e+05   6566s
  574433    7.1070780e+02   0.000000e+00   1.143067e+05   6572s
  574753    7.1070469e+02   0.000000e+00   8.435726e+05   6577s
  575073    7.1070088e+02   0.000000e+00   1.656798e+05   6583s
  575233    7.1069897e+02   0.000000e+00   1.936289e+06   6586s
  575553    7.1069495e+02   0.000000e+00   2.857207e+05   6591s
  575873    7.1069129e+02   0.000000e+00   2.924788e+05   6597s
  576183    7.1068747e+02   0.000000e+00   1.560344e+05   6602s
  576503    7.1068327e+02   0.000000e+00   4.438852e+05   6607s
  576663    7.1068166e+02   0.000000e+00   6.787432e+05   6610s
  576983    7.1067777e+02   0.000000e+00   2.367276e+05   6615s
  577303    7.1067436e+02   0.000000e+00   3.290041e+05   6621s
  577623    7.1067094e+02   0.000000e+00   3.405117e+05   6626s
  577943    7.1066689e+02   0.000000e+00   3.495133e+05   6632s
  578273    7.1066289e+02   0.000000e+00   5.024941e+05   6637s
  578583    7.1065906e+02   0.000000e+00   2.421576e+06   6643s
  578733    7.1065741e+02   0.000000e+00   1.968257e+06   6645s
  579033    7.1065316e+02   0.000000e+00   5.368824e+05   6651s
  579333    7.1064861e+02   0.000000e+00   1.548107e+06   6656s
  579643    7.1064449e+02   0.000000e+00   4.641721e+05   6662s
  579963    7.1064027e+02   0.000000e+00   3.810098e+05   6667s
  580283    7.1063649e+02   0.000000e+00   2.624544e+05   6672s
  580603    7.1063277e+02   0.000000e+00   2.324058e+05   6678s
  580753    7.1063074e+02   0.000000e+00   1.070239e+05   6680s
  581073    7.1062706e+02   0.000000e+00   1.665218e+05   6686s
  581373    7.1062391e+02   0.000000e+00   1.556188e+05   6691s
  581683    7.1062095e+02   0.000000e+00   6.826692e+05   6696s
  581993    7.1061760e+02   0.000000e+00   9.952324e+05   6702s
  582313    7.1061466e+02   0.000000e+00   9.548961e+05   6707s
  582473    7.1061238e+02   0.000000e+00   4.030606e+06   6710s
  582793    7.1060912e+02   0.000000e+00   3.930083e+05   6716s
  583103    7.1060633e+02   0.000000e+00   4.996970e+05   6721s
  583423    7.1060288e+02   0.000000e+00   2.364350e+05   6727s
  583743    7.1059978e+02   0.000000e+00   1.648815e+05   6732s
  583903    7.1059805e+02   0.000000e+00   7.068645e+04   6735s
  584233    7.1059497e+02   0.000000e+00   6.606574e+05   6741s
  584553    7.1059185e+02   0.000000e+00   3.482244e+05   6746s
  584873    7.1058887e+02   0.000000e+00   1.314508e+05   6752s
  585193    7.1058552e+02   0.000000e+00   5.357433e+05   6757s
  585353    7.1058390e+02   0.000000e+00   8.335692e+04   6760s
  585663    7.1058016e+02   0.000000e+00   3.444725e+05   6766s
  585983    7.1057673e+02   0.000000e+00   2.322003e+05   6771s
  586303    7.1057375e+02   0.000000e+00   1.276826e+05   6777s
  586613    7.1057072e+02   0.000000e+00   1.125974e+05   6782s
  586933    7.1056710e+02   0.000000e+00   2.342310e+05   6788s
  587093    7.1056524e+02   0.000000e+00   6.112382e+05   6791s
  587413    7.1056165e+02   0.000000e+00   2.507766e+05   6796s
  587723    7.1055804e+02   0.000000e+00   1.942097e+05   6802s
  588043    7.1055333e+02   0.000000e+00   1.144038e+06   6807s
  588203    7.1055142e+02   0.000000e+00   1.209592e+06   6810s
  588523    7.1054747e+02   0.000000e+00   8.977325e+04   6815s
  588833    7.1054469e+02   0.000000e+00   1.471928e+05   6821s
  589153    7.1054032e+02   0.000000e+00   4.023983e+05   6827s
  589473    7.1053688e+02   0.000000e+00   2.603307e+05   6832s
  589633    7.1053507e+02   0.000000e+00   3.815972e+05   6835s
  589953    7.1053105e+02   0.000000e+00   1.345891e+06   6841s
  590283    7.1052797e+02   0.000000e+00   6.011100e+05   6847s
  590603    7.1052494e+02   0.000000e+00   4.540329e+05   6852s
  590763    7.1052292e+02   0.000000e+00   7.321405e+04   6855s
  591083    7.1052006e+02   0.000000e+00   1.529435e+05   6861s
  591403    7.1051708e+02   0.000000e+00   1.157743e+05   6866s
  591723    7.1051342e+02   0.000000e+00   1.763628e+05   6872s
  592033    7.1050951e+02   0.000000e+00   1.591901e+05   6878s
  592183    7.1050787e+02   0.000000e+00   1.611835e+05   6880s
  592503    7.1050423e+02   0.000000e+00   7.840081e+04   6886s
  592833    7.1050023e+02   0.000000e+00   6.831375e+06   6892s
  593153    7.1049711e+02   0.000000e+00   1.177027e+05   6897s
  593473    7.1049363e+02   0.000000e+00   8.920307e+04   6903s
  593633    7.1049177e+02   0.000000e+00   8.116873e+06   6906s
  593953    7.1048852e+02   0.000000e+00   1.177754e+06   6911s
  594273    7.1048571e+02   0.000000e+00   8.346974e+05   6917s
  594593    7.1048241e+02   0.000000e+00   3.224242e+05   6922s
  594753    7.1048096e+02   0.000000e+00   3.085298e+05   6925s
  595073    7.1047827e+02   0.000000e+00   2.146412e+05   6931s
  595393    7.1047505e+02   0.000000e+00   4.417049e+05   6936s
  595713    7.1047204e+02   0.000000e+00   2.816156e+05   6942s
  596033    7.1046955e+02   0.000000e+00   7.730756e+05   6947s
  596193    7.1046798e+02   0.000000e+00   3.600349e+05   6950s
  596493    7.1046498e+02   0.000000e+00   3.807415e+05   6955s
  596813    7.1046215e+02   0.000000e+00   2.367333e+05   6961s
  597123    7.1045879e+02   0.000000e+00   4.245415e+05   6966s
  597433    7.1045589e+02   0.000000e+00   6.878118e+04   6971s
  597753    7.1045307e+02   0.000000e+00   5.093803e+05   6977s
  598063    7.1045044e+02   0.000000e+00   1.947118e+05   6983s
  598223    7.1044882e+02   0.000000e+00   1.581647e+05   6985s
  598543    7.1044547e+02   0.000000e+00   1.555676e+05   6991s
  598863    7.1044297e+02   0.000000e+00   1.278867e+05   6996s
  599183    7.1044058e+02   0.000000e+00   1.625602e+05   7001s
  599503    7.1043814e+02   0.000000e+00   4.105408e+05   7007s
  599823    7.1043560e+02   0.000000e+00   1.099242e+06   7013s
  599983    7.1043386e+02   0.000000e+00   8.468667e+04   7016s
  600303    7.1043125e+02   0.000000e+00   1.384250e+05   7021s
  600623    7.1042827e+02   0.000000e+00   2.581150e+05   7027s
  600943    7.1042518e+02   0.000000e+00   4.540456e+05   7033s
  601103    7.1042412e+02   0.000000e+00   8.183891e+04   7036s
  601423    7.1042161e+02   0.000000e+00   2.340447e+05   7041s
  601743    7.1041892e+02   0.000000e+00   2.288722e+05   7047s
  602063    7.1041631e+02   0.000000e+00   5.757104e+05   7052s
  602223    7.1041510e+02   0.000000e+00   1.076658e+05   7055s
  602533    7.1041226e+02   0.000000e+00   3.857828e+06   7061s
  602853    7.1040945e+02   0.000000e+00   4.881467e+05   7066s
  603163    7.1040653e+02   0.000000e+00   6.239795e+05   7072s
  603473    7.1040414e+02   0.000000e+00   2.331715e+05   7077s
  603793    7.1040191e+02   0.000000e+00   2.658728e+05   7082s
  603953    7.1040065e+02   0.000000e+00   1.052741e+06   7085s
  604263    7.1039804e+02   0.000000e+00   1.387675e+05   7090s
  604573    7.1039563e+02   0.000000e+00   3.652178e+05   7096s
  604893    7.1039332e+02   0.000000e+00   4.553839e+05   7101s
  605193    7.1039032e+02   0.000000e+00   1.000940e+06   7107s
  605503    7.1038782e+02   0.000000e+00   1.297429e+05   7112s
  605823    7.1038493e+02   0.000000e+00   5.046094e+05   7118s
  605973    7.1038362e+02   0.000000e+00   4.333860e+05   7120s
  606283    7.1038148e+02   0.000000e+00   1.607877e+05   7126s
  606593    7.1037904e+02   0.000000e+00   5.779679e+05   7131s
  606903    7.1037662e+02   0.000000e+00   9.481175e+04   7137s
  607223    7.1037429e+02   0.000000e+00   7.524168e+04   7142s
  607533    7.1037212e+02   0.000000e+00   1.350516e+05   7147s
  607693    7.1037092e+02   0.000000e+00   1.047098e+05   7150s
  608013    7.1036837e+02   0.000000e+00   1.873755e+05   7156s
  608323    7.1036578e+02   0.000000e+00   3.762842e+06   7161s
  608643    7.1036336e+02   0.000000e+00   1.895068e+05   7167s
  608963    7.1036127e+02   0.000000e+00   1.755451e+05   7173s
  609123    7.1035990e+02   0.000000e+00   3.367902e+05   7176s
  609433    7.1035705e+02   0.000000e+00   6.396782e+05   7181s
  609753    7.1035435e+02   0.000000e+00   2.884071e+05   7187s
  610063    7.1035180e+02   0.000000e+00   1.700833e+05   7192s
  610383    7.1034865e+02   0.000000e+00   3.037125e+05   7198s


Root relaxation: time limit, 610536 iterations, 7196.01 seconds

    Nodes    |    Current Node    |     Objective Bounds      |     Work
 Expl Unexpl |  Obj  Depth IntInf | Incumbent    BestBd   Gap | It/Node Time

     0     0          -    0               -    0.00000      -     - 7200s

Explored 0 nodes (610536 simplex iterations) in 7200.01 seconds
Thread count was 4 (of 4 available processors)

Solution count 0

Time limit reached
Best objective -, best bound 0.000000000000e+00, gap -

Unable to retrieve attribute 'X'

