Academic license - for non-commercial use only
Set parameter TimeLimit to value 7200

Gurobi Optimizer version 8.0.0 build v8.0.0rc0 (linux64)
Copyright (c) 2018, Gurobi Optimization, LLC

Read LP format model from file fernando/la09.lp
Reading time = 0.21 seconds
: 57175 rows, 109421 columns, 323205 nonzeros
Optimize a model with 57175 rows, 109421 columns and 323205 nonzeros
Variable types: 0 continuous, 109421 integer (109420 binary)
Coefficient statistics:
  Matrix range     [1e+00, 1e+03]
  Objective range  [1e+00, 1e+00]
  Bounds range     [1e+00, 1e+00]
  RHS range        [1e+00, 1e+00]
Presolve removed 10721 rows and 10801 columns
Presolve time: 1.39s
Presolved: 46454 rows, 98620 columns, 301886 nonzeros
Variable types: 0 continuous, 98620 integer (98619 binary)

Deterministic concurrent LP optimizer: primal and dual simplex
Showing first log only...

Presolve removed 75 rows and 75 columns
Presolved: 46379 rows, 98545 columns, 301738 nonzeros

Presolve removed 15 rows and 1 columns

Root simplex log...

Iteration    Objective       Primal Inf.    Dual Inf.      Time
    1278    0.0000000e+00   8.997106e+00   1.734069e+10      5s
    2938    0.0000000e+00   7.517506e+00   7.816523e+10     10s
    4588    0.0000000e+00   5.887301e+00   1.452623e+11     15s
    6068    0.0000000e+00   5.153022e+00   2.487241e+11     20s
    7488    0.0000000e+00   4.701614e+00   1.406102e+11     25s
    8808    0.0000000e+00   4.341242e+00   4.305836e+10     30s
   10168    0.0000000e+00   3.909712e+00   4.435368e+10     35s
   11538    0.0000000e+00   3.687520e+00   6.948447e+10     40s
   12748    0.0000000e+00   3.579462e+00   1.793858e+11     45s
   13978    0.0000000e+00   3.398841e+00   5.234517e+10     50s
   15228    0.0000000e+00   3.220256e+00   3.500522e+10     55s
   16488    0.0000000e+00   3.038597e+00   1.038312e+11     60s
   17768    0.0000000e+00   2.828785e+00   3.289735e+10     65s
   19008    0.0000000e+00   2.616048e+00   1.115373e+11     70s
   20228    0.0000000e+00   2.470451e+00   4.768766e+10     75s
   21388    0.0000000e+00   2.344846e+00   5.239530e+10     80s
   22638    0.0000000e+00   2.142200e+00   5.278557e+10     85s
   23848    0.0000000e+00   2.033807e+00   1.438921e+10     91s
   24888    0.0000000e+00   1.918933e+00   5.703533e+10     95s
   26068    0.0000000e+00   1.824844e+00   5.445746e+10    100s
   27198    0.0000000e+00   1.731908e+00   2.804313e+10    105s
   28408    0.0000000e+00   1.628051e+00   8.392687e+10    110s
   29458    0.0000000e+00   1.537915e+00   2.014389e+10    115s
   30678    0.0000000e+00   1.430260e+00   1.253694e+10    120s
   31828    0.0000000e+00   1.278452e+00   1.625439e+10    125s
   32918    0.0000000e+00   1.122898e+00   2.405138e+10    130s
   34068    0.0000000e+00   9.376040e-01   2.003502e+10    135s
   35188    0.0000000e+00   8.204308e-01   3.759410e+10    140s
   36338    0.0000000e+00   6.833154e-01   3.951595e+10    145s
   37398    0.0000000e+00   5.865686e-01   1.252691e+10    151s
   38318    0.0000000e+00   5.205663e-01   1.136963e+10    155s
   39458    0.0000000e+00   4.375872e-01   1.156764e+10    161s
   40508    0.0000000e+00   3.625143e-01   1.059113e+10    166s
   41408    0.0000000e+00   3.100945e-01   1.682153e+10    170s
   42488    0.0000000e+00   2.659632e-01   1.429770e+10    175s
   43458    0.0000000e+00   2.299663e-01   2.936719e+10    180s
   44478    0.0000000e+00   1.757427e-01   1.026816e+10    185s
   45438    0.0000000e+00   1.408171e-01   6.910928e+09    190s
   46508    0.0000000e+00   9.507542e-02   8.953712e+09    195s
   47518    0.0000000e+00   6.339217e-02   5.691356e+09    201s
   48418    0.0000000e+00   3.914509e-02   1.239669e+10    205s
   49474    0.0000000e+00   3.272856e-03   3.412677e+09    211s
   49833    4.6546500e+05   0.000000e+00   3.200000e+01    214s
   50337    8.6411005e+02   0.000000e+00   1.580802e+07    215s
   51849    8.2333206e+02   0.000000e+00   8.441161e+07    220s
   53487    7.9809483e+02   0.000000e+00   8.653696e+06    225s
   54999    7.8076283e+02   0.000000e+00   2.751090e+07    230s
   56763    7.6941220e+02   0.000000e+00   2.305077e+07    235s
   58275    7.6036402e+02   0.000000e+00   3.864800e+06    240s
   59787    7.5233469e+02   0.000000e+00   1.845296e+08    245s
   61015    7.4682616e+02   0.000000e+00   4.086129e+07    251s
   61685    7.4188598e+02   0.000000e+00   4.162515e+06    256s
   62355    7.3808554e+02   0.000000e+00   1.683888e+07    261s
   63025    7.3383044e+02   0.000000e+00   8.609464e+07    265s
   63715    7.3031532e+02   0.000000e+00   4.833321e+07    270s
   64415    7.2732554e+02   0.000000e+00   1.209379e+07    275s
   65085    7.2411482e+02   0.000000e+00   1.248180e+07    280s
   65795    7.2083115e+02   0.000000e+00   6.984393e+07    285s
   66505    7.1847562e+02   0.000000e+00   6.931522e+06    291s
   67085    7.1679573e+02   0.000000e+00   1.508135e+07    295s
   67811    7.1475996e+02   0.000000e+00   1.582458e+06    300s
   68423    7.1316292e+02   0.000000e+00   1.597668e+07    305s
   69151    7.1120371e+02   0.000000e+00   2.983747e+06    311s
   69769    7.0972802e+02   0.000000e+00   2.141973e+07    315s
   70501    7.0806758e+02   0.000000e+00   1.009017e+08    321s
   71119    7.0662208e+02   0.000000e+00   3.975988e+06    325s
   71749    7.0531399e+02   0.000000e+00   4.112738e+06    330s
   72499    7.0391436e+02   0.000000e+00   1.664436e+06    336s
   73079    7.0296046e+02   0.000000e+00   3.810822e+06    341s
   73685    7.0137583e+02   0.000000e+00   5.568349e+06    345s
   74303    7.0025643e+02   0.000000e+00   9.454078e+06    350s
   75041    6.9882032e+02   0.000000e+00   1.746308e+07    356s
   75659    6.9780782e+02   0.000000e+00   3.261188e+06    361s
   76289    6.9678374e+02   0.000000e+00   2.592724e+06    366s
   76919    6.9580744e+02   0.000000e+00   7.789273e+05    371s
   77423    6.9495403e+02   0.000000e+00   6.286276e+06    375s
   78053    6.9408324e+02   0.000000e+00   1.571493e+07    380s
   78683    6.9292521e+02   0.000000e+00   5.749389e+06    385s
   79313    6.9206245e+02   0.000000e+00   1.361834e+07    390s
   79943    6.9099403e+02   0.000000e+00   5.859357e+06    396s
   80573    6.9007996e+02   0.000000e+00   6.150970e+05    401s
   81203    6.8911506e+02   0.000000e+00   8.468628e+05    406s
   81707    6.8799760e+02   0.000000e+00   3.820469e+07    410s
   82337    6.8687899e+02   0.000000e+00   1.463238e+07    415s
   82967    6.8591755e+02   0.000000e+00   1.152362e+07    421s
   83597    6.8509114e+02   0.000000e+00   2.170223e+07    426s
   84227    6.8434192e+02   0.000000e+00   6.135471e+06    431s
   84731    6.8386610e+02   0.000000e+00   5.635634e+06    435s
   85361    6.8315253e+02   0.000000e+00   6.061924e+06    440s
   85991    6.8238949e+02   0.000000e+00   2.562228e+07    446s
   86495    6.8170633e+02   0.000000e+00   3.660969e+06    450s
   87125    6.8104774e+02   0.000000e+00   1.837019e+06    455s
   87755    6.8033999e+02   0.000000e+00   5.406083e+07    461s
   88433    6.7947250e+02   0.000000e+00   1.588832e+06    467s
   88963    6.7852801e+02   0.000000e+00   4.602923e+07    471s
   89483    6.7783609e+02   0.000000e+00   4.856295e+06    476s
   90109    6.7723068e+02   0.000000e+00   4.119063e+05    481s
   90619    6.7684074e+02   0.000000e+00   1.306138e+06    485s
   91187    6.7635268e+02   0.000000e+00   1.041531e+06    490s
   91763    6.7566280e+02   0.000000e+00   1.755247e+06    495s
   92393    6.7506364e+02   0.000000e+00   4.305020e+06    501s
   92933    6.7435359e+02   0.000000e+00   1.954312e+06    506s
   93513    6.7375225e+02   0.000000e+00   3.805302e+06    511s
   94099    6.7311730e+02   0.000000e+00   2.613892e+07    516s
   94659    6.7259917e+02   0.000000e+00   5.781023e+07    521s
   95199    6.7208843e+02   0.000000e+00   1.395559e+06    526s
   95739    6.7160347e+02   0.000000e+00   1.615059e+06    531s
   96325    6.7096905e+02   0.000000e+00   4.065596e+06    536s
   96955    6.7043208e+02   0.000000e+00   1.474656e+06    541s
   97495    6.7013251e+02   0.000000e+00   1.990938e+06    546s
   97995    6.6979215e+02   0.000000e+00   1.691261e+08    550s
   98545    6.6928557e+02   0.000000e+00   5.664972e+06    555s
   99145    6.6879551e+02   0.000000e+00   1.532420e+06    560s
   99745    6.6828151e+02   0.000000e+00   4.769995e+05    566s
  100295    6.6790279e+02   0.000000e+00   3.299473e+05    571s
  100795    6.6757009e+02   0.000000e+00   1.714319e+06    575s
  101395    6.6712346e+02   0.000000e+00   7.285349e+05    581s
  101905    6.6684790e+02   0.000000e+00   1.532805e+06    585s
  102453    6.6649241e+02   0.000000e+00   1.088811e+06    590s
  103079    6.6601424e+02   0.000000e+00   3.104916e+06    596s
  103639    6.6564086e+02   0.000000e+00   7.026705e+05    601s
  104149    6.6524326e+02   0.000000e+00   8.814768e+05    605s
  104659    6.6492135e+02   0.000000e+00   8.818822e+06    610s
  105219    6.6469184e+02   0.000000e+00   5.735527e+05    615s
  105779    6.6435768e+02   0.000000e+00   1.936814e+06    620s
  106319    6.6400893e+02   0.000000e+00   2.304287e+07    625s
  106849    6.6374432e+02   0.000000e+00   4.678610e+05    630s
  107479    6.6335608e+02   0.000000e+00   5.938803e+06    636s
  108029    6.6305790e+02   0.000000e+00   4.776664e+05    641s
  108569    6.6283530e+02   0.000000e+00   2.279199e+06    646s
  109139    6.6262522e+02   0.000000e+00   1.787731e+06    651s
  109689    6.6233678e+02   0.000000e+00   1.092305e+06    656s
  110229    6.6211889e+02   0.000000e+00   3.999159e+06    661s
  110769    6.6185338e+02   0.000000e+00   1.637392e+06    666s
  111319    6.6160297e+02   0.000000e+00   8.059116e+06    671s
  111859    6.6137342e+02   0.000000e+00   8.354878e+05    676s
  112439    6.6108512e+02   0.000000e+00   1.213033e+06    681s
  112879    6.6086077e+02   0.000000e+00   7.561778e+06    685s
  113449    6.6059183e+02   0.000000e+00   1.555359e+06    690s
  114121    6.6022357e+02   0.000000e+00   8.051212e+05    696s
  114621    6.6000090e+02   0.000000e+00   1.755159e+06    700s
  115203    6.5976948e+02   0.000000e+00   4.114185e+06    705s
  115851    6.5950037e+02   0.000000e+00   5.115161e+06    711s
  116387    6.5924118e+02   0.000000e+00   2.549449e+06    715s
  117017    6.5899156e+02   0.000000e+00   9.695188e+05    721s
  117627    6.5871818e+02   0.000000e+00   2.666998e+06    726s
  118147    6.5853197e+02   0.000000e+00   6.610872e+05    730s
  118737    6.5829692e+02   0.000000e+00   3.797173e+06    735s
  119327    6.5805043e+02   0.000000e+00   3.395295e+07    741s
  119927    6.5776541e+02   0.000000e+00   7.659755e+06    746s
  120417    6.5748953e+02   0.000000e+00   4.844070e+05    750s
  121037    6.5715871e+02   0.000000e+00   1.810467e+07    755s
  121657    6.5689187e+02   0.000000e+00   6.876403e+06    761s
  122137    6.5667138e+02   0.000000e+00   1.527377e+07    765s
  122787    6.5633454e+02   0.000000e+00   1.942927e+06    771s
  123307    6.5614237e+02   0.000000e+00   2.231725e+06    775s
  123957    6.5587613e+02   0.000000e+00   5.329665e+05    781s
  124467    6.5564346e+02   0.000000e+00   4.490585e+05    785s
  125073    6.5539334e+02   0.000000e+00   2.391370e+06    791s
  125699    6.5512701e+02   0.000000e+00   1.520463e+06    796s
  126239    6.5491802e+02   0.000000e+00   3.659688e+06    800s
  126919    6.5465074e+02   0.000000e+00   6.856470e+05    806s
  127459    6.5444928e+02   0.000000e+00   1.325408e+06    810s
  128177    6.5416258e+02   0.000000e+00   6.766630e+05    816s
  128673    6.5396144e+02   0.000000e+00   1.071302e+06    820s
  129213    6.5373403e+02   0.000000e+00   6.390855e+06    825s
  129893    6.5343499e+02   0.000000e+00   1.345351e+06    831s
  130443    6.5316241e+02   0.000000e+00   1.371537e+06    835s
  131093    6.5293226e+02   0.000000e+00   6.151127e+05    841s
  131671    6.5276992e+02   0.000000e+00   7.371254e+05    846s
  132219    6.5258970e+02   0.000000e+00   3.625476e+06    850s
  132779    6.5240208e+02   0.000000e+00   1.400228e+06    855s
  133459    6.5213909e+02   0.000000e+00   1.084912e+06    861s
  134029    6.5193871e+02   0.000000e+00   7.028040e+06    866s
  134599    6.5177758e+02   0.000000e+00   7.794858e+05    870s
  135259    6.5159936e+02   0.000000e+00   3.714082e+05    876s
  135851    6.5137471e+02   0.000000e+00   1.461394e+06    881s
  136387    6.5118049e+02   0.000000e+00   5.163666e+06    885s
  137017    6.5100171e+02   0.000000e+00   9.284010e+05    891s
  137547    6.5084526e+02   0.000000e+00   2.836265e+05    895s
  138247    6.5069926e+02   0.000000e+00   7.636848e+06    901s
  138787    6.5057342e+02   0.000000e+00   1.895068e+07    905s
  139477    6.5037597e+02   0.000000e+00   1.277274e+06    911s
  140047    6.5019641e+02   0.000000e+00   7.820640e+05    916s
  140607    6.5007948e+02   0.000000e+00   1.067543e+06    920s
  141167    6.4994799e+02   0.000000e+00   1.586737e+06    925s
  141815    6.4978063e+02   0.000000e+00   5.329800e+05    931s
  142375    6.4963921e+02   0.000000e+00   2.697757e+06    936s
  143013    6.4948548e+02   0.000000e+00   5.964322e+05    941s
  143563    6.4933436e+02   0.000000e+00   2.627055e+06    946s
  144179    6.4914692e+02   0.000000e+00   1.038212e+06    951s
  144737    6.4898198e+02   0.000000e+00   5.113552e+05    956s
  145259    6.4885897e+02   0.000000e+00   8.807786e+06    961s
  145829    6.4870501e+02   0.000000e+00   7.299873e+06    966s
  146399    6.4858881e+02   0.000000e+00   8.766065e+05    971s
  146969    6.4847830e+02   0.000000e+00   1.642362e+06    976s
  147529    6.4836591e+02   0.000000e+00   5.598620e+05    981s
  148109    6.4824506e+02   0.000000e+00   1.081863e+06    986s
  148689    6.4810827e+02   0.000000e+00   1.378118e+06    991s
  149249    6.4797313e+02   0.000000e+00   3.560700e+06    996s
  149849    6.4778948e+02   0.000000e+00   8.882669e+05   1001s
  150289    6.4766098e+02   0.000000e+00   4.671762e+05   1005s
  150879    6.4751308e+02   0.000000e+00   6.460255e+05   1011s
  151537    6.4738348e+02   0.000000e+00   3.844664e+06   1016s
  151977    6.4729593e+02   0.000000e+00   6.852083e+05   1020s
  152547    6.4715809e+02   0.000000e+00   9.156582e+05   1025s
  153137    6.4705370e+02   0.000000e+00   1.119449e+06   1031s
  153707    6.4695149e+02   0.000000e+00   8.910440e+06   1036s
  154287    6.4685860e+02   0.000000e+00   3.513442e+06   1041s
  154917    6.4673758e+02   0.000000e+00   7.097593e+05   1046s
  155367    6.4660450e+02   0.000000e+00   2.024638e+06   1050s
  155957    6.4643426e+02   0.000000e+00   2.576904e+06   1055s
  156527    6.4626043e+02   0.000000e+00   1.363556e+08   1060s
  157101    6.4609192e+02   0.000000e+00   2.913746e+06   1065s
  157663    6.4597729e+02   0.000000e+00   9.155979e+05   1070s
  158293    6.4583584e+02   0.000000e+00   3.609994e+07   1075s
  158909    6.4572309e+02   0.000000e+00   1.566306e+05   1081s
  159611    6.4551419e+02   0.000000e+00   4.747398e+05   1086s
  160071    6.4543636e+02   0.000000e+00   3.935998e+05   1090s
  160711    6.4530467e+02   0.000000e+00   3.443248e+06   1096s
  161301    6.4520778e+02   0.000000e+00   2.022921e+06   1101s
  161901    6.4511962e+02   0.000000e+00   2.971222e+06   1106s
  162501    6.4496886e+02   0.000000e+00   5.913652e+06   1111s
  163091    6.4484461e+02   0.000000e+00   1.163079e+06   1116s
  163531    6.4475064e+02   0.000000e+00   6.406113e+05   1120s
  164131    6.4464388e+02   0.000000e+00   4.023111e+05   1125s
  164731    6.4454700e+02   0.000000e+00   3.426048e+06   1130s
  165351    6.4444556e+02   0.000000e+00   4.293265e+05   1136s
  165951    6.4435036e+02   0.000000e+00   2.408081e+06   1141s
  166521    6.4425564e+02   0.000000e+00   2.223076e+06   1146s
  166951    6.4419780e+02   0.000000e+00   1.079394e+06   1150s
  167531    6.4409403e+02   0.000000e+00   2.473778e+06   1155s
  168121    6.4399749e+02   0.000000e+00   1.233529e+06   1160s
  168741    6.4387094e+02   0.000000e+00   6.949279e+05   1166s
  169341    6.4376151e+02   0.000000e+00   9.212227e+05   1171s
  169801    6.4368859e+02   0.000000e+00   4.292335e+05   1175s
  170401    6.4360761e+02   0.000000e+00   4.861356e+06   1180s
  170981    6.4351509e+02   0.000000e+00   5.917985e+05   1185s
  171621    6.4341843e+02   0.000000e+00   1.001561e+06   1191s
  172251    6.4330186e+02   0.000000e+00   1.395521e+06   1196s
  172701    6.4321541e+02   0.000000e+00   6.517797e+05   1200s
  173301    6.4310520e+02   0.000000e+00   6.285495e+06   1205s
  173911    6.4299931e+02   0.000000e+00   1.759898e+06   1211s
  174359    6.4293614e+02   0.000000e+00   9.876640e+05   1215s
  175035    6.4284686e+02   0.000000e+00   6.365848e+05   1221s
  175485    6.4276994e+02   0.000000e+00   1.207742e+06   1225s
  176085    6.4270275e+02   0.000000e+00   5.555401e+06   1230s
  176695    6.4263890e+02   0.000000e+00   2.742927e+05   1236s
  177275    6.4256073e+02   0.000000e+00   5.915667e+05   1241s
  177875    6.4248286e+02   0.000000e+00   2.645928e+06   1246s
  178277    6.4243432e+02   0.000000e+00   1.048038e+06   1250s
  178973    6.4228919e+02   0.000000e+00   2.456182e+06   1256s
  179433    6.4221762e+02   0.000000e+00   8.045249e+06   1260s
  180043    6.4212783e+02   0.000000e+00   2.353315e+05   1265s
  180643    6.4203890e+02   0.000000e+00   3.810791e+05   1271s
  181233    6.4195713e+02   0.000000e+00   7.766500e+05   1276s
  181833    6.4185458e+02   0.000000e+00   5.364336e+06   1281s
  182453    6.4177722e+02   0.000000e+00   3.811632e+06   1286s
  182935    6.4173056e+02   0.000000e+00   4.696686e+05   1291s
  183521    6.4167474e+02   0.000000e+00   4.456450e+06   1296s
  184141    6.4159606e+02   0.000000e+00   5.015558e+05   1301s
  184621    6.4154095e+02   0.000000e+00   5.910027e+05   1305s
  185251    6.4144740e+02   0.000000e+00   4.452327e+06   1311s
  185749    6.4139148e+02   0.000000e+00   9.711710e+06   1315s
  186399    6.4130191e+02   0.000000e+00   5.699284e+05   1321s
  187049    6.4120448e+02   0.000000e+00   1.133386e+07   1326s
  187509    6.4114226e+02   0.000000e+00   3.762314e+05   1330s
  188139    6.4105984e+02   0.000000e+00   1.011172e+06   1336s
  188759    6.4099159e+02   0.000000e+00   2.796235e+06   1341s
  189359    6.4091457e+02   0.000000e+00   5.935427e+06   1346s
  189819    6.4084440e+02   0.000000e+00   5.891349e+05   1350s
  190419    6.4077671e+02   0.000000e+00   1.960999e+05   1355s
  190999    6.4070523e+02   0.000000e+00   3.360209e+05   1361s
  191589    6.4064176e+02   0.000000e+00   2.527395e+05   1366s
  192199    6.4056614e+02   0.000000e+00   4.684256e+05   1371s
  192799    6.4049534e+02   0.000000e+00   1.020292e+06   1376s
  193249    6.4045249e+02   0.000000e+00   7.135127e+05   1380s
  193849    6.4039619e+02   0.000000e+00   1.115012e+07   1385s
  194449    6.4033144e+02   0.000000e+00   6.531818e+05   1391s
  195049    6.4025608e+02   0.000000e+00   9.815032e+05   1396s
  195649    6.4018590e+02   0.000000e+00   9.753795e+05   1401s
  196109    6.4013829e+02   0.000000e+00   2.676194e+05   1405s
  196709    6.4007473e+02   0.000000e+00   1.044528e+06   1410s
  197309    6.4002225e+02   0.000000e+00   9.569942e+05   1416s
  197939    6.3994953e+02   0.000000e+00   6.740599e+05   1421s
  198559    6.3985997e+02   0.000000e+00   6.822039e+05   1426s
  199039    6.3977918e+02   0.000000e+00   1.236181e+06   1430s
  199639    6.3969998e+02   0.000000e+00   1.089869e+06   1436s
  200269    6.3961565e+02   0.000000e+00   5.932752e+06   1441s
  200757    6.3953915e+02   0.000000e+00   1.680134e+06   1445s
  201289    6.3948302e+02   0.000000e+00   4.990032e+06   1450s
  201875    6.3941589e+02   0.000000e+00   8.601905e+05   1455s
  202473    6.3933794e+02   0.000000e+00   6.682619e+05   1461s
  203073    6.3926203e+02   0.000000e+00   1.252701e+06   1466s
  203683    6.3919922e+02   0.000000e+00   4.683709e+06   1471s
  204143    6.3913725e+02   0.000000e+00   3.478484e+07   1475s
  204783    6.3907188e+02   0.000000e+00   2.527659e+05   1481s
  205321    6.3902324e+02   0.000000e+00   1.569837e+06   1485s
  205961    6.3896263e+02   0.000000e+00   9.915348e+05   1491s
  206591    6.3888991e+02   0.000000e+00   2.654403e+06   1496s
  207081    6.3883650e+02   0.000000e+00   2.096786e+06   1500s
  207701    6.3877461e+02   0.000000e+00   3.552399e+06   1505s
  208321    6.3868496e+02   0.000000e+00   4.915309e+06   1511s
  208921    6.3862319e+02   0.000000e+00   8.523864e+05   1516s
  209391    6.3857125e+02   0.000000e+00   2.278530e+05   1520s
  210031    6.3850504e+02   0.000000e+00   3.263683e+05   1526s
  210557    6.3844127e+02   0.000000e+00   2.949125e+05   1531s
  211099    6.3838115e+02   0.000000e+00   1.196835e+06   1535s
  211647    6.3833002e+02   0.000000e+00   3.330646e+06   1540s
  212297    6.3824965e+02   0.000000e+00   9.668814e+05   1546s
  212947    6.3815861e+02   0.000000e+00   5.458365e+05   1551s
  213417    6.3809311e+02   0.000000e+00   3.905316e+05   1555s
  214077    6.3801888e+02   0.000000e+00   5.139599e+05   1561s
  214615    6.3795940e+02   0.000000e+00   1.302627e+06   1565s
  215275    6.3786593e+02   0.000000e+00   1.170252e+06   1571s
  215765    6.3779398e+02   0.000000e+00   4.464084e+06   1575s
  216405    6.3771978e+02   0.000000e+00   2.949030e+05   1581s
  217025    6.3766374e+02   0.000000e+00   5.106836e+06   1586s
  217513    6.3761088e+02   0.000000e+00   4.958357e+06   1591s
  218163    6.3754801e+02   0.000000e+00   1.124075e+06   1596s
  218643    6.3749210e+02   0.000000e+00   2.344309e+05   1600s
  219171    6.3745273e+02   0.000000e+00   7.846652e+05   1605s
  219769    6.3740066e+02   0.000000e+00   4.224928e+05   1610s
  220439    6.3734830e+02   0.000000e+00   2.637198e+05   1616s
  220909    6.3730736e+02   0.000000e+00   4.252018e+05   1620s
  221519    6.3725350e+02   0.000000e+00   1.162294e+06   1626s
  222127    6.3721128e+02   0.000000e+00   7.890766e+06   1631s
  222607    6.3717667e+02   0.000000e+00   1.069391e+06   1635s
  223259    6.3712483e+02   0.000000e+00   4.101019e+06   1641s
  223865    6.3706936e+02   0.000000e+00   5.923675e+05   1646s
  224505    6.3701543e+02   0.000000e+00   1.919737e+06   1651s
  224985    6.3697239e+02   0.000000e+00   6.972170e+05   1655s
  225595    6.3690797e+02   0.000000e+00   4.737541e+05   1661s
  226225    6.3685459e+02   0.000000e+00   8.685311e+05   1666s
  226715    6.3681407e+02   0.000000e+00   4.163601e+05   1670s
  227333    6.3676380e+02   0.000000e+00   7.000682e+05   1676s
  227883    6.3671298e+02   0.000000e+00   2.127429e+05   1681s
  228533    6.3665789e+02   0.000000e+00   1.202842e+07   1686s
  229037    6.3660687e+02   0.000000e+00   1.069556e+06   1691s
  229705    6.3653970e+02   0.000000e+00   8.691801e+05   1696s
  230165    6.3649418e+02   0.000000e+00   3.018403e+05   1700s
  230807    6.3642999e+02   0.000000e+00   7.268329e+05   1706s
  231313    6.3637005e+02   0.000000e+00   1.696136e+06   1710s
  231933    6.3632792e+02   0.000000e+00   3.272253e+06   1716s
  232413    6.3628925e+02   0.000000e+00   2.867753e+06   1720s
  233053    6.3623254e+02   0.000000e+00   1.126680e+06   1726s
  233703    6.3618272e+02   0.000000e+00   1.983618e+07   1731s
  234209    6.3611061e+02   0.000000e+00   4.333113e+05   1736s
  234751    6.3605640e+02   0.000000e+00   3.865922e+05   1741s
  235391    6.3600351e+02   0.000000e+00   1.518952e+06   1746s
  235851    6.3596431e+02   0.000000e+00   1.531993e+07   1750s
  236389    6.3591725e+02   0.000000e+00   4.117521e+05   1755s
  237013    6.3586210e+02   0.000000e+00   7.673189e+06   1761s
  237535    6.3582001e+02   0.000000e+00   2.025770e+06   1766s
  238211    6.3576868e+02   0.000000e+00   5.161555e+05   1771s
  238681    6.3573251e+02   0.000000e+00   4.145329e+06   1776s
  239281    6.3568522e+02   0.000000e+00   1.488437e+06   1781s
  239921    6.3562785e+02   0.000000e+00   3.077661e+06   1786s
  240379    6.3558846e+02   0.000000e+00   3.128781e+06   1791s
  240997    6.3553908e+02   0.000000e+00   1.637267e+06   1796s
  241587    6.3549708e+02   0.000000e+00   2.596824e+06   1801s
  242067    6.3546059e+02   0.000000e+00   2.039988e+05   1805s
  242653    6.3540551e+02   0.000000e+00   2.616341e+06   1811s
  243285    6.3535875e+02   0.000000e+00   5.616846e+05   1816s
  243801    6.3531719e+02   0.000000e+00   5.440576e+06   1821s
  244305    6.3527904e+02   0.000000e+00   1.827242e+05   1825s
  244931    6.3523729e+02   0.000000e+00   4.532057e+05   1831s
  245571    6.3516974e+02   0.000000e+00   1.801108e+06   1836s
  246051    6.3512471e+02   0.000000e+00   2.770871e+06   1840s
  246721    6.3506745e+02   0.000000e+00   1.389602e+05   1846s
  247351    6.3500702e+02   0.000000e+00   1.302980e+06   1851s
  247811    6.3497309e+02   0.000000e+00   2.540217e+06   1855s
  248471    6.3493032e+02   0.000000e+00   3.200325e+05   1861s
  249111    6.3488360e+02   0.000000e+00   2.622201e+05   1866s
  249591    6.3485451e+02   0.000000e+00   5.307590e+05   1871s
  250241    6.3482341e+02   0.000000e+00   5.364765e+05   1876s
  250721    6.3480004e+02   0.000000e+00   4.948778e+05   1880s
  251371    6.3475772e+02   0.000000e+00   2.915995e+06   1886s
  251861    6.3472839e+02   0.000000e+00   9.771425e+06   1890s
  252501    6.3469227e+02   0.000000e+00   2.754648e+05   1896s
  252971    6.3466745e+02   0.000000e+00   5.311702e+05   1900s
  253621    6.3462706e+02   0.000000e+00   2.873893e+06   1906s
  254077    6.3460270e+02   0.000000e+00   1.387916e+06   1911s
  254719    6.3456189e+02   0.000000e+00   1.726216e+06   1916s
  255209    6.3453310e+02   0.000000e+00   2.638878e+05   1920s
  255859    6.3449831e+02   0.000000e+00   4.614382e+05   1926s
  256339    6.3446641e+02   0.000000e+00   1.854211e+05   1930s
  257009    6.3442647e+02   0.000000e+00   1.027417e+06   1936s
  257489    6.3440119e+02   0.000000e+00   1.238618e+06   1941s
  258129    6.3435936e+02   0.000000e+00   3.294325e+06   1946s
  258507    6.3433071e+02   0.000000e+00   7.410212e+05   1950s
  259185    6.3428295e+02   0.000000e+00   2.351542e+05   1956s
  259705    6.3423938e+02   0.000000e+00   6.222035e+05   1961s
  260325    6.3419012e+02   0.000000e+00   2.890450e+05   1966s
  260805    6.3415877e+02   0.000000e+00   9.609079e+06   1971s
  261275    6.3412608e+02   0.000000e+00   3.106812e+05   1975s
  261945    6.3408931e+02   0.000000e+00   2.326967e+05   1981s
  262435    6.3406123e+02   0.000000e+00   4.675138e+05   1985s
  263075    6.3400911e+02   0.000000e+00   7.185014e+05   1991s
  263535    6.3398470e+02   0.000000e+00   3.715380e+06   1995s
  264113    6.3395470e+02   0.000000e+00   3.111541e+05   2000s
  264613    6.3392260e+02   0.000000e+00   5.040626e+05   2005s
  265227    6.3388348e+02   0.000000e+00   2.053096e+06   2010s
  265897    6.3385148e+02   0.000000e+00   2.997139e+06   2016s
  266377    6.3383142e+02   0.000000e+00   1.647216e+06   2020s
  267017    6.3379099e+02   0.000000e+00   3.990187e+05   2026s
  267487    6.3376388e+02   0.000000e+00   3.086328e+05   2031s
  268137    6.3372229e+02   0.000000e+00   2.313767e+06   2036s
  268647    6.3369704e+02   0.000000e+00   2.594946e+05   2041s
  269117    6.3366044e+02   0.000000e+00   6.170867e+05   2045s
  269733    6.3361226e+02   0.000000e+00   4.597328e+05   2051s
  270275    6.3358738e+02   0.000000e+00   3.791481e+05   2056s
  270785    6.3356304e+02   0.000000e+00   3.985620e+06   2060s
  271445    6.3353249e+02   0.000000e+00   4.564447e+05   2066s
  271935    6.3350951e+02   0.000000e+00   4.223160e+05   2070s
  272473    6.3348737e+02   0.000000e+00   1.077771e+05   2075s
  273023    6.3345256e+02   0.000000e+00   4.379608e+05   2080s
  273633    6.3342381e+02   0.000000e+00   1.806424e+06   2086s
  274113    6.3339769e+02   0.000000e+00   6.526393e+06   2090s
  274809    6.3335810e+02   0.000000e+00   3.340175e+06   2096s
  275281    6.3332996e+02   0.000000e+00   8.206123e+05   2100s
  275951    6.3330111e+02   0.000000e+00   3.294901e+05   2106s
  276453    6.3328035e+02   0.000000e+00   5.247813e+05   2111s
  276951    6.3325224e+02   0.000000e+00   1.969758e+05   2115s
  277611    6.3322003e+02   0.000000e+00   6.399703e+05   2121s
  278081    6.3319686e+02   0.000000e+00   7.222143e+05   2126s
  278701    6.3316796e+02   0.000000e+00   2.117328e+06   2131s
  279147    6.3314597e+02   0.000000e+00   8.663015e+05   2136s
  279789    6.3311660e+02   0.000000e+00   5.145748e+06   2141s
  280293    6.3308763e+02   0.000000e+00   2.172331e+05   2146s
  280771    6.3305553e+02   0.000000e+00   4.207319e+05   2150s
  281369    6.3303252e+02   0.000000e+00   1.540553e+06   2155s
  281889    6.3301229e+02   0.000000e+00   8.394441e+05   2160s
  282481    6.3298916e+02   0.000000e+00   6.748435e+05   2165s
  282997    6.3296880e+02   0.000000e+00   3.232632e+05   2170s
  283489    6.3295265e+02   0.000000e+00   5.513763e+06   2175s
  284093    6.3292861e+02   0.000000e+00   2.954391e+05   2181s
  284575    6.3290536e+02   0.000000e+00   5.905691e+05   2185s
  285205    6.3287324e+02   0.000000e+00   1.071709e+06   2191s
  285693    6.3284843e+02   0.000000e+00   7.925543e+05   2195s
  286197    6.3282165e+02   0.000000e+00   2.424253e+05   2200s
  286811    6.3279639e+02   0.000000e+00   2.939259e+06   2206s
  287377    6.3276966e+02   0.000000e+00   1.304868e+05   2211s
  287875    6.3275117e+02   0.000000e+00   2.175401e+05   2215s
  288523    6.3272252e+02   0.000000e+00   1.112898e+06   2221s
  289081    6.3270375e+02   0.000000e+00   1.129596e+06   2226s
  289517    6.3268596e+02   0.000000e+00   3.117897e+05   2230s
  290147    6.3266239e+02   0.000000e+00   3.601162e+05   2236s
  290651    6.3264417e+02   0.000000e+00   2.763173e+05   2240s
  291363    6.3260833e+02   0.000000e+00   3.290865e+05   2247s
  291835    6.3258411e+02   0.000000e+00   6.448310e+05   2251s
  292293    6.3256292e+02   0.000000e+00   5.225595e+05   2255s
  292923    6.3253188e+02   0.000000e+00   1.337227e+06   2261s
  293465    6.3250910e+02   0.000000e+00   1.061909e+06   2266s
  294143    6.3248003e+02   0.000000e+00   5.824078e+05   2272s
  294521    6.3246134e+02   0.000000e+00   2.243145e+05   2276s
  295103    6.3243664e+02   0.000000e+00   3.480579e+05   2281s
  295661    6.3241245e+02   0.000000e+00   9.506073e+05   2286s
  296165    6.3239072e+02   0.000000e+00   6.702547e+05   2290s
  296875    6.3235932e+02   0.000000e+00   1.762678e+05   2296s
  297375    6.3233251e+02   0.000000e+00   7.972832e+05   2301s
  297865    6.3231012e+02   0.000000e+00   1.147605e+05   2305s
  298495    6.3227836e+02   0.000000e+00   2.130283e+05   2311s
  299033    6.3225132e+02   0.000000e+00   5.211424e+05   2316s
  299653    6.3222674e+02   0.000000e+00   1.201757e+06   2321s
  300143    6.3220570e+02   0.000000e+00   3.005326e+05   2326s
  300643    6.3218589e+02   0.000000e+00   1.390538e+05   2330s
  301191    6.3216448e+02   0.000000e+00   3.950329e+05   2335s
  301821    6.3213421e+02   0.000000e+00   2.667970e+05   2341s
  302453    6.3210286e+02   0.000000e+00   4.114392e+05   2346s
  302951    6.3207829e+02   0.000000e+00   2.872713e+05   2351s
  303455    6.3203339e+02   0.000000e+00   5.808880e+05   2355s
  304077    6.3200465e+02   0.000000e+00   2.391540e+06   2361s
  304597    6.3197950e+02   0.000000e+00   3.929508e+05   2365s
  305237    6.3194426e+02   0.000000e+00   3.538037e+05   2371s
  305705    6.3192080e+02   0.000000e+00   9.253271e+04   2375s
  306253    6.3190165e+02   0.000000e+00   7.779905e+05   2381s
  306867    6.3187895e+02   0.000000e+00   4.348828e+05   2386s
  307333    6.3185850e+02   0.000000e+00   4.339345e+05   2390s
  307837    6.3183605e+02   0.000000e+00   4.161328e+05   2395s
  308467    6.3179833e+02   0.000000e+00   6.832233e+06   2401s
  309107    6.3177120e+02   0.000000e+00   1.299775e+06   2406s
  309617    6.3174073e+02   0.000000e+00   2.296605e+05   2411s
  310127    6.3172514e+02   0.000000e+00   6.479441e+05   2416s
  310709    6.3170551e+02   0.000000e+00   2.131223e+05   2421s
  311325    6.3168030e+02   0.000000e+00   3.426853e+06   2426s
  311795    6.3166371e+02   0.000000e+00   3.036065e+05   2431s
  312293    6.3164429e+02   0.000000e+00   8.108511e+05   2435s
  312893    6.3161359e+02   0.000000e+00   1.005351e+07   2441s
  313431    6.3159490e+02   0.000000e+00   4.089550e+06   2446s
  313921    6.3156481e+02   0.000000e+00   1.572488e+05   2450s
  314551    6.3154192e+02   0.000000e+00   1.010368e+07   2456s
  315091    6.3152003e+02   0.000000e+00   6.100081e+05   2461s
  315583    6.3150198e+02   0.000000e+00   3.343134e+05   2465s
  316207    6.3148181e+02   0.000000e+00   2.408212e+06   2471s
  316723    6.3146471e+02   0.000000e+00   2.443506e+06   2475s
  317345    6.3144212e+02   0.000000e+00   1.005638e+05   2480s
  317847    6.3142734e+02   0.000000e+00   3.219692e+05   2485s
  318477    6.3140617e+02   0.000000e+00   1.117114e+06   2491s
  318975    6.3138937e+02   0.000000e+00   5.583642e+05   2495s
  319617    6.3136538e+02   0.000000e+00   2.225845e+05   2501s
  320115    6.3134593e+02   0.000000e+00   1.272217e+06   2505s
  320671    6.3131811e+02   0.000000e+00   1.887862e+06   2511s
  321329    6.3128283e+02   0.000000e+00   5.070110e+05   2516s
  321809    6.3125740e+02   0.000000e+00   2.317999e+05   2520s
  322459    6.3122825e+02   0.000000e+00   1.274497e+06   2526s
  322929    6.3121093e+02   0.000000e+00   1.041496e+06   2530s
  323569    6.3118444e+02   0.000000e+00   7.791179e+05   2536s
  324175    6.3116148e+02   0.000000e+00   3.991968e+05   2541s
  324807    6.3113767e+02   0.000000e+00   3.623037e+06   2546s
  325297    6.3111854e+02   0.000000e+00   6.328204e+05   2551s
  325917    6.3109414e+02   0.000000e+00   6.040867e+06   2556s
  326367    6.3107623e+02   0.000000e+00   1.567630e+07   2560s
  327007    6.3105380e+02   0.000000e+00   7.675370e+06   2566s
  327477    6.3103852e+02   0.000000e+00   3.843118e+05   2570s
  328085    6.3101478e+02   0.000000e+00   3.841875e+05   2575s
  328715    6.3098428e+02   0.000000e+00   5.994316e+05   2581s
  329213    6.3095982e+02   0.000000e+00   1.603432e+05   2585s
  329863    6.3093586e+02   0.000000e+00   1.382525e+06   2591s
  330309    6.3091560e+02   0.000000e+00   3.653947e+06   2595s
  331031    6.3087738e+02   0.000000e+00   4.652482e+05   2601s
  331513    6.3085452e+02   0.000000e+00   1.818158e+06   2606s
  332019    6.3081689e+02   0.000000e+00   4.406308e+06   2610s
  332569    6.3079599e+02   0.000000e+00   3.474649e+05   2615s
  333183    6.3076480e+02   0.000000e+00   5.681925e+06   2621s
  333813    6.3074003e+02   0.000000e+00   2.685875e+05   2626s
  334317    6.3072110e+02   0.000000e+00   3.997726e+05   2631s
  334937    6.3069503e+02   0.000000e+00   6.039644e+05   2636s
  335437    6.3067502e+02   0.000000e+00   5.484331e+05   2640s
  336009    6.3064322e+02   0.000000e+00   1.660971e+06   2646s
  336607    6.3061705e+02   0.000000e+00   1.565143e+05   2651s
  337113    6.3060282e+02   0.000000e+00   1.726118e+07   2655s
  337699    6.3058004e+02   0.000000e+00   5.360600e+05   2660s
  338341    6.3055013e+02   0.000000e+00   1.411922e+05   2666s
  338831    6.3052525e+02   0.000000e+00   1.436703e+06   2670s
  339481    6.3049743e+02   0.000000e+00   1.855770e+06   2676s
  339961    6.3047562e+02   0.000000e+00   1.700723e+07   2680s
  340545    6.3045058e+02   0.000000e+00   1.427749e+05   2686s
  341159    6.3042644e+02   0.000000e+00   2.459364e+05   2691s
  341663    6.3041024e+02   0.000000e+00   3.654049e+05   2696s
  342251    6.3039301e+02   0.000000e+00   1.486935e+05   2701s
  342729    6.3037825e+02   0.000000e+00   3.277510e+05   2705s
  343359    6.3035577e+02   0.000000e+00   2.328133e+05   2711s
  344007    6.3032497e+02   0.000000e+00   6.111218e+05   2716s
  344497    6.3030868e+02   0.000000e+00   1.517686e+06   2721s
  345003    6.3028824e+02   0.000000e+00   1.073620e+06   2725s
  345645    6.3025995e+02   0.000000e+00   3.741752e+05   2731s
  346233    6.3023975e+02   0.000000e+00   3.247053e+05   2736s
  346903    6.3021197e+02   0.000000e+00   2.823326e+05   2741s
  347395    6.3019578e+02   0.000000e+00   1.744400e+06   2746s
  348061    6.3016461e+02   0.000000e+00   8.686132e+05   2751s
  348567    6.3014245e+02   0.000000e+00   4.818751e+05   2756s
  349245    6.3011676e+02   0.000000e+00   3.559234e+05   2762s
  349623    6.3010185e+02   0.000000e+00   2.862926e+07   2765s
  350279    6.3007896e+02   0.000000e+00   4.419554e+05   2771s
  350759    6.3006490e+02   0.000000e+00   1.546207e+07   2775s
  351399    6.3004702e+02   0.000000e+00   9.508147e+05   2781s
  351859    6.3002588e+02   0.000000e+00   5.997156e+06   2785s
  352411    6.3000742e+02   0.000000e+00   4.886073e+05   2790s
  353059    6.2998413e+02   0.000000e+00   1.264431e+07   2796s
  353549    6.2996480e+02   0.000000e+00   1.469621e+05   2800s
  354095    6.2994823e+02   0.000000e+00   1.503690e+06   2805s
  354747    6.2993160e+02   0.000000e+00   7.924342e+04   2811s
  355295    6.2991558e+02   0.000000e+00   9.800683e+05   2816s
  355891    6.2989861e+02   0.000000e+00   1.991905e+05   2822s
  356313    6.2988176e+02   0.000000e+00   2.904927e+05   2826s
  356823    6.2985219e+02   0.000000e+00   4.150941e+05   2831s
  357293    6.2982568e+02   0.000000e+00   7.468916e+05   2836s
  357763    6.2979367e+02   0.000000e+00   7.442669e+06   2840s
  358343    6.2974096e+02   0.000000e+00   1.687140e+06   2846s
  358823    6.2968877e+02   0.000000e+00   4.149730e+05   2850s
  359303    6.2964009e+02   0.000000e+00   5.792294e+05   2855s
Warning: Markowitz tolerance tightened to 0.03125
  359913    6.2957589e+02   0.000000e+00   6.073455e+05   2861s
  360405    6.2952420e+02   0.000000e+00   7.470846e+05   2866s
  360951    6.2946723e+02   0.000000e+00   7.342390e+05   2871s
  361411    6.2942536e+02   0.000000e+00   3.124975e+05   2875s
  361991    6.2936855e+02   0.000000e+00   1.835659e+06   2881s
  362481    6.2932051e+02   0.000000e+00   3.478221e+05   2886s
  362961    6.2926007e+02   0.000000e+00   7.262848e+06   2890s
  363541    6.2919537e+02   0.000000e+00   3.328909e+06   2896s
  364021    6.2914928e+02   0.000000e+00   5.477858e+05   2900s
  364631    6.2908409e+02   0.000000e+00   8.056910e+05   2906s
  365111    6.2902558e+02   0.000000e+00   2.941366e+05   2910s
  365691    6.2896948e+02   0.000000e+00   2.326904e+06   2916s
  366161    6.2890922e+02   0.000000e+00   3.664249e+05   2920s
  366741    6.2885121e+02   0.000000e+00   1.030698e+06   2926s
  367211    6.2880501e+02   0.000000e+00   8.115378e+05   2930s
  367681    6.2875281e+02   0.000000e+00   6.620035e+05   2935s
  368151    6.2869648e+02   0.000000e+00   1.286185e+06   2941s
  368567    6.2864362e+02   0.000000e+00   7.873315e+05   2945s
  369083    6.2859535e+02   0.000000e+00   2.594377e+06   2950s
  369633    6.2855406e+02   0.000000e+00   2.097713e+06   2956s
  370173    6.2850688e+02   0.000000e+00   4.313318e+05   2961s
  370643    6.2847043e+02   0.000000e+00   4.929278e+05   2965s
  371193    6.2841492e+02   0.000000e+00   9.040221e+05   2971s
  371753    6.2835243e+02   0.000000e+00   5.035975e+05   2976s
  372225    6.2829616e+02   0.000000e+00   1.044820e+06   2980s
  372725    6.2825064e+02   0.000000e+00   1.628692e+05   2985s
  373295    6.2819923e+02   0.000000e+00   6.433937e+05   2990s
  373855    6.2816169e+02   0.000000e+00   4.440350e+05   2996s
  374381    6.2813143e+02   0.000000e+00   1.744503e+06   3001s
  374847    6.2808576e+02   0.000000e+00   6.769002e+05   3006s
  375347    6.2804555e+02   0.000000e+00   1.025372e+06   3010s
  375933    6.2799312e+02   0.000000e+00   3.367499e+06   3015s
  376459    6.2795495e+02   0.000000e+00   4.227706e+05   3020s
  376989    6.2790313e+02   0.000000e+00   6.357685e+05   3025s
  377581    6.2784411e+02   0.000000e+00   2.194831e+06   3031s
  378087    6.2780358e+02   0.000000e+00   6.802340e+06   3035s
  378583    6.2776493e+02   0.000000e+00   3.949102e+05   3040s
  379155    6.2772971e+02   0.000000e+00   1.563143e+06   3046s
  379645    6.2769607e+02   0.000000e+00   5.388799e+05   3050s
  380175    6.2764932e+02   0.000000e+00   2.485689e+05   3055s
  380725    6.2759042e+02   0.000000e+00   8.695307e+05   3061s
  381265    6.2754529e+02   0.000000e+00   4.901485e+05   3066s
  381685    6.2751171e+02   0.000000e+00   4.052367e+05   3070s
  382235    6.2746286e+02   0.000000e+00   7.306972e+05   3076s
  382805    6.2741974e+02   0.000000e+00   6.258403e+05   3081s
  383255    6.2738419e+02   0.000000e+00   1.282444e+06   3085s
  383795    6.2733878e+02   0.000000e+00   9.624043e+05   3091s
  384355    6.2729146e+02   0.000000e+00   7.122414e+05   3096s
  384795    6.2725612e+02   0.000000e+00   1.046990e+07   3100s
  385337    6.2722132e+02   0.000000e+00   6.829127e+05   3105s
  385927    6.2719430e+02   0.000000e+00   4.129122e+05   3111s
  386377    6.2716678e+02   0.000000e+00   8.699743e+05   3115s
  386927    6.2713088e+02   0.000000e+00   7.196738e+05   3121s
  387467    6.2710156e+02   0.000000e+00   3.593798e+05   3126s
  387897    6.2707502e+02   0.000000e+00   5.662732e+05   3130s
  388477    6.2704256e+02   0.000000e+00   1.623101e+06   3136s
  388937    6.2701798e+02   0.000000e+00   6.985721e+05   3140s
  389477    6.2698275e+02   0.000000e+00   3.525475e+05   3145s
  390057    6.2692969e+02   0.000000e+00   2.344022e+05   3151s
  390507    6.2690266e+02   0.000000e+00   3.404505e+05   3155s
  391087    6.2686921e+02   0.000000e+00   5.929195e+05   3161s
  391657    6.2683288e+02   0.000000e+00   2.485501e+05   3166s
  392207    6.2679631e+02   0.000000e+00   4.061481e+05   3171s
  392657    6.2677921e+02   0.000000e+00   1.184018e+05   3175s
  393227    6.2675183e+02   0.000000e+00   2.284209e+05   3180s
  393797    6.2671070e+02   0.000000e+00   7.306615e+05   3185s
  394373    6.2667821e+02   0.000000e+00   1.135144e+05   3191s
  394909    6.2665407e+02   0.000000e+00   4.165836e+05   3196s
  395479    6.2662240e+02   0.000000e+00   2.239596e+06   3201s
  395919    6.2659813e+02   0.000000e+00   1.755744e+05   3205s
  396509    6.2656679e+02   0.000000e+00   1.056568e+05   3210s
  397069    6.2652965e+02   0.000000e+00   1.755336e+05   3215s
  397629    6.2650214e+02   0.000000e+00   9.902338e+04   3221s
  398089    6.2648185e+02   0.000000e+00   8.153278e+05   3225s
  398649    6.2645544e+02   0.000000e+00   2.166298e+05   3231s
  399209    6.2643528e+02   0.000000e+00   3.108199e+05   3236s
  399669    6.2641980e+02   0.000000e+00   1.698302e+06   3241s
  400159    6.2640208e+02   0.000000e+00   4.992978e+05   3245s
  400719    6.2637169e+02   0.000000e+00   3.262057e+05   3251s
  401169    6.2635017e+02   0.000000e+00   8.003043e+05   3255s
  401761    6.2632130e+02   0.000000e+00   1.560373e+06   3261s
  402261    6.2630080e+02   0.000000e+00   2.093903e+05   3266s
  402821    6.2627115e+02   0.000000e+00   5.648179e+05   3271s
  403281    6.2625487e+02   0.000000e+00   3.011217e+05   3275s
  403851    6.2623277e+02   0.000000e+00   3.748901e+05   3280s
  404431    6.2621425e+02   0.000000e+00   2.024769e+05   3286s
  404913    6.2620016e+02   0.000000e+00   3.019626e+05   3290s
  405413    6.2618158e+02   0.000000e+00   1.051737e+06   3295s
  406035    6.2616320e+02   0.000000e+00   1.943622e+05   3301s
  406515    6.2614780e+02   0.000000e+00   2.161209e+05   3306s
  406975    6.2613634e+02   0.000000e+00   2.651347e+05   3310s
  407565    6.2611438e+02   0.000000e+00   8.012079e+05   3316s
  408101    6.2609004e+02   0.000000e+00   1.467507e+05   3321s
  408579    6.2607402e+02   0.000000e+00   2.841475e+05   3325s
  409187    6.2604919e+02   0.000000e+00   2.107523e+05   3331s
  409689    6.2602915e+02   0.000000e+00   2.799002e+06   3336s
  410177    6.2601264e+02   0.000000e+00   1.557546e+05   3341s
  410677    6.2599771e+02   0.000000e+00   6.151253e+05   3346s
  411259    6.2597765e+02   0.000000e+00   1.533293e+05   3351s
  411711    6.2595743e+02   0.000000e+00   1.402412e+05   3355s
  412369    6.2593632e+02   0.000000e+00   5.291162e+05   3361s
  412835    6.2591642e+02   0.000000e+00   1.155479e+05   3365s
  413423    6.2589494e+02   0.000000e+00   2.830190e+05   3371s
  413869    6.2588049e+02   0.000000e+00   2.813644e+05   3375s
  414587    6.2585898e+02   0.000000e+00   2.274525e+05   3382s
  414959    6.2584967e+02   0.000000e+00   2.976828e+05   3386s
  415481    6.2582372e+02   0.000000e+00   4.621329e+05   3390s
  416043    6.2580337e+02   0.000000e+00   2.458227e+05   3395s
  416673    6.2578144e+02   0.000000e+00   6.032192e+05   3401s
  417165    6.2575870e+02   0.000000e+00   5.591925e+05   3405s
  417725    6.2573175e+02   0.000000e+00   6.378557e+05   3411s
  418247    6.2571205e+02   0.000000e+00   3.501051e+05   3415s
  418779    6.2569348e+02   0.000000e+00   4.204767e+05   3420s
  419491    6.2566924e+02   0.000000e+00   3.089026e+05   3427s
  419967    6.2565376e+02   0.000000e+00   7.153117e+05   3431s
  420533    6.2563749e+02   0.000000e+00   1.075448e+06   3436s
  420963    6.2562515e+02   0.000000e+00   3.747296e+05   3440s
  421541    6.2560468e+02   0.000000e+00   6.126196e+06   3445s
  422127    6.2558266e+02   0.000000e+00   1.060311e+06   3451s
  422607    6.2556438e+02   0.000000e+00   2.451955e+05   3455s
  423127    6.2554605e+02   0.000000e+00   1.949883e+05   3460s
  423777    6.2552065e+02   0.000000e+00   2.128319e+05   3466s
  424287    6.2550282e+02   0.000000e+00   3.679703e+05   3471s
  424789    6.2548739e+02   0.000000e+00   6.863990e+06   3475s
  425359    6.2547277e+02   0.000000e+00   1.119941e+05   3480s
  425875    6.2545939e+02   0.000000e+00   6.278682e+05   3485s
  426533    6.2544264e+02   0.000000e+00   7.570626e+05   3491s
  427075    6.2542763e+02   0.000000e+00   5.941219e+05   3496s
  427637    6.2541091e+02   0.000000e+00   2.463542e+05   3501s
  428053    6.2539634e+02   0.000000e+00   2.913561e+06   3505s
  428645    6.2537856e+02   0.000000e+00   5.260399e+05   3511s
  429125    6.2536102e+02   0.000000e+00   9.234233e+04   3515s
  429763    6.2534515e+02   0.000000e+00   6.690582e+05   3521s
  430223    6.2533422e+02   0.000000e+00   2.028410e+05   3525s
  430723    6.2532426e+02   0.000000e+00   8.941964e+04   3530s
  431243    6.2531135e+02   0.000000e+00   9.472764e+05   3535s
  431763    6.2528853e+02   0.000000e+00   4.789310e+05   3540s
  432359    6.2526553e+02   0.000000e+00   5.126713e+05   3546s
  432857    6.2525115e+02   0.000000e+00   1.518067e+06   3550s
  433395    6.2523772e+02   0.000000e+00   3.397181e+06   3555s
  434031    6.2522144e+02   0.000000e+00   1.330659e+05   3561s
  434487    6.2520900e+02   0.000000e+00   9.763198e+05   3565s
  435023    6.2519429e+02   0.000000e+00   4.637357e+05   3571s
  435563    6.2517636e+02   0.000000e+00   1.953749e+05   3575s
  436049    6.2516074e+02   0.000000e+00   9.828466e+05   3580s
  436685    6.2514247e+02   0.000000e+00   1.533881e+06   3586s
  437221    6.2513069e+02   0.000000e+00   1.329526e+05   3591s
  437651    6.2512299e+02   0.000000e+00   4.735939e+05   3595s
  438161    6.2511230e+02   0.000000e+00   1.245096e+06   3600s
  438797    6.2509917e+02   0.000000e+00   2.076426e+05   3606s
  439207    6.2508897e+02   0.000000e+00   1.664001e+05   3610s
  439707    6.2507667e+02   0.000000e+00   2.150640e+05   3615s
  440217    6.2506254e+02   0.000000e+00   3.080074e+05   3620s
  440783    6.2505043e+02   0.000000e+00   1.265733e+05   3625s
  441333    6.2503974e+02   0.000000e+00   1.955546e+05   3630s
  441843    6.2503156e+02   0.000000e+00   1.451055e+05   3635s
  442485    6.2502092e+02   0.000000e+00   5.586139e+04   3641s
  443027    6.2500705e+02   0.000000e+00   1.490445e+05   3646s
  443503    6.2499646e+02   0.000000e+00   3.207490e+05   3650s
  444075    6.2498338e+02   0.000000e+00   2.050989e+05   3655s
  444695    6.2496701e+02   0.000000e+00   1.899559e+06   3661s
  445217    6.2495148e+02   0.000000e+00   8.277480e+05   3665s
  445867    6.2493604e+02   0.000000e+00   7.047554e+04   3671s
  446307    6.2492653e+02   0.000000e+00   1.338612e+07   3675s
  446927    6.2491140e+02   0.000000e+00   2.085234e+05   3681s
  447437    6.2490330e+02   0.000000e+00   3.568067e+05   3686s
  447947    6.2489304e+02   0.000000e+00   8.266569e+04   3690s
  448547    6.2488087e+02   0.000000e+00   6.136866e+05   3696s
  449113    6.2486957e+02   0.000000e+00   3.967085e+05   3701s
  449635    6.2485720e+02   0.000000e+00   1.724241e+05   3706s
  450155    6.2484888e+02   0.000000e+00   9.992280e+04   3710s
  450665    6.2483763e+02   0.000000e+00   1.824815e+05   3715s
  451309    6.2482503e+02   0.000000e+00   6.513113e+05   3721s
  451909    6.2481212e+02   0.000000e+00   1.098722e+05   3726s
  452495    6.2479940e+02   0.000000e+00   9.640940e+05   3731s
  452975    6.2478499e+02   0.000000e+00   1.254906e+05   3735s
  453495    6.2477247e+02   0.000000e+00   1.614213e+05   3740s
  454105    6.2475699e+02   0.000000e+00   1.212976e+05   3745s
  454645    6.2474632e+02   0.000000e+00   1.124430e+05   3750s
  455211    6.2472789e+02   0.000000e+00   3.127970e+05   3755s
  455893    6.2471292e+02   0.000000e+00   3.502126e+05   3761s
  456323    6.2470217e+02   0.000000e+00   4.379642e+05   3765s
  456873    6.2468801e+02   0.000000e+00   1.936438e+05   3770s
  457393    6.2467581e+02   0.000000e+00   2.650962e+05   3775s
  457973    6.2465892e+02   0.000000e+00   4.998603e+04   3780s
  458579    6.2464386e+02   0.000000e+00   3.548673e+06   3786s
  459109    6.2463084e+02   0.000000e+00   1.148244e+05   3790s
  459649    6.2461858e+02   0.000000e+00   1.596923e+05   3795s
  460279    6.2460366e+02   0.000000e+00   8.480762e+04   3801s
  460829    6.2458864e+02   0.000000e+00   1.759210e+05   3806s
  461399    6.2457637e+02   0.000000e+00   5.571382e+05   3811s
  461865    6.2456717e+02   0.000000e+00   1.825278e+06   3815s
  462445    6.2455525e+02   0.000000e+00   5.922459e+05   3820s
  463035    6.2454467e+02   0.000000e+00   5.819039e+05   3826s
  463545    6.2453514e+02   0.000000e+00   1.039718e+05   3830s
  464055    6.2452724e+02   0.000000e+00   6.869980e+04   3835s
  464649    6.2451805e+02   0.000000e+00   1.670790e+05   3840s
  465259    6.2450946e+02   0.000000e+00   1.217319e+05   3846s
  465769    6.2450333e+02   0.000000e+00   2.394642e+05   3851s
  466269    6.2449422e+02   0.000000e+00   3.427494e+05   3855s
  466789    6.2448488e+02   0.000000e+00   1.748400e+05   3860s
  467341    6.2447613e+02   0.000000e+00   8.697322e+04   3865s
  467897    6.2446506e+02   0.000000e+00   9.639779e+04   3870s
  468507    6.2445404e+02   0.000000e+00   3.975570e+05   3876s
  469003    6.2444704e+02   0.000000e+00   3.164806e+05   3880s
  469569    6.2443916e+02   0.000000e+00   1.703939e+05   3885s
  470117    6.2443068e+02   0.000000e+00   1.004950e+05   3890s
  470693    6.2441986e+02   0.000000e+00   2.043095e+05   3895s
  471289    6.2440786e+02   0.000000e+00   6.372610e+05   3901s
  471779    6.2439513e+02   0.000000e+00   1.676103e+05   3906s
  472275    6.2438510e+02   0.000000e+00   1.736397e+05   3910s
  472805    6.2437634e+02   0.000000e+00   5.878864e+04   3915s
  473305    6.2436717e+02   0.000000e+00   9.944876e+04   3920s
  473825    6.2435724e+02   0.000000e+00   4.418941e+05   3925s
  474371    6.2434418e+02   0.000000e+00   1.485248e+05   3930s
  474941    6.2433452e+02   0.000000e+00   5.289528e+04   3935s
  475571    6.2432339e+02   0.000000e+00   1.139092e+06   3941s
  476075    6.2431181e+02   0.000000e+00   6.134711e+04   3945s
  476717    6.2429910e+02   0.000000e+00   9.040677e+04   3951s
  477309    6.2428332e+02   0.000000e+00   1.325768e+05   3956s
  477797    6.2427320e+02   0.000000e+00   2.804140e+05   3960s
  478379    6.2426191e+02   0.000000e+00   8.028525e+04   3965s
  478993    6.2424755e+02   0.000000e+00   2.355869e+05   3971s
  479469    6.2423705e+02   0.000000e+00   1.887715e+05   3975s
  480063    6.2422518e+02   0.000000e+00   3.079765e+05   3980s
  480651    6.2420900e+02   0.000000e+00   3.918514e+05   3986s
  481183    6.2419702e+02   0.000000e+00   3.073196e+04   3990s
  481785    6.2418567e+02   0.000000e+00   8.398541e+05   3995s
  482343    6.2417667e+02   0.000000e+00   9.342587e+04   4001s
  482881    6.2416485e+02   0.000000e+00   5.620629e+04   4005s
  483429    6.2415246e+02   0.000000e+00   6.351381e+04   4010s
  484067    6.2414021e+02   0.000000e+00   1.954745e+05   4015s
  484683    6.2412802e+02   0.000000e+00   2.181339e+05   4021s
  485129    6.2412261e+02   0.000000e+00   2.920031e+05   4025s
  485813    6.2411356e+02   0.000000e+00   1.653189e+05   4031s
  486405    6.2410484e+02   0.000000e+00   6.698144e+04   4036s
  486865    6.2409490e+02   0.000000e+00   5.749450e+05   4041s
  487375    6.2408177e+02   0.000000e+00   2.717706e+04   4045s
  487941    6.2407329e+02   0.000000e+00   2.870590e+05   4050s
  488521    6.2406621e+02   0.000000e+00   2.157539e+05   4056s
  489051    6.2405662e+02   0.000000e+00   1.117596e+05   4060s
  489593    6.2404912e+02   0.000000e+00   1.080243e+05   4065s
  490233    6.2403741e+02   0.000000e+00   1.364793e+05   4071s
  490723    6.2402958e+02   0.000000e+00   1.334666e+05   4075s
  491359    6.2401759e+02   0.000000e+00   2.067948e+06   4081s
  491889    6.2400669e+02   0.000000e+00   1.072697e+05   4086s
  492309    6.2400205e+02   0.000000e+00   3.441792e+05   4090s
  492881    6.2399573e+02   0.000000e+00   1.612593e+05   4095s
  493441    6.2398979e+02   0.000000e+00   4.675440e+04   4101s
  493951    6.2398508e+02   0.000000e+00   2.599454e+05   4106s
  494433    6.2398002e+02   0.000000e+00   4.259996e+04   4110s
  495023    6.2397176e+02   0.000000e+00   1.519623e+05   4115s
  495553    6.2396434e+02   0.000000e+00   1.243652e+05   4120s
  496083    6.2395637e+02   0.000000e+00   3.366600e+05   4125s
  496633    6.2394548e+02   0.000000e+00   1.401166e+05   4130s
  497239    6.2393487e+02   0.000000e+00   4.986164e+04   4136s
  497765    6.2392822e+02   0.000000e+00   1.920732e+05   4140s
  498355    6.2392032e+02   0.000000e+00   9.681811e+05   4146s
  498895    6.2391054e+02   0.000000e+00   8.102413e+05   4151s
  499455    6.2390237e+02   0.000000e+00   8.758121e+04   4156s
  499975    6.2389662e+02   0.000000e+00   5.954148e+04   4160s
  500535    6.2388905e+02   0.000000e+00   1.433459e+05   4166s
  501081    6.2388140e+02   0.000000e+00   1.029304e+05   4171s
  501619    6.2387473e+02   0.000000e+00   4.373537e+04   4175s
  502185    6.2386743e+02   0.000000e+00   1.057772e+05   4180s
  502745    6.2386110e+02   0.000000e+00   2.197094e+05   4185s
  503255    6.2385521e+02   0.000000e+00   2.178557e+05   4190s
  503867    6.2384800e+02   0.000000e+00   2.762496e+05   4195s
  504407    6.2384228e+02   0.000000e+00   4.485328e+04   4200s
  504959    6.2383872e+02   0.000000e+00   9.124045e+04   4205s
  505539    6.2383538e+02   0.000000e+00   4.312728e+05   4211s
  505999    6.2383277e+02   0.000000e+00   9.889059e+04   4215s
  506529    6.2382846e+02   0.000000e+00   5.198020e+04   4220s
  507089    6.2382486e+02   0.000000e+00   6.469501e+04   4225s
  507619    6.2382149e+02   0.000000e+00   1.419644e+04   4231s
  508159    6.2381758e+02   0.000000e+00   1.639858e+05   4236s
  508719    6.2381294e+02   0.000000e+00   6.205608e+04   4241s
  509259    6.2380843e+02   0.000000e+00   7.820755e+04   4246s
  509809    6.2380357e+02   0.000000e+00   8.728436e+05   4251s
  510391    6.2379723e+02   0.000000e+00   3.578674e+04   4256s
  510941    6.2379218e+02   0.000000e+00   5.240967e+04   4261s
  511461    6.2378698e+02   0.000000e+00   4.584128e+05   4266s
  511961    6.2378284e+02   0.000000e+00   6.861814e+04   4270s
  512491    6.2377810e+02   0.000000e+00   7.183405e+04   4275s
  513111    6.2377341e+02   0.000000e+00   1.212804e+05   4281s
  513653    6.2376870e+02   0.000000e+00   3.714085e+04   4286s
  514143    6.2376467e+02   0.000000e+00   1.548762e+05   4290s
  514703    6.2375958e+02   0.000000e+00   8.517426e+04   4295s
  515233    6.2375397e+02   0.000000e+00   4.900935e+04   4300s
  515873    6.2374583e+02   0.000000e+00   7.606401e+04   4306s
  516403    6.2374260e+02   0.000000e+00   5.488624e+04   4311s
  516943    6.2373847e+02   0.000000e+00   3.634825e+04   4315s
  517473    6.2373435e+02   0.000000e+00   2.500285e+04   4320s
  518093    6.2373034e+02   0.000000e+00   8.890606e+04   4326s
  518653    6.2372495e+02   0.000000e+00   7.524497e+04   4331s
  519149    6.2371872e+02   0.000000e+00   8.909882e+04   4335s
  519669    6.2371513e+02   0.000000e+00   2.953848e+04   4340s
  520299    6.2370997e+02   0.000000e+00   3.442103e+04   4346s
  520801    6.2370745e+02   0.000000e+00   6.714421e+04   4350s
  521331    6.2370367e+02   0.000000e+00   1.612293e+05   4355s
  521871    6.2369929e+02   0.000000e+00   1.081663e+05   4360s
  522411    6.2369560e+02   0.000000e+00   3.772121e+04   4365s
  522997    6.2369118e+02   0.000000e+00   2.836058e+06   4371s
  523539    6.2368429e+02   0.000000e+00   2.502605e+05   4375s
  524197    6.2367613e+02   0.000000e+00   6.593103e+04   4381s
  524669    6.2367173e+02   0.000000e+00   3.708511e+04   4385s
  525329    6.2366362e+02   0.000000e+00   3.555526e+04   4391s
  525879    6.2365439e+02   0.000000e+00   5.340783e+05   4396s
  526459    6.2363510e+02   0.000000e+00   9.372832e+05   4401s
  527029    6.2357603e+02   0.000000e+00   1.008828e+06   4405s
  527529    6.2356983e+02   0.000000e+00   1.421163e+05   4410s
  528099    6.2356226e+02   0.000000e+00   3.568621e+04   4416s
  528629    6.2355504e+02   0.000000e+00   1.424607e+05   4421s
  529089    6.2354957e+02   0.000000e+00   5.801342e+05   4425s
  529659    6.2354232e+02   0.000000e+00   3.786796e+05   4431s
  530179    6.2353358e+02   0.000000e+00   1.415512e+05   4436s
  530729    6.2352508e+02   0.000000e+00   4.681080e+04   4441s
  531309    6.2351641e+02   0.000000e+00   5.885285e+05   4446s
  531749    6.2350926e+02   0.000000e+00   3.798801e+05   4450s
  532299    6.2350257e+02   0.000000e+00   6.285651e+04   4455s
  532869    6.2349467e+02   0.000000e+00   6.346412e+04   4460s
  533431    6.2348468e+02   0.000000e+00   1.646951e+05   4465s
  534051    6.2347834e+02   0.000000e+00   9.712450e+04   4471s
  534511    6.2347387e+02   0.000000e+00   6.781415e+04   4475s
  535053    6.2346853e+02   0.000000e+00   6.848983e+04   4480s
  535599    6.2346367e+02   0.000000e+00   7.307809e+04   4485s
  536071    6.2345682e+02   0.000000e+00   1.499824e+05   4490s
  536701    6.2344866e+02   0.000000e+00   1.595324e+05   4496s
  537281    6.2344153e+02   0.000000e+00   2.528002e+05   4501s
  537823    6.2343562e+02   0.000000e+00   1.118186e+05   4506s
  538339    6.2342943e+02   0.000000e+00   2.365349e+04   4511s
  538855    6.2342365e+02   0.000000e+00   1.679553e+05   4515s
  539517    6.2341690e+02   0.000000e+00   1.453417e+04   4521s
  539957    6.2341372e+02   0.000000e+00   4.543283e+04   4525s
  540569    6.2340648e+02   0.000000e+00   3.924762e+05   4531s
  541195    6.2339979e+02   0.000000e+00   3.620131e+04   4536s
  541667    6.2339406e+02   0.000000e+00   4.309832e+05   4540s
  542267    6.2338704e+02   0.000000e+00   4.490115e+04   4546s
  542823    6.2338028e+02   0.000000e+00   4.419475e+04   4551s
  543353    6.2337359e+02   0.000000e+00   7.019459e+04   4556s
  543913    6.2336806e+02   0.000000e+00   3.301064e+04   4561s
  544493    6.2336337e+02   0.000000e+00   4.075122e+04   4566s
  544953    6.2335818e+02   0.000000e+00   3.829792e+04   4570s
  545565    6.2335323e+02   0.000000e+00   4.544824e+04   4576s
  546061    6.2334976e+02   0.000000e+00   7.776839e+04   4581s
  546657    6.2334516e+02   0.000000e+00   4.168063e+05   4586s
  547077    6.2334235e+02   0.000000e+00   1.739898e+05   4590s
  547609    6.2333970e+02   0.000000e+00   4.650890e+04   4596s
  548059    6.2333675e+02   0.000000e+00   4.076385e+04   4600s
  548581    6.2333367e+02   0.000000e+00   2.137802e+04   4605s
  549181    6.2333097e+02   0.000000e+00   3.293128e+04   4611s
  549641    6.2332795e+02   0.000000e+00   4.843866e+04   4615s
  550191    6.2332508e+02   0.000000e+00   3.277869e+05   4620s
  550721    6.2332179e+02   0.000000e+00   7.670176e+04   4625s
  551251    6.2331796e+02   0.000000e+00   7.902095e+04   4630s
  551833    6.2331354e+02   0.000000e+00   1.815800e+05   4636s
  552313    6.2331025e+02   0.000000e+00   7.483079e+04   4640s
  552853    6.2330709e+02   0.000000e+00   1.861151e+05   4645s
  553439    6.2330408e+02   0.000000e+00   5.920633e+04   4650s
  553965    6.2330118e+02   0.000000e+00   8.429833e+04   4655s
  554525    6.2329903e+02   0.000000e+00   7.794373e+04   4660s
  555139    6.2329660e+02   0.000000e+00   4.465638e+04   4666s
  555669    6.2329458e+02   0.000000e+00   4.750502e+04   4671s
  556139    6.2329306e+02   0.000000e+00   2.240802e+04   4675s
  556703    6.2329117e+02   0.000000e+00   7.246484e+04   4681s
  557291    6.2328919e+02   0.000000e+00   3.836188e+04   4686s
  557759    6.2328716e+02   0.000000e+00   2.244657e+04   4690s
  558383    6.2328462e+02   0.000000e+00   6.291992e+04   4696s
  558909    6.2328260e+02   0.000000e+00   8.095289e+04   4701s
  559415    6.2328079e+02   0.000000e+00   4.521657e+04   4705s
  560015    6.2327790e+02   0.000000e+00   1.220169e+04   4711s
  560445    6.2327601e+02   0.000000e+00   3.195687e+04   4715s
  561067    6.2327325e+02   0.000000e+00   2.816973e+05   4721s
  561607    6.2327092e+02   0.000000e+00   1.165523e+05   4726s
  562213    6.2326778e+02   0.000000e+00   6.738341e+04   4731s
  562745    6.2326549e+02   0.000000e+00   7.907587e+04   4736s
  563213    6.2326358e+02   0.000000e+00   6.903344e+04   4740s
  563845    6.2326150e+02   0.000000e+00   6.708772e+04   4746s
  564387    6.2325937e+02   0.000000e+00   9.281600e+04   4751s
  564837    6.2325738e+02   0.000000e+00   4.214830e+04   4755s
  565473    6.2325399e+02   0.000000e+00   6.269609e+04   4761s
  565951    6.2325218e+02   0.000000e+00   1.208236e+05   4765s
  566471    6.2324992e+02   0.000000e+00   1.642782e+05   4770s
  567051    6.2324672e+02   0.000000e+00   6.810376e+04   4775s
  567621    6.2324212e+02   0.000000e+00   2.047890e+05   4780s
  568147    6.2323772e+02   0.000000e+00   5.284278e+04   4785s
  568775    6.2323258e+02   0.000000e+00   4.188098e+04   4791s
  569297    6.2322847e+02   0.000000e+00   1.719855e+04   4796s
  569855    6.2322522e+02   0.000000e+00   1.551917e+05   4801s
  570401    6.2322170e+02   0.000000e+00   8.802427e+04   4806s
  570931    6.2321825e+02   0.000000e+00   9.771545e+04   4811s
  571481    6.2321360e+02   0.000000e+00   1.699599e+05   4816s
  572011    6.2320958e+02   0.000000e+00   3.591034e+04   4820s
  572581    6.2320543e+02   0.000000e+00   3.175680e+04   4826s
  573141    6.2320135e+02   0.000000e+00   1.328392e+05   4831s
  573681    6.2319732e+02   0.000000e+00   7.848840e+05   4836s
  574253    6.2319312e+02   0.000000e+00   5.454746e+05   4841s
  574723    6.2319008e+02   0.000000e+00   9.900005e+04   4845s
  575333    6.2318569e+02   0.000000e+00   1.791310e+05   4851s
  575893    6.2318229e+02   0.000000e+00   8.790960e+04   4856s
  576325    6.2317974e+02   0.000000e+00   3.307935e+06   4860s
  576961    6.2317535e+02   0.000000e+00   3.666271e+04   4866s
  577397    6.2317386e+02   0.000000e+00   3.024647e+04   4870s
  577939    6.2317152e+02   0.000000e+00   2.630114e+05   4875s
  578439    6.2316924e+02   0.000000e+00   1.515481e+05   4880s
  579029    6.2316507e+02   0.000000e+00   9.613048e+05   4886s
  579591    6.2316179e+02   0.000000e+00   8.743156e+04   4891s
  580147    6.2315855e+02   0.000000e+00   3.131569e+04   4896s
  580729    6.2315567e+02   0.000000e+00   5.440209e+04   4901s
  581217    6.2315289e+02   0.000000e+00   6.871605e+04   4906s
  581709    6.2315075e+02   0.000000e+00   1.067135e+05   4910s
  582339    6.2314814e+02   0.000000e+00   1.104099e+05   4916s
  582861    6.2314544e+02   0.000000e+00   2.864050e+04   4921s
  583433    6.2314342e+02   0.000000e+00   9.520435e+04   4926s
  583859    6.2314191e+02   0.000000e+00   8.557909e+04   4930s
  584381    6.2313966e+02   0.000000e+00   2.510032e+04   4935s
  585037    6.2313708e+02   0.000000e+00   7.746301e+04   4941s
  585477    6.2313544e+02   0.000000e+00   1.420852e+04   4945s
  586019    6.2313325e+02   0.000000e+00   1.012201e+05   4950s
  586541    6.2313149e+02   0.000000e+00   7.809765e+05   4955s
  587269    6.2312921e+02   0.000000e+00   2.651558e+04   4962s
  587785    6.2312765e+02   0.000000e+00   4.526899e+04   4966s
  588217    6.2312651e+02   0.000000e+00   2.098824e+04   4970s
  588825    6.2312477e+02   0.000000e+00   1.022890e+05   4976s
  589313    6.2312369e+02   0.000000e+00   1.680304e+04   4981s
  589845    6.2312259e+02   0.000000e+00   2.347287e+04   4986s
  590343    6.2312137e+02   0.000000e+00   5.472074e+04   4990s
  590881    6.2311980e+02   0.000000e+00   1.717240e+04   4995s
  591471    6.2311827e+02   0.000000e+00   1.013485e+05   5001s
  591941    6.2311729e+02   0.000000e+00   1.586855e+04   5005s
  592493    6.2311614e+02   0.000000e+00   4.149055e+04   5010s
  593101    6.2311492e+02   0.000000e+00   2.852406e+05   5016s
  593597    6.2311426e+02   0.000000e+00   9.132350e+04   5021s
  594017    6.2311371e+02   0.000000e+00   2.565788e+04   5025s
  594567    6.2311279e+02   0.000000e+00   1.899950e+04   5030s
  595127    6.2311191e+02   0.000000e+00   5.580383e+04   5035s
  595697    6.2311073e+02   0.000000e+00   5.538202e+03   5040s
  596249    6.2310976e+02   0.000000e+00   4.937044e+04   5045s
  596839    6.2310862e+02   0.000000e+00   1.712249e+04   5051s
  597381    6.2310776e+02   0.000000e+00   4.627665e+04   5056s
  598089    6.2310629e+02   0.000000e+00   9.629899e+03   5062s
  598595    6.2310537e+02   0.000000e+00   1.867799e+04   5066s
  599155    6.2310400e+02   0.000000e+00   1.130621e+04   5071s
  599767    6.2310270e+02   0.000000e+00   8.992878e+03   5076s
  600183    6.2310204e+02   0.000000e+00   1.571841e+04   5080s
  600725    6.2310111e+02   0.000000e+00   5.631662e+04   5085s
  601277    6.2310020e+02   0.000000e+00   4.167458e+04   5090s
  601879    6.2309885e+02   0.000000e+00   1.632412e+05   5096s
  602459    6.2309781e+02   0.000000e+00   1.151519e+04   5101s
  602931    6.2309689e+02   0.000000e+00   1.848953e+04   5105s
  603561    6.2309492e+02   0.000000e+00   1.102785e+05   5111s
  604065    6.2309279e+02   0.000000e+00   1.101288e+06   5116s
  604569    6.2309144e+02   0.000000e+00   2.445281e+04   5120s
  605091    6.2308977e+02   0.000000e+00   1.571012e+04   5125s
  605709    6.2308786e+02   0.000000e+00   1.897132e+04   5131s
  606209    6.2308625e+02   0.000000e+00   3.486922e+04   5136s
  606717    6.2308467e+02   0.000000e+00   4.449284e+04   5140s
  607221    6.2308320e+02   0.000000e+00   1.816388e+04   5145s
  607869    6.2308182e+02   0.000000e+00   4.084608e+04   5151s
  608311    6.2308004e+02   0.000000e+00   2.390330e+05   5155s
  608843    6.2307832e+02   0.000000e+00   1.203853e+04   5160s
  609355    6.2307752e+02   0.000000e+00   9.231978e+03   5165s
  609985    6.2307605e+02   0.000000e+00   6.952826e+03   5171s
  610517    6.2307483e+02   0.000000e+00   6.420938e+04   5176s
  610985    6.2307377e+02   0.000000e+00   3.029050e+04   5180s
  611631    6.2307219e+02   0.000000e+00   7.466390e+03   5186s
  612135    6.2307098e+02   0.000000e+00   5.832062e+04   5191s
  612693    6.2306975e+02   0.000000e+00   1.077210e+04   5196s
  613171    6.2306866e+02   0.000000e+00   3.965758e+04   5200s
  613765    6.2306757e+02   0.000000e+00   2.477007e+04   5206s
  614389    6.2306648e+02   0.000000e+00   6.206030e+03   5211s
  614857    6.2306574e+02   0.000000e+00   1.781392e+04   5215s
  615515    6.2306479e+02   0.000000e+00   3.488498e+04   5221s
  616079    6.2306403e+02   0.000000e+00   2.130523e+04   5226s
  616667    6.2306325e+02   0.000000e+00   1.480488e+04   5231s
  617189    6.2306269e+02   0.000000e+00   3.346549e+04   5236s
  617695    6.2306202e+02   0.000000e+00   8.320174e+03   5241s
  618275    6.2306111e+02   0.000000e+00   4.267065e+04   5246s
  618807    6.2306033e+02   0.000000e+00   1.023357e+04   5250s
  619375    6.2305961e+02   0.000000e+00   6.970992e+03   5255s
  620023    6.2305858e+02   0.000000e+00   1.731064e+04   5261s
  620527    6.2305782e+02   0.000000e+00   1.325575e+04   5265s
  621143    6.2305680e+02   0.000000e+00   1.942297e+04   5270s
  621743    6.2305614e+02   0.000000e+00   4.498926e+03   5276s
  622319    6.2305562e+02   0.000000e+00   4.378720e+03   5281s
  622859    6.2305521e+02   0.000000e+00   5.650218e+03   5286s
  623449    6.2305476e+02   0.000000e+00   6.415440e+03   5291s
  623929    6.2305435e+02   0.000000e+00   8.443785e+03   5296s
  624461    6.2305392e+02   0.000000e+00   3.182873e+03   5300s
  624971    6.2305344e+02   0.000000e+00   2.127137e+04   5305s
  625571    6.2305296e+02   0.000000e+00   2.552116e+03   5310s
  626171    6.2305217e+02   0.000000e+00   1.542444e+04   5316s
  626711    6.2305157e+02   0.000000e+00   5.916793e+03   5321s
  627191    6.2305115e+02   0.000000e+00   1.914231e+04   5325s
  627763    6.2305074e+02   0.000000e+00   1.795408e+04   5330s
  628283    6.2305028e+02   0.000000e+00   2.125789e+03   5335s
  628981    6.2304956e+02   0.000000e+00   1.685358e+04   5342s
  629377    6.2304931e+02   0.000000e+00   2.284203e+03   5345s
  629977    6.2304885e+02   0.000000e+00   7.017394e+02   5351s
  630457    6.2304850e+02   0.000000e+00   2.151783e+03   5355s
  631047    6.2304816e+02   0.000000e+00   3.511913e+03   5361s
  631617    6.2304770e+02   0.000000e+00   2.319223e+03   5366s
  632087    6.2304738e+02   0.000000e+00   1.752453e+04   5370s
  632697    6.2304703e+02   0.000000e+00   4.082773e+03   5376s
  633193    6.2304665e+02   0.000000e+00   2.352202e+03   5380s
  633871    6.2304636e+02   0.000000e+00   3.242609e+03   5386s
  634331    6.2304610e+02   0.000000e+00   4.598973e+04   5390s
  634921    6.2304576e+02   0.000000e+00   4.854790e+03   5396s
  635481    6.2304559e+02   0.000000e+00   1.602059e+03   5401s
  636023    6.2304545e+02   0.000000e+00   2.932263e+03   5406s
  636533    6.2304532e+02   0.000000e+00   1.806028e+03   5411s
  637103    6.2304518e+02   0.000000e+00   6.439595e+03   5416s
  637585    6.2304488e+02   0.000000e+00   5.545670e+03   5420s
  638215    6.2304370e+02   0.000000e+00   1.500000e+04   5426s
  638707    6.2304291e+02   0.000000e+00   8.776662e+03   5431s
  639259    6.2304184e+02   0.000000e+00   2.385200e+04   5436s
  639849    6.2304076e+02   0.000000e+00   1.440920e+04   5441s
  640371    6.2303987e+02   0.000000e+00   2.738564e+04   5446s
  640923    6.2303892e+02   0.000000e+00   1.747014e+04   5451s
  641403    6.2303819e+02   0.000000e+00   1.568363e+04   5456s
  641889    6.2303644e+02   0.000000e+00   2.159933e+05   5460s
  642395    6.2303509e+02   0.000000e+00   4.298281e+03   5465s
  642875    6.2303462e+02   0.000000e+00   1.415077e+04   5470s
  643517    6.2303398e+02   0.000000e+00   8.409645e+03   5476s
  643993    6.2303345e+02   0.000000e+00   2.919210e+04   5481s
  644519    6.2303296e+02   0.000000e+00   2.780928e+04   5486s
  645019    6.2303252e+02   0.000000e+00   1.908295e+03   5490s
  645599    6.2303208e+02   0.000000e+00   1.065331e+04   5496s
  646069    6.2303181e+02   0.000000e+00   7.153860e+03   5500s
  646649    6.2303143e+02   0.000000e+00   3.315534e+03   5506s
  647129    6.2303109e+02   0.000000e+00   4.247701e+04   5510s
  647689    6.2303079e+02   0.000000e+00   1.751981e+03   5516s
  648159    6.2303046e+02   0.000000e+00   1.033486e+03   5520s
  648719    6.2303003e+02   0.000000e+00   2.965366e+04   5526s
  649209    6.2302968e+02   0.000000e+00   4.637130e+02   5530s
  649779    6.2302942e+02   0.000000e+00   1.815835e+03   5535s
  650351    6.2302912e+02   0.000000e+00   5.854057e+02   5540s
  650961    6.2302887e+02   0.000000e+00   3.360617e+03   5546s
  651441    6.2302869e+02   0.000000e+00   4.230552e+03   5550s
  652001    6.2302855e+02   0.000000e+00   3.202768e+02   5555s
  652543    6.2302836e+02   0.000000e+00   1.248695e+03   5560s
  653073    6.2302809e+02   0.000000e+00   5.400187e+03   5565s
  653663    6.2302754e+02   0.000000e+00   3.770736e+03   5571s
  654133    6.2302710e+02   0.000000e+00   1.985780e+03   5575s
  654723    6.2302647e+02   0.000000e+00   1.756255e+03   5581s
  655273    6.2302583e+02   0.000000e+00   5.232801e+04   5586s
  655743    6.2302529e+02   0.000000e+00   1.042895e+05   5591s
  656213    6.2302492e+02   0.000000e+00   8.614539e+04   5595s
  656783    6.2302432e+02   0.000000e+00   2.579854e+05   5601s
  657243    6.2302377e+02   0.000000e+00   1.584312e+04   5605s
  657849    6.2302322e+02   0.000000e+00   3.289535e+04   5611s
  658385    6.2302290e+02   0.000000e+00   4.278016e+03   5616s
  658865    6.2302249e+02   0.000000e+00   4.379228e+03   5620s
  659455    6.2302208e+02   0.000000e+00   3.547640e+03   5626s
  659935    6.2302177e+02   0.000000e+00   7.155706e+03   5631s
  660415    6.2302145e+02   0.000000e+00   1.101525e+04   5635s
  661025    6.2302089e+02   0.000000e+00   1.782382e+05   5641s
  661495    6.2302070e+02   0.000000e+00   2.824248e+03   5645s
  662085    6.2302047e+02   0.000000e+00   6.159123e+02   5651s
  662595    6.2302025e+02   0.000000e+00   1.634346e+03   5655s
  663215    6.2302005e+02   0.000000e+00   1.751099e+03   5661s
  663815    6.2301990e+02   0.000000e+00   9.010245e+02   5666s
  664285    6.2301981e+02   0.000000e+00   2.620114e+03   5670s
  664811    6.2301973e+02   0.000000e+00   1.182490e+02   5675s
  665409    6.2301968e+02   0.000000e+00   1.014037e+02   5680s
  665991    6.2301956e+02   0.000000e+00   9.367734e+02   5686s
  666443    6.2301944e+02   0.000000e+00   1.146420e+03   5690s
  667051    6.2301930e+02   0.000000e+00   1.032679e+03   5696s
  667555    6.2301922e+02   0.000000e+00   1.205933e+03   5700s
  668159    6.2301915e+02   0.000000e+00   3.448970e+02   5706s
  668637    6.2301910e+02   0.000000e+00   3.527399e+02   5710s
  669169    6.2301907e+02   0.000000e+00   3.246219e+01   5715s
  669800    6.2316772e+02   1.524999e+02   0.000000e+00   5721s
  670332    6.2316798e+02   6.460364e+01   0.000000e+00   5726s
  670852    6.2316815e+02   3.991665e+02   0.000000e+00   5731s
  671394    6.2316832e+02   3.358204e+02   0.000000e+00   5736s
  671906    6.2316879e+02   1.529700e+02   0.000000e+00   5741s
  672418    6.2316893e+02   3.057696e+02   0.000000e+00   5745s
  672940    6.2316911e+02   4.267946e+01   0.000000e+00   5750s
  673560    6.2316930e+02   7.358123e+02   0.000000e+00   5756s
  673986    6.2316939e+02   9.405066e+01   0.000000e+00   5760s
  674602    6.2316949e+02   2.615297e+02   0.000000e+00   5766s
  675094    6.2316957e+02   4.553084e+01   0.000000e+00   5771s
  675590    6.2316962e+02   4.338791e+02   0.000000e+00   5775s
  676096    6.2316965e+02   7.694345e+00   0.000000e+00   5780s
  676711    6.2316921e+02   0.000000e+00   7.584236e+02   5785s
  677251    6.2316915e+02   0.000000e+00   3.854862e+01   5791s
  677777    6.2316911e+02   0.000000e+00   2.255907e+02   5796s
  678263    6.2316910e+02   0.000000e+00   1.061552e+01   5801s
  678773    6.2316921e+02   3.818138e-01   0.000000e+00   5806s
  679152    6.2316921e+02   0.000000e+00   0.000000e+00   5809s
  679152    6.2316921e+02   0.000000e+00   0.000000e+00   5809s
Concurrent spin time: 73.72s

Solved with primal simplex

Root relaxation: objective 6.231692e+02, 679152 iterations, 5880.67 seconds
Total elapsed time = 5906.69s
Total elapsed time = 5910.04s

    Nodes    |    Current Node    |     Objective Bounds      |     Work
 Expl Unexpl |  Obj  Depth IntInf | Incumbent    BestBd   Gap | It/Node Time

     0     0  623.16921    0 12221          -  623.16921      -     - 5913s
     0     0          -    0               -  623.16921      -     - 7200s

Cutting planes:
  Zero half: 1

Explored 1 nodes (879603 simplex iterations) in 7200.00 seconds
Thread count was 4 (of 4 available processors)

Solution count 0

Time limit reached
Best objective -, best bound 6.240000000000e+02, gap -

Unable to retrieve attribute 'X'

