Academic license - for non-commercial use only
Set parameter TimeLimit to value 7200

Gurobi Optimizer version 8.0.0 build v8.0.0rc0 (linux64)
Copyright (c) 2018, Gurobi Optimization, LLC

Read LP format model from file fernando/la07.lp
Reading time = 0.20 seconds
: 54965 rows, 105301 columns, 311145 nonzeros
Optimize a model with 54965 rows, 105301 columns and 311145 nonzeros
Variable types: 0 continuous, 105301 integer (105300 binary)
Coefficient statistics:
  Matrix range     [1e+00, 9e+02]
  Objective range  [1e+00, 1e+00]
  Bounds range     [1e+00, 1e+00]
  RHS range        [1e+00, 1e+00]
Presolve removed 10342 rows and 10422 columns
Presolve time: 1.33s
Presolved: 44623 rows, 94879 columns, 290588 nonzeros
Variable types: 0 continuous, 94879 integer (94878 binary)

Deterministic concurrent LP optimizer: primal and dual simplex
Showing first log only...

Presolve removed 70 rows and 70 columns
Presolved: 44553 rows, 94809 columns, 290448 nonzeros

Presolve removed 15 rows and 1 columns

Root simplex log...

Iteration    Objective       Primal Inf.    Dual Inf.      Time
    1334    0.0000000e+00   9.926267e+00   1.456295e+11      5s
    3374    0.0000000e+00   6.383513e+00   8.176912e+10     10s
    4964    0.0000000e+00   5.651373e+00   1.212930e+11     15s
    6584    0.0000000e+00   4.765839e+00   1.262394e+11     20s
    8124    0.0000000e+00   4.131495e+00   5.294377e+10     25s
    9644    0.0000000e+00   3.584113e+00   3.314059e+11     30s
   11024    0.0000000e+00   3.039605e+00   5.219467e+10     35s
   12534    0.0000000e+00   2.772237e+00   2.292137e+10     40s
   13934    0.0000000e+00   2.352853e+00   1.674576e+10     45s
   15314    0.0000000e+00   2.161870e+00   2.383707e+10     50s
   16644    0.0000000e+00   1.919851e+00   1.685260e+10     55s
   17994    0.0000000e+00   1.679993e+00   1.696074e+10     60s
   19364    0.0000000e+00   1.508257e+00   9.362202e+09     65s
   20604    0.0000000e+00   1.339133e+00   2.206749e+10     70s
   21814    0.0000000e+00   1.119735e+00   3.929193e+10     75s
   23074    0.0000000e+00   9.249987e-01   2.665189e+10     80s
   24254    0.0000000e+00   7.814279e-01   3.178864e+10     85s
   25464    0.0000000e+00   6.631866e-01   1.893072e+10     90s
   26694    0.0000000e+00   5.486127e-01   8.871568e+09     95s
   27944    0.0000000e+00   4.359524e-01   8.170812e+10    101s
   29084    0.0000000e+00   3.643494e-01   2.058797e+10    105s
   30284    0.0000000e+00   2.736066e-01   1.508866e+10    110s
   31344    0.0000000e+00   2.073179e-01   1.196090e+10    115s
   32524    0.0000000e+00   1.471508e-01   1.071167e+10    120s
   33664    0.0000000e+00   6.636079e-02   5.483011e+09    125s
   34784    0.0000000e+00   5.970796e-04   5.136928e+09    130s
   34897    4.1109900e+05   0.000000e+00   3.200000e+01    131s
   36239    8.2066230e+02   0.000000e+00   1.626228e+06    135s
   38025    7.8297169e+02   0.000000e+00   3.088696e+06    140s
   39591    7.6284605e+02   0.000000e+00   3.586295e+08    145s
   41323    7.4479152e+02   0.000000e+00   5.713363e+07    150s
   42895    7.3437152e+02   0.000000e+00   2.865837e+06    155s
   44479    7.2329396e+02   0.000000e+00   4.258720e+06    160s
   46087    7.1419115e+02   0.000000e+00   1.177876e+07    165s
   47699    7.0797160e+02   0.000000e+00   6.810599e+06    170s
   49063    6.9860237e+02   0.000000e+00   1.826778e+06    175s
   50427    6.9108343e+02   0.000000e+00   2.183359e+07    180s
   51667    6.8635867e+02   0.000000e+00   4.370224e+06    185s
   52821    6.8325417e+02   0.000000e+00   5.876035e+07    190s
   53649    6.7533735e+02   0.000000e+00   8.019177e+06    196s
   54381    6.6605989e+02   0.000000e+00   3.960883e+06    201s
   55001    6.6146580e+02   0.000000e+00   5.398664e+06    205s
   55719    6.5681733e+02   0.000000e+00   3.466014e+06    211s
   56309    6.5383140e+02   0.000000e+00   4.852281e+06    215s
   57035    6.5074912e+02   0.000000e+00   3.662744e+06    221s
   57655    6.4843755e+02   0.000000e+00   1.869329e+06    226s
   58227    6.4660625e+02   0.000000e+00   5.138960e+07    230s
   58795    6.4490826e+02   0.000000e+00   1.398173e+06    235s
   59405    6.4312476e+02   0.000000e+00   1.343917e+07    240s
   60055    6.4132976e+02   0.000000e+00   2.852836e+06    246s
   60575    6.3988810e+02   0.000000e+00   8.329443e+07    250s
   61185    6.3854898e+02   0.000000e+00   4.014538e+06    256s
   61869    6.3706480e+02   0.000000e+00   1.984121e+06    261s
   62339    6.3626113e+02   0.000000e+00   2.983848e+06    265s
   62989    6.3524047e+02   0.000000e+00   2.782367e+06    271s
   63509    6.3397059e+02   0.000000e+00   1.472503e+07    275s
   64089    6.3295079e+02   0.000000e+00   1.995579e+06    281s
   64659    6.3158517e+02   0.000000e+00   5.621393e+06    286s
   65129    6.3076754e+02   0.000000e+00   1.129237e+07    290s
   65699    6.2963678e+02   0.000000e+00   8.934805e+05    296s
   66269    6.2861088e+02   0.000000e+00   5.303092e+05    300s
   66819    6.2760197e+02   0.000000e+00   3.469149e+06    305s
   67419    6.2679474e+02   0.000000e+00   7.969338e+05    311s
   67993    6.2599737e+02   0.000000e+00   2.914731e+06    316s
   68543    6.2542114e+02   0.000000e+00   6.470763e+06    321s
   69093    6.2478304e+02   0.000000e+00   5.136874e+06    325s
   69633    6.2402406e+02   0.000000e+00   3.528720e+06    330s
   70233    6.2322016e+02   0.000000e+00   2.529269e+06    336s
   70773    6.2254055e+02   0.000000e+00   9.688988e+05    340s
   71313    6.2191980e+02   0.000000e+00   1.980198e+06    345s
   71973    6.2137751e+02   0.000000e+00   4.789298e+06    351s
   72463    6.2098752e+02   0.000000e+00   3.147760e+06    355s
   73083    6.2046205e+02   0.000000e+00   4.116727e+06    360s
   73733    6.1983984e+02   0.000000e+00   6.969136e+06    366s
   74313    6.1922629e+02   0.000000e+00   5.550113e+05    371s
   74873    6.1857407e+02   0.000000e+00   4.907434e+05    376s
   75353    6.1801516e+02   0.000000e+00   2.544327e+06    380s
   75973    6.1710959e+02   0.000000e+00   1.667437e+06    385s
   76553    6.1637195e+02   0.000000e+00   1.057099e+07    390s
   77153    6.1603180e+02   0.000000e+00   7.457771e+05    396s
   77753    6.1556439e+02   0.000000e+00   9.490479e+06    401s
   78253    6.1525307e+02   0.000000e+00   1.547087e+06    405s
   78867    6.1469604e+02   0.000000e+00   3.558538e+06    411s
   79347    6.1429516e+02   0.000000e+00   7.166428e+05    415s
   79947    6.1383821e+02   0.000000e+00   2.403875e+06    420s
   80627    6.1338826e+02   0.000000e+00   2.403676e+06    426s
   81111    6.1302625e+02   0.000000e+00   1.478710e+06    430s
   81721    6.1251294e+02   0.000000e+00   4.307285e+07    436s
   82201    6.1230204e+02   0.000000e+00   7.323967e+05    440s
   82851    6.1195112e+02   0.000000e+00   1.368085e+06    446s
   83351    6.1166726e+02   0.000000e+00   3.459528e+05    450s
   83951    6.1135254e+02   0.000000e+00   8.173724e+05    455s
   84551    6.1094260e+02   0.000000e+00   4.880167e+06    461s
   85161    6.1063565e+02   0.000000e+00   5.444127e+05    466s
   85761    6.1031072e+02   0.000000e+00   9.253722e+05    471s
   86351    6.1000904e+02   0.000000e+00   9.809904e+05    476s
   86821    6.0977857e+02   0.000000e+00   1.848429e+06    480s
   87381    6.0954839e+02   0.000000e+00   4.010769e+06    485s
   87961    6.0932697e+02   0.000000e+00   7.389136e+05    490s
   88561    6.0909944e+02   0.000000e+00   5.393819e+05    495s
   89211    6.0886725e+02   0.000000e+00   6.481523e+05    501s
   89711    6.0869273e+02   0.000000e+00   7.128072e+05    506s
   90251    6.0847953e+02   0.000000e+00   2.612389e+06    510s
   90871    6.0828452e+02   0.000000e+00   1.458925e+06    516s
   91375    6.0813335e+02   0.000000e+00   2.309540e+07    520s
   91979    6.0796297e+02   0.000000e+00   3.001319e+06    526s
   92519    6.0778707e+02   0.000000e+00   5.386855e+06    530s
   93133    6.0765847e+02   0.000000e+00   3.954946e+05    536s
   93713    6.0751647e+02   0.000000e+00   3.908791e+05    541s
   94287    6.0733605e+02   0.000000e+00   9.649998e+05    545s
   94817    6.0715994e+02   0.000000e+00   6.361661e+05    550s
   95477    6.0691310e+02   0.000000e+00   1.121698e+06    556s
   96017    6.0671508e+02   0.000000e+00   8.112712e+06    561s
   96527    6.0655153e+02   0.000000e+00   1.406361e+06    565s
   97117    6.0638473e+02   0.000000e+00   1.166466e+06    571s
   97637    6.0624368e+02   0.000000e+00   5.972551e+05    575s
   98147    6.0608959e+02   0.000000e+00   6.223482e+06    580s
   98721    6.0594079e+02   0.000000e+00   1.780449e+06    585s
   99291    6.0581953e+02   0.000000e+00   2.118830e+06    590s
   99925    6.0559463e+02   0.000000e+00   1.343054e+06    596s
  100435    6.0540902e+02   0.000000e+00   4.740500e+05    600s
  101055    6.0521420e+02   0.000000e+00   2.706608e+06    606s
  101535    6.0506367e+02   0.000000e+00   1.149032e+06    610s
  102189    6.0481969e+02   0.000000e+00   3.323351e+06    616s
  102649    6.0471034e+02   0.000000e+00   2.162302e+05    620s
  103209    6.0457347e+02   0.000000e+00   6.724448e+05    625s
  103819    6.0445631e+02   0.000000e+00   3.009591e+05    630s
  104419    6.0434575e+02   0.000000e+00   1.282000e+06    636s
  105043    6.0423712e+02   0.000000e+00   4.925136e+06    641s
  105513    6.0416728e+02   0.000000e+00   2.541130e+05    645s
  106163    6.0407531e+02   0.000000e+00   1.210862e+06    651s
  106693    6.0400110e+02   0.000000e+00   1.798866e+06    656s
  107203    6.0394688e+02   0.000000e+00   3.021997e+05    660s
  107813    6.0387830e+02   0.000000e+00   2.544714e+05    666s
  108317    6.0381812e+02   0.000000e+00   4.994241e+05    670s
  108875    6.0375913e+02   0.000000e+00   1.257157e+06    675s
  109495    6.0367569e+02   0.000000e+00   8.656244e+05    680s
  110115    6.0357999e+02   0.000000e+00   1.124748e+06    686s
  110595    6.0350205e+02   0.000000e+00   3.443146e+05    690s
  111225    6.0342547e+02   0.000000e+00   1.549738e+05    696s
  111735    6.0335737e+02   0.000000e+00   3.650186e+06    701s
  112255    6.0328338e+02   0.000000e+00   2.718965e+05    705s
  112785    6.0322789e+02   0.000000e+00   2.206755e+05    710s
  113423    6.0315715e+02   0.000000e+00   5.813978e+05    716s
  113933    6.0309943e+02   0.000000e+00   5.876429e+05    721s
  114513    6.0304722e+02   0.000000e+00   1.935803e+06    726s
  115023    6.0298638e+02   0.000000e+00   2.957197e+05    730s
  115553    6.0293974e+02   0.000000e+00   2.987734e+05    735s
  116183    6.0287525e+02   0.000000e+00   8.395321e+05    741s
  116683    6.0282666e+02   0.000000e+00   4.296202e+05    745s
  117193    6.0277401e+02   0.000000e+00   9.110103e+05    750s
  117823    6.0271101e+02   0.000000e+00   1.477899e+05    756s
  118393    6.0266407e+02   0.000000e+00   3.541215e+06    761s
  118913    6.0260657e+02   0.000000e+00   5.479978e+05    766s
  119473    6.0254954e+02   0.000000e+00   2.284823e+05    771s
  119993    6.0250509e+02   0.000000e+00   4.628885e+05    776s
  120503    6.0246308e+02   0.000000e+00   6.983358e+05    780s
  121133    6.0241144e+02   0.000000e+00   1.472642e+05    786s
  121663    6.0237591e+02   0.000000e+00   1.365351e+05    791s
  122203    6.0233016e+02   0.000000e+00   4.551244e+05    795s
  122793    6.0227256e+02   0.000000e+00   7.270996e+05    800s
  123333    6.0221888e+02   0.000000e+00   2.730522e+05    805s
  123963    6.0216368e+02   0.000000e+00   3.319040e+05    811s
  124463    6.0212581e+02   0.000000e+00   1.673075e+05    815s
  124973    6.0210052e+02   0.000000e+00   5.948792e+04    820s
  125593    6.0206581e+02   0.000000e+00   2.604514e+06    826s
  126123    6.0204355e+02   0.000000e+00   1.740173e+05    831s
  126643    6.0200999e+02   0.000000e+00   8.831718e+05    836s
  127163    6.0198002e+02   0.000000e+00   1.173073e+05    840s
  127703    6.0194702e+02   0.000000e+00   1.809644e+06    846s
  128243    6.0191688e+02   0.000000e+00   5.101529e+05    851s
  128763    6.0189600e+02   0.000000e+00   1.766755e+05    855s
  129283    6.0187132e+02   0.000000e+00   2.689142e+05    860s
  129803    6.0184180e+02   0.000000e+00   1.274793e+05    865s
  130343    6.0181596e+02   0.000000e+00   1.258740e+06    870s
  130873    6.0179030e+02   0.000000e+00   1.274593e+06    875s
  131503    6.0174766e+02   0.000000e+00   7.604818e+05    881s
  132013    6.0171383e+02   0.000000e+00   1.536427e+06    886s
  132513    6.0168179e+02   0.000000e+00   3.072857e+05    890s
  133033    6.0165379e+02   0.000000e+00   1.721084e+05    895s
  133663    6.0161979e+02   0.000000e+00   8.640751e+05    901s
  134213    6.0160010e+02   0.000000e+00   3.853820e+05    906s
  134773    6.0156232e+02   0.000000e+00   2.795396e+05    911s
  135193    6.0153073e+02   0.000000e+00   5.464194e+05    915s
  135823    6.0148416e+02   0.000000e+00   1.965968e+06    921s
  136283    6.0146140e+02   0.000000e+00   1.364866e+05    925s
  136901    6.0142384e+02   0.000000e+00   3.765542e+05    930s
  137481    6.0139348e+02   0.000000e+00   1.133277e+06    936s
  138041    6.0136427e+02   0.000000e+00   2.089302e+05    941s
  138641    6.0133606e+02   0.000000e+00   3.095723e+05    946s
  139091    6.0131164e+02   0.000000e+00   5.250839e+05    950s
  139661    6.0128265e+02   0.000000e+00   5.798049e+05    955s
  140221    6.0125234e+02   0.000000e+00   1.064371e+06    961s
  140681    6.0122766e+02   0.000000e+00   2.785810e+06    965s
  141261    6.0119081e+02   0.000000e+00   5.635698e+05    970s
  141811    6.0116279e+02   0.000000e+00   2.344741e+05    976s
  142281    6.0113334e+02   0.000000e+00   1.098241e+06    980s
  142871    6.0110246e+02   0.000000e+00   3.929393e+05    986s
  143331    6.0108075e+02   0.000000e+00   2.325423e+05    990s
  143921    6.0105837e+02   0.000000e+00   2.113126e+05    995s
  144411    6.0103182e+02   0.000000e+00   2.679962e+05   1000s
  144981    6.0099975e+02   0.000000e+00   1.626970e+05   1006s
  145451    6.0097990e+02   0.000000e+00   1.234122e+05   1010s
  146031    6.0095207e+02   0.000000e+00   4.858972e+05   1015s
  146611    6.0092668e+02   0.000000e+00   2.741492e+05   1021s
  147101    6.0090631e+02   0.000000e+00   1.283306e+05   1026s
  147681    6.0088804e+02   0.000000e+00   2.221194e+04   1031s
  148141    6.0086982e+02   0.000000e+00   4.501005e+05   1035s
  148739    6.0084368e+02   0.000000e+00   6.621539e+05   1041s
  149249    6.0081827e+02   0.000000e+00   3.038448e+05   1045s
  149839    6.0079409e+02   0.000000e+00   1.454200e+05   1051s
  150419    6.0077396e+02   0.000000e+00   1.001789e+05   1056s
  150899    6.0076014e+02   0.000000e+00   6.049764e+05   1060s
  151479    6.0073968e+02   0.000000e+00   6.048462e+05   1065s
  152049    6.0071996e+02   0.000000e+00   7.171569e+04   1071s
  152519    6.0070460e+02   0.000000e+00   1.772898e+05   1075s
  153099    6.0068695e+02   0.000000e+00   1.597908e+06   1081s
  153679    6.0066830e+02   0.000000e+00   5.209865e+05   1086s
  154159    6.0065420e+02   0.000000e+00   1.117599e+05   1090s
  154749    6.0063849e+02   0.000000e+00   1.215225e+05   1096s
  155337    6.0062085e+02   0.000000e+00   7.268638e+04   1101s
  155847    6.0060606e+02   0.000000e+00   6.498918e+04   1105s
  156397    6.0058853e+02   0.000000e+00   2.088469e+05   1110s
  156937    6.0057495e+02   0.000000e+00   6.062067e+05   1116s
  157417    6.0056557e+02   0.000000e+00   3.387518e+05   1120s
  158007    6.0055044e+02   0.000000e+00   8.139713e+05   1126s
  158547    6.0053059e+02   0.000000e+00   9.055483e+05   1131s
  159117    6.0050869e+02   0.000000e+00   1.206555e+05   1136s
  159547    6.0049156e+02   0.000000e+00   1.658990e+05   1140s
  160097    6.0047246e+02   0.000000e+00   2.649884e+05   1145s
  160647    6.0045890e+02   0.000000e+00   3.449630e+05   1151s
  161227    6.0044190e+02   0.000000e+00   3.577833e+05   1156s
  161777    6.0042663e+02   0.000000e+00   5.556551e+04   1161s
  162237    6.0041668e+02   0.000000e+00   9.083020e+05   1165s
  162797    6.0040442e+02   0.000000e+00   7.182368e+05   1171s
  163295    6.0039377e+02   0.000000e+00   3.213998e+05   1175s
  163895    6.0038233e+02   0.000000e+00   3.663804e+05   1181s
  164475    6.0037049e+02   0.000000e+00   2.949045e+05   1186s
  164935    6.0036078e+02   0.000000e+00   4.281490e+05   1190s
  165485    6.0035059e+02   0.000000e+00   3.269516e+04   1195s
  166035    6.0033833e+02   0.000000e+00   7.407066e+05   1201s
  166585    6.0032731e+02   0.000000e+00   3.740563e+05   1206s
  167025    6.0032041e+02   0.000000e+00   2.188294e+05   1210s
  167633    6.0031025e+02   0.000000e+00   4.617780e+04   1216s
  168073    6.0029682e+02   0.000000e+00   6.797269e+04   1220s
  168663    6.0028437e+02   0.000000e+00   2.548858e+05   1225s
  169243    6.0027119e+02   0.000000e+00   3.508557e+06   1231s
  169781    6.0025819e+02   0.000000e+00   6.985649e+04   1235s
  170411    6.0024628e+02   0.000000e+00   8.235696e+04   1241s
  170981    6.0023706e+02   0.000000e+00   6.253284e+04   1246s
  171451    6.0023008e+02   0.000000e+00   3.451926e+05   1250s
  172041    6.0021970e+02   0.000000e+00   5.284479e+04   1256s
  172631    6.0021151e+02   0.000000e+00   7.214603e+04   1261s
  173101    6.0020303e+02   0.000000e+00   6.432332e+04   1265s
  173711    6.0019346e+02   0.000000e+00   1.767567e+05   1271s
  174171    6.0018781e+02   0.000000e+00   1.743590e+06   1275s
  174741    6.0017949e+02   0.000000e+00   7.448704e+04   1280s
  175321    6.0017275e+02   0.000000e+00   2.481558e+04   1286s
  175861    6.0016792e+02   0.000000e+00   9.546943e+04   1291s
  176331    6.0016120e+02   0.000000e+00   3.932138e+04   1295s
  176891    6.0015194e+02   0.000000e+00   2.138098e+05   1301s
  177351    6.0014372e+02   0.000000e+00   5.421938e+04   1305s
  177911    6.0013454e+02   0.000000e+00   8.353571e+05   1310s
  178481    6.0012600e+02   0.000000e+00   8.514002e+04   1316s
  178911    6.0012228e+02   0.000000e+00   1.079783e+06   1320s
  179481    6.0011523e+02   0.000000e+00   8.650276e+04   1325s
  180061    6.0010706e+02   0.000000e+00   3.962375e+06   1331s
  180641    6.0009990e+02   0.000000e+00   1.714183e+05   1336s
  181101    6.0009471e+02   0.000000e+00   1.025905e+05   1340s
  181671    6.0008672e+02   0.000000e+00   9.010123e+04   1345s
  182251    6.0008004e+02   0.000000e+00   2.572122e+04   1351s
  182701    6.0007581e+02   0.000000e+00   9.180511e+04   1355s
  183281    6.0006958e+02   0.000000e+00   7.335662e+05   1360s
  183871    6.0006191e+02   0.000000e+00   1.501404e+05   1366s
  184341    6.0005675e+02   0.000000e+00   3.940726e+04   1370s
  184911    6.0005003e+02   0.000000e+00   8.323601e+04   1375s
  185491    6.0004335e+02   0.000000e+00   4.306195e+04   1380s
  186119    6.0003785e+02   0.000000e+00   2.022068e+06   1386s
  186589    6.0003379e+02   0.000000e+00   1.713593e+04   1391s
  187169    6.0002850e+02   0.000000e+00   1.780208e+04   1396s
  187639    6.0002439e+02   0.000000e+00   1.166985e+05   1400s
  188199    6.0001864e+02   0.000000e+00   7.858774e+05   1405s
  188739    6.0001367e+02   0.000000e+00   1.788247e+05   1411s
  189417    6.0000541e+02   0.000000e+00   2.080840e+06   1416s
  189897    5.9999931e+02   0.000000e+00   1.188700e+05   1421s
  190487    5.9999482e+02   0.000000e+00   4.275110e+04   1426s
  190947    5.9999207e+02   0.000000e+00   1.519501e+04   1430s
  191487    5.9998958e+02   0.000000e+00   1.143865e+05   1436s
  192067    5.9998651e+02   0.000000e+00   3.380144e+04   1441s
  192517    5.9998394e+02   0.000000e+00   1.138554e+04   1445s
  193057    5.9998031e+02   0.000000e+00   2.300059e+04   1450s
  193627    5.9997668e+02   0.000000e+00   6.453241e+03   1456s
  194087    5.9997451e+02   0.000000e+00   1.669598e+04   1460s
  194687    5.9997103e+02   0.000000e+00   1.298319e+05   1465s
  195277    5.9996811e+02   0.000000e+00   2.569903e+04   1471s
  195747    5.9996482e+02   0.000000e+00   4.906974e+04   1475s
  196297    5.9996139e+02   0.000000e+00   1.753453e+04   1480s
  196877    5.9995803e+02   0.000000e+00   1.488089e+05   1486s
  197347    5.9995501e+02   0.000000e+00   9.857535e+04   1490s
  197937    5.9995016e+02   0.000000e+00   9.788853e+03   1496s
  198547    5.9994674e+02   0.000000e+00   4.148993e+05   1501s
  199057    5.9994357e+02   0.000000e+00   1.802917e+04   1505s
  199617    5.9994079e+02   0.000000e+00   3.110120e+04   1511s
  200187    5.9993822e+02   0.000000e+00   8.117618e+04   1516s
  200645    5.9993646e+02   0.000000e+00   1.011323e+05   1520s
  201163    5.9993397e+02   0.000000e+00   2.717411e+04   1525s
  201791    5.9992950e+02   0.000000e+00   9.705639e+04   1531s
  202271    5.9992756e+02   0.000000e+00   1.868133e+05   1535s
  202841    5.9992469e+02   0.000000e+00   1.562503e+04   1541s
  203301    5.9992244e+02   0.000000e+00   5.537600e+04   1545s
  203891    5.9991977e+02   0.000000e+00   9.270617e+03   1551s
  204351    5.9991753e+02   0.000000e+00   1.636005e+04   1555s
  204931    5.9991513e+02   0.000000e+00   1.771727e+04   1561s
  205361    5.9991338e+02   0.000000e+00   3.102209e+04   1565s
  205931    5.9991055e+02   0.000000e+00   1.224404e+04   1570s
  206521    5.9990774e+02   0.000000e+00   1.225677e+05   1576s
  206951    5.9990624e+02   0.000000e+00   6.477971e+05   1580s
  207561    5.9990274e+02   0.000000e+00   2.201732e+05   1585s
  208131    5.9989907e+02   0.000000e+00   9.075167e+04   1591s
  208701    5.9989499e+02   0.000000e+00   7.207807e+04   1596s
  209291    5.9988995e+02   0.000000e+00   9.937531e+05   1601s
  209791    5.9988664e+02   0.000000e+00   4.779003e+05   1606s
  210271    5.9988452e+02   0.000000e+00   1.038169e+04   1610s
  210851    5.9988251e+02   0.000000e+00   1.331213e+05   1616s
  211321    5.9988070e+02   0.000000e+00   5.812026e+03   1620s
  211891    5.9987833e+02   0.000000e+00   2.673492e+04   1626s
  212351    5.9987623e+02   0.000000e+00   5.769041e+04   1630s
  212941    5.9987338e+02   0.000000e+00   1.989418e+04   1636s
  213421    5.9987119e+02   0.000000e+00   4.719668e+03   1641s
  213881    5.9986987e+02   0.000000e+00   5.279596e+04   1645s
  214451    5.9986828e+02   0.000000e+00   8.583567e+03   1651s
  214999    5.9986735e+02   0.000000e+00   1.697573e+04   1656s
  215585    5.9986623e+02   0.000000e+00   4.001131e+03   1660s
  216205    5.9986508e+02   0.000000e+00   1.310332e+04   1666s
  216699    5.9986420e+02   0.000000e+00   9.087217e+03   1671s
  217191    5.9986324e+02   0.000000e+00   3.155057e+03   1675s
  217721    5.9986229e+02   0.000000e+00   3.796743e+03   1681s
  218191    5.9986124e+02   0.000000e+00   1.507252e+05   1685s
  218651    5.9986041e+02   0.000000e+00   1.563737e+04   1690s
  219201    5.9985971e+02   0.000000e+00   9.817385e+03   1696s
  219651    5.9985901e+02   0.000000e+00   1.370659e+03   1700s
  220285    5.9985803e+02   0.000000e+00   1.401310e+04   1707s
  220693    5.9985738e+02   0.000000e+00   1.871859e+03   1710s
  221293    5.9985637e+02   0.000000e+00   2.403408e+03   1716s
  221713    5.9985584e+02   0.000000e+00   2.076758e+03   1720s
  222273    5.9985507e+02   0.000000e+00   4.695864e+03   1726s
  222703    5.9985461e+02   0.000000e+00   8.882769e+03   1730s
  223223    5.9985406e+02   0.000000e+00   2.104116e+03   1736s
  223663    5.9985345e+02   0.000000e+00   2.708390e+03   1740s
  224183    5.9985278e+02   0.000000e+00   5.448398e+02   1746s
  224715    5.9985230e+02   0.000000e+00   4.318279e+03   1751s
  225205    5.9985190e+02   0.000000e+00   3.583376e+03   1756s
  225625    5.9985161e+02   0.000000e+00   3.654058e+02   1760s
  226125    5.9985133e+02   0.000000e+00   1.890621e+03   1766s
  226633    5.9985118e+02   0.000000e+00   9.997255e+02   1771s
  227253    5.9985095e+02   0.000000e+00   1.967569e+02   1776s
  227745    5.9985083e+02   0.000000e+00   5.440865e+02   1781s
  228365    5.9985072e+02   0.000000e+00   3.463611e+01   1786s
  228829    5.9985067e+02   0.000000e+00   2.717360e+01   1791s
  229323    5.9985062e+02   0.000000e+00   1.915698e+02   1796s
  229819    5.9985059e+02   0.000000e+00   7.921541e+00   1800s
  230455    5.9985057e+02   0.000000e+00   2.631260e+01   1806s
  230865    5.9985055e+02   0.000000e+00   1.779898e+01   1811s
  231313    5.9985054e+02   0.000000e+00   1.210670e+01   1815s
  231872    6.0012543e+02   2.160183e+02   0.000000e+00   1821s
  232492    6.0012543e+02   4.644509e+02   0.000000e+00   1826s
  233112    6.0012543e+02   2.855838e+02   0.000000e+00   1830s
  233856    6.0012543e+02   3.528074e+02   0.000000e+00   1836s
  234476    6.0012543e+02   8.211001e+02   0.000000e+00   1840s
  235220    6.0012543e+02   8.693380e+02   0.000000e+00   1846s
  235840    6.0012543e+02   7.778999e+02   0.000000e+00   1850s
  236584    6.0012543e+02   2.264091e+02   0.000000e+00   1856s
  237204    6.0012543e+02   2.002801e+02   0.000000e+00   1861s
  237824    6.0012543e+02   9.266616e+01   0.000000e+00   1865s
  238568    6.0012543e+02   2.566596e-01   0.000000e+00   1871s
  238736    6.0012543e+02   0.000000e+00   0.000000e+00   1872s
  238736    6.0012543e+02   0.000000e+00   0.000000e+00   1872s
Concurrent spin time: 145.58s

Solved with primal simplex

Root relaxation: objective 6.001254e+02, 238736 iterations, 2016.13 seconds

    Nodes    |    Current Node    |     Objective Bounds      |     Work
 Expl Unexpl |  Obj  Depth IntInf | Incumbent    BestBd   Gap | It/Node Time

     0     0  600.12543    0 13531          -  600.12543      -     - 7200s

Explored 1 nodes (954230 simplex iterations) in 7200.01 seconds
Thread count was 4 (of 4 available processors)

Solution count 0

Time limit reached
Best objective -, best bound 6.010000000000e+02, gap -

Unable to retrieve attribute 'X'

