Academic license - for non-commercial use only
Set parameter TimeLimit to value 7200

Gurobi Optimizer version 8.0.0 build v8.0.0rc0 (linux64)
Copyright (c) 2018, Gurobi Optimization, LLC

Read LP format model from file fernando/abz9.lp
Reading time = 0.45 seconds
: 109190 rows, 207841 columns, 612405 nonzeros
Optimize a model with 109190 rows, 207841 columns and 612405 nonzeros
Variable types: 0 continuous, 207841 integer (207840 binary)
Coefficient statistics:
  Matrix range     [1e+00, 7e+02]
  Objective range  [1e+00, 1e+00]
  Bounds range     [1e+00, 1e+00]
  RHS range        [1e+00, 1e+00]
Presolve removed 7620 rows and 7935 columns
Presolve time: 2.18s
Presolved: 101570 rows, 199906 columns, 597786 nonzeros
Variable types: 0 continuous, 199906 integer (199905 binary)

Deterministic concurrent LP optimizer: primal and dual simplex
Showing first log only...

Presolve removed 93 rows and 93 columns
Presolved: 101477 rows, 199813 columns, 597600 nonzeros

Presolve removed 20 rows and 1 columns

Root simplex log...

Iteration    Objective       Primal Inf.    Dual Inf.      Time
     971    0.0000000e+00   1.699593e+01   1.875317e+10      5s
    1961    0.0000000e+00   1.498856e+01   2.873769e+10     11s
    2991    0.0000000e+00   1.396768e+01   3.108891e+10     15s
    4071    0.0000000e+00   1.315049e+01   3.797708e+10     20s
    5261    0.0000000e+00   1.264925e+01   2.319086e+10     26s
    6231    0.0000000e+00   1.238307e+01   2.346567e+10     30s
    7311    0.0000000e+00   1.211497e+01   7.260580e+10     35s
    8241    0.0000000e+00   1.183665e+01   3.888260e+11     40s
    9261    0.0000000e+00   1.169839e+01   6.819067e+10     46s
   10071    0.0000000e+00   1.157848e+01   3.759528e+10     50s
   10901    0.0000000e+00   1.127010e+01   4.293282e+10     55s
   11811    0.0000000e+00   1.116096e+01   3.549098e+10     61s
   12571    0.0000000e+00   1.102198e+01   2.236448e+10     65s
   13431    0.0000000e+00   1.079160e+01   5.771383e+10     70s
   14311    0.0000000e+00   1.058880e+01   3.701515e+10     75s
   15261    0.0000000e+00   1.046050e+01   4.976071e+10     80s
   16041    0.0000000e+00   1.033557e+01   6.427925e+10     85s
   16891    0.0000000e+00   1.020020e+01   3.904623e+10     90s
   17841    0.0000000e+00   9.936605e+00   2.943026e+10     96s
   18721    0.0000000e+00   9.739512e+00   1.133639e+11    101s
   19511    0.0000000e+00   9.569020e+00   9.259025e+10    106s
   20321    0.0000000e+00   9.447093e+00   3.839699e+10    111s
   21131    0.0000000e+00   9.266581e+00   3.259465e+10    116s
   21811    0.0000000e+00   9.047368e+00   6.624865e+10    120s
   22681    0.0000000e+00   8.827751e+00   3.848321e+10    125s
   23451    0.0000000e+00   8.690699e+00   5.196766e+10    130s
   24261    0.0000000e+00   8.569076e+00   7.077644e+10    136s
   24881    0.0000000e+00   8.478734e+00   3.952522e+10    140s
   25811    0.0000000e+00   8.278620e+00   4.224189e+10    146s
   26551    0.0000000e+00   8.140254e+00   4.554994e+10    151s
   27191    0.0000000e+00   8.075166e+00   4.663521e+10    155s
   27951    0.0000000e+00   7.989188e+00   3.804987e+10    161s
   28721    0.0000000e+00   7.900712e+00   1.232950e+11    166s
   29361    0.0000000e+00   7.746734e+00   3.485708e+10    170s
   30151    0.0000000e+00   7.655714e+00   3.515707e+10    176s
   31031    0.0000000e+00   7.378190e+00   4.666982e+10    181s
   31711    0.0000000e+00   7.255742e+00   5.047269e+10    185s
   32511    0.0000000e+00   7.113233e+00   1.248655e+11    191s
   33181    0.0000000e+00   6.938357e+00   7.584962e+10    195s
   33931    0.0000000e+00   6.826676e+00   6.874822e+10    200s
   34761    0.0000000e+00   6.732215e+00   5.537694e+10    206s
   35421    0.0000000e+00   6.674551e+00   7.582174e+10    211s
   36161    0.0000000e+00   6.565677e+00   1.181544e+11    216s
   36841    0.0000000e+00   6.416467e+00   7.129324e+10    220s
   37551    0.0000000e+00   6.329280e+00   9.758915e+10    225s
   38371    0.0000000e+00   6.166535e+00   3.080200e+10    231s
   39041    0.0000000e+00   6.076544e+00   4.407088e+10    236s
   39751    0.0000000e+00   5.979644e+00   5.297323e+10    241s
   40361    0.0000000e+00   5.882340e+00   3.328488e+10    246s
   40991    0.0000000e+00   5.766224e+00   6.404380e+10    251s
   41721    0.0000000e+00   5.656001e+00   1.200580e+11    256s
   42281    0.0000000e+00   5.581929e+00   3.137692e+10    260s
   42901    0.0000000e+00   5.521072e+00   5.238089e+10    266s
   43551    0.0000000e+00   5.432118e+00   6.566541e+10    271s
   44201    0.0000000e+00   5.332112e+00   3.148856e+10    276s
   44851    0.0000000e+00   5.252513e+00   1.471540e+11    281s
   45301    0.0000000e+00   5.210128e+00   4.155111e+10    285s
   45961    0.0000000e+00   5.135788e+00   3.390264e+10    291s
   46631    0.0000000e+00   5.020844e+00   4.487520e+10    296s
   47231    0.0000000e+00   4.932281e+00   4.222665e+10    301s
   47801    0.0000000e+00   4.833607e+00   4.858407e+10    306s
   48401    0.0000000e+00   4.766255e+00   6.046917e+10    310s
   49011    0.0000000e+00   4.675428e+00   3.441301e+10    315s
   49581    0.0000000e+00   4.615613e+00   1.435181e+11    320s
   50161    0.0000000e+00   4.537739e+00   9.495914e+10    325s
   50771    0.0000000e+00   4.486086e+00   1.877102e+10    331s
   51301    0.0000000e+00   4.417300e+00   2.875460e+10    335s
   51941    0.0000000e+00   4.319486e+00   5.673590e+10    341s
   52461    0.0000000e+00   4.256147e+00   2.633178e+10    345s
   53081    0.0000000e+00   4.202173e+00   4.809160e+10    351s
   53641    0.0000000e+00   4.146857e+00   6.391538e+10    356s
   54161    0.0000000e+00   4.103976e+00   1.735271e+10    360s
   54711    0.0000000e+00   4.048549e+00   3.567862e+10    365s
   55361    0.0000000e+00   4.001124e+00   4.505126e+10    371s
   55901    0.0000000e+00   3.955845e+00   2.431647e+10    376s
   56421    0.0000000e+00   3.915944e+00   2.713074e+10    381s
   56951    0.0000000e+00   3.855841e+00   3.773355e+10    386s
   57511    0.0000000e+00   3.776550e+00   2.572193e+10    391s
   57961    0.0000000e+00   3.709141e+00   4.652618e+10    395s
   58511    0.0000000e+00   3.651403e+00   5.194221e+10    400s
   59081    0.0000000e+00   3.609189e+00   5.495965e+10    406s
   59641    0.0000000e+00   3.566188e+00   5.829562e+10    411s
   60131    0.0000000e+00   3.533373e+00   3.605698e+10    415s
   60731    0.0000000e+00   3.458867e+00   4.100698e+10    421s
   61231    0.0000000e+00   3.421849e+00   1.181877e+11    426s
   61731    0.0000000e+00   3.375822e+00   3.936003e+10    431s
   62261    0.0000000e+00   3.323356e+00   4.173887e+10    436s
   62771    0.0000000e+00   3.268943e+00   4.080842e+10    441s
   63301    0.0000000e+00   3.209380e+00   2.833391e+10    446s
   63831    0.0000000e+00   3.129548e+00   8.304630e+10    451s
   64361    0.0000000e+00   3.062668e+00   4.567819e+10    456s
   64901    0.0000000e+00   3.009681e+00   4.053767e+10    461s
   65461    0.0000000e+00   2.964697e+00   1.683606e+10    466s
   66001    0.0000000e+00   2.913147e+00   2.470093e+10    471s
   66421    0.0000000e+00   2.885088e+00   1.049958e+11    475s
   66991    0.0000000e+00   2.836477e+00   7.711927e+10    481s
   67561    0.0000000e+00   2.800629e+00   2.769223e+10    486s
   67971    0.0000000e+00   2.775554e+00   1.792385e+10    490s
   68551    0.0000000e+00   2.732902e+00   1.408531e+10    496s
   69021    0.0000000e+00   2.686941e+00   4.483438e+10    501s
   69501    0.0000000e+00   2.652320e+00   3.025192e+10    505s
   70010    0.0000000e+00   2.608706e+00   3.959883e+10    510s
   70490    0.0000000e+00   2.567951e+00   3.196506e+10    515s
   70970    0.0000000e+00   2.525054e+00   3.918207e+10    520s
   71430    0.0000000e+00   2.485973e+00   3.485644e+10    525s
   72080    0.0000000e+00   2.429668e+00   1.338279e+10    532s
   72420    0.0000000e+00   2.403616e+00   2.205871e+10    535s
   72920    0.0000000e+00   2.365948e+00   2.688720e+10    540s
   73400    0.0000000e+00   2.335913e+00   2.161741e+10    545s
   73910    0.0000000e+00   2.306088e+00   1.474828e+10    550s
   74438    0.0000000e+00   2.261308e+00   3.972916e+10    556s
   74947    0.0000000e+00   2.219828e+00   7.870329e+10    561s
   75475    0.0000000e+00   2.184071e+00   1.131021e+10    567s
   75824    0.0000000e+00   2.160550e+00   1.296525e+11    570s
   76361    0.0000000e+00   2.119825e+00   1.519930e+10    576s
   76898    0.0000000e+00   2.082276e+00   2.352479e+10    581s
   77247    0.0000000e+00   2.069635e+00   2.499073e+10    585s
   77784    0.0000000e+00   2.048483e+00   1.068072e+10    591s
   78142    0.0000000e+00   2.023500e+00   1.957434e+10    595s
   78679    0.0000000e+00   1.999943e+00   1.482238e+10    601s
   79037    0.0000000e+00   1.983010e+00   1.762858e+10    605s
   79574    0.0000000e+00   1.950893e+00   1.835222e+10    611s
   80111    0.0000000e+00   1.919296e+00   1.904368e+10    617s
   80469    0.0000000e+00   1.890333e+00   2.327569e+10    621s
   81006    0.0000000e+00   1.865805e+00   1.434724e+10    627s
   81364    0.0000000e+00   1.848961e+00   2.757817e+10    631s
   81901    0.0000000e+00   1.826468e+00   3.425676e+10    636s
   82259    0.0000000e+00   1.805507e+00   1.802345e+10    640s
   82796    0.0000000e+00   1.768878e+00   3.354255e+10    646s
   83154    0.0000000e+00   1.745556e+00   5.869602e+10    650s
   83691    0.0000000e+00   1.708892e+00   1.812657e+10    656s
   84049    0.0000000e+00   1.690662e+00   1.208442e+10    660s
   84586    0.0000000e+00   1.664728e+00   1.760790e+10    666s
   84944    0.0000000e+00   1.647903e+00   9.397449e+10    670s
   85481    0.0000000e+00   1.620036e+00   8.120026e+10    676s
   85839    0.0000000e+00   1.604064e+00   2.840477e+10    681s
   86376    0.0000000e+00   1.584274e+00   2.690484e+10    687s
   86734    0.0000000e+00   1.574279e+00   1.696394e+10    691s
   87092    0.0000000e+00   1.551297e+00   3.470547e+10    695s
   87629    0.0000000e+00   1.528739e+00   2.361212e+10    701s
   87987    0.0000000e+00   1.514143e+00   3.177907e+10    705s
   88524    0.0000000e+00   1.492105e+00   2.604804e+10    712s
   88882    0.0000000e+00   1.469615e+00   4.191855e+10    716s
   89240    0.0000000e+00   1.451929e+00   7.744275e+10    720s
   89777    0.0000000e+00   1.428404e+00   1.724342e+10    727s
   90135    0.0000000e+00   1.412986e+00   4.945082e+10    731s
   90493    0.0000000e+00   1.392800e+00   3.129697e+10    735s
Warning: Markowitz tolerance tightened to 0.03125
   91030    0.0000000e+00   1.362315e+00   3.534758e+10    742s
   91388    0.0000000e+00   1.347207e+00   3.014725e+10    746s
   91746    0.0000000e+00   1.330318e+00   2.425461e+10    751s
   92283    0.0000000e+00   1.305579e+00   3.497558e+10    757s
   92641    0.0000000e+00   1.285989e+00   1.797238e+10    762s
   92999    0.0000000e+00   1.264952e+00   3.020286e+10    766s
   93357    0.0000000e+00   1.243810e+00   1.276842e+10    771s
   93715    0.0000000e+00   1.220601e+00   3.535232e+10    775s
   94252    0.0000000e+00   1.192675e+00   2.430667e+10    782s
   94610    0.0000000e+00   1.172911e+00   1.444507e+10    786s
   94968    0.0000000e+00   1.152533e+00   3.600456e+10    791s
   95326    0.0000000e+00   1.135307e+00   2.662633e+10    795s
   95863    0.0000000e+00   1.111492e+00   2.170091e+10    802s
   96221    0.0000000e+00   1.092574e+00   3.483191e+10    806s
   96579    0.0000000e+00   1.071117e+00   1.275179e+10    811s
   97116    0.0000000e+00   1.047612e+00   1.291011e+11    817s
   97474    0.0000000e+00   1.034774e+00   1.474222e+10    822s
   97832    0.0000000e+00   1.019863e+00   1.501076e+10    826s
   98190    0.0000000e+00   1.004250e+00   2.621623e+10    831s
   98548    0.0000000e+00   9.916835e-01   1.709964e+10    835s
   99085    0.0000000e+00   9.738304e-01   9.839440e+09    842s
   99443    0.0000000e+00   9.610881e-01   1.071921e+10    847s
   99801    0.0000000e+00   9.477449e-01   1.611707e+10    851s
  100159    0.0000000e+00   9.360985e-01   8.272360e+09    856s
  100517    0.0000000e+00   9.229251e-01   2.697112e+10    861s
  100875    0.0000000e+00   9.110465e-01   1.829792e+10    866s
  101233    0.0000000e+00   8.968507e-01   2.103438e+10    870s
  101770    0.0000000e+00   8.701648e-01   4.137752e+10    877s
  102128    0.0000000e+00   8.543241e-01   1.835000e+10    881s
  102486    0.0000000e+00   8.390392e-01   8.009196e+10    886s
  102844    0.0000000e+00   8.220653e-01   3.903546e+10    890s
  103381    0.0000000e+00   8.058522e-01   1.520366e+10    897s
  103739    0.0000000e+00   7.946674e-01   1.124683e+10    902s
  104097    0.0000000e+00   7.764584e-01   1.916038e+10    906s
  104455    0.0000000e+00   7.621710e-01   2.011357e+10    911s
  104813    0.0000000e+00   7.517429e-01   2.046498e+10    916s
  105171    0.0000000e+00   7.409909e-01   1.681037e+10    920s
  105708    0.0000000e+00   7.187858e-01   3.010281e+10    927s
  106066    0.0000000e+00   7.076968e-01   1.501638e+10    932s
  106424    0.0000000e+00   6.987021e-01   1.103415e+10    937s
  106782    0.0000000e+00   6.830073e-01   1.997691e+10    941s
  107140    0.0000000e+00   6.698861e-01   1.034299e+10    946s
  107498    0.0000000e+00   6.586951e-01   1.898149e+10    951s
  107856    0.0000000e+00   6.478132e-01   9.976672e+09    956s
  108214    0.0000000e+00   6.379780e-01   1.340366e+10    960s
  108572    0.0000000e+00   6.281965e-01   9.960621e+09    965s
  109109    0.0000000e+00   6.084185e-01   3.142404e+10    972s
  109467    0.0000000e+00   5.939424e-01   3.566471e+10    976s
  109825    0.0000000e+00   5.789246e-01   1.030811e+10    981s
  110183    0.0000000e+00   5.677560e-01   1.848915e+10    986s
  110541    0.0000000e+00   5.596948e-01   1.771351e+10    991s
  110899    0.0000000e+00   5.512942e-01   9.798872e+09    996s
  111257    0.0000000e+00   5.408922e-01   2.077378e+10   1000s
  111794    0.0000000e+00   5.201194e-01   2.140296e+10   1007s
  112152    0.0000000e+00   5.070176e-01   1.963160e+10   1012s
  112510    0.0000000e+00   4.979068e-01   8.124129e+10   1017s
  112868    0.0000000e+00   4.879093e-01   1.774037e+10   1021s
  113226    0.0000000e+00   4.794320e-01   1.617999e+10   1026s
  113584    0.0000000e+00   4.703390e-01   2.526645e+10   1031s
  113942    0.0000000e+00   4.613237e-01   1.069656e+10   1036s
  114300    0.0000000e+00   4.464752e-01   2.586053e+10   1041s
  114658    0.0000000e+00   4.371912e-01   1.072471e+10   1046s
  115016    0.0000000e+00   4.293863e-01   1.091360e+10   1050s
  115374    0.0000000e+00   4.193368e-01   2.010894e+10   1055s
  115732    0.0000000e+00   4.094549e-01   1.319478e+10   1060s
  116090    0.0000000e+00   4.010629e-01   1.308510e+10   1065s
  116448    0.0000000e+00   3.937927e-01   1.223311e+10   1070s
  116985    0.0000000e+00   3.819687e-01   1.275865e+10   1077s
  117343    0.0000000e+00   3.735454e-01   2.219318e+10   1082s
  117701    0.0000000e+00   3.630224e-01   2.423106e+10   1087s
  118059    0.0000000e+00   3.514141e-01   1.757299e+10   1092s
  118417    0.0000000e+00   3.391016e-01   1.731255e+10   1097s
  118775    0.0000000e+00   3.297703e-01   1.477008e+10   1102s
  119133    0.0000000e+00   3.219478e-01   9.339734e+09   1107s
  119491    0.0000000e+00   3.102377e-01   3.896363e+10   1112s
  119849    0.0000000e+00   3.008896e-01   1.237228e+10   1117s
  120207    0.0000000e+00   2.907848e-01   1.108449e+10   1121s
  120565    0.0000000e+00   2.814854e-01   1.830281e+10   1127s
  120923    0.0000000e+00   2.721464e-01   1.522368e+10   1132s
  121281    0.0000000e+00   2.598382e-01   1.705819e+10   1137s
  121639    0.0000000e+00   2.510112e-01   2.277248e+10   1142s
  121997    0.0000000e+00   2.398780e-01   1.091120e+10   1146s
  122355    0.0000000e+00   2.340122e-01   1.713509e+10   1151s
  122713    0.0000000e+00   2.268534e-01   1.538674e+10   1156s
  123071    0.0000000e+00   2.179578e-01   5.676371e+10   1161s
  123429    0.0000000e+00   2.084624e-01   8.049016e+09   1166s
  123787    0.0000000e+00   1.998297e-01   2.457877e+10   1171s
  124145    0.0000000e+00   1.910450e-01   2.191780e+10   1176s
  124503    0.0000000e+00   1.819148e-01   8.269202e+09   1181s
  124861    0.0000000e+00   1.720293e-01   2.136095e+10   1186s
  125219    0.0000000e+00   1.597340e-01   1.842186e+10   1191s
  125577    0.0000000e+00   1.482087e-01   1.885317e+10   1196s
  125935    0.0000000e+00   1.407719e-01   8.980594e+09   1201s
  126293    0.0000000e+00   1.313981e-01   1.032102e+10   1206s
  126651    0.0000000e+00   1.231484e-01   1.979476e+10   1211s
  127009    0.0000000e+00   1.153925e-01   1.076343e+10   1216s
  127367    0.0000000e+00   1.084742e-01   2.254081e+10   1220s
  127725    0.0000000e+00   1.005696e-01   1.125893e+10   1225s
  128083    0.0000000e+00   9.188111e-02   1.587757e+10   1230s
  128441    0.0000000e+00   8.311031e-02   1.684465e+10   1235s
  128799    0.0000000e+00   7.538496e-02   7.213946e+09   1240s
  129157    0.0000000e+00   6.575502e-02   1.424545e+10   1245s
  129515    0.0000000e+00   5.758485e-02   1.802208e+10   1250s
  129873    0.0000000e+00   5.040790e-02   1.839324e+10   1255s
  130231    0.0000000e+00   4.496675e-02   9.180722e+09   1260s
  130589    0.0000000e+00   3.754557e-02   8.607141e+09   1265s
  130947    0.0000000e+00   2.979553e-02   1.291400e+10   1270s
  131305    0.0000000e+00   2.579243e-02   5.399380e+10   1275s
  131663    0.0000000e+00   2.230988e-02   1.456119e+10   1280s
  132021    0.0000000e+00   1.595706e-02   2.733166e+10   1285s
  132379    0.0000000e+00   7.683231e-03   1.492588e+10   1290s
  132737    0.0000000e+00   2.645793e-03   1.203272e+10   1295s
  133184    0.0000000e+00   5.053020e+00   0.000000e+00   1304s
  133363    0.0000000e+00   3.343476e-01   0.000000e+00   1309s
  133536    0.0000000e+00   0.000000e+00   0.000000e+00   1313s
  133536    2.0957200e+05   0.000000e+00   3.200000e+01   1315s
  133716    6.9890085e+02   0.000000e+00   1.278468e+07   1317s
  134076    6.9666514e+02   0.000000e+00   1.581455e+07   1321s
  134436    6.9338048e+02   0.000000e+00   8.178976e+07   1326s
  134796    6.9066704e+02   0.000000e+00   1.475235e+08   1331s
  135156    6.8936262e+02   0.000000e+00   4.696036e+06   1335s
  135696    6.8686256e+02   0.000000e+00   1.658366e+06   1342s
  136056    6.8517034e+02   0.000000e+00   1.501103e+07   1347s
  136416    6.8346806e+02   0.000000e+00   8.795774e+06   1351s
  136776    6.8184306e+02   0.000000e+00   2.321234e+06   1356s
  137136    6.7993701e+02   0.000000e+00   7.826967e+06   1361s
  137496    6.7875199e+02   0.000000e+00   5.062202e+06   1365s
  138036    6.7759883e+02   0.000000e+00   5.558706e+07   1372s
  138396    6.7704154e+02   0.000000e+00   1.818964e+07   1377s
  138756    6.7638761e+02   0.000000e+00   6.170083e+06   1382s
  139116    6.7562346e+02   0.000000e+00   5.581903e+06   1386s
  139476    6.7418183e+02   0.000000e+00   7.970350e+06   1391s
  139836    6.7338232e+02   0.000000e+00   8.427946e+06   1395s
  140376    6.7214473e+02   0.000000e+00   5.858590e+05   1402s
  140736    6.7125268e+02   0.000000e+00   6.369125e+06   1407s
  141096    6.7066461e+02   0.000000e+00   2.182433e+07   1411s
  141456    6.6992033e+02   0.000000e+00   7.845555e+07   1415s
  141996    6.6831550e+02   0.000000e+00   3.827922e+06   1422s
  142356    6.6741338e+02   0.000000e+00   3.588531e+06   1426s
  142716    6.6660665e+02   0.000000e+00   2.915742e+06   1431s
  143256    6.6574054e+02   0.000000e+00   1.375243e+07   1437s
  143616    6.6472787e+02   0.000000e+00   5.774968e+06   1441s
  143976    6.6334731e+02   0.000000e+00   1.018101e+08   1446s
  144516    6.6237612e+02   0.000000e+00   3.395697e+07   1451s
  144876    6.6157519e+02   0.000000e+00   2.310464e+06   1455s
  145416    6.6045336e+02   0.000000e+00   1.252918e+07   1461s
  145776    6.5938068e+02   0.000000e+00   1.492766e+07   1465s
  146316    6.5807310e+02   0.000000e+00   1.549940e+07   1472s
  146676    6.5748430e+02   0.000000e+00   7.384577e+07   1476s
  147036    6.5698069e+02   0.000000e+00   1.430101e+07   1481s
  147576    6.5630536e+02   0.000000e+00   4.054948e+07   1487s
  147936    6.5594790e+02   0.000000e+00   1.317152e+07   1491s
  148296    6.5537906e+02   0.000000e+00   2.295417e+08   1496s
  148836    6.5471988e+02   0.000000e+00   1.634517e+06   1502s
  149196    6.5412711e+02   0.000000e+00   2.310808e+06   1506s
  149736    6.5340022e+02   0.000000e+00   1.484859e+07   1511s
  150096    6.5306156e+02   0.000000e+00   5.500163e+06   1515s
  150636    6.5232873e+02   0.000000e+00   4.344026e+07   1521s
  150996    6.5176802e+02   0.000000e+00   1.897324e+07   1526s
  151536    6.5099407e+02   0.000000e+00   3.643749e+06   1532s
  151896    6.5065010e+02   0.000000e+00   9.093935e+05   1536s
  152436    6.4992122e+02   0.000000e+00   6.762653e+07   1542s
  152796    6.4962828e+02   0.000000e+00   5.016545e+06   1546s
  153336    6.4926872e+02   0.000000e+00   1.865027e+07   1552s
  153696    6.4886389e+02   0.000000e+00   6.221965e+06   1557s
  154056    6.4837162e+02   0.000000e+00   6.705354e+05   1561s
  154596    6.4790609e+02   0.000000e+00   8.867956e+05   1567s
  154956    6.4749700e+02   0.000000e+00   2.271595e+06   1572s
  155316    6.4695173e+02   0.000000e+00   7.055528e+06   1576s
  155676    6.4645311e+02   0.000000e+00   1.420739e+08   1581s
  156036    6.4606049e+02   0.000000e+00   6.322053e+06   1585s
  156576    6.4569536e+02   0.000000e+00   9.984712e+06   1592s
  156936    6.4527333e+02   0.000000e+00   6.245441e+06   1596s
  157296    6.4477234e+02   0.000000e+00   7.798663e+05   1601s
  157656    6.4434960e+02   0.000000e+00   4.894184e+06   1606s
  158016    6.4382038e+02   0.000000e+00   7.490605e+06   1611s
  158376    6.4340128e+02   0.000000e+00   1.773016e+07   1616s
  158736    6.4291966e+02   0.000000e+00   8.409950e+06   1620s
  159096    6.4240325e+02   0.000000e+00   1.583123e+07   1626s
  159636    6.4184072e+02   0.000000e+00   5.078196e+06   1632s
  159996    6.4139723e+02   0.000000e+00   2.299247e+06   1637s
  160356    6.4086342e+02   0.000000e+00   7.069409e+07   1641s
  160716    6.4039671e+02   0.000000e+00   6.624329e+07   1646s
  161076    6.4001499e+02   0.000000e+00   8.016505e+06   1651s
  161436    6.3973456e+02   0.000000e+00   2.489515e+06   1655s
  161976    6.3899284e+02   0.000000e+00   6.525270e+06   1662s
  162336    6.3860848e+02   0.000000e+00   6.284312e+06   1667s
  162696    6.3834264e+02   0.000000e+00   2.682876e+06   1671s
  163056    6.3792604e+02   0.000000e+00   2.725434e+07   1676s
  163596    6.3731916e+02   0.000000e+00   4.490502e+06   1682s
  163956    6.3700714e+02   0.000000e+00   9.389266e+06   1686s
  164316    6.3656916e+02   0.000000e+00   2.069696e+07   1691s
  164676    6.3622201e+02   0.000000e+00   4.969452e+08   1695s
  165216    6.3573688e+02   0.000000e+00   6.342187e+06   1701s
  165576    6.3543749e+02   0.000000e+00   5.914712e+06   1706s
  166116    6.3482371e+02   0.000000e+00   7.414786e+06   1712s
  166526    6.3442497e+02   0.000000e+00   9.192120e+06   1716s
  166886    6.3400730e+02   0.000000e+00   1.803654e+07   1721s
  167426    6.3333861e+02   0.000000e+00   2.320211e+07   1726s
  167906    6.3280898e+02   0.000000e+00   4.758413e+06   1731s
  168266    6.3243041e+02   0.000000e+00   4.268972e+06   1736s
  168776    6.3202544e+02   0.000000e+00   1.056111e+07   1742s
  169246    6.3166038e+02   0.000000e+00   1.366578e+07   1747s
  169606    6.3138938e+02   0.000000e+00   6.057650e+06   1750s
  170176    6.3100727e+02   0.000000e+00   1.805729e+08   1756s
  170526    6.3066686e+02   0.000000e+00   1.868606e+08   1760s
  170996    6.3011279e+02   0.000000e+00   1.326985e+08   1767s
  171356    6.2982190e+02   0.000000e+00   1.197832e+06   1771s
  171876    6.2948090e+02   0.000000e+00   4.754145e+07   1777s
  172236    6.2933587e+02   0.000000e+00   5.755489e+06   1781s
  172596    6.2918142e+02   0.000000e+00   2.468083e+07   1786s
  172956    6.2886030e+02   0.000000e+00   1.973096e+06   1791s
  173316    6.2860124e+02   0.000000e+00   1.628939e+07   1796s
  173676    6.2841488e+02   0.000000e+00   2.639087e+07   1800s
  174216    6.2807799e+02   0.000000e+00   4.795268e+06   1807s
  174576    6.2778478e+02   0.000000e+00   4.353586e+06   1812s
  174856    6.2759455e+02   0.000000e+00   8.930441e+06   1815s
  175376    6.2721147e+02   0.000000e+00   1.389176e+08   1822s
  175736    6.2705843e+02   0.000000e+00   1.338252e+07   1826s
  176096    6.2675740e+02   0.000000e+00   1.185481e+07   1831s
  176636    6.2632158e+02   0.000000e+00   3.712892e+07   1837s
  176946    6.2619844e+02   0.000000e+00   9.840826e+07   1841s
  177286    6.2608368e+02   0.000000e+00   8.654245e+07   1845s
  177696    6.2581489e+02   0.000000e+00   8.998938e+06   1850s
  178096    6.2558844e+02   0.000000e+00   1.040084e+07   1856s
  178586    6.2534704e+02   0.000000e+00   5.642812e+06   1862s
  178916    6.2495584e+02   0.000000e+00   1.552041e+07   1866s
  179406    6.2454292e+02   0.000000e+00   6.447514e+06   1872s
  179766    6.2421466e+02   0.000000e+00   9.147324e+07   1876s
  180126    6.2378352e+02   0.000000e+00   3.528634e+06   1881s
  180486    6.2335567e+02   0.000000e+00   4.416319e+06   1886s
  181026    6.2299493e+02   0.000000e+00   4.874770e+07   1892s
  181206    6.2288153e+02   0.000000e+00   2.653103e+06   1895s
  181566    6.2269352e+02   0.000000e+00   6.411030e+06   1900s
  182106    6.2236398e+02   0.000000e+00   7.317011e+06   1907s
  182466    6.2203511e+02   0.000000e+00   3.002922e+06   1912s
  182826    6.2188895e+02   0.000000e+00   6.485835e+06   1916s
  183186    6.2161189e+02   0.000000e+00   4.417317e+06   1921s
  183726    6.2138669e+02   0.000000e+00   2.980007e+06   1925s
  184266    6.2111528e+02   0.000000e+00   2.046334e+06   1931s
  184626    6.2073282e+02   0.000000e+00   2.472394e+07   1936s
  184986    6.2045246e+02   0.000000e+00   3.804529e+07   1941s
  185346    6.2028536e+02   0.000000e+00   1.264845e+07   1945s
  185706    6.1997345e+02   0.000000e+00   1.532649e+07   1950s
  186066    6.1975354e+02   0.000000e+00   1.152268e+07   1956s
  186426    6.1946314e+02   0.000000e+00   1.656656e+06   1961s
  186786    6.1917601e+02   0.000000e+00   2.125626e+06   1966s
  187146    6.1886544e+02   0.000000e+00   6.396734e+05   1971s
  187506    6.1865167e+02   0.000000e+00   5.426631e+07   1976s
  187866    6.1843561e+02   0.000000e+00   2.861983e+06   1981s
  188406    6.1805907e+02   0.000000e+00   1.053282e+07   1987s
  188766    6.1772176e+02   0.000000e+00   1.064708e+06   1992s
  189126    6.1741535e+02   0.000000e+00   7.564934e+07   1997s
  189486    6.1720361e+02   0.000000e+00   1.892125e+07   2002s
  189846    6.1694626e+02   0.000000e+00   1.495952e+06   2007s
  190206    6.1670503e+02   0.000000e+00   1.451922e+06   2012s
  190566    6.1651918e+02   0.000000e+00   9.841793e+05   2016s
  190926    6.1639129e+02   0.000000e+00   3.060198e+07   2022s
  191286    6.1618195e+02   0.000000e+00   1.359885e+07   2026s
  191646    6.1590357e+02   0.000000e+00   4.868957e+06   2032s
  192006    6.1568408e+02   0.000000e+00   1.377080e+07   2036s
  192366    6.1555041e+02   0.000000e+00   1.724831e+07   2041s
  192726    6.1537057e+02   0.000000e+00   1.705235e+06   2046s
  193086    6.1520370e+02   0.000000e+00   1.015736e+06   2052s
  193446    6.1502753e+02   0.000000e+00   1.784061e+07   2056s
  193806    6.1476501e+02   0.000000e+00   8.143989e+06   2060s
  194346    6.1433504e+02   0.000000e+00   2.391828e+06   2067s
  194706    6.1403900e+02   0.000000e+00   1.036373e+08   2072s
  195066    6.1380941e+02   0.000000e+00   1.497189e+07   2077s
  195426    6.1360793e+02   0.000000e+00   3.819954e+07   2082s
  195786    6.1340782e+02   0.000000e+00   8.008658e+06   2086s
  196146    6.1320825e+02   0.000000e+00   7.870212e+06   2091s
  196506    6.1299182e+02   0.000000e+00   1.142663e+06   2096s
  196866    6.1278882e+02   0.000000e+00   2.126689e+06   2101s
  197226    6.1264074e+02   0.000000e+00   8.839414e+06   2105s
  197586    6.1243607e+02   0.000000e+00   3.673100e+07   2110s
  198126    6.1213819e+02   0.000000e+00   1.108072e+07   2116s
  198666    6.1193503e+02   0.000000e+00   1.259199e+06   2122s
  199026    6.1178280e+02   0.000000e+00   3.211166e+07   2126s
  199386    6.1151274e+02   0.000000e+00   2.944490e+07   2131s
  199746    6.1134116e+02   0.000000e+00   1.301342e+08   2135s
  200286    6.1110271e+02   0.000000e+00   4.178646e+06   2141s
  200646    6.1092836e+02   0.000000e+00   3.065114e+06   2145s
  201006    6.1075988e+02   0.000000e+00   1.919118e+07   2150s
  201546    6.1047810e+02   0.000000e+00   7.705629e+05   2157s
  201906    6.1034509e+02   0.000000e+00   1.256966e+07   2162s
  202266    6.1021813e+02   0.000000e+00   1.091128e+08   2166s
  202626    6.1003074e+02   0.000000e+00   2.257357e+06   2171s
  203047    6.0987614e+02   0.000000e+00   1.617337e+07   2177s
  203407    6.0980491e+02   0.000000e+00   2.728188e+06   2181s
  203767    6.0937377e+02   0.000000e+00   5.173563e+06   2188s
  203947    6.0902578e+02   0.000000e+00   3.328115e+06   2193s
  204127    6.0876108e+02   0.000000e+00   3.206271e+06   2197s
  204307    6.0842662e+02   0.000000e+00   2.056188e+08   2202s
  204487    6.0813500e+02   0.000000e+00   2.840773e+06   2207s
  204667    6.0770824e+02   0.000000e+00   3.681887e+06   2212s
  204847    6.0741119e+02   0.000000e+00   2.600760e+06   2217s
  205027    6.0716210e+02   0.000000e+00   1.965347e+06   2223s
  205207    6.0686403e+02   0.000000e+00   8.565175e+06   2228s
  205387    6.0661611e+02   0.000000e+00   8.402956e+06   2233s
  205567    6.0642146e+02   0.000000e+00   3.489564e+07   2238s
  205747    6.0613118e+02   0.000000e+00   2.581548e+06   2243s
  205927    6.0580899e+02   0.000000e+00   5.064854e+06   2248s
  206107    6.0532242e+02   0.000000e+00   2.824146e+06   2253s
  206287    6.0496735e+02   0.000000e+00   5.628795e+06   2258s
  206467    6.0468748e+02   0.000000e+00   4.588938e+06   2263s
  206647    6.0445982e+02   0.000000e+00   5.688148e+06   2268s
  206827    6.0414498e+02   0.000000e+00   1.398383e+07   2273s
  207007    6.0387120e+02   0.000000e+00   1.471282e+07   2278s
  207187    6.0357728e+02   0.000000e+00   8.884649e+06   2283s
  207367    6.0325056e+02   0.000000e+00   7.588218e+06   2289s
  207547    6.0295595e+02   0.000000e+00   1.148944e+07   2294s
  207727    6.0270826e+02   0.000000e+00   1.105291e+08   2299s
  207907    6.0245587e+02   0.000000e+00   3.839616e+06   2304s
  208087    6.0224131e+02   0.000000e+00   2.679658e+06   2309s
  208267    6.0194717e+02   0.000000e+00   7.394474e+06   2314s
  208447    6.0175352e+02   0.000000e+00   4.362359e+06   2319s
  208627    6.0157758e+02   0.000000e+00   1.260888e+07   2324s
  208807    6.0124557e+02   0.000000e+00   1.204179e+07   2330s
  208987    6.0099513e+02   0.000000e+00   1.527204e+07   2335s
  209167    6.0071994e+02   0.000000e+00   7.282318e+06   2340s
  209347    6.0047932e+02   0.000000e+00   7.368290e+06   2345s
  209527    6.0026448e+02   0.000000e+00   9.530725e+06   2350s
  209707    6.0008157e+02   0.000000e+00   9.451756e+06   2355s
  209887    5.9987450e+02   0.000000e+00   1.741900e+07   2360s
  210067    5.9968099e+02   0.000000e+00   5.025931e+06   2365s
  210247    5.9947334e+02   0.000000e+00   1.789588e+07   2370s
  210427    5.9925371e+02   0.000000e+00   1.644638e+06   2375s
  210607    5.9897031e+02   0.000000e+00   1.944155e+06   2381s
  210787    5.9874628e+02   0.000000e+00   1.051703e+08   2386s
  210967    5.9854072e+02   0.000000e+00   7.962972e+06   2391s
  211147    5.9828667e+02   0.000000e+00   3.372740e+06   2396s
  211327    5.9803533e+02   0.000000e+00   1.415568e+06   2401s
  211507    5.9782763e+02   0.000000e+00   8.538599e+06   2406s
  211687    5.9757553e+02   0.000000e+00   3.986895e+06   2411s
  211867    5.9734683e+02   0.000000e+00   7.512102e+07   2417s
  212047    5.9711042e+02   0.000000e+00   4.072262e+06   2422s
  212227    5.9686063e+02   0.000000e+00   3.746674e+07   2427s
  212407    5.9662226e+02   0.000000e+00   2.380502e+06   2431s
  212587    5.9628119e+02   0.000000e+00   2.784589e+06   2437s
  212767    5.9596935e+02   0.000000e+00   1.211642e+07   2442s
  212947    5.9569142e+02   0.000000e+00   1.525303e+07   2447s
  213127    5.9544778e+02   0.000000e+00   2.665630e+07   2452s
  213307    5.9514992e+02   0.000000e+00   1.156740e+08   2458s
  213487    5.9489398e+02   0.000000e+00   1.218368e+07   2463s
  213667    5.9467928e+02   0.000000e+00   2.975956e+06   2468s
  213847    5.9445631e+02   0.000000e+00   2.226331e+07   2474s
  214027    5.9409247e+02   0.000000e+00   2.194151e+06   2479s
  214207    5.9381546e+02   0.000000e+00   3.538823e+06   2484s
  214387    5.9360009e+02   0.000000e+00   6.513527e+06   2489s
  214567    5.9338285e+02   0.000000e+00   6.108647e+06   2495s
  214747    5.9315354e+02   0.000000e+00   6.080130e+06   2500s
  214927    5.9286706e+02   0.000000e+00   3.594361e+06   2505s
  215107    5.9252876e+02   0.000000e+00   9.329983e+06   2510s
  215287    5.9224604e+02   0.000000e+00   2.259798e+06   2516s
  215467    5.9194476e+02   0.000000e+00   1.550066e+06   2521s
  215647    5.9173558e+02   0.000000e+00   2.032999e+06   2526s
  215827    5.9146649e+02   0.000000e+00   4.805303e+06   2531s
  216007    5.9121634e+02   0.000000e+00   3.311882e+06   2536s
  216187    5.9099348e+02   0.000000e+00   1.212948e+07   2541s
  216367    5.9074006e+02   0.000000e+00   3.799842e+06   2547s
  216547    5.9038243e+02   0.000000e+00   8.388496e+06   2552s
  216727    5.9006498e+02   0.000000e+00   2.444816e+06   2557s
  216907    5.8983538e+02   0.000000e+00   1.855001e+06   2562s
  217087    5.8956168e+02   0.000000e+00   1.431189e+07   2567s
  217267    5.8923829e+02   0.000000e+00   9.769360e+06   2572s
  217447    5.8898061e+02   0.000000e+00   4.688245e+06   2577s
  217627    5.8875154e+02   0.000000e+00   4.573186e+06   2582s
  217807    5.8858252e+02   0.000000e+00   5.828988e+07   2587s
  217987    5.8841506e+02   0.000000e+00   7.086484e+07   2592s
  218167    5.8823072e+02   0.000000e+00   5.593775e+06   2598s
  218347    5.8804974e+02   0.000000e+00   4.762243e+06   2603s
  218527    5.8783494e+02   0.000000e+00   1.204618e+07   2607s
  218707    5.8757457e+02   0.000000e+00   1.839778e+06   2612s
  218887    5.8730232e+02   0.000000e+00   5.515680e+06   2618s
  219067    5.8708144e+02   0.000000e+00   2.144896e+06   2623s
  219247    5.8684153e+02   0.000000e+00   1.722890e+07   2628s
  219427    5.8659352e+02   0.000000e+00   1.584662e+07   2633s
  219607    5.8631948e+02   0.000000e+00   9.053739e+06   2638s
  219787    5.8609139e+02   0.000000e+00   2.997701e+06   2643s
  219967    5.8589040e+02   0.000000e+00   4.669796e+06   2649s
  220147    5.8574152e+02   0.000000e+00   4.316618e+07   2653s
  220327    5.8559636e+02   0.000000e+00   1.047035e+08   2659s
  220507    5.8539080e+02   0.000000e+00   2.978649e+06   2664s
  220687    5.8514951e+02   0.000000e+00   1.945198e+06   2669s
  220867    5.8488456e+02   0.000000e+00   4.253211e+06   2674s
  221047    5.8461653e+02   0.000000e+00   1.575507e+06   2679s
  221227    5.8437804e+02   0.000000e+00   3.189745e+06   2684s
  221407    5.8417293e+02   0.000000e+00   1.025557e+07   2689s
  221587    5.8397106e+02   0.000000e+00   1.909437e+06   2694s
  221767    5.8380206e+02   0.000000e+00   1.394471e+07   2699s
  221947    5.8360482e+02   0.000000e+00   2.861144e+07   2704s
  222127    5.8340411e+02   0.000000e+00   4.794897e+06   2710s
  222307    5.8321078e+02   0.000000e+00   9.764485e+06   2715s
  222487    5.8309260e+02   0.000000e+00   3.952147e+06   2720s
  222667    5.8289192e+02   0.000000e+00   1.135731e+07   2725s
  222847    5.8270738e+02   0.000000e+00   1.736451e+06   2730s
  223027    5.8253623e+02   0.000000e+00   2.227914e+06   2735s
  223207    5.8234607e+02   0.000000e+00   1.201309e+07   2740s
  223387    5.8210232e+02   0.000000e+00   2.156219e+06   2745s
  223567    5.8187145e+02   0.000000e+00   5.098787e+06   2750s
  223747    5.8169845e+02   0.000000e+00   8.518510e+06   2755s
  223927    5.8152107e+02   0.000000e+00   2.732844e+06   2760s
  224287    5.8119374e+02   0.000000e+00   1.758823e+07   2770s
  224467    5.8100590e+02   0.000000e+00   4.063834e+06   2775s
  224647    5.8081273e+02   0.000000e+00   3.242308e+07   2780s
  224827    5.8062815e+02   0.000000e+00   1.046779e+06   2785s
  225007    5.8044376e+02   0.000000e+00   1.506211e+06   2791s
  225187    5.8026215e+02   0.000000e+00   8.373336e+06   2796s
  225367    5.8013040e+02   0.000000e+00   1.015015e+07   2801s
  225547    5.8000249e+02   0.000000e+00   3.736827e+06   2806s
  225727    5.7988409e+02   0.000000e+00   4.300737e+06   2811s
  225907    5.7972324e+02   0.000000e+00   2.778100e+06   2817s
  226087    5.7962408e+02   0.000000e+00   6.759501e+07   2822s
  226267    5.7951816e+02   0.000000e+00   8.825466e+05   2827s
  226447    5.7939946e+02   0.000000e+00   7.578898e+06   2832s
  226627    5.7931337e+02   0.000000e+00   1.536188e+06   2837s
  226807    5.7921293e+02   0.000000e+00   1.661264e+06   2843s
  226987    5.7909631e+02   0.000000e+00   3.259374e+06   2848s
  227167    5.7896857e+02   0.000000e+00   1.084942e+07   2853s
  227347    5.7881889e+02   0.000000e+00   1.435751e+06   2858s
  227527    5.7869013e+02   0.000000e+00   2.320535e+06   2864s
  227707    5.7856891e+02   0.000000e+00   2.528411e+06   2869s
  227887    5.7845490e+02   0.000000e+00   1.036472e+07   2874s
  228067    5.7836491e+02   0.000000e+00   1.133775e+06   2879s
  228247    5.7828192e+02   0.000000e+00   2.898493e+06   2884s
  228427    5.7817727e+02   0.000000e+00   6.760224e+05   2889s
  228607    5.7808158e+02   0.000000e+00   1.697463e+06   2894s
  228787    5.7795239e+02   0.000000e+00   2.252294e+06   2899s
  228967    5.7779254e+02   0.000000e+00   4.681832e+06   2904s
  229147    5.7762251e+02   0.000000e+00   8.210709e+05   2910s
  229327    5.7750349e+02   0.000000e+00   1.652605e+06   2915s
  229507    5.7739115e+02   0.000000e+00   1.698853e+07   2920s
  229687    5.7725458e+02   0.000000e+00   1.877886e+06   2926s
  229867    5.7713222e+02   0.000000e+00   2.605829e+06   2931s
  230047    5.7697777e+02   0.000000e+00   9.788056e+06   2936s
  230227    5.7685015e+02   0.000000e+00   2.431072e+06   2941s
  230407    5.7671445e+02   0.000000e+00   4.547393e+06   2947s
  230587    5.7660564e+02   0.000000e+00   8.168255e+06   2951s
  230767    5.7648138e+02   0.000000e+00   1.297369e+06   2957s
  230947    5.7636865e+02   0.000000e+00   1.360559e+06   2962s
  231127    5.7623143e+02   0.000000e+00   1.051250e+07   2967s
  231307    5.7612936e+02   0.000000e+00   1.168508e+06   2972s
  231487    5.7603265e+02   0.000000e+00   4.287940e+06   2977s
  231667    5.7592221e+02   0.000000e+00   2.615245e+07   2983s
  231847    5.7579994e+02   0.000000e+00   1.626808e+06   2988s
  232027    5.7567970e+02   0.000000e+00   3.384014e+06   2993s
  232207    5.7557985e+02   0.000000e+00   8.926677e+06   2998s
  232387    5.7545882e+02   0.000000e+00   3.303016e+07   3004s
  232567    5.7532605e+02   0.000000e+00   4.581804e+06   3009s
  232747    5.7523033e+02   0.000000e+00   3.469528e+06   3014s
  232927    5.7510081e+02   0.000000e+00   3.687252e+06   3019s
  233107    5.7498044e+02   0.000000e+00   1.568540e+06   3025s
  233287    5.7484708e+02   0.000000e+00   3.865693e+06   3030s
  233467    5.7471543e+02   0.000000e+00   6.521186e+06   3035s
  233647    5.7458560e+02   0.000000e+00   6.286577e+06   3041s
  233827    5.7448075e+02   0.000000e+00   3.211757e+06   3046s
  234007    5.7438444e+02   0.000000e+00   1.788206e+06   3052s
  234187    5.7426995e+02   0.000000e+00   1.037359e+06   3057s
  234367    5.7419657e+02   0.000000e+00   3.242067e+06   3062s
  234547    5.7411824e+02   0.000000e+00   3.634939e+06   3067s
  234727    5.7400258e+02   0.000000e+00   1.654311e+07   3072s
  234907    5.7390251e+02   0.000000e+00   2.461686e+06   3077s
  235087    5.7380210e+02   0.000000e+00   3.878857e+06   3082s
  235267    5.7371790e+02   0.000000e+00   2.730113e+06   3087s
  235447    5.7361793e+02   0.000000e+00   2.173837e+06   3093s
  235627    5.7350681e+02   0.000000e+00   3.916334e+06   3098s
  235807    5.7340268e+02   0.000000e+00   9.553610e+05   3103s
  235987    5.7330670e+02   0.000000e+00   9.709124e+05   3109s
  236167    5.7321355e+02   0.000000e+00   2.765293e+07   3114s
  236347    5.7313271e+02   0.000000e+00   3.910572e+06   3120s
  236527    5.7303611e+02   0.000000e+00   5.439429e+06   3125s
  236707    5.7292312e+02   0.000000e+00   5.309045e+06   3131s
  236887    5.7278187e+02   0.000000e+00   2.035202e+06   3136s
  237067    5.7268592e+02   0.000000e+00   1.776786e+07   3141s
  237247    5.7259046e+02   0.000000e+00   6.167616e+06   3146s
  237427    5.7250281e+02   0.000000e+00   1.042063e+07   3152s
  237607    5.7240185e+02   0.000000e+00   5.293473e+06   3157s
  237787    5.7231008e+02   0.000000e+00   7.281880e+06   3163s
  237967    5.7220909e+02   0.000000e+00   4.744538e+06   3168s
  238147    5.7211284e+02   0.000000e+00   1.780003e+06   3174s
  238327    5.7202926e+02   0.000000e+00   1.252111e+06   3179s
  238507    5.7190230e+02   0.000000e+00   1.393385e+07   3184s
  238687    5.7176069e+02   0.000000e+00   4.862501e+06   3190s
  238867    5.7163253e+02   0.000000e+00   1.912355e+07   3195s
  239047    5.7150565e+02   0.000000e+00   8.173005e+06   3201s
  239227    5.7142386e+02   0.000000e+00   2.655020e+06   3206s
  239407    5.7131933e+02   0.000000e+00   8.118733e+06   3212s
  239587    5.7120951e+02   0.000000e+00   2.093459e+07   3218s
  239767    5.7110030e+02   0.000000e+00   1.552628e+06   3223s
  239947    5.7096006e+02   0.000000e+00   7.000290e+06   3229s
  240127    5.7084316e+02   0.000000e+00   2.036562e+06   3234s
  240307    5.7066978e+02   0.000000e+00   1.812387e+07   3240s
  240487    5.7055199e+02   0.000000e+00   1.982653e+06   3245s
  240667    5.7044848e+02   0.000000e+00   1.825601e+07   3250s
  240847    5.7035668e+02   0.000000e+00   1.484734e+06   3256s
  241027    5.7027208e+02   0.000000e+00   3.890373e+06   3262s
  241207    5.7015765e+02   0.000000e+00   9.082908e+05   3267s
  241387    5.7005774e+02   0.000000e+00   1.448566e+06   3272s
  241567    5.6996939e+02   0.000000e+00   7.491577e+06   3277s
  241747    5.6988960e+02   0.000000e+00   3.414493e+06   3283s
  241927    5.6979621e+02   0.000000e+00   1.389786e+06   3288s
  242107    5.6971445e+02   0.000000e+00   2.390837e+06   3294s
  242287    5.6961443e+02   0.000000e+00   1.757872e+06   3299s
  242467    5.6951974e+02   0.000000e+00   1.027311e+07   3304s
  242647    5.6942031e+02   0.000000e+00   1.221107e+07   3310s
  242827    5.6934314e+02   0.000000e+00   2.724400e+06   3316s
  243007    5.6924876e+02   0.000000e+00   9.436450e+05   3321s
  243187    5.6912317e+02   0.000000e+00   1.075787e+06   3326s
  243367    5.6901732e+02   0.000000e+00   1.389004e+06   3332s
  243547    5.6893085e+02   0.000000e+00   4.762992e+06   3337s
  243727    5.6882884e+02   0.000000e+00   2.274504e+06   3342s
  243907    5.6872852e+02   0.000000e+00   8.247531e+06   3348s
  244087    5.6862772e+02   0.000000e+00   9.732588e+05   3353s
  244267    5.6850341e+02   0.000000e+00   2.353448e+06   3358s
  244447    5.6838248e+02   0.000000e+00   3.082479e+06   3363s
  244627    5.6830388e+02   0.000000e+00   1.276102e+06   3368s
  244807    5.6821216e+02   0.000000e+00   7.008791e+06   3374s
  244987    5.6813019e+02   0.000000e+00   1.742734e+06   3379s
  245167    5.6805205e+02   0.000000e+00   2.500400e+06   3385s
  245347    5.6795987e+02   0.000000e+00   9.281769e+05   3390s
  245527    5.6788861e+02   0.000000e+00   8.857414e+06   3396s
  245707    5.6780360e+02   0.000000e+00   2.860810e+06   3401s
  245887    5.6769904e+02   0.000000e+00   2.129160e+07   3407s
  246067    5.6763186e+02   0.000000e+00   9.990535e+05   3413s
  246247    5.6754894e+02   0.000000e+00   6.059139e+05   3418s
  246427    5.6748792e+02   0.000000e+00   1.130338e+06   3424s
  246607    5.6741321e+02   0.000000e+00   3.479511e+06   3429s
  246787    5.6733295e+02   0.000000e+00   3.048564e+06   3435s
  246967    5.6724721e+02   0.000000e+00   4.023416e+07   3440s
  247147    5.6717218e+02   0.000000e+00   1.206079e+06   3445s
  247327    5.6706767e+02   0.000000e+00   1.429194e+07   3451s
  247507    5.6696631e+02   0.000000e+00   5.477561e+06   3456s
  247687    5.6687199e+02   0.000000e+00   8.298024e+06   3461s
  247867    5.6679306e+02   0.000000e+00   2.512201e+06   3467s
  248047    5.6669008e+02   0.000000e+00   8.751312e+06   3472s
  248227    5.6658222e+02   0.000000e+00   1.677017e+07   3477s
  248407    5.6648628e+02   0.000000e+00   2.247173e+06   3482s
  248587    5.6638269e+02   0.000000e+00   7.369643e+06   3488s
  248767    5.6625164e+02   0.000000e+00   4.553188e+06   3493s
  248947    5.6615471e+02   0.000000e+00   4.018083e+06   3499s
  249127    5.6606991e+02   0.000000e+00   3.339487e+06   3504s
  249307    5.6597334e+02   0.000000e+00   8.853256e+06   3510s
  249487    5.6588460e+02   0.000000e+00   5.052115e+06   3515s
  249667    5.6577808e+02   0.000000e+00   1.392206e+07   3520s
  249847    5.6571078e+02   0.000000e+00   1.366116e+06   3525s
  250027    5.6562476e+02   0.000000e+00   2.436615e+06   3530s
  250207    5.6550240e+02   0.000000e+00   3.648703e+06   3536s
  250387    5.6541188e+02   0.000000e+00   1.361475e+06   3542s
  250567    5.6528875e+02   0.000000e+00   3.429511e+06   3547s
  250747    5.6521171e+02   0.000000e+00   2.843881e+06   3553s
  250927    5.6513044e+02   0.000000e+00   1.027634e+06   3558s
  251107    5.6503561e+02   0.000000e+00   2.171922e+06   3563s
  251287    5.6495663e+02   0.000000e+00   2.748056e+06   3569s
  251467    5.6489169e+02   0.000000e+00   6.436880e+06   3574s
  251647    5.6481772e+02   0.000000e+00   7.122971e+05   3579s
  251827    5.6475001e+02   0.000000e+00   6.724322e+05   3585s
  252007    5.6468597e+02   0.000000e+00   5.146404e+06   3590s
  252187    5.6461484e+02   0.000000e+00   3.660359e+06   3596s
  252367    5.6454776e+02   0.000000e+00   2.442280e+06   3601s
  252547    5.6446933e+02   0.000000e+00   1.626033e+07   3607s
  252727    5.6439179e+02   0.000000e+00   4.338245e+06   3613s
  252907    5.6432911e+02   0.000000e+00   2.822207e+06   3618s
  253087    5.6426342e+02   0.000000e+00   3.842754e+07   3624s
  253267    5.6417399e+02   0.000000e+00   2.302673e+07   3630s
  253447    5.6409529e+02   0.000000e+00   5.403250e+06   3636s
  253627    5.6402585e+02   0.000000e+00   3.119155e+06   3641s
  253807    5.6394813e+02   0.000000e+00   2.857420e+06   3647s
  253987    5.6386175e+02   0.000000e+00   1.822277e+06   3652s
  254167    5.6377643e+02   0.000000e+00   4.499046e+06   3658s
  254347    5.6368835e+02   0.000000e+00   1.497560e+06   3664s
  254527    5.6360387e+02   0.000000e+00   1.163492e+07   3669s
  254707    5.6353426e+02   0.000000e+00   4.006567e+06   3675s
  254887    5.6345903e+02   0.000000e+00   3.888487e+06   3680s
  255067    5.6337689e+02   0.000000e+00   2.331724e+07   3686s
  255247    5.6327841e+02   0.000000e+00   2.363534e+06   3691s
  255427    5.6318006e+02   0.000000e+00   2.766786e+06   3697s
  255607    5.6307792e+02   0.000000e+00   2.769346e+06   3703s
  255787    5.6296796e+02   0.000000e+00   2.036342e+06   3708s
  255967    5.6287181e+02   0.000000e+00   7.083229e+06   3714s
  256147    5.6280077e+02   0.000000e+00   9.346855e+05   3719s
  256327    5.6273822e+02   0.000000e+00   4.855651e+06   3725s
  256507    5.6265214e+02   0.000000e+00   1.065628e+06   3730s
  256687    5.6250897e+02   0.000000e+00   8.623460e+05   3736s
  256867    5.6239995e+02   0.000000e+00   7.135925e+06   3742s
  257047    5.6231536e+02   0.000000e+00   3.437362e+06   3748s
  257227    5.6223248e+02   0.000000e+00   3.914364e+06   3753s
  257407    5.6210855e+02   0.000000e+00   1.167041e+06   3759s
  257587    5.6203006e+02   0.000000e+00   2.229364e+06   3764s
  257767    5.6194673e+02   0.000000e+00   2.469630e+06   3770s
  257947    5.6186216e+02   0.000000e+00   2.944270e+06   3775s
  258127    5.6179043e+02   0.000000e+00   1.086295e+06   3781s
  258307    5.6170869e+02   0.000000e+00   1.556081e+06   3787s
  258487    5.6163323e+02   0.000000e+00   1.777038e+06   3792s
  258667    5.6156934e+02   0.000000e+00   3.245889e+06   3798s
  258847    5.6149969e+02   0.000000e+00   1.134056e+06   3804s
  259027    5.6144648e+02   0.000000e+00   2.504516e+06   3809s
  259207    5.6138298e+02   0.000000e+00   1.073064e+07   3815s
  259387    5.6132006e+02   0.000000e+00   2.132078e+07   3821s
  259567    5.6126671e+02   0.000000e+00   2.099898e+06   3826s
  259747    5.6120951e+02   0.000000e+00   1.012869e+07   3831s
  259917    5.6113130e+02   0.000000e+00   3.773536e+06   3837s
  260097    5.6105523e+02   0.000000e+00   5.626825e+06   3842s
  260277    5.6096538e+02   0.000000e+00   6.388501e+06   3848s
  260457    5.6090690e+02   0.000000e+00   8.599200e+06   3853s
  260637    5.6084926e+02   0.000000e+00   7.206411e+06   3859s
  260757    5.6080452e+02   0.000000e+00   6.776963e+06   3862s
  260917    5.6074541e+02   0.000000e+00   4.390887e+06   3868s
  261097    5.6067430e+02   0.000000e+00   1.012709e+06   3874s
  261277    5.6060511e+02   0.000000e+00   3.297085e+06   3879s
  261457    5.6053293e+02   0.000000e+00   5.997106e+06   3884s
  261637    5.6043072e+02   0.000000e+00   2.806475e+06   3890s
  261817    5.6035385e+02   0.000000e+00   4.972440e+06   3895s
  261997    5.6028453e+02   0.000000e+00   1.162779e+06   3900s
  262177    5.6022474e+02   0.000000e+00   1.787461e+06   3907s
  262357    5.6013888e+02   0.000000e+00   3.342098e+06   3912s
  262537    5.6007131e+02   0.000000e+00   5.412665e+07   3918s
  262717    5.6001320e+02   0.000000e+00   3.880687e+06   3923s
  262897    5.5995656e+02   0.000000e+00   1.619789e+06   3929s
  263077    5.5989551e+02   0.000000e+00   2.369066e+06   3934s
  263257    5.5983199e+02   0.000000e+00   4.060149e+06   3940s
  263367    5.5977685e+02   0.000000e+00   6.398472e+06   3943s
  263527    5.5970209e+02   0.000000e+00   1.929649e+06   3949s
  263647    5.5964934e+02   0.000000e+00   3.683178e+06   3953s
  263777    5.5960268e+02   0.000000e+00   1.813119e+07   3957s
  263957    5.5953284e+02   0.000000e+00   5.404450e+06   3963s
  264137    5.5946158e+02   0.000000e+00   2.922279e+06   3968s
  264317    5.5940269e+02   0.000000e+00   8.305619e+07   3974s
  264497    5.5931658e+02   0.000000e+00   1.187260e+08   3978s
  264607    5.5928409e+02   0.000000e+00   5.245340e+07   3982s
  264767    5.5922941e+02   0.000000e+00   1.345682e+06   3987s
  264907    5.5916253e+02   0.000000e+00   3.200797e+06   3991s
  265027    5.5909997e+02   0.000000e+00   4.101095e+06   3995s
  265387    5.5892887e+02   0.000000e+00   4.093678e+06   4007s
  265567    5.5885123e+02   0.000000e+00   1.267391e+06   4013s
  265747    5.5876681e+02   0.000000e+00   4.470553e+06   4019s
  265917    5.5868135e+02   0.000000e+00   3.539225e+06   4023s
  266027    5.5864061e+02   0.000000e+00   3.188596e+06   4027s
  266187    5.5858412e+02   0.000000e+00   5.951265e+05   4032s
  266317    5.5852900e+02   0.000000e+00   4.945149e+06   4037s
  266497    5.5846489e+02   0.000000e+00   5.865446e+05   4042s
  266677    5.5840637e+02   0.000000e+00   2.035478e+06   4048s
  266857    5.5834209e+02   0.000000e+00   7.090273e+05   4053s
  267017    5.5826697e+02   0.000000e+00   1.732401e+06   4058s
  267127    5.5823417e+02   0.000000e+00   2.746549e+06   4062s
  267287    5.5817689e+02   0.000000e+00   3.105287e+06   4067s
  267417    5.5812680e+02   0.000000e+00   6.484749e+05   4072s
  267557    5.5809097e+02   0.000000e+00   5.982653e+05   4076s
  267797    5.5798870e+02   0.000000e+00   1.808925e+06   4084s
  267917    5.5793579e+02   0.000000e+00   5.633713e+06   4088s
  268037    5.5788865e+02   0.000000e+00   7.633994e+06   4092s
  268157    5.5785221e+02   0.000000e+00   6.829520e+06   4096s
  268277    5.5781765e+02   0.000000e+00   2.042282e+06   4100s
  268517    5.5773303e+02   0.000000e+00   5.756537e+06   4108s
  268637    5.5769016e+02   0.000000e+00   1.347045e+07   4113s
  268757    5.5765442e+02   0.000000e+00   5.943074e+06   4117s
  268877    5.5760865e+02   0.000000e+00   2.722232e+06   4121s
  269117    5.5755573e+02   0.000000e+00   9.434793e+05   4129s
  269237    5.5751147e+02   0.000000e+00   3.305852e+06   4133s
  269367    5.5747004e+02   0.000000e+00   1.406632e+06   4137s
  269487    5.5742633e+02   0.000000e+00   2.178747e+06   4141s
  269607    5.5738689e+02   0.000000e+00   3.563153e+06   4145s
  269857    5.5732621e+02   0.000000e+00   2.826437e+06   4153s
  269987    5.5729754e+02   0.000000e+00   2.663672e+05   4157s
  270107    5.5726935e+02   0.000000e+00   2.657310e+06   4161s
  270227    5.5723919e+02   0.000000e+00   3.605112e+08   4166s
  270467    5.5718936e+02   0.000000e+00   1.087719e+07   4174s
  270587    5.5716448e+02   0.000000e+00   3.826155e+06   4178s
  270707    5.5713215e+02   0.000000e+00   5.714851e+06   4182s
  270827    5.5709455e+02   0.000000e+00   7.285651e+06   4186s
  270947    5.5706751e+02   0.000000e+00   2.571975e+06   4190s
  271187    5.5701182e+02   0.000000e+00   9.552243e+05   4199s
  271307    5.5697692e+02   0.000000e+00   3.003021e+06   4203s
  271427    5.5694426e+02   0.000000e+00   1.640217e+06   4207s
  271547    5.5690807e+02   0.000000e+00   2.925709e+06   4211s
  271807    5.5684435e+02   0.000000e+00   2.444894e+07   4219s
  271927    5.5681515e+02   0.000000e+00   4.501213e+06   4223s
  272047    5.5678866e+02   0.000000e+00   7.901377e+05   4227s
  272167    5.5676382e+02   0.000000e+00   5.408784e+06   4231s
  272287    5.5673627e+02   0.000000e+00   6.403721e+05   4235s
  272527    5.5667877e+02   0.000000e+00   1.233617e+06   4244s
  272647    5.5664717e+02   0.000000e+00   1.050299e+06   4248s
  272767    5.5661525e+02   0.000000e+00   1.391109e+06   4252s
  272887    5.5658689e+02   0.000000e+00   3.342518e+06   4256s
  273147    5.5651164e+02   0.000000e+00   1.331987e+06   4264s
  273267    5.5646729e+02   0.000000e+00   6.818166e+05   4268s
  273387    5.5643312e+02   0.000000e+00   1.166069e+06   4272s
  273507    5.5639350e+02   0.000000e+00   2.574610e+06   4276s
  273627    5.5635705e+02   0.000000e+00   1.770799e+06   4280s
  273887    5.5628938e+02   0.000000e+00   1.128085e+07   4288s
  274007    5.5623950e+02   0.000000e+00   8.120041e+05   4292s
  274127    5.5621095e+02   0.000000e+00   3.610702e+06   4296s
  274247    5.5617505e+02   0.000000e+00   4.427927e+06   4300s
  274487    5.5611595e+02   0.000000e+00   9.811327e+05   4308s
  274607    5.5607809e+02   0.000000e+00   1.212548e+06   4313s
  274727    5.5603047e+02   0.000000e+00   2.484894e+06   4317s
  274847    5.5598937e+02   0.000000e+00   5.363437e+06   4321s
  275097    5.5590819e+02   0.000000e+00   6.728415e+06   4329s
  275217    5.5587110e+02   0.000000e+00   1.769391e+06   4333s
  275337    5.5583321e+02   0.000000e+00   5.946108e+06   4337s
  275457    5.5579627e+02   0.000000e+00   4.430347e+06   4341s
  275697    5.5572172e+02   0.000000e+00   1.381597e+06   4349s
  275817    5.5568192e+02   0.000000e+00   1.335019e+07   4353s
  275937    5.5564922e+02   0.000000e+00   4.810867e+07   4357s
  276067    5.5561239e+02   0.000000e+00   5.883322e+06   4361s
  276187    5.5557455e+02   0.000000e+00   1.824557e+07   4365s
  276427    5.5550977e+02   0.000000e+00   1.091004e+07   4373s
  276547    5.5547898e+02   0.000000e+00   6.748710e+06   4377s
  276667    5.5544908e+02   0.000000e+00   9.543335e+05   4381s
  276787    5.5541963e+02   0.000000e+00   1.443786e+06   4386s
  277027    5.5535184e+02   0.000000e+00   4.323476e+05   4394s
  277147    5.5531758e+02   0.000000e+00   3.679840e+06   4398s
  277277    5.5528263e+02   0.000000e+00   1.760996e+07   4402s
  277397    5.5525421e+02   0.000000e+00   9.730107e+06   4406s
  277637    5.5519813e+02   0.000000e+00   1.061323e+06   4414s
  277757    5.5516085e+02   0.000000e+00   2.835055e+06   4418s
  277887    5.5512999e+02   0.000000e+00   6.983247e+05   4422s
  278007    5.5510591e+02   0.000000e+00   3.785210e+06   4426s
  278127    5.5507620e+02   0.000000e+00   9.323231e+05   4431s
  278367    5.5500807e+02   0.000000e+00   4.614822e+06   4438s
  278487    5.5496205e+02   0.000000e+00   8.850535e+06   4442s
  278607    5.5492932e+02   0.000000e+00   1.456013e+06   4447s
  278727    5.5488811e+02   0.000000e+00   5.888157e+06   4451s
  278987    5.5481493e+02   0.000000e+00   4.451886e+05   4459s
  279107    5.5478016e+02   0.000000e+00   4.619901e+06   4463s
  279227    5.5474353e+02   0.000000e+00   1.639357e+06   4467s
  279347    5.5470198e+02   0.000000e+00   4.214178e+06   4472s
  279477    5.5467175e+02   0.000000e+00   5.062491e+06   4475s
  279727    5.5459338e+02   0.000000e+00   3.312251e+06   4484s
  279847    5.5455329e+02   0.000000e+00   3.230012e+06   4488s
  279977    5.5451528e+02   0.000000e+00   2.237075e+06   4492s
  280107    5.5448028e+02   0.000000e+00   2.268664e+05   4496s
  280357    5.5439613e+02   0.000000e+00   3.029512e+06   4504s
  280477    5.5436557e+02   0.000000e+00   1.471707e+06   4508s
  280607    5.5432220e+02   0.000000e+00   5.584906e+06   4512s
  280727    5.5428648e+02   0.000000e+00   2.570005e+06   4516s
  280977    5.5421183e+02   0.000000e+00   1.340155e+06   4524s
  281107    5.5417497e+02   0.000000e+00   2.672777e+07   4528s
  281227    5.5414453e+02   0.000000e+00   1.591902e+07   4532s
  281357    5.5411253e+02   0.000000e+00   1.254554e+06   4536s
  281627    5.5404244e+02   0.000000e+00   1.408751e+06   4544s
  281747    5.5400253e+02   0.000000e+00   1.064324e+07   4548s
  281887    5.5397697e+02   0.000000e+00   4.608013e+06   4552s
  282007    5.5394653e+02   0.000000e+00   8.447196e+05   4556s
  282127    5.5391340e+02   0.000000e+00   1.859212e+06   4560s
  282377    5.5384960e+02   0.000000e+00   1.222206e+07   4569s
  282507    5.5381149e+02   0.000000e+00   1.186648e+06   4573s
  282627    5.5377800e+02   0.000000e+00   2.160024e+06   4577s
  282767    5.5373280e+02   0.000000e+00   8.140273e+06   4581s
  282887    5.5369822e+02   0.000000e+00   1.411533e+06   4585s
  283167    5.5362446e+02   0.000000e+00   1.202816e+06   4593s
  283287    5.5358470e+02   0.000000e+00   1.154315e+08   4597s
  283417    5.5355742e+02   0.000000e+00   6.371877e+05   4601s
  283667    5.5350086e+02   0.000000e+00   9.580257e+05   4609s
  283797    5.5347413e+02   0.000000e+00   1.542599e+06   4613s
  283937    5.5343189e+02   0.000000e+00   1.129047e+06   4617s
  284067    5.5339904e+02   0.000000e+00   1.154366e+06   4621s
  284337    5.5331573e+02   0.000000e+00   7.107662e+05   4628s
  284487    5.5327682e+02   0.000000e+00   1.100117e+06   4632s
  284617    5.5324351e+02   0.000000e+00   1.057798e+06   4636s
  284887    5.5317202e+02   0.000000e+00   3.269699e+06   4644s
  285037    5.5312516e+02   0.000000e+00   2.025104e+06   4648s
  285187    5.5307903e+02   0.000000e+00   2.521216e+06   4651s
  285317    5.5304803e+02   0.000000e+00   1.228419e+06   4655s
  285607    5.5297596e+02   0.000000e+00   8.707584e+05   4663s
  285747    5.5294281e+02   0.000000e+00   1.347626e+06   4667s
  285907    5.5290956e+02   0.000000e+00   6.542766e+06   4671s
  286217    5.5282953e+02   0.000000e+00   3.940665e+06   4679s
  286377    5.5279276e+02   0.000000e+00   6.934322e+05   4683s
  286537    5.5275942e+02   0.000000e+00   1.557575e+06   4686s
  286667    5.5273552e+02   0.000000e+00   7.692289e+06   4690s
  286937    5.5266869e+02   0.000000e+00   2.019588e+06   4698s
  287067    5.5263557e+02   0.000000e+00   2.760871e+07   4702s
  287197    5.5260472e+02   0.000000e+00   6.578070e+05   4706s
  287337    5.5256634e+02   0.000000e+00   4.017204e+06   4710s
  287607    5.5251697e+02   0.000000e+00   3.660843e+06   4718s
  287747    5.5248537e+02   0.000000e+00   5.765474e+05   4722s
  287877    5.5246072e+02   0.000000e+00   1.468529e+07   4726s
  288007    5.5244000e+02   0.000000e+00   2.088824e+06   4730s
  288277    5.5238564e+02   0.000000e+00   8.437495e+05   4739s
  288417    5.5235209e+02   0.000000e+00   9.106933e+06   4742s
  288547    5.5231591e+02   0.000000e+00   1.898041e+06   4746s
  288677    5.5228637e+02   0.000000e+00   3.465871e+06   4750s
  288967    5.5220269e+02   0.000000e+00   1.973104e+06   4758s
  289117    5.5216008e+02   0.000000e+00   2.094967e+06   4762s
  289257    5.5210788e+02   0.000000e+00   1.392266e+06   4766s
  289397    5.5207386e+02   0.000000e+00   1.856781e+06   4770s
  289687    5.5198980e+02   0.000000e+00   2.246356e+06   4778s
  289837    5.5195560e+02   0.000000e+00   6.691082e+06   4783s
  289967    5.5192498e+02   0.000000e+00   7.076353e+05   4787s
  290097    5.5189389e+02   0.000000e+00   7.876010e+05   4791s
  290387    5.5181299e+02   0.000000e+00   1.062597e+07   4799s
  290527    5.5177847e+02   0.000000e+00   3.657276e+06   4803s
  290677    5.5173813e+02   0.000000e+00   2.882151e+06   4807s
  290827    5.5169373e+02   0.000000e+00   3.568562e+06   4811s
  290947    5.5166485e+02   0.000000e+00   3.734622e+06   4815s
  291227    5.5156084e+02   0.000000e+00   8.446029e+06   4823s
  291347    5.5152731e+02   0.000000e+00   2.811146e+06   4828s
  291467    5.5148735e+02   0.000000e+00   4.403277e+06   4832s
  291607    5.5143904e+02   0.000000e+00   5.669102e+05   4836s
  291737    5.5139080e+02   0.000000e+00   1.052328e+06   4840s
  292007    5.5132734e+02   0.000000e+00   1.708016e+06   4849s
  292147    5.5129714e+02   0.000000e+00   8.266346e+06   4852s
  292287    5.5126228e+02   0.000000e+00   4.564018e+06   4857s
  292417    5.5123080e+02   0.000000e+00   1.459959e+06   4861s
  292717    5.5117385e+02   0.000000e+00   9.215931e+05   4869s
  292847    5.5114582e+02   0.000000e+00   1.898682e+06   4873s
  292997    5.5111374e+02   0.000000e+00   3.691284e+06   4877s
  293147    5.5108038e+02   0.000000e+00   9.038835e+05   4881s
  293437    5.5102220e+02   0.000000e+00   2.532977e+06   4889s
  293587    5.5098620e+02   0.000000e+00   7.534325e+05   4893s
  293727    5.5095822e+02   0.000000e+00   1.033746e+07   4897s
  293877    5.5092594e+02   0.000000e+00   8.581955e+05   4901s
  294017    5.5088096e+02   0.000000e+00   1.252354e+06   4905s
  294327    5.5082140e+02   0.000000e+00   1.561541e+07   4913s
  294467    5.5078590e+02   0.000000e+00   1.056065e+06   4917s
  294597    5.5075069e+02   0.000000e+00   1.026879e+06   4921s
  294747    5.5070709e+02   0.000000e+00   6.730692e+05   4925s
  295057    5.5063491e+02   0.000000e+00   2.373756e+07   4933s
  295207    5.5060063e+02   0.000000e+00   1.730230e+06   4937s
  295367    5.5057129e+02   0.000000e+00   1.127780e+07   4941s
  295517    5.5054524e+02   0.000000e+00   1.874029e+07   4945s
  295827    5.5046849e+02   0.000000e+00   8.077176e+05   4953s
  295987    5.5042346e+02   0.000000e+00   2.255096e+06   4956s
  296127    5.5038774e+02   0.000000e+00   2.127463e+07   4960s
  296387    5.5033893e+02   0.000000e+00   3.946946e+06   4968s
  296537    5.5030875e+02   0.000000e+00   1.440347e+07   4972s
  296677    5.5027665e+02   0.000000e+00   3.189951e+06   4976s
  296827    5.5025153e+02   0.000000e+00   6.389315e+05   4980s
  297127    5.5018639e+02   0.000000e+00   7.446620e+05   4988s
  297297    5.5015123e+02   0.000000e+00   2.360134e+07   4992s
  297447    5.5011350e+02   0.000000e+00   3.334787e+06   4996s
  297597    5.5007645e+02   0.000000e+00   6.721188e+06   5000s
  297897    5.4998367e+02   0.000000e+00   3.167734e+06   5008s
  298047    5.4995254e+02   0.000000e+00   2.319912e+06   5012s
  298207    5.4991549e+02   0.000000e+00   6.937160e+05   5016s
  298357    5.4988419e+02   0.000000e+00   2.851840e+06   5020s
  298677    5.4983013e+02   0.000000e+00   4.751643e+06   5028s
  298837    5.4979724e+02   0.000000e+00   5.667012e+06   5032s
  298987    5.4976051e+02   0.000000e+00   5.396115e+06   5036s
  299137    5.4971715e+02   0.000000e+00   7.084651e+05   5040s
  299457    5.4964906e+02   0.000000e+00   2.491906e+06   5048s
  299617    5.4961753e+02   0.000000e+00   1.217496e+06   5052s
  299767    5.4958458e+02   0.000000e+00   3.326584e+06   5056s
  300077    5.4951155e+02   0.000000e+00   8.820675e+05   5063s
  300227    5.4945470e+02   0.000000e+00   9.023785e+05   5068s
  300387    5.4941195e+02   0.000000e+00   1.547903e+06   5071s
  300527    5.4938343e+02   0.000000e+00   4.088843e+06   5076s
  300847    5.4929872e+02   0.000000e+00   1.579219e+06   5083s
  300987    5.4926512e+02   0.000000e+00   3.782812e+06   5088s
  301157    5.4922107e+02   0.000000e+00   1.038233e+06   5091s
  301317    5.4918049e+02   0.000000e+00   6.798022e+05   5095s
  301637    5.4909584e+02   0.000000e+00   1.476772e+06   5103s
  301807    5.4904458e+02   0.000000e+00   1.155380e+06   5107s
  301967    5.4900804e+02   0.000000e+00   2.593961e+05   5111s
  302277    5.4893836e+02   0.000000e+00   9.686522e+05   5119s
  302427    5.4890338e+02   0.000000e+00   1.514933e+06   5122s
  302587    5.4887474e+02   0.000000e+00   6.763259e+06   5126s
  302727    5.4884685e+02   0.000000e+00   2.462533e+06   5131s
  303027    5.4877733e+02   0.000000e+00   1.211822e+06   5138s
  303187    5.4873942e+02   0.000000e+00   1.370142e+06   5142s
  303347    5.4868390e+02   0.000000e+00   9.730002e+05   5146s
  303657    5.4859921e+02   0.000000e+00   2.251089e+06   5153s
  303807    5.4854331e+02   0.000000e+00   1.599143e+06   5158s
  303967    5.4849305e+02   0.000000e+00   2.363682e+06   5161s
  304127    5.4846310e+02   0.000000e+00   2.066185e+06   5165s
  304437    5.4839520e+02   0.000000e+00   3.541232e+06   5173s
  304597    5.4835079e+02   0.000000e+00   7.288371e+06   5177s
  304767    5.4831617e+02   0.000000e+00   1.176651e+06   5181s
  305067    5.4825298e+02   0.000000e+00   1.967750e+06   5189s
  305227    5.4822447e+02   0.000000e+00   3.431424e+06   5192s
  305387    5.4819112e+02   0.000000e+00   2.465597e+06   5196s
  305717    5.4811983e+02   0.000000e+00   2.964601e+06   5204s
  305867    5.4809233e+02   0.000000e+00   5.405599e+05   5208s
  306037    5.4806330e+02   0.000000e+00   5.706423e+05   5212s
  306197    5.4803528e+02   0.000000e+00   2.250073e+06   5216s
  306517    5.4797558e+02   0.000000e+00   7.157353e+07   5223s
  306687    5.4794395e+02   0.000000e+00   2.687430e+06   5227s
  306847    5.4791079e+02   0.000000e+00   1.080559e+06   5231s
  307197    5.4782596e+02   0.000000e+00   4.657036e+06   5238s
  307357    5.4779537e+02   0.000000e+00   7.284379e+05   5242s
  307517    5.4776509e+02   0.000000e+00   1.793416e+06   5246s
  307867    5.4769617e+02   0.000000e+00   5.754598e+06   5253s
  308037    5.4766987e+02   0.000000e+00   1.216066e+06   5257s
  308197    5.4763569e+02   0.000000e+00   1.961153e+05   5261s
  308527    5.4755726e+02   0.000000e+00   2.478963e+06   5268s
  308697    5.4751643e+02   0.000000e+00   5.613583e+05   5272s
  308877    5.4747946e+02   0.000000e+00   5.614720e+05   5276s
  309217    5.4740768e+02   0.000000e+00   1.944602e+07   5284s
  309377    5.4737787e+02   0.000000e+00   1.256741e+06   5287s
  309537    5.4733557e+02   0.000000e+00   8.753623e+06   5291s
  309867    5.4726239e+02   0.000000e+00   4.830771e+06   5298s
  310037    5.4721940e+02   0.000000e+00   2.073293e+07   5302s
  310197    5.4718760e+02   0.000000e+00   2.007191e+06   5306s
  310527    5.4712321e+02   0.000000e+00   4.546055e+06   5313s
  310687    5.4709826e+02   0.000000e+00   1.610954e+06   5317s
  310847    5.4706849e+02   0.000000e+00   9.080423e+05   5321s
  311167    5.4700315e+02   0.000000e+00   6.309497e+05   5328s
  311337    5.4697113e+02   0.000000e+00   1.876817e+06   5332s
  311517    5.4694085e+02   0.000000e+00   8.790778e+05   5336s
  311857    5.4686900e+02   0.000000e+00   1.428326e+06   5343s
  312027    5.4682471e+02   0.000000e+00   1.215575e+06   5347s
  312187    5.4679405e+02   0.000000e+00   1.129181e+06   5351s
  312527    5.4672070e+02   0.000000e+00   8.403787e+05   5358s
  312687    5.4668423e+02   0.000000e+00   1.151447e+07   5362s
  312837    5.4665542e+02   0.000000e+00   8.600860e+05   5365s
  313177    5.4657479e+02   0.000000e+00   9.806535e+06   5373s
  313347    5.4653045e+02   0.000000e+00   8.374658e+06   5377s
  313527    5.4648684e+02   0.000000e+00   2.214458e+06   5381s
  313857    5.4642222e+02   0.000000e+00   1.169944e+06   5389s
  314017    5.4639257e+02   0.000000e+00   3.385931e+07   5393s
  314197    5.4636144e+02   0.000000e+00   2.106092e+06   5396s
  314357    5.4633595e+02   0.000000e+00   3.412719e+06   5400s
  314697    5.4627823e+02   0.000000e+00   1.949459e+06   5408s
  314857    5.4625087e+02   0.000000e+00   2.187978e+06   5411s
  315037    5.4620850e+02   0.000000e+00   2.600392e+06   5415s
  315377    5.4613159e+02   0.000000e+00   6.713901e+05   5423s
  315547    5.4609106e+02   0.000000e+00   3.054480e+06   5427s
  315717    5.4605704e+02   0.000000e+00   2.147089e+07   5431s
  316057    5.4598792e+02   0.000000e+00   1.428614e+06   5438s
  316227    5.4595131e+02   0.000000e+00   1.466553e+07   5442s
  316397    5.4591390e+02   0.000000e+00   1.524824e+06   5446s
  316737    5.4584026e+02   0.000000e+00   3.030803e+06   5454s
  316897    5.4581080e+02   0.000000e+00   8.278308e+05   5457s
  317057    5.4577691e+02   0.000000e+00   7.855376e+06   5461s
  317407    5.4570767e+02   0.000000e+00   1.336512e+06   5469s
  317587    5.4567869e+02   0.000000e+00   1.765598e+06   5472s
  317757    5.4565278e+02   0.000000e+00   4.162357e+06   5476s
  318097    5.4558307e+02   0.000000e+00   2.904373e+06   5484s
  318267    5.4554830e+02   0.000000e+00   5.867784e+06   5488s
  318437    5.4551939e+02   0.000000e+00   5.649598e+05   5492s
  318597    5.4548703e+02   0.000000e+00   1.049350e+06   5496s
  318937    5.4542392e+02   0.000000e+00   9.449438e+05   5503s
  319097    5.4539172e+02   0.000000e+00   8.480615e+06   5507s
  319267    5.4535948e+02   0.000000e+00   2.069501e+06   5511s
  319597    5.4530903e+02   0.000000e+00   4.579132e+07   5518s
  319757    5.4527420e+02   0.000000e+00   1.491023e+06   5522s
  319937    5.4524612e+02   0.000000e+00   1.526369e+06   5526s
  320287    5.4518244e+02   0.000000e+00   3.873060e+06   5533s
  320457    5.4515409e+02   0.000000e+00   2.549387e+06   5537s
  320637    5.4512870e+02   0.000000e+00   4.513353e+06   5541s
  320807    5.4509590e+02   0.000000e+00   1.268228e+06   5545s
  321147    5.4504044e+02   0.000000e+00   1.582078e+07   5553s
  321327    5.4501225e+02   0.000000e+00   2.250457e+06   5557s
  321507    5.4498203e+02   0.000000e+00   5.636897e+05   5561s
  321857    5.4492475e+02   0.000000e+00   1.540907e+06   5569s
  322037    5.4490016e+02   0.000000e+00   4.097299e+06   5572s
  322197    5.4487556e+02   0.000000e+00   1.224255e+06   5576s
  322547    5.4480829e+02   0.000000e+00   8.103192e+05   5584s
  322727    5.4477426e+02   0.000000e+00   8.012984e+05   5588s
  322907    5.4474581e+02   0.000000e+00   1.212520e+06   5592s
  323077    5.4471004e+02   0.000000e+00   1.266256e+06   5596s
  323437    5.4463749e+02   0.000000e+00   1.835154e+06   5604s
  323617    5.4460695e+02   0.000000e+00   4.756249e+05   5607s
  323797    5.4458075e+02   0.000000e+00   1.971189e+06   5611s
  323977    5.4454684e+02   0.000000e+00   3.527159e+06   5615s
  324327    5.4447896e+02   0.000000e+00   1.130522e+06   5623s
  324497    5.4445043e+02   0.000000e+00   9.159024e+05   5627s
  324667    5.4442260e+02   0.000000e+00   7.632165e+06   5631s
  325027    5.4435769e+02   0.000000e+00   4.362613e+06   5638s
  325207    5.4431398e+02   0.000000e+00   2.282811e+06   5642s
  325377    5.4428252e+02   0.000000e+00   4.426845e+06   5646s
  325557    5.4425202e+02   0.000000e+00   7.699684e+05   5650s
  325907    5.4419022e+02   0.000000e+00   1.257570e+06   5658s
  326077    5.4415846e+02   0.000000e+00   6.536210e+05   5662s
  326247    5.4412929e+02   0.000000e+00   3.068020e+06   5666s
  326607    5.4406679e+02   0.000000e+00   4.834067e+05   5674s
  326777    5.4403846e+02   0.000000e+00   8.604654e+05   5677s
  326957    5.4401161e+02   0.000000e+00   9.747262e+06   5681s
  327137    5.4397947e+02   0.000000e+00   5.202268e+05   5685s
  327497    5.4391994e+02   0.000000e+00   4.578162e+06   5693s
  327657    5.4388980e+02   0.000000e+00   3.749758e+05   5697s
  327827    5.4385957e+02   0.000000e+00   2.951415e+06   5700s
  328187    5.4381040e+02   0.000000e+00   1.590221e+06   5708s
  328367    5.4378080e+02   0.000000e+00   1.232214e+07   5712s
  328527    5.4375826e+02   0.000000e+00   1.355499e+06   5716s
  328877    5.4371177e+02   0.000000e+00   5.214654e+05   5723s
  329057    5.4368091e+02   0.000000e+00   1.926650e+06   5727s
  329237    5.4364704e+02   0.000000e+00   2.305415e+06   5731s
  329587    5.4359041e+02   0.000000e+00   3.516735e+06   5739s
  329757    5.4355351e+02   0.000000e+00   3.030042e+06   5743s
  329937    5.4352597e+02   0.000000e+00   4.220924e+05   5747s
  330117    5.4349687e+02   0.000000e+00   3.036980e+06   5751s
  330477    5.4342530e+02   0.000000e+00   1.883629e+06   5758s
  330657    5.4338681e+02   0.000000e+00   6.590925e+05   5762s
  330827    5.4336272e+02   0.000000e+00   1.003653e+06   5766s
  331007    5.4334155e+02   0.000000e+00   6.850880e+05   5770s
  331347    5.4329281e+02   0.000000e+00   2.341607e+06   5778s
  331507    5.4326830e+02   0.000000e+00   4.580710e+05   5782s
  331687    5.4323535e+02   0.000000e+00   3.259000e+06   5785s
  332037    5.4317737e+02   0.000000e+00   3.248245e+05   5793s
  332207    5.4314751e+02   0.000000e+00   3.950878e+05   5797s
  332377    5.4312345e+02   0.000000e+00   1.418081e+06   5801s
  332727    5.4307241e+02   0.000000e+00   3.974251e+06   5809s
  332907    5.4304779e+02   0.000000e+00   9.849930e+05   5813s
  333087    5.4302698e+02   0.000000e+00   1.947934e+06   5817s
  333267    5.4300520e+02   0.000000e+00   3.138425e+05   5821s
  333617    5.4296930e+02   0.000000e+00   4.979232e+05   5828s
  333797    5.4295022e+02   0.000000e+00   2.891523e+05   5832s
  333977    5.4293202e+02   0.000000e+00   7.097864e+06   5836s
  334157    5.4291153e+02   0.000000e+00   7.387727e+05   5840s
  334517    5.4287197e+02   0.000000e+00   4.401041e+05   5848s
  334697    5.4285175e+02   0.000000e+00   2.079028e+06   5852s
  334877    5.4283033e+02   0.000000e+00   4.064847e+05   5856s
  335217    5.4278681e+02   0.000000e+00   6.995826e+05   5864s
  335397    5.4276616e+02   0.000000e+00   8.173571e+05   5868s
  335577    5.4274332e+02   0.000000e+00   8.429797e+06   5872s
  335757    5.4272690e+02   0.000000e+00   8.493321e+05   5876s
  336117    5.4268551e+02   0.000000e+00   8.829545e+05   5883s
  336297    5.4266143e+02   0.000000e+00   7.203157e+06   5888s
  336577    5.4262645e+02   0.000000e+00   8.288314e+05   5894s
  336757    5.4259368e+02   0.000000e+00   2.137585e+06   5898s
  336937    5.4257079e+02   0.000000e+00   2.175089e+06   5902s
  337117    5.4253803e+02   0.000000e+00   5.297089e+05   5906s
  337477    5.4248135e+02   0.000000e+00   1.156224e+06   5913s
  337657    5.4245459e+02   0.000000e+00   1.653672e+06   5917s
  337837    5.4243118e+02   0.000000e+00   1.698695e+06   5921s
  338017    5.4240730e+02   0.000000e+00   1.357955e+06   5925s
  338377    5.4236574e+02   0.000000e+00   9.258626e+05   5933s
  338537    5.4234802e+02   0.000000e+00   1.146103e+07   5937s
  338717    5.4232451e+02   0.000000e+00   1.264320e+06   5941s
  339047    5.4228214e+02   0.000000e+00   3.138737e+07   5949s
  339227    5.4225870e+02   0.000000e+00   1.741829e+06   5953s
  339397    5.4223026e+02   0.000000e+00   3.073133e+07   5956s
  339557    5.4221326e+02   0.000000e+00   2.800498e+06   5960s
  339907    5.4216488e+02   0.000000e+00   1.670994e+07   5968s
  340087    5.4213777e+02   0.000000e+00   4.589362e+05   5972s
  340267    5.4211696e+02   0.000000e+00   7.171526e+05   5976s
  340627    5.4206977e+02   0.000000e+00   1.406294e+06   5984s
  340807    5.4204221e+02   0.000000e+00   1.072143e+06   5988s
  340977    5.4201986e+02   0.000000e+00   1.098733e+06   5992s
  341157    5.4199372e+02   0.000000e+00   2.231388e+06   5996s
  341517    5.4194700e+02   0.000000e+00   3.612014e+06   6004s
  341697    5.4192422e+02   0.000000e+00   7.589826e+05   6008s
  341877    5.4190407e+02   0.000000e+00   7.651615e+05   6012s
  342057    5.4187812e+02   0.000000e+00   5.577023e+05   6016s
  342407    5.4183955e+02   0.000000e+00   4.864676e+05   6023s
  342587    5.4182281e+02   0.000000e+00   3.038449e+06   6027s
  342767    5.4179734e+02   0.000000e+00   1.467561e+06   6031s
  342947    5.4176933e+02   0.000000e+00   8.280295e+06   6035s
  343307    5.4173137e+02   0.000000e+00   3.826104e+05   6043s
  343487    5.4171476e+02   0.000000e+00   2.149578e+07   6048s
  343667    5.4169231e+02   0.000000e+00   8.898565e+05   6052s
  343847    5.4167299e+02   0.000000e+00   2.356445e+06   6056s
  344197    5.4163663e+02   0.000000e+00   5.869968e+06   6064s
  344377    5.4161988e+02   0.000000e+00   4.993467e+06   6068s
  344557    5.4160060e+02   0.000000e+00   1.839975e+06   6072s
  344737    5.4158090e+02   0.000000e+00   4.210267e+05   6076s
  345097    5.4154869e+02   0.000000e+00   8.850315e+05   6084s
  345277    5.4152801e+02   0.000000e+00   7.583558e+05   6088s
  345447    5.4151035e+02   0.000000e+00   1.992709e+06   6092s
  345627    5.4148838e+02   0.000000e+00   1.195734e+06   6096s
  345907    5.4145422e+02   0.000000e+00   1.481005e+07   6102s
  346087    5.4143295e+02   0.000000e+00   9.296623e+05   6106s
  346247    5.4140959e+02   0.000000e+00   8.969313e+05   6110s
  346607    5.4136797e+02   0.000000e+00   6.379297e+05   6118s
  346787    5.4134298e+02   0.000000e+00   1.773612e+06   6122s
  346947    5.4132076e+02   0.000000e+00   8.463384e+06   6126s
  347117    5.4129948e+02   0.000000e+00   2.956870e+06   6130s
  347477    5.4125842e+02   0.000000e+00   5.839845e+05   6138s
  347657    5.4123533e+02   0.000000e+00   6.104128e+05   6142s
  347837    5.4120798e+02   0.000000e+00   7.616188e+05   6146s
  348187    5.4116683e+02   0.000000e+00   1.226794e+06   6154s
  348367    5.4114350e+02   0.000000e+00   9.734616e+06   6158s
  348547    5.4112714e+02   0.000000e+00   9.596900e+05   6162s
  348727    5.4110771e+02   0.000000e+00   1.510226e+06   6166s
  348907    5.4109215e+02   0.000000e+00   1.122542e+07   6170s
  349267    5.4105688e+02   0.000000e+00   2.040117e+07   6179s
  349447    5.4104249e+02   0.000000e+00   5.018701e+05   6183s
  349627    5.4101998e+02   0.000000e+00   1.312829e+06   6187s
  349797    5.4099961e+02   0.000000e+00   1.185670e+06   6191s
  349977    5.4097671e+02   0.000000e+00   2.138496e+06   6195s
  350327    5.4093016e+02   0.000000e+00   7.800053e+05   6203s
  350507    5.4091017e+02   0.000000e+00   2.120576e+05   6208s
  350687    5.4088880e+02   0.000000e+00   2.222887e+06   6212s
  350857    5.4086887e+02   0.000000e+00   9.340356e+05   6216s
  351217    5.4082500e+02   0.000000e+00   6.724439e+05   6224s
  351387    5.4080440e+02   0.000000e+00   1.545519e+06   6228s
  351567    5.4078521e+02   0.000000e+00   1.624730e+06   6232s
  351737    5.4076430e+02   0.000000e+00   6.232855e+06   6236s
  351917    5.4074051e+02   0.000000e+00   1.000033e+06   6240s
  352277    5.4069304e+02   0.000000e+00   9.044245e+05   6249s
  352447    5.4067907e+02   0.000000e+00   1.420289e+06   6253s
  352627    5.4065874e+02   0.000000e+00   3.212869e+06   6257s
  352807    5.4063508e+02   0.000000e+00   5.581068e+05   6261s
  353157    5.4059506e+02   0.000000e+00   1.127708e+06   6269s
  353337    5.4057736e+02   0.000000e+00   4.533128e+05   6273s
  353527    5.4055235e+02   0.000000e+00   1.028343e+07   6277s
  353707    5.4053430e+02   0.000000e+00   2.474188e+06   6281s
  353887    5.4051166e+02   0.000000e+00   1.079863e+06   6286s
  354247    5.4046439e+02   0.000000e+00   4.502695e+05   6294s
  354427    5.4043520e+02   0.000000e+00   8.629978e+05   6298s
  354607    5.4041489e+02   0.000000e+00   7.330350e+05   6302s
  354787    5.4039301e+02   0.000000e+00   8.151062e+06   6306s
  354967    5.4036889e+02   0.000000e+00   6.831771e+05   6311s
  355327    5.4031823e+02   0.000000e+00   4.413744e+06   6319s
  355507    5.4029882e+02   0.000000e+00   2.291419e+06   6323s
  355687    5.4028127e+02   0.000000e+00   1.964134e+06   6327s
  355857    5.4026148e+02   0.000000e+00   5.850167e+06   6331s
  356217    5.4022295e+02   0.000000e+00   8.905002e+05   6339s
  356387    5.4020600e+02   0.000000e+00   6.704153e+05   6343s
  356547    5.4019248e+02   0.000000e+00   6.001779e+05   6346s
  356727    5.4017278e+02   0.000000e+00   1.486689e+06   6350s
  357067    5.4013428e+02   0.000000e+00   1.645324e+06   6358s
  357237    5.4011632e+02   0.000000e+00   7.613038e+05   6362s
  357417    5.4009961e+02   0.000000e+00   7.844971e+05   6366s
  357777    5.4005124e+02   0.000000e+00   1.120409e+06   6374s
  357957    5.4002683e+02   0.000000e+00   1.520889e+06   6378s
  358137    5.4000621e+02   0.000000e+00   3.052147e+06   6382s
  358317    5.3998503e+02   0.000000e+00   1.432584e+06   6386s
  358497    5.3996123e+02   0.000000e+00   2.792033e+06   6390s
  358857    5.3991891e+02   0.000000e+00   1.238241e+06   6398s
  359037    5.3989794e+02   0.000000e+00   7.960593e+05   6403s
  359217    5.3987925e+02   0.000000e+00   4.950659e+06   6406s
  359397    5.3986163e+02   0.000000e+00   2.294370e+05   6410s
  359767    5.3981602e+02   0.000000e+00   1.022730e+07   6419s
  359947    5.3979292e+02   0.000000e+00   9.472508e+05   6423s
  360127    5.3977179e+02   0.000000e+00   3.469448e+06   6427s
  360287    5.3975155e+02   0.000000e+00   9.032174e+06   6430s
  360647    5.3970788e+02   0.000000e+00   2.511288e+06   6438s
  360827    5.3968658e+02   0.000000e+00   6.391069e+05   6443s
  361007    5.3966234e+02   0.000000e+00   6.424084e+05   6446s
  361187    5.3963854e+02   0.000000e+00   1.098571e+06   6451s
  361547    5.3960172e+02   0.000000e+00   4.403604e+05   6458s
  361727    5.3958414e+02   0.000000e+00   2.980511e+06   6462s
  361907    5.3956695e+02   0.000000e+00   3.226697e+06   6466s
  362087    5.3954873e+02   0.000000e+00   6.889944e+06   6470s
  362447    5.3950676e+02   0.000000e+00   3.525409e+05   6478s
  362637    5.3948782e+02   0.000000e+00   5.535673e+05   6482s
  362827    5.3946755e+02   0.000000e+00   6.186187e+05   6487s
  363107    5.3943922e+02   0.000000e+00   3.003771e+06   6493s
  363287    5.3941659e+02   0.000000e+00   3.592101e+06   6497s
  363467    5.3939512e+02   0.000000e+00   1.895188e+06   6501s
  363647    5.3937472e+02   0.000000e+00   2.784178e+05   6505s
  364007    5.3933424e+02   0.000000e+00   2.149605e+05   6513s
  364187    5.3931593e+02   0.000000e+00   7.842648e+05   6517s
  364367    5.3929246e+02   0.000000e+00   1.712400e+06   6521s
  364547    5.3926883e+02   0.000000e+00   8.387360e+05   6525s
  364907    5.3922961e+02   0.000000e+00   2.375836e+06   6533s
  365087    5.3920555e+02   0.000000e+00   7.313119e+05   6537s
  365267    5.3917769e+02   0.000000e+00   2.568559e+06   6541s
  365437    5.3915609e+02   0.000000e+00   1.189240e+06   6545s
  365787    5.3911404e+02   0.000000e+00   2.347267e+06   6553s
  365977    5.3909101e+02   0.000000e+00   8.331981e+05   6558s
  366157    5.3907151e+02   0.000000e+00   5.992440e+06   6561s
  366337    5.3904601e+02   0.000000e+00   1.003936e+06   6565s
  366617    5.3901800e+02   0.000000e+00   1.094577e+06   6571s
  366797    5.3899529e+02   0.000000e+00   1.974264e+07   6576s
  367077    5.3896546e+02   0.000000e+00   2.821716e+05   6582s
  367357    5.3893747e+02   0.000000e+00   8.344023e+05   6588s
  367527    5.3892309e+02   0.000000e+00   1.595738e+06   6591s
  367707    5.3890148e+02   0.000000e+00   9.898947e+05   6595s
  368067    5.3886816e+02   0.000000e+00   2.767813e+06   6603s
  368247    5.3885338e+02   0.000000e+00   6.684326e+05   6607s
  368427    5.3883573e+02   0.000000e+00   9.893746e+06   6611s
  368787    5.3880276e+02   0.000000e+00   7.866079e+05   6619s
  368967    5.3878512e+02   0.000000e+00   3.691762e+05   6623s
  369147    5.3876476e+02   0.000000e+00   9.022252e+05   6627s
  369327    5.3874738e+02   0.000000e+00   9.337126e+05   6631s
  369507    5.3872919e+02   0.000000e+00   3.149598e+05   6635s
  369777    5.3869957e+02   0.000000e+00   4.684389e+06   6641s
  369957    5.3868209e+02   0.000000e+00   1.038065e+07   6645s
  370307    5.3864167e+02   0.000000e+00   4.867170e+05   6653s
  370487    5.3862481e+02   0.000000e+00   2.956860e+06   6657s
  370657    5.3860831e+02   0.000000e+00   2.381041e+07   6661s
  370827    5.3859221e+02   0.000000e+00   8.972638e+05   6665s
  371187    5.3855802e+02   0.000000e+00   9.566669e+05   6673s
  371367    5.3854141e+02   0.000000e+00   3.898362e+05   6677s
  371547    5.3852490e+02   0.000000e+00   1.440346e+06   6681s
  371897    5.3849068e+02   0.000000e+00   5.216265e+06   6688s
  372077    5.3847309e+02   0.000000e+00   3.652241e+06   6692s
  372257    5.3845894e+02   0.000000e+00   9.074068e+06   6696s
  372617    5.3842221e+02   0.000000e+00   1.830747e+06   6704s
  372787    5.3840244e+02   0.000000e+00   9.042733e+05   6708s
  372967    5.3838377e+02   0.000000e+00   7.163831e+06   6712s
  373147    5.3836558e+02   0.000000e+00   1.775198e+06   6715s
  373507    5.3832778e+02   0.000000e+00   7.837271e+05   6723s
  373687    5.3830699e+02   0.000000e+00   1.251288e+06   6727s
  373867    5.3828783e+02   0.000000e+00   3.447815e+05   6731s
  374227    5.3825350e+02   0.000000e+00   3.014150e+06   6739s
  374387    5.3824097e+02   0.000000e+00   3.649605e+05   6742s
  374557    5.3822599e+02   0.000000e+00   3.403762e+06   6746s
  374897    5.3820049e+02   0.000000e+00   1.085126e+06   6754s
  375057    5.3818492e+02   0.000000e+00   3.397332e+06   6758s
  375217    5.3817016e+02   0.000000e+00   4.675634e+06   6761s
  375387    5.3815504e+02   0.000000e+00   1.930122e+06   6765s
  375707    5.3812407e+02   0.000000e+00   5.138863e+06   6773s
  375877    5.3810600e+02   0.000000e+00   1.051343e+06   6777s
  376047    5.3808436e+02   0.000000e+00   3.757631e+06   6780s
  376367    5.3804735e+02   0.000000e+00   5.720993e+05   6788s
  376547    5.3803175e+02   0.000000e+00   6.386481e+05   6792s
  376717    5.3801603e+02   0.000000e+00   8.070909e+05   6796s
  377047    5.3797223e+02   0.000000e+00   2.195513e+06   6803s
  377217    5.3795732e+02   0.000000e+00   4.575687e+05   6807s
  377377    5.3794012e+02   0.000000e+00   8.788773e+05   6810s
  377707    5.3791346e+02   0.000000e+00   4.709517e+05   6818s
  377887    5.3789585e+02   0.000000e+00   8.444824e+05   6822s
  378067    5.3787934e+02   0.000000e+00   1.823096e+06   6826s
  378237    5.3786279e+02   0.000000e+00   6.468261e+06   6830s
  378597    5.3783248e+02   0.000000e+00   8.358382e+05   6838s
  378777    5.3781859e+02   0.000000e+00   1.876454e+06   6842s
  378937    5.3780737e+02   0.000000e+00   4.004362e+05   6846s
  379277    5.3777493e+02   0.000000e+00   3.171345e+06   6854s
  379377    5.3776962e+02   0.000000e+00   8.329663e+05   6856s
  379737    5.3773392e+02   0.000000e+00   4.290169e+05   6864s
  379917    5.3771759e+02   0.000000e+00   2.558098e+05   6868s
  380087    5.3770230e+02   0.000000e+00   7.152407e+05   6872s
  380247    5.3768901e+02   0.000000e+00   9.745444e+05   6875s
  380577    5.3765203e+02   0.000000e+00   2.276825e+06   6883s
  380737    5.3763540e+02   0.000000e+00   3.417131e+06   6887s
  380917    5.3761854e+02   0.000000e+00   4.830096e+05   6891s
  381097    5.3760470e+02   0.000000e+00   3.027095e+06   6895s
  381377    5.3758224e+02   0.000000e+00   7.391708e+05   6901s
  381557    5.3756470e+02   0.000000e+00   9.442305e+05   6905s
  381897    5.3753602e+02   0.000000e+00   7.463364e+05   6913s
  381997    5.3752972e+02   0.000000e+00   5.057252e+05   6915s
  382337    5.3749954e+02   0.000000e+00   2.826390e+05   6922s
  382507    5.3748753e+02   0.000000e+00   1.608660e+06   6926s
  382837    5.3745468e+02   0.000000e+00   4.586272e+06   6934s
  382997    5.3744266e+02   0.000000e+00   1.224314e+07   6937s
  383177    5.3742982e+02   0.000000e+00   1.616268e+06   6941s
  383347    5.3741692e+02   0.000000e+00   2.623938e+06   6945s
  383687    5.3738697e+02   0.000000e+00   5.192752e+06   6953s
  383847    5.3736932e+02   0.000000e+00   1.639060e+07   6957s
  384027    5.3735326e+02   0.000000e+00   7.739739e+06   6961s
  384357    5.3732497e+02   0.000000e+00   1.184302e+06   6969s
  384517    5.3731055e+02   0.000000e+00   2.469149e+06   6972s
  384697    5.3729703e+02   0.000000e+00   1.571744e+06   6977s
  384857    5.3727809e+02   0.000000e+00   3.194357e+05   6980s
  385197    5.3725144e+02   0.000000e+00   8.021469e+05   6988s
  385377    5.3723470e+02   0.000000e+00   4.113078e+05   6992s
  385557    5.3721500e+02   0.000000e+00   1.072807e+06   6996s
  385727    5.3720053e+02   0.000000e+00   3.317120e+06   7000s
  386047    5.3717046e+02   0.000000e+00   2.883208e+05   7008s
  386207    5.3715441e+02   0.000000e+00   6.525074e+06   7011s
  386387    5.3713282e+02   0.000000e+00   2.233563e+06   7015s
  386717    5.3710229e+02   0.000000e+00   7.384314e+05   7023s
  386887    5.3708897e+02   0.000000e+00   1.647519e+06   7027s
  387067    5.3707435e+02   0.000000e+00   5.142537e+06   7031s
  387397    5.3705109e+02   0.000000e+00   6.128523e+06   7038s
  387557    5.3703853e+02   0.000000e+00   1.976259e+06   7042s
  387727    5.3702272e+02   0.000000e+00   4.938422e+05   7046s
  388067    5.3698812e+02   0.000000e+00   2.030791e+06   7053s
  388227    5.3697307e+02   0.000000e+00   2.105586e+07   7057s
  388397    5.3695796e+02   0.000000e+00   2.546895e+05   7061s
  388737    5.3691914e+02   0.000000e+00   1.262194e+06   7069s
  388907    5.3689993e+02   0.000000e+00   5.501626e+05   7072s
  389087    5.3688257e+02   0.000000e+00   1.159749e+07   7076s
  389257    5.3687084e+02   0.000000e+00   6.207003e+06   7080s
  389597    5.3683799e+02   0.000000e+00   2.574064e+05   7088s
  389767    5.3682007e+02   0.000000e+00   5.077705e+05   7092s
  389937    5.3680000e+02   0.000000e+00   1.943520e+06   7095s
  390267    5.3677172e+02   0.000000e+00   1.125432e+06   7103s
  390427    5.3675811e+02   0.000000e+00   1.429481e+06   7107s
  390587    5.3674294e+02   0.000000e+00   7.778154e+05   7110s
  390917    5.3671830e+02   0.000000e+00   2.439716e+06   7118s
  391097    5.3669945e+02   0.000000e+00   1.255577e+06   7122s
  391277    5.3668415e+02   0.000000e+00   3.552802e+06   7125s
  391627    5.3665698e+02   0.000000e+00   8.647045e+05   7133s
  391797    5.3664064e+02   0.000000e+00   3.657739e+05   7137s
  391977    5.3662488e+02   0.000000e+00   5.425281e+05   7141s
  392157    5.3660911e+02   0.000000e+00   1.250626e+06   7145s
  392497    5.3657612e+02   0.000000e+00   5.131098e+05   7153s
  392657    5.3656294e+02   0.000000e+00   4.967569e+05   7157s
  392817    5.3654627e+02   0.000000e+00   1.038738e+06   7160s
  393147    5.3651930e+02   0.000000e+00   1.572876e+07   7168s
  393307    5.3650604e+02   0.000000e+00   1.616468e+06   7171s
  393467    5.3649123e+02   0.000000e+00   6.351485e+05   7175s
  393787    5.3646455e+02   0.000000e+00   8.326867e+05   7183s
  393957    5.3644890e+02   0.000000e+00   8.962040e+05   7187s
  394127    5.3643403e+02   0.000000e+00   4.456273e+05   7191s
  394477    5.3639658e+02   0.000000e+00   1.303683e+06   7199s


Root relaxation: time limit, 394543 iterations, 7197.12 seconds

    Nodes    |    Current Node    |     Objective Bounds      |     Work
 Expl Unexpl |  Obj  Depth IntInf | Incumbent    BestBd   Gap | It/Node Time

     0     0          -    0               -    0.00000      -     - 7200s

Explored 0 nodes (394543 simplex iterations) in 7200.02 seconds
Thread count was 4 (of 4 available processors)

Solution count 0

Time limit reached
Best objective -, best bound 0.000000000000e+00, gap -

Unable to retrieve attribute 'X'

