Academic license - for non-commercial use only
Set parameter TimeLimit to value 7200

Gurobi Optimizer version 8.0.0 build v8.0.0rc0 (linux64)
Copyright (c) 2018, Gurobi Optimization, LLC

Read LP format model from file fernando/abz7.lp
Reading time = 0.43 seconds
: 104030 rows, 197821 columns, 582645 nonzeros
Optimize a model with 104030 rows, 197821 columns and 582645 nonzeros
Variable types: 0 continuous, 197821 integer (197820 binary)
Coefficient statistics:
  Matrix range     [1e+00, 7e+02]
  Objective range  [1e+00, 1e+00]
  Bounds range     [1e+00, 1e+00]
  RHS range        [1e+00, 1e+00]
Presolve removed 7374 rows and 7689 columns
Presolve time: 2.11s
Presolved: 96656 rows, 190132 columns, 568462 nonzeros
Variable types: 0 continuous, 190132 integer (190131 binary)

Deterministic concurrent LP optimizer: primal and dual simplex
Showing first log only...

Presolve removed 91 rows and 91 columns
Presolved: 96565 rows, 190041 columns, 568284 nonzeros

Presolve removed 20 rows and 1 columns

Root simplex log...

Iteration    Objective       Primal Inf.    Dual Inf.      Time
    1156    0.0000000e+00   1.800000e+01   2.985929e+10      6s
    2026    0.0000000e+00   1.799073e+01   2.361958e+10     11s
    2826    0.0000000e+00   1.797116e+01   4.554203e+10     15s
    3736    0.0000000e+00   1.791051e+01   8.339483e+10     20s
    4916    0.0000000e+00   1.506516e+01   5.204688e+10     26s
    5846    0.0000000e+00   1.469612e+01   2.069878e+10     31s
    6646    0.0000000e+00   1.419500e+01   1.669708e+10     35s
    7376    0.0000000e+00   1.418754e+01   2.678805e+10     40s
    8166    0.0000000e+00   1.417589e+01   2.362569e+10     45s
    9026    0.0000000e+00   1.413196e+01   9.763666e+10     51s
    9986    0.0000000e+00   1.334369e+01   3.743508e+10     55s
   10866    0.0000000e+00   1.331767e+01   2.784806e+10     61s
   11596    0.0000000e+00   1.314185e+01   4.753265e+10     65s
   12566    0.0000000e+00   1.232039e+01   9.243472e+10     70s
   13666    0.0000000e+00   1.195449e+01   2.512534e+10     76s
   14566    0.0000000e+00   1.182640e+01   4.832190e+10     80s
   15526    0.0000000e+00   1.163094e+01   1.084929e+11     86s
   16316    0.0000000e+00   1.149408e+01   3.355931e+10     90s
   17266    0.0000000e+00   1.122039e+01   4.223529e+10     95s
   18436    0.0000000e+00   1.083137e+01   3.583978e+10    100s
   19286    0.0000000e+00   1.069225e+01   3.334414e+10    105s
   20206    0.0000000e+00   1.050066e+01   6.374223e+10    110s
   21246    0.0000000e+00   1.024128e+01   4.053045e+10    116s
   22106    0.0000000e+00   1.002047e+01   1.193265e+11    121s
   22986    0.0000000e+00   9.936287e+00   3.165331e+10    126s
   23746    0.0000000e+00   9.848698e+00   5.010089e+10    131s
   24476    0.0000000e+00   9.789730e+00   2.434696e+10    135s
   25196    0.0000000e+00   9.722303e+00   8.595518e+10    140s
   25976    0.0000000e+00   9.637491e+00   9.012379e+10    145s
   26956    0.0000000e+00   9.487494e+00   2.732216e+10    151s
   27796    0.0000000e+00   9.320594e+00   1.132064e+11    156s
   28606    0.0000000e+00   9.180772e+00   1.033696e+11    161s
   29366    0.0000000e+00   9.119861e+00   2.011167e+10    166s
   30156    0.0000000e+00   9.019076e+00   4.075154e+10    171s
   30946    0.0000000e+00   8.916304e+00   6.298712e+10    176s
   31716    0.0000000e+00   8.832034e+00   2.638121e+10    181s
   32466    0.0000000e+00   8.753923e+00   2.689815e+10    186s
   33056    0.0000000e+00   8.681824e+00   4.126517e+10    190s
   33856    0.0000000e+00   8.575824e+00   4.719685e+10    195s
   34656    0.0000000e+00   8.475722e+00   7.218540e+10    200s
   35496    0.0000000e+00   8.314717e+00   5.121882e+10    206s
   36136    0.0000000e+00   8.205928e+00   3.671452e+10    210s
   36896    0.0000000e+00   8.137969e+00   2.457132e+10    215s
   37686    0.0000000e+00   8.058906e+00   2.183442e+10    221s
   38316    0.0000000e+00   8.008467e+00   9.286334e+10    225s
   39166    0.0000000e+00   7.906139e+00   3.613033e+10    231s
   39826    0.0000000e+00   7.787992e+00   2.907048e+10    235s
   40616    0.0000000e+00   7.661967e+00   3.426943e+10    241s
   41296    0.0000000e+00   7.554423e+00   3.095297e+10    246s
   41996    0.0000000e+00   7.406491e+00   4.587790e+10    250s
   42806    0.0000000e+00   7.282334e+00   4.841233e+10    256s
   43496    0.0000000e+00   7.178484e+00   4.689058e+10    261s
   44186    0.0000000e+00   7.083388e+00   2.029492e+10    266s
   44886    0.0000000e+00   6.956939e+00   3.730287e+10    271s
   45556    0.0000000e+00   6.894784e+00   2.574884e+10    276s
   46236    0.0000000e+00   6.795736e+00   5.582945e+10    281s
   46866    0.0000000e+00   6.635307e+00   4.418010e+10    285s
   47496    0.0000000e+00   6.439929e+00   2.384525e+11    290s
   48386    0.0000000e+00   6.196970e+00   6.430297e+10    296s
   49056    0.0000000e+00   6.118094e+00   8.527909e+10    301s
   49596    0.0000000e+00   6.039578e+00   8.120923e+10    305s
   50296    0.0000000e+00   5.957294e+00   8.588406e+10    311s
   50996    0.0000000e+00   5.895258e+00   2.268355e+10    316s
   51486    0.0000000e+00   5.816972e+00   4.245889e+10    320s
   52186    0.0000000e+00   5.672570e+00   2.939483e+10    326s
   52796    0.0000000e+00   5.591438e+00   1.358218e+10    331s
   53466    0.0000000e+00   5.462286e+00   1.615117e+11    335s
   54056    0.0000000e+00   5.360173e+00   3.593855e+10    340s
   54706    0.0000000e+00   5.283949e+00   2.097332e+10    345s
   55426    0.0000000e+00   5.196351e+00   7.625305e+10    351s
   55946    0.0000000e+00   5.138727e+00   3.381091e+10    356s
   56506    0.0000000e+00   5.034847e+00   5.999652e+10    360s
   57156    0.0000000e+00   4.926315e+00   2.878564e+10    366s
   57716    0.0000000e+00   4.823923e+00   7.142095e+10    370s
   58416    0.0000000e+00   4.707977e+00   4.495476e+10    376s
   58976    0.0000000e+00   4.611769e+00   3.974221e+10    381s
   59536    0.0000000e+00   4.524555e+00   3.062736e+10    385s
   60096    0.0000000e+00   4.462293e+00   4.531378e+10    390s
   60716    0.0000000e+00   4.378692e+00   5.625865e+10    395s
   61356    0.0000000e+00   4.281823e+00   3.861237e+10    401s
   61976    0.0000000e+00   4.209893e+00   3.611616e+10    406s
   62466    0.0000000e+00   4.130484e+00   8.325742e+10    410s
   63106    0.0000000e+00   4.034680e+00   3.611273e+10    416s
   63706    0.0000000e+00   3.955368e+00   8.641817e+10    421s
   64206    0.0000000e+00   3.893430e+00   1.631110e+10    425s
   64846    0.0000000e+00   3.807716e+00   1.044123e+11    431s
   65336    0.0000000e+00   3.750205e+00   2.620361e+10    435s
   65866    0.0000000e+00   3.686921e+00   3.904523e+10    440s
   66406    0.0000000e+00   3.629360e+00   2.125094e+10    445s
   66936    0.0000000e+00   3.568700e+00   1.595079e+10    450s
   67506    0.0000000e+00   3.489692e+00   3.695930e+10    456s
   68056    0.0000000e+00   3.436959e+00   9.255460e+10    461s
   68636    0.0000000e+00   3.361727e+00   6.468285e+10    466s
   69066    0.0000000e+00   3.294200e+00   3.242949e+10    470s
   69646    0.0000000e+00   3.224550e+00   1.009003e+11    476s
   70086    0.0000000e+00   3.184059e+00   2.570493e+10    480s
   70716    0.0000000e+00   3.096480e+00   1.680702e+10    486s
   71206    0.0000000e+00   3.046612e+00   3.312728e+10    491s
   71696    0.0000000e+00   2.993037e+00   1.457142e+10    496s
   72186    0.0000000e+00   2.944443e+00   2.238500e+10    501s
   72666    0.0000000e+00   2.903838e+00   6.865661e+10    506s
   73156    0.0000000e+00   2.859318e+00   4.241070e+10    511s
   73656    0.0000000e+00   2.823186e+00   4.436258e+10    516s
   74156    0.0000000e+00   2.786586e+00   1.362504e+10    521s
   74666    0.0000000e+00   2.755499e+00   7.982605e+10    526s
   75182    0.0000000e+00   2.713565e+00   2.139789e+10    532s
   75512    0.0000000e+00   2.685578e+00   1.890334e+10    535s
   76022    0.0000000e+00   2.646188e+00   2.847107e+10    540s
   76538    0.0000000e+00   2.617016e+00   1.780522e+10    546s
   77066    0.0000000e+00   2.572503e+00   5.773543e+10    551s
   77418    0.0000000e+00   2.551561e+00   6.138383e+10    555s
   77946    0.0000000e+00   2.512464e+00   2.341617e+10    561s
   78474    0.0000000e+00   2.478500e+00   2.056705e+10    566s
   78826    0.0000000e+00   2.458188e+00   1.254591e+11    570s
   79348    0.0000000e+00   2.418496e+00   5.563263e+10    576s
   79876    0.0000000e+00   2.370834e+00   2.259005e+10    581s
   80228    0.0000000e+00   2.336118e+00   2.251961e+10    585s
   80756    0.0000000e+00   2.287887e+00   2.781234e+10    591s
   81284    0.0000000e+00   2.256007e+00   1.074172e+10    597s
   81636    0.0000000e+00   2.229641e+00   2.469931e+10    600s
   82164    0.0000000e+00   2.185101e+00   1.761418e+10    606s
   82516    0.0000000e+00   2.145995e+00   4.119556e+10    610s
   83044    0.0000000e+00   2.097636e+00   2.649352e+10    616s
   83572    0.0000000e+00   2.066047e+00   2.109836e+10    622s
   83924    0.0000000e+00   2.033994e+00   1.746785e+10    626s
   84452    0.0000000e+00   1.994353e+00   3.278572e+10    631s
   84804    0.0000000e+00   1.970743e+00   3.857056e+10    635s
   85332    0.0000000e+00   1.946566e+00   1.825240e+10    641s
   85860    0.0000000e+00   1.913457e+00   9.554866e+09    647s
   86212    0.0000000e+00   1.893252e+00   2.369131e+10    651s
   86564    0.0000000e+00   1.879110e+00   4.035249e+10    655s
   87092    0.0000000e+00   1.854252e+00   2.701898e+10    661s
   87444    0.0000000e+00   1.830387e+00   2.638885e+10    665s
   87972    0.0000000e+00   1.799998e+00   2.818931e+10    671s
   88324    0.0000000e+00   1.775972e+00   2.465903e+10    676s
   88852    0.0000000e+00   1.754335e+00   7.478619e+10    682s
   89204    0.0000000e+00   1.739263e+00   1.327441e+10    687s
   89556    0.0000000e+00   1.720335e+00   2.790770e+10    691s
   90084    0.0000000e+00   1.694695e+00   1.844671e+10    697s
   90436    0.0000000e+00   1.680231e+00   1.924412e+10    701s
   90964    0.0000000e+00   1.644916e+00   3.020449e+10    707s
   91316    0.0000000e+00   1.626728e+00   1.279517e+10    711s
   91668    0.0000000e+00   1.610334e+00   1.259978e+10    715s
   92196    0.0000000e+00   1.577206e+00   6.138005e+10    722s
   92548    0.0000000e+00   1.557312e+00   3.999021e+10    726s
   93076    0.0000000e+00   1.525158e+00   1.887486e+10    732s
   93428    0.0000000e+00   1.509434e+00   1.288061e+10    736s
   93956    0.0000000e+00   1.469452e+00   4.161126e+10    742s
   94308    0.0000000e+00   1.456518e+00   2.384445e+10    746s
   94660    0.0000000e+00   1.444857e+00   9.612097e+09    750s
   95188    0.0000000e+00   1.421105e+00   1.815586e+10    757s
   95540    0.0000000e+00   1.402720e+00   1.570187e+10    761s
   95892    0.0000000e+00   1.387857e+00   1.736409e+10    765s
   96420    0.0000000e+00   1.360658e+00   4.022405e+10    772s
   96772    0.0000000e+00   1.344252e+00   2.471983e+10    776s
   97124    0.0000000e+00   1.329070e+00   2.152933e+10    780s
   97652    0.0000000e+00   1.308126e+00   1.937337e+10    786s
   98004    0.0000000e+00   1.295325e+00   3.980415e+10    791s
   98356    0.0000000e+00   1.277134e+00   3.108092e+10    795s
   98884    0.0000000e+00   1.254113e+00   1.407533e+10    802s
   99236    0.0000000e+00   1.239083e+00   1.360943e+10    806s
   99588    0.0000000e+00   1.222159e+00   2.969149e+10    810s
  100116    0.0000000e+00   1.199151e+00   4.214273e+10    817s
  100468    0.0000000e+00   1.180898e+00   1.732503e+10    821s
  100820    0.0000000e+00   1.164914e+00   1.671676e+10    826s
  101172    0.0000000e+00   1.147204e+00   2.119001e+10    830s
  101700    0.0000000e+00   1.122074e+00   1.432365e+10    837s
  102052    0.0000000e+00   1.106438e+00   1.754709e+10    841s
  102404    0.0000000e+00   1.094765e+00   2.613660e+10    846s
  102756    0.0000000e+00   1.081230e+00   1.256677e+10    850s
  103284    0.0000000e+00   1.059684e+00   3.277801e+10    857s
  103636    0.0000000e+00   1.047316e+00   2.611378e+10    862s
  103988    0.0000000e+00   1.036629e+00   1.526231e+10    866s
  104340    0.0000000e+00   1.023895e+00   1.248082e+10    871s
  104692    0.0000000e+00   1.014120e+00   1.822855e+10    875s
  105220    0.0000000e+00   9.973279e-01   8.348282e+09    882s
  105572    0.0000000e+00   9.888556e-01   1.384881e+10    887s
  105924    0.0000000e+00   9.786025e-01   2.988193e+10    891s
  106276    0.0000000e+00   9.668218e-01   3.414634e+10    896s
  106628    0.0000000e+00   9.534585e-01   2.524512e+10    901s
  106980    0.0000000e+00   9.427742e-01   1.342724e+10    905s
  107508    0.0000000e+00   9.271977e-01   4.519646e+10    912s
  107860    0.0000000e+00   9.165048e-01   1.476059e+10    917s
  108212    0.0000000e+00   9.082079e-01   2.733588e+10    922s
  108564    0.0000000e+00   8.968989e-01   8.922447e+09    926s
  108916    0.0000000e+00   8.821367e-01   2.757796e+10    931s
  109268    0.0000000e+00   8.719063e-01   1.524345e+10    935s
  109796    0.0000000e+00   8.547711e-01   2.121491e+10    942s
  110148    0.0000000e+00   8.451394e-01   1.169948e+10    947s
  110500    0.0000000e+00   8.383453e-01   2.145204e+10    952s
  110852    0.0000000e+00   8.299367e-01   2.098712e+10    956s
  111204    0.0000000e+00   8.180773e-01   4.695961e+10    961s
  111556    0.0000000e+00   8.095161e-01   1.874414e+10    966s
  111908    0.0000000e+00   7.991286e-01   2.347217e+10    970s
  112436    0.0000000e+00   7.803747e-01   4.662058e+10    977s
  112788    0.0000000e+00   7.683447e-01   2.357185e+10    982s
  113140    0.0000000e+00   7.555833e-01   1.495390e+10    987s
  113492    0.0000000e+00   7.394379e-01   1.644655e+10    991s
  113844    0.0000000e+00   7.299319e-01   1.677181e+10    996s
  114196    0.0000000e+00   7.223535e-01   1.327734e+10   1001s
  114548    0.0000000e+00   7.156923e-01   1.377772e+10   1005s
  114900    0.0000000e+00   7.081917e-01   1.120767e+10   1010s
  115252    0.0000000e+00   6.999762e-01   2.150272e+10   1015s
  115780    0.0000000e+00   6.882043e-01   2.828910e+10   1022s
  116132    0.0000000e+00   6.795430e-01   8.952870e+09   1027s
  116484    0.0000000e+00   6.719835e-01   9.595425e+09   1032s
  116836    0.0000000e+00   6.622133e-01   1.084507e+10   1037s
  117188    0.0000000e+00   6.518160e-01   1.210559e+10   1041s
  117540    0.0000000e+00   6.439956e-01   1.663813e+10   1046s
  117892    0.0000000e+00   6.340654e-01   1.491079e+10   1051s
  118244    0.0000000e+00   6.263609e-01   5.396631e+09   1055s
  118772    0.0000000e+00   6.083285e-01   3.372440e+10   1062s
  119124    0.0000000e+00   6.010486e-01   6.793286e+09   1067s
  119476    0.0000000e+00   5.904227e-01   8.375219e+09   1072s
  119828    0.0000000e+00   5.843400e-01   1.720588e+10   1076s
  120180    0.0000000e+00   5.772260e-01   8.997863e+09   1081s
  120532    0.0000000e+00   5.710011e-01   1.122906e+10   1086s
  120884    0.0000000e+00   5.632683e-01   1.394213e+10   1091s
  121236    0.0000000e+00   5.560127e-01   6.927947e+09   1096s
  121588    0.0000000e+00   5.469464e-01   1.966188e+10   1100s
  121940    0.0000000e+00   5.395406e-01   8.068773e+09   1105s
  122468    0.0000000e+00   5.280742e-01   1.703238e+10   1112s
  122820    0.0000000e+00   5.224843e-01   6.751298e+09   1117s
  123172    0.0000000e+00   5.127708e-01   1.350357e+10   1122s
  123524    0.0000000e+00   5.056356e-01   1.363279e+10   1127s
  123876    0.0000000e+00   4.973868e-01   1.969792e+10   1132s
  124228    0.0000000e+00   4.903138e-01   1.236959e+10   1137s
  124580    0.0000000e+00   4.831507e-01   1.333124e+10   1142s
  124932    0.0000000e+00   4.752073e-01   1.976726e+10   1147s
  125284    0.0000000e+00   4.652605e-01   1.193359e+10   1152s
  125636    0.0000000e+00   4.584863e-01   2.194791e+10   1157s
  125988    0.0000000e+00   4.485423e-01   9.559194e+09   1162s
  126340    0.0000000e+00   4.400407e-01   1.113289e+10   1167s
  126692    0.0000000e+00   4.333065e-01   1.171784e+10   1172s
  127044    0.0000000e+00   4.262264e-01   1.388621e+10   1176s
  127396    0.0000000e+00   4.183470e-01   7.937669e+09   1181s
Warning: Markowitz tolerance tightened to 0.03125
  127748    0.0000000e+00   4.112022e-01   1.077468e+10   1186s
  128100    0.0000000e+00   4.028892e-01   1.980166e+10   1191s
  128452    0.0000000e+00   3.947519e-01   4.202026e+10   1196s
  128804    0.0000000e+00   3.882607e-01   7.846380e+09   1201s
  129156    0.0000000e+00   3.800230e-01   9.015342e+09   1205s
  129508    0.0000000e+00   3.740352e-01   7.420939e+09   1210s
  129860    0.0000000e+00   3.663377e-01   1.918970e+10   1215s
  130212    0.0000000e+00   3.575031e-01   3.021580e+10   1220s
  130564    0.0000000e+00   3.507196e-01   1.656396e+10   1225s
  130916    0.0000000e+00   3.435606e-01   8.511122e+09   1230s
  131268    0.0000000e+00   3.369817e-01   1.006403e+10   1236s
  131620    0.0000000e+00   3.320554e-01   2.495692e+10   1241s
  131972    0.0000000e+00   3.265364e-01   1.039285e+10   1246s
  132324    0.0000000e+00   3.202663e-01   1.116922e+10   1250s
  132676    0.0000000e+00   3.155226e-01   8.781908e+09   1255s
  133028    0.0000000e+00   3.105745e-01   3.984643e+09   1260s
  133380    0.0000000e+00   3.054845e-01   4.234698e+10   1265s
  133732    0.0000000e+00   3.005813e-01   2.172922e+10   1270s
  134260    0.0000000e+00   2.885853e-01   6.508960e+09   1277s
  134612    0.0000000e+00   2.837240e-01   1.308338e+10   1282s
  134964    0.0000000e+00   2.761464e-01   1.492850e+10   1287s
  135316    0.0000000e+00   2.701591e-01   1.947774e+10   1292s
  135668    0.0000000e+00   2.622557e-01   2.462247e+10   1297s
  136020    0.0000000e+00   2.553033e-01   1.474581e+10   1302s
  136372    0.0000000e+00   2.485718e-01   2.458459e+10   1307s
  136724    0.0000000e+00   2.406774e-01   1.175367e+10   1312s
  137076    0.0000000e+00   2.351538e-01   1.928943e+10   1317s
  137428    0.0000000e+00   2.314373e-01   1.614709e+10   1322s
  137780    0.0000000e+00   2.261665e-01   3.579282e+09   1327s
  138132    0.0000000e+00   2.197209e-01   1.716703e+10   1332s
  138484    0.0000000e+00   2.136226e-01   1.025093e+10   1337s
  138836    0.0000000e+00   2.087456e-01   2.254771e+10   1342s
  139188    0.0000000e+00   2.042168e-01   1.135602e+10   1347s
  139540    0.0000000e+00   1.989138e-01   4.896511e+09   1352s
  139716    0.0000000e+00   1.965484e-01   1.365990e+10   1355s
  140244    0.0000000e+00   1.880896e-01   7.720664e+09   1362s
  140596    0.0000000e+00   1.830058e-01   8.470900e+09   1367s
  140948    0.0000000e+00   1.761470e-01   2.429678e+10   1372s
  141124    0.0000000e+00   1.738331e-01   7.087868e+09   1375s
  141476    0.0000000e+00   1.696135e-01   1.047780e+10   1380s
  141828    0.0000000e+00   1.644007e-01   9.336439e+09   1385s
  142180    0.0000000e+00   1.591838e-01   1.299335e+10   1390s
  142532    0.0000000e+00   1.536996e-01   5.793156e+09   1395s
  142884    0.0000000e+00   1.481625e-01   8.380770e+09   1400s
  143236    0.0000000e+00   1.415353e-01   2.996769e+09   1405s
  143588    0.0000000e+00   1.362102e-01   1.479505e+10   1410s
  143940    0.0000000e+00   1.311106e-01   1.173672e+10   1416s
  144292    0.0000000e+00   1.260210e-01   1.110280e+10   1421s
  144644    0.0000000e+00   1.198255e-01   2.056642e+10   1426s
  144996    0.0000000e+00   1.136966e-01   1.151060e+11   1431s
  145348    0.0000000e+00   1.088013e-01   4.206817e+09   1436s
  145700    0.0000000e+00   1.035567e-01   1.121024e+10   1441s
  146052    0.0000000e+00   9.815460e-02   4.848866e+09   1446s
  146404    0.0000000e+00   9.371460e-02   5.792970e+09   1451s
  146756    0.0000000e+00   8.811725e-02   1.049951e+10   1456s
  147108    0.0000000e+00   8.307688e-02   1.000277e+10   1462s
  147460    0.0000000e+00   7.734820e-02   9.640036e+09   1467s
  147812    0.0000000e+00   7.360617e-02   1.553879e+10   1472s
  148164    0.0000000e+00   6.678098e-02   8.304340e+09   1477s
  148516    0.0000000e+00   6.222748e-02   1.075400e+10   1482s
  148692    0.0000000e+00   6.054286e-02   3.637997e+10   1485s
  149044    0.0000000e+00   5.480125e-02   7.432987e+09   1490s
  149396    0.0000000e+00   5.114455e-02   1.348212e+10   1495s
  149748    0.0000000e+00   4.626230e-02   2.802279e+10   1501s
  150100    0.0000000e+00   4.231782e-02   1.206412e+10   1506s
  150452    0.0000000e+00   3.717696e-02   3.149444e+10   1511s
  150804    0.0000000e+00   3.166860e-02   6.204638e+09   1516s
  151156    0.0000000e+00   2.502995e-02   1.451383e+10   1521s
  151508    0.0000000e+00   1.859760e-02   8.396946e+09   1526s
  151860    0.0000000e+00   1.334997e-02   1.228551e+10   1531s
  152212    0.0000000e+00   7.896004e-03   4.940343e+09   1536s
  152564    0.0000000e+00   4.161167e-03   9.836092e+09   1542s
  152896    0.0000000e+00   5.390505e+00   0.000000e+00   1547s
  153072    0.0000000e+00   2.327890e+00   0.000000e+00   1552s
  153248    0.0000000e+00   1.367500e-01   0.000000e+00   1556s
  153333    1.7985900e+05   0.000000e+00   3.200000e+01   1560s
  153861    6.7149272e+02   0.000000e+00   1.124161e+06   1565s
  154389    6.7039121e+02   0.000000e+00   2.220337e+06   1571s
  154917    6.6875879e+02   0.000000e+00   1.541293e+06   1577s
  155269    6.6739180e+02   0.000000e+00   7.696270e+05   1581s
  155797    6.6528844e+02   0.000000e+00   2.179940e+06   1587s
  156149    6.6447182e+02   0.000000e+00   1.440759e+06   1591s
  156501    6.6374316e+02   0.000000e+00   3.865920e+06   1595s
  157029    6.6273118e+02   0.000000e+00   2.725303e+06   1601s
  157557    6.6141814e+02   0.000000e+00   3.400983e+05   1607s
  157909    6.6076438e+02   0.000000e+00   4.838997e+05   1611s
  158437    6.5974048e+02   0.000000e+00   1.602169e+06   1617s
  158789    6.5903848e+02   0.000000e+00   4.255389e+05   1621s
  159141    6.5768704e+02   0.000000e+00   1.388769e+06   1625s
  159669    6.5655012e+02   0.000000e+00   6.668201e+05   1631s
  160021    6.5584817e+02   0.000000e+00   1.020256e+06   1635s
  160549    6.5456782e+02   0.000000e+00   1.708681e+06   1642s
  160901    6.5387703e+02   0.000000e+00   7.872523e+05   1646s
  161429    6.5289176e+02   0.000000e+00   2.118946e+06   1652s
  161781    6.5185188e+02   0.000000e+00   2.942064e+05   1656s
  162133    6.5106498e+02   0.000000e+00   5.774211e+05   1660s
  162661    6.4949619e+02   0.000000e+00   5.800773e+05   1667s
  163013    6.4863987e+02   0.000000e+00   6.970195e+06   1671s
  163365    6.4772364e+02   0.000000e+00   9.080640e+05   1675s
  163893    6.4694305e+02   0.000000e+00   1.353116e+06   1681s
  164245    6.4628312e+02   0.000000e+00   4.532908e+05   1685s
  164773    6.4552171e+02   0.000000e+00   4.768756e+05   1692s
  165125    6.4486504e+02   0.000000e+00   3.381708e+05   1695s
  165653    6.4391479e+02   0.000000e+00   4.822432e+05   1701s
  166005    6.4341668e+02   0.000000e+00   5.062262e+05   1705s
  166533    6.4265299e+02   0.000000e+00   9.082541e+05   1712s
  166885    6.4229370e+02   0.000000e+00   1.417758e+06   1715s
  167413    6.4107439e+02   0.000000e+00   1.241824e+06   1721s
  167765    6.4045188e+02   0.000000e+00   1.163534e+06   1725s
  168293    6.3937068e+02   0.000000e+00   6.959301e+05   1731s
  168645    6.3881008e+02   0.000000e+00   6.769519e+05   1735s
  169173    6.3801922e+02   0.000000e+00   6.580008e+05   1741s
  169525    6.3762297e+02   0.000000e+00   6.310976e+05   1745s
  170053    6.3683007e+02   0.000000e+00   1.328060e+06   1751s
  170405    6.3621478e+02   0.000000e+00   6.553548e+05   1755s
  170933    6.3560828e+02   0.000000e+00   1.104640e+06   1761s
  171285    6.3521091e+02   0.000000e+00   8.788971e+05   1765s
  171813    6.3447423e+02   0.000000e+00   3.814349e+05   1771s
  172165    6.3382436e+02   0.000000e+00   4.918401e+05   1775s
  172693    6.3297671e+02   0.000000e+00   9.850328e+05   1781s
  173045    6.3255459e+02   0.000000e+00   1.086808e+06   1785s
  173573    6.3168915e+02   0.000000e+00   4.457022e+05   1791s
  174101    6.3094287e+02   0.000000e+00   2.605024e+05   1797s
  174453    6.3049161e+02   0.000000e+00   5.364331e+05   1801s
  174805    6.3005852e+02   0.000000e+00   4.325222e+05   1805s
  175333    6.2931557e+02   0.000000e+00   6.347995e+05   1811s
  175685    6.2891805e+02   0.000000e+00   8.102828e+05   1815s
  176213    6.2827508e+02   0.000000e+00   6.351035e+05   1821s
  176741    6.2760879e+02   0.000000e+00   8.730197e+05   1827s
  177093    6.2716562e+02   0.000000e+00   3.770905e+05   1831s
  177621    6.2653994e+02   0.000000e+00   3.373813e+05   1837s
  177973    6.2615424e+02   0.000000e+00   6.353590e+05   1840s
  178501    6.2528431e+02   0.000000e+00   9.493727e+05   1846s
  178853    6.2479734e+02   0.000000e+00   4.065324e+05   1850s
  179381    6.2405645e+02   0.000000e+00   5.398133e+06   1856s
  179909    6.2350134e+02   0.000000e+00   3.315980e+05   1862s
  180261    6.2316693e+02   0.000000e+00   9.463545e+05   1866s
  180789    6.2256029e+02   0.000000e+00   3.106786e+05   1872s
  181141    6.2229508e+02   0.000000e+00   3.353858e+05   1876s
  181669    6.2165758e+02   0.000000e+00   4.418396e+05   1881s
  182021    6.2113040e+02   0.000000e+00   3.302332e+05   1885s
  182549    6.2064942e+02   0.000000e+00   3.879872e+05   1891s
  183077    6.2007560e+02   0.000000e+00   3.046677e+05   1897s
  183429    6.1971791e+02   0.000000e+00   1.470678e+06   1900s
  183957    6.1920972e+02   0.000000e+00   3.902272e+05   1906s
  184485    6.1860043e+02   0.000000e+00   2.213183e+05   1912s
  184837    6.1815219e+02   0.000000e+00   5.835537e+05   1916s
  185365    6.1780142e+02   0.000000e+00   1.877432e+05   1921s
  185717    6.1760466e+02   0.000000e+00   6.312630e+05   1925s
  186245    6.1720376e+02   0.000000e+00   1.298556e+06   1931s
  186773    6.1670844e+02   0.000000e+00   8.151482e+05   1937s
  187125    6.1647458e+02   0.000000e+00   6.040855e+05   1940s
  187653    6.1615550e+02   0.000000e+00   6.144684e+05   1946s
  188181    6.1560107e+02   0.000000e+00   3.588228e+06   1952s
  188533    6.1521384e+02   0.000000e+00   7.061520e+05   1955s
  189061    6.1482828e+02   0.000000e+00   3.565612e+05   1961s
  189589    6.1446919e+02   0.000000e+00   9.216538e+05   1967s
  189941    6.1429315e+02   0.000000e+00   5.060302e+06   1970s
  190469    6.1395565e+02   0.000000e+00   5.112765e+05   1976s
  190997    6.1363643e+02   0.000000e+00   3.833602e+05   1982s
  191349    6.1337569e+02   0.000000e+00   8.139393e+05   1985s
  191877    6.1297955e+02   0.000000e+00   3.363166e+05   1991s
  192405    6.1264723e+02   0.000000e+00   5.906430e+05   1997s
  192757    6.1235198e+02   0.000000e+00   1.364462e+06   2001s
  193285    6.1184275e+02   0.000000e+00   2.670725e+07   2006s
  193637    6.1159733e+02   0.000000e+00   2.536822e+05   2010s
  194165    6.1110476e+02   0.000000e+00   4.185146e+05   2016s
  194693    6.1075399e+02   0.000000e+00   2.716961e+05   2021s
  195045    6.1055741e+02   0.000000e+00   1.495274e+06   2025s
  195573    6.1024918e+02   0.000000e+00   5.250707e+05   2031s
  196101    6.0987698e+02   0.000000e+00   1.722071e+06   2037s
  196453    6.0960966e+02   0.000000e+00   5.649453e+05   2040s
  196981    6.0928276e+02   0.000000e+00   4.596780e+05   2046s
  197509    6.0901492e+02   0.000000e+00   3.643840e+05   2052s
  197861    6.0882161e+02   0.000000e+00   9.157467e+05   2055s
  198389    6.0848648e+02   0.000000e+00   4.840481e+05   2060s
  198917    6.0821501e+02   0.000000e+00   2.288033e+06   2066s
  199445    6.0785100e+02   0.000000e+00   1.347631e+05   2072s
  199797    6.0765337e+02   0.000000e+00   1.504447e+05   2075s
  200325    6.0739340e+02   0.000000e+00   3.014139e+06   2081s
  200853    6.0705632e+02   0.000000e+00   2.290533e+06   2086s
  201381    6.0670276e+02   0.000000e+00   6.765358e+05   2092s
  201733    6.0653363e+02   0.000000e+00   3.354441e+05   2095s
  202261    6.0620226e+02   0.000000e+00   1.730449e+06   2101s
  202789    6.0592085e+02   0.000000e+00   4.921102e+05   2106s
  203317    6.0564747e+02   0.000000e+00   1.521312e+06   2112s
  203669    6.0553680e+02   0.000000e+00   7.521235e+05   2115s
  204197    6.0536065e+02   0.000000e+00   3.344966e+05   2121s
  204725    6.0516116e+02   0.000000e+00   6.056601e+05   2126s
  205253    6.0496801e+02   0.000000e+00   3.773310e+06   2131s
  205781    6.0472055e+02   0.000000e+00   4.257108e+05   2137s
  206133    6.0455739e+02   0.000000e+00   5.679432e+05   2140s
  206661    6.0434430e+02   2.000231e-06   3.697410e+11   2145s
  207189    6.0405176e+02   0.000000e+00   3.792830e+05   2151s
  207717    6.0388523e+02   0.000000e+00   1.597066e+05   2156s
  208245    6.0364016e+02   0.000000e+00   2.436261e+06   2162s
  208597    6.0343392e+02   0.000000e+00   3.514362e+05   2165s
  209125    6.0314393e+02   0.000000e+00   2.809759e+05   2170s
  209653    6.0288314e+02   0.000000e+00   2.254218e+05   2176s
  210181    6.0264938e+02   0.000000e+00   3.877436e+05   2181s
  210709    6.0243404e+02   0.000000e+00   5.398754e+05   2186s
  211237    6.0210786e+02   0.000000e+00   8.952226e+05   2192s
  211589    6.0192261e+02   0.000000e+00   2.529576e+06   2195s
  212117    6.0167298e+02   0.000000e+00   2.236557e+05   2201s
  212645    6.0142958e+02   0.000000e+00   1.834549e+05   2206s
  213173    6.0111921e+02   0.000000e+00   6.356138e+05   2211s
  213701    6.0096327e+02   0.000000e+00   1.210813e+06   2216s
  214229    6.0075994e+02   0.000000e+00   3.247039e+05   2222s
  214581    6.0067422e+02   0.000000e+00   2.647469e+05   2225s
  215109    6.0042585e+02   0.000000e+00   3.004073e+05   2230s
  215637    6.0013934e+02   0.000000e+00   2.569399e+05   2236s
  216165    5.9982793e+02   0.000000e+00   1.744820e+06   2241s
  216693    5.9962614e+02   0.000000e+00   4.829150e+05   2247s
  217045    5.9951842e+02   0.000000e+00   1.125723e+06   2250s
  217573    5.9931816e+02   0.000000e+00   3.747552e+05   2256s
  218101    5.9905865e+02   0.000000e+00   1.909815e+05   2261s
  218453    5.9883274e+02   0.000000e+00   1.671223e+05   2265s
  218981    5.9861522e+02   0.000000e+00   6.080017e+05   2271s
  219509    5.9844387e+02   0.000000e+00   6.426636e+05   2276s
  220037    5.9813931e+02   0.000000e+00   2.894862e+05   2282s
  220389    5.9786871e+02   0.000000e+00   3.892993e+05   2285s
  220917    5.9762888e+02   0.000000e+00   2.964474e+05   2291s
  221445    5.9743458e+02   0.000000e+00   1.444468e+05   2296s
  221973    5.9723427e+02   0.000000e+00   2.080090e+06   2302s
  222501    5.9705204e+02   0.000000e+00   2.924391e+05   2307s
  222853    5.9690658e+02   0.000000e+00   1.335247e+05   2310s
  223381    5.9668790e+02   0.000000e+00   6.240537e+05   2316s
  223909    5.9645691e+02   0.000000e+00   9.512363e+05   2321s
  224437    5.9620499e+02   0.000000e+00   2.530667e+05   2327s
  224789    5.9606102e+02   0.000000e+00   1.004215e+06   2330s
  225317    5.9590894e+02   0.000000e+00   3.013916e+05   2336s
  225845    5.9568442e+02   0.000000e+00   2.629444e+06   2341s
  226373    5.9545463e+02   0.000000e+00   2.836450e+05   2347s
  226725    5.9530984e+02   0.000000e+00   1.965561e+05   2350s
  227253    5.9501526e+02   0.000000e+00   1.325324e+06   2356s
  227781    5.9471878e+02   0.000000e+00   4.351489e+05   2361s
  228309    5.9454038e+02   0.000000e+00   2.469825e+05   2366s
  228661    5.9446656e+02   0.000000e+00   4.499059e+05   2370s
  229189    5.9429270e+02   0.000000e+00   7.052779e+05   2375s
  229717    5.9408873e+02   0.000000e+00   1.669793e+05   2380s
  230245    5.9384953e+02   0.000000e+00   5.410585e+05   2386s
  230773    5.9347351e+02   0.000000e+00   3.446028e+05   2391s
  231301    5.9328590e+02   0.000000e+00   2.824095e+05   2396s
  231653    5.9310771e+02   0.000000e+00   7.432887e+05   2400s
  232181    5.9286668e+02   0.000000e+00   8.788477e+05   2405s
  232709    5.9252344e+02   0.000000e+00   3.155436e+05   2411s
  233237    5.9237435e+02   0.000000e+00   1.489066e+05   2416s
  233765    5.9218637e+02   0.000000e+00   3.900820e+05   2421s
  234293    5.9197831e+02   0.000000e+00   2.425478e+06   2426s
  234821    5.9175136e+02   0.000000e+00   8.533985e+05   2432s
  235173    5.9164424e+02   0.000000e+00   2.028522e+06   2435s
  235701    5.9148897e+02   0.000000e+00   3.392520e+05   2441s
  236229    5.9137558e+02   0.000000e+00   4.413410e+05   2446s
  236757    5.9113188e+02   0.000000e+00   2.368525e+05   2451s
  237285    5.9094120e+02   0.000000e+00   1.739946e+05   2457s
  237637    5.9082911e+02   0.000000e+00   1.751686e+05   2460s
  238165    5.9069177e+02   0.000000e+00   2.114943e+05   2465s
  238693    5.9046373e+02   0.000000e+00   2.913484e+05   2471s
  239221    5.9033858e+02   0.000000e+00   5.532024e+05   2475s
  239749    5.9017260e+02   0.000000e+00   1.637988e+06   2481s
  240277    5.9000309e+02   0.000000e+00   5.162061e+05   2486s
  240805    5.8986681e+02   0.000000e+00   7.739641e+05   2491s
  241333    5.8973757e+02   0.000000e+00   1.833066e+06   2497s
  241685    5.8966219e+02   0.000000e+00   2.779918e+05   2500s
  242213    5.8949361e+02   0.000000e+00   6.348431e+05   2506s
  242741    5.8931589e+02   0.000000e+00   4.883321e+05   2511s
  243269    5.8914384e+02   0.000000e+00   2.028004e+06   2516s
  243797    5.8899303e+02   0.000000e+00   2.123340e+05   2522s
  244149    5.8890066e+02   0.000000e+00   4.807319e+05   2525s
  244677    5.8873178e+02   0.000000e+00   2.544624e+05   2531s
  245205    5.8855400e+02   0.000000e+00   1.995546e+05   2536s
  245557    5.8839667e+02   0.000000e+00   4.584548e+05   2540s
  246085    5.8822561e+02   0.000000e+00   9.255000e+05   2545s
  246613    5.8800674e+02   0.000000e+00   6.689685e+05   2551s
  247141    5.8776501e+02   0.000000e+00   1.342351e+06   2556s
  247669    5.8755244e+02   0.000000e+00   1.047557e+06   2562s
  248021    5.8745862e+02   0.000000e+00   2.023644e+05   2565s
  248549    5.8725884e+02   0.000000e+00   1.625668e+05   2571s
  249077    5.8701752e+02   0.000000e+00   3.064121e+05   2576s
  249605    5.8682846e+02   0.000000e+00   2.139244e+05   2581s
  249957    5.8670230e+02   0.000000e+00   1.841765e+05   2585s
  250485    5.8656394e+02   0.000000e+00   2.000051e+05   2590s
  251013    5.8643032e+02   0.000000e+00   9.917608e+05   2596s
  251541    5.8630562e+02   0.000000e+00   2.660380e+05   2601s
  252069    5.8618754e+02   0.000000e+00   2.003289e+05   2607s
  252421    5.8609173e+02   0.000000e+00   2.234807e+05   2610s
  252949    5.8593291e+02   0.000000e+00   1.337342e+05   2616s
  253477    5.8572349e+02   0.000000e+00   1.828202e+05   2622s
  253829    5.8556444e+02   0.000000e+00   2.148610e+05   2625s
  254357    5.8540344e+02   0.000000e+00   2.244179e+05   2631s
  254885    5.8528429e+02   0.000000e+00   4.195542e+05   2636s
  255413    5.8520292e+02   0.000000e+00   6.264652e+05   2642s
  255765    5.8512652e+02   0.000000e+00   5.763678e+05   2645s
  256293    5.8497236e+02   0.000000e+00   2.226545e+05   2651s
  256821    5.8478912e+02   0.000000e+00   2.944680e+05   2657s
  257173    5.8470942e+02   0.000000e+00   1.456789e+06   2660s
  257701    5.8456579e+02   0.000000e+00   1.578480e+05   2666s
  258229    5.8441065e+02   0.000000e+00   1.609261e+05   2671s
  258757    5.8422864e+02   0.000000e+00   2.040851e+05   2677s
  259109    5.8412084e+02   0.000000e+00   2.338354e+05   2681s
  259637    5.8400508e+02   0.000000e+00   1.970073e+05   2686s
  259989    5.8389786e+02   0.000000e+00   9.936409e+05   2690s
  260517    5.8373304e+02   0.000000e+00   1.061250e+06   2696s
  261045    5.8349697e+02   0.000000e+00   8.071146e+05   2702s
  261397    5.8340105e+02   0.000000e+00   7.092561e+05   2705s
  261925    5.8323713e+02   0.000000e+00   6.746738e+05   2711s
  262453    5.8309308e+02   0.000000e+00   1.798385e+05   2717s
  262805    5.8301098e+02   0.000000e+00   3.508932e+05   2720s
  263333    5.8287152e+02   0.000000e+00   3.701651e+05   2726s
  263861    5.8274620e+02   0.000000e+00   7.529548e+05   2731s
  264213    5.8264678e+02   0.000000e+00   5.658781e+05   2735s
  264741    5.8252110e+02   0.000000e+00   9.031663e+04   2741s
  265269    5.8244207e+02   0.000000e+00   1.217661e+06   2747s
  265621    5.8236089e+02   0.000000e+00   2.515004e+05   2750s
  266149    5.8226614e+02   0.000000e+00   8.265074e+05   2756s
  266677    5.8216312e+02   0.000000e+00   3.453114e+05   2762s
  267029    5.8206839e+02   0.000000e+00   1.617899e+05   2765s
  267557    5.8192256e+02   0.000000e+00   6.013214e+05   2771s
  268085    5.8174083e+02   0.000000e+00   2.027942e+05   2777s
  268437    5.8163452e+02   0.000000e+00   8.471525e+05   2781s
  268965    5.8153269e+02   0.000000e+00   3.734742e+05   2786s
  269317    5.8148246e+02   0.000000e+00   3.904668e+05   2790s
  269845    5.8132051e+02   0.000000e+00   3.050060e+05   2796s
  270373    5.8122952e+02   0.000000e+00   6.292474e+05   2801s
  270725    5.8115712e+02   0.000000e+00   1.525662e+05   2805s
  271253    5.8106751e+02   0.000000e+00   4.812873e+05   2810s
  271781    5.8099096e+02   0.000000e+00   2.138782e+05   2816s
  272309    5.8091163e+02   0.000000e+00   2.935180e+05   2822s
  272661    5.8083843e+02   0.000000e+00   1.084287e+05   2826s
  273189    5.8072967e+02   0.000000e+00   2.850388e+05   2831s
  273717    5.8058980e+02   0.000000e+00   3.566865e+05   2837s
  274069    5.8047703e+02   0.000000e+00   3.819355e+05   2840s
  274597    5.8033401e+02   0.000000e+00   2.639513e+06   2845s
  275125    5.8023542e+02   0.000000e+00   3.490865e+05   2851s
  275653    5.8018709e+02   0.000000e+00   3.618732e+05   2856s
  276005    5.8014589e+02   0.000000e+00   5.968096e+05   2860s
  276533    5.8004458e+02   0.000000e+00   1.283849e+06   2866s
  277061    5.7996548e+02   0.000000e+00   1.670734e+05   2871s
  277413    5.7992827e+02   0.000000e+00   6.726509e+05   2875s
  277941    5.7985224e+02   0.000000e+00   4.686258e+05   2881s
  278469    5.7977205e+02   0.000000e+00   2.800280e+05   2886s
  278997    5.7962988e+02   0.000000e+00   5.003555e+05   2891s
  279349    5.7954097e+02   0.000000e+00   2.748654e+05   2895s
  279877    5.7942431e+02   0.000000e+00   5.036649e+05   2901s
  280405    5.7930266e+02   0.000000e+00   6.925322e+06   2906s
  280933    5.7921433e+02   0.000000e+00   2.478998e+05   2912s
  281285    5.7914203e+02   0.000000e+00   3.630942e+05   2916s
  281813    5.7904173e+02   0.000000e+00   3.512184e+05   2921s
  282341    5.7897741e+02   0.000000e+00   2.494550e+05   2926s
  282693    5.7892309e+02   0.000000e+00   1.596354e+05   2930s
  283221    5.7883789e+02   0.000000e+00   1.070071e+06   2935s
  283749    5.7875783e+02   0.000000e+00   6.607508e+06   2941s
  284277    5.7867771e+02   0.000000e+00   2.886321e+05   2946s
  284629    5.7862257e+02   0.000000e+00   2.707363e+05   2950s
  285157    5.7850534e+02   0.000000e+00   1.711228e+05   2956s
  285685    5.7842636e+02   0.000000e+00   9.192316e+05   2961s
  286213    5.7830101e+02   0.000000e+00   3.506929e+05   2966s
  286741    5.7816663e+02   0.000000e+00   7.651689e+05   2972s
  287093    5.7806130e+02   0.000000e+00   2.621649e+05   2975s
  287621    5.7796652e+02   0.000000e+00   1.891841e+05   2981s
  288149    5.7790970e+02   0.000000e+00   1.256880e+05   2986s
  288677    5.7779641e+02   0.000000e+00   9.670593e+04   2992s
  289029    5.7773443e+02   0.000000e+00   4.068534e+05   2995s
  289557    5.7762955e+02   0.000000e+00   5.747551e+05   3001s
  290085    5.7751747e+02   0.000000e+00   1.780328e+05   3006s
  290437    5.7742872e+02   0.000000e+00   2.591018e+05   3010s
  290965    5.7730817e+02   0.000000e+00   3.008121e+05   3016s
  291493    5.7722840e+02   0.000000e+00   9.859521e+04   3021s
  292021    5.7714656e+02   0.000000e+00   1.182001e+05   3026s
  292549    5.7708251e+02   0.000000e+00   2.116837e+06   3032s
  292901    5.7701424e+02   0.000000e+00   1.051546e+05   3035s
  293429    5.7693680e+02   0.000000e+00   4.960509e+05   3041s
  293957    5.7685958e+02   0.000000e+00   1.073540e+05   3046s
  294309    5.7678377e+02   0.000000e+00   8.131892e+05   3050s
  294837    5.7665004e+02   0.000000e+00   4.290289e+05   3056s
  295365    5.7658814e+02   0.000000e+00   1.135405e+06   3062s
  295717    5.7652437e+02   0.000000e+00   9.920325e+04   3066s
  296245    5.7639514e+02   0.000000e+00   2.442632e+05   3072s
  296597    5.7631629e+02   0.000000e+00   6.836634e+06   3076s
  296949    5.7619988e+02   0.000000e+00   1.610685e+06   3080s
  297477    5.7604726e+02   0.000000e+00   6.130329e+06   3087s
  297829    5.7593251e+02   0.000000e+00   6.576453e+05   3091s
  298181    5.7587582e+02   0.000000e+00   1.267996e+06   3095s
  298709    5.7577268e+02   0.000000e+00   4.370200e+05   3101s
  299061    5.7569372e+02   0.000000e+00   2.630932e+06   3106s
  299589    5.7552960e+02   0.000000e+00   2.016959e+06   3112s
  299941    5.7541407e+02   0.000000e+00   1.774694e+06   3116s
  300293    5.7531160e+02   0.000000e+00   2.428196e+06   3120s
  300805    5.7524353e+02   0.000000e+00   4.982367e+06   3126s
  301275    5.7515899e+02   0.000000e+00   1.760325e+07   3131s
  301695    5.7507610e+02   0.000000e+00   4.262769e+05   3135s
  302223    5.7491920e+02   0.000000e+00   5.883811e+05   3141s
  302643    5.7480881e+02   0.000000e+00   5.178871e+05   3145s
  303033    5.7467967e+02   0.000000e+00   3.127151e+05   3150s
  303643    5.7451261e+02   0.000000e+00   1.658335e+06   3156s
  304073    5.7444061e+02   0.000000e+00   3.073601e+05   3161s
  304563    5.7432327e+02   0.000000e+00   1.681593e+06   3165s
  305143    5.7417421e+02   0.000000e+00   2.697150e+05   3171s
  305653    5.7404240e+02   0.000000e+00   1.855061e+08   3177s
  306023    5.7391234e+02   0.000000e+00   3.712356e+06   3182s
  306353    5.7386453e+02   0.000000e+00   5.349788e+05   3186s
  306773    5.7376852e+02   0.000000e+00   1.139028e+07   3191s
  307223    5.7371211e+02   0.000000e+00   1.952792e+07   3196s
  307673    5.7360888e+02   0.000000e+00   1.735529e+05   3201s
  308193    5.7350749e+02   0.000000e+00   1.650503e+07   3207s
  308603    5.7342824e+02   0.000000e+00   4.775154e+06   3212s
  308983    5.7337544e+02   0.000000e+00   1.568653e+06   3215s
  309423    5.7327872e+02   0.000000e+00   1.725040e+07   3220s
  309923    5.7319251e+02   0.000000e+00   2.288780e+06   3225s
  310413    5.7307728e+02   0.000000e+00   9.176857e+05   3230s
  310863    5.7299405e+02   0.000000e+00   3.132616e+06   3235s
  311363    5.7290138e+02   0.000000e+00   4.104848e+05   3242s
  311653    5.7280557e+02   0.000000e+00   5.922535e+06   3245s
  312103    5.7272123e+02   0.000000e+00   7.831536e+06   3250s
  312553    5.7266286e+02   0.000000e+00   1.222463e+06   3255s
  312983    5.7257946e+02   0.000000e+00   5.563787e+06   3260s
  313435    5.7251909e+02   0.000000e+00   4.431919e+05   3266s
  313891    5.7241933e+02   0.000000e+00   1.704725e+06   3271s
  314411    5.7230921e+02   0.000000e+00   2.238819e+07   3277s
  314611    5.7226807e+02   0.000000e+00   1.417130e+06   3280s
  315031    5.7215618e+02   0.000000e+00   1.368147e+06   3285s
  315621    5.7203888e+02   0.000000e+00   7.552063e+05   3291s
  316149    5.7196884e+02   0.000000e+00   1.665438e+06   3296s
  316605    5.7185166e+02   0.000000e+00   5.135443e+07   3302s
  316957    5.7173463e+02   0.000000e+00   2.150820e+05   3307s
  317309    5.7165880e+02   0.000000e+00   2.681850e+06   3311s
  317795    5.7158534e+02   0.000000e+00   1.315211e+06   3316s
  318271    5.7151319e+02   0.000000e+00   2.753152e+07   3321s
  318799    5.7138270e+02   0.000000e+00   1.554423e+06   3327s
  319151    5.7133678e+02   0.000000e+00   7.224176e+06   3330s
  319551    5.7124049e+02   0.000000e+00   9.814257e+06   3335s
  320003    5.7114614e+02   0.000000e+00   7.716360e+05   3341s
  320355    5.7109862e+02   0.000000e+00   7.984193e+06   3345s
  320883    5.7099999e+02   0.000000e+00   1.905758e+05   3351s
  321235    5.7092305e+02   0.000000e+00   9.575497e+06   3356s
  321737    5.7085608e+02   0.000000e+00   2.358375e+06   3361s
  322089    5.7079282e+02   0.000000e+00   5.687513e+07   3365s
  322617    5.7070776e+02   0.000000e+00   3.728675e+08   3370s
  323139    5.7066023e+02   0.000000e+00   5.822146e+05   3376s
  323725    5.7058594e+02   0.000000e+00   3.246708e+05   3382s
  324077    5.7052647e+02   0.000000e+00   9.985874e+05   3385s
  324605    5.7039415e+02   0.000000e+00   7.022551e+05   3391s
  324995    5.7033242e+02   0.000000e+00   4.291559e+06   3396s
  325465    5.7027309e+02   0.000000e+00   6.256313e+05   3401s
  325935    5.7018931e+02   0.000000e+00   7.630262e+05   3406s
  326255    5.7014492e+02   0.000000e+00   6.061561e+05   3410s
  326681    5.7009076e+02   0.000000e+00   1.008553e+07   3415s
  327209    5.6998813e+02   0.000000e+00   1.486846e+06   3421s
  327737    5.6989035e+02   0.000000e+00   1.923151e+06   3427s
  328089    5.6984641e+02   0.000000e+00   2.561503e+06   3431s
  328617    5.6977645e+02   0.000000e+00   6.043506e+06   3437s
  328969    5.6973551e+02   0.000000e+00   1.968021e+06   3441s
  329497    5.6966204e+02   0.000000e+00   2.253423e+06   3447s
  329849    5.6961712e+02   0.000000e+00   1.046924e+06   3451s
  330325    5.6954718e+02   0.000000e+00   5.548686e+06   3456s
  330791    5.6951526e+02   0.000000e+00   1.022388e+06   3461s
  331233    5.6942565e+02   0.000000e+00   6.137643e+06   3466s
  331585    5.6939407e+02   0.000000e+00   1.628185e+06   3470s
  332113    5.6933143e+02   0.000000e+00   1.795892e+08   3476s
  332465    5.6927752e+02   0.000000e+00   6.202678e+06   3481s
  332993    5.6918649e+02   0.000000e+00   6.733172e+05   3487s
  333309    5.6914861e+02   0.000000e+00   1.127498e+06   3490s
  333811    5.6902699e+02   0.000000e+00   3.746583e+06   3496s
  334157    5.6899277e+02   0.000000e+00   3.111566e+07   3500s
  334685    5.6889303e+02   0.000000e+00   5.103072e+05   3506s
  335037    5.6882802e+02   0.000000e+00   1.070281e+07   3510s
  335565    5.6874863e+02   0.000000e+00   1.571011e+08   3516s
  336093    5.6869153e+02   0.000000e+00   8.046209e+05   3521s
  336445    5.6863568e+02   0.000000e+00   4.530211e+07   3525s
  336973    5.6853354e+02   0.000000e+00   2.398783e+06   3531s
  337435    5.6847744e+02   0.000000e+00   7.973884e+05   3536s
  337787    5.6844381e+02   0.000000e+00   1.669964e+06   3540s
  338315    5.6832634e+02   0.000000e+00   3.839410e+06   3546s
  338621    5.6825383e+02   0.000000e+00   1.708065e+06   3550s
  339087    5.6816851e+02   0.000000e+00   1.899473e+08   3555s
  339615    5.6806419e+02   0.000000e+00   1.801329e+07   3562s
  339967    5.6803897e+02   0.000000e+00   1.097829e+06   3565s
  340495    5.6796281e+02   0.000000e+00   1.947399e+06   3572s
  340847    5.6791991e+02   0.000000e+00   4.736150e+06   3576s
  341375    5.6785051e+02   0.000000e+00   8.218348e+05   3581s
  341727    5.6776430e+02   0.000000e+00   4.951979e+06   3585s
  342255    5.6766995e+02   0.000000e+00   7.388308e+07   3592s
  342607    5.6761867e+02   0.000000e+00   2.514698e+05   3595s
  343135    5.6755978e+02   0.000000e+00   2.145639e+07   3601s
  343663    5.6748831e+02   0.000000e+00   7.327771e+05   3606s
  344015    5.6743113e+02   0.000000e+00   8.407993e+05   3611s
  344367    5.6736641e+02   0.000000e+00   1.488773e+08   3616s
  344719    5.6731432e+02   0.000000e+00   5.026211e+06   3620s
  345071    5.6726158e+02   0.000000e+00   2.184100e+06   3625s
  345599    5.6720489e+02   0.000000e+00   7.823859e+07   3631s
  346127    5.6716310e+02   0.000000e+00   1.033271e+07   3637s
  346655    5.6712094e+02   0.000000e+00   1.394591e+07   3641s
  347007    5.6708421e+02   0.000000e+00   6.602815e+06   3645s
  347535    5.6696197e+02   0.000000e+00   4.609387e+06   3652s
  347887    5.6689449e+02   0.000000e+00   2.379640e+06   3656s
  348239    5.6678475e+02   0.000000e+00   2.334066e+06   3660s
  348591    5.6673475e+02   0.000000e+00   2.826327e+06   3666s
  349119    5.6663001e+02   0.000000e+00   4.506661e+05   3672s
  349471    5.6654114e+02   0.000000e+00   3.176225e+07   3676s
  349823    5.6643189e+02   0.000000e+00   8.959109e+05   3680s
  350351    5.6637323e+02   0.000000e+00   5.603016e+06   3686s
  350703    5.6632165e+02   0.000000e+00   3.235241e+05   3691s
  351055    5.6629652e+02   0.000000e+00   2.977331e+05   3696s
  351583    5.6622346e+02   0.000000e+00   2.972881e+07   3702s
  351935    5.6619261e+02   0.000000e+00   2.868635e+06   3705s
  352463    5.6613638e+02   0.000000e+00   1.651220e+06   3710s
  352815    5.6609121e+02   0.000000e+00   1.387636e+07   3715s
  353343    5.6603707e+02   0.000000e+00   1.527027e+06   3721s
  353695    5.6600491e+02   0.000000e+00   5.589610e+06   3725s
  354223    5.6594085e+02   0.000000e+00   2.300583e+06   3731s
  354575    5.6588118e+02   0.000000e+00   4.169454e+07   3736s
  354927    5.6581951e+02   0.000000e+00   2.482856e+06   3740s
  355455    5.6576984e+02   0.000000e+00   2.832456e+07   3746s
  355807    5.6572459e+02   0.000000e+00   3.614861e+05   3751s
  356159    5.6568408e+02   0.000000e+00   5.233737e+06   3756s
  356687    5.6562500e+02   0.000000e+00   4.584388e+05   3762s
  357039    5.6558911e+02   0.000000e+00   6.069185e+06   3766s
  357391    5.6555892e+02   0.000000e+00   4.411637e+05   3771s
  357919    5.6550680e+02   0.000000e+00   1.728513e+08   3777s
  358271    5.6543853e+02   0.000000e+00   6.705214e+05   3781s
  358623    5.6537933e+02   0.000000e+00   4.354890e+05   3785s
  359151    5.6531696e+02   0.000000e+00   1.658433e+07   3791s
  359503    5.6528075e+02   0.000000e+00   1.999188e+06   3795s
  360031    5.6518234e+02   0.000000e+00   3.403313e+07   3801s
  360383    5.6512390e+02   0.000000e+00   8.382690e+06   3806s
  360735    5.6509645e+02   0.000000e+00   2.683915e+08   3810s
  361087    5.6502431e+02   0.000000e+00   1.361147e+07   3816s
  361615    5.6493314e+02   0.000000e+00   1.578044e+08   3822s
  361967    5.6488428e+02   0.000000e+00   1.021509e+08   3827s
  362319    5.6483224e+02   0.000000e+00   1.147638e+08   3832s
  362671    5.6479772e+02   0.000000e+00   3.919823e+07   3836s
  363023    5.6474539e+02   0.000000e+00   1.697616e+06   3840s
  363551    5.6469580e+02   0.000000e+00   5.174983e+06   3845s
  363903    5.6466742e+02   0.000000e+00   2.390761e+07   3850s
  364431    5.6460258e+02   0.000000e+00   3.826748e+08   3857s
  364783    5.6455487e+02   0.000000e+00   2.374108e+06   3861s
  365311    5.6450197e+02   0.000000e+00   5.443551e+06   3867s
  365663    5.6442546e+02   0.000000e+00   6.676930e+06   3871s
  366015    5.6437726e+02   0.000000e+00   2.285267e+06   3875s
  366367    5.6433243e+02   0.000000e+00   6.009824e+06   3880s
  366895    5.6428580e+02   0.000000e+00   5.453687e+06   3886s
  367247    5.6425194e+02   0.000000e+00   2.116325e+07   3891s
  367775    5.6419886e+02   0.000000e+00   5.358991e+06   3897s
  368127    5.6415900e+02   0.000000e+00   8.406008e+05   3902s
  368479    5.6412370e+02   0.000000e+00   5.426854e+06   3906s
  368831    5.6409557e+02   0.000000e+00   3.576593e+06   3911s
  369359    5.6404346e+02   0.000000e+00   1.516139e+07   3917s
  369711    5.6401100e+02   0.000000e+00   1.215010e+06   3921s
  370063    5.6396338e+02   0.000000e+00   9.675350e+06   3926s
  370591    5.6390813e+02   0.000000e+00   3.645940e+06   3932s
  370767    5.6389358e+02   0.000000e+00   7.467835e+07   3935s
  371119    5.6385025e+02   0.000000e+00   1.420710e+07   3940s
  371471    5.6380759e+02   0.000000e+00   2.786646e+07   3945s
  371823    5.6375822e+02   0.000000e+00   1.579057e+07   3950s
  372351    5.6365170e+02   0.000000e+00   1.795751e+06   3957s
  372703    5.6361075e+02   0.000000e+00   8.697844e+06   3961s
  373231    5.6353558e+02   0.000000e+00   3.739978e+06   3967s
  373583    5.6348861e+02   0.000000e+00   8.926994e+06   3972s
  373935    5.6343779e+02   0.000000e+00   2.883191e+08   3976s
  374463    5.6339485e+02   0.000000e+00   5.612130e+05   3982s
  374815    5.6334682e+02   0.000000e+00   2.842441e+08   3986s
  375167    5.6329091e+02   0.000000e+00   1.291490e+06   3990s
  375695    5.6324350e+02   0.000000e+00   2.513597e+07   3997s
  376047    5.6318464e+02   0.000000e+00   2.556180e+06   4002s
  376223    5.6313890e+02   0.000000e+00   1.414505e+06   4005s
  376751    5.6307890e+02   0.000000e+00   2.346257e+06   4012s
  377103    5.6302595e+02   0.000000e+00   1.175107e+07   4017s
  377455    5.6296957e+02   0.000000e+00   2.771625e+06   4022s
  377807    5.6292621e+02   0.000000e+00   7.958056e+06   4026s
  378159    5.6288631e+02   0.000000e+00   3.159797e+08   4030s
  378687    5.6280105e+02   0.000000e+00   8.355418e+06   4038s
  379039    5.6276975e+02   0.000000e+00   5.720988e+06   4042s
  379391    5.6274339e+02   0.000000e+00   8.336906e+06   4047s
  379743    5.6268871e+02   0.000000e+00   3.540729e+06   4051s
  380095    5.6263951e+02   0.000000e+00   2.543845e+07   4057s
  380447    5.6258490e+02   0.000000e+00   5.765551e+05   4062s
  380799    5.6254020e+02   0.000000e+00   1.082768e+06   4067s
  381151    5.6249485e+02   0.000000e+00   9.415754e+05   4071s
  381503    5.6244503e+02   0.000000e+00   1.764040e+06   4077s
  381855    5.6239482e+02   0.000000e+00   4.930188e+06   4081s
  382207    5.6234797e+02   0.000000e+00   1.059219e+06   4087s
  382559    5.6227952e+02   0.000000e+00   2.014674e+07   4092s
  382911    5.6223488e+02   0.000000e+00   1.044595e+08   4097s
  383263    5.6220686e+02   0.000000e+00   1.867217e+07   4101s
  383615    5.6217052e+02   0.000000e+00   1.145655e+07   4106s
  383967    5.6212347e+02   0.000000e+00   1.219241e+07   4112s
  384319    5.6207521e+02   0.000000e+00   3.666080e+07   4117s
  384671    5.6200777e+02   0.000000e+00   1.108110e+06   4121s
  385023    5.6196601e+02   0.000000e+00   2.583181e+06   4127s
  385375    5.6191772e+02   0.000000e+00   1.207770e+07   4131s
  385727    5.6187053e+02   0.000000e+00   1.288860e+06   4136s
  386079    5.6182136e+02   0.000000e+00   3.078778e+07   4141s
  386431    5.6179226e+02   0.000000e+00   3.872243e+05   4145s
  386959    5.6173779e+02   0.000000e+00   9.687779e+05   4151s
  387311    5.6169440e+02   0.000000e+00   3.777108e+06   4156s
  387663    5.6164536e+02   0.000000e+00   7.579644e+07   4160s
  388015    5.6161408e+02   0.000000e+00   2.411757e+06   4166s
  388367    5.6158581e+02   0.000000e+00   1.747794e+06   4170s
  388895    5.6150745e+02   0.000000e+00   1.318798e+07   4177s
  389247    5.6148002e+02   0.000000e+00   2.137457e+07   4181s
  389599    5.6143632e+02   0.000000e+00   3.594816e+05   4187s
  389951    5.6139688e+02   0.000000e+00   5.044726e+05   4192s
  390303    5.6135573e+02   0.000000e+00   3.337470e+05   4197s
  390655    5.6131654e+02   0.000000e+00   1.539428e+07   4201s
  391183    5.6124530e+02   0.000000e+00   8.604594e+07   4207s
  391359    5.6123315e+02   0.000000e+00   6.375293e+06   4210s
  391887    5.6113425e+02   0.000000e+00   1.120063e+06   4217s
  392239    5.6111405e+02   0.000000e+00   1.130254e+08   4221s
  392591    5.6107805e+02   0.000000e+00   6.786205e+06   4226s
  392943    5.6105124e+02   0.000000e+00   2.282971e+07   4230s
  393295    5.6101360e+02   0.000000e+00   6.918556e+07   4235s
  393823    5.6097312e+02   0.000000e+00   2.149783e+06   4241s
  394175    5.6088798e+02   0.000000e+00   2.988238e+07   4246s
  394527    5.6083347e+02   0.000000e+00   4.500860e+06   4252s
  394879    5.6077725e+02   0.000000e+00   3.748282e+07   4256s
  395231    5.6075956e+02   0.000000e+00   7.485676e+06   4260s
  395583    5.6071490e+02   0.000000e+00   1.147102e+08   4265s
  395935    5.6068592e+02   0.000000e+00   3.878338e+06   4270s
  396287    5.6063981e+02   0.000000e+00   7.416093e+07   4275s
  396639    5.6061790e+02   0.000000e+00   2.805985e+05   4280s
  396991    5.6055885e+02   0.000000e+00   3.054735e+06   4285s
  397519    5.6049158e+02   0.000000e+00   5.518193e+06   4291s
  398047    5.6044031e+02   0.000000e+00   9.796934e+05   4298s
  398399    5.6039596e+02   0.000000e+00   4.565566e+06   4302s
  398751    5.6034667e+02   0.000000e+00   2.450596e+07   4307s
  398927    5.6032371e+02   0.000000e+00   2.139618e+07   4310s
  399279    5.6028915e+02   0.000000e+00   3.427178e+06   4316s
  399631    5.6023082e+02   0.000000e+00   6.437410e+06   4321s
  399983    5.6018365e+02   0.000000e+00   6.179122e+07   4325s
  400335    5.6013268e+02   0.000000e+00   5.579988e+07   4331s
  400687    5.6007310e+02   0.000000e+00   9.751161e+06   4336s
  401039    5.6001754e+02   0.000000e+00   1.518742e+06   4342s
  401391    5.5996384e+02   0.000000e+00   4.661310e+06   4346s
  401743    5.5992052e+02   0.000000e+00   2.896201e+06   4351s
  402095    5.5988652e+02   0.000000e+00   7.502991e+06   4357s
  402447    5.5986000e+02   0.000000e+00   3.647631e+06   4362s
  402799    5.5982777e+02   0.000000e+00   3.203289e+07   4366s
  403327    5.5978170e+02   0.000000e+00   3.660409e+06   4371s
  403679    5.5974704e+02   0.000000e+00   1.727534e+05   4377s
  404031    5.5970604e+02   0.000000e+00   5.541659e+05   4382s
  404207    5.5967926e+02   0.000000e+00   3.289198e+07   4385s
  404559    5.5965296e+02   0.000000e+00   6.847223e+05   4390s
  404911    5.5961979e+02   0.000000e+00   2.118465e+06   4396s
  405263    5.5958992e+02   0.000000e+00   6.526042e+05   4401s
  405791    5.5955439e+02   0.000000e+00   3.529068e+05   4407s
  406319    5.5951976e+02   0.000000e+00   5.327998e+06   4412s
  406671    5.5948806e+02   0.000000e+00   6.751728e+06   4418s
  407023    5.5944628e+02   0.000000e+00   8.929667e+05   4422s
  407375    5.5942897e+02   0.000000e+00   6.236035e+07   4426s
  407727    5.5939700e+02   0.000000e+00   4.823822e+07   4432s
  408079    5.5937507e+02   0.000000e+00   4.629593e+06   4437s
  408431    5.5934790e+02   0.000000e+00   5.772475e+06   4442s
  408783    5.5931163e+02   0.000000e+00   1.683310e+06   4447s
  409135    5.5927136e+02   0.000000e+00   2.609327e+07   4452s
  409311    5.5925928e+02   0.000000e+00   7.516657e+05   4455s
  409663    5.5922090e+02   0.000000e+00   7.127470e+05   4461s
  410015    5.5920312e+02   0.000000e+00   9.102270e+06   4466s
  410367    5.5916058e+02   0.000000e+00   7.090247e+06   4472s
  410719    5.5913554e+02   0.000000e+00   5.099180e+08   4477s
  411071    5.5910312e+02   0.000000e+00   1.738087e+07   4482s
  411423    5.5907653e+02   0.000000e+00   8.922987e+07   4487s
  411775    5.5904585e+02   0.000000e+00   1.119517e+06   4492s
  412127    5.5903072e+02   0.000000e+00   1.421971e+07   4497s
  412303    5.5899853e+02   0.000000e+00   1.773624e+06   4500s
  412655    5.5897029e+02   0.000000e+00   4.687602e+05   4505s
  413007    5.5895186e+02   0.000000e+00   1.891674e+06   4511s
  413359    5.5892507e+02   0.000000e+00   7.340801e+05   4517s
  413535    5.5891237e+02   0.000000e+00   8.258028e+06   4520s
  413887    5.5887151e+02   0.000000e+00   8.558369e+05   4526s
  414415    5.5882779e+02   0.000000e+00   2.407213e+06   4533s
  414767    5.5879828e+02   0.000000e+00   4.701008e+07   4538s
  414943    5.5878150e+02   0.000000e+00   3.039694e+06   4541s
  415295    5.5875929e+02   0.000000e+00   3.592060e+06   4546s
  415647    5.5871685e+02   0.000000e+00   1.218607e+08   4551s
  415999    5.5867803e+02   0.000000e+00   1.582690e+07   4556s
  416351    5.5865722e+02   0.000000e+00   9.376320e+06   4561s
  416703    5.5860455e+02   0.000000e+00   1.414340e+07   4567s
  417055    5.5855136e+02   0.000000e+00   7.800897e+06   4572s
  417407    5.5852990e+02   0.000000e+00   8.742585e+07   4578s
  417583    5.5851144e+02   0.000000e+00   6.296412e+05   4580s
  417935    5.5848183e+02   0.000000e+00   8.623207e+05   4586s
  418287    5.5845363e+02   0.000000e+00   3.373696e+06   4592s
  418463    5.5843799e+02   0.000000e+00   1.143532e+06   4596s
  418815    5.5841232e+02   0.000000e+00   1.624455e+06   4601s
  419167    5.5838392e+02   0.000000e+00   1.894048e+05   4606s
  419519    5.5835284e+02   0.000000e+00   3.147002e+05   4612s
  419871    5.5832083e+02   0.000000e+00   3.350746e+06   4617s
  420047    5.5831284e+02   0.000000e+00   6.465058e+07   4621s
  420399    5.5829595e+02   0.000000e+00   4.206058e+07   4627s
  420575    5.5828683e+02   0.000000e+00   1.324072e+07   4630s
  420927    5.5826228e+02   0.000000e+00   2.790913e+07   4635s
  421279    5.5822387e+02   0.000000e+00   1.815094e+07   4640s
  421631    5.5818489e+02   0.000000e+00   2.074045e+06   4645s
  422159    5.5813831e+02   0.000000e+00   3.942996e+07   4652s
  422511    5.5811306e+02   0.000000e+00   1.859126e+07   4657s
  422863    5.5809258e+02   0.000000e+00   1.575433e+08   4661s
  423215    5.5805477e+02   0.000000e+00   5.501453e+08   4666s
  423567    5.5802070e+02   0.000000e+00   1.907623e+06   4671s
  423919    5.5800580e+02   0.000000e+00   4.765659e+05   4676s
  424271    5.5799100e+02   0.000000e+00   4.499511e+06   4680s
  424799    5.5794866e+02   0.000000e+00   2.055200e+06   4687s
  425151    5.5791749e+02   0.000000e+00   1.934774e+06   4691s
  425503    5.5788770e+02   0.000000e+00   1.888713e+06   4695s
  426031    5.5786030e+02   0.000000e+00   1.635779e+08   4702s
  426383    5.5782918e+02   0.000000e+00   1.060068e+07   4708s
  426559    5.5781184e+02   0.000000e+00   2.542531e+07   4710s
  427087    5.5777704e+02   0.000000e+00   1.300518e+06   4717s
  427439    5.5775287e+02   0.000000e+00   3.645711e+05   4723s
  427615    5.5773724e+02   0.000000e+00   6.858251e+07   4726s
  427967    5.5771693e+02   0.000000e+00   1.215790e+07   4731s
  428319    5.5769883e+02   0.000000e+00   8.190039e+05   4738s
  428495    5.5768620e+02   0.000000e+00   1.600122e+06   4740s
  428847    5.5766731e+02   0.000000e+00   5.210312e+06   4746s
  429199    5.5763440e+02   0.000000e+00   5.182196e+05   4752s
  429551    5.5761384e+02   0.000000e+00   3.535998e+07   4757s
  429727    5.5760566e+02   0.000000e+00   3.655259e+05   4760s
  430079    5.5754975e+02   0.000000e+00   2.169072e+06   4766s
  430431    5.5750228e+02   0.000000e+00   7.403522e+07   4771s
  430783    5.5748839e+02   0.000000e+00   1.315059e+07   4775s
  431135    5.5745716e+02   0.000000e+00   3.300112e+05   4781s
  431487    5.5740944e+02   0.000000e+00   3.329268e+07   4787s
  431839    5.5736825e+02   0.000000e+00   2.301227e+05   4792s
  432191    5.5734559e+02   0.000000e+00   5.720932e+05   4797s
  432367    5.5733095e+02   0.000000e+00   6.725129e+06   4800s
  432719    5.5727098e+02   0.000000e+00   2.921509e+06   4806s
  433247    5.5721797e+02   0.000000e+00   8.495957e+05   4812s
  433599    5.5719658e+02   0.000000e+00   7.579904e+06   4816s
  433951    5.5717498e+02   0.000000e+00   8.518041e+07   4820s
  434303    5.5714889e+02   0.000000e+00   3.116505e+06   4826s
  434655    5.5711552e+02   0.000000e+00   5.754170e+06   4831s
  435007    5.5708068e+02   0.000000e+00   5.481244e+05   4837s
  435359    5.5703044e+02   0.000000e+00   7.534965e+05   4841s
  435711    5.5700780e+02   0.000000e+00   4.151572e+07   4845s
  436063    5.5698406e+02   0.000000e+00   1.663135e+06   4851s
  436591    5.5693579e+02   0.000000e+00   7.694036e+06   4857s
  436943    5.5691315e+02   0.000000e+00   1.927105e+07   4862s
  437295    5.5688970e+02   0.000000e+00   9.804670e+05   4867s
  437647    5.5686692e+02   0.000000e+00   8.014788e+05   4872s
  437999    5.5684294e+02   0.000000e+00   2.166715e+06   4877s
  438351    5.5681028e+02   0.000000e+00   6.004057e+06   4882s
  438527    5.5679166e+02   0.000000e+00   1.773878e+07   4885s
  438879    5.5676636e+02   0.000000e+00   4.327436e+05   4891s
  439231    5.5674449e+02   0.000000e+00   4.378623e+06   4896s
  439583    5.5671132e+02   0.000000e+00   7.235507e+05   4901s
  440111    5.5667667e+02   0.000000e+00   8.687997e+06   4908s
  440287    5.5666076e+02   0.000000e+00   9.167475e+05   4910s
  440639    5.5663589e+02   0.000000e+00   3.995582e+06   4915s
  441167    5.5659306e+02   0.000000e+00   5.244679e+05   4922s
  441519    5.5657542e+02   0.000000e+00   3.351012e+07   4927s
  441695    5.5656492e+02   0.000000e+00   3.756114e+06   4931s
  442047    5.5654821e+02   0.000000e+00   4.890875e+06   4936s
  442399    5.5652635e+02   0.000000e+00   3.334757e+06   4942s
  442751    5.5650743e+02   0.000000e+00   3.008555e+05   4947s
  443103    5.5646564e+02   0.000000e+00   2.825596e+07   4952s
  443455    5.5644261e+02   0.000000e+00   3.038000e+06   4957s
  443807    5.5641873e+02   0.000000e+00   2.958154e+06   4962s
  444159    5.5639198e+02   0.000000e+00   9.931981e+05   4967s
  444511    5.5633093e+02   0.000000e+00   1.939901e+06   4972s
  444863    5.5630069e+02   0.000000e+00   4.080053e+06   4976s
  445215    5.5627757e+02   0.000000e+00   5.111014e+06   4981s
  445567    5.5624499e+02   0.000000e+00   1.699499e+06   4987s
  445919    5.5621733e+02   0.000000e+00   1.596237e+07   4991s
  446271    5.5619365e+02   0.000000e+00   1.517063e+06   4997s
  446623    5.5617417e+02   0.000000e+00   5.109690e+05   5002s
  446975    5.5615609e+02   0.000000e+00   1.301372e+06   5008s
  447151    5.5613413e+02   0.000000e+00   3.604786e+06   5012s
  447327    5.5611691e+02   0.000000e+00   3.992926e+05   5015s
  447679    5.5609668e+02   0.000000e+00   3.681926e+05   5021s
  448031    5.5606374e+02   0.000000e+00   1.116652e+07   5026s
  448559    5.5603558e+02   0.000000e+00   3.861981e+08   5032s
  448911    5.5601053e+02   0.000000e+00   6.930259e+07   5037s
  449263    5.5599020e+02   0.000000e+00   1.448578e+06   5043s
  449439    5.5598171e+02   0.000000e+00   1.122436e+07   5046s
  449791    5.5595186e+02   0.000000e+00   2.736733e+06   5051s
  450143    5.5593545e+02   0.000000e+00   1.013176e+06   5057s
  450495    5.5591813e+02   0.000000e+00   2.532011e+07   5062s
  450847    5.5589276e+02   0.000000e+00   3.995262e+06   5068s
  451023    5.5588005e+02   0.000000e+00   3.356827e+06   5071s
  451375    5.5585449e+02   0.000000e+00   6.634327e+06   5076s
  451727    5.5581971e+02   0.000000e+00   2.926162e+07   5080s
  452079    5.5579876e+02   0.000000e+00   6.585420e+07   5085s
  452431    5.5578540e+02   0.000000e+00   1.669777e+06   5091s
  452783    5.5576234e+02   0.000000e+00   8.960744e+05   5095s
  453135    5.5574021e+02   0.000000e+00   5.547429e+06   5100s
  453487    5.5571983e+02   0.000000e+00   8.079789e+07   5106s
  453839    5.5570639e+02   0.000000e+00   1.988589e+07   5112s
  454191    5.5567248e+02   0.000000e+00   7.042891e+06   5116s
  454543    5.5565680e+02   0.000000e+00   8.386339e+07   5122s
  454895    5.5562061e+02   0.000000e+00   3.631770e+05   5127s
  455247    5.5559562e+02   0.000000e+00   3.342347e+05   5132s
  455599    5.5557030e+02   0.000000e+00   1.604259e+06   5138s
  455775    5.5555731e+02   0.000000e+00   2.620003e+06   5140s
  456303    5.5553650e+02   0.000000e+00   1.433376e+06   5147s
  456655    5.5552983e+02   0.000000e+00   1.523390e+07   5152s
  457007    5.5550333e+02   0.000000e+00   5.861363e+07   5157s
  457183    5.5548679e+02   0.000000e+00   7.713313e+05   5160s
  457535    5.5546057e+02   0.000000e+00   2.483058e+06   5165s
  457887    5.5544442e+02   0.000000e+00   3.345259e+07   5171s
  458239    5.5541525e+02   0.000000e+00   1.937807e+05   5176s
  458591    5.5538407e+02   0.000000e+00   8.079105e+06   5181s
  458943    5.5536862e+02   0.000000e+00   9.273684e+07   5186s
  459295    5.5534698e+02   0.000000e+00   5.910774e+07   5190s
  459647    5.5531196e+02   0.000000e+00   3.454432e+05   5196s
  459999    5.5527293e+02   0.000000e+00   6.815897e+06   5200s
  460351    5.5524036e+02   0.000000e+00   1.881364e+06   5205s
  460879    5.5518762e+02   0.000000e+00   4.482797e+07   5212s
  461231    5.5514981e+02   0.000000e+00   3.396454e+06   5217s
  461583    5.5512352e+02   0.000000e+00   2.987957e+06   5222s
  461935    5.5510475e+02   0.000000e+00   8.099722e+07   5227s
  462287    5.5507879e+02   0.000000e+00   2.498140e+07   5232s
  462639    5.5504282e+02   0.000000e+00   1.586705e+06   5237s
  462991    5.5502604e+02   0.000000e+00   7.930794e+07   5242s
  463343    5.5499505e+02   0.000000e+00   2.319903e+07   5247s
  463695    5.5497120e+02   0.000000e+00   2.057886e+06   5252s
  464047    5.5494470e+02   0.000000e+00   1.079647e+07   5256s
  464399    5.5490500e+02   0.000000e+00   2.057747e+07   5261s
  464751    5.5486835e+02   0.000000e+00   2.066111e+07   5266s
  465103    5.5482331e+02   0.000000e+00   2.106718e+06   5270s
  465455    5.5479950e+02   0.000000e+00   5.983257e+06   5277s
  465807    5.5478387e+02   0.000000e+00   2.498917e+06   5282s
  466159    5.5476622e+02   0.000000e+00   7.205892e+06   5288s
  466335    5.5475999e+02   0.000000e+00   2.103676e+06   5290s
  466687    5.5471481e+02   0.000000e+00   6.047598e+05   5296s
  467039    5.5467972e+02   0.000000e+00   2.984491e+07   5301s
  467391    5.5465526e+02   0.000000e+00   6.648713e+06   5306s
  467743    5.5463761e+02   0.000000e+00   2.913199e+06   5311s
  468095    5.5461829e+02   0.000000e+00   4.190409e+05   5316s
  468447    5.5458560e+02   0.000000e+00   3.551144e+05   5322s
  468799    5.5456784e+02   0.000000e+00   1.422008e+07   5327s
  469151    5.5454874e+02   0.000000e+00   1.900492e+07   5331s
  469503    5.5452564e+02   0.000000e+00   3.635687e+06   5336s
  469855    5.5449303e+02   0.000000e+00   1.504845e+06   5342s
  470207    5.5445967e+02   0.000000e+00   6.982371e+05   5347s
  470559    5.5443544e+02   0.000000e+00   2.993449e+06   5352s
  470911    5.5442050e+02   0.000000e+00   1.570981e+06   5357s
  471263    5.5439990e+02   0.000000e+00   4.064931e+08   5362s
  471615    5.5437165e+02   0.000000e+00   5.903610e+06   5368s
  471967    5.5434518e+02   0.000000e+00   1.683138e+07   5372s
  472319    5.5429515e+02   0.000000e+00   1.252836e+07   5377s
  472671    5.5426829e+02   0.000000e+00   7.806946e+07   5382s
  473023    5.5425047e+02   0.000000e+00   4.097209e+06   5387s
  473375    5.5422082e+02   0.000000e+00   2.610794e+07   5391s
  473727    5.5419853e+02   0.000000e+00   4.681367e+05   5396s
  474079    5.5416158e+02   0.000000e+00   3.139093e+07   5400s
  474431    5.5413732e+02   0.000000e+00   1.167466e+06   5406s
  474783    5.5410269e+02   0.000000e+00   2.239387e+06   5411s
  475135    5.5407834e+02   0.000000e+00   5.680809e+05   5415s
  475663    5.5404269e+02   0.000000e+00   3.226195e+06   5422s
  476015    5.5401605e+02   0.000000e+00   4.149327e+05   5426s
  476367    5.5398554e+02   0.000000e+00   3.138481e+05   5432s
  476719    5.5396440e+02   0.000000e+00   4.194590e+06   5436s
  477071    5.5394355e+02   0.000000e+00   2.948156e+05   5441s
  477599    5.5392463e+02   0.000000e+00   1.216820e+06   5447s
  477951    5.5390604e+02   0.000000e+00   1.016161e+07   5452s
  478303    5.5388447e+02   0.000000e+00   8.657605e+05   5458s
  478655    5.5386684e+02   0.000000e+00   6.294679e+06   5462s
  479007    5.5385338e+02   0.000000e+00   1.041686e+06   5466s
  479359    5.5382670e+02   0.000000e+00   1.652238e+07   5472s
  479711    5.5380316e+02   0.000000e+00   9.072385e+07   5477s
  480063    5.5376904e+02   0.000000e+00   4.087719e+07   5481s
  480415    5.5374552e+02   0.000000e+00   4.782422e+06   5487s
  480767    5.5371724e+02   0.000000e+00   1.949556e+06   5492s
  481119    5.5369028e+02   0.000000e+00   3.477018e+07   5497s
  481471    5.5367125e+02   0.000000e+00   1.079054e+07   5502s
  481647    5.5365942e+02   0.000000e+00   3.530278e+06   5505s
  481999    5.5363855e+02   0.000000e+00   2.384904e+06   5511s
  482351    5.5362358e+02   0.000000e+00   5.025106e+06   5516s
  482703    5.5361350e+02   0.000000e+00   1.062799e+07   5521s
  483055    5.5359093e+02   0.000000e+00   1.602171e+07   5527s
  483407    5.5357323e+02   0.000000e+00   3.063323e+05   5531s
  483759    5.5354974e+02   0.000000e+00   5.751575e+06   5536s
  484111    5.5352694e+02   0.000000e+00   6.317923e+06   5541s
  484463    5.5349525e+02   0.000000e+00   7.048783e+06   5546s
  484815    5.5347772e+02   0.000000e+00   1.284462e+08   5550s
  485167    5.5345613e+02   0.000000e+00   5.033257e+07   5556s
  485519    5.5342711e+02   0.000000e+00   2.120959e+05   5561s
  485871    5.5339600e+02   0.000000e+00   8.558760e+06   5566s
  486223    5.5338312e+02   0.000000e+00   2.600588e+05   5571s
  486575    5.5335148e+02   0.000000e+00   2.155430e+08   5576s
  486927    5.5332963e+02   0.000000e+00   1.674613e+07   5581s
  487279    5.5330598e+02   0.000000e+00   1.763279e+06   5586s
  487631    5.5329124e+02   0.000000e+00   1.783456e+06   5590s
  487983    5.5326576e+02   0.000000e+00   4.360435e+06   5596s
  488335    5.5325206e+02   0.000000e+00   1.894367e+05   5600s
  488687    5.5322212e+02   0.000000e+00   1.329587e+06   5605s
  489039    5.5319483e+02   0.000000e+00   4.256204e+06   5610s
  489391    5.5317277e+02   0.000000e+00   1.643489e+06   5615s
  489743    5.5313642e+02   0.000000e+00   1.383408e+07   5620s
  490095    5.5311493e+02   0.000000e+00   8.332074e+06   5625s
  490447    5.5308763e+02   0.000000e+00   4.151885e+06   5632s
  490799    5.5307504e+02   0.000000e+00   3.355342e+06   5636s
  491151    5.5306410e+02   0.000000e+00   2.497427e+05   5643s
  491327    5.5304539e+02   0.000000e+00   2.428794e+06   5646s
  491679    5.5302623e+02   0.000000e+00   3.545519e+07   5651s
  492031    5.5299846e+02   0.000000e+00   4.071719e+06   5656s
  492383    5.5298035e+02   0.000000e+00   3.119109e+07   5661s
  492735    5.5296405e+02   0.000000e+00   3.229317e+06   5666s
  493087    5.5294324e+02   0.000000e+00   7.242471e+05   5670s
  493439    5.5291654e+02   0.000000e+00   4.869266e+06   5676s
  493791    5.5290612e+02   0.000000e+00   6.736331e+06   5681s
  494143    5.5287911e+02   0.000000e+00   8.088900e+05   5685s
  494495    5.5285366e+02   0.000000e+00   1.987411e+05   5691s
  495023    5.5282817e+02   0.000000e+00   2.674549e+05   5697s
  495199    5.5281370e+02   0.000000e+00   1.359987e+06   5700s
  495551    5.5279452e+02   0.000000e+00   1.426262e+07   5706s
  496079    5.5277261e+02   0.000000e+00   3.938864e+05   5713s
  496255    5.5276202e+02   0.000000e+00   4.997339e+05   5715s
  496607    5.5274126e+02   0.000000e+00   3.929035e+05   5720s
  496959    5.5271613e+02   0.000000e+00   2.415273e+06   5725s
  497311    5.5270329e+02   0.000000e+00   1.711105e+07   5731s
  497663    5.5269420e+02   0.000000e+00   1.366717e+06   5736s
  498015    5.5266347e+02   0.000000e+00   3.616522e+06   5742s
  498191    5.5264924e+02   0.000000e+00   2.273013e+07   5746s
  498543    5.5262075e+02   0.000000e+00   2.347802e+05   5751s
  498895    5.5260058e+02   0.000000e+00   1.392306e+07   5758s
  499071    5.5259055e+02   0.000000e+00   8.283727e+05   5760s
  499599    5.5254346e+02   0.000000e+00   3.248634e+06   5768s
  499775    5.5254030e+02   0.000000e+00   7.807439e+07   5771s
  500127    5.5251750e+02   0.000000e+00   2.078242e+06   5776s
  500479    5.5249621e+02   0.000000e+00   8.664924e+06   5781s
  500831    5.5247451e+02   0.000000e+00   4.922864e+06   5787s
  501183    5.5245107e+02   0.000000e+00   1.245491e+07   5791s
  501535    5.5243213e+02   0.000000e+00   3.341077e+06   5797s
  501887    5.5240575e+02   0.000000e+00   1.532792e+07   5803s
  502063    5.5240104e+02   0.000000e+00   1.839413e+06   5806s
  502415    5.5237355e+02   0.000000e+00   3.680179e+06   5811s
  502767    5.5235247e+02   0.000000e+00   1.917666e+06   5817s
  503119    5.5233058e+02   0.000000e+00   2.215444e+07   5822s
  503471    5.5231766e+02   0.000000e+00   3.620026e+07   5827s
  503823    5.5228969e+02   0.000000e+00   1.709415e+06   5833s
  503999    5.5228172e+02   0.000000e+00   2.109831e+07   5835s
  504351    5.5225813e+02   0.000000e+00   3.461200e+08   5842s
  504703    5.5223768e+02   0.000000e+00   2.215799e+06   5847s
  504879    5.5222288e+02   0.000000e+00   4.241780e+07   5850s
  505231    5.5218705e+02   0.000000e+00   9.449557e+05   5856s
  505583    5.5216164e+02   0.000000e+00   1.451464e+07   5861s
  505935    5.5214022e+02   0.000000e+00   5.512208e+05   5868s
  506111    5.5213415e+02   0.000000e+00   1.217931e+08   5870s
  506463    5.5211398e+02   0.000000e+00   1.771045e+07   5877s
  506815    5.5210516e+02   0.000000e+00   1.309695e+08   5881s
  507167    5.5208486e+02   0.000000e+00   1.289439e+07   5887s
  507519    5.5207367e+02   0.000000e+00   2.310558e+08   5892s
  507871    5.5205275e+02   0.000000e+00   8.377079e+06   5897s
  508223    5.5203313e+02   0.000000e+00   8.094014e+05   5902s
  508575    5.5202162e+02   0.000000e+00   6.980790e+07   5907s
  508927    5.5198948e+02   0.000000e+00   5.116635e+06   5912s
  509103    5.5196278e+02   0.000000e+00   4.315505e+06   5915s
  509455    5.5194723e+02   0.000000e+00   4.676310e+07   5920s
  509807    5.5192221e+02   0.000000e+00   1.058603e+07   5925s
  510159    5.5190517e+02   0.000000e+00   8.102673e+06   5930s
  510511    5.5189068e+02   0.000000e+00   2.775952e+07   5935s
  510863    5.5186131e+02   0.000000e+00   5.078452e+06   5940s
  511391    5.5183484e+02   0.000000e+00   1.145292e+06   5947s
  511743    5.5181885e+02   0.000000e+00   3.415569e+06   5952s
  512095    5.5180224e+02   0.000000e+00   1.943392e+07   5956s
  512447    5.5178600e+02   0.000000e+00   7.392250e+06   5961s
  512799    5.5176288e+02   0.000000e+00   7.327591e+05   5967s
  513151    5.5173372e+02   0.000000e+00   6.245991e+06   5973s
  513327    5.5172409e+02   0.000000e+00   2.316429e+05   5976s
  513679    5.5171035e+02   0.000000e+00   1.675815e+07   5981s
  514031    5.5169374e+02   0.000000e+00   1.506698e+06   5988s
  514207    5.5167846e+02   0.000000e+00   1.813947e+08   5991s
  514559    5.5165926e+02   0.000000e+00   8.158660e+05   5996s
  514911    5.5163791e+02   0.000000e+00   7.722002e+07   6001s
  515263    5.5162418e+02   0.000000e+00   1.356172e+06   6006s
  515615    5.5160299e+02   0.000000e+00   9.068421e+06   6012s
  515967    5.5158791e+02   0.000000e+00   1.608869e+08   6017s
  516319    5.5157577e+02   0.000000e+00   1.374807e+09   6022s
  516671    5.5155878e+02   0.000000e+00   1.359815e+08   6027s
  517023    5.5153105e+02   0.000000e+00   6.497928e+06   6032s
  517199    5.5151862e+02   0.000000e+00   4.303463e+06   6035s
  517551    5.5148908e+02   0.000000e+00   9.091466e+06   6041s
  517903    5.5147436e+02   0.000000e+00   1.109601e+07   6046s
  518255    5.5146325e+02   0.000000e+00   1.213347e+06   6052s
  518607    5.5145567e+02   0.000000e+00   5.752043e+08   6058s
  518959    5.5144049e+02   0.000000e+00   5.397947e+05   6063s
  519135    5.5142384e+02   0.000000e+00   4.796729e+06   6066s
  519487    5.5140923e+02   0.000000e+00   9.769403e+06   6072s
  519839    5.5139310e+02   0.000000e+00   9.276510e+06   6077s
  520015    5.5138005e+02   0.000000e+00   8.953296e+06   6080s
  520367    5.5135279e+02   0.000000e+00   5.131406e+05   6085s
  520719    5.5132752e+02   0.000000e+00   3.426809e+05   6091s
  521071    5.5130828e+02   0.000000e+00   7.491477e+06   6096s
  521423    5.5129486e+02   0.000000e+00   7.908414e+05   6101s
  521775    5.5127312e+02   0.000000e+00   9.797028e+05   6106s
  522127    5.5126311e+02   0.000000e+00   4.360293e+06   6110s
  522479    5.5125038e+02   0.000000e+00   2.534110e+06   6116s
  522831    5.5122925e+02   0.000000e+00   3.466797e+06   6121s
  523183    5.5121620e+02   0.000000e+00   1.064151e+07   6127s
  523535    5.5118739e+02   0.000000e+00   8.629028e+06   6133s
  523711    5.5117679e+02   0.000000e+00   1.614231e+06   6136s
  524063    5.5114220e+02   0.000000e+00   1.247720e+07   6142s
  524415    5.5112734e+02   0.000000e+00   5.058862e+06   6148s
  524767    5.5110649e+02   0.000000e+00   3.497616e+07   6153s
  524943    5.5109453e+02   0.000000e+00   1.852893e+06   6155s
  525295    5.5107575e+02   0.000000e+00   1.209221e+07   6161s
  525647    5.5104769e+02   0.000000e+00   2.797330e+07   6167s
  525823    5.5103155e+02   0.000000e+00   1.058639e+07   6170s
  526175    5.5101692e+02   0.000000e+00   2.492382e+07   6176s
  526527    5.5097741e+02   0.000000e+00   5.163136e+05   6183s
  526703    5.5096585e+02   0.000000e+00   4.575421e+07   6185s
  527231    5.5094680e+02   0.000000e+00   4.987053e+06   6192s
  527583    5.5094082e+02   0.000000e+00   2.352307e+07   6197s
  527935    5.5092950e+02   0.000000e+00   1.205021e+07   6202s
  528287    5.5090544e+02   0.000000e+00   1.996946e+06   6207s
  528639    5.5089260e+02   0.000000e+00   5.856550e+07   6213s
  528815    5.5088095e+02   0.000000e+00   7.850179e+06   6216s
  529167    5.5086426e+02   0.000000e+00   2.132386e+06   6221s
  529519    5.5084571e+02   0.000000e+00   3.020718e+08   6227s
  529871    5.5081467e+02   0.000000e+00   8.969477e+05   6233s
  530047    5.5079706e+02   0.000000e+00   2.991378e+06   6236s
  530399    5.5078361e+02   0.000000e+00   2.849015e+06   6240s
  530751    5.5075427e+02   0.000000e+00   5.662617e+06   6246s
  531103    5.5073327e+02   0.000000e+00   5.159833e+06   6251s
  531455    5.5071902e+02   0.000000e+00   6.430921e+06   6258s
  531631    5.5070854e+02   0.000000e+00   1.180026e+07   6261s
  531983    5.5069497e+02   0.000000e+00   2.868641e+05   6266s
  532335    5.5067597e+02   0.000000e+00   2.280351e+06   6272s
  532687    5.5066334e+02   0.000000e+00   1.529348e+06   6276s
  533039    5.5064866e+02   0.000000e+00   3.498681e+06   6282s
  533391    5.5062639e+02   0.000000e+00   1.953069e+06   6287s
  533567    5.5061726e+02   0.000000e+00   1.034763e+08   6291s
  533919    5.5059811e+02   0.000000e+00   1.361518e+06   6296s
  534271    5.5059549e+02   0.000000e+00   5.075713e+08   6300s
  534623    5.5056771e+02   0.000000e+00   2.139196e+05   6306s
  534975    5.5055110e+02   0.000000e+00   1.716593e+08   6311s
  535327    5.5054047e+02   0.000000e+00   1.927374e+06   6316s
  535679    5.5051080e+02   0.000000e+00   2.645304e+05   6323s
  536031    5.5049460e+02   0.000000e+00   4.450676e+06   6327s
  536207    5.5048007e+02   0.000000e+00   1.073706e+06   6330s
  536559    5.5047127e+02   0.000000e+00   4.077788e+06   6336s
  536911    5.5044886e+02   0.000000e+00   1.113727e+06   6342s
  537263    5.5043296e+02   0.000000e+00   1.653547e+07   6347s
  537615    5.5042108e+02   0.000000e+00   4.071687e+06   6351s
  537967    5.5039470e+02   0.000000e+00   9.689384e+05   6356s
  538319    5.5038360e+02   0.000000e+00   1.078758e+07   6361s
  538671    5.5036435e+02   0.000000e+00   3.809272e+05   6367s
  538847    5.5035380e+02   0.000000e+00   2.821329e+05   6370s
  539375    5.5034962e+02   0.000000e+00   7.595319e+06   6377s
  539727    5.5033313e+02   0.000000e+00   7.311943e+05   6382s
  540079    5.5032415e+02   0.000000e+00   6.947410e+06   6388s
  540431    5.5030997e+02   0.000000e+00   2.118499e+06   6393s
  540607    5.5030090e+02   0.000000e+00   2.504284e+08   6396s
  540959    5.5028497e+02   0.000000e+00   8.864989e+05   6401s
  541311    5.5026082e+02   0.000000e+00   1.256048e+05   6406s
  541663    5.5024156e+02   0.000000e+00   1.003625e+08   6412s
  542015    5.5023140e+02   0.000000e+00   1.285589e+07   6417s
  542367    5.5022140e+02   0.000000e+00   2.035584e+06   6421s
  542719    5.5020346e+02   0.000000e+00   1.319951e+08   6427s
  543071    5.5018519e+02   0.000000e+00   8.896161e+06   6432s
  543423    5.5017094e+02   0.000000e+00   1.603744e+07   6438s
  543599    5.5016681e+02   0.000000e+00   7.365840e+07   6440s
  543951    5.5015442e+02   0.000000e+00   1.919883e+07   6447s
  544303    5.5013315e+02   0.000000e+00   1.560961e+07   6452s
  544479    5.5012573e+02   0.000000e+00   1.797292e+06   6455s
  545007    5.5010545e+02   0.000000e+00   7.618888e+06   6462s
  545183    5.5009916e+02   0.000000e+00   4.491572e+05   6466s
  545535    5.5007774e+02   0.000000e+00   6.008360e+06   6471s
  545887    5.5006150e+02   0.000000e+00   1.323851e+08   6477s
  546239    5.5004778e+02   0.000000e+00   2.774696e+07   6483s
  546415    5.5003590e+02   0.000000e+00   3.726136e+07   6486s
  546767    5.5001575e+02   0.000000e+00   1.252326e+06   6491s
  547119    5.4999369e+02   0.000000e+00   4.790876e+06   6496s
  547471    5.4997506e+02   0.000000e+00   3.012377e+06   6502s
  547823    5.4994912e+02   0.000000e+00   7.421198e+07   6507s
  548175    5.4993375e+02   0.000000e+00   1.318344e+06   6512s
  548527    5.4991906e+02   0.000000e+00   3.739590e+06   6517s
  548879    5.4989930e+02   0.000000e+00   1.531895e+06   6522s
  549231    5.4988598e+02   0.000000e+00   5.491102e+06   6528s
  549407    5.4987795e+02   0.000000e+00   1.089076e+09   6530s
  549759    5.4986382e+02   0.000000e+00   1.941453e+07   6537s
  550111    5.4984138e+02   0.000000e+00   1.046254e+07   6543s
  550463    5.4983355e+02   0.000000e+00   1.352934e+06   6548s
  550639    5.4982648e+02   0.000000e+00   3.995215e+06   6550s
  550991    5.4981212e+02   0.000000e+00   4.096575e+05   6555s
  551343    5.4980246e+02   0.000000e+00   8.954264e+06   6560s
  551695    5.4979230e+02   0.000000e+00   3.565404e+05   6566s
  552047    5.4976587e+02   0.000000e+00   9.570697e+05   6571s
  552399    5.4974734e+02   0.000000e+00   2.104960e+07   6577s
  552751    5.4973500e+02   0.000000e+00   2.706841e+07   6582s
  553103    5.4972108e+02   0.000000e+00   2.960670e+07   6587s
  553455    5.4970603e+02   0.000000e+00   3.640260e+05   6592s
  553807    5.4969748e+02   0.000000e+00   4.829938e+07   6597s
  554159    5.4968148e+02   0.000000e+00   3.837141e+06   6602s
  554335    5.4967619e+02   0.000000e+00   5.774802e+05   6605s
  554687    5.4966370e+02   0.000000e+00   9.189979e+06   6611s
  555039    5.4964195e+02   0.000000e+00   9.683828e+05   6616s
  555391    5.4963178e+02   0.000000e+00   6.845364e+06   6621s
  555743    5.4961048e+02   0.000000e+00   4.957125e+06   6626s
  556095    5.4959547e+02   0.000000e+00   6.192568e+06   6631s
  556447    5.4957677e+02   0.000000e+00   4.024386e+05   6637s
  556623    5.4956955e+02   0.000000e+00   7.703939e+06   6640s
  557151    5.4954309e+02   0.000000e+00   3.300990e+06   6647s
  557327    5.4953871e+02   0.000000e+00   1.646840e+08   6651s
  557679    5.4952297e+02   0.000000e+00   9.534492e+07   6655s
  558031    5.4951386e+02   0.000000e+00   1.038664e+07   6661s
  558383    5.4949575e+02   0.000000e+00   3.122579e+06   6666s
  558735    5.4948633e+02   0.000000e+00   1.063724e+07   6671s
  559087    5.4947098e+02   0.000000e+00   1.453867e+06   6677s
  559439    5.4945971e+02   0.000000e+00   6.912859e+06   6682s
  559791    5.4944784e+02   0.000000e+00   3.319996e+06   6688s
  559967    5.4943914e+02   0.000000e+00   1.098791e+07   6691s
  560319    5.4942515e+02   0.000000e+00   9.441595e+05   6696s
  560671    5.4941258e+02   0.000000e+00   5.394562e+08   6701s
  561023    5.4939849e+02   0.000000e+00   5.717717e+07   6706s
  561375    5.4938294e+02   0.000000e+00   3.390359e+07   6711s
  561727    5.4937312e+02   0.000000e+00   3.254638e+06   6715s
  562079    5.4936549e+02   0.000000e+00   1.594574e+08   6722s
  562431    5.4935675e+02   0.000000e+00   7.427093e+06   6727s
  562783    5.4934717e+02   0.000000e+00   7.249726e+05   6732s
  562959    5.4933847e+02   0.000000e+00   8.360041e+06   6735s
  563311    5.4931953e+02   0.000000e+00   6.889495e+05   6741s
  563663    5.4930160e+02   0.000000e+00   8.632522e+07   6746s
  564015    5.4928868e+02   0.000000e+00   5.567270e+06   6751s
  564543    5.4926160e+02   0.000000e+00   7.641795e+06   6757s
  564895    5.4924675e+02   0.000000e+00   1.782666e+07   6762s
  565247    5.4922890e+02   0.000000e+00   1.310999e+08   6767s
  565423    5.4921413e+02   0.000000e+00   2.529254e+06   6770s
  565775    5.4919714e+02   0.000000e+00   5.271079e+06   6776s
  566127    5.4918234e+02   0.000000e+00   4.928426e+07   6781s
  566479    5.4916565e+02   0.000000e+00   7.462926e+06   6787s
  566831    5.4915330e+02   0.000000e+00   3.117096e+06   6792s
  567007    5.4914641e+02   0.000000e+00   1.070513e+07   6795s
  567359    5.4913176e+02   0.000000e+00   1.609375e+05   6801s
  567711    5.4911994e+02   0.000000e+00   2.373175e+07   6806s
  568063    5.4910392e+02   0.000000e+00   9.772962e+05   6811s
  568415    5.4909334e+02   0.000000e+00   8.612725e+06   6816s
  568767    5.4907952e+02   0.000000e+00   6.600539e+05   6821s
  569119    5.4905709e+02   0.000000e+00   3.908413e+06   6826s
  569471    5.4903792e+02   0.000000e+00   4.986575e+05   6831s
  569823    5.4902807e+02   0.000000e+00   2.290443e+06   6836s
  570175    5.4901645e+02   0.000000e+00   1.590438e+07   6841s
  570527    5.4900840e+02   0.000000e+00   1.879458e+06   6846s
  570879    5.4899564e+02   0.000000e+00   3.990911e+06   6852s
  571231    5.4898458e+02   0.000000e+00   7.142913e+06   6858s
  571407    5.4897507e+02   0.000000e+00   5.792826e+07   6860s
  571759    5.4896335e+02   0.000000e+00   8.722399e+05   6865s
  572111    5.4894544e+02   0.000000e+00   1.129511e+06   6871s
  572463    5.4893668e+02   0.000000e+00   8.140723e+06   6876s
  572815    5.4892092e+02   0.000000e+00   2.702292e+07   6881s
  573167    5.4891262e+02   0.000000e+00   1.019632e+07   6888s
  573343    5.4890848e+02   0.000000e+00   3.848999e+06   6890s
  573695    5.4890160e+02   0.000000e+00   2.111176e+05   6895s
  574047    5.4888826e+02   0.000000e+00   1.146005e+07   6901s
  574399    5.4887939e+02   0.000000e+00   2.709045e+05   6907s
  574751    5.4886903e+02   0.000000e+00   3.308101e+06   6912s
  575103    5.4885780e+02   0.000000e+00   6.441405e+05   6918s
  575279    5.4885424e+02   0.000000e+00   5.979277e+08   6920s
  575631    5.4884044e+02   0.000000e+00   4.372294e+06   6925s
  575983    5.4882960e+02   0.000000e+00   1.466734e+06   6930s
  576335    5.4881682e+02   0.000000e+00   1.081761e+07   6935s
  576687    5.4880502e+02   0.000000e+00   3.511633e+05   6940s
  577039    5.4879215e+02   0.000000e+00   6.909243e+06   6946s
  577391    5.4877162e+02   0.000000e+00   6.736521e+06   6952s
  577743    5.4875691e+02   0.000000e+00   4.732388e+06   6957s
  578095    5.4873654e+02   0.000000e+00   3.962141e+05   6962s
  578447    5.4872001e+02   0.000000e+00   8.683398e+05   6967s
  578799    5.4869479e+02   0.000000e+00   5.574236e+06   6972s
  579151    5.4868427e+02   0.000000e+00   1.126237e+06   6977s
  579327    5.4867848e+02   0.000000e+00   6.520654e+05   6980s
  579679    5.4866773e+02   0.000000e+00   4.350640e+07   6986s
  580031    5.4865720e+02   0.000000e+00   4.300693e+06   6991s
  580383    5.4864640e+02   0.000000e+00   1.974037e+07   6995s
  580735    5.4863331e+02   0.000000e+00   1.560009e+07   7001s
  581087    5.4861271e+02   0.000000e+00   1.801750e+06   7006s
  581439    5.4859956e+02   0.000000e+00   7.620542e+07   7012s
  581791    5.4858605e+02   0.000000e+00   2.475954e+07   7018s
  581967    5.4858032e+02   0.000000e+00   7.507531e+05   7020s
  582319    5.4856450e+02   0.000000e+00   8.747396e+07   7026s
  582671    5.4854897e+02   0.000000e+00   4.248991e+06   7031s
  583023    5.4853468e+02   0.000000e+00   5.237902e+06   7036s
  583375    5.4852458e+02   0.000000e+00   1.168703e+07   7041s
  583727    5.4850642e+02   0.000000e+00   6.387621e+05   7045s
  584255    5.4849848e+02   0.000000e+00   9.791953e+07   7052s
  584607    5.4847137e+02   0.000000e+00   3.537533e+06   7057s
  584959    5.4845445e+02   0.000000e+00   4.639076e+05   7062s
  585311    5.4843295e+02   0.000000e+00   5.475335e+06   7067s
  585663    5.4841507e+02   0.000000e+00   7.227652e+06   7072s
  586015    5.4840093e+02   0.000000e+00   2.524413e+06   7076s
  586367    5.4838023e+02   0.000000e+00   8.746120e+07   7082s
  586719    5.4836014e+02   0.000000e+00   3.882501e+06   7087s
  586895    5.4834870e+02   0.000000e+00   6.999439e+06   7090s
  587247    5.4833547e+02   0.000000e+00   1.511188e+06   7095s
  587599    5.4832574e+02   0.000000e+00   1.129088e+08   7102s
  587775    5.4831299e+02   0.000000e+00   3.264226e+07   7106s
  588127    5.4830152e+02   0.000000e+00   3.965830e+05   7111s
  588479    5.4829294e+02   0.000000e+00   3.479382e+06   7117s
  588831    5.4827581e+02   0.000000e+00   1.008520e+06   7122s
  589183    5.4826411e+02   0.000000e+00   3.196863e+06   7127s
  589535    5.4825423e+02   0.000000e+00   2.142268e+07   7132s
  589887    5.4824769e+02   0.000000e+00   1.177763e+06   7138s
  590063    5.4824264e+02   0.000000e+00   4.242617e+06   7141s
  590415    5.4822786e+02   0.000000e+00   2.018200e+06   7146s
  590767    5.4821529e+02   0.000000e+00   3.692821e+06   7152s
  591119    5.4819932e+02   0.000000e+00   1.808896e+06   7158s
  591295    5.4819516e+02   0.000000e+00   2.758391e+06   7161s
  591647    5.4818090e+02   0.000000e+00   2.431291e+07   7167s
  591999    5.4816674e+02   0.000000e+00   2.632947e+07   7172s
  592175    5.4816160e+02   0.000000e+00   1.295751e+06   7175s
  592527    5.4814607e+02   0.000000e+00   1.292744e+06   7181s
  592879    5.4813256e+02   0.000000e+00   1.196449e+06   7186s
  593231    5.4812039e+02   0.000000e+00   2.401378e+06   7191s
  593583    5.4811003e+02   0.000000e+00   1.601356e+06   7196s


Root relaxation: time limit, 593881 iterations, 7196.71 seconds

    Nodes    |    Current Node    |     Objective Bounds      |     Work
 Expl Unexpl |  Obj  Depth IntInf | Incumbent    BestBd   Gap | It/Node Time

     0     0          -    0               -    0.00000      -     - 7200s

Explored 0 nodes (593881 simplex iterations) in 7200.03 seconds
Thread count was 4 (of 4 available processors)

Solution count 0

Time limit reached
Best objective -, best bound 0.000000000000e+00, gap -

Unable to retrieve attribute 'X'

