Academic license - for non-commercial use only
Set parameter TimeLimit to value 7200

Gurobi Optimizer version 8.0.0 build v8.0.0rc0 (linux64)
Copyright (c) 2018, Gurobi Optimization, LLC

Read LP format model from file fernando/abz5.lp
Reading time = 0.23 seconds
: 65380 rows, 117741 columns, 340010 nonzeros
Optimize a model with 65380 rows, 117741 columns and 340010 nonzeros
Variable types: 0 continuous, 117741 integer (117740 binary)
Coefficient statistics:
  Matrix range     [1e+00, 1e+03]
  Objective range  [1e+00, 1e+00]
  Bounds range     [1e+00, 1e+00]
  RHS range        [1e+00, 1e+00]
Presolve removed 7332 rows and 7442 columns
Presolve time: 1.13s
Presolved: 58048 rows, 110299 columns, 325410 nonzeros
Variable types: 0 continuous, 110299 integer (110298 binary)

Deterministic concurrent LP optimizer: primal and dual simplex
Showing first log only...

Presolve removed 86 rows and 86 columns
Presolved: 57962 rows, 110213 columns, 325244 nonzeros

Presolve removed 10 rows and 1 columns

Root simplex log...

Iteration    Objective       Primal Inf.    Dual Inf.      Time
    1304    0.0000000e+00   4.099682e+00   1.649082e+10      5s
    3224    0.0000000e+00   2.967790e+00   1.091987e+10     10s
    4934    0.0000000e+00   2.226819e+00   8.740026e+09     15s
    6554    0.0000000e+00   1.467400e+00   2.781244e+10     20s
    8044    0.0000000e+00   9.003897e-01   7.552515e+10     25s
    9294    0.0000000e+00   5.229264e-01   1.150606e+10     30s
   10574    0.0000000e+00   3.078121e-01   6.188797e+09     35s
   11724    0.0000000e+00   1.519409e-01   1.604593e+10     40s
   12864    0.0000000e+00   1.424474e-02   1.632325e+10     45s
   13103    5.9819400e+05   0.000000e+00   3.200000e+01     47s
   14133    1.1998853e+03   0.000000e+00   4.710153e+05     50s
   15703    1.1715932e+03   0.000000e+00   5.413699e+05     55s
   17103    1.1523070e+03   0.000000e+00   1.338051e+06     60s
   18653    1.1283710e+03   0.000000e+00   3.801300e+05     65s
   20293    1.1141478e+03   0.000000e+00   2.277583e+05     70s
   21613    1.1088935e+03   0.000000e+00   2.968909e+05     75s
   22693    1.1024311e+03   0.000000e+00   2.018121e+06     80s
   23883    1.0970204e+03   0.000000e+00   6.087275e+05     85s
   25063    1.0917204e+03   0.000000e+00   2.106403e+06     90s
   26183    1.0876790e+03   0.000000e+00   4.670960e+06     95s
   27393    1.0833194e+03   0.000000e+00   2.505133e+05    100s
   28653    1.0790922e+03   0.000000e+00   3.096234e+05    106s
   29703    1.0741235e+03   0.000000e+00   1.131528e+06    110s
   30843    1.0712320e+03   0.000000e+00   5.196123e+05    115s
   32133    1.0680737e+03   0.000000e+00   2.875791e+05    120s
   33373    1.0635664e+03   0.000000e+00   3.326280e+05    125s
   34613    1.0608730e+03   0.000000e+00   1.807491e+05    130s
   35773    1.0571262e+03   0.000000e+00   6.325642e+05    135s
   36963    1.0546409e+03   0.000000e+00   2.587132e+05    140s
   38223    1.0520647e+03   0.000000e+00   3.299981e+05    146s
   39313    1.0495629e+03   0.000000e+00   1.351148e+06    150s
   40453    1.0470325e+03   0.000000e+00   2.777112e+05    155s
   41613    1.0448683e+03   0.000000e+00   6.236234e+06    160s
   42973    1.0430795e+03   0.000000e+00   7.869509e+05    166s
   44073    1.0416097e+03   0.000000e+00   1.052103e+05    170s
   45363    1.0400809e+03   0.000000e+00   6.499022e+05    175s
   46613    1.0386192e+03   0.000000e+00   1.257606e+05    181s
   47833    1.0369407e+03   0.000000e+00   1.561329e+05    185s
   49143    1.0352026e+03   0.000000e+00   2.241290e+05    191s
   50273    1.0338981e+03   0.000000e+00   1.249087e+06    195s
   51503    1.0323259e+03   0.000000e+00   1.073129e+05    200s
   52793    1.0310387e+03   0.000000e+00   1.215778e+05    205s
   53893    1.0298346e+03   0.000000e+00   2.019878e+05    210s
   55233    1.0284378e+03   0.000000e+00   2.433206e+05    215s
   56493    1.0274147e+03   0.000000e+00   5.833573e+05    221s
   57723    1.0259094e+03   0.000000e+00   3.243365e+05    226s
   58903    1.0246952e+03   0.000000e+00   6.609550e+05    231s
   59993    1.0239754e+03   0.000000e+00   5.273165e+05    236s
   61013    1.0233107e+03   0.000000e+00   1.055627e+06    240s
   62213    1.0222944e+03   0.000000e+00   7.987651e+04    245s
   63403    1.0213546e+03   0.000000e+00   1.316161e+06    250s
   64553    1.0204610e+03   0.000000e+00   2.719350e+05    255s
   65753    1.0199098e+03   0.000000e+00   6.971740e+05    260s
   66773    1.0194509e+03   0.000000e+00   9.285472e+05    265s
   67633    1.0187049e+03   0.000000e+00   2.736230e+06    271s
   68383    1.0180037e+03   0.000000e+00   1.124626e+06    275s
   69333    1.0169768e+03   0.000000e+00   1.884621e+06    281s
   70093    1.0164918e+03   0.000000e+00   3.155081e+05    286s
   70873    1.0159597e+03   0.000000e+00   2.756426e+06    291s
   71513    1.0155903e+03   0.000000e+00   1.294119e+06    295s
   72273    1.0150090e+03   0.000000e+00   2.357817e+06    300s
   72993    1.0144940e+03   0.000000e+00   6.602705e+05    306s
   73703    1.0139982e+03   0.000000e+00   6.995864e+06    311s
   74463    1.0134492e+03   0.000000e+00   1.986658e+05    316s
   75043    1.0131210e+03   0.000000e+00   3.012118e+06    321s
   75803    1.0124766e+03   0.000000e+00   5.078144e+07    326s
   76423    1.0120717e+03   0.000000e+00   2.235147e+06    331s
   77033    1.0118282e+03   0.000000e+00   1.314564e+06    335s
   77683    1.0115405e+03   0.000000e+00   3.342153e+06    340s
   78323    1.0111444e+03   0.000000e+00   9.917864e+06    345s
   78973    1.0108096e+03   0.000000e+00   6.322385e+06    350s
   79633    1.0104651e+03   0.000000e+00   7.955041e+05    355s
   80253    1.0101548e+03   0.000000e+00   3.069921e+06    360s
   80903    1.0098599e+03   0.000000e+00   1.232767e+06    365s
   81623    1.0096195e+03   0.000000e+00   1.201068e+06    370s
   82263    1.0093839e+03   0.000000e+00   9.304109e+05    375s
   82873    1.0091582e+03   0.000000e+00   1.177534e+05    380s
   83553    1.0089172e+03   0.000000e+00   7.974461e+05    386s
   84073    1.0087774e+03   0.000000e+00   1.899264e+07    390s
   84763    1.0086187e+03   0.000000e+00   1.848778e+06    396s
   85423    1.0083827e+03   0.000000e+00   4.720856e+06    401s
   85883    1.0082564e+03   0.000000e+00   5.739270e+08    405s
   86583    1.0079479e+03   0.000000e+00   9.145095e+06    411s
   87183    1.0076552e+03   0.000000e+00   6.520048e+06    416s
   87773    1.0074346e+03   0.000000e+00   1.936874e+06    421s
   88343    1.0071780e+03   0.000000e+00   1.982841e+07    425s
   88923    1.0069925e+03   0.000000e+00   1.872515e+06    430s
   89613    1.0067688e+03   0.000000e+00   1.437560e+06    436s
   90253    1.0066265e+03   0.000000e+00   3.415180e+05    441s
   90833    1.0064070e+03   0.000000e+00   1.340825e+07    446s
   91463    1.0061437e+03   0.000000e+00   4.938795e+06    451s
   92063    1.0059439e+03   0.000000e+00   5.391568e+05    456s
   92533    1.0057820e+03   0.000000e+00   1.126613e+06    460s
   93223    1.0055126e+03   0.000000e+00   4.358522e+06    466s
   93783    1.0053374e+03   0.000000e+00   4.770942e+06    470s
   94333    1.0051923e+03   0.000000e+00   4.886167e+05    475s
   94893    1.0050745e+03   0.000000e+00   8.407297e+06    480s
   95573    1.0049595e+03   0.000000e+00   9.543608e+06    486s
   96043    1.0048785e+03   0.000000e+00   9.561135e+06    490s
   96703    1.0047650e+03   0.000000e+00   4.166063e+06    496s
   97283    1.0046372e+03   0.000000e+00   1.252660e+06    501s
   97883    1.0045043e+03   0.000000e+00   1.547058e+06    506s
   98513    1.0043274e+03   0.000000e+00   2.727966e+06    511s
   99033    1.0042107e+03   0.000000e+00   5.718212e+05    516s
   99623    1.0040244e+03   0.000000e+00   1.431658e+06    521s
  100253    1.0038490e+03   0.000000e+00   9.101951e+05    526s
  100833    1.0036790e+03   0.000000e+00   3.620275e+06    531s
  101513    1.0035486e+03   0.000000e+00   1.345530e+06    536s
  102043    1.0034010e+03   0.000000e+00   7.427550e+05    541s
  102583    1.0033001e+03   0.000000e+00   1.382872e+06    546s
  103133    1.0031632e+03   0.000000e+00   5.212102e+05    551s
  103793    1.0030026e+03   0.000000e+00   7.935446e+05    556s
  104343    1.0028542e+03   0.000000e+00   2.051712e+06    561s
  104853    1.0027121e+03   0.000000e+00   8.039198e+05    565s
  105473    1.0025864e+03   0.000000e+00   1.522049e+06    571s
  106033    1.0024645e+03   0.000000e+00   7.483769e+06    575s
  106573    1.0023556e+03   0.000000e+00   5.193525e+05    580s
  107143    1.0022028e+03   0.000000e+00   5.352031e+05    585s
  107843    1.0020741e+03   0.000000e+00   1.806411e+05    591s
  108373    1.0019344e+03   0.000000e+00   3.689360e+05    596s
  108993    1.0017979e+03   0.000000e+00   1.580314e+05    601s
  109553    1.0016631e+03   0.000000e+00   3.417912e+06    606s
  110143    1.0014985e+03   0.000000e+00   1.364350e+06    611s
  110713    1.0013640e+03   0.000000e+00   5.736182e+06    616s
  111183    1.0012587e+03   0.000000e+00   6.182676e+05    620s
  111773    1.0010711e+03   0.000000e+00   2.935818e+06    625s
  112453    1.0009189e+03   0.000000e+00   1.115452e+06    631s
  112963    1.0007834e+03   0.000000e+00   9.114507e+05    635s
  113613    1.0006169e+03   0.000000e+00   4.417054e+05    641s
  114153    1.0004838e+03   0.000000e+00   9.459033e+05    645s
  114753    1.0003600e+03   0.000000e+00   3.116084e+06    651s
  115353    1.0002575e+03   0.000000e+00   4.263759e+06    656s
  115843    1.0001883e+03   0.000000e+00   2.118401e+07    660s
  116403    1.0000550e+03   0.000000e+00   2.185737e+07    666s
  117043    9.9988936e+02   0.000000e+00   8.981309e+05    671s
  117483    9.9979560e+02   0.000000e+00   5.249002e+06    675s
  118033    9.9971042e+02   0.000000e+00   7.734661e+05    680s
  118623    9.9957786e+02   0.000000e+00   6.326610e+05    685s
  119193    9.9946746e+02   0.000000e+00   1.246671e+06    691s
  119663    9.9936977e+02   0.000000e+00   8.853005e+05    695s
  120223    9.9926694e+02   0.000000e+00   1.196738e+06    700s
  120853    9.9909432e+02   0.000000e+00   5.608126e+06    706s
  121383    9.9901338e+02   0.000000e+00   2.687459e+06    710s
  121973    9.9892698e+02   0.000000e+00   8.141052e+06    716s
  122563    9.9883025e+02   0.000000e+00   1.465216e+06    721s
  123053    9.9874732e+02   0.000000e+00   9.927998e+05    725s
  123623    9.9863694e+02   0.000000e+00   1.046585e+06    730s
  124203    9.9849692e+02   0.000000e+00   1.655883e+06    735s
  124753    9.9836834e+02   0.000000e+00   3.180229e+06    740s
  125303    9.9825830e+02   0.000000e+00   1.805725e+06    745s
  126033    9.9808305e+02   0.000000e+00   6.289031e+05    752s
  126503    9.9799555e+02   0.000000e+00   3.610678e+06    756s
  127003    9.9793850e+02   0.000000e+00   6.518382e+05    760s
  127603    9.9786276e+02   0.000000e+00   1.642464e+06    766s
  128123    9.9780493e+02   0.000000e+00   4.106801e+06    770s
  128673    9.9771941e+02   0.000000e+00   1.847921e+06    775s
  129333    9.9761271e+02   0.000000e+00   4.170022e+05    781s
  129783    9.9755388e+02   0.000000e+00   1.265836e+06    785s
  130413    9.9745530e+02   0.000000e+00   4.749305e+06    791s
  130933    9.9739155e+02   0.000000e+00   7.657063e+05    795s
  131473    9.9732148e+02   0.000000e+00   6.045780e+05    800s
  132173    9.9720963e+02   0.000000e+00   1.643421e+05    806s
  132673    9.9712261e+02   0.000000e+00   6.682834e+05    811s
  133333    9.9701073e+02   0.000000e+00   9.466162e+05    816s
  133803    9.9695629e+02   0.000000e+00   4.599037e+05    821s
  134263    9.9689784e+02   0.000000e+00   3.539070e+05    825s
  134953    9.9679323e+02   0.000000e+00   3.084846e+06    832s
  135353    9.9674960e+02   0.000000e+00   4.309843e+05    835s
  135993    9.9666735e+02   0.000000e+00   1.707526e+06    841s
  136553    9.9661527e+02   0.000000e+00   1.081388e+07    846s
  137043    9.9655280e+02   0.000000e+00   9.777542e+05    851s
  137563    9.9650766e+02   0.000000e+00   7.535970e+05    855s
  138273    9.9638474e+02   0.000000e+00   1.480387e+06    861s
  138753    9.9627343e+02   0.000000e+00   6.535480e+05    866s
  139323    9.9619839e+02   0.000000e+00   7.524129e+06    870s
  139863    9.9613081e+02   0.000000e+00   1.953060e+06    875s
  140453    9.9604591e+02   0.000000e+00   5.871683e+06    880s
  141073    9.9598244e+02   0.000000e+00   2.378847e+05    886s
  141613    9.9593627e+02   0.000000e+00   7.465770e+05    891s
  142143    9.9588356e+02   0.000000e+00   2.240704e+05    896s
  142583    9.9582860e+02   0.000000e+00   8.108411e+05    900s
  143263    9.9577810e+02   0.000000e+00   1.166225e+06    907s
  143663    9.9571756e+02   0.000000e+00   7.200563e+05    911s
  144153    9.9567460e+02   0.000000e+00   3.000692e+06    915s
  144733    9.9562831e+02   0.000000e+00   2.445099e+05    921s
  145223    9.9559445e+02   0.000000e+00   6.925559e+05    925s
  145783    9.9553671e+02   0.000000e+00   5.599203e+06    931s
  146273    9.9548570e+02   0.000000e+00   2.082974e+06    935s
  146833    9.9544704e+02   0.000000e+00   6.785391e+06    941s
  147393    9.9540051e+02   0.000000e+00   2.930128e+05    946s
  147903    9.9535332e+02   0.000000e+00   3.794086e+05    951s
  148373    9.9530921e+02   0.000000e+00   1.142705e+06    955s
  148913    9.9526013e+02   0.000000e+00   6.804091e+05    960s
  149413    9.9522238e+02   0.000000e+00   2.560856e+06    965s
  149983    9.9516156e+02   0.000000e+00   1.081889e+06    971s
  150413    9.9513633e+02   0.000000e+00   7.372847e+05    975s
  151083    9.9504296e+02   0.000000e+00   2.474966e+06    981s
  151653    9.9499008e+02   0.000000e+00   1.497542e+05    986s
  152053    9.9495845e+02   0.000000e+00   1.292359e+06    990s
  152543    9.9492215e+02   0.000000e+00   1.613771e+06    995s
  153113    9.9487106e+02   0.000000e+00   2.889437e+06   1001s
  153783    9.9482276e+02   0.000000e+00   7.461300e+05   1007s
  154273    9.9479241e+02   0.000000e+00   2.306023e+06   1011s
  154693    9.9477207e+02   0.000000e+00   5.652835e+05   1015s
  155283    9.9468656e+02   0.000000e+00   2.134322e+06   1021s
  155793    9.9464472e+02   0.000000e+00   2.753912e+06   1026s
  156333    9.9460468e+02   0.000000e+00   2.747506e+05   1031s
  156863    9.9457099e+02   0.000000e+00   3.774419e+05   1036s
  157393    9.9453765e+02   0.000000e+00   2.354704e+05   1041s
  157883    9.9449738e+02   0.000000e+00   2.752324e+06   1045s
  158533    9.9445839e+02   0.000000e+00   8.992424e+05   1051s
  158943    9.9443523e+02   0.000000e+00   1.068913e+06   1055s
  159583    9.9438369e+02   0.000000e+00   3.922049e+05   1061s
  160103    9.9435481e+02   0.000000e+00   5.887622e+06   1066s
  160553    9.9433204e+02   0.000000e+00   1.712639e+05   1070s
  161153    9.9429993e+02   0.000000e+00   7.830537e+05   1076s
  161713    9.9426932e+02   0.000000e+00   4.402382e+05   1081s
  162153    9.9424533e+02   0.000000e+00   1.704883e+05   1085s
  162713    9.9421866e+02   0.000000e+00   2.931673e+05   1090s
  163223    9.9419033e+02   0.000000e+00   2.349091e+05   1096s
  163753    9.9416704e+02   0.000000e+00   3.197205e+05   1101s
  164243    9.9414125e+02   0.000000e+00   1.855364e+05   1105s
  164783    9.9410518e+02   0.000000e+00   1.884973e+05   1110s
  165383    9.9407527e+02   0.000000e+00   2.546232e+06   1116s
  165873    9.9404897e+02   0.000000e+00   1.596823e+05   1121s
  166493    9.9402078e+02   0.000000e+00   3.418951e+06   1127s
  166893    9.9400672e+02   0.000000e+00   2.402696e+06   1130s
  167443    9.9397969e+02   0.000000e+00   1.663030e+05   1136s
  168003    9.9394142e+02   0.000000e+00   4.478846e+05   1141s
  168533    9.9390845e+02   0.000000e+00   1.366991e+06   1146s
  168973    9.9387179e+02   0.000000e+00   1.819859e+06   1150s
  169653    9.9380920e+02   0.000000e+00   1.795408e+06   1157s
  170113    9.9378100e+02   0.000000e+00   1.387224e+05   1161s
  170643    9.9374948e+02   0.000000e+00   2.820550e+05   1166s
  171103    9.9372626e+02   0.000000e+00   4.869412e+05   1171s
  171633    9.9369073e+02   0.000000e+00   1.571518e+06   1175s
  172263    9.9364401e+02   0.000000e+00   2.954508e+06   1181s
  172723    9.9361342e+02   0.000000e+00   4.878940e+05   1185s
  173263    9.9357906e+02   0.000000e+00   4.760886e+07   1190s
  173853    9.9353735e+02   0.000000e+00   1.877483e+06   1196s
  174483    9.9350174e+02   0.000000e+00   4.053226e+06   1201s
  174863    9.9348354e+02   0.000000e+00   2.305303e+06   1205s
  175463    9.9343659e+02   0.000000e+00   9.543091e+05   1211s
  176023    9.9340140e+02   0.000000e+00   3.469451e+05   1216s
  176453    9.9337541e+02   0.000000e+00   2.870803e+05   1220s
  176953    9.9335021e+02   0.000000e+00   3.162288e+06   1225s
  177553    9.9331881e+02   0.000000e+00   4.769307e+05   1231s
  178063    9.9328976e+02   0.000000e+00   5.571786e+05   1236s
  178703    9.9324662e+02   0.000000e+00   1.850132e+05   1242s
  179063    9.9322868e+02   0.000000e+00   1.907758e+05   1245s
  179583    9.9320504e+02   0.000000e+00   1.000471e+06   1250s
  180163    9.9317528e+02   0.000000e+00   8.469971e+05   1256s
  180663    9.9314507e+02   0.000000e+00   3.440506e+05   1261s
  181143    9.9312069e+02   0.000000e+00   6.207678e+05   1265s
  181763    9.9307802e+02   0.000000e+00   2.005482e+05   1271s
  182353    9.9304068e+02   0.000000e+00   2.366563e+05   1277s
  182753    9.9302147e+02   0.000000e+00   2.885720e+05   1280s
  183293    9.9299641e+02   0.000000e+00   1.497860e+06   1286s
  183883    9.9295852e+02   0.000000e+00   2.873229e+05   1291s
  184363    9.9293792e+02   0.000000e+00   3.442509e+05   1296s
  184863    9.9290820e+02   0.000000e+00   1.078957e+06   1301s
  185443    9.9287729e+02   0.000000e+00   3.834543e+05   1306s
  185903    9.9285135e+02   0.000000e+00   4.518323e+05   1310s
  186433    9.9281896e+02   0.000000e+00   4.288407e+06   1315s
  187003    9.9279570e+02   0.000000e+00   6.149726e+06   1321s
  187513    9.9276679e+02   0.000000e+00   2.583074e+06   1326s
  188083    9.9273450e+02   0.000000e+00   4.103332e+05   1331s
  188513    9.9270674e+02   0.000000e+00   8.422846e+05   1335s
  189083    9.9265488e+02   0.000000e+00   1.500617e+06   1340s
  189573    9.9262257e+02   0.000000e+00   8.046996e+05   1345s
  190273    9.9257300e+02   0.000000e+00   5.521665e+05   1352s
  190623    9.9255040e+02   0.000000e+00   1.772303e+05   1355s
  191203    9.9251842e+02   0.000000e+00   4.511511e+05   1361s
  191763    9.9249175e+02   0.000000e+00   4.821707e+05   1366s
  192353    9.9246954e+02   0.000000e+00   9.732257e+05   1371s
  192883    9.9244862e+02   0.000000e+00   3.457987e+05   1376s
  193323    9.9242633e+02   0.000000e+00   4.135694e+06   1381s
  193833    9.9239716e+02   0.000000e+00   8.814377e+06   1385s
  194393    9.9236901e+02   0.000000e+00   2.987417e+05   1391s
  194893    9.9233514e+02   0.000000e+00   1.243272e+05   1396s
  195453    9.9230689e+02   0.000000e+00   6.944667e+05   1401s
  196013    9.9227434e+02   0.000000e+00   3.920181e+05   1406s
  196563    9.9224916e+02   0.000000e+00   2.144768e+06   1411s
  197103    9.9222353e+02   0.000000e+00   1.683038e+05   1416s
  197743    9.9218548e+02   0.000000e+00   1.577248e+06   1421s
  198133    9.9216157e+02   0.000000e+00   3.114727e+05   1425s
  198653    9.9213349e+02   0.000000e+00   2.346019e+06   1430s
  199233    9.9210152e+02   0.000000e+00   1.108579e+06   1436s
  199743    9.9207292e+02   0.000000e+00   2.127351e+07   1440s
  200263    9.9204092e+02   0.000000e+00   3.633715e+05   1445s
  200783    9.9201375e+02   0.000000e+00   1.233958e+06   1450s
  201363    9.9198120e+02   0.000000e+00   2.767554e+05   1455s
  201873    9.9195946e+02   0.000000e+00   1.840230e+06   1460s
  202483    9.9193105e+02   0.000000e+00   6.311156e+04   1466s
  202883    9.9190867e+02   0.000000e+00   2.775779e+05   1470s
  203513    9.9188204e+02   0.000000e+00   1.318730e+05   1476s
  203963    9.9185806e+02   0.000000e+00   1.852943e+06   1480s
  204583    9.9182690e+02   0.000000e+00   1.605492e+05   1486s
  205103    9.9179502e+02   0.000000e+00   3.595706e+05   1491s
  205773    9.9173156e+02   0.000000e+00   1.221471e+05   1496s
  206173    9.9170938e+02   0.000000e+00   2.056938e+05   1500s
  206773    9.9168340e+02   0.000000e+00   1.202795e+05   1505s
  207293    9.9165766e+02   0.000000e+00   2.795525e+06   1510s
  207863    9.9163069e+02   0.000000e+00   4.127887e+05   1516s
  208343    9.9161117e+02   0.000000e+00   9.361321e+05   1520s
  208843    9.9159677e+02   0.000000e+00   1.140659e+06   1525s
  209423    9.9157498e+02   0.000000e+00   6.800533e+05   1531s
  209923    9.9155615e+02   0.000000e+00   3.691489e+05   1535s
  210563    9.9151690e+02   0.000000e+00   3.975564e+05   1541s
  211083    9.9148015e+02   0.000000e+00   1.499461e+05   1546s
  211623    9.9146155e+02   0.000000e+00   8.545497e+04   1551s
  212213    9.9142915e+02   0.000000e+00   1.725587e+06   1556s
  212793    9.9141015e+02   0.000000e+00   1.534700e+05   1561s
  213183    9.9139702e+02   0.000000e+00   1.490942e+05   1565s
  213743    9.9137138e+02   0.000000e+00   8.392874e+05   1570s
  214373    9.9134071e+02   0.000000e+00   7.821188e+06   1576s
  214863    9.9129893e+02   0.000000e+00   5.001253e+05   1580s
  215463    9.9127659e+02   0.000000e+00   9.249790e+05   1586s
  216023    9.9124971e+02   0.000000e+00   1.415616e+06   1591s
  216533    9.9122331e+02   0.000000e+00   3.066240e+06   1595s
  217203    9.9118111e+02   0.000000e+00   5.575056e+05   1602s
  217553    9.9116464e+02   0.000000e+00   2.854648e+06   1605s
  218203    9.9113919e+02   0.000000e+00   1.093410e+06   1611s
  218813    9.9111699e+02   0.000000e+00   5.690891e+05   1616s
  219253    9.9109621e+02   0.000000e+00   2.292437e+05   1620s
  219853    9.9106958e+02   0.000000e+00   3.239678e+05   1626s
  220363    9.9104697e+02   0.000000e+00   1.732177e+05   1631s
  220943    9.9100768e+02   0.000000e+00   4.876769e+05   1636s
  221463    9.9098112e+02   0.000000e+00   2.089994e+07   1641s
  222053    9.9095295e+02   0.000000e+00   4.783340e+05   1646s
  222593    9.9091259e+02   0.000000e+00   3.314508e+05   1651s
  223113    9.9089241e+02   0.000000e+00   1.371837e+06   1656s
  223503    9.9087491e+02   0.000000e+00   2.357049e+05   1660s
  224163    9.9083485e+02   0.000000e+00   2.128837e+05   1666s
  224663    9.9081099e+02   0.000000e+00   9.935370e+05   1671s
  225133    9.9078372e+02   0.000000e+00   1.624471e+06   1675s
  225763    9.9075600e+02   0.000000e+00   6.723363e+05   1681s
  226293    9.9072554e+02   0.000000e+00   1.115608e+06   1686s
  226883    9.9068646e+02   0.000000e+00   6.172547e+05   1692s
  227273    9.9066767e+02   0.000000e+00   1.912733e+05   1696s
  227863    9.9063807e+02   0.000000e+00   2.995571e+05   1701s
  228453    9.9061491e+02   0.000000e+00   1.867467e+05   1707s
  228803    9.9059921e+02   0.000000e+00   5.930668e+06   1710s
  229433    9.9057356e+02   0.000000e+00   2.058929e+05   1716s
  229943    9.9055312e+02   0.000000e+00   2.306701e+05   1721s
  230363    9.9053520e+02   0.000000e+00   5.265010e+05   1725s
  231023    9.9049756e+02   0.000000e+00   2.559691e+05   1731s
  231553    9.9048140e+02   0.000000e+00   2.417383e+05   1736s
  232053    9.9046219e+02   0.000000e+00   1.889601e+05   1741s
  232543    9.9044391e+02   0.000000e+00   6.758307e+05   1745s
  233063    9.9042614e+02   0.000000e+00   9.453636e+05   1750s
  233573    9.9040819e+02   0.000000e+00   4.323049e+05   1755s
  234113    9.9038641e+02   0.000000e+00   9.506649e+05   1760s
  234673    9.9036392e+02   0.000000e+00   8.476791e+05   1765s
  235203    9.9034188e+02   0.000000e+00   7.920055e+05   1770s
  235723    9.9031501e+02   0.000000e+00   1.121158e+06   1775s
  236323    9.9029272e+02   0.000000e+00   4.125304e+05   1781s
  236733    9.9027217e+02   0.000000e+00   4.809085e+05   1785s
  237323    9.9022544e+02   0.000000e+00   1.694188e+06   1791s
  237873    9.9020270e+02   0.000000e+00   3.502033e+05   1796s
  238383    9.9018433e+02   0.000000e+00   7.829635e+05   1801s
  238923    9.9015958e+02   0.000000e+00   5.101440e+05   1806s
  239423    9.9013439e+02   0.000000e+00   2.380909e+05   1811s
  239873    9.9011901e+02   0.000000e+00   1.955252e+06   1815s
  240543    9.9009084e+02   0.000000e+00   2.873207e+05   1822s
  240953    9.9006408e+02   0.000000e+00   2.980336e+06   1826s
  241453    9.9003561e+02   0.000000e+00   3.130576e+05   1831s
  241873    9.9002150e+02   0.000000e+00   7.564177e+05   1835s
  242433    9.9000568e+02   0.000000e+00   1.957193e+06   1841s
  242813    9.8999036e+02   0.000000e+00   1.715126e+06   1845s
  243403    9.8994633e+02   0.000000e+00   2.766505e+06   1851s
  243843    9.8992952e+02   0.000000e+00   1.335683e+05   1855s
  244403    9.8990743e+02   0.000000e+00   3.346884e+05   1861s
  244823    9.8988532e+02   0.000000e+00   3.847127e+05   1865s
  245323    9.8986894e+02   0.000000e+00   1.267761e+06   1870s
  245823    9.8984554e+02   0.000000e+00   1.376843e+06   1875s
  246333    9.8982435e+02   0.000000e+00   3.025439e+05   1880s
  246813    9.8980687e+02   0.000000e+00   1.650033e+06   1885s
  247313    9.8978931e+02   0.000000e+00   8.086611e+05   1890s
  247813    9.8976768e+02   0.000000e+00   2.955938e+05   1895s
  248413    9.8974245e+02   0.000000e+00   8.334738e+05   1901s
  248893    9.8972923e+02   0.000000e+00   2.263762e+06   1906s
  249423    9.8970894e+02   0.000000e+00   9.688733e+05   1911s
  249863    9.8969371e+02   0.000000e+00   8.429421e+05   1916s
  250293    9.8967692e+02   0.000000e+00   1.959703e+05   1920s
  250813    9.8965776e+02   0.000000e+00   1.010108e+07   1926s
  251343    9.8963366e+02   0.000000e+00   3.106671e+05   1931s
  251813    9.8960736e+02   0.000000e+00   6.197254e+05   1935s
  252373    9.8958450e+02   0.000000e+00   7.625911e+05   1941s
  252843    9.8956639e+02   0.000000e+00   1.121872e+06   1946s
  253253    9.8955306e+02   0.000000e+00   1.067113e+06   1950s
  253813    9.8953352e+02   0.000000e+00   3.595535e+05   1956s
  254303    9.8951501e+02   0.000000e+00   6.006271e+05   1961s
  254763    9.8949774e+02   0.000000e+00   1.759861e+06   1966s
  255323    9.8947231e+02   0.000000e+00   7.545704e+05   1971s
  255843    9.8945407e+02   0.000000e+00   1.119644e+06   1976s
  256323    9.8943039e+02   0.000000e+00   2.618302e+06   1981s
  256813    9.8941251e+02   0.000000e+00   1.190090e+05   1986s
  257223    9.8939622e+02   0.000000e+00   3.482224e+06   1990s
  257833    9.8937492e+02   0.000000e+00   1.349155e+06   1996s
  258253    9.8935893e+02   0.000000e+00   6.333088e+05   2001s
  258773    9.8933870e+02   0.000000e+00   2.651767e+05   2006s
  259303    9.8931677e+02   0.000000e+00   2.287011e+05   2011s
  259833    9.8930161e+02   0.000000e+00   1.841619e+05   2016s
  260323    9.8928553e+02   0.000000e+00   3.803574e+07   2021s
  260743    9.8926812e+02   0.000000e+00   2.590981e+06   2025s
  261303    9.8924942e+02   0.000000e+00   1.097074e+05   2031s
  261803    9.8923148e+02   0.000000e+00   1.394582e+05   2036s
  262313    9.8921576e+02   0.000000e+00   2.228380e+05   2042s
  262663    9.8920578e+02   0.000000e+00   1.234674e+06   2045s
  263213    9.8918566e+02   0.000000e+00   5.230033e+06   2051s
  263803    9.8916387e+02   0.000000e+00   4.699475e+05   2057s
  264193    9.8915243e+02   0.000000e+00   3.484073e+05   2061s
  264663    9.8913151e+02   0.000000e+00   3.158633e+05   2065s
  265253    9.8911134e+02   0.000000e+00   3.469500e+06   2071s
  265763    9.8909904e+02   0.000000e+00   4.522586e+05   2076s
  266203    9.8908732e+02   0.000000e+00   1.358197e+05   2081s
  266763    9.8906407e+02   0.000000e+00   8.337433e+05   2087s
  267183    9.8905341e+02   0.000000e+00   1.850401e+06   2091s
  267603    9.8904283e+02   0.000000e+00   1.717707e+06   2095s
  268133    9.8902113e+02   0.000000e+00   1.860927e+05   2101s
  268643    9.8900554e+02   0.000000e+00   1.267231e+05   2106s
  269033    9.8898739e+02   0.000000e+00   5.061445e+05   2110s
  269603    9.8896095e+02   0.000000e+00   5.173146e+06   2116s
  270003    9.8894457e+02   0.000000e+00   4.401000e+06   2120s
  270563    9.8892625e+02   0.000000e+00   1.665721e+06   2126s
  270983    9.8891456e+02   0.000000e+00   1.368647e+05   2130s
  271503    9.8889951e+02   0.000000e+00   2.197754e+05   2135s
  271953    9.8888592e+02   0.000000e+00   1.359244e+06   2140s
  272553    9.8886672e+02   0.000000e+00   1.310160e+05   2146s
  273013    9.8885222e+02   0.000000e+00   3.131180e+05   2151s
  273413    9.8883997e+02   0.000000e+00   2.044163e+06   2155s
  273913    9.8882883e+02   0.000000e+00   3.815227e+05   2161s
  274403    9.8881578e+02   0.000000e+00   1.225166e+05   2165s
  274903    9.8880350e+02   0.000000e+00   3.637061e+05   2171s
  275503    9.8878599e+02   0.000000e+00   2.286081e+05   2177s
  275853    9.8877485e+02   0.000000e+00   6.523180e+05   2180s
  276343    9.8876285e+02   0.000000e+00   1.363682e+05   2185s
  276883    9.8875044e+02   0.000000e+00   1.653149e+06   2191s
  277303    9.8873772e+02   0.000000e+00   1.530984e+06   2195s
  277833    9.8872172e+02   0.000000e+00   6.391114e+05   2201s
  278353    9.8869315e+02   0.000000e+00   2.337337e+05   2206s
  278773    9.8867970e+02   0.000000e+00   2.056589e+05   2210s
  279313    9.8866063e+02   0.000000e+00   6.556466e+05   2216s
  279803    9.8864198e+02   0.000000e+00   3.382093e+06   2221s
  280273    9.8862949e+02   0.000000e+00   5.665517e+05   2226s
  280733    9.8861841e+02   0.000000e+00   2.183666e+05   2231s
  281153    9.8860530e+02   0.000000e+00   5.730063e+05   2235s
  281653    9.8859077e+02   0.000000e+00   4.739763e+06   2241s
  282213    9.8857275e+02   0.000000e+00   4.732494e+05   2246s
  282713    9.8855895e+02   0.000000e+00   4.304416e+05   2251s
  283103    9.8854463e+02   0.000000e+00   9.493106e+04   2255s
  283693    9.8852526e+02   0.000000e+00   3.580636e+05   2261s
  284083    9.8850976e+02   0.000000e+00   2.384699e+05   2265s
  284643    9.8849731e+02   0.000000e+00   8.731989e+05   2271s
  285153    9.8847934e+02   0.000000e+00   1.133655e+06   2276s
  285573    9.8846734e+02   0.000000e+00   7.696886e+05   2280s
  286113    9.8844593e+02   0.000000e+00   7.056160e+05   2286s
  286613    9.8842987e+02   0.000000e+00   5.387926e+05   2291s
  287103    9.8841405e+02   0.000000e+00   6.274768e+05   2296s
  287503    9.8840349e+02   0.000000e+00   1.372779e+05   2300s
  288173    9.8838267e+02   0.000000e+00   6.541580e+05   2307s
  288493    9.8837298e+02   0.000000e+00   3.987985e+05   2310s
  288973    9.8835859e+02   0.000000e+00   2.688428e+06   2315s
  289503    9.8834387e+02   0.000000e+00   2.086772e+05   2320s
  290103    9.8832639e+02   0.000000e+00   7.972143e+06   2326s
  290463    9.8831737e+02   0.000000e+00   6.370044e+05   2330s
  291023    9.8830198e+02   0.000000e+00   3.102476e+06   2336s
  291513    9.8829298e+02   0.000000e+00   6.067697e+05   2341s
  291973    9.8828451e+02   0.000000e+00   2.040998e+05   2346s
  292543    9.8827474e+02   0.000000e+00   2.084013e+05   2352s
  292853    9.8826672e+02   0.000000e+00   1.575647e+05   2355s
  293323    9.8825120e+02   0.000000e+00   5.753438e+05   2360s
  293853    9.8823980e+02   0.000000e+00   5.062573e+04   2366s
  294333    9.8822954e+02   0.000000e+00   4.189615e+05   2371s
  294883    9.8821904e+02   0.000000e+00   6.180249e+05   2376s
  295303    9.8820942e+02   0.000000e+00   1.523093e+05   2381s
  295803    9.8819451e+02   0.000000e+00   2.056071e+05   2386s
  296303    9.8818148e+02   0.000000e+00   1.141435e+05   2391s
  296743    9.8817128e+02   0.000000e+00   7.181632e+05   2395s
  297303    9.8815835e+02   0.000000e+00   8.303605e+05   2401s
  297803    9.8813973e+02   0.000000e+00   1.126071e+05   2406s
  298233    9.8812778e+02   0.000000e+00   1.129021e+06   2410s
  298783    9.8811695e+02   0.000000e+00   2.237029e+05   2416s
  299223    9.8810725e+02   0.000000e+00   1.943568e+05   2420s
  299693    9.8809585e+02   0.000000e+00   6.893054e+06   2425s
  300213    9.8807997e+02   0.000000e+00   2.180863e+07   2431s
  300743    9.8806692e+02   0.000000e+00   1.759861e+05   2436s
  301153    9.8802344e+02   0.000000e+00   1.829952e+05   2440s
  301633    9.8800915e+02   0.000000e+00   6.904863e+05   2445s
  302193    9.8799367e+02   0.000000e+00   9.887360e+04   2451s
  302683    9.8798133e+02   0.000000e+00   2.304827e+05   2456s
  303223    9.8796825e+02   0.000000e+00   1.213712e+05   2461s
  303663    9.8795665e+02   0.000000e+00   2.272740e+06   2465s
  304173    9.8794304e+02   0.000000e+00   1.174018e+06   2470s
  304733    9.8792758e+02   0.000000e+00   2.196063e+05   2476s
  305243    9.8791176e+02   0.000000e+00   5.996769e+05   2481s
  305723    9.8789609e+02   0.000000e+00   1.881288e+06   2486s
  306233    9.8788039e+02   0.000000e+00   4.717462e+06   2491s
  306823    9.8786118e+02   0.000000e+00   1.439791e+05   2496s
  307293    9.8785317e+02   0.000000e+00   1.227416e+05   2501s
  307813    9.8784603e+02   0.000000e+00   3.626872e+05   2507s
  308273    9.8783951e+02   0.000000e+00   4.489270e+05   2512s
  308613    9.8783399e+02   0.000000e+00   2.413977e+05   2515s
  309143    9.8782632e+02   0.000000e+00   4.383448e+06   2520s
  309723    9.8781627e+02   0.000000e+00   1.759484e+05   2526s
  310073    9.8780889e+02   0.000000e+00   7.951147e+05   2530s
  310653    9.8779688e+02   0.000000e+00   1.120562e+06   2536s
  311203    9.8778528e+02   0.000000e+00   1.043945e+07   2542s
  311583    9.8777531e+02   0.000000e+00   3.591795e+05   2546s
  312043    9.8776336e+02   0.000000e+00   1.415429e+05   2550s
  312553    9.8775049e+02   0.000000e+00   1.503724e+05   2556s
  313083    9.8773814e+02   0.000000e+00   3.058666e+05   2561s
  313603    9.8771973e+02   0.000000e+00   8.860620e+05   2566s
  314093    9.8770248e+02   0.000000e+00   2.023565e+06   2571s
  314503    9.8769403e+02   0.000000e+00   6.216056e+05   2575s
  315003    9.8768447e+02   0.000000e+00   4.097040e+05   2580s
  315543    9.8767280e+02   0.000000e+00   1.584654e+05   2586s
  315963    9.8766169e+02   0.000000e+00   2.569276e+05   2590s
  316543    9.8764667e+02   0.000000e+00   2.389668e+05   2596s
  316953    9.8763674e+02   0.000000e+00   5.186435e+05   2601s
  317463    9.8762409e+02   0.000000e+00   1.686154e+05   2606s
  317963    9.8761603e+02   0.000000e+00   9.361437e+04   2611s
  318493    9.8760417e+02   0.000000e+00   8.494346e+04   2617s
  318883    9.8759484e+02   0.000000e+00   1.705373e+05   2621s
  319393    9.8758550e+02   0.000000e+00   1.438456e+05   2626s
  319793    9.8758087e+02   0.000000e+00   7.324471e+05   2630s
  320263    9.8757426e+02   0.000000e+00   3.041761e+05   2635s
  320803    9.8756558e+02   0.000000e+00   3.210684e+05   2641s
  321233    9.8755831e+02   0.000000e+00   1.915925e+05   2646s
  321673    9.8755224e+02   0.000000e+00   6.178222e+04   2650s
  322243    9.8754337e+02   0.000000e+00   1.106666e+05   2656s
  322663    9.8753536e+02   0.000000e+00   8.206028e+05   2660s
  323193    9.8752534e+02   0.000000e+00   8.850386e+04   2666s
  323593    9.8752006e+02   0.000000e+00   2.182158e+05   2670s
  324123    9.8750760e+02   0.000000e+00   3.246804e+05   2676s
  324603    9.8750017e+02   0.000000e+00   3.062691e+05   2681s
  325123    9.8748920e+02   0.000000e+00   8.865329e+05   2686s
  325523    9.8748121e+02   0.000000e+00   1.216701e+05   2690s
  326033    9.8747315e+02   0.000000e+00   3.869950e+06   2695s
  326583    9.8746016e+02   0.000000e+00   4.122429e+05   2701s
  327003    9.8744995e+02   0.000000e+00   1.347194e+05   2705s
  327503    9.8743733e+02   0.000000e+00   6.024248e+05   2711s
  327923    9.8743169e+02   0.000000e+00   2.617263e+05   2715s
  328493    9.8742229e+02   0.000000e+00   4.073302e+05   2721s
  328983    9.8741184e+02   0.000000e+00   1.727361e+05   2726s
  329403    9.8740062e+02   0.000000e+00   6.523664e+04   2731s
  329833    9.8739288e+02   0.000000e+00   2.724432e+05   2735s
  330393    9.8738367e+02   0.000000e+00   1.846927e+05   2742s
  330743    9.8737619e+02   0.000000e+00   1.736066e+07   2746s
  331173    9.8736366e+02   0.000000e+00   3.387505e+05   2751s
  331533    9.8734712e+02   0.000000e+00   5.446853e+05   2755s
  331943    9.8733347e+02   0.000000e+00   1.363297e+06   2760s
  332453    9.8730548e+02   0.000000e+00   9.064622e+05   2766s
  332793    9.8727996e+02   0.000000e+00   5.147979e+05   2770s
  333333    9.8724655e+02   0.000000e+00   7.934376e+05   2776s
  333753    9.8721803e+02   0.000000e+00   6.074830e+05   2781s
  334183    9.8718068e+02   0.000000e+00   7.748241e+05   2785s
  334653    9.8713520e+02   0.000000e+00   3.620813e+05   2790s
  335143    9.8707041e+02   0.000000e+00   6.670554e+05   2796s
  335683    9.8701411e+02   0.000000e+00   1.835086e+06   2801s
  336153    9.8695934e+02   0.000000e+00   3.141523e+05   2806s
  336543    9.8688813e+02   0.000000e+00   6.110216e+05   2810s
  337033    9.8683284e+02   0.000000e+00   5.484616e+05   2815s
  337583    9.8676985e+02   0.000000e+00   3.966229e+05   2821s
  337933    9.8673340e+02   0.000000e+00   9.328581e+05   2825s
  338443    9.8667759e+02   0.000000e+00   3.294264e+05   2831s
  338883    9.8661147e+02   0.000000e+00   2.915886e+06   2836s
  339383    9.8654297e+02   0.000000e+00   1.084418e+06   2841s
  339753    9.8651057e+02   0.000000e+00   5.569391e+05   2845s
  340263    9.8643647e+02   0.000000e+00   9.690403e+06   2850s
  340783    9.8639372e+02   0.000000e+00   2.285024e+05   2856s
  341243    9.8633281e+02   0.000000e+00   9.738842e+05   2861s
  341603    9.8629199e+02   0.000000e+00   2.290921e+06   2865s
  342023    9.8625290e+02   0.000000e+00   9.854999e+05   2870s
  342643    9.8615986e+02   0.000000e+00   4.879689e+05   2876s
  343123    9.8612349e+02   0.000000e+00   9.974591e+06   2882s
  343533    9.8608132e+02   0.000000e+00   1.053831e+06   2886s
  344043    9.8603728e+02   0.000000e+00   1.835704e+05   2892s
  344413    9.8599428e+02   0.000000e+00   1.358161e+06   2895s
  344823    9.8594615e+02   0.000000e+00   3.813293e+06   2900s
  345313    9.8587796e+02   0.000000e+00   7.906475e+05   2905s
  345843    9.8581026e+02   0.000000e+00   2.717503e+06   2911s
  346263    9.8576054e+02   0.000000e+00   1.452006e+06   2916s
  346843    9.8568049e+02   0.000000e+00   5.617496e+05   2922s
  347193    9.8562869e+02   0.000000e+00   1.054308e+06   2926s
  347613    9.8558799e+02   0.000000e+00   3.947174e+05   2930s
  348093    9.8553674e+02   0.000000e+00   3.704433e+06   2936s
  348623    9.8546456e+02   0.000000e+00   7.480338e+05   2941s
  349073    9.8541041e+02   0.000000e+00   8.239382e+05   2946s
  349523    9.8536408e+02   0.000000e+00   2.782757e+05   2951s
  350033    9.8527156e+02   0.000000e+00   1.680405e+06   2956s
  350443    9.8521674e+02   0.000000e+00   8.072343e+05   2961s
  350923    9.8514812e+02   0.000000e+00   4.307792e+05   2966s
  351423    9.8508439e+02   0.000000e+00   3.288735e+05   2971s
  351793    9.8503308e+02   0.000000e+00   1.337651e+06   2975s
  352363    9.8494850e+02   0.000000e+00   2.103038e+06   2981s
  352693    9.8491019e+02   0.000000e+00   2.716059e+06   2985s
  353173    9.8485481e+02   0.000000e+00   6.106950e+05   2991s
  353643    9.8478033e+02   0.000000e+00   3.390801e+06   2995s
  354143    9.8471984e+02   0.000000e+00   5.814859e+05   3001s
  354553    9.8466697e+02   0.000000e+00   2.134574e+06   3005s
  355043    9.8460580e+02   0.000000e+00   1.295126e+05   3010s
  355563    9.8454764e+02   0.000000e+00   8.955885e+05   3016s
  356063    9.8449461e+02   0.000000e+00   2.327905e+06   3021s
  356443    9.8444560e+02   0.000000e+00   5.284908e+05   3025s
  356983    9.8439656e+02   0.000000e+00   7.145926e+05   3031s
  357373    9.8436219e+02   0.000000e+00   1.692894e+05   3035s
  357943    9.8429355e+02   0.000000e+00   8.831741e+05   3041s
  358333    9.8424321e+02   0.000000e+00   4.036771e+05   3045s
  358833    9.8419676e+02   0.000000e+00   6.181223e+05   3051s
  359313    9.8415883e+02   0.000000e+00   9.438371e+05   3056s
  359693    9.8412706e+02   0.000000e+00   2.309364e+06   3060s
  360163    9.8408587e+02   0.000000e+00   8.576181e+05   3065s
  360633    9.8405581e+02   0.000000e+00   2.126339e+05   3071s
  361083    9.8402262e+02   0.000000e+00   3.031746e+06   3076s
  361553    9.8399350e+02   0.000000e+00   4.577851e+05   3081s
  362023    9.8396078e+02   0.000000e+00   4.764214e+06   3086s
  362483    9.8393209e+02   0.000000e+00   1.952044e+05   3090s
  362973    9.8389788e+02   0.000000e+00   7.336808e+06   3096s
  363453    9.8385348e+02   0.000000e+00   3.755566e+06   3100s
  363933    9.8380673e+02   0.000000e+00   1.951443e+06   3105s
  364513    9.8376404e+02   0.000000e+00   1.106020e+06   3111s
  364953    9.8372612e+02   0.000000e+00   7.697953e+05   3115s
  365453    9.8368908e+02   0.000000e+00   1.594073e+06   3120s
  365943    9.8365539e+02   0.000000e+00   2.616039e+05   3125s
  366453    9.8362212e+02   0.000000e+00   2.805786e+05   3131s
  366873    9.8359071e+02   0.000000e+00   8.290758e+05   3135s
  367343    9.8356911e+02   0.000000e+00   1.335634e+06   3140s
  367833    9.8354782e+02   0.000000e+00   3.922947e+06   3146s
  368243    9.8352569e+02   0.000000e+00   2.341855e+05   3150s
  368823    9.8350031e+02   0.000000e+00   2.923292e+05   3156s
  369193    9.8348548e+02   0.000000e+00   2.499057e+06   3160s
  369643    9.8346853e+02   0.000000e+00   2.589978e+05   3165s
  370193    9.8345129e+02   0.000000e+00   8.543856e+05   3171s
  370663    9.8343642e+02   0.000000e+00   1.247476e+05   3176s
  371133    9.8342226e+02   0.000000e+00   3.153346e+05   3181s
  371593    9.8340676e+02   0.000000e+00   2.231895e+05   3186s
  371993    9.8339545e+02   0.000000e+00   1.383838e+05   3191s
  372373    9.8338564e+02   0.000000e+00   1.035391e+06   3195s
  372933    9.8336911e+02   0.000000e+00   1.222324e+06   3201s
  373303    9.8335764e+02   0.000000e+00   2.165407e+05   3205s
  373863    9.8334478e+02   0.000000e+00   4.360248e+06   3211s
  374243    9.8333490e+02   0.000000e+00   9.747855e+05   3215s
  374723    9.8332084e+02   0.000000e+00   2.404275e+05   3220s
  375213    9.8330102e+02   0.000000e+00   1.774142e+05   3225s
  375693    9.8328343e+02   0.000000e+00   2.012283e+05   3230s
  376253    9.8325298e+02   0.000000e+00   1.160876e+05   3236s
  376763    9.8322888e+02   0.000000e+00   2.179847e+05   3241s
  377263    9.8320946e+02   0.000000e+00   1.971797e+05   3246s
  377733    9.8319441e+02   0.000000e+00   2.156482e+05   3250s
  378233    9.8318209e+02   0.000000e+00   1.703145e+05   3256s
  378733    9.8316578e+02   0.000000e+00   3.928891e+05   3261s
  379193    9.8315271e+02   0.000000e+00   3.192594e+05   3266s
  379673    9.8313659e+02   0.000000e+00   9.894757e+05   3271s
  380163    9.8312101e+02   0.000000e+00   2.572621e+05   3276s
  380583    9.8310582e+02   0.000000e+00   7.630515e+05   3280s
  381173    9.8308479e+02   0.000000e+00   1.178315e+05   3286s
  381643    9.8307026e+02   0.000000e+00   9.732864e+05   3291s
  382153    9.8305474e+02   0.000000e+00   2.571575e+05   3296s
  382653    9.8303919e+02   0.000000e+00   1.096876e+05   3301s
  383043    9.8302400e+02   0.000000e+00   1.496166e+05   3305s
  383513    9.8301037e+02   0.000000e+00   1.989146e+06   3310s
  384073    9.8298973e+02   0.000000e+00   3.326718e+05   3316s
  384633    9.8297987e+02   0.000000e+00   4.303036e+04   3321s
  385093    9.8296798e+02   0.000000e+00   1.521109e+05   3325s
  385583    9.8295367e+02   0.000000e+00   4.671168e+04   3330s
  386073    9.8294458e+02   0.000000e+00   1.324083e+05   3335s
  386573    9.8293032e+02   0.000000e+00   8.251286e+04   3340s
  387083    9.8291149e+02   0.000000e+00   2.759406e+05   3346s
  387603    9.8289642e+02   0.000000e+00   8.309502e+04   3351s
  388163    9.8288034e+02   0.000000e+00   1.265374e+05   3356s
  388623    9.8286608e+02   0.000000e+00   6.962289e+05   3361s
  389103    9.8285257e+02   0.000000e+00   2.283290e+05   3365s
  389653    9.8283708e+02   0.000000e+00   4.234125e+05   3371s
  390173    9.8282629e+02   0.000000e+00   3.592562e+04   3376s
  390663    9.8281889e+02   0.000000e+00   9.100322e+04   3381s
  391043    9.8280961e+02   0.000000e+00   7.442158e+04   3385s
  391543    9.8280034e+02   0.000000e+00   1.038174e+05   3390s
  392033    9.8278729e+02   0.000000e+00   3.065252e+04   3395s
  392633    9.8277813e+02   0.000000e+00   2.452423e+04   3401s
  393083    9.8276871e+02   0.000000e+00   5.187216e+04   3405s
  393603    9.8276162e+02   0.000000e+00   2.187362e+04   3411s
  394083    9.8275483e+02   0.000000e+00   7.065064e+04   3416s
  394653    9.8274543e+02   0.000000e+00   9.117552e+05   3421s
  395113    9.8273389e+02   0.000000e+00   2.134043e+06   3425s
  395703    9.8272571e+02   0.000000e+00   3.711938e+04   3431s
  396173    9.8272023e+02   0.000000e+00   3.665179e+04   3436s
  396663    9.8271585e+02   0.000000e+00   4.159398e+04   3441s
  397133    9.8270989e+02   0.000000e+00   4.526859e+04   3446s
  397613    9.8270114e+02   0.000000e+00   1.755557e+04   3450s
  398193    9.8268745e+02   0.000000e+00   8.645688e+05   3456s
  398663    9.8267035e+02   0.000000e+00   1.720328e+05   3460s
  399183    9.8264259e+02   0.000000e+00   3.319632e+05   3465s
  399783    9.8259719e+02   0.000000e+00   1.039166e+06   3471s
  400313    9.8254909e+02   0.000000e+00   1.335644e+06   3476s
  400783    9.8251935e+02   0.000000e+00   4.305633e+05   3481s
  401303    9.8245169e+02   0.000000e+00   2.442451e+06   3486s
  401763    9.8240712e+02   0.000000e+00   8.896006e+05   3490s
  402353    9.8236832e+02   0.000000e+00   5.492936e+05   3496s
  402853    9.8233997e+02   0.000000e+00   3.433594e+05   3501s
  403303    9.8231800e+02   0.000000e+00   2.068606e+05   3505s
  403843    9.8229123e+02   0.000000e+00   2.775213e+05   3511s
  404333    9.8226618e+02   0.000000e+00   6.145835e+05   3516s
  404813    9.8223380e+02   0.000000e+00   1.063863e+06   3520s
  405293    9.8219834e+02   0.000000e+00   4.991205e+05   3525s
  405843    9.8217315e+02   0.000000e+00   1.148695e+06   3530s
  406333    9.8214674e+02   0.000000e+00   3.776609e+06   3535s
  406923    9.8211230e+02   0.000000e+00   2.332380e+06   3541s
  407403    9.8209536e+02   0.000000e+00   3.512404e+05   3546s
  407823    9.8207891e+02   0.000000e+00   3.916089e+05   3550s
  408363    9.8204859e+02   0.000000e+00   1.503102e+05   3556s
  408823    9.8201811e+02   0.000000e+00   5.803439e+05   3560s
  409303    9.8198905e+02   0.000000e+00   2.359448e+05   3565s
  409813    9.8197347e+02   0.000000e+00   1.221023e+05   3571s
  410283    9.8195483e+02   0.000000e+00   1.025937e+06   3576s
  410633    9.8194082e+02   0.000000e+00   6.940966e+04   3580s
  411113    9.8192534e+02   0.000000e+00   9.315370e+04   3585s
  411643    9.8191016e+02   0.000000e+00   6.927627e+05   3591s
  412123    9.8189348e+02   0.000000e+00   3.945215e+05   3596s
  412493    9.8188204e+02   0.000000e+00   2.662452e+05   3600s
  413013    9.8186600e+02   0.000000e+00   2.548763e+05   3606s
  413463    9.8185132e+02   0.000000e+00   1.036241e+05   3611s
  413943    9.8184045e+02   0.000000e+00   3.148826e+05   3616s
  414403    9.8182887e+02   0.000000e+00   6.489842e+05   3621s
  414953    9.8181430e+02   0.000000e+00   1.411983e+05   3626s
  415413    9.8180259e+02   0.000000e+00   4.537531e+05   3631s
  415793    9.8179265e+02   0.000000e+00   1.042225e+05   3635s
  416233    9.8177949e+02   0.000000e+00   2.417591e+06   3640s
  416713    9.8176806e+02   0.000000e+00   2.978354e+05   3645s
  417303    9.8175435e+02   0.000000e+00   2.620488e+05   3651s
  417793    9.8174671e+02   0.000000e+00   3.607669e+05   3656s
  418193    9.8173853e+02   0.000000e+00   1.923403e+05   3660s
  418763    9.8172338e+02   0.000000e+00   2.451947e+05   3666s
  419193    9.8171525e+02   0.000000e+00   9.926803e+05   3671s
  419673    9.8170356e+02   0.000000e+00   5.061541e+05   3675s
  420193    9.8168838e+02   0.000000e+00   3.174884e+05   3680s
  420803    9.8166794e+02   0.000000e+00   6.293378e+05   3686s
  421293    9.8165946e+02   0.000000e+00   1.063774e+05   3691s
  421653    9.8165266e+02   0.000000e+00   4.388114e+05   3695s
  422183    9.8164431e+02   0.000000e+00   8.894447e+04   3701s
  422643    9.8163512e+02   0.000000e+00   3.756120e+05   3706s
  423133    9.8162396e+02   0.000000e+00   7.995901e+05   3711s
  423613    9.8161780e+02   0.000000e+00   8.273273e+04   3716s
  424123    9.8161002e+02   0.000000e+00   1.289684e+05   3721s
  424613    9.8160156e+02   0.000000e+00   2.489075e+04   3726s
  425113    9.8159575e+02   0.000000e+00   6.371237e+05   3731s
  425463    9.8159255e+02   0.000000e+00   1.565512e+05   3735s
  425943    9.8158624e+02   0.000000e+00   7.969616e+04   3740s
  426403    9.8158001e+02   0.000000e+00   1.689462e+05   3745s
  426873    9.8157445e+02   0.000000e+00   1.032200e+05   3750s
  427353    9.8156826e+02   0.000000e+00   8.109182e+04   3755s
  427833    9.8156356e+02   0.000000e+00   7.054266e+04   3760s
  428343    9.8155898e+02   0.000000e+00   2.051474e+04   3765s
  428853    9.8155415e+02   0.000000e+00   3.032128e+04   3771s
  429323    9.8155001e+02   0.000000e+00   5.202882e+05   3775s
  429833    9.8154431e+02   0.000000e+00   5.947496e+04   3781s
  430293    9.8153969e+02   0.000000e+00   1.854152e+05   3786s
  430783    9.8153591e+02   0.000000e+00   3.504542e+04   3791s
  431273    9.8153264e+02   0.000000e+00   6.758018e+04   3796s
  431743    9.8152790e+02   0.000000e+00   6.613575e+03   3800s
  432233    9.8152334e+02   0.000000e+00   1.533202e+04   3805s
  432833    9.8151960e+02   0.000000e+00   6.941837e+03   3811s
  433313    9.8151691e+02   0.000000e+00   2.638620e+04   3815s
  433833    9.8151359e+02   0.000000e+00   3.841485e+04   3820s
  434403    9.8151030e+02   0.000000e+00   1.069891e+04   3826s
  434923    9.8150655e+02   0.000000e+00   3.528692e+04   3831s
  435393    9.8150467e+02   0.000000e+00   2.029897e+04   3836s
  435843    9.8150270e+02   0.000000e+00   1.437058e+04   3841s
  436313    9.8150027e+02   0.000000e+00   8.105907e+03   3845s
  436793    9.8149812e+02   0.000000e+00   2.332902e+04   3850s
  437293    9.8149588e+02   0.000000e+00   1.640070e+04   3856s
  437773    9.8149402e+02   0.000000e+00   1.301901e+04   3861s
  438233    9.8149136e+02   0.000000e+00   2.364397e+04   3865s
  438813    9.8148674e+02   0.000000e+00   1.484518e+04   3871s
  439213    9.8148521e+02   0.000000e+00   4.893757e+03   3875s
  439813    9.8148281e+02   0.000000e+00   6.902938e+03   3881s
  440243    9.8148121e+02   0.000000e+00   4.421433e+03   3885s
  440763    9.8147977e+02   0.000000e+00   8.611363e+03   3890s
  441263    9.8147851e+02   0.000000e+00   2.503922e+04   3895s
  441843    9.8147670e+02   0.000000e+00   1.174745e+03   3901s
  442343    9.8147568e+02   0.000000e+00   7.020317e+03   3906s
  442803    9.8147500e+02   0.000000e+00   5.844585e+03   3910s
  443303    9.8147385e+02   0.000000e+00   9.858870e+03   3915s
  443833    9.8147261e+02   0.000000e+00   5.547298e+03   3920s
  444433    9.8147027e+02   0.000000e+00   1.900501e+04   3926s
  444903    9.8146072e+02   0.000000e+00   5.555550e+05   3930s
  445533    9.8140414e+02   0.000000e+00   3.559483e+06   3936s
  445983    9.8139738e+02   0.000000e+00   1.242050e+05   3941s
  446453    9.8138848e+02   0.000000e+00   2.200565e+05   3945s
  447063    9.8137566e+02   0.000000e+00   6.410920e+04   3951s
  447573    9.8136953e+02   0.000000e+00   5.027654e+04   3956s
  448103    9.8135951e+02   0.000000e+00   8.604036e+04   3961s
  448493    9.8135514e+02   0.000000e+00   2.891300e+05   3965s
  448993    9.8132219e+02   0.000000e+00   1.281616e+06   3970s
  449553    9.8131010e+02   0.000000e+00   2.286682e+05   3976s
  449933    9.8130713e+02   0.000000e+00   7.337151e+05   3981s
  450363    9.8130374e+02   0.000000e+00   2.632380e+04   3985s
  450893    9.8129953e+02   0.000000e+00   1.547573e+05   3991s
  451383    9.8129380e+02   0.000000e+00   1.733273e+05   3996s
  451873    9.8128888e+02   0.000000e+00   2.070428e+05   4001s
  452343    9.8128246e+02   0.000000e+00   2.046361e+05   4006s
  452763    9.8127729e+02   0.000000e+00   5.352420e+04   4010s
  453243    9.8127396e+02   0.000000e+00   6.515619e+04   4015s
  453723    9.8126998e+02   0.000000e+00   9.823622e+04   4020s
  454303    9.8126548e+02   0.000000e+00   2.264584e+05   4026s
  454663    9.8126040e+02   0.000000e+00   2.056125e+05   4030s
  455173    9.8125420e+02   0.000000e+00   1.495075e+04   4035s
  455783    9.8124773e+02   0.000000e+00   3.820906e+04   4041s
  456163    9.8124451e+02   0.000000e+00   1.691041e+05   4045s
  456693    9.8124019e+02   0.000000e+00   4.026459e+04   4051s
  457203    9.8123773e+02   0.000000e+00   1.346322e+05   4056s
  457703    9.8123564e+02   0.000000e+00   1.616142e+04   4061s
  458143    9.8123332e+02   0.000000e+00   7.558366e+04   4065s
  458613    9.8123155e+02   0.000000e+00   3.632409e+03   4070s
  459083    9.8122879e+02   0.000000e+00   4.747827e+04   4075s
  459563    9.8122542e+02   0.000000e+00   2.522109e+04   4080s
  460133    9.8122298e+02   0.000000e+00   4.199730e+04   4086s
  460633    9.8122135e+02   0.000000e+00   1.001818e+05   4091s
  461173    9.8121959e+02   0.000000e+00   3.022249e+04   4096s
  461623    9.8121847e+02   0.000000e+00   1.386427e+04   4101s
  462133    9.8121687e+02   0.000000e+00   2.240916e+03   4106s
  462583    9.8121551e+02   0.000000e+00   3.899314e+03   4110s
  463183    9.8121421e+02   0.000000e+00   4.861153e+03   4116s
  463663    9.8121326e+02   0.000000e+00   1.459492e+03   4121s
  464163    9.8121243e+02   0.000000e+00   1.969105e+04   4126s
  464653    9.8121160e+02   0.000000e+00   8.644935e+03   4130s
  465183    9.8120985e+02   0.000000e+00   1.504377e+04   4135s
  465733    9.8120782e+02   0.000000e+00   5.437131e+03   4141s
  466263    9.8120428e+02   0.000000e+00   2.672570e+05   4146s
  466833    9.8119266e+02   0.000000e+00   9.269465e+05   4151s
  467273    9.8116759e+02   0.000000e+00   8.782485e+05   4155s
  467693    9.8116232e+02   0.000000e+00   6.627358e+03   4160s
  468223    9.8116031e+02   0.000000e+00   1.514708e+05   4166s
  468683    9.8115827e+02   0.000000e+00   3.911091e+05   4170s
  469203    9.8115636e+02   0.000000e+00   4.702285e+03   4175s
  469793    9.8115402e+02   0.000000e+00   2.453558e+06   4181s
  470263    9.8115290e+02   0.000000e+00   3.783159e+03   4186s
  470763    9.8115195e+02   0.000000e+00   1.992490e+04   4191s
  471183    9.8115103e+02   0.000000e+00   2.962817e+04   4195s
  471743    9.8114999e+02   0.000000e+00   2.786006e+03   4201s
  472233    9.8114900e+02   0.000000e+00   1.751481e+04   4206s
  472653    9.8114794e+02   0.000000e+00   5.228401e+04   4210s
  473253    9.8114721e+02   0.000000e+00   1.918264e+04   4216s
  473773    9.8114677e+02   0.000000e+00   7.184677e+02   4221s
  474233    9.8114653e+02   0.000000e+00   6.261250e+03   4226s
  474773    9.8114574e+02   0.000000e+00   8.879768e+02   4231s
  475173    9.8114501e+02   0.000000e+00   7.352132e+03   4235s
  475663    9.8114425e+02   0.000000e+00   3.629702e+03   4240s
  476213    9.8114291e+02   0.000000e+00   4.490326e+03   4246s
  476763    9.8114130e+02   0.000000e+00   1.872639e+05   4251s
  477173    9.8114065e+02   0.000000e+00   1.406279e+05   4255s
  477723    9.8113962e+02   0.000000e+00   1.906502e+05   4261s
  478083    9.8113748e+02   0.000000e+00   2.711690e+05   4265s
  478623    9.8113340e+02   0.000000e+00   6.759929e+03   4271s
  479013    9.8113286e+02   0.000000e+00   1.111513e+04   4275s
  479533    9.8113217e+02   0.000000e+00   2.142591e+03   4280s
  479983    9.8113161e+02   0.000000e+00   5.828673e+02   4285s
  480483    9.8113102e+02   0.000000e+00   1.430597e+03   4290s
  481003    9.8113061e+02   0.000000e+00   5.618047e+03   4296s
  481523    9.8113027e+02   0.000000e+00   3.164050e+02   4301s
  481923    9.8113001e+02   0.000000e+00   6.027886e+02   4305s
  482463    9.8112988e+02   0.000000e+00   9.089097e+00   4311s
  482953    9.8148212e+02   1.117061e+03   0.000000e+00   4315s
  483453    9.8148222e+02   2.051811e+02   0.000000e+00   4320s
  484013    9.8148234e+02   2.134676e+02   0.000000e+00   4326s
  484413    9.8148258e+02   6.558374e+01   0.000000e+00   4331s
  484843    9.8148280e+02   2.343627e+02   0.000000e+00   4335s
  485293    9.8148304e+02   1.346910e+02   0.000000e+00   4340s
  485783    9.8148324e+02   1.428749e+01   0.000000e+00   4345s
  486343    9.8148340e+02   1.590616e+01   0.000000e+00   4351s
  486753    9.8148351e+02   6.075510e+01   0.000000e+00   4356s
  487253    9.8148356e+02   6.572797e-01   0.000000e+00   4361s
  487579    9.8148342e+02   0.000000e+00   0.000000e+00   4363s
  487579    9.8148342e+02   0.000000e+00   0.000000e+00   4364s
Concurrent spin time: 0.01s

Solved with primal simplex

Root relaxation: objective 9.814834e+02, 487579 iterations, 4361.90 seconds
Total elapsed time = 4462.53s
Total elapsed time = 4469.50s
Total elapsed time = 4474.11s
Total elapsed time = 4479.03s

    Nodes    |    Current Node    |     Objective Bounds      |     Work
 Expl Unexpl |  Obj  Depth IntInf | Incumbent    BestBd   Gap | It/Node Time

     0     0  981.48342    0 18623          -  981.48342      -     - 4487s
     0     0          -    0               -  981.48342      -     - 7200s

Cutting planes:
  Clique: 9

Explored 1 nodes (802226 simplex iterations) in 7200.01 seconds
Thread count was 4 (of 4 available processors)

Solution count 0

Time limit reached
Best objective -, best bound 9.820000000000e+02, gap -

Unable to retrieve attribute 'X'

