Academic license - for non-commercial use only
Set parameter TimeLimit to value 7200

Gurobi Optimizer version 8.0.0 build v8.0.0rc0 (linux64)
Copyright (c) 2018, Gurobi Optimization, LLC

Read LP format model from file flow/ft20.lp
Reading time = 2.01 seconds
: 100369 rows, 188851 columns, 5137336 nonzeros
Optimize a model with 100369 rows, 188851 columns and 5137336 nonzeros
Variable types: 0 continuous, 188851 integer (188850 binary)
Coefficient statistics:
  Matrix range     [1e+00, 1e+03]
  Objective range  [1e+00, 1e+00]
  Bounds range     [1e+00, 1e+00]
  RHS range        [1e+00, 1e+00]
Presolve removed 14351 rows and 14214 columns (presolve time = 5s) ...
Presolve removed 18473 rows and 18335 columns (presolve time = 10s) ...
Presolve removed 18888 rows and 18750 columns (presolve time = 16s) ...
Presolve removed 18888 rows and 18750 columns
Presolve time: 16.88s
Presolved: 81481 rows, 170101 columns, 5053634 nonzeros
Variable types: 0 continuous, 170101 integer (170100 binary)

Deterministic concurrent LP optimizer: dual simplex and barrier
Showing barrier log only...

Presolve removed 146 rows and 126 columns
Presolved: 81335 rows, 169975 columns, 5053322 nonzeros

Root barrier log...

Elapsed ordering time = 5s
Elapsed ordering time = 10s
Elapsed ordering time = 15s
Elapsed ordering time = 20s
Elapsed ordering time = 25s
Ordering time: 28.67s

Barrier statistics:
 AA' NZ     : 8.279e+06
 Factor NZ  : 3.051e+07 (roughly 350 MBytes of memory)
 Factor Ops : 3.582e+10 (roughly 2 seconds per iteration)
 Threads    : 1

                  Objective                Residual
Iter       Primal          Dual         Primal    Dual     Compl     Time
   0   4.12607456e+04 -1.27972771e+06  2.42e+05 1.57e-01  2.14e+03    60s
   1   3.71863158e+04 -1.22354437e+06  4.32e+04 4.84e-01  3.95e+02    64s
   2   6.77010264e+03 -1.16931047e+06  2.53e+03 4.81e-12  2.60e+01    68s
   3   4.30624473e+03 -9.51916703e+05  4.49e+02 4.11e-12  6.32e+00    73s
   4   4.08288060e+03 -5.50079501e+05  1.48e+02 3.59e-12  2.50e+00    77s
   5   4.10423429e+03 -2.12235008e+05  6.65e+01 1.74e-12  9.41e-01    82s
   6   3.73387481e+03 -9.03270127e+04  2.80e+01 1.94e-12  4.20e-01    86s
   7   2.29763615e+03 -5.54575920e+04  1.12e+01 2.10e-12  2.44e-01    91s
   8   1.44743283e+03 -3.53687933e+04  3.56e+00 3.95e-12  1.32e-01    96s
   9   1.10321921e+03 -1.42911335e+04  6.85e-01 2.06e-12  4.91e-02   101s
  10   1.03566325e+03 -4.56031525e+03  3.71e-01 9.66e-13  1.74e-02   106s
  11   9.74987027e+02 -1.09576638e+03  2.15e-01 5.83e-13  6.30e-03   111s
  12   8.99908436e+02  2.80402742e+01  8.29e-02 5.47e-13  2.58e-03   116s
  13   8.79449880e+02  3.10992553e+02  6.71e-02 3.09e-13  1.67e-03   121s
  14   8.15971771e+02  5.38202067e+02  3.05e-02 1.62e-13  8.10e-04   126s
  15   8.03977408e+02  5.96352492e+02  2.68e-02 1.14e-13  6.05e-04   130s
  16   8.03721001e+02  6.14813795e+02  2.65e-02 9.37e-14  5.50e-04   135s
  17   7.80525739e+02  6.42148931e+02  1.72e-02 9.94e-14  4.02e-04   140s
  18   7.65935584e+02  6.64913395e+02  1.24e-02 8.18e-14  2.93e-04   144s
  19   7.53530670e+02  6.82688442e+02  8.49e-03 4.59e-14  2.06e-04   149s
  20   7.49212552e+02  6.89812253e+02  7.21e-03 6.57e-14  1.72e-04   154s
  21   7.43859418e+02  6.98861977e+02  5.62e-03 5.18e-14  1.30e-04   159s
  22   7.37724107e+02  7.08420861e+02  3.61e-03 4.80e-14  8.49e-05   164s
  23   7.32584117e+02  7.14770272e+02  2.04e-03 5.71e-14  5.16e-05   169s
  24   7.29846688e+02  7.17370981e+02  1.26e-03 1.04e-13  3.61e-05   174s
  25   7.28168634e+02  7.19680818e+02  8.19e-04 6.13e-14  2.46e-05   178s
  26   7.26960237e+02  7.21229313e+02  5.19e-04 4.83e-14  1.66e-05   183s
  27   7.26718398e+02  7.21690749e+02  4.66e-04 6.30e-14  1.46e-05   188s
  28   7.25940698e+02  7.22717662e+02  2.82e-04 4.27e-14  9.33e-06   192s
  29   7.25387268e+02  7.23608921e+02  1.63e-04 6.82e-14  5.15e-06   197s
  30   7.25092089e+02  7.23967294e+02  1.06e-04 5.66e-14  3.26e-06   202s
  31   7.24909134e+02  7.24177735e+02  7.31e-05 6.97e-14  2.12e-06   206s
  32   7.24707996e+02  7.24366285e+02  3.61e-05 7.45e-14  9.90e-07   212s
  33   7.24591735e+02  7.24423395e+02  1.65e-05 5.13e-14  4.88e-07   217s
  34   7.24528449e+02  7.24462028e+02  6.22e-06 6.55e-14  1.92e-07   223s
  35   7.24500111e+02  7.24475865e+02  2.15e-06 5.35e-14  7.02e-08   229s
  36   7.24486325e+02  7.24481198e+02  3.69e-07 6.67e-14  1.48e-08   235s
  37   7.24483256e+02  7.24482702e+02  3.52e-08 4.93e-14  1.61e-09   240s
  38   7.24483122e+02  7.24482774e+02  2.33e-08 3.77e-14  1.01e-09   245s
  39   7.24483000e+02  7.24482837e+02  8.39e-09 8.98e-14  4.74e-10   249s
  40   7.24482974e+02  7.24482856e+02  9.15e-09 6.03e-14  3.40e-10   254s
  41   7.24482929e+02  7.24482883e+02  1.00e-08 4.95e-14  1.33e-10   259s
  42   7.24482917e+02  7.24482887e+02  1.17e-08 5.91e-14  8.71e-11   264s
  43   7.24482912e+02  7.24482891e+02  7.32e-09 6.59e-14  6.14e-11   268s
  44   7.24482907e+02  7.24482894e+02  1.20e-08 8.20e-14  3.95e-11   273s
  45   7.24482905e+02  7.24482898e+02  1.91e-08 5.08e-14  2.21e-11   278s
  46   7.24482905e+02  7.24482899e+02  1.15e-08 6.13e-14  1.59e-11   282s

Barrier solved model in 46 iterations and 282.36 seconds
Optimal objective 7.24482905e+02


Root crossover log...

   25875 variables added to crossover basis                      285s

   54794 DPushes remaining with DInf 6.7278163e+02               289s
   12274 DPushes remaining with DInf 5.8952937e+02               298s
   11969 DPushes remaining with DInf 1.0389783e+03               300s
   11336 DPushes remaining with DInf 2.0483117e+03               307s
   10813 DPushes remaining with DInf 2.0303352e+03               311s
    9802 DPushes remaining with DInf 2.1681665e+03               316s
    8541 DPushes remaining with DInf 2.3105683e+03               321s
    7690 DPushes remaining with DInf 3.6878492e+03               326s
    6750 DPushes remaining with DInf 4.0422240e+03               330s
    5680 DPushes remaining with DInf 4.6677720e+03               335s
    4240 DPushes remaining with DInf 5.0389252e+03               343s
    3830 DPushes remaining with DInf 8.7300211e+03               345s
    2850 DPushes remaining with DInf 5.8560248e+03               351s
    2000 DPushes remaining with DInf 1.1093764e+04               356s
    1040 DPushes remaining with DInf 8.7816171e+03               361s
     180 DPushes remaining with DInf 1.2110920e+04               366s
       0 DPushes remaining with DInf 1.1366846e+04               368s

    7538 PPushes remaining with PInf 1.9843786e-02               368s
    3157 PPushes remaining with PInf 6.1213067e-01               381s
    2065 PPushes remaining with PInf 3.7529181e-01               387s
     729 PPushes remaining with PInf 1.8365067e-01               391s
       0 PPushes remaining with PInf 9.1803002e-02               395s

  Push phase complete: Pinf 9.1803002e-02, Dinf 8.3362904e+04    395s


Root simplex log...

Iteration    Objective       Primal Inf.    Dual Inf.      Time
   62283    7.2448307e+02   0.000000e+00   8.336290e+04    396s
   62443    7.2448305e+02   0.000000e+00   1.713164e+04    402s
   62583    7.2448305e+02   0.000000e+00   3.451159e+04    407s
   62723    7.2448305e+02   0.000000e+00   3.325314e+04    412s
   62833    7.2448304e+02   0.000000e+00   3.079508e+04    416s
   62993    7.2448299e+02   0.000000e+00   4.034939e+04    425s
   63153    7.2448294e+02   0.000000e+00   9.795263e+04    433s
   63343    7.2448283e+02   0.000000e+00   4.452882e+04    443s
   63483    7.2448276e+02   0.000000e+00   9.130796e+04    450s
   63623    7.2448270e+02   0.000000e+00   9.582866e+04    457s
   63733    7.2448266e+02   0.000000e+00   6.894169e+04    462s
   63863    7.2448262e+02   0.000000e+00   5.763686e+04    469s
   64003    7.2448257e+02   0.000000e+00   1.288527e+05    475s
   64143    7.2448254e+02   0.000000e+00   1.184542e+05    482s
   64263    7.2448251e+02   0.000000e+00   4.787087e+04    488s
   64393    7.2448248e+02   0.000000e+00   1.408392e+05    494s
   64503    7.2448245e+02   0.000000e+00   2.369071e+04    499s
   64633    7.2448243e+02   0.000000e+00   5.351469e+04    505s
   64743    7.2448240e+02   0.000000e+00   9.755524e+04    511s
   64883    7.2448238e+02   0.000000e+00   3.772783e+04    517s
   64993    7.2448236e+02   0.000000e+00   3.073739e+04    522s
   65093    7.2448234e+02   0.000000e+00   2.978042e+04    527s
   65273    7.2448230e+02   0.000000e+00   6.336005e+04    536s
   65393    7.2448228e+02   0.000000e+00   1.091544e+05    542s
   65503    7.2448225e+02   0.000000e+00   5.395321e+04    547s
   65633    7.2448222e+02   0.000000e+00   2.487248e+04    553s
   65733    7.2448219e+02   0.000000e+00   7.186807e+04    558s
   65863    7.2448217e+02   0.000000e+00   2.011052e+04    564s
   65973    7.2448215e+02   0.000000e+00   2.856019e+04    569s
   66103    7.2448212e+02   0.000000e+00   2.283782e+04    575s
   66243    7.2448210e+02   0.000000e+00   1.540838e+04    582s
   66353    7.2448208e+02   0.000000e+00   7.990800e+04    587s
   66583    7.2448204e+02   0.000000e+00   1.204367e+04    598s
   66693    7.2448203e+02   0.000000e+00   2.965720e+04    603s
   66793    7.2448201e+02   0.000000e+00   1.905105e+04    608s
   67003    7.2448198e+02   0.000000e+00   5.457728e+04    618s
   67103    7.2448196e+02   0.000000e+00   8.981503e+04    623s
   67323    7.2448193e+02   0.000000e+00   1.151327e+04    633s
   67433    7.2448192e+02   0.000000e+00   5.575190e+04    639s
   67623    7.2448190e+02   0.000000e+00   1.176236e+04    648s
   67803    7.2448188e+02   0.000000e+00   1.029692e+04    656s
   67973    7.2448185e+02   0.000000e+00   2.023532e+04    665s
   68183    7.2448182e+02   0.000000e+00   6.079445e+04    675s
   68283    7.2448180e+02   0.000000e+00   1.593204e+04    679s
   68503    7.2448176e+02   0.000000e+00   1.377464e+04    690s
   68613    7.2448175e+02   0.000000e+00   5.675656e+04    695s
   68743    7.2448173e+02   0.000000e+00   5.585095e+04    701s
   68853    7.2448172e+02   0.000000e+00   3.140470e+04    706s
   68953    7.2448172e+02   0.000000e+00   1.025959e+05    711s
   69073    7.2448170e+02   0.000000e+00   2.761768e+04    717s
   69183    7.2448169e+02   0.000000e+00   1.836991e+04    722s
   69283    7.2448168e+02   0.000000e+00   4.704729e+03    727s
   69463    7.2448166e+02   0.000000e+00   6.300089e+03    736s
   69643    7.2448164e+02   0.000000e+00   5.760449e+04    745s
   69833    7.2448161e+02   0.000000e+00   3.751378e+04    753s
   69953    7.2448159e+02   0.000000e+00   2.462060e+04    759s
   70073    7.2448158e+02   0.000000e+00   3.130777e+04    763s
   70183    7.2448156e+02   0.000000e+00   5.180118e+04    768s
   70323    7.2448155e+02   0.000000e+00   8.691345e+03    774s
   70483    7.2448153e+02   0.000000e+00   6.082305e+04    780s
   70613    7.2448151e+02   0.000000e+00   3.139486e+04    786s
   70723    7.2448151e+02   0.000000e+00   3.999729e+04    791s
   70823    7.2448150e+02   0.000000e+00   1.053068e+04    795s
   71003    7.2448148e+02   0.000000e+00   3.092086e+04    804s
   71133    7.2448147e+02   0.000000e+00   5.916204e+03    809s
   71243    7.2448146e+02   0.000000e+00   3.427629e+04    815s
   71343    7.2448145e+02   0.000000e+00   3.028137e+03    820s
   71533    7.2448144e+02   0.000000e+00   8.278981e+03    829s
   71633    7.2448143e+02   0.000000e+00   3.999091e+04    834s
   71763    7.2448141e+02   0.000000e+00   9.758306e+03    839s
   71873    7.2448140e+02   0.000000e+00   1.662051e+04    845s
   71973    7.2448139e+02   0.000000e+00   9.438020e+03    849s
   72163    7.2448137e+02   0.000000e+00   1.325267e+04    858s
   72263    7.2448137e+02   0.000000e+00   4.926179e+04    862s
   72363    7.2448136e+02   0.000000e+00   5.467423e+03    866s
   72543    7.2448134e+02   0.000000e+00   1.227000e+04    875s
   72663    7.2448133e+02   0.000000e+00   6.363882e+03    880s
   72803    7.2448131e+02   0.000000e+00   4.336396e+03    886s
   72933    7.2448130e+02   0.000000e+00   6.679489e+03    892s
   73093    7.2448129e+02   0.000000e+00   1.019654e+04    898s
   73203    7.2448128e+02   0.000000e+00   1.672986e+04    903s
   73313    7.2448127e+02   0.000000e+00   3.839192e+03    908s
   73413    7.2448126e+02   0.000000e+00   1.995995e+04    913s
   73513    7.2448126e+02   0.000000e+00   2.311366e+03    917s
   73733    7.2448124e+02   0.000000e+00   3.133260e+03    927s
   73843    7.2448124e+02   0.000000e+00   1.404263e+04    932s
   73993    7.2448123e+02   0.000000e+00   1.518224e+04    938s
   74123    7.2448122e+02   0.000000e+00   1.716415e+04    944s
   74233    7.2448121e+02   0.000000e+00   2.432720e+04    949s
   74343    7.2448120e+02   0.000000e+00   1.740056e+03    953s
   74443    7.2448119e+02   0.000000e+00   4.474872e+03    957s
   74623    7.2448118e+02   0.000000e+00   7.449601e+03    965s
   74833    7.2448117e+02   0.000000e+00   6.120628e+04    974s
   75013    7.2448116e+02   0.000000e+00   2.487067e+04    982s
   75113    7.2448115e+02   0.000000e+00   5.115373e+03    986s
   75313    7.2448114e+02   0.000000e+00   2.099730e+03    994s
   75513    7.2448113e+02   0.000000e+00   2.247829e+03   1002s
   75623    7.2448112e+02   0.000000e+00   1.122328e+04   1006s
   75733    7.2448111e+02   0.000000e+00   1.486554e+04   1010s
   75963    7.2448109e+02   0.000000e+00   6.566987e+02   1020s
   76123    7.2448109e+02   0.000000e+00   1.655431e+03   1026s
   76283    7.2448108e+02   0.000000e+00   1.769441e+03   1032s
   76413    7.2448107e+02   0.000000e+00   3.764670e+03   1038s
   76573    7.2448106e+02   0.000000e+00   2.504750e+04   1044s
   76713    7.2448105e+02   0.000000e+00   3.995108e+03   1050s
   76873    7.2448104e+02   0.000000e+00   1.454280e+03   1056s
   76993    7.2448104e+02   0.000000e+00   4.043132e+03   1061s
   77103    7.2448103e+02   0.000000e+00   6.312377e+03   1066s
   77203    7.2448103e+02   0.000000e+00   1.620953e+04   1071s
   77333    7.2448102e+02   0.000000e+00   1.153915e+04   1076s
   77453    7.2448101e+02   0.000000e+00   3.005694e+03   1082s
   77573    7.2448100e+02   0.000000e+00   4.092605e+03   1086s
   77683    7.2448099e+02   0.000000e+00   2.836274e+03   1091s
   77983    7.2448097e+02   0.000000e+00   3.375191e+03   1103s
   78103    7.2448097e+02   0.000000e+00   1.245912e+04   1107s
   78213    7.2448096e+02   0.000000e+00   2.267256e+03   1112s
   78423    7.2448095e+02   0.000000e+00   9.100633e+02   1120s
   78573    7.2448094e+02   0.000000e+00   2.221888e+03   1126s
   78703    7.2448094e+02   0.000000e+00   2.972196e+03   1131s
   78833    7.2448093e+02   0.000000e+00   2.971312e+03   1135s
   79053    7.2448092e+02   0.000000e+00   7.457417e+03   1144s
   79203    7.2448091e+02   0.000000e+00   1.243204e+03   1149s
   79323    7.2448091e+02   0.000000e+00   2.986229e+03   1154s
   79423    7.2448090e+02   0.000000e+00   7.358268e+02   1159s
   79523    7.2448090e+02   0.000000e+00   5.417341e+03   1163s
   79633    7.2448089e+02   0.000000e+00   2.736355e+02   1168s
   79733    7.2448089e+02   0.000000e+00   1.317418e+03   1172s
   79923    7.2448088e+02   0.000000e+00   1.347682e+03   1181s
   80023    7.2448087e+02   0.000000e+00   2.072999e+03   1185s
   80233    7.2448086e+02   0.000000e+00   4.722717e+03   1194s
   80393    7.2448085e+02   0.000000e+00   4.772965e+02   1200s
   80533    7.2448084e+02   0.000000e+00   1.720712e+04   1205s
   80773    7.2448082e+02   0.000000e+00   5.375128e+03   1215s
   80883    7.2448081e+02   0.000000e+00   5.500837e+03   1219s
   81033    7.2448080e+02   0.000000e+00   6.136638e+02   1225s
   81223    7.2448079e+02   0.000000e+00   6.896362e+03   1231s
   81423    7.2448077e+02   0.000000e+00   9.286082e+02   1238s
   81613    7.2448076e+02   0.000000e+00   5.195958e+02   1245s
   81783    7.2448075e+02   0.000000e+00   4.594574e+03   1251s
   81963    7.2448074e+02   0.000000e+00   1.983996e+03   1257s
   82103    7.2448074e+02   0.000000e+00   7.693953e+02   1262s
   82263    7.2448073e+02   0.000000e+00   5.066419e+03   1269s
   82453    7.2448072e+02   0.000000e+00   1.094808e+04   1276s
   82573    7.2448072e+02   0.000000e+00   3.266275e+03   1281s
   82733    7.2448071e+02   0.000000e+00   1.674037e+03   1288s
   82923    7.2448070e+02   0.000000e+00   1.819540e+03   1294s
   83063    7.2448070e+02   0.000000e+00   1.328220e+03   1300s
   83183    7.2448069e+02   0.000000e+00   3.462777e+03   1305s
   83303    7.2448068e+02   0.000000e+00   3.070967e+02   1309s
   83433    7.2448068e+02   0.000000e+00   1.026270e+04   1314s
   83543    7.2448067e+02   0.000000e+00   6.086276e+02   1318s
   83663    7.2448066e+02   0.000000e+00   4.929470e+03   1323s
   83773    7.2448065e+02   0.000000e+00   2.084670e+03   1327s
   83883    7.2448065e+02   0.000000e+00   2.452773e+03   1331s
   84043    7.2448064e+02   0.000000e+00   2.387198e+02   1337s
   84173    7.2448063e+02   0.000000e+00   9.436000e+02   1342s
   84293    7.2448063e+02   0.000000e+00   1.034573e+03   1347s
   84413    7.2448062e+02   0.000000e+00   2.875930e+03   1351s
   84533    7.2448062e+02   0.000000e+00   2.845686e+03   1356s
   84643    7.2448062e+02   0.000000e+00   3.288738e+03   1360s
   84803    7.2448061e+02   0.000000e+00   1.036921e+03   1366s
   84933    7.2448061e+02   0.000000e+00   2.852073e+02   1371s
   85063    7.2448060e+02   0.000000e+00   1.180889e+03   1376s
   85173    7.2448060e+02   0.000000e+00   6.527152e+02   1380s
   85383    7.2448059e+02   0.000000e+00   1.513221e+02   1389s
   85503    7.2448059e+02   0.000000e+00   7.354976e+02   1394s
   85653    7.2448058e+02   0.000000e+00   1.146364e+03   1399s
   85793    7.2448058e+02   0.000000e+00   1.742395e+03   1405s
   85943    7.2448057e+02   0.000000e+00   7.862949e+03   1411s
   86093    7.2448055e+02   0.000000e+00   3.443155e+03   1416s
   86223    7.2448055e+02   0.000000e+00   1.050924e+05   1421s
   86343    7.2448054e+02   0.000000e+00   5.895287e+02   1426s
   86473    7.2448053e+02   0.000000e+00   1.906933e+04   1430s
   86713    7.2448052e+02   0.000000e+00   2.187336e+02   1438s
   86823    7.2448051e+02   0.000000e+00   6.865867e+02   1442s
   86933    7.2448050e+02   0.000000e+00   7.946712e+02   1447s
   87053    7.2448050e+02   0.000000e+00   5.323381e+02   1451s
   87223    7.2448049e+02   0.000000e+00   5.864446e+02   1456s
   87353    7.2448049e+02   0.000000e+00   8.915923e+02   1461s
   87483    7.2448048e+02   0.000000e+00   2.010059e+03   1466s
   87593    7.2448047e+02   0.000000e+00   4.840903e+02   1470s
   87863    7.2448047e+02   0.000000e+00   2.974516e+03   1480s
   88043    7.2448046e+02   0.000000e+00   1.098404e+03   1487s
   88193    7.2448046e+02   0.000000e+00   2.380418e+03   1492s
   88363    7.2448045e+02   0.000000e+00   7.590604e+02   1499s
   88503    7.2448044e+02   0.000000e+00   4.719813e+02   1504s
   88643    7.2448044e+02   0.000000e+00   1.551691e+03   1509s
   88813    7.2448043e+02   0.000000e+00   6.692677e+02   1516s
   88963    7.2448042e+02   0.000000e+00   9.300234e+03   1521s
   89133    7.2448042e+02   0.000000e+00   6.297974e+02   1528s
   89273    7.2448041e+02   0.000000e+00   4.420253e+02   1533s
   89423    7.2448040e+02   0.000000e+00   5.878078e+02   1537s
   89543    7.2448040e+02   0.000000e+00   1.294750e+03   1542s
   89663    7.2448039e+02   0.000000e+00   2.342855e+02   1546s
   89773    7.2448039e+02   0.000000e+00   2.356957e+02   1551s
   90013    7.2448038e+02   0.000000e+00   3.121434e+02   1559s
   90163    7.2448038e+02   0.000000e+00   2.794845e+02   1565s
   90343    7.2448037e+02   0.000000e+00   1.791050e+02   1571s
   90533    7.2448037e+02   0.000000e+00   9.067836e+02   1578s
   90693    7.2448036e+02   0.000000e+00   1.797405e+02   1584s
   90843    7.2448036e+02   0.000000e+00   2.995273e+02   1589s
   90973    7.2448036e+02   0.000000e+00   1.055885e+03   1594s
   91113    7.2448036e+02   0.000000e+00   1.880644e+03   1599s
   91273    7.2448036e+02   0.000000e+00   8.571403e+01   1605s
   91403    7.2448035e+02   0.000000e+00   1.024922e+02   1610s
   91603    7.2448035e+02   0.000000e+00   8.508617e+01   1616s
   91803    7.2448035e+02   0.000000e+00   1.288629e+02   1623s
   91993    7.2448035e+02   0.000000e+00   8.550739e+01   1630s
   92153    7.2448034e+02   0.000000e+00   3.914536e+02   1636s
   92293    7.2448034e+02   0.000000e+00   5.906325e+01   1641s
   92463    7.2448034e+02   0.000000e+00   2.431680e+01   1648s
   92613    7.2448033e+02   0.000000e+00   3.118565e+01   1653s
   92743    7.2448033e+02   0.000000e+00   3.451906e+01   1658s
   92873    7.2448033e+02   0.000000e+00   2.746589e+01   1662s
   93043    7.2448033e+02   0.000000e+00   8.444644e+02   1668s
   93173    7.2448033e+02   0.000000e+00   2.497670e+02   1674s
   93353    7.2448033e+02   0.000000e+00   7.577245e+01   1680s
   93503    7.2448033e+02   0.000000e+00   7.372691e+01   1686s
   93643    7.2448032e+02   0.000000e+00   2.707272e+02   1691s
   93773    7.2448032e+02   0.000000e+00   3.470544e+01   1695s
   93943    7.2448032e+02   0.000000e+00   1.246432e+01   1702s
   94133    7.2448032e+02   0.000000e+00   5.875555e+01   1708s
   94303    7.2448032e+02   0.000000e+00   7.215692e+00   1715s
   94453    7.2448032e+02   0.000000e+00   1.220892e+02   1720s
   94663    7.2448032e+02   0.000000e+00   1.329382e+01   1726s
   94843    7.2448031e+02   0.000000e+00   1.552675e+00   1733s
   94983    7.2448031e+02   0.000000e+00   9.674480e+00   1738s
   95113    7.2448031e+02   0.000000e+00   6.752508e+00   1743s
   95233    7.2448031e+02   0.000000e+00   2.234588e+00   1748s
   95403    7.2448031e+02   0.000000e+00   3.258797e+01   1754s
   95583    7.2448031e+02   0.000000e+00   9.764767e+01   1760s
   95783    7.2448031e+02   0.000000e+00   4.943850e-01   1767s
   95953    7.2448031e+02   0.000000e+00   4.391945e-01   1772s
   96093    7.2448031e+02   0.000000e+00   1.527923e-01   1777s
   96213    7.2448031e+02   0.000000e+00   2.668385e-02   1782s
   96383    7.2448031e+02   0.000000e+00   6.812181e-03   1788s
   96491    7.2448289e+02   9.391239e+01   0.000000e+00   1792s
   96611    7.2448290e+02   1.062835e+02   0.000000e+00   1797s
   96741    7.2448290e+02   1.587986e+02   0.000000e+00   1801s
   96861    7.2448291e+02   1.031557e+02   0.000000e+00   1806s
   97031    7.2448291e+02   1.955881e+02   0.000000e+00   1811s
   97221    7.2448292e+02   2.053644e+02   0.000000e+00   1818s
   97381    7.2448293e+02   5.918969e+02   0.000000e+00   1823s
   97521    7.2448293e+02   1.392082e+02   0.000000e+00   1828s
   97701    7.2448293e+02   8.909919e+01   0.000000e+00   1834s
   97851    7.2448294e+02   1.022753e+02   0.000000e+00   1839s
   97991    7.2448294e+02   4.732433e+01   0.000000e+00   1844s
   98121    7.2448294e+02   5.668668e+01   0.000000e+00   1848s
   98281    7.2448295e+02   2.640183e+02   0.000000e+00   1854s
   98431    7.2448295e+02   1.887865e+02   0.000000e+00   1859s
   98611    7.2448296e+02   3.589319e+02   0.000000e+00   1865s
   98771    7.2448296e+02   3.039250e+01   0.000000e+00   1871s
   98901    7.2448296e+02   5.089788e+01   0.000000e+00   1876s
   99031    7.2448296e+02   7.866143e+00   0.000000e+00   1880s
   99281    7.2448297e+02   1.588603e+02   0.000000e+00   1889s
   99401    7.2448297e+02   8.722632e+01   0.000000e+00   1893s
   99521    7.2448297e+02   5.302836e+01   0.000000e+00   1898s
   99631    7.2448298e+02   3.821857e+02   0.000000e+00   1902s
   99751    7.2448298e+02   1.113974e+02   0.000000e+00   1906s
   99921    7.2448298e+02   2.243609e+01   0.000000e+00   1912s
  100071    7.2448298e+02   3.294672e+01   0.000000e+00   1917s
  100231    7.2448298e+02   1.493886e+01   0.000000e+00   1923s
  100381    7.2448299e+02   3.943890e+01   0.000000e+00   1928s
  100521    7.2448299e+02   1.350496e+01   0.000000e+00   1933s
  100701    7.2448299e+02   3.529637e+01   0.000000e+00   1939s
  100851    7.2448299e+02   7.343193e+00   0.000000e+00   1945s
  101041    7.2448299e+02   7.276166e+01   0.000000e+00   1951s
  101231    7.2448299e+02   4.319438e+01   0.000000e+00   1958s
  101391    7.2448299e+02   1.983648e+01   0.000000e+00   1963s
  101541    7.2448300e+02   2.916465e+00   0.000000e+00   1968s
  101671    7.2448300e+02   7.591303e+00   0.000000e+00   1973s
  101791    7.2448300e+02   3.219163e+00   0.000000e+00   1978s
  101961    7.2448300e+02   1.710981e+00   0.000000e+00   1983s
  102151    7.2448300e+02   4.729882e-01   0.000000e+00   1990s
  102311    7.2448300e+02   4.246209e-01   0.000000e+00   1996s
  102511    7.2448300e+02   5.795577e-03   0.000000e+00   2003s
  102766    7.2448297e+02   0.000000e+00   1.291491e+00   2012s
  102976    7.2448297e+02   0.000000e+00   5.435033e+00   2018s
  103186    7.2448297e+02   0.000000e+00   1.202651e+02   2025s
  103396    7.2448296e+02   0.000000e+00   3.786457e+02   2033s
  103626    7.2448296e+02   0.000000e+00   9.548876e+01   2040s
  103836    7.2448295e+02   0.000000e+00   1.844376e+02   2047s
  104046    7.2448295e+02   0.000000e+00   7.534269e+01   2053s
  104226    7.2448295e+02   0.000000e+00   6.045616e+02   2059s
  104416    7.2448294e+02   0.000000e+00   1.137007e+02   2065s
  104626    7.2448294e+02   0.000000e+00   3.510681e+01   2072s
  104796    7.2448294e+02   0.000000e+00   6.161342e+02   2078s
  104986    7.2448293e+02   0.000000e+00   2.096571e+02   2084s
  105206    7.2448293e+02   0.000000e+00   3.266462e+02   2091s
  105426    7.2448293e+02   0.000000e+00   4.829943e+02   2098s
  105596    7.2448292e+02   0.000000e+00   1.915379e+02   2103s
  105736    7.2448292e+02   0.000000e+00   6.744007e+01   2108s
  105916    7.2448292e+02   0.000000e+00   1.159405e+02   2114s
  106056    7.2448292e+02   0.000000e+00   1.554456e+02   2119s
  106196    7.2448292e+02   0.000000e+00   1.865306e+03   2124s
  106386    7.2448292e+02   0.000000e+00   4.371499e+01   2130s
  106546    7.2448292e+02   0.000000e+00   4.155448e+00   2136s
  106736    7.2448292e+02   0.000000e+00   5.254135e+00   2142s
  106956    7.2448292e+02   0.000000e+00   1.469830e+01   2149s
  107126    7.2448291e+02   0.000000e+00   3.298544e+00   2154s
  107266    7.2448291e+02   0.000000e+00   1.030523e+02   2161s
  107386    7.2448291e+02   0.000000e+00   6.290031e+01   2166s
  107496    7.2448291e+02   0.000000e+00   5.031228e+00   2171s
  107636    7.2448291e+02   0.000000e+00   6.307724e+01   2177s
  107756    7.2448291e+02   0.000000e+00   1.620674e+01   2183s
  107886    7.2448291e+02   0.000000e+00   1.305743e+02   2189s
  108006    7.2448291e+02   0.000000e+00   3.679602e+01   2194s
  108116    7.2448291e+02   0.000000e+00   5.919885e+01   2199s
  108246    7.2448291e+02   0.000000e+00   2.299858e+02   2205s
  108396    7.2448291e+02   0.000000e+00   9.999205e+00   2212s
  108546    7.2448290e+02   0.000000e+00   3.130195e+02   2219s
  108676    7.2448290e+02   0.000000e+00   3.186474e+01   2225s
  108786    7.2448290e+02   0.000000e+00   3.500185e+01   2230s
  108916    7.2448290e+02   0.000000e+00   3.578376e+00   2236s
  109066    7.2448290e+02   0.000000e+00   1.864873e+00   2243s
  109186    7.2448290e+02   0.000000e+00   6.830118e+00   2249s
  109296    7.2448290e+02   0.000000e+00   5.421930e-01   2254s
  109446    7.2448290e+02   0.000000e+00   9.295899e-01   2260s
  109596    7.2448290e+02   0.000000e+00   6.211434e+00   2267s
  109726    7.2448290e+02   0.000000e+00   7.770251e-01   2272s
  109836    7.2448290e+02   0.000000e+00   4.296925e-04   2277s
  109975    7.2448290e+02   1.203239e-05   0.000000e+00   2283s
  110086    7.2448290e+02   4.316629e-05   0.000000e+00   2288s
  110088    7.2448290e+02   0.000000e+00   0.000000e+00   2290s
  110088    7.2448290e+02   0.000000e+00   0.000000e+00   2291s
Concurrent spin time: 449.75s (can be avoided by choosing Method=3)

Solved with barrier

Root relaxation: objective 7.244829e+02, 110088 iterations, 2716.73 seconds
Total elapsed time = 2785.01s
Total elapsed time = 2794.36s
Total elapsed time = 2796.12s

    Nodes    |    Current Node    |     Objective Bounds      |     Work
 Expl Unexpl |  Obj  Depth IntInf | Incumbent    BestBd   Gap | It/Node Time

     0     0  724.48290    0 15823          -  724.48290      -     - 2799s
     0     0          -    0               -  724.48290      -     - 7200s

Cutting planes:
  Clique: 4
  MIR: 1

Explored 1 nodes (279689 simplex iterations) in 7200.02 seconds
Thread count was 4 (of 4 available processors)

Solution count 0

Time limit reached
Best objective -, best bound 7.250000000000e+02, gap -

Unable to retrieve attribute 'X'

