Academic license - for non-commercial use only
Set parameter TimeLimit to value 7200

Gurobi Optimizer version 8.0.0 build v8.0.0rc0 (linux64)
Copyright (c) 2018, Gurobi Optimization, LLC

Read LP format model from file flow/abz7.lp
Reading time = 1.22 seconds
: 103484 rows, 186761 columns, 2662058 nonzeros
Optimize a model with 103484 rows, 186761 columns and 2662058 nonzeros
Variable types: 0 continuous, 186761 integer (186760 binary)
Coefficient statistics:
  Matrix range     [1e+00, 7e+02]
  Objective range  [1e+00, 1e+00]
  Bounds range     [1e+00, 1e+00]
  RHS range        [1e+00, 1e+00]
Presolve removed 6627 rows and 5968 columns (presolve time = 5s) ...
Presolve removed 6955 rows and 6315 columns
Presolve time: 8.81s
Presolved: 96529 rows, 180446 columns, 2633400 nonzeros
Variable types: 0 continuous, 180446 integer (180445 binary)

Deterministic concurrent LP optimizer: dual simplex and barrier
Showing barrier log only...

Presolve removed 104 rows and 85 columns
Presolved: 96425 rows, 180361 columns, 2633167 nonzeros

Root barrier log...

Elapsed ordering time = 5s
Elapsed ordering time = 10s
Elapsed ordering time = 13s
Elapsed ordering time = 15s
Ordering time: 19.88s

Barrier statistics:
 AA' NZ     : 4.751e+06
 Factor NZ  : 8.121e+07 (roughly 800 MBytes of memory)
 Factor Ops : 3.625e+11 (roughly 14 seconds per iteration)
 Threads    : 1

                  Objective                Residual
Iter       Primal          Dual         Primal    Dual     Compl     Time
   0   5.51337713e+03 -7.09833787e+05  1.74e+04 8.78e-02  1.74e+02    56s
   1   3.05696489e+03 -7.20496851e+05  2.48e+03 1.04e-01  2.70e+01    77s
   2   1.85683162e+03 -5.63585560e+05  4.38e+02 1.40e-12  5.56e+00    98s
   3   1.67923519e+03 -2.84848092e+05  2.08e+02 1.43e-12  2.31e+00   119s
   4   1.46748357e+03 -1.20230613e+05  6.49e+01 2.59e-12  7.59e-01   141s
   5   1.25885459e+03 -7.67958009e+04  2.97e+01 1.66e-12  4.01e-01   162s
   6   1.01675121e+03 -2.56339433e+04  1.28e+01 1.14e-12  1.47e-01   184s
   7   7.49993769e+02 -1.23400978e+04  3.50e+00 7.14e-13  5.45e-02   206s
   8   6.69219326e+02 -4.22115501e+03  9.94e-01 5.44e-13  1.70e-02   229s
   9   6.36313731e+02 -5.49466398e+02  1.85e-01 2.27e-13  3.44e-03   251s
  10   6.19190623e+02  1.35355174e+02  1.04e-01 8.17e-14  1.36e-03   273s
  11   5.98786299e+02  4.42964872e+02  6.47e-02 5.87e-14  4.32e-04   296s
  12   5.69849266e+02  4.89034668e+02  1.69e-02 4.09e-14  2.20e-04   318s
  13   5.52327990e+02  5.22931652e+02  3.96e-03 2.55e-14  7.98e-05   341s
  14   5.47371336e+02  5.31642166e+02  2.00e-03 2.98e-14  4.27e-05   363s
  15   5.45327847e+02  5.36163318e+02  1.31e-03 3.60e-14  2.49e-05   384s
  16   5.44055591e+02  5.38036627e+02  8.62e-04 3.09e-14  1.63e-05   406s
  17   5.42960406e+02  5.39435856e+02  4.76e-04 3.41e-14  9.57e-06   428s
  18   5.42255172e+02  5.40313182e+02  1.91e-04 4.14e-14  5.27e-06   452s
  19   5.42074744e+02  5.40695826e+02  1.38e-04 4.78e-14  3.74e-06   473s
  20   5.42002886e+02  5.40871161e+02  1.17e-04 4.46e-14  3.07e-06   494s
  21   5.41885734e+02  5.41077884e+02  8.54e-05 5.01e-14  2.19e-06   516s
  22   5.41799272e+02  5.41244936e+02  6.31e-05 5.75e-14  1.50e-06   538s
  23   5.41747150e+02  5.41311605e+02  4.83e-05 5.22e-14  1.18e-06   559s
  24   5.41708863e+02  5.41362338e+02  3.80e-05 5.50e-14  9.41e-07   580s
  25   5.41654589e+02  5.41426202e+02  2.46e-05 5.13e-14  6.20e-07   603s
  26   5.41618578e+02  5.41476312e+02  1.65e-05 7.50e-14  3.86e-07   626s
  27   5.41592757e+02  5.41500618e+02  1.13e-05 5.03e-14  2.50e-07   647s
  28   5.41568051e+02  5.41515248e+02  6.19e-06 6.24e-14  1.43e-07   669s
  29   5.41556285e+02  5.41522948e+02  3.85e-06 5.79e-14  9.05e-08   690s
  30   5.41546994e+02  5.41528479e+02  2.07e-06 5.16e-14  5.03e-08   711s
  31   5.41541511e+02  5.41532113e+02  1.08e-06 1.02e-13  2.55e-08   733s
  32   5.41539375e+02  5.41534234e+02  6.88e-07 7.98e-14  1.40e-08   754s
  33   5.41537275e+02  5.41535131e+02  2.97e-07 6.94e-14  5.83e-09   779s
  34   5.41536401e+02  5.41535355e+02  1.44e-07 5.52e-14  2.84e-09   801s
  35   5.41536150e+02  5.41535463e+02  9.79e-08 6.32e-14  1.87e-09   823s
  36   5.41535899e+02  5.41535527e+02  5.20e-08 6.03e-14  1.01e-09   843s
  37   5.41535764e+02  5.41535560e+02  2.70e-08 6.60e-14  5.55e-10   864s
  38   5.41535706e+02  5.41535573e+02  1.72e-08 5.03e-14  3.59e-10   885s
  39   5.41535679e+02  5.41535593e+02  3.31e-08 6.47e-14  2.32e-10   907s
  40   5.41535665e+02  5.41535598e+02  2.60e-08 6.95e-14  1.81e-10   928s
  41   5.41535648e+02  5.41535605e+02  5.65e-08 7.43e-14  1.18e-10   952s
  42   5.41535640e+02  5.41535610e+02  3.87e-08 4.71e-14  7.61e-11   972s
  43   5.41535627e+02  5.41535613e+02  7.47e-08 9.27e-14  3.37e-11   994s
  44   5.41535615e+02  5.41535615e+02  1.01e-08 7.28e-14  4.37e-12  1015s

Barrier solved model in 44 iterations and 1015.43 seconds
Optimal objective 5.41535615e+02


Root crossover log...

   42061 DPushes remaining with DInf 7.8083110e+01              1016s
    7916 DPushes remaining with DInf 6.2555392e+01              1020s
      77 DPushes remaining with DInf 2.4717316e+02              1025s
       0 DPushes remaining with DInf 2.8968502e+02              1026s

   26483 PPushes remaining with PInf 7.1056852e-03              1026s
   11720 PPushes remaining with PInf 7.8768076e-01              1031s
    5795 PPushes remaining with PInf 5.5055647e-01              1036s
    2482 PPushes remaining with PInf 2.4519924e+00              1041s
     239 PPushes remaining with PInf 3.3398390e+01              1045s
       0 PPushes remaining with PInf 3.0622851e+01              1046s

  Push phase complete: Pinf 3.0622851e+01, Dinf 1.9909611e+03   1046s


Root simplex log...

Iteration    Objective       Primal Inf.    Dual Inf.      Time
   68515    5.4153494e+02   0.000000e+00   1.990961e+03   1046s
   68840    5.4153489e+02   0.000000e+00   3.523544e+05   1050s
   69365    5.4153485e+02   0.000000e+00   1.343492e+04   1057s
   69715    5.4153482e+02   0.000000e+00   2.032694e+04   1062s
   69890    5.4153481e+02   0.000000e+00   3.278755e+04   1065s
   70240    5.4153469e+02   0.000000e+00   9.574383e+04   1071s
   70415    5.4153466e+02   0.000000e+00   3.499707e+04   1075s
   70765    5.4153463e+02   0.000000e+00   1.457700e+04   1083s
   70940    5.4153462e+02   0.000000e+00   3.760213e+04   1087s
   71115    5.4153459e+02   0.000000e+00   1.613765e+04   1091s
   71465    5.4153457e+02   0.000000e+00   1.314582e+04   1098s
   71640    5.4153455e+02   0.000000e+00   2.461258e+04   1102s
   71815    5.4153453e+02   0.000000e+00   1.427450e+04   1106s
   72165    5.4153450e+02   0.000000e+00   1.351539e+04   1113s
   72340    5.4153448e+02   0.000000e+00   3.950360e+04   1117s
   72515    5.4153446e+02   0.000000e+00   2.962753e+04   1121s
   72865    5.4153439e+02   0.000000e+00   9.065783e+03   1128s
   73040    5.4153437e+02   0.000000e+00   2.730872e+03   1131s
   73390    5.4153434e+02   0.000000e+00   5.088344e+04   1138s
   73565    5.4153432e+02   0.000000e+00   1.363585e+04   1142s
   73740    5.4153429e+02   0.000000e+00   1.476898e+04   1145s
   74090    5.4153424e+02   0.000000e+00   3.693618e+04   1152s
   74265    5.4153422e+02   0.000000e+00   9.299965e+03   1155s
   74615    5.4153417e+02   0.000000e+00   1.494580e+03   1162s
   74790    5.4153415e+02   0.000000e+00   6.810680e+03   1166s
   75105    5.4153411e+02   0.000000e+00   4.651149e+03   1172s
   75280    5.4153408e+02   0.000000e+00   9.745177e+03   1175s
   75630    5.4153403e+02   0.000000e+00   1.425486e+04   1181s
   75975    5.4153394e+02   0.000000e+00   6.356531e+04   1188s
   76150    5.4153391e+02   0.000000e+00   5.832136e+03   1191s
   76400    5.4153389e+02   0.000000e+00   8.118900e+03   1196s
   76735    5.4153384e+02   0.000000e+00   6.165310e+03   1202s
   76910    5.4153382e+02   0.000000e+00   6.173333e+03   1205s
   77260    5.4153375e+02   0.000000e+00   6.250888e+03   1211s
   77530    5.4153372e+02   0.000000e+00   8.803734e+02   1216s
   77830    5.4153370e+02   0.000000e+00   8.125998e+02   1222s
   78030    5.4153368e+02   0.000000e+00   1.562590e+04   1225s
   78405    5.4153362e+02   0.000000e+00   1.471685e+03   1232s
   78555    5.4153360e+02   0.000000e+00   5.545818e+03   1235s
   78905    5.4153356e+02   0.000000e+00   6.100445e+02   1240s
   79380    5.4153350e+02   0.000000e+00   5.014878e+03   1248s
   79555    5.4153349e+02   0.000000e+00   1.138852e+03   1251s
   79870    5.4153347e+02   0.000000e+00   6.062864e+02   1257s
   80100    5.4153345e+02   0.000000e+00   3.559131e+03   1261s
   80310    5.4153343e+02   0.000000e+00   1.529835e+04   1265s
   80640    5.4153342e+02   0.000000e+00   8.089299e+02   1271s
   80990    5.4153340e+02   0.000000e+00   8.316706e+02   1276s
   81340    5.4153338e+02   0.000000e+00   1.010373e+03   1282s
   81570    5.4153336e+02   0.000000e+00   4.223673e+03   1286s
   81910    5.4153335e+02   0.000000e+00   1.523538e+03   1291s
   82120    5.4153334e+02   0.000000e+00   1.311378e+03   1295s
   82470    5.4153333e+02   0.000000e+00   2.326513e+03   1301s
   82760    5.4153331e+02   0.000000e+00   2.297955e+02   1305s
   83100    5.4153330e+02   0.000000e+00   4.534755e+02   1311s
   83340    5.4153329e+02   0.000000e+00   2.482593e+02   1315s
   83640    5.4153328e+02   0.000000e+00   4.276737e+02   1321s
   83980    5.4153326e+02   0.000000e+00   1.062172e+03   1327s
   84290    5.4153325e+02   0.000000e+00   7.265438e+03   1332s
   84500    5.4153323e+02   0.000000e+00   7.225861e+03   1336s
   84845    5.4153322e+02   0.000000e+00   1.079621e+02   1342s
   85145    5.4153321e+02   0.000000e+00   2.100902e+03   1346s
   85440    5.4153320e+02   0.000000e+00   2.723496e+02   1351s
   85765    5.4153319e+02   0.000000e+00   3.785085e+03   1356s
   86015    5.4153318e+02   0.000000e+00   2.297388e+03   1361s
   86405    5.4153317e+02   0.000000e+00   1.822953e+03   1367s
   86645    5.4153315e+02   0.000000e+00   1.418327e+03   1371s
   87025    5.4153314e+02   0.000000e+00   9.347993e+01   1377s
   87275    5.4153314e+02   0.000000e+00   1.065561e+02   1381s
   87675    5.4153312e+02   0.000000e+00   8.690173e+01   1387s
   87915    5.4153312e+02   0.000000e+00   3.672115e+03   1391s
   88305    5.4153311e+02   0.000000e+00   1.425061e+02   1397s
   88565    5.4153311e+02   0.000000e+00   2.320222e+02   1400s
   88975    5.4153310e+02   0.000000e+00   4.798426e+01   1406s
   89245    5.4153309e+02   0.000000e+00   3.290023e+01   1410s
   89605    5.4153309e+02   0.000000e+00   2.516505e+01   1416s
   89975    5.4153309e+02   0.000000e+00   2.925451e+01   1422s
   90215    5.4153308e+02   0.000000e+00   4.457682e+03   1425s
   90575    5.4153308e+02   0.000000e+00   2.090758e+01   1431s
   90815    5.4153308e+02   0.000000e+00   1.234211e+03   1435s
   91185    5.4153307e+02   0.000000e+00   1.104721e+03   1441s
   91535    5.4153306e+02   0.000000e+00   6.396949e+01   1447s
   91765    5.4153305e+02   0.000000e+00   3.193440e+04   1450s
   92105    5.4153304e+02   0.000000e+00   1.186414e+01   1456s
   92435    5.4153304e+02   0.000000e+00   4.832047e+00   1462s
   92685    5.4153304e+02   0.000000e+00   9.691664e+00   1466s
   93085    5.4153304e+02   0.000000e+00   6.101415e+00   1471s
   93465    5.4153303e+02   0.000000e+00   6.433411e+01   1477s
   93695    5.4153303e+02   0.000000e+00   8.202922e+00   1481s
   94065    5.4153303e+02   0.000000e+00   7.118875e+00   1486s
   94455    5.4153303e+02   0.000000e+00   4.168503e+00   1492s
   94695    5.4153303e+02   0.000000e+00   4.181089e+00   1496s
   95085    5.4153303e+02   0.000000e+00   1.722326e+00   1501s
   95445    5.4153303e+02   0.000000e+00   2.337853e+00   1506s
   95695    5.4153303e+02   0.000000e+00   7.368927e-01   1510s
   96035    5.4153303e+02   0.000000e+00   1.490504e+00   1515s
   96405    5.4153303e+02   0.000000e+00   2.450618e+00   1521s
   96765    5.4153303e+02   0.000000e+00   1.277015e-01   1526s
   96985    5.4153303e+02   0.000000e+00   3.874646e+00   1530s
   97345    5.4153303e+02   0.000000e+00   9.449815e-01   1535s
   97695    5.4153303e+02   0.000000e+00   3.543211e-02   1541s
   98119    5.4153560e+02   8.008428e+02   0.000000e+00   1547s
   98339    5.4153560e+02   1.232708e+03   0.000000e+00   1551s
   98679    5.4153561e+02   6.938975e+03   0.000000e+00   1557s
   98899    5.4153562e+02   2.066659e+03   0.000000e+00   1560s
   99229    5.4153562e+02   2.724059e+03   0.000000e+00   1566s
   99559    5.4153563e+02   9.229426e+02   0.000000e+00   1572s
   99779    5.4153563e+02   3.007112e+03   0.000000e+00   1575s
  100099    5.4153564e+02   1.102554e+03   0.000000e+00   1581s
  100429    5.4153565e+02   5.795910e+02   0.000000e+00   1587s
  100649    5.4153566e+02   1.096762e+04   0.000000e+00   1590s
  100979    5.4153567e+02   2.341340e+03   0.000000e+00   1596s
  101189    5.4153569e+02   1.066012e+03   0.000000e+00   1600s
  101499    5.4153570e+02   6.710785e+02   0.000000e+00   1606s
  101819    5.4153573e+02   7.197126e+02   0.000000e+00   1612s
  102029    5.4153574e+02   9.943920e+02   0.000000e+00   1615s
  102349    5.4153575e+02   9.935003e+02   0.000000e+00   1621s
  102659    5.4153578e+02   7.366401e+02   0.000000e+00   1627s
  102869    5.4153581e+02   7.254211e+02   0.000000e+00   1631s
  103189    5.4153584e+02   2.818212e+03   0.000000e+00   1637s
  103389    5.4153586e+02   4.630046e+03   0.000000e+00   1641s
  103709    5.4153588e+02   4.717544e+03   0.000000e+00   1646s
  103929    5.4153590e+02   3.320054e+03   0.000000e+00   1651s
  104259    5.4153592e+02   1.273417e+03   0.000000e+00   1657s
  104469    5.4153593e+02   5.455733e+02   0.000000e+00   1661s
  104679    5.4153594e+02   9.155349e+02   0.000000e+00   1665s
  104999    5.4153595e+02   1.245249e+02   0.000000e+00   1671s
  105219    5.4153596e+02   2.365063e+03   0.000000e+00   1675s
  105549    5.4153597e+02   2.392730e+02   0.000000e+00   1682s
  105769    5.4153598e+02   2.609127e+02   0.000000e+00   1686s
  106099    5.4153599e+02   3.356669e+02   0.000000e+00   1692s
  106309    5.4153600e+02   1.755068e+02   0.000000e+00   1696s
  106639    5.4153601e+02   5.890631e+01   0.000000e+00   1702s
  106849    5.4153601e+02   6.589882e+01   0.000000e+00   1706s
  107179    5.4153602e+02   7.884990e+01   0.000000e+00   1712s
  107399    5.4153602e+02   1.133029e+02   0.000000e+00   1716s
  107619    5.4153603e+02   1.479548e+01   0.000000e+00   1720s
  107949    5.4153603e+02   1.605463e+01   0.000000e+00   1726s
  108169    5.4153603e+02   8.384864e+01   0.000000e+00   1730s
  108499    5.4153603e+02   1.389644e+01   0.000000e+00   1736s
  108719    5.4153603e+02   4.547144e+00   0.000000e+00   1740s
  109049    5.4153604e+02   6.686797e-01   0.000000e+00   1747s
  109405    5.4153571e+02   0.000000e+00   1.366363e+02   1752s
  109755    5.4153571e+02   0.000000e+00   1.780534e+02   1755s
  110280    5.4153570e+02   0.000000e+00   7.209139e+02   1761s
  110755    5.4153563e+02   0.000000e+00   8.043485e+02   1767s
  111055    5.4153559e+02   0.000000e+00   1.702737e+03   1771s
  111375    5.4153557e+02   0.000000e+00   1.831498e+02   1776s
  111675    5.4153555e+02   0.000000e+00   5.265494e+02   1780s
  112145    5.4153553e+02   0.000000e+00   2.544946e+03   1787s
  112465    5.4153551e+02   0.000000e+00   3.423180e+04   1792s
  112775    5.4153550e+02   0.000000e+00   1.602369e+02   1796s
  113085    5.4153549e+02   0.000000e+00   3.432885e+03   1801s
  113395    5.4153549e+02   0.000000e+00   3.541474e+01   1805s
  113705    5.4153548e+02   0.000000e+00   1.087881e+02   1810s
  114185    5.4153547e+02   0.000000e+00   2.110690e+02   1817s
  114485    5.4153546e+02   0.000000e+00   4.163405e+02   1822s
  114805    5.4153546e+02   0.000000e+00   1.859704e+01   1827s
  115125    5.4153545e+02   0.000000e+00   9.159542e+01   1832s
  115435    5.4153545e+02   0.000000e+00   1.368457e+02   1836s
  115755    5.4153544e+02   0.000000e+00   7.312764e+01   1841s
  116075    5.4153544e+02   0.000000e+00   7.042941e+01   1846s
  116395    5.4153544e+02   0.000000e+00   1.508559e+03   1850s
  116875    5.4153543e+02   0.000000e+00   5.135550e+01   1857s
  117195    5.4153543e+02   0.000000e+00   1.922765e+02   1862s
  117515    5.4153542e+02   0.000000e+00   5.445229e+02   1867s
  117845    5.4153542e+02   0.000000e+00   1.629156e+02   1871s
  118185    5.4153542e+02   0.000000e+00   4.078013e+02   1876s
  118525    5.4153541e+02   0.000000e+00   6.874450e+01   1881s
  118865    5.4153541e+02   0.000000e+00   3.440866e+01   1885s
  119205    5.4153541e+02   0.000000e+00   4.788147e+01   1890s
  119710    5.4153540e+02   0.000000e+00   1.225005e+01   1897s
  120045    5.4153540e+02   0.000000e+00   4.166577e+00   1902s
  120375    5.4153540e+02   0.000000e+00   3.229380e+01   1907s
  120715    5.4153540e+02   0.000000e+00   3.064786e+02   1911s
  121060    5.4153539e+02   0.000000e+00   4.190109e+01   1916s
  121405    5.4153539e+02   0.000000e+00   6.467679e+02   1921s
  121735    5.4153539e+02   0.000000e+00   8.838799e+01   1926s
  122065    5.4153539e+02   0.000000e+00   4.836135e+01   1931s
  122385    5.4153538e+02   0.000000e+00   2.782729e+01   1935s
  122890    5.4153538e+02   0.000000e+00   7.386786e+00   1942s
  123225    5.4153538e+02   0.000000e+00   3.804414e+01   1946s
  123570    5.4153538e+02   0.000000e+00   1.514634e+02   1951s
  123900    5.4153538e+02   0.000000e+00   3.570722e+01   1955s
  124415    5.4153538e+02   0.000000e+00   2.485638e+01   1962s
  124740    5.4153537e+02   0.000000e+00   4.276837e+01   1966s
  125080    5.4153537e+02   0.000000e+00   2.380445e+02   1971s
  125420    5.4153537e+02   0.000000e+00   3.965510e+01   1975s
  125935    5.4153537e+02   0.000000e+00   3.320132e+01   1982s
  126280    5.4153537e+02   0.000000e+00   4.628234e+00   1987s
  126625    5.4153537e+02   0.000000e+00   1.764679e+01   1991s
  126965    5.4153537e+02   0.000000e+00   1.274405e+01   1996s
  127300    5.4153537e+02   0.000000e+00   2.934898e+00   2000s
  127815    5.4153536e+02   0.000000e+00   2.202042e+00   2007s
  128165    5.4153536e+02   0.000000e+00   7.730192e+01   2011s
  128515    5.4153536e+02   0.000000e+00   1.006839e+01   2016s
  128860    5.4153536e+02   0.000000e+00   1.486064e+01   2020s
  129375    5.4153536e+02   0.000000e+00   2.258979e+01   2027s
  129720    5.4153536e+02   0.000000e+00   4.275422e+00   2032s
  130065    5.4153536e+02   0.000000e+00   1.101294e+01   2037s
  130415    5.4153536e+02   0.000000e+00   2.297364e+00   2042s
  130760    5.4153536e+02   0.000000e+00   2.978501e+00   2046s
  131110    5.4153536e+02   0.000000e+00   1.916080e+01   2051s
  131455    5.4153535e+02   0.000000e+00   5.896157e-01   2055s
  131970    5.4153535e+02   0.000000e+00   8.813234e-01   2062s
  132315    5.4153535e+02   0.000000e+00   7.477747e+01   2067s
  132660    5.4153535e+02   0.000000e+00   2.542492e+00   2071s
  133005    5.4153535e+02   0.000000e+00   1.579797e+00   2076s
  133355    5.4153535e+02   0.000000e+00   5.324756e-01   2080s
  133880    5.4153535e+02   0.000000e+00   1.324369e+00   2087s
  134230    5.4153535e+02   0.000000e+00   2.135998e-01   2091s
  134580    5.4153535e+02   0.000000e+00   2.255277e+02   2096s
  134930    5.4153535e+02   0.000000e+00   1.099059e+00   2100s
  135455    5.4153535e+02   0.000000e+00   2.319225e+00   2107s
  135805    5.4153535e+02   0.000000e+00   2.388434e+00   2112s
  136155    5.4153535e+02   0.000000e+00   1.661054e+00   2116s
  136495    5.4153535e+02   0.000000e+00   4.064178e+01   2121s
  136845    5.4153535e+02   0.000000e+00   3.655000e+00   2125s
  137370    5.4153535e+02   0.000000e+00   1.612765e-01   2132s
  137720    5.4153535e+02   0.000000e+00   2.214208e-01   2136s
  138245    5.4153535e+02   0.000000e+00   2.481977e+01   2142s
  138590    5.4153535e+02   0.000000e+00   1.993491e-01   2147s
  138940    5.4153535e+02   0.000000e+00   8.843636e+00   2151s
  139465    5.4153535e+02   0.000000e+00   8.757319e-03   2157s
  139815    5.4153535e+02   0.000000e+00   1.153205e+01   2161s
  140165    5.4153535e+02   0.000000e+00   7.322491e-02   2165s
  140690    5.4153535e+02   0.000000e+00   1.549521e-01   2171s
  141040    5.4153535e+02   0.000000e+00   1.517283e-01   2175s
  141565    5.4153535e+02   0.000000e+00   7.208870e-02   2182s
  141915    5.4153535e+02   0.000000e+00   6.693879e-01   2186s
  142440    5.4153535e+02   0.000000e+00   5.012100e-02   2192s
  142790    5.4153535e+02   0.000000e+00   1.060802e-02   2196s
  143116    5.4153561e+02   4.169662e+00   0.000000e+00   2200s
  143456    5.4153562e+02   1.289702e+02   0.000000e+00   2206s
  143796    5.4153562e+02   4.310600e+00   0.000000e+00   2211s
  144126    5.4153562e+02   2.565060e+00   0.000000e+00   2216s
  144346    5.4153562e+02   2.987410e-01   0.000000e+00   2220s
  144850    5.4153562e+02   0.000000e+00   7.195171e-02   2226s
  145550    5.4153561e+02   0.000000e+00   1.287969e-02   2231s
  145663    5.4153561e+02   0.000000e+00   0.000000e+00   2233s
  145663    5.4153561e+02   0.000000e+00   0.000000e+00   2233s
Concurrent spin time: 0.01s

Solved with barrier

Root relaxation: objective 5.415356e+02, 145663 iterations, 2219.67 seconds
Total elapsed time = 2281.80s
Total elapsed time = 2292.39s
Total elapsed time = 2301.41s

    Nodes    |    Current Node    |     Objective Bounds      |     Work
 Expl Unexpl |  Obj  Depth IntInf | Incumbent    BestBd   Gap | It/Node Time

     0     0  541.53561    0 23898          -  541.53561      -     - 2306s
     0     0          -    0               -  541.53561      -     - 7200s

Cutting planes:
  Clique: 12
  MIR: 1
  Zero half: 2

Explored 1 nodes (483179 simplex iterations) in 7200.02 seconds
Thread count was 4 (of 4 available processors)

Solution count 0

Time limit reached
Best objective -, best bound 5.420000000000e+02, gap -

Unable to retrieve attribute 'X'

