Academic license - for non-commercial use only
Set parameter TimeLimit to value 7200

Gurobi Optimizer version 8.0.0 build v8.0.0rc0 (linux64)
Copyright (c) 2018, Gurobi Optimization, LLC

Read LP format model from file flow/la11.lp
Reading time = 2.15 seconds
: 104549 rows, 196431 columns, 5578196 nonzeros
Optimize a model with 104549 rows, 196431 columns and 5578196 nonzeros
Variable types: 0 continuous, 196431 integer (196430 binary)
Coefficient statistics:
  Matrix range     [1e+00, 1e+03]
  Objective range  [1e+00, 1e+00]
  Bounds range     [1e+00, 1e+00]
  RHS range        [1e+00, 1e+00]
Presolve removed 10113 rows and 10000 columns (presolve time = 5s) ...
Presolve removed 18566 rows and 18453 columns (presolve time = 10s) ...
Presolve removed 19611 rows and 19498 columns (presolve time = 17s) ...
Presolve removed 19611 rows and 19498 columns
Presolve time: 18.19s
Presolved: 84938 rows, 176933 columns, 5491469 nonzeros
Variable types: 0 continuous, 176933 integer (176932 binary)

Deterministic concurrent LP optimizer: dual simplex and barrier
Showing barrier log only...

Presolve removed 151 rows and 131 columns
Presolved: 84787 rows, 176802 columns, 5491147 nonzeros

Root barrier log...

Elapsed ordering time = 5s
Elapsed ordering time = 10s
Elapsed ordering time = 15s
Elapsed ordering time = 20s
Elapsed ordering time = 25s
Elapsed ordering time = 30s
Ordering time: 32.90s

Barrier statistics:
 AA' NZ     : 8.953e+06
 Factor NZ  : 3.338e+07 (roughly 400 MBytes of memory)
 Factor Ops : 3.846e+10 (roughly 2 seconds per iteration)
 Threads    : 1

                  Objective                Residual
Iter       Primal          Dual         Primal    Dual     Compl     Time
   0   4.86754553e+04 -1.38446692e+06  3.52e+05 1.99e-01  2.97e+03    67s
   1   4.39027765e+04 -1.33435847e+06  5.18e+04 7.84e-01  4.52e+02    72s
   2   9.62326752e+03 -1.27292775e+06  3.99e+03 1.77e-12  3.77e+01    76s
   3   4.22413300e+03 -9.89733316e+05  7.74e+02 1.88e-12  8.42e+00    81s
   4   3.52948708e+03 -5.91718546e+05  2.13e+02 6.95e-13  2.85e+00    86s
   5   3.32564564e+03 -2.66222581e+05  9.97e+01 6.79e-13  1.18e+00    91s
   6   2.87329778e+03 -1.24250820e+05  4.45e+01 5.14e-13  5.28e-01    95s
   7   2.00623328e+03 -5.15078440e+04  1.59e+01 4.25e-13  2.11e-01   101s
   8   1.53879776e+03 -2.12910082e+04  6.19e+00 3.15e-13  9.34e-02   106s
   9   1.14820437e+03 -4.94356593e+03  1.57e+00 3.02e-13  2.35e-02   112s
  10   1.00104554e+03 -1.16956353e+03  2.51e-01 2.06e-13  6.60e-03   117s
  11   9.56408880e+02  3.59511672e+00  1.27e-01 1.05e-13  2.77e-03   123s
  12   8.99059377e+02  5.09078588e+02  2.03e-02 5.06e-14  1.09e-03   128s
  13   8.30387161e+02  6.87167088e+02  6.81e-03 2.34e-14  3.99e-04   135s
  14   7.92215691e+02  7.64733479e+02  5.36e-04 1.20e-14  7.64e-05   141s
  15   7.90035601e+02  7.69454817e+02  4.18e-04 1.23e-14  5.72e-05   145s
  16   7.86196757e+02  7.76260972e+02  2.30e-04 1.12e-14  2.76e-05   151s
  17   7.83550468e+02  7.78954453e+02  9.16e-05 1.50e-14  1.28e-05   157s
  18   7.82204637e+02  7.79992509e+02  3.03e-05 1.56e-14  6.15e-06   162s
  19   7.81714973e+02  7.80628038e+02  1.29e-05 1.79e-14  3.02e-06   168s
  20   7.81541580e+02  7.80872335e+02  8.08e-06 1.91e-14  1.86e-06   173s
  21   7.81443574e+02  7.80975651e+02  5.77e-06 4.19e-14  1.30e-06   178s
  22   7.81361869e+02  7.81027606e+02  4.01e-06 3.72e-14  9.29e-07   183s
  23   7.81299568e+02  7.81080552e+02  2.54e-06 4.95e-14  6.09e-07   188s
  24   7.81260416e+02  7.81110070e+02  1.68e-06 5.22e-14  4.18e-07   192s
  25   7.81240658e+02  7.81120018e+02  1.26e-06 5.39e-14  3.35e-07   197s
  26   7.81223199e+02  7.81138061e+02  8.75e-07 5.18e-14  2.37e-07   202s
  27   7.81205246e+02  7.81155582e+02  4.77e-07 1.13e-13  1.38e-07   207s
  28   7.81194573e+02  7.81162217e+02  2.64e-07 5.03e-14  9.00e-08   212s
  29   7.81189527e+02  7.81171391e+02  1.72e-07 7.07e-14  5.04e-08   217s
  30   7.81185395e+02  7.81176047e+02  9.78e-08 1.05e-13  2.60e-08   223s
  31   7.81182627e+02  7.81177392e+02  4.95e-08 7.27e-14  1.46e-08   228s
  32   7.81180596e+02  7.81178630e+02  1.77e-08 5.51e-14  5.47e-09   233s
  33   7.81180026e+02  7.81179134e+02  5.41e-09 6.62e-14  2.48e-09   239s
  34   7.81179891e+02  7.81179297e+02  4.84e-09 7.83e-14  1.65e-09   244s
  35   7.81179844e+02  7.81179404e+02  3.60e-09 6.05e-14  1.22e-09   250s
  36   7.81179776e+02  7.81179469e+02  9.09e-09 6.13e-14  8.54e-10   255s
  37   7.81179711e+02  7.81179544e+02  5.90e-09 5.34e-14  4.65e-10   260s
  38   7.81179669e+02  7.81179583e+02  2.55e-08 8.77e-14  2.40e-10   265s
  39   7.81179667e+02  7.81179587e+02  2.48e-08 6.87e-14  2.22e-10   270s
  40   7.81179662e+02  7.81179595e+02  2.06e-08 6.24e-14  1.85e-10   275s
  41   7.81179658e+02  7.81179599e+02  2.23e-08 5.61e-14  1.67e-10   280s
  42   7.81179653e+02  7.81179609e+02  1.69e-08 7.61e-14  1.24e-10   286s
  43   7.81179649e+02  7.81179621e+02  3.45e-08 6.21e-14  7.68e-11   292s
  44   7.81179646e+02  7.81179626e+02  4.99e-08 6.41e-14  5.70e-11   297s
  45   7.81179644e+02  7.81179630e+02  3.82e-08 6.93e-14  4.06e-11   302s
  46   7.81179643e+02  7.81179631e+02  7.81e-09 8.07e-14  3.27e-11   308s
  47   7.81179642e+02  7.81179633e+02  7.27e-09 7.27e-14  2.44e-11   313s
  48   7.81179642e+02  7.81179633e+02  7.36e-09 6.79e-14  2.38e-11   318s
  49   7.81179641e+02  7.81179634e+02  1.44e-08 1.09e-13  1.84e-11   324s

Barrier solved model in 49 iterations and 324.25 seconds
Optimal objective 7.81179641e+02


Root crossover log...

   44444 DPushes remaining with DInf 3.5234376e+02               325s
    9728 DPushes remaining with DInf 9.0008147e+02               330s
    6684 DPushes remaining with DInf 9.6729438e+02               336s
    3664 DPushes remaining with DInf 1.2547335e+03               340s
     734 DPushes remaining with DInf 1.8108745e+03               345s
       0 DPushes remaining with DInf 2.2775945e+03               348s

   14379 PPushes remaining with PInf 8.8425078e-02               348s
    5903 PPushes remaining with PInf 8.2839327e-01               353s
    4335 PPushes remaining with PInf 6.9547017e+01               355s
    1909 PPushes remaining with PInf 1.0718591e+02               360s
       0 PPushes remaining with PInf 2.0856415e+02               365s

  Push phase complete: Pinf 2.0856415e+02, Dinf 2.5950770e+04    365s


Root simplex log...

Iteration    Objective       Primal Inf.    Dual Inf.      Time
   58760    7.8116449e+02   0.000000e+00   2.595077e+04    365s
   58920    7.8116449e+02   0.000000e+00   1.200595e+05    370s
   59090    7.8116449e+02   0.000000e+00   6.186628e+04    375s
   59230    7.8116447e+02   0.000000e+00   3.199329e+05    380s
   59370    7.8116445e+02   0.000000e+00   1.308697e+05    385s
   59520    7.8116442e+02   0.000000e+00   7.141972e+04    390s
   59670    7.8116437e+02   0.000000e+00   6.134483e+04    395s
   59820    7.8116434e+02   0.000000e+00   1.121652e+05    400s
   59960    7.8116430e+02   0.000000e+00   3.417164e+04    405s
   60110    7.8116425e+02   0.000000e+00   1.108805e+05    411s
   60260    7.8116422e+02   0.000000e+00   1.089871e+05    416s
   60400    7.8116419e+02   0.000000e+00   1.259077e+05    421s
   60540    7.8116416e+02   0.000000e+00   7.250726e+04    426s
   60690    7.8116412e+02   0.000000e+00   5.301955e+04    431s
   60840    7.8116409e+02   0.000000e+00   7.132138e+04    436s
   60990    7.8116406e+02   0.000000e+00   2.108741e+04    442s
   61140    7.8116404e+02   0.000000e+00   1.042985e+05    447s
   61290    7.8116401e+02   0.000000e+00   5.452271e+04    452s
   61450    7.8116399e+02   0.000000e+00   6.256360e+04    457s
   61610    7.8116396e+02   0.000000e+00   1.142560e+05    463s
   61760    7.8116392e+02   0.000000e+00   6.251997e+04    468s
   61900    7.8116388e+02   0.000000e+00   4.456594e+04    473s
   62050    7.8116385e+02   0.000000e+00   8.744652e+04    478s
   62210    7.8116382e+02   0.000000e+00   7.214298e+04    483s
   62360    7.8116379e+02   0.000000e+00   8.106687e+04    488s
   62520    7.8116375e+02   0.000000e+00   7.038051e+04    493s
   62680    7.8116372e+02   0.000000e+00   1.037081e+05    499s
   62830    7.8116368e+02   0.000000e+00   1.220648e+05    504s
   62990    7.8116364e+02   0.000000e+00   7.003935e+04    509s
   63150    7.8116361e+02   0.000000e+00   3.719498e+04    515s
   63310    7.8116358e+02   0.000000e+00   2.117578e+05    520s
   63470    7.8116355e+02   0.000000e+00   1.594111e+05    525s
   63640    7.8116352e+02   0.000000e+00   4.744721e+04    531s
   63800    7.8116348e+02   0.000000e+00   8.346286e+04    536s
   63960    7.8116343e+02   0.000000e+00   1.189362e+05    542s
   64120    7.8116337e+02   0.000000e+00   9.603534e+04    547s
   64280    7.8116332e+02   0.000000e+00   9.297105e+05    552s
   64440    7.8116327e+02   0.000000e+00   1.985999e+05    557s
   64600    7.8116321e+02   0.000000e+00   1.307652e+06    562s
   64760    7.8116312e+02   0.000000e+00   7.033646e+05    568s
   64920    7.8116304e+02   0.000000e+00   1.248570e+05    573s
   65080    7.8116298e+02   0.000000e+00   3.201113e+05    578s
   65240    7.8116289e+02   0.000000e+00   1.397998e+05    583s
   65400    7.8116284e+02   0.000000e+00   2.435260e+05    588s
   65560    7.8116279e+02   0.000000e+00   7.655688e+04    593s
   65720    7.8116273e+02   0.000000e+00   2.200942e+05    598s
   65880    7.8116267e+02   0.000000e+00   2.513171e+05    603s
   66040    7.8116260e+02   0.000000e+00   1.101250e+05    609s
   66200    7.8116253e+02   0.000000e+00   2.874072e+05    614s
   66360    7.8116242e+02   0.000000e+00   2.738724e+05    619s
   66520    7.8116232e+02   0.000000e+00   6.786440e+04    624s
   66680    7.8116222e+02   0.000000e+00   5.761154e+04    629s
   66840    7.8116212e+02   0.000000e+00   2.391493e+05    635s
   67000    7.8116193e+02   0.000000e+00   1.125139e+06    640s
   67310    7.8116158e+02   0.000000e+00   9.398542e+04    649s
   67480    7.8116144e+02   0.000000e+00   2.417629e+05    654s
   67610    7.8116135e+02   0.000000e+00   2.862058e+05    658s
   67710    7.8116131e+02   0.000000e+00   4.472983e+05    661s
   67890    7.8116112e+02   0.000000e+00   1.000595e+06    667s
   68070    7.8116096e+02   0.000000e+00   4.471632e+05    672s
   68230    7.8116081e+02   0.000000e+00   2.395214e+05    677s
   68390    7.8116063e+02   0.000000e+00   9.079482e+04    682s
   68570    7.8116045e+02   0.000000e+00   1.641989e+05    687s
   68750    7.8116026e+02   0.000000e+00   4.286769e+04    693s
   68920    7.8116014e+02   0.000000e+00   1.486056e+06    698s
   69100    7.8115971e+02   0.000000e+00   4.954973e+06    703s
   69280    7.8115950e+02   0.000000e+00   1.045274e+05    708s
   69440    7.8115938e+02   0.000000e+00   2.908803e+05    713s
   69610    7.8115926e+02   0.000000e+00   1.217659e+05    718s
   69780    7.8115913e+02   0.000000e+00   1.993940e+05    723s
   69960    7.8115897e+02   0.000000e+00   1.776872e+06    729s
   70140    7.8115880e+02   0.000000e+00   5.809717e+05    734s
   70310    7.8115863e+02   0.000000e+00   5.380733e+05    739s
   70480    7.8115850e+02   0.000000e+00   1.701488e+06    744s
   70580    7.8115842e+02   0.000000e+00   4.968626e+05    747s
   70760    7.8115820e+02   0.000000e+00   4.232677e+05    752s
   70940    7.8115806e+02   0.000000e+00   1.196870e+05    757s
   71110    7.8115796e+02   0.000000e+00   9.746455e+04    762s
   71280    7.8115781e+02   0.000000e+00   1.978998e+05    767s
   71450    7.8115766e+02   0.000000e+00   7.616165e+04    772s
   71630    7.8115752e+02   0.000000e+00   3.866897e+05    777s
   71810    7.8115739e+02   0.000000e+00   2.760496e+05    782s
   71980    7.8115716e+02   0.000000e+00   1.186598e+05    787s
   72150    7.8115700e+02   0.000000e+00   8.062452e+04    793s
   72350    7.8115683e+02   0.000000e+00   7.809110e+05    798s
   72530    7.8115663e+02   0.000000e+00   3.663692e+06    803s
   72710    7.8115657e+02   0.000000e+00   1.869828e+05    808s
   72880    7.8115650e+02   0.000000e+00   5.997508e+05    813s
   73050    7.8115642e+02   0.000000e+00   1.568409e+05    818s
   73230    7.8115629e+02   0.000000e+00   4.379062e+04    823s
   73400    7.8115613e+02   0.000000e+00   1.799665e+05    828s
   73580    7.8115594e+02   0.000000e+00   3.127216e+05    834s
   73750    7.8115570e+02   0.000000e+00   1.310922e+05    839s
   73850    7.8115564e+02   0.000000e+00   2.011866e+05    842s
   74020    7.8115553e+02   0.000000e+00   8.540796e+05    847s
   74200    7.8115544e+02   0.000000e+00   3.845466e+04    852s
   74370    7.8115537e+02   0.000000e+00   1.325324e+05    857s
   74540    7.8115529e+02   0.000000e+00   1.104138e+07    863s
   74710    7.8115474e+02   0.000000e+00   5.118287e+06    868s
   74890    7.8115419e+02   0.000000e+00   5.409875e+06    874s
   75060    7.8115368e+02   0.000000e+00   4.653112e+06    879s
   75230    7.8115321e+02   0.000000e+00   6.647307e+05    884s
   75410    7.8115312e+02   0.000000e+00   2.957211e+05    890s
   75590    7.8115300e+02   0.000000e+00   1.324565e+05    895s
   75760    7.8115293e+02   0.000000e+00   2.721644e+04    901s
   75930    7.8115290e+02   0.000000e+00   6.453856e+04    906s
   76090    7.8115287e+02   0.000000e+00   1.012190e+05    911s
   76250    7.8115283e+02   0.000000e+00   4.447986e+05    916s
   76530    7.8115275e+02   0.000000e+00   1.500106e+04    924s
   76660    7.8115272e+02   0.000000e+00   8.502503e+04    928s
   76770    7.8115270e+02   0.000000e+00   8.368951e+04    931s
   76950    7.8115266e+02   0.000000e+00   1.660901e+05    937s
   77130    7.8115260e+02   0.000000e+00   2.261372e+04    943s
   77290    7.8115256e+02   0.000000e+00   4.724143e+04    948s
   77450    7.8115252e+02   0.000000e+00   2.056960e+04    953s
   77620    7.8115248e+02   0.000000e+00   3.466744e+04    958s
   77790    7.8115244e+02   0.000000e+00   2.700854e+04    964s
   77950    7.8115242e+02   0.000000e+00   4.051096e+04    969s
   78110    7.8115239e+02   0.000000e+00   2.644324e+04    974s
   78290    7.8115235e+02   0.000000e+00   8.246515e+04    980s
   78450    7.8115231e+02   0.000000e+00   5.474478e+04    985s
   78610    7.8115226e+02   0.000000e+00   6.428805e+04    990s
   78780    7.8115223e+02   0.000000e+00   1.000219e+05    996s
   78950    7.8115219e+02   0.000000e+00   1.456288e+05   1001s
   79120    7.8115215e+02   0.000000e+00   3.888764e+04   1006s
   79280    7.8115211e+02   0.000000e+00   3.216589e+04   1011s
   79440    7.8115207e+02   0.000000e+00   2.196949e+05   1017s
   79610    7.8115203e+02   0.000000e+00   8.651478e+04   1022s
   79780    7.8115199e+02   0.000000e+00   2.900703e+04   1027s
   79940    7.8115196e+02   0.000000e+00   3.559937e+04   1032s
   80120    7.8115191e+02   0.000000e+00   3.410405e+04   1038s
   80280    7.8115186e+02   0.000000e+00   9.504030e+04   1043s
   80440    7.8115182e+02   0.000000e+00   2.091221e+04   1048s
   80610    7.8115177e+02   0.000000e+00   2.292870e+04   1054s
   80770    7.8115173e+02   0.000000e+00   2.456940e+04   1059s
   80940    7.8115170e+02   0.000000e+00   4.973442e+04   1064s
   81110    7.8115166e+02   0.000000e+00   7.754658e+04   1070s
   81270    7.8115162e+02   0.000000e+00   8.401680e+04   1075s
   81440    7.8115160e+02   0.000000e+00   2.617775e+04   1081s
   81600    7.8115157e+02   0.000000e+00   5.237657e+04   1086s
   81760    7.8115154e+02   0.000000e+00   6.564631e+04   1091s
   81920    7.8115150e+02   0.000000e+00   2.181100e+04   1096s
   82090    7.8115148e+02   0.000000e+00   2.887554e+04   1102s
   82250    7.8115145e+02   0.000000e+00   1.043725e+04   1107s
   82410    7.8115142e+02   0.000000e+00   1.661958e+04   1112s
   82580    7.8115139e+02   0.000000e+00   1.343785e+04   1118s
   82750    7.8115136e+02   0.000000e+00   2.793255e+04   1123s
   82930    7.8115133e+02   0.000000e+00   7.079292e+05   1129s
   83100    7.8115129e+02   0.000000e+00   1.636042e+05   1134s
   83270    7.8115125e+02   0.000000e+00   2.636566e+04   1139s
   83380    7.8115122e+02   0.000000e+00   9.659765e+04   1142s
   83560    7.8115116e+02   0.000000e+00   6.094698e+04   1148s
   83740    7.8115111e+02   0.000000e+00   1.047541e+05   1153s
   83920    7.8115105e+02   0.000000e+00   5.149138e+04   1158s
   84030    7.8115102e+02   0.000000e+00   7.290803e+04   1161s
   84210    7.8115096e+02   0.000000e+00   1.596289e+05   1166s
   84390    7.8115088e+02   0.000000e+00   1.740045e+05   1172s
   84560    7.8115081e+02   0.000000e+00   1.960935e+05   1177s
   84740    7.8115075e+02   0.000000e+00   9.366409e+04   1182s
   84900    7.8115069e+02   0.000000e+00   3.063242e+04   1187s
   85080    7.8115064e+02   0.000000e+00   1.107599e+05   1193s
   85270    7.8115059e+02   0.000000e+00   5.332929e+04   1199s
   85440    7.8115054e+02   0.000000e+00   5.076129e+04   1204s
   85610    7.8115048e+02   0.000000e+00   2.658052e+05   1209s
   85790    7.8115041e+02   0.000000e+00   9.317421e+04   1214s
   85890    7.8115039e+02   0.000000e+00   2.672300e+04   1217s
   86070    7.8115035e+02   0.000000e+00   1.918818e+05   1223s
   86270    7.8115030e+02   0.000000e+00   2.508568e+05   1229s
   86440    7.8115021e+02   0.000000e+00   1.691384e+05   1234s
   86610    7.8115011e+02   0.000000e+00   1.955947e+05   1240s
   86710    7.8115006e+02   0.000000e+00   5.627103e+04   1243s
   86880    7.8115002e+02   0.000000e+00   6.910143e+04   1248s
   86980    7.8115000e+02   0.000000e+00   3.651763e+04   1251s
   87160    7.8114997e+02   0.000000e+00   9.753964e+04   1256s
   87340    7.8114994e+02   0.000000e+00   5.601528e+04   1261s
   87550    7.8114987e+02   0.000000e+00   4.516776e+05   1267s
   87730    7.8114982e+02   0.000000e+00   4.004571e+04   1273s
   87830    7.8114978e+02   0.000000e+00   5.382879e+04   1275s
   88110    7.8114970e+02   0.000000e+00   1.967954e+05   1283s
   88300    7.8114965e+02   0.000000e+00   7.121312e+04   1289s
   88470    7.8114960e+02   0.000000e+00   6.574306e+04   1294s
   88660    7.8114956e+02   0.000000e+00   8.349907e+05   1300s
   88760    7.8114952e+02   0.000000e+00   1.005044e+05   1303s
   88940    7.8114947e+02   0.000000e+00   9.301611e+04   1308s
   89040    7.8114945e+02   0.000000e+00   1.197140e+05   1311s
   89340    7.8114933e+02   0.000000e+00   4.189530e+04   1320s
   89440    7.8114930e+02   0.000000e+00   4.597431e+04   1323s
   89540    7.8114928e+02   0.000000e+00   4.524913e+04   1326s
   89740    7.8114922e+02   0.000000e+00   5.691071e+05   1331s
   90040    7.8114915e+02   0.000000e+00   5.481441e+04   1340s
   90240    7.8114911e+02   0.000000e+00   7.633747e+04   1346s
   90440    7.8114903e+02   0.000000e+00   3.857428e+04   1352s
   90630    7.8114897e+02   0.000000e+00   5.102116e+04   1358s
   90730    7.8114894e+02   0.000000e+00   3.248080e+04   1361s
   90930    7.8114888e+02   0.000000e+00   2.595522e+04   1367s
   91150    7.8114879e+02   0.000000e+00   4.611181e+04   1373s
   91260    7.8114870e+02   0.000000e+00   5.392022e+04   1376s
   91470    7.8114863e+02   0.000000e+00   9.679385e+04   1381s
   91670    7.8114854e+02   0.000000e+00   6.505664e+04   1387s
   91880    7.8114848e+02   0.000000e+00   1.876861e+05   1393s
   91990    7.8114844e+02   0.000000e+00   6.232784e+04   1396s
   92200    7.8114832e+02   0.000000e+00   8.880764e+03   1402s
   92390    7.8114826e+02   0.000000e+00   1.556725e+04   1408s
   92500    7.8114820e+02   0.000000e+00   3.316582e+04   1411s
   92720    7.8114807e+02   0.000000e+00   4.236189e+04   1416s
   92940    7.8114800e+02   0.000000e+00   3.031697e+04   1422s
   93050    7.8114792e+02   0.000000e+00   1.617959e+05   1426s
   93270    7.8114778e+02   0.000000e+00   6.590672e+04   1432s
   93470    7.8114767e+02   0.000000e+00   4.354844e+04   1438s
   93660    7.8114759e+02   0.000000e+00   1.146618e+05   1443s
   93760    7.8114755e+02   0.000000e+00   2.423427e+05   1446s
   93980    7.8114743e+02   0.000000e+00   6.150976e+04   1452s
   94080    7.8114737e+02   0.000000e+00   3.630834e+05   1455s
   94300    7.8114728e+02   0.000000e+00   1.347997e+05   1461s
   94500    7.8114718e+02   0.000000e+00   3.240950e+04   1467s
   94720    7.8114707e+02   0.000000e+00   2.382362e+04   1473s
   94840    7.8114701e+02   0.000000e+00   9.061329e+04   1476s
   95060    7.8114688e+02   0.000000e+00   3.524996e+04   1482s
   95280    7.8114675e+02   0.000000e+00   4.931869e+04   1488s
   95400    7.8114662e+02   0.000000e+00   4.574053e+05   1491s
   95610    7.8114652e+02   0.000000e+00   8.104471e+04   1497s
   95840    7.8114637e+02   0.000000e+00   2.459144e+05   1503s
   95950    7.8114632e+02   0.000000e+00   7.948696e+05   1505s
   96170    7.8114620e+02   0.000000e+00   2.182537e+06   1511s
   96390    7.8114594e+02   0.000000e+00   3.161843e+05   1517s
   96610    7.8114574e+02   0.000000e+00   7.597581e+03   1523s
   96710    7.8114571e+02   0.000000e+00   1.982918e+04   1526s
   97000    7.8114562e+02   0.000000e+00   6.945596e+04   1535s
   97100    7.8114555e+02   0.000000e+00   5.868951e+04   1538s
   97200    7.8114552e+02   0.000000e+00   3.936830e+04   1541s
   97390    7.8114541e+02   0.000000e+00   2.706668e+04   1547s
   97590    7.8114532e+02   0.000000e+00   5.762633e+04   1553s
   97690    7.8114526e+02   0.000000e+00   1.814574e+05   1556s
   97900    7.8114517e+02   0.000000e+00   4.552217e+04   1562s
   98130    7.8114503e+02   0.000000e+00   1.073968e+05   1568s
   98250    7.8114497e+02   0.000000e+00   2.315100e+05   1571s
   98480    7.8114490e+02   0.000000e+00   3.856078e+05   1576s
   98700    7.8114482e+02   0.000000e+00   9.868535e+04   1582s
   98810    7.8114475e+02   0.000000e+00   8.274673e+04   1585s
   99030    7.8114464e+02   0.000000e+00   1.905559e+05   1591s
   99250    7.8114447e+02   0.000000e+00   1.007147e+05   1597s
   99360    7.8114438e+02   0.000000e+00   1.017323e+05   1600s
   99570    7.8114422e+02   0.000000e+00   3.108278e+04   1606s
   99790    7.8114410e+02   0.000000e+00   7.933796e+04   1612s
   99910    7.8114401e+02   0.000000e+00   1.272591e+05   1615s
  100140    7.8114393e+02   0.000000e+00   7.627655e+04   1621s
  100350    7.8114384e+02   0.000000e+00   9.374142e+04   1627s
  100570    7.8114372e+02   0.000000e+00   2.404921e+05   1633s
  100680    7.8114366e+02   0.000000e+00   1.718037e+05   1636s
  100910    7.8114359e+02   0.000000e+00   6.754458e+04   1642s
  101130    7.8114350e+02   0.000000e+00   2.851163e+04   1647s
  101250    7.8114345e+02   0.000000e+00   1.482381e+05   1650s
  101460    7.8114333e+02   0.000000e+00   8.364845e+04   1656s
  101690    7.8114324e+02   0.000000e+00   1.578410e+04   1662s
  101800    7.8114321e+02   0.000000e+00   1.167280e+05   1665s
  102010    7.8114314e+02   0.000000e+00   1.160428e+05   1671s
  102210    7.8114308e+02   0.000000e+00   1.733094e+04   1677s
  102310    7.8114305e+02   0.000000e+00   1.086700e+05   1680s
  102540    7.8114297e+02   0.000000e+00   1.004829e+04   1687s
  102770    7.8114289e+02   0.000000e+00   9.776417e+04   1693s
  102890    7.8114284e+02   0.000000e+00   5.303730e+04   1696s
  103120    7.8114275e+02   0.000000e+00   5.791124e+04   1702s
  103340    7.8114267e+02   0.000000e+00   1.977648e+05   1708s
  103440    7.8114263e+02   0.000000e+00   2.831471e+04   1711s
  103680    7.8114255e+02   0.000000e+00   9.688494e+04   1717s
  103930    7.8114239e+02   0.000000e+00   1.392408e+05   1723s
  104030    7.8114233e+02   0.000000e+00   5.428192e+05   1726s
  104260    7.8114214e+02   0.000000e+00   1.664952e+05   1732s
  104490    7.8114203e+02   0.000000e+00   9.376981e+04   1738s
  104600    7.8114198e+02   0.000000e+00   5.166681e+04   1741s
  104820    7.8114192e+02   0.000000e+00   1.239444e+04   1746s
  105040    7.8114183e+02   0.000000e+00   9.332876e+03   1753s
  105150    7.8114179e+02   0.000000e+00   1.448439e+05   1756s
  105370    7.8114172e+02   0.000000e+00   5.257327e+03   1762s
  105580    7.8114166e+02   0.000000e+00   9.723666e+04   1768s
  105700    7.8114161e+02   0.000000e+00   7.591291e+04   1771s
  105910    7.8114151e+02   0.000000e+00   1.062545e+05   1777s
  106130    7.8114141e+02   0.000000e+00   2.159813e+04   1783s
  106230    7.8114138e+02   0.000000e+00   1.307993e+04   1786s
  106440    7.8114130e+02   0.000000e+00   2.085165e+05   1792s
  106580    7.8114124e+02   0.000000e+00   3.525490e+04   1795s
  106830    7.8114114e+02   0.000000e+00   9.942699e+03   1801s
  107070    7.8114106e+02   0.000000e+00   4.179607e+05   1807s
  107170    7.8114099e+02   0.000000e+00   2.394326e+04   1810s
  107380    7.8114087e+02   0.000000e+00   2.954011e+04   1816s
  107630    7.8114073e+02   0.000000e+00   4.340629e+05   1823s
  107770    7.8114065e+02   0.000000e+00   2.725289e+05   1826s
  108010    7.8114040e+02   0.000000e+00   1.420295e+06   1832s
  108260    7.8114020e+02   0.000000e+00   3.405237e+05   1838s
  108390    7.8114011e+02   0.000000e+00   1.926679e+05   1841s
  108650    7.8113977e+02   0.000000e+00   6.030415e+06   1847s
  108750    7.8113960e+02   0.000000e+00   1.815457e+04   1850s
  109050    7.8113954e+02   0.000000e+00   8.194260e+04   1860s
  109150    7.8113952e+02   0.000000e+00   2.408856e+04   1863s
  109250    7.8113950e+02   0.000000e+00   2.175796e+04   1866s
  109450    7.8113945e+02   0.000000e+00   2.353986e+04   1872s
  109550    7.8113944e+02   0.000000e+00   5.889779e+03   1875s
  109760    7.8113941e+02   0.000000e+00   1.338772e+04   1881s
  109960    7.8113936e+02   0.000000e+00   1.066061e+04   1887s
  110070    7.8113933e+02   0.000000e+00   7.001833e+04   1891s
  110270    7.8113928e+02   0.000000e+00   1.056729e+04   1897s
  110380    7.8113926e+02   0.000000e+00   1.354926e+04   1900s
  110590    7.8113919e+02   0.000000e+00   2.993446e+04   1906s
  110790    7.8113914e+02   0.000000e+00   1.629315e+04   1913s
  110900    7.8113910e+02   0.000000e+00   9.560631e+03   1916s
  111120    7.8113905e+02   0.000000e+00   2.088045e+04   1922s
  111220    7.8113902e+02   0.000000e+00   1.242500e+05   1925s
  111420    7.8113895e+02   0.000000e+00   2.853482e+04   1931s
  111640    7.8113886e+02   0.000000e+00   2.752784e+04   1937s
  111750    7.8113882e+02   0.000000e+00   3.108419e+04   1941s
  111970    7.8113872e+02   0.000000e+00   1.422359e+04   1947s
  112180    7.8113861e+02   0.000000e+00   3.672938e+04   1953s
  112290    7.8113858e+02   0.000000e+00   5.978260e+04   1956s
  112520    7.8113850e+02   0.000000e+00   6.660892e+04   1963s
  112630    7.8113846e+02   0.000000e+00   7.196778e+04   1966s
  112860    7.8113839e+02   0.000000e+00   1.460462e+05   1972s
  112970    7.8113836e+02   0.000000e+00   5.499655e+04   1975s
  113220    7.8113826e+02   0.000000e+00   1.368340e+05   1981s
  113460    7.8113814e+02   0.000000e+00   5.141187e+03   1987s
  113590    7.8113810e+02   0.000000e+00   1.196960e+04   1990s
  113820    7.8113800e+02   0.000000e+00   2.998488e+04   1996s
  114040    7.8113794e+02   0.000000e+00   2.044101e+05   2003s
  114140    7.8113791e+02   0.000000e+00   1.556357e+05   2006s
  114350    7.8113783e+02   0.000000e+00   3.451090e+05   2012s
  114450    7.8113781e+02   0.000000e+00   5.584492e+03   2015s
  114670    7.8113778e+02   0.000000e+00   6.635557e+03   2021s
  114870    7.8113775e+02   0.000000e+00   4.440126e+04   2027s
  114970    7.8113774e+02   0.000000e+00   6.267233e+04   2030s
  115200    7.8113768e+02   0.000000e+00   2.851592e+04   2037s
  115420    7.8113765e+02   0.000000e+00   2.326827e+04   2043s
  115530    7.8113763e+02   0.000000e+00   3.361064e+04   2046s
  115750    7.8113760e+02   0.000000e+00   4.067723e+03   2052s
  115850    7.8113759e+02   0.000000e+00   1.712029e+04   2056s
  116070    7.8113756e+02   0.000000e+00   4.297822e+03   2062s
  116390    7.8113752e+02   0.000000e+00   1.250833e+04   2071s
  116590    7.8113750e+02   0.000000e+00   1.324715e+04   2077s
  116800    7.8113747e+02   0.000000e+00   3.219356e+03   2083s
  116920    7.8113744e+02   0.000000e+00   9.749478e+03   2086s
  117250    7.8113737e+02   0.000000e+00   7.009824e+03   2095s
  117380    7.8113735e+02   0.000000e+00   2.029569e+04   2098s
  117500    7.8113732e+02   0.000000e+00   1.258808e+04   2101s
  117760    7.8113725e+02   0.000000e+00   1.119646e+04   2107s
  118010    7.8113712e+02   0.000000e+00   2.468801e+04   2113s
  118120    7.8113708e+02   0.000000e+00   4.801625e+04   2116s
  118350    7.8113699e+02   0.000000e+00   1.406945e+05   2122s
  118590    7.8113691e+02   0.000000e+00   2.666042e+04   2127s
  118730    7.8113685e+02   0.000000e+00   1.298837e+04   2131s
  118950    7.8113672e+02   0.000000e+00   1.296303e+06   2137s
  119200    7.8113665e+02   0.000000e+00   2.057878e+04   2143s
  119330    7.8113659e+02   0.000000e+00   1.115757e+04   2146s
  119570    7.8113647e+02   0.000000e+00   1.325979e+05   2152s
  119680    7.8113640e+02   0.000000e+00   6.655805e+04   2155s
  119910    7.8113628e+02   0.000000e+00   1.385387e+05   2161s
  120150    7.8113616e+02   0.000000e+00   5.359698e+04   2167s
  120270    7.8113609e+02   0.000000e+00   1.565643e+05   2170s
  120500    7.8113597e+02   0.000000e+00   3.083170e+05   2177s
  120740    7.8113583e+02   0.000000e+00   6.938890e+04   2183s
  120860    7.8113569e+02   0.000000e+00   3.825512e+04   2186s
  121110    7.8113535e+02   0.000000e+00   4.088929e+04   2193s
  121230    7.8113528e+02   0.000000e+00   1.639510e+06   2196s
  121480    7.8113499e+02   0.000000e+00   2.033273e+05   2203s
  121600    7.8113488e+02   0.000000e+00   3.232492e+04   2206s
  121800    7.8113481e+02   0.000000e+00   7.968224e+03   2212s
  121900    7.8113480e+02   0.000000e+00   8.627183e+03   2216s
  122120    7.8113476e+02   0.000000e+00   5.348320e+03   2222s
  122220    7.8113474e+02   0.000000e+00   3.731028e+04   2225s
  122440    7.8113469e+02   0.000000e+00   5.216005e+03   2232s
  122660    7.8113465e+02   0.000000e+00   5.508658e+04   2238s
  122770    7.8113460e+02   0.000000e+00   3.035859e+04   2241s
  123000    7.8113446e+02   0.000000e+00   3.921175e+04   2247s
  123120    7.8113441e+02   0.000000e+00   1.996830e+04   2250s
  123340    7.8113435e+02   0.000000e+00   6.208000e+04   2256s
  123560    7.8113423e+02   0.000000e+00   4.910535e+04   2263s
  123680    7.8113420e+02   0.000000e+00   4.644031e+04   2266s
  123900    7.8113414e+02   0.000000e+00   4.814707e+04   2272s
  124120    7.8113407e+02   0.000000e+00   6.300074e+04   2278s
  124240    7.8113405e+02   0.000000e+00   7.523338e+03   2281s
  124490    7.8113397e+02   0.000000e+00   3.052212e+04   2287s
  124610    7.8113393e+02   0.000000e+00   3.034234e+03   2290s
  124850    7.8113390e+02   0.000000e+00   4.748048e+03   2297s
  125080    7.8113385e+02   0.000000e+00   1.293422e+04   2303s
  125220    7.8113381e+02   0.000000e+00   1.143853e+04   2306s
  125450    7.8113376e+02   0.000000e+00   5.531365e+03   2311s
  125690    7.8113369e+02   0.000000e+00   2.122633e+04   2318s
  125800    7.8113366e+02   0.000000e+00   5.840027e+04   2321s
  126030    7.8113362e+02   0.000000e+00   3.103943e+04   2327s
  126300    7.8113358e+02   0.000000e+00   1.459869e+04   2333s
  126420    7.8113357e+02   0.000000e+00   2.268617e+03   2336s
  126670    7.8113355e+02   0.000000e+00   5.116843e+03   2342s
  126790    7.8113354e+02   0.000000e+00   2.085476e+03   2345s
  127020    7.8113352e+02   0.000000e+00   1.662631e+03   2352s
  127250    7.8113350e+02   0.000000e+00   3.005439e+04   2358s
  127370    7.8113348e+02   0.000000e+00   2.413908e+04   2361s
  127610    7.8113344e+02   0.000000e+00   1.024533e+04   2367s
  127740    7.8113342e+02   0.000000e+00   6.802013e+03   2370s
  127970    7.8113339e+02   0.000000e+00   1.766743e+04   2376s
  128210    7.8113335e+02   0.000000e+00   1.250769e+04   2382s
  128330    7.8113333e+02   0.000000e+00   1.172098e+04   2385s
  128540    7.8113331e+02   0.000000e+00   3.151514e+03   2392s
  128780    7.8113326e+02   0.000000e+00   2.562214e+04   2398s
  128900    7.8113325e+02   0.000000e+00   3.759295e+03   2401s
  129120    7.8113322e+02   0.000000e+00   3.365598e+03   2407s
  129240    7.8113321e+02   0.000000e+00   3.152046e+03   2410s
  129470    7.8113318e+02   0.000000e+00   1.687959e+04   2416s
  129690    7.8113316e+02   0.000000e+00   2.288896e+03   2422s
  129800    7.8113315e+02   0.000000e+00   1.078736e+04   2425s
  130070    7.8113308e+02   0.000000e+00   3.636282e+03   2431s
  130330    7.8113305e+02   0.000000e+00   1.972922e+03   2437s
  130440    7.8113305e+02   0.000000e+00   1.791327e+03   2440s
  130670    7.8113302e+02   0.000000e+00   3.376081e+03   2447s
  130900    7.8113301e+02   0.000000e+00   2.764219e+04   2452s
  131010    7.8113299e+02   0.000000e+00   6.261841e+03   2456s
  131270    7.8113295e+02   0.000000e+00   1.380257e+04   2462s
  131510    7.8113290e+02   0.000000e+00   1.536311e+04   2468s
  131620    7.8113287e+02   0.000000e+00   7.728409e+04   2471s
  131870    7.8113276e+02   0.000000e+00   1.847264e+03   2477s
  132000    7.8113271e+02   0.000000e+00   3.212900e+04   2480s
  132250    7.8113258e+02   0.000000e+00   1.441672e+04   2486s
  132510    7.8113241e+02   0.000000e+00   5.945337e+04   2493s
  132640    7.8113232e+02   0.000000e+00   2.873798e+05   2496s
  132900    7.8113220e+02   0.000000e+00   2.265972e+04   2503s
  133020    7.8113215e+02   0.000000e+00   1.080252e+03   2506s
  133240    7.8113212e+02   0.000000e+00   1.217853e+04   2512s
  133350    7.8113209e+02   0.000000e+00   4.106076e+04   2515s
  133580    7.8113201e+02   0.000000e+00   2.171553e+04   2522s
  133700    7.8113197e+02   0.000000e+00   2.013524e+04   2525s
  133950    7.8113192e+02   0.000000e+00   2.991497e+03   2532s
  134180    7.8113189e+02   0.000000e+00   4.621412e+03   2538s
  134300    7.8113188e+02   0.000000e+00   4.104309e+03   2541s
  134520    7.8113185e+02   0.000000e+00   4.148029e+03   2547s
  134760    7.8113183e+02   0.000000e+00   9.647645e+03   2553s
  134880    7.8113181e+02   0.000000e+00   3.865665e+04   2556s
  135120    7.8113178e+02   0.000000e+00   2.949098e+03   2562s
  135250    7.8113176e+02   0.000000e+00   2.560357e+03   2565s
  135510    7.8113172e+02   0.000000e+00   3.138757e+03   2571s
  135780    7.8113168e+02   0.000000e+00   1.239824e+03   2578s
  135920    7.8113167e+02   0.000000e+00   2.290987e+03   2581s
  136150    7.8113165e+02   0.000000e+00   4.654796e+03   2587s
  136390    7.8113162e+02   0.000000e+00   2.448654e+03   2593s
  136520    7.8113161e+02   0.000000e+00   1.530143e+03   2596s
  136770    7.8113159e+02   0.000000e+00   7.969529e+02   2602s
  136920    7.8113158e+02   0.000000e+00   2.939129e+02   2605s
  137190    7.8113156e+02   0.000000e+00   1.091445e+03   2611s
  137590    7.8113154e+02   0.000000e+00   1.435162e+03   2620s
  137950    7.8113150e+02   0.000000e+00   1.112009e+04   2628s
  138100    7.8113148e+02   0.000000e+00   6.030752e+04   2632s
  138260    7.8113145e+02   0.000000e+00   4.576326e+04   2635s
  138540    7.8113140e+02   0.000000e+00   4.910362e+03   2641s
  138940    7.8113136e+02   0.000000e+00   6.666101e+03   2650s
  139120    7.8113132e+02   0.000000e+00   1.201569e+04   2655s
  139420    7.8113124e+02   0.000000e+00   1.295583e+04   2663s
  139550    7.8113122e+02   0.000000e+00   9.434610e+03   2666s
  139820    7.8113113e+02   0.000000e+00   8.545195e+05   2672s
  139940    7.8113108e+02   0.000000e+00   4.814940e+04   2676s
  140150    7.8113101e+02   0.000000e+00   1.713713e+04   2680s
  140460    7.8113093e+02   0.000000e+00   1.980482e+05   2688s
  140590    7.8113090e+02   0.000000e+00   8.638176e+04   2691s
  140840    7.8113085e+02   0.000000e+00   4.764752e+03   2697s
  140970    7.8113084e+02   0.000000e+00   1.027381e+03   2701s
  141210    7.8113079e+02   0.000000e+00   2.714281e+04   2707s
  141340    7.8113076e+02   0.000000e+00   9.232701e+03   2710s
  141600    7.8113067e+02   0.000000e+00   1.059786e+04   2717s
  141870    7.8113055e+02   0.000000e+00   3.992993e+03   2723s
  142000    7.8113050e+02   0.000000e+00   1.925391e+04   2726s
  142280    7.8113043e+02   0.000000e+00   4.247221e+03   2733s
  142400    7.8113036e+02   0.000000e+00   6.319737e+03   2736s
  142650    7.8113026e+02   0.000000e+00   6.627300e+03   2742s
  142830    7.8113024e+02   0.000000e+00   4.787243e+03   2747s
  143000    7.8113021e+02   0.000000e+00   7.626502e+03   2751s
  143270    7.8113018e+02   0.000000e+00   2.971651e+03   2757s
  143400    7.8113016e+02   0.000000e+00   8.224288e+03   2761s
  143660    7.8113011e+02   0.000000e+00   3.553708e+03   2767s
  143800    7.8113007e+02   0.000000e+00   2.584281e+04   2770s
  144050    7.8113002e+02   0.000000e+00   1.240711e+03   2777s
  144320    7.8112994e+02   0.000000e+00   1.542384e+05   2783s
  144440    7.8112992e+02   0.000000e+00   8.839305e+03   2786s
  144690    7.8112989e+02   0.000000e+00   3.275396e+03   2793s
  144820    7.8112988e+02   0.000000e+00   5.623035e+03   2796s
  145030    7.8112985e+02   0.000000e+00   3.670040e+02   2802s
  145130    7.8112985e+02   0.000000e+00   1.628536e+03   2805s
  145340    7.8112984e+02   0.000000e+00   1.858680e+03   2811s
  145580    7.8112983e+02   0.000000e+00   8.686876e+02   2818s
  145690    7.8112983e+02   0.000000e+00   6.242572e+02   2821s
  145900    7.8112982e+02   0.000000e+00   3.259597e+03   2827s
  146020    7.8112981e+02   0.000000e+00   7.032890e+03   2830s
  146250    7.8112979e+02   0.000000e+00   2.696184e+03   2837s
  146500    7.8112978e+02   0.000000e+00   1.903508e+02   2843s
  146630    7.8112978e+02   0.000000e+00   9.326866e+02   2846s
  146890    7.8112977e+02   0.000000e+00   4.485555e+03   2853s
  147030    7.8112976e+02   0.000000e+00   3.347796e+02   2856s
  147300    7.8112973e+02   0.000000e+00   1.623818e+04   2862s
  147550    7.8112971e+02   0.000000e+00   4.952313e+03   2868s
  147680    7.8112970e+02   0.000000e+00   5.124806e+03   2871s
  147930    7.8112968e+02   0.000000e+00   2.047580e+03   2878s
  148070    7.8112967e+02   0.000000e+00   1.160406e+03   2881s
  148340    7.8112965e+02   0.000000e+00   1.040882e+03   2887s
  148600    7.8112964e+02   0.000000e+00   2.688008e+03   2893s
  148730    7.8112963e+02   0.000000e+00   4.798600e+02   2896s
  149020    7.8112961e+02   0.000000e+00   3.430947e+02   2902s
  149300    7.8112959e+02   0.000000e+00   4.724736e+02   2908s
  149420    7.8112958e+02   0.000000e+00   2.202223e+02   2911s
  149670    7.8112957e+02   0.000000e+00   5.218527e+03   2917s
  149780    7.8112956e+02   0.000000e+00   9.586794e+02   2920s
  150060    7.8112954e+02   0.000000e+00   3.875652e+04   2927s
  150340    7.8112953e+02   0.000000e+00   3.686422e+04   2933s
  150480    7.8112952e+02   0.000000e+00   3.950696e+03   2936s
  150750    7.8112951e+02   0.000000e+00   2.778160e+02   2942s
  150890    7.8112951e+02   0.000000e+00   5.464770e+02   2945s
  151150    7.8112948e+02   0.000000e+00   7.929619e+03   2951s
  151390    7.8112947e+02   0.000000e+00   2.487860e+02   2957s
  151510    7.8112946e+02   0.000000e+00   1.602624e+02   2960s
  151790    7.8112944e+02   0.000000e+00   1.543863e+03   2967s
  152060    7.8112942e+02   0.000000e+00   1.079951e+03   2973s
  152190    7.8112941e+02   0.000000e+00   3.973455e+02   2976s
  152430    7.8112940e+02   0.000000e+00   2.058792e+03   2982s
  152570    7.8112938e+02   0.000000e+00   1.380681e+03   2986s
  152840    7.8112936e+02   0.000000e+00   4.526591e+02   2992s
  152970    7.8112934e+02   0.000000e+00   9.915143e+03   2995s
  153260    7.8112932e+02   0.000000e+00   2.955935e+03   3002s
  153540    7.8112930e+02   0.000000e+00   7.030707e+02   3008s
  153670    7.8112928e+02   0.000000e+00   4.893129e+03   3011s
  153930    7.8112925e+02   0.000000e+00   6.462463e+02   3017s
  154060    7.8112924e+02   0.000000e+00   2.876163e+03   3020s
  154320    7.8112922e+02   0.000000e+00   5.485731e+02   3027s
  154580    7.8112920e+02   0.000000e+00   3.010419e+02   3033s
  154690    7.8112920e+02   0.000000e+00   4.077157e+02   3036s
  154960    7.8112919e+02   0.000000e+00   7.607321e+02   3043s
  155090    7.8112918e+02   0.000000e+00   1.166555e+03   3046s
  155350    7.8112917e+02   0.000000e+00   5.058203e+03   3052s
  155480    7.8112916e+02   0.000000e+00   1.457228e+04   3055s
  155700    7.8112915e+02   0.000000e+00   8.602816e+02   3062s
  155990    7.8112913e+02   0.000000e+00   6.009205e+02   3068s
  156200    7.8112909e+02   0.000000e+00   9.658591e+03   3072s
  156380    7.8112907e+02   0.000000e+00   1.360866e+03   3077s
  156530    7.8112906e+02   0.000000e+00   1.207482e+03   3080s
  156820    7.8112903e+02   0.000000e+00   8.109687e+03   3087s
  156970    7.8112902e+02   0.000000e+00   1.540314e+03   3090s
  157240    7.8112900e+02   0.000000e+00   3.415356e+03   3096s
  157510    7.8112897e+02   0.000000e+00   9.239020e+03   3103s
  157630    7.8112896e+02   0.000000e+00   1.169473e+03   3106s
  157950    7.8112893e+02   0.000000e+00   8.757593e+02   3112s
  158090    7.8112893e+02   0.000000e+00   8.558903e+03   3115s
  158370    7.8112891e+02   0.000000e+00   1.370328e+04   3122s
  158660    7.8112890e+02   0.000000e+00   1.577858e+02   3128s
  158780    7.8112889e+02   0.000000e+00   2.363169e+03   3131s
  159060    7.8112887e+02   0.000000e+00   5.376292e+02   3137s
  159200    7.8112886e+02   0.000000e+00   1.506329e+03   3140s
  159460    7.8112885e+02   0.000000e+00   2.172911e+02   3146s
  159740    7.8112884e+02   0.000000e+00   1.083576e+03   3153s
  159870    7.8112883e+02   0.000000e+00   1.163564e+02   3156s
  160130    7.8112882e+02   0.000000e+00   2.716565e+03   3162s
  160270    7.8112881e+02   0.000000e+00   3.099146e+03   3165s
  160560    7.8112880e+02   0.000000e+00   6.066312e+03   3172s
  160810    7.8112878e+02   0.000000e+00   3.170376e+03   3178s
  160950    7.8112877e+02   0.000000e+00   1.873365e+03   3181s
  161240    7.8112875e+02   0.000000e+00   2.451987e+02   3187s
  161390    7.8112874e+02   0.000000e+00   3.231993e+03   3190s
  161650    7.8112873e+02   0.000000e+00   8.077906e+04   3197s
  161930    7.8112871e+02   0.000000e+00   5.215067e+03   3203s
  162070    7.8112871e+02   0.000000e+00   4.527419e+03   3206s
  162340    7.8112870e+02   0.000000e+00   2.215899e+03   3212s
  162480    7.8112869e+02   0.000000e+00   2.075506e+03   3215s
  162760    7.8112867e+02   0.000000e+00   3.897869e+04   3221s
  163040    7.8112865e+02   0.000000e+00   5.148581e+02   3228s
  163180    7.8112865e+02   0.000000e+00   3.139458e+02   3231s
  163490    7.8112864e+02   0.000000e+00   2.196891e+03   3237s
  163630    7.8112863e+02   0.000000e+00   7.300562e+03   3240s
  163910    7.8112861e+02   0.000000e+00   3.617454e+02   3246s
  164200    7.8112859e+02   0.000000e+00   1.364744e+03   3253s
  164330    7.8112858e+02   0.000000e+00   1.866877e+03   3256s
  164620    7.8112857e+02   0.000000e+00   4.283413e+02   3262s
  164770    7.8112857e+02   0.000000e+00   7.119175e+02   3265s
  165050    7.8112855e+02   0.000000e+00   6.064865e+02   3271s
  165260    7.8112854e+02   0.000000e+00   1.796326e+02   3278s
  165370    7.8112854e+02   0.000000e+00   1.914702e+02   3281s
  165630    7.8112854e+02   0.000000e+00   5.361999e+02   3287s
  165900    7.8112853e+02   0.000000e+00   1.303167e+02   3293s
  166030    7.8112853e+02   0.000000e+00   2.296240e+02   3296s
  166320    7.8112852e+02   0.000000e+00   5.064399e+02   3302s
  166460    7.8112852e+02   0.000000e+00   1.461472e+02   3305s
  166740    7.8112851e+02   0.000000e+00   1.713979e+02   3311s
  167030    7.8112850e+02   0.000000e+00   7.124674e+02   3318s
  167160    7.8112849e+02   0.000000e+00   2.934703e+01   3321s
  167450    7.8112848e+02   0.000000e+00   3.243360e+02   3327s
  167590    7.8112848e+02   0.000000e+00   2.608946e+03   3330s
  167870    7.8112846e+02   0.000000e+00   3.354286e+02   3336s
  168150    7.8112846e+02   0.000000e+00   6.095162e+01   3343s
  168340    7.8112845e+02   0.000000e+00   1.288131e+02   3347s
  168530    7.8112844e+02   0.000000e+00   9.169372e+02   3351s
  168990    7.8112842e+02   0.000000e+00   7.503740e+02   3359s
  169190    7.8112841e+02   0.000000e+00   1.669680e+02   3363s
  169370    7.8112840e+02   0.000000e+00   2.240901e+02   3367s
  169510    7.8112840e+02   0.000000e+00   2.700259e+02   3370s
  169960    7.8112838e+02   0.000000e+00   1.473647e+02   3379s
  170110    7.8112837e+02   0.000000e+00   9.414486e+02   3382s
  170280    7.8112836e+02   0.000000e+00   6.202611e+02   3386s
  170580    7.8112834e+02   0.000000e+00   5.823190e+02   3392s
  170870    7.8112833e+02   0.000000e+00   3.665568e+02   3398s
  171030    7.8112833e+02   0.000000e+00   4.073687e+02   3401s
  171320    7.8112831e+02   0.000000e+00   1.096038e+04   3407s
  171470    7.8112830e+02   0.000000e+00   1.225142e+02   3410s
  171730    7.8112829e+02   0.000000e+00   1.849957e+02   3416s
  172030    7.8112828e+02   0.000000e+00   4.519926e+01   3422s
  172180    7.8112827e+02   0.000000e+00   4.363088e+02   3425s
  172480    7.8112826e+02   0.000000e+00   3.858458e+02   3432s
  172790    7.8112825e+02   0.000000e+00   4.514636e+02   3438s
  172960    7.8112824e+02   0.000000e+00   9.833263e+01   3441s
  173150    7.8112824e+02   0.000000e+00   3.019365e+01   3445s
  173490    7.8112824e+02   0.000000e+00   6.281229e+01   3452s
  173640    7.8112823e+02   0.000000e+00   1.239266e+02   3456s
  173960    7.8112822e+02   0.000000e+00   6.215732e+02   3461s
  174290    7.8112822e+02   0.000000e+00   2.985430e+02   3468s
  174460    7.8112821e+02   0.000000e+00   2.019600e+02   3471s
  174760    7.8112820e+02   0.000000e+00   1.239690e+02   3477s
  175060    7.8112820e+02   0.000000e+00   8.488551e+01   3483s
  175352    7.8112819e+02   0.000000e+00   2.411410e+02   3489s
  175562    7.8112818e+02   0.000000e+00   3.932855e+01   3493s
  175762    7.8112818e+02   0.000000e+00   4.397553e+04   3497s
  175942    7.8112817e+02   0.000000e+00   4.044240e+01   3501s
  176292    7.8112816e+02   0.000000e+00   4.383784e+01   3507s
  176542    7.8112816e+02   0.000000e+00   1.983072e+02   3511s
  176722    7.8112815e+02   0.000000e+00   4.211777e+01   3515s
  177052    7.8112815e+02   0.000000e+00   2.302337e+01   3522s
  177222    7.8112814e+02   0.000000e+00   2.252077e+02   3525s
  177752    7.8112812e+02   0.000000e+00   5.421128e+01   3535s
  178044    7.8112811e+02   0.000000e+00   1.529612e+02   3540s
  178284    7.8112810e+02   0.000000e+00   1.849952e+02   3544s
  178474    7.8112810e+02   0.000000e+00   2.031861e+03   3548s
  178674    7.8112809e+02   0.000000e+00   3.112894e+02   3551s
  178994    7.8112808e+02   0.000000e+00   2.215763e+02   3558s
  179134    7.8112808e+02   0.000000e+00   1.036196e+02   3561s
  179444    7.8112807e+02   0.000000e+00   5.209680e+02   3567s
  179594    7.8112807e+02   0.000000e+00   6.624876e+03   3570s
  179894    7.8112806e+02   0.000000e+00   2.132978e+02   3576s
  180204    7.8112804e+02   0.000000e+00   1.734676e+02   3582s
  180344    7.8112804e+02   0.000000e+00   2.831865e+02   3585s
  180634    7.8112803e+02   0.000000e+00   2.832079e+02   3592s
  180924    7.8112802e+02   0.000000e+00   8.730401e+02   3598s
  181074    7.8112801e+02   0.000000e+00   2.405201e+02   3601s
  181364    7.8112800e+02   0.000000e+00   2.722521e+01   3607s
  181524    7.8112800e+02   0.000000e+00   1.058437e+02   3610s
  181814    7.8112799e+02   0.000000e+00   6.665950e+02   3616s
  182114    7.8112798e+02   0.000000e+00   1.056307e+02   3623s
  182274    7.8112798e+02   0.000000e+00   9.285033e+01   3626s
  182564    7.8112798e+02   0.000000e+00   4.290014e+01   3631s
  182784    7.8112798e+02   0.000000e+00   1.758407e+01   3636s
  182964    7.8112797e+02   0.000000e+00   1.717171e+01   3640s
  183434    7.8112797e+02   0.000000e+00   3.014951e+01   3649s
  183684    7.8112796e+02   0.000000e+00   7.555408e+01   3653s
  183884    7.8112796e+02   0.000000e+00   2.015398e+01   3657s
  184154    7.8112796e+02   0.000000e+00   7.739127e+01   3662s
  184364    7.8112796e+02   0.000000e+00   1.583057e+02   3666s
  184634    7.8112795e+02   0.000000e+00   1.587766e+02   3671s
  184926    7.8112795e+02   0.000000e+00   1.543014e+02   3677s
  185206    7.8112794e+02   0.000000e+00   5.985084e+02   3682s
  185406    7.8112794e+02   0.000000e+00   1.081493e+01   3686s
  185676    7.8112793e+02   0.000000e+00   6.963048e+01   3691s
  185876    7.8112793e+02   0.000000e+00   1.293715e+01   3695s
  186286    7.8112792e+02   0.000000e+00   2.378778e+02   3704s
  186496    7.8112792e+02   0.000000e+00   6.215438e+01   3708s
  186788    7.8112792e+02   0.000000e+00   1.803233e+02   3712s
  187048    7.8112791e+02   0.000000e+00   1.231330e+01   3717s
  187248    7.8112791e+02   0.000000e+00   4.897985e+01   3721s
  187528    7.8112790e+02   0.000000e+00   2.397949e+02   3726s
  187820    7.8112790e+02   0.000000e+00   5.218852e+01   3731s
  188112    7.8112790e+02   0.000000e+00   9.633961e+01   3736s
  188332    7.8112789e+02   0.000000e+00   1.863760e+01   3740s
  188824    7.8112788e+02   0.000000e+00   2.522930e+00   3749s
  189116    7.8112788e+02   0.000000e+00   1.978812e+01   3754s
  189366    7.8112787e+02   0.000000e+00   4.244872e+01   3759s
  189576    7.8112787e+02   0.000000e+00   3.006557e+02   3763s
  189756    7.8112787e+02   0.000000e+00   9.449113e+01   3766s
  190076    7.8112786e+02   0.000000e+00   3.650135e+01   3773s
  190226    7.8112786e+02   0.000000e+00   1.322172e+01   3776s
  190526    7.8112786e+02   0.000000e+00   2.056450e+01   3782s
  190846    7.8112785e+02   0.000000e+00   2.081050e+00   3788s
  191136    7.8112785e+02   0.000000e+00   1.198031e+00   3794s
  191366    7.8112785e+02   0.000000e+00   6.578726e+00   3798s
  191658    7.8112785e+02   0.000000e+00   2.476523e+01   3803s
  191950    7.8112785e+02   0.000000e+00   9.547329e+00   3808s
  192242    7.8112784e+02   0.000000e+00   1.235626e+01   3813s
  192512    7.8112784e+02   0.000000e+00   1.058898e+01   3818s
  192712    7.8112784e+02   0.000000e+00   1.172356e+00   3822s
  192882    7.8112784e+02   0.000000e+00   9.963726e+00   3826s
  193202    7.8112784e+02   0.000000e+00   6.489207e+00   3833s
  193494    7.8112784e+02   0.000000e+00   7.271480e+00   3838s
  193714    7.8112784e+02   0.000000e+00   7.661003e-01   3843s
  193914    7.8112784e+02   0.000000e+00   2.209515e+01   3846s
  194204    7.8112784e+02   0.000000e+00   4.827086e+02   3851s
  194684    7.8112783e+02   0.000000e+00   2.208307e-01   3860s
  194974    7.8112783e+02   0.000000e+00   3.958429e-01   3865s
  195266    7.8112783e+02   0.000000e+00   1.174318e-01   3870s
  195676    7.8112783e+02   0.000000e+00   3.642403e-02   3878s
  195946    7.8112783e+02   0.000000e+00   1.430197e-02   3883s
  196238    7.8112783e+02   0.000000e+00   1.891093e-02   3888s
  196468    7.8112783e+02   0.000000e+00   2.185306e-03   3892s
  196738    7.8112783e+02   0.000000e+00   2.135630e-02   3897s
  196913    7.8117903e+02   3.050728e+04   0.000000e+00   3901s
  197183    7.8117916e+02   2.054675e+03   0.000000e+00   3906s
  197475    7.8117921e+02   7.739860e+04   0.000000e+00   3911s
  197745    7.8117927e+02   1.532422e+04   0.000000e+00   3916s
  198267    7.8117935e+02   6.230153e+03   0.000000e+00   3925s
  198487    7.8117939e+02   4.241007e+04   0.000000e+00   3929s
  198779    7.8117943e+02   1.817161e+04   0.000000e+00   3934s
  199071    7.8117949e+02   1.095404e+04   0.000000e+00   3940s
  199363    7.8117955e+02   1.050228e+04   0.000000e+00   3945s
  199655    7.8117961e+02   2.631507e+04   0.000000e+00   3950s
  199947    7.8117966e+02   3.491023e+04   0.000000e+00   3956s
  200239    7.8117973e+02   4.760514e+04   0.000000e+00   3961s
  200531    7.8117979e+02   9.006709e+04   0.000000e+00   3966s
  200821    7.8117984e+02   1.204847e+04   0.000000e+00   3972s
  201051    7.8117988e+02   1.248802e+04   0.000000e+00   3976s
  201251    7.8117991e+02   1.153965e+04   0.000000e+00   3980s
  201541    7.8117996e+02   8.860837e+03   0.000000e+00   3986s
  201833    7.8118000e+02   2.190196e+04   0.000000e+00   3992s
  202125    7.8118006e+02   3.236044e+04   0.000000e+00   3998s
  202395    7.8118010e+02   5.279850e+04   0.000000e+00   4003s
  202605    7.8118013e+02   2.005063e+04   0.000000e+00   4007s
  202805    7.8118019e+02   3.131506e+03   0.000000e+00   4011s
  203085    7.8118023e+02   3.590219e+04   0.000000e+00   4017s
  203377    7.8118028e+02   4.794327e+03   0.000000e+00   4023s
  203669    7.8118031e+02   1.063688e+04   0.000000e+00   4029s
  203961    7.8118035e+02   1.684169e+04   0.000000e+00   4035s
  204253    7.8118042e+02   3.266384e+03   0.000000e+00   4041s
  204533    7.8118048e+02   1.314636e+04   0.000000e+00   4047s
  204825    7.8118053e+02   4.756177e+04   0.000000e+00   4053s
  205117    7.8118058e+02   2.492215e+04   0.000000e+00   4059s
  205377    7.8118063e+02   8.929089e+03   0.000000e+00   4064s
  205587    7.8118066e+02   2.948267e+04   0.000000e+00   4068s
  205777    7.8118069e+02   2.005353e+04   0.000000e+00   4072s
  206047    7.8118074e+02   7.292209e+04   0.000000e+00   4078s
  206267    7.8118078e+02   3.497787e+05   0.000000e+00   4083s
  206467    7.8118081e+02   4.706331e+03   0.000000e+00   4087s
  206657    7.8118083e+02   2.283191e+04   0.000000e+00   4091s
  206917    7.8118085e+02   6.365724e+02   0.000000e+00   4096s
  207209    7.8118087e+02   6.541246e+02   0.000000e+00   4102s
  207501    7.8118091e+02   1.632692e+04   0.000000e+00   4108s
  207761    7.8118093e+02   3.686126e+03   0.000000e+00   4113s
  207981    7.8118099e+02   8.372759e+03   0.000000e+00   4118s
  208261    7.8118105e+02   1.552072e+03   0.000000e+00   4124s
  208491    7.8118109e+02   6.100123e+03   0.000000e+00   4128s
  208781    7.8118114e+02   1.178768e+03   0.000000e+00   4134s
  209073    7.8118118e+02   7.905851e+03   0.000000e+00   4140s
  209333    7.8118122e+02   7.114914e+02   0.000000e+00   4146s
  209625    7.8118126e+02   3.355762e+03   0.000000e+00   4152s
  209917    7.8118128e+02   4.234206e+03   0.000000e+00   4159s
  210209    7.8118132e+02   1.568849e+03   0.000000e+00   4165s
  210469    7.8118134e+02   1.657484e+04   0.000000e+00   4171s
  210761    7.8118136e+02   4.456402e+03   0.000000e+00   4177s
  211053    7.8118139e+02   9.017126e+02   0.000000e+00   4183s
  211293    7.8118142e+02   1.689596e+03   0.000000e+00   4189s
  211585    7.8118145e+02   3.551947e+02   0.000000e+00   4195s
  211877    7.8118147e+02   1.758713e+03   0.000000e+00   4201s
  212137    7.8118149e+02   3.781150e+03   0.000000e+00   4206s
  212429    7.8118152e+02   5.653371e+03   0.000000e+00   4212s
  212669    7.8118154e+02   1.936663e+03   0.000000e+00   4218s
  212959    7.8118157e+02   5.500144e+03   0.000000e+00   4224s
  213251    7.8118159e+02   2.608261e+04   0.000000e+00   4230s
  213543    7.8118161e+02   1.972419e+03   0.000000e+00   4236s
  213835    7.8118163e+02   7.504722e+02   0.000000e+00   4242s
  214127    7.8118167e+02   2.017121e+03   0.000000e+00   4249s
  214397    7.8118170e+02   1.392302e+03   0.000000e+00   4254s
  214689    7.8118172e+02   1.144106e+03   0.000000e+00   4261s
  214981    7.8118174e+02   9.845721e+02   0.000000e+00   4267s
  215273    7.8118175e+02   1.601083e+03   0.000000e+00   4273s
  215543    7.8118176e+02   2.802144e+02   0.000000e+00   4279s
  215835    7.8118177e+02   1.852006e+03   0.000000e+00   4285s
  216085    7.8118179e+02   1.098616e+03   0.000000e+00   4290s
  216377    7.8118180e+02   3.524916e+02   0.000000e+00   4296s
  216669    7.8118181e+02   2.617367e+03   0.000000e+00   4303s
  216961    7.8118182e+02   1.664418e+02   0.000000e+00   4309s
  217201    7.8118183e+02   4.967078e+02   0.000000e+00   4314s
  217493    7.8118183e+02   5.870128e+03   0.000000e+00   4321s
  217743    7.8118184e+02   4.562400e+03   0.000000e+00   4326s
  217953    7.8118185e+02   1.396867e+02   0.000000e+00   4330s
  218413    7.8118186e+02   7.704115e+03   0.000000e+00   4340s
  218705    7.8118187e+02   6.078118e+01   0.000000e+00   4346s
  218955    7.8118187e+02   2.007678e+02   0.000000e+00   4352s
  219165    7.8118187e+02   2.752495e+02   0.000000e+00   4356s
  219355    7.8118188e+02   1.980823e+02   0.000000e+00   4360s
  219685    7.8118188e+02   2.105018e+02   0.000000e+00   4368s
  219855    7.8118188e+02   1.966601e+02   0.000000e+00   4371s
  220175    7.8118188e+02   2.463747e+01   0.000000e+00   4378s
  220445    7.8118189e+02   2.274869e+01   0.000000e+00   4384s
  220737    7.8118189e+02   2.187718e+00   0.000000e+00   4390s
  221029    7.8118189e+02   3.632230e+00   0.000000e+00   4396s
  221321    7.8118189e+02   2.818263e+00   0.000000e+00   4402s
  221613    7.8118189e+02   5.342116e-01   0.000000e+00   4408s
  221905    7.8118189e+02   3.260041e+01   0.000000e+00   4415s
  222185    7.8118189e+02   7.995336e-02   0.000000e+00   4420s
  222497    7.8118095e+02   0.000000e+00   6.572959e+02   4427s
  222647    7.8118093e+02   0.000000e+00   4.744149e+04   4432s
  222817    7.8118091e+02   0.000000e+00   3.094659e+02   4437s
  222947    7.8118091e+02   0.000000e+00   2.253541e+02   4441s
  223217    7.8118089e+02   0.000000e+00   1.644422e+02   4450s
  223337    7.8118089e+02   0.000000e+00   7.792332e+02   4454s
  223447    7.8118088e+02   0.000000e+00   3.872903e+02   4457s
  223597    7.8118088e+02   0.000000e+00   5.107478e+03   4462s
  223717    7.8118087e+02   0.000000e+00   3.809860e+02   4466s
  223927    7.8118087e+02   0.000000e+00   6.566576e+01   4473s
  224107    7.8118086e+02   0.000000e+00   5.399001e+02   4479s
  224287    7.8118085e+02   0.000000e+00   1.586308e+03   4485s
  224427    7.8118085e+02   0.000000e+00   1.397695e+03   4490s
  224647    7.8118083e+02   0.000000e+00   1.558709e+03   4498s
  224747    7.8118083e+02   0.000000e+00   1.523239e+03   4501s
  225027    7.8118080e+02   0.000000e+00   1.482054e+03   4511s
  225317    7.8118077e+02   0.000000e+00   2.778350e+04   4520s
  225467    7.8118074e+02   0.000000e+00   6.049954e+03   4525s
  225647    7.8118072e+02   0.000000e+00   5.684041e+03   4531s
  225777    7.8118071e+02   0.000000e+00   5.163772e+02   4536s
  225987    7.8118069e+02   0.000000e+00   6.923090e+03   4543s
  226177    7.8118067e+02   0.000000e+00   1.546928e+03   4550s
  226277    7.8118066e+02   0.000000e+00   1.221266e+04   4553s
  226457    7.8118064e+02   0.000000e+00   1.339687e+03   4559s
  226637    7.8118062e+02   0.000000e+00   8.813590e+03   4566s
  226817    7.8118060e+02   0.000000e+00   4.111765e+03   4572s
  227007    7.8118058e+02   0.000000e+00   1.425854e+03   4579s
  227187    7.8118056e+02   0.000000e+00   1.777559e+03   4585s
  227367    7.8118054e+02   0.000000e+00   2.534948e+03   4591s
  227547    7.8118053e+02   0.000000e+00   2.535395e+02   4598s
  227727    7.8118050e+02   0.000000e+00   5.212807e+03   4604s
  227907    7.8118048e+02   0.000000e+00   1.396002e+04   4610s
  228087    7.8118046e+02   0.000000e+00   2.839967e+03   4616s
  228267    7.8118044e+02   0.000000e+00   5.353683e+02   4623s
  228447    7.8118043e+02   0.000000e+00   1.124593e+03   4629s
  228777    7.8118041e+02   0.000000e+00   6.806164e+02   4640s
  228947    7.8118039e+02   0.000000e+00   9.767381e+04   4645s
  229187    7.8118037e+02   0.000000e+00   1.613198e+03   4654s
  229297    7.8118036e+02   0.000000e+00   2.360726e+03   4657s
  229397    7.8118035e+02   0.000000e+00   1.972761e+03   4661s
  229577    7.8118034e+02   0.000000e+00   7.271006e+02   4667s
  229757    7.8118033e+02   0.000000e+00   7.301289e+02   4674s
  229937    7.8118031e+02   0.000000e+00   8.239800e+02   4680s
  230137    7.8118030e+02   0.000000e+00   5.737697e+03   4687s
  230337    7.8118028e+02   0.000000e+00   3.982124e+02   4693s
  230477    7.8118027e+02   0.000000e+00   6.540498e+02   4698s
  230647    7.8118026e+02   0.000000e+00   1.759266e+03   4704s
  230777    7.8118026e+02   0.000000e+00   8.730968e+02   4709s
  230887    7.8118025e+02   0.000000e+00   1.709646e+02   4713s
  230987    7.8118024e+02   0.000000e+00   4.112584e+04   4716s
  231167    7.8118024e+02   0.000000e+00   2.799136e+03   4723s
  231347    7.8118022e+02   0.000000e+00   5.192221e+02   4729s
  231537    7.8118021e+02   0.000000e+00   8.486299e+02   4736s
  231717    7.8118019e+02   0.000000e+00   5.067248e+03   4743s
  231897    7.8118017e+02   0.000000e+00   2.119358e+04   4749s
  232187    7.8118015e+02   0.000000e+00   1.126922e+03   4759s
  232327    7.8118015e+02   0.000000e+00   3.841213e+04   4764s
  232447    7.8118014e+02   0.000000e+00   4.433171e+02   4768s
  232557    7.8118013e+02   0.000000e+00   1.349616e+03   4772s
  232737    7.8118012e+02   0.000000e+00   3.896285e+02   4778s
  232917    7.8118011e+02   0.000000e+00   1.687077e+02   4785s
  233097    7.8118010e+02   0.000000e+00   1.468236e+03   4791s
  233277    7.8118009e+02   0.000000e+00   1.396519e+03   4798s
  233467    7.8118008e+02   0.000000e+00   2.679978e+02   4804s
  233647    7.8118007e+02   0.000000e+00   1.205949e+04   4811s
  233827    7.8118007e+02   0.000000e+00   3.349818e+03   4817s
  234007    7.8118006e+02   0.000000e+00   2.064701e+03   4824s
  234187    7.8118006e+02   0.000000e+00   4.971236e+02   4830s
  234367    7.8118005e+02   0.000000e+00   3.894444e+02   4837s
  234547    7.8118005e+02   0.000000e+00   4.299836e+02   4843s
  234727    7.8118004e+02   0.000000e+00   7.658147e+02   4849s
  234827    7.8118004e+02   0.000000e+00   1.542129e+03   4853s
  235007    7.8118003e+02   0.000000e+00   1.474479e+03   4859s
  235187    7.8118002e+02   0.000000e+00   8.127167e+02   4866s
  235367    7.8118002e+02   0.000000e+00   6.241249e+02   4872s
  235557    7.8118001e+02   0.000000e+00   1.446227e+04   4878s
  235737    7.8118000e+02   0.000000e+00   4.281423e+02   4885s
  235917    7.8117999e+02   0.000000e+00   3.289878e+03   4891s
  236097    7.8117998e+02   0.000000e+00   2.211173e+03   4897s
  236337    7.8117996e+02   0.000000e+00   2.440414e+03   4905s
  236557    7.8117995e+02   0.000000e+00   3.566510e+02   4913s
  236657    7.8117994e+02   0.000000e+00   7.304500e+02   4916s
  236857    7.8117993e+02   0.000000e+00   7.957050e+03   4923s
  236957    7.8117992e+02   0.000000e+00   3.274970e+03   4926s
  237137    7.8117991e+02   0.000000e+00   7.816378e+03   4933s
  237377    7.8117990e+02   0.000000e+00   1.034359e+03   4941s
  237547    7.8117989e+02   0.000000e+00   2.288528e+02   4946s
  237677    7.8117989e+02   0.000000e+00   7.857586e+02   4951s
  237907    7.8117988e+02   0.000000e+00   5.727198e+01   4958s
  238007    7.8117987e+02   0.000000e+00   8.524050e+02   4962s
  238197    7.8117987e+02   0.000000e+00   1.763931e+03   4969s
  238387    7.8117986e+02   0.000000e+00   3.332014e+03   4975s
  238537    7.8117985e+02   0.000000e+00   2.159179e+03   4980s
  238767    7.8117984e+02   0.000000e+00   7.293596e+04   4988s
  238877    7.8117983e+02   0.000000e+00   1.356299e+03   4992s
  238977    7.8117982e+02   0.000000e+00   9.391071e+02   4995s
  239257    7.8117981e+02   0.000000e+00   1.378087e+02   5005s
  239437    7.8117980e+02   0.000000e+00   1.179738e+02   5011s
  239617    7.8117979e+02   0.000000e+00   6.872755e+01   5017s
  239717    7.8117979e+02   0.000000e+00   1.003233e+03   5021s
  239907    7.8117978e+02   0.000000e+00   3.313070e+02   5027s
  240087    7.8117977e+02   0.000000e+00   1.273414e+03   5033s
  240267    7.8117977e+02   0.000000e+00   2.184901e+02   5040s
  240447    7.8117976e+02   0.000000e+00   1.962687e+02   5046s
  240627    7.8117976e+02   0.000000e+00   3.996398e+02   5053s
  240807    7.8117975e+02   0.000000e+00   4.826474e+02   5059s
  240987    7.8117974e+02   0.000000e+00   1.003450e+03   5065s
  241167    7.8117974e+02   0.000000e+00   1.448887e+02   5072s
  241347    7.8117974e+02   0.000000e+00   4.667049e+02   5078s
  241527    7.8117973e+02   0.000000e+00   1.706623e+02   5084s
  241707    7.8117973e+02   0.000000e+00   1.158973e+03   5091s
  241987    7.8117972e+02   0.000000e+00   7.082507e+02   5101s
  242267    7.8117971e+02   0.000000e+00   1.216424e+02   5111s
  242447    7.8117970e+02   0.000000e+00   2.398455e+03   5117s
  242627    7.8117969e+02   0.000000e+00   1.156514e+02   5124s
  242807    7.8117969e+02   0.000000e+00   7.724373e+02   5130s
  242987    7.8117969e+02   0.000000e+00   1.149282e+02   5136s
  243177    7.8117968e+02   0.000000e+00   7.898709e+02   5143s
  243277    7.8117968e+02   0.000000e+00   1.794050e+02   5146s
  243467    7.8117968e+02   0.000000e+00   5.295165e+01   5153s
  243647    7.8117967e+02   0.000000e+00   1.371144e+04   5159s
  243827    7.8117967e+02   0.000000e+00   1.935938e+03   5166s
  244107    7.8117966e+02   0.000000e+00   8.295169e+02   5176s
  244287    7.8117966e+02   0.000000e+00   1.005338e+03   5182s
  244467    7.8117965e+02   0.000000e+00   7.622121e+02   5189s
  244657    7.8117965e+02   0.000000e+00   7.787686e+02   5196s
  244837    7.8117964e+02   0.000000e+00   3.444561e+02   5202s
  245017    7.8117963e+02   0.000000e+00   1.509320e+02   5209s
  245117    7.8117963e+02   0.000000e+00   1.578097e+02   5212s
  245217    7.8117963e+02   0.000000e+00   2.722803e+02   5216s
  245497    7.8117962e+02   0.000000e+00   7.701129e+03   5225s
  245677    7.8117961e+02   0.000000e+00   8.194107e+01   5232s
  245857    7.8117961e+02   0.000000e+00   9.897411e+02   5238s
  246037    7.8117960e+02   0.000000e+00   1.118567e+02   5245s
  246217    7.8117960e+02   0.000000e+00   1.121646e+02   5251s
  246397    7.8117959e+02   0.000000e+00   1.083084e+03   5258s
  246497    7.8117959e+02   0.000000e+00   8.477565e+02   5261s
  246677    7.8117958e+02   0.000000e+00   2.954527e+02   5268s
  246867    7.8117958e+02   0.000000e+00   5.691668e+03   5274s
  246967    7.8117957e+02   0.000000e+00   6.490222e+01   5278s
  247147    7.8117957e+02   0.000000e+00   5.293126e+01   5285s
  247247    7.8117956e+02   0.000000e+00   3.736730e+02   5288s
  247437    7.8117956e+02   0.000000e+00   2.506997e+03   5295s
  247617    7.8117955e+02   0.000000e+00   6.919368e+02   5301s
  247797    7.8117955e+02   0.000000e+00   4.668352e+01   5308s
  247977    7.8117954e+02   0.000000e+00   6.305341e+01   5315s
  248157    7.8117954e+02   0.000000e+00   1.727718e+03   5321s
  248347    7.8117954e+02   0.000000e+00   2.499892e+02   5328s
  248527    7.8117953e+02   0.000000e+00   3.608140e+02   5334s
  248717    7.8117953e+02   0.000000e+00   3.661498e+02   5341s
  248907    7.8117953e+02   0.000000e+00   5.960859e+02   5348s
  249087    7.8117952e+02   0.000000e+00   7.536868e+01   5354s
  249187    7.8117952e+02   0.000000e+00   5.709634e+02   5358s
  249367    7.8117952e+02   0.000000e+00   4.068640e+01   5364s
  249547    7.8117952e+02   0.000000e+00   3.006526e+02   5371s
  249737    7.8117952e+02   0.000000e+00   2.255857e+02   5377s
  249927    7.8117951e+02   0.000000e+00   1.798673e+04   5384s
  250107    7.8117951e+02   0.000000e+00   1.296693e+02   5390s
  250287    7.8117951e+02   0.000000e+00   3.564450e+02   5397s
  250467    7.8117951e+02   0.000000e+00   6.866981e+01   5403s
  250647    7.8117950e+02   0.000000e+00   5.590975e+01   5410s
  250827    7.8117950e+02   0.000000e+00   7.272636e+01   5416s
  251017    7.8117950e+02   0.000000e+00   1.430936e+03   5423s
  251207    7.8117950e+02   0.000000e+00   1.139794e+02   5429s
  251387    7.8117950e+02   0.000000e+00   1.170835e+02   5436s
  251567    7.8117949e+02   0.000000e+00   4.045891e+02   5442s
  251747    7.8117949e+02   0.000000e+00   4.069921e+03   5449s
  251937    7.8117949e+02   0.000000e+00   1.314864e+02   5455s
  252217    7.8117949e+02   0.000000e+00   2.728261e+02   5465s
  252417    7.8117948e+02   0.000000e+00   5.775181e+02   5472s
  252597    7.8117948e+02   0.000000e+00   4.854875e+02   5478s
  252787    7.8117948e+02   0.000000e+00   1.966963e+02   5484s
  252967    7.8117948e+02   0.000000e+00   1.015821e+02   5491s
  253157    7.8117947e+02   0.000000e+00   8.205149e+02   5497s
  253337    7.8117947e+02   0.000000e+00   7.930222e+01   5504s
  253527    7.8117947e+02   0.000000e+00   1.076508e+02   5510s
  253717    7.8117947e+02   0.000000e+00   1.000079e+02   5517s
  253817    7.8117947e+02   0.000000e+00   4.651739e+01   5520s
  254007    7.8117947e+02   0.000000e+00   1.502915e+01   5527s
  254107    7.8117946e+02   0.000000e+00   4.986686e+02   5530s
  254287    7.8117946e+02   0.000000e+00   2.470498e+02   5537s
  254477    7.8117946e+02   0.000000e+00   7.908118e+01   5543s
  254577    7.8117946e+02   0.000000e+00   6.538667e+02   5547s
  254857    7.8117945e+02   0.000000e+00   3.042589e+01   5556s
  255057    7.8117945e+02   0.000000e+00   3.216383e+01   5563s
  255207    7.8117945e+02   0.000000e+00   6.654938e+01   5568s
  255327    7.8117945e+02   0.000000e+00   7.661827e+01   5572s
  255427    7.8117944e+02   0.000000e+00   1.161289e+02   5575s
  255637    7.8117944e+02   0.000000e+00   1.757742e+03   5582s
  255817    7.8117944e+02   0.000000e+00   4.835377e+01   5589s
  255997    7.8117943e+02   0.000000e+00   5.764990e+02   5595s
  256277    7.8117943e+02   0.000000e+00   1.342287e+02   5605s
  256457    7.8117943e+02   0.000000e+00   1.168750e+01   5611s
  256647    7.8117943e+02   0.000000e+00   3.066560e+01   5618s
  256827    7.8117943e+02   0.000000e+00   1.230247e+02   5624s
  256927    7.8117942e+02   0.000000e+00   3.770620e+02   5628s
  257107    7.8117942e+02   0.000000e+00   4.870553e+02   5634s
  257287    7.8117942e+02   0.000000e+00   1.205060e+02   5641s
  257467    7.8117942e+02   0.000000e+00   2.981999e+02   5647s
  257567    7.8117942e+02   0.000000e+00   5.449063e+02   5651s
  257747    7.8117942e+02   0.000000e+00   1.118096e+03   5657s
  257937    7.8117942e+02   0.000000e+00   1.526260e+01   5664s
  258037    7.8117942e+02   0.000000e+00   3.783903e+00   5667s
  258137    7.8117942e+02   0.000000e+00   6.942133e+00   5670s
  258327    7.8117942e+02   0.000000e+00   1.148792e+02   5676s
  258517    7.8117941e+02   0.000000e+00   4.711329e+01   5683s
  258707    7.8117941e+02   0.000000e+00   4.922149e+00   5689s
  258807    7.8117941e+02   0.000000e+00   2.157164e+01   5693s
  258907    7.8117941e+02   0.000000e+00   2.403728e+01   5696s
  259157    7.8117941e+02   0.000000e+00   1.862254e+03   5704s
  259277    7.8117941e+02   0.000000e+00   1.566949e+02   5708s
  259387    7.8117941e+02   0.000000e+00   2.230355e+01   5712s
  259487    7.8117941e+02   0.000000e+00   1.426760e+00   5715s
  259687    7.8117941e+02   0.000000e+00   2.345932e+01   5722s
  259787    7.8117941e+02   0.000000e+00   3.463840e+01   5725s
  259987    7.8117941e+02   0.000000e+00   9.759399e+00   5732s
  260227    7.8117941e+02   0.000000e+00   1.341807e+02   5740s
  260557    7.8117941e+02   0.000000e+00   1.340426e+01   5751s
  260707    7.8117941e+02   0.000000e+00   1.016665e+03   5756s
  260937    7.8117940e+02   0.000000e+00   9.223180e+00   5764s
  261047    7.8117940e+02   0.000000e+00   3.000066e+00   5767s
  261147    7.8117940e+02   0.000000e+00   2.958534e+01   5771s
  261347    7.8117940e+02   0.000000e+00   1.809099e+02   5777s
  261447    7.8117940e+02   0.000000e+00   1.970747e+00   5781s
  261647    7.8117940e+02   0.000000e+00   2.172320e+00   5787s
  261747    7.8117940e+02   0.000000e+00   1.996053e+00   5791s
  261947    7.8117940e+02   0.000000e+00   5.913307e-01   5797s
  262147    7.8117940e+02   0.000000e+00   1.624037e+00   5804s
  262297    7.8117940e+02   0.000000e+00   2.773071e-01   5809s
  262417    7.8117940e+02   0.000000e+00   6.071070e-01   5812s
  262527    7.8117940e+02   0.000000e+00   1.503026e+00   5816s
  262727    7.8117940e+02   0.000000e+00   1.851915e+00   5823s
  262827    7.8117940e+02   0.000000e+00   6.551147e-01   5826s
  263037    7.8117940e+02   0.000000e+00   4.978980e-01   5833s
  263137    7.8117940e+02   0.000000e+00   2.596789e-02   5836s
  263482    7.8117963e+02   2.532411e+01   0.000000e+00   5846s
  263942    7.8117964e+02   1.480481e+03   0.000000e+00   5854s
  264162    7.8117964e+02   3.383153e+02   0.000000e+00   5858s
  264454    7.8117964e+02   1.874874e+03   0.000000e+00   5864s
  264674    7.8117964e+02   2.216334e+03   0.000000e+00   5868s
  264966    7.8117965e+02   1.227603e+02   0.000000e+00   5874s
  265258    7.8117965e+02   8.908266e+02   0.000000e+00   5879s
  265548    7.8117966e+02   1.531128e+02   0.000000e+00   5885s
  265778    7.8117966e+02   1.526867e+02   0.000000e+00   5890s
  265978    7.8117966e+02   1.669758e+02   0.000000e+00   5894s
  266158    7.8117966e+02   4.699663e+02   0.000000e+00   5898s
  266338    7.8117967e+02   1.069899e+02   0.000000e+00   5901s
  266518    7.8117967e+02   3.477108e+02   0.000000e+00   5905s
  266788    7.8117967e+02   3.613326e+02   0.000000e+00   5910s
  267080    7.8117968e+02   1.357617e+02   0.000000e+00   5916s
  267372    7.8117968e+02   1.340765e+03   0.000000e+00   5922s
  267664    7.8117968e+02   5.080853e+01   0.000000e+00   5927s
  267914    7.8117969e+02   2.008841e+02   0.000000e+00   5932s
  268206    7.8117969e+02   1.226145e+02   0.000000e+00   5938s
  268446    7.8117969e+02   1.077728e+02   0.000000e+00   5943s
  268738    7.8117970e+02   3.009441e+01   0.000000e+00   5948s
  268968    7.8117970e+02   7.150590e+01   0.000000e+00   5953s
  269168    7.8117970e+02   4.226330e+01   0.000000e+00   5957s
  269368    7.8117970e+02   1.374104e+02   0.000000e+00   5961s
  269538    7.8117971e+02   4.386935e+02   0.000000e+00   5965s
  269828    7.8117971e+02   8.990509e+01   0.000000e+00   5971s
  270120    7.8117971e+02   3.700658e+01   0.000000e+00   5977s
  270350    7.8117971e+02   1.914680e+02   0.000000e+00   5981s
  270560    7.8117972e+02   1.499384e+02   0.000000e+00   5986s
  270852    7.8117972e+02   5.885133e+01   0.000000e+00   5991s
  271144    7.8117972e+02   1.164525e+01   0.000000e+00   5997s
  271394    7.8117972e+02   6.284363e+02   0.000000e+00   6002s
  271686    7.8117973e+02   1.222454e+02   0.000000e+00   6008s
  271926    7.8117973e+02   9.480280e+00   0.000000e+00   6013s
  272218    7.8117973e+02   4.809448e+01   0.000000e+00   6019s
  272510    7.8117973e+02   5.202274e+01   0.000000e+00   6025s
  272760    7.8117973e+02   1.598123e+01   0.000000e+00   6030s
  273052    7.8117973e+02   3.602604e+00   0.000000e+00   6036s
  273344    7.8117973e+02   7.619307e-01   0.000000e+00   6041s
  273636    7.8117973e+02   3.905846e+00   0.000000e+00   6047s
  273928    7.8117973e+02   1.057208e+00   0.000000e+00   6053s
  274220    7.8117973e+02   6.254515e-02   0.000000e+00   6058s
  274362    7.8117973e+02   0.000000e+00   0.000000e+00   6061s
  274632    7.8117971e+02   0.000000e+00   2.826569e+00   6067s
  274832    7.8117970e+02   0.000000e+00   7.262424e+00   6071s
  275182    7.8117970e+02   0.000000e+00   1.904871e+00   6077s
  275472    7.8117970e+02   0.000000e+00   6.830211e+00   6083s
  275622    7.8117970e+02   0.000000e+00   8.318855e+00   6087s
  275862    7.8117970e+02   0.000000e+00   5.842923e+01   6094s
  276042    7.8117970e+02   0.000000e+00   3.017066e+02   6099s
  276182    7.8117969e+02   0.000000e+00   6.278083e+02   6103s
  276322    7.8117969e+02   0.000000e+00   2.227337e+03   6107s
  276432    7.8117969e+02   0.000000e+00   1.424137e+02   6110s
  276662    7.8117968e+02   0.000000e+00   1.998650e+02   6116s
  276822    7.8117968e+02   0.000000e+00   3.902983e+02   6121s
  277052    7.8117968e+02   0.000000e+00   3.103762e+01   6128s
  277162    7.8117967e+02   0.000000e+00   8.843132e+01   6131s
  277382    7.8117967e+02   0.000000e+00   2.851707e+01   6138s
  277482    7.8117967e+02   0.000000e+00   6.535517e+01   6141s
  277692    7.8117967e+02   0.000000e+00   5.917206e+02   6147s
  277892    7.8117967e+02   0.000000e+00   6.761999e+02   6153s
  278102    7.8117966e+02   0.000000e+00   7.806475e+02   6159s
  278202    7.8117966e+02   0.000000e+00   1.140820e+02   6162s
  278302    7.8117966e+02   0.000000e+00   4.913832e+02   6166s
  278502    7.8117966e+02   0.000000e+00   8.859119e+02   6172s
  278602    7.8117966e+02   0.000000e+00   7.279427e+01   6175s
  278812    7.8117966e+02   0.000000e+00   2.048111e+02   6182s
  279112    7.8117965e+02   0.000000e+00   9.300492e+01   6191s
  279312    7.8117965e+02   0.000000e+00   2.924732e+02   6197s
  279502    7.8117965e+02   0.000000e+00   5.456026e+03   6203s
  279612    7.8117965e+02   0.000000e+00   1.729214e+02   6206s
  279902    7.8117965e+02   0.000000e+00   1.457846e+02   6214s
  280062    7.8117965e+02   0.000000e+00   6.369779e+02   6217s
  280192    7.8117964e+02   0.000000e+00   1.454295e+03   6221s
  280422    7.8117964e+02   0.000000e+00   5.027518e+03   6227s
  280532    7.8117964e+02   0.000000e+00   2.063771e+03   6230s
  280812    7.8117964e+02   0.000000e+00   7.102405e+00   6240s
  280992    7.8117964e+02   0.000000e+00   1.471056e+01   6246s
  281192    7.8117964e+02   0.000000e+00   2.026612e+01   6253s
  281392    7.8117964e+02   0.000000e+00   4.252086e+01   6259s
  281572    7.8117964e+02   0.000000e+00   6.781314e+00   6266s
  281772    7.8117964e+02   0.000000e+00   1.876938e+03   6272s
  281992    7.8117964e+02   0.000000e+00   1.838366e+00   6278s
  282102    7.8117963e+02   0.000000e+00   3.174840e+00   6281s
  282392    7.8117963e+02   0.000000e+00   3.943712e+01   6291s
  282592    7.8117963e+02   0.000000e+00   4.357930e+00   6297s
  282702    7.8117963e+02   0.000000e+00   5.797197e+00   6300s
  282902    7.8117963e+02   0.000000e+00   1.317823e+01   6307s
  283072    7.8117963e+02   0.000000e+00   4.962671e+01   6311s
  283192    7.8117963e+02   0.000000e+00   1.161088e+01   6315s
  283402    7.8117963e+02   0.000000e+00   2.121339e+00   6322s
  283612    7.8117963e+02   0.000000e+00   2.310319e+02   6328s
  283712    7.8117963e+02   0.000000e+00   2.696504e+01   6331s
  283912    7.8117963e+02   0.000000e+00   3.462723e+01   6337s
  284142    7.8117963e+02   0.000000e+00   2.495418e+02   6343s
  284352    7.8117963e+02   0.000000e+00   4.603053e+00   6349s
  284462    7.8117963e+02   0.000000e+00   4.831651e-01   6352s
  284672    7.8117963e+02   0.000000e+00   5.136507e-01   6358s
  284772    7.8117963e+02   0.000000e+00   3.024472e+00   6361s
  284992    7.8117963e+02   0.000000e+00   1.137735e+00   6367s
  285212    7.8117963e+02   0.000000e+00   2.300278e+01   6373s
  285322    7.8117963e+02   0.000000e+00   2.608339e+00   6376s
  285532    7.8117963e+02   0.000000e+00   5.684295e-02   6382s
  285902    7.8117963e+02   0.000000e+00   2.205285e-03   6392s
  286026    7.8117964e+02   2.684111e+00   0.000000e+00   6395s
  286376    7.8117964e+02   3.603936e+01   0.000000e+00   6402s
  286556    7.8117964e+02   1.565442e+01   0.000000e+00   6405s
  286848    7.8117964e+02   2.561421e+01   0.000000e+00   6410s
  287128    7.8117964e+02   7.296939e-01   0.000000e+00   6415s
  287660    7.8117964e+02   9.465793e-01   0.000000e+00   6425s
  287900    7.8117964e+02   1.597770e-03   0.000000e+00   6429s
  288079    7.8117964e+02   0.000000e+00   2.516143e-01   6433s
  288199    7.8117964e+02   0.000000e+00   1.149063e+00   6436s
  288439    7.8117964e+02   0.000000e+00   5.916495e+00   6442s
  288659    7.8117964e+02   0.000000e+00   4.409886e+01   6447s
  288769    7.8117964e+02   0.000000e+00   3.005090e+00   6450s
  288969    7.8117964e+02   0.000000e+00   1.680130e+01   6456s
  289179    7.8117964e+02   0.000000e+00   2.688144e+00   6462s
  289399    7.8117964e+02   0.000000e+00   5.150282e+00   6467s
  289609    7.8117964e+02   0.000000e+00   1.226163e+01   6472s
  289749    7.8117964e+02   0.000000e+00   8.447958e+00   6475s
  289949    7.8117964e+02   0.000000e+00   1.246817e-01   6481s
  290159    7.8117964e+02   0.000000e+00   1.507442e+00   6486s
  290389    7.8117964e+02   0.000000e+00   2.429276e+00   6492s
  290619    7.8117964e+02   0.000000e+00   4.513989e-01   6498s
  290719    7.8117964e+02   0.000000e+00   5.736785e-02   6500s
  290969    7.8117964e+02   0.000000e+00   1.269420e-02   6506s
  291252    7.8117964e+02   0.000000e+00   0.000000e+00   6512s
  291252    7.8117964e+02   0.000000e+00   0.000000e+00   6512s
Concurrent spin time: 687.91s

Solved with barrier

Root relaxation: objective 7.811796e+02, 291252 iterations, 7174.53 seconds

    Nodes    |    Current Node    |     Objective Bounds      |     Work
 Expl Unexpl |  Obj  Depth IntInf | Incumbent    BestBd   Gap | It/Node Time

     0     0  781.17964    0 15513          -  781.17964      -     - 7200s

Explored 1 nodes (291252 simplex iterations) in 7200.44 seconds
Thread count was 4 (of 4 available processors)

Solution count 0

Time limit reached
Best objective -, best bound 7.820000000000e+02, gap -

Unable to retrieve attribute 'X'

