Tuning log:

	Method 2
	Presolve 2

-------------------------------------------------------------------------------

Optimize a model with 138062 rows, 252161 columns and 3673364 nonzeros
Coefficient statistics:
  Matrix range     [1e+00, 8e+02]
  Objective range  [1e+00, 1e+00]
  Bounds range     [1e+00, 1e+00]
  RHS range        [1e+00, 1e+00]
Presolve removed 8903 rows and 8162 columns
Presolve time: 4.74s
Presolved: 129159 rows, 243999 columns, 3643258 nonzeros

Elapsed ordering time = 5s
Elapsed ordering time = 10s
Elapsed ordering time = 15s
Ordering time: 17.55s

Barrier statistics:
 AA' NZ     : 6.570e+06
 Factor NZ  : 1.139e+08 (roughly 1.0 GBytes of memory)
 Factor Ops : 5.917e+11 (roughly 13 seconds per iteration)
 Threads    : 2

                  Objective                Residual
Iter       Primal          Dual         Primal    Dual     Compl     Time
   0   2.26633167e+03 -1.17822000e+04  1.66e+04 0.00e+00  2.15e+00    40s
   1   5.44880190e+02 -1.18533382e+04  2.44e+03 1.82e-03  3.42e-01    56s
   2   5.32443066e+02 -9.51958032e+03  4.25e+02 2.69e-05  7.28e-02    73s
   3   7.24305255e+02 -4.33416846e+03  1.55e+02 9.87e-15  2.55e-02    90s
   4   7.27886090e+02 -1.46768432e+03  8.77e+01 7.02e-15  1.18e-02   107s
   5   7.13847093e+02 -9.68938177e+02  6.63e+01 6.85e-15  8.69e-03   123s
   6   6.63038932e+02 -2.45826728e+02  2.83e+01 5.32e-15  3.90e-03   141s
   7   6.04758822e+02  2.62678297e+02  1.18e+01 5.25e-15  1.46e-03   159s
   8   5.47613769e+02  4.36169935e+02  1.61e+00 6.47e-15  3.18e-04   177s
   9   5.35544210e+02  4.61548371e+02  8.50e-01 5.57e-15  1.95e-04   194s
  10   5.31125774e+02  4.73206414e+02  5.93e-01 6.77e-15  1.48e-04   210s
  11   5.27598640e+02  4.89769187e+02  3.77e-01 7.10e-15  9.58e-05   228s
  12   5.25920838e+02  5.04153075e+02  2.92e-01 6.61e-15  5.87e-05   245s
  13   5.24094505e+02  5.07264334e+02  2.09e-01 7.26e-15  4.45e-05   261s
  14   5.22018503e+02  5.13339398e+02  1.15e-01 5.71e-15  2.34e-05   279s
  15   5.20558773e+02  5.16689966e+02  5.37e-02 4.53e-15  1.07e-05   298s
  16   5.19671578e+02  5.17616612e+02  2.33e-02 5.01e-15  5.39e-06   315s
  17   5.19045704e+02  5.18615830e+02  4.22e-03 4.97e-15  1.10e-06   335s
  18   5.18868363e+02  5.18755855e+02  9.69e-04 7.08e-15  2.80e-07   355s
  19   5.18805059e+02  5.18790706e+02  5.78e-05 7.11e-15  3.20e-08   376s
  20   5.18801624e+02  5.18793853e+02  3.12e-05 5.06e-15  1.73e-08   392s
  21   5.18797729e+02  5.18796294e+02  2.26e-06 4.76e-15  3.01e-09   411s
  22   5.18797342e+02  5.18797059e+02  3.65e-07 5.18e-15  5.91e-10   430s
  23   5.18797297e+02  5.18797141e+02  1.94e-07 6.56e-15  3.24e-10   447s
  24   5.18797262e+02  5.18797222e+02  6.34e-08 1.42e-14  8.28e-11   463s
  25   5.18797247e+02  5.18797235e+02  2.14e-08 1.31e-14  2.49e-11   481s
  26   5.18797245e+02  5.18797241e+02  1.43e-08 1.48e-14  8.27e-12   497s

Barrier solved model in 26 iterations and 497.14 seconds
Optimal objective 5.18797245e+02

Crossover log...

   46925 variables added to crossover basis                      500s

   81127 DPushes remaining with DInf 8.6227157e+01               503s
   17533 DPushes remaining with DInf 4.9631012e+01               530s
    5478 DPushes remaining with DInf 3.7166198e+01               547s
    1638 DPushes remaining with DInf 2.8361182e+01               555s
     570 DPushes remaining with DInf 2.6398341e+01               558s
      30 DPushes remaining with DInf 2.9833755e+02               562s
       0 DPushes remaining with DInf 4.2932486e+02               563s

    8817 PPushes remaining with PInf 1.2798293e-03               563s
       0 PPushes remaining with PInf 0.0000000e+00               580s

  Push phase complete: Pinf 0.0000000e+00, Dinf 7.4524098e+01    580s

Iteration    Objective       Primal Inf.    Dual Inf.      Time
   89934    5.1879724e+02   0.000000e+00   7.452410e+01    581s
   90804    5.1879724e+02   0.000000e+00   2.731825e+01    587s
   91694    5.1879724e+02   0.000000e+00   1.952392e+01    593s
   92094    5.1879723e+02   0.000000e+00   1.028038e+03    596s
   92314    5.1879722e+02   0.000000e+00   2.118687e+03    600s
   92774    5.1879721e+02   0.000000e+00   1.380442e+02    608s
   92994    5.1879721e+02   0.000000e+00   1.645403e+03    612s
   93214    5.1879721e+02   0.000000e+00   1.187511e+02    616s
   93434    5.1879721e+02   0.000000e+00   2.503460e+03    620s
   93864    5.1879720e+02   0.000000e+00   4.149119e+01    628s
   94074    5.1879720e+02   0.000000e+00   4.440239e+02    632s
   94274    5.1879720e+02   0.000000e+00   1.940611e+01    636s
   94754    5.1879720e+02   0.000000e+00   3.319070e-01    643s
   95024    5.1879720e+02   0.000000e+00   7.472721e-04    647s
   95142    5.1879724e+02   0.000000e+00   0.000000e+00    651s
Extra 4 simplex iterations after uncrush
   95146    5.1879724e+02   0.000000e+00   0.000000e+00    653s

Solved in 95146 iterations and 653.07 seconds
Optimal objective  5.187972438e+02
