Tuning log:

	Method 2
	Presolve 1

-------------------------------------------------------------------------------

Optimize a model with 138062 rows, 252161 columns and 3673364 nonzeros
Coefficient statistics:
  Matrix range     [1e+00, 8e+02]
  Objective range  [1e+00, 1e+00]
  Bounds range     [1e+00, 1e+00]
  RHS range        [1e+00, 1e+00]
Presolve removed 8232 rows and 8211 columns
Presolve time: 1.22s
Presolved: 129830 rows, 243950 columns, 3657329 nonzeros

Elapsed ordering time = 5s
Elapsed ordering time = 10s
Elapsed ordering time = 15s
Ordering time: 17.95s

Barrier statistics:
 AA' NZ     : 6.612e+06
 Factor NZ  : 1.083e+08 (roughly 1.0 GBytes of memory)
 Factor Ops : 5.387e+11 (roughly 11 seconds per iteration)
 Threads    : 2

                  Objective                Residual
Iter       Primal          Dual         Primal    Dual     Compl     Time
   0   2.28769365e+03 -1.19017619e+04  1.63e+04 0.00e+00  2.14e+00    36s
   1   4.64516738e+02 -1.16932593e+04  1.69e+03 1.65e-03  2.40e-01    51s
   2   6.41331154e+02 -8.54054078e+03  1.61e+02 2.33e-13  3.77e-02    67s
   3   6.96561453e+02 -3.72785400e+03  6.58e+01 2.72e-13  1.53e-02    83s
   4   6.75474356e+02 -1.10202298e+03  1.87e+01 1.91e-13  5.15e-03    99s
   5   6.04789082e+02  1.85863403e+02  3.84e+00 2.13e-13  1.11e-03   116s
   6   5.57530563e+02  4.00808585e+02  1.19e+00 2.33e-13  3.85e-04   133s
   7   5.42870382e+02  4.40696922e+02  6.82e-01 2.14e-13  2.42e-04   148s
   8   5.35214659e+02  4.67596603e+02  4.36e-01 2.46e-13  1.58e-04   164s
   9   5.30822668e+02  4.84946521e+02  3.01e-01 1.59e-13  1.07e-04   180s
  10   5.28167176e+02  4.93592660e+02  2.24e-01 3.20e-13  8.08e-05   196s
  11   5.24809001e+02  5.04804521e+02  1.29e-01 2.32e-13  4.69e-05   214s
  12   5.22167426e+02  5.10427445e+02  6.18e-02 1.97e-13  2.68e-05   230s
  13   5.20736051e+02  5.15062617e+02  3.18e-02 3.49e-13  1.31e-05   246s
  14   5.20142302e+02  5.16120655e+02  2.12e-02 2.50e-13  9.23e-06   262s
  15   5.19415703e+02  5.17407219e+02  8.27e-03 3.39e-13  4.48e-06   279s
  16   5.19279141e+02  5.17853441e+02  6.29e-03 2.02e-13  3.21e-06   294s
  17   5.18967337e+02  5.18543759e+02  1.83e-03 3.24e-13  9.52e-07   311s
  18   5.18848027e+02  5.18739655e+02  4.52e-04 2.83e-13  2.43e-07   329s
  19   5.18803577e+02  5.18790207e+02  3.34e-05 2.84e-13  2.87e-08   348s
  20   5.18798482e+02  5.18796002e+02  4.86e-06 1.55e-13  5.25e-09   368s
  21   5.18797408e+02  5.18797099e+02  4.90e-07 1.39e-13  6.48e-10   386s
  22   5.18797306e+02  5.18797199e+02  1.78e-07 2.05e-13  2.26e-10   402s
  23   5.18797262e+02  5.18797235e+02  5.03e-08 3.17e-13  5.63e-11   419s
  24   5.18797252e+02  5.18797240e+02  2.87e-08 2.00e-13  2.56e-11   435s
  25   5.18797246e+02  5.18797244e+02  2.92e-08 3.99e-13  4.61e-12   452s

Barrier solved model in 25 iterations and 451.92 seconds
Optimal objective 5.18797246e+02

Crossover log...

   47577 variables added to crossover basis                      455s

   81249 DPushes remaining with DInf 9.8255807e+01               458s
   25194 DPushes remaining with DInf 5.7053880e+01               483s
    9058 DPushes remaining with DInf 4.0574123e+01               500s
    3169 DPushes remaining with DInf 3.4838706e+01               509s
    1175 DPushes remaining with DInf 3.2234652e+01               512s
     237 DPushes remaining with DInf 4.0532314e+01               515s
       0 DPushes remaining with DInf 1.7630436e+03               519s

    8821 PPushes remaining with PInf 1.1564245e-03               519s
       0 PPushes remaining with PInf 0.0000000e+00               537s

  Push phase complete: Pinf 0.0000000e+00, Dinf 8.3720890e+01    537s

Iteration    Objective       Primal Inf.    Dual Inf.      Time
   90032    5.1879724e+02   0.000000e+00   8.372089e+01    537s
   90502    5.1879724e+02   0.000000e+00   3.877351e+03    541s
   91342    5.1879724e+02   0.000000e+00   1.215431e+02    547s
   91802    5.1879724e+02   0.000000e+00   1.476017e+02    551s
   92322    5.1879723e+02   0.000000e+00   7.389208e+01    558s
   92552    5.1879723e+02   0.000000e+00   1.791050e+02    562s
   92772    5.1879722e+02   0.000000e+00   5.255451e+01    565s
   93202    5.1879722e+02   0.000000e+00   5.690141e+02    573s
   93422    5.1879722e+02   0.000000e+00   3.982655e+02    577s
   93632    5.1879722e+02   0.000000e+00   1.220231e+01    581s
   93852    5.1879722e+02   0.000000e+00   3.443594e+01    585s
   94302    5.1879721e+02   0.000000e+00   1.866882e+01    593s
   94532    5.1879721e+02   0.000000e+00   4.337099e+01    597s
   94772    5.1879721e+02   0.000000e+00   1.887013e+01    601s
   95262    5.1879721e+02   0.000000e+00   2.244134e+01    609s
   95492    5.1879721e+02   0.000000e+00   6.721779e-01    612s
   95731    5.1879724e+02   4.556365e-03   0.000000e+00    616s
Extra 12 simplex iterations after uncrush
   95801    5.1879724e+02   0.000000e+00   0.000000e+00    621s

Solved in 95801 iterations and 620.72 seconds
Optimal objective  5.187972438e+02
