Tuning log:

	Method 2

-------------------------------------------------------------------------------

Optimize a model with 138062 rows, 252161 columns and 3673364 nonzeros
Coefficient statistics:
  Matrix range     [1e+00, 8e+02]
  Objective range  [1e+00, 1e+00]
  Bounds range     [1e+00, 1e+00]
  RHS range        [1e+00, 1e+00]
Presolve removed 8252 rows and 8213 columns
Presolve time: 3.42s
Presolved: 129810 rows, 243948 columns, 3657265 nonzeros

Elapsed ordering time = 5s
Elapsed ordering time = 10s
Elapsed ordering time = 15s
Elapsed ordering time = 20s
Elapsed ordering time = 25s
Elapsed ordering time = 30s
Elapsed ordering time = 35s
Elapsed ordering time = 40s
Ordering time: 41.89s

Barrier statistics:
 AA' NZ     : 6.611e+06
 Factor NZ  : 1.091e+08 (roughly 1.0 GBytes of memory)
 Factor Ops : 5.347e+11 (roughly 25 seconds per iteration)
 Threads    : 2

                  Objective                Residual
Iter       Primal          Dual         Primal    Dual     Compl     Time
   0   2.28767914e+03 -1.19015698e+04  1.63e+04 0.00e+00  2.14e+00    77s
   1   4.64550835e+02 -1.16934802e+04  1.69e+03 1.65e-03  2.40e-01   107s
   2   6.41215693e+02 -8.54089232e+03  1.60e+02 1.74e-14  3.77e-02   138s
   3   6.96189553e+02 -3.72483036e+03  6.45e+01 1.46e-14  1.51e-02   170s
   4   6.72100299e+02 -8.47569597e+02  1.73e+01 1.78e-14  4.49e-03   201s
   5   6.15078963e+02  1.26511437e+02  5.22e+00 1.71e-14  1.35e-03   234s
   6   5.66861224e+02  3.18625002e+02  2.17e+00 1.19e-14  6.33e-04   265s
   7   5.45181208e+02  4.13964312e+02  9.84e-01 1.18e-14  3.18e-04   297s
   8   5.36457100e+02  4.56478330e+02  6.07e-01 1.56e-14  1.93e-04   329s
   9   5.30832806e+02  4.81971469e+02  3.91e-01 1.28e-14  1.18e-04   360s
  10   5.26582785e+02  4.91843855e+02  2.29e-01 9.16e-15  8.17e-05   395s
  11   5.23317047e+02  5.03841192e+02  1.03e-01 1.52e-14  4.47e-05   430s
  12   5.20742727e+02  5.14276839e+02  3.00e-02 1.02e-14  1.47e-05   465s
  13   5.20154983e+02  5.16222366e+02  2.00e-02 1.07e-14  9.02e-06   495s
  14   5.19562857e+02  5.17601054e+02  1.06e-02 8.09e-15  4.54e-06   521s
  15   5.19185498e+02  5.18184313e+02  5.16e-03 1.01e-14  2.30e-06   546s
  16   5.19006646e+02  5.18487051e+02  2.63e-03 7.82e-15  1.19e-06   573s
  17   5.18857688e+02  5.18723118e+02  6.24e-04 8.17e-15  3.06e-07   603s
  18   5.18804804e+02  5.18792464e+02  3.98e-05 1.03e-14  2.70e-08   641s
  19   5.18800210e+02  5.18794861e+02  1.51e-05 1.07e-14  1.16e-08   673s
  20   5.18797775e+02  5.18797014e+02  2.31e-06 8.37e-15  1.66e-09   711s
  21   5.18797453e+02  5.18797140e+02  8.68e-07 9.86e-15  6.77e-10   741s
  22   5.18797334e+02  5.18797208e+02  3.67e-07 7.16e-15  2.74e-10   771s
  23   5.18797274e+02  5.18797235e+02  1.50e-07 8.19e-15  8.40e-11   802s
  24   5.18797258e+02  5.18797240e+02  6.90e-08 1.00e-14  3.91e-11   832s
  25   5.18797249e+02  5.18797242e+02  2.94e-08 7.26e-15  1.66e-11   862s
  26   5.18797245e+02  5.18797243e+02  1.74e-08 1.09e-14  3.32e-12   894s

Barrier solved model in 26 iterations and 893.63 seconds
Optimal objective 5.18797245e+02

Crossover log...

   47271 variables added to crossover basis                      900s
   48161 variables added to crossover basis                      905s

   81209 DPushes remaining with DInf 2.2331918e+02               909s
   17647 DPushes remaining with DInf 1.5122059e+02               973s
    5581 DPushes remaining with DInf 1.2919721e+02              1014s
    1653 DPushes remaining with DInf 1.5667752e+02              1033s
     604 DPushes remaining with DInf 8.9800280e+05              1040s
      93 DPushes remaining with DInf 4.3530258e+04              1049s
       0 DPushes remaining with DInf 1.6584301e+04              1054s

    8691 PPushes remaining with PInf 3.3268271e-04              1054s
    8690 PPushes remaining with PInf 3.3268271e-04              1055s
       0 PPushes remaining with PInf 1.3303153e-03              1095s

  Push phase complete: Pinf 1.3303153e-03, Dinf 6.0492891e+03   1095s

Iteration    Objective       Primal Inf.    Dual Inf.      Time
   89891    5.1879725e+02   0.000000e+00   6.049289e+03   1096s
   90181    5.1879724e+02   0.000000e+00   5.828810e+04   1105s
   90461    5.1879723e+02   0.000000e+00   5.062385e+03   1113s
   90731    5.1879722e+02   0.000000e+00   2.013863e+04   1122s
   91021    5.1879722e+02   0.000000e+00   4.022211e+03   1132s
   91211    5.1879721e+02   0.000000e+00   8.724503e+04   1141s
   91411    5.1879720e+02   0.000000e+00   1.265252e+04   1151s
   91611    5.1879719e+02   0.000000e+00   6.373049e+03   1161s
   91811    5.1879718e+02   0.000000e+00   4.625356e+03   1170s
   92001    5.1879718e+02   0.000000e+00   2.345145e+04   1181s
   92201    5.1879717e+02   0.000000e+00   8.585503e+03   1191s
   92401    5.1879717e+02   0.000000e+00   1.312311e+04   1200s
   92601    5.1879716e+02   0.000000e+00   4.629518e+02   1210s
   92801    5.1879716e+02   0.000000e+00   1.314423e+03   1220s
   93011    5.1879715e+02   0.000000e+00   4.428740e+03   1230s
   93211    5.1879715e+02   0.000000e+00   3.093265e+03   1239s
   93411    5.1879714e+02   0.000000e+00   4.377385e+03   1249s
   93621    5.1879714e+02   0.000000e+00   6.480331e+02   1258s
   93821    5.1879714e+02   0.000000e+00   1.335139e+04   1268s
   94021    5.1879713e+02   0.000000e+00   6.914589e+02   1277s
   94221    5.1879713e+02   0.000000e+00   2.545361e+03   1287s
   94421    5.1879713e+02   0.000000e+00   1.984790e+02   1297s
   94621    5.1879712e+02   0.000000e+00   2.590227e+02   1306s
   94821    5.1879712e+02   0.000000e+00   1.189396e+04   1313s
   95031    5.1879712e+02   0.000000e+00   4.562401e+02   1319s
   95241    5.1879712e+02   0.000000e+00   1.819094e+02   1325s
   95441    5.1879712e+02   0.000000e+00   5.545812e+02   1330s
   95651    5.1879711e+02   0.000000e+00   1.026140e+03   1336s
   95861    5.1879711e+02   0.000000e+00   1.414543e+03   1342s
   96091    5.1879711e+02   0.000000e+00   3.499882e+02   1347s
   96301    5.1879711e+02   0.000000e+00   6.226793e+02   1352s
   96511    5.1879710e+02   0.000000e+00   7.447624e+02   1358s
   96721    5.1879710e+02   0.000000e+00   5.492145e+03   1363s
   96921    5.1879710e+02   0.000000e+00   4.703790e+02   1369s
   97121    5.1879710e+02   0.000000e+00   1.123983e+04   1374s
   97341    5.1879710e+02   0.000000e+00   1.482252e+04   1380s
   97551    5.1879710e+02   0.000000e+00   1.092194e+03   1386s
   97761    5.1879709e+02   0.000000e+00   1.261710e+03   1392s
   97981    5.1879709e+02   0.000000e+00   4.471855e+03   1398s
   98191    5.1879709e+02   0.000000e+00   4.243714e+03   1405s
   98411    5.1879709e+02   0.000000e+00   4.540613e+03   1411s
   98621    5.1879709e+02   0.000000e+00   6.885559e+02   1416s
   98841    5.1879709e+02   0.000000e+00   1.412540e+03   1422s
   99061    5.1879709e+02   0.000000e+00   1.580686e+01   1428s
   99271    5.1879709e+02   0.000000e+00   3.260215e+02   1434s
   99471    5.1879709e+02   0.000000e+00   1.781089e+02   1440s
   99691    5.1879709e+02   0.000000e+00   1.902704e+02   1446s
   99911    5.1879708e+02   0.000000e+00   5.403780e+02   1451s
  100141    5.1879708e+02   0.000000e+00   1.311351e+01   1457s
  100361    5.1879708e+02   0.000000e+00   3.146430e+00   1463s
  100581    5.1879708e+02   0.000000e+00   7.602751e+01   1468s
  100801    5.1879708e+02   0.000000e+00   3.443374e+00   1474s
  101041    5.1879708e+02   0.000000e+00   2.424370e-01   1479s
  101291    5.1879708e+02   0.000000e+00   5.845028e-03   1485s
  101467    5.1879724e+02   0.000000e+00   0.000000e+00   1491s
  101587    5.1879724e+02   0.000000e+00   1.045511e-05   1497s
Extra 7 simplex iterations after uncrush
  101594    5.1879724e+02   0.000000e+00   0.000000e+00   1498s

Solved in 101594 iterations and 1497.90 seconds
Optimal objective  5.187972438e+02
