Academic license - for non-commercial use only
Set parameter TimeLimit to value 21600

Gurobi Optimizer version 8.0.0 build v8.0.0rc0 (linux64)
Copyright (c) 2018, Gurobi Optimization, LLC

Read LP format model from file compact/dmu59.lp
Reading time = 0.07 seconds
: 35400 rows, 18601 columns, 105600 nonzeros
Optimize a model with 35400 rows, 18601 columns and 105600 nonzeros
Variable types: 0 continuous, 18601 integer (18000 binary)
Coefficient statistics:
  Matrix range     [1e+00, 6e+04]
  Objective range  [1e+00, 1e+00]
  Bounds range     [1e+00, 1e+00]
  RHS range        [1e+00, 6e+04]
Presolve removed 0 rows and 600 columns
Presolve time: 0.19s
Presolved: 35400 rows, 18001 columns, 105600 nonzeros
Variable types: 0 continuous, 18001 integer (17400 binary)

Deterministic concurrent LP optimizer: primal and dual simplex
Showing first log only...

Presolve removed 17400 rows and 0 columns
Presolved: 18000 rows, 35401 columns, 70800 nonzeros

Presolve removed 30 rows and 17401 columns

Root simplex log...

Iteration    Objective       Primal Inf.    Dual Inf.      Time
       0    2.5460000e+03   0.000000e+00   0.000000e+00      7s
       0    2.5460000e+03   0.000000e+00   0.000000e+00      7s
Concurrent spin time: 0.01s

Solved with dual simplex

Root relaxation: objective 2.546000e+03, 10273 iterations, 0.25 seconds

    Nodes    |    Current Node    |     Objective Bounds      |     Work
 Expl Unexpl |  Obj  Depth IntInf | Incumbent    BestBd   Gap | It/Node Time

     0     0 2546.00000    0 2704          - 2546.00000      -     -    8s
     0     0 2546.26816    0 3385          - 2546.26816      -     -   19s
     0     0 2591.11730    0 3309          - 2591.11730      -     -   19s
     0     0 2591.11730    0 3306          - 2591.11730      -     -   19s
     0     0 2631.00000    0 3307          - 2631.00000      -     -   20s
     0     0 2631.00000    0 3359          - 2631.00000      -     -   20s
     0     0 2631.00640    0 2433          - 2631.00640      -     -   24s
     0     0 2645.00000    0 1352          - 2645.00000      -     -   35s
     0     0 2645.00000    0 2008          - 2645.00000      -     -   44s
     0     0 2645.00000    0 2001          - 2645.00000      -     -   44s
     0     0 2645.02473    0 2099          - 2645.02473      -     -   46s
     0     0 2645.03477    0 2172          - 2645.03477      -     -   47s
     0     0 2645.03566    0 2191          - 2645.03566      -     -   47s
     0     0 2645.03566    0 2190          - 2645.03566      -     -   47s
     0     0 2645.03566    0 2235          - 2645.03566      -     -   48s
     0     0 2645.03566    0 2205          - 2645.03566      -     -   48s
     0     0 2645.03566    0 2414          - 2645.03566      -     -   48s
     0     0 2645.03566    0 2560          - 2645.03566      -     -   49s
     0     0 2645.03566    0 1903          - 2645.03566      -     -   52s
     0     0 2645.03566    0 2088          - 2645.03566      -     -   52s
     0     0 2645.03566    0 1867          - 2645.03566      -     -   54s
     0     0 2645.03566    0 2578          - 2645.03566      -     -   55s
     0     0 2645.03566    0 1986          - 2645.03566      -     -   57s
     0     0 2645.03566    0 1354          - 2645.03566      -     -   69s
     0     0 2645.03566    0 1936          - 2645.03566      -     -   77s
     0     0 2645.03567    0 1960          - 2645.03567      -     -   77s
     0     0 2645.03567    0 1960          - 2645.03567      -     -   77s
     0     0 2645.03567    0 1606          - 2645.03567      -     -   79s
     0     0 2645.03567    0 1642          - 2645.03567      -     -   79s
     0     0 2645.03567    0 2054          - 2645.03567      -     -   80s
     0     0 2645.04859    0 2087          - 2645.04859      -     -   80s
     0     0 2645.04859    0 2086          - 2645.04859      -     -   80s
     0     0 2648.36842    0 1637          - 2648.36842      -     -   82s
     0     0 2648.36842    0 1841          - 2648.36842      -     -   82s
     0     0 2648.70656    0 2004          - 2648.70656      -     -   83s
     0     0 2648.70656    0 2072          - 2648.70656      -     -   83s
     0     0 2648.70656    0 2136          - 2648.70656      -     -   83s
     0     0 2648.70656    0 2161          - 2648.70656      -     -   84s
     0     0 2648.70656    0 1730          - 2648.70656      -     -   86s
     0     0 2648.70656    0 1912          - 2648.70656      -     -   86s
     0     0 2648.70656    0 1612          - 2648.70656      -     -   88s
     0     0 2648.70656    0 1940          - 2648.70656      -     -   88s
     0     0 2648.70656    0 2073          - 2648.70656      -     -   90s
     0     0 2648.70656    0 2088          - 2648.70656      -     -   90s
     0     0 2648.70656    0 1680          - 2648.70656      -     -   92s
     0     0 2649.00000    0 1324          - 2649.00000      -     -   94s
     0     0 2649.00000    0 1320          - 2649.00000      -     -   94s
     0     0 2649.00000    0 1352          - 2649.00000      -     -  115s
     0     0 2649.00000    0 1913          - 2649.00000      -     -  122s
     0     0 2649.00000    0 1917          - 2649.00000      -     -  122s
     0     0 2649.00000    0 1328          - 2649.00000      -     -  124s
     0     0 2649.00000    0 1444          - 2649.00000      -     -  125s
     0     0 2649.00000    0 1584          - 2649.00000      -     -  127s
     0     0 2649.00000    0 1628          - 2649.00000      -     -  127s
     0     0 2649.00397    0 1544          - 2649.00397      -     -  129s
     0     0 2649.15934    0 1753          - 2649.15934      -     -  129s
     0     0 2649.15934    0 1794          - 2649.15934      -     -  129s
     0     0 2649.15934    0 1967          - 2649.15934      -     -  130s
     0     0 2649.15934    0 1994          - 2649.15934      -     -  130s
     0     0 2649.15934    0 2296          - 2649.15934      -     -  131s
     0     0 2649.15934    0 2049          - 2649.15934      -     -  131s
     0     0 2649.15934    0 1513          - 2649.15934      -     -  133s
     0     0 2649.15934    0 1715          - 2649.15934      -     -  133s
     0     0 2649.15934    0 1929          - 2649.15934      -     -  134s
     0     0 2649.15934    0 1955          - 2649.15934      -     -  134s
     0     0 2649.15934    0 1594          - 2649.15934      -     -  136s
     0     0 2649.15934    0 1881          - 2649.15934      -     -  136s
     0     0 2649.15934    0 1675          - 2649.15934      -     -  138s
     0     0 2650.00000    0 1494          - 2650.00000      -     -  139s
     0     0 2650.00000    0 1040          - 2650.00000      -     -  140s
     0     0 2650.00000    0 1028          - 2650.00000      -     -  162s
     0     0 2650.00000    0 1694          - 2650.00000      -     -  167s
     0     0 2650.00000    0 1626          - 2650.00000      -     -  167s
     0     0 2650.00000    0 1384          - 2650.00000      -     -  169s
     0     0 2650.01755    0 1638          - 2650.01755      -     -  169s
     0     0 2650.21174    0 1530          - 2650.21174      -     -  169s
     0     0 2650.21174    0 1578          - 2650.21174      -     -  169s
     0     0 2650.21174    0 1901          - 2650.21174      -     -  170s
     0     0 2650.21174    0 1912          - 2650.21174      -     -  170s
     0     0 2650.21174    0 2179          - 2650.21174      -     -  171s
     0     0 2650.21174    0 2073          - 2650.21174      -     -  171s
     0     0 2650.21174    0 1616          - 2650.21174      -     -  173s
     0     0 2650.21174    0 1789          - 2650.21174      -     -  173s
     0     0 2650.21174    0 1565          - 2650.21174      -     -  175s
     0     0 2650.21174    0 1845          - 2650.21174      -     -  175s
     0     0 2650.21174    0 1614          - 2650.21174      -     -  177s
     0     0 2650.21174    0 1809          - 2650.21174      -     -  177s
     0     0 2650.21174    0 1483          - 2650.21174      -     -  178s
     0     0 2650.21174    0 1820          - 2650.21174      -     -  178s
     0     0 2650.21174    0 1553          - 2650.21174      -     -  180s
     0     0 2651.00000    0 1374          - 2651.00000      -     -  181s
     0     0 2651.00000    0 1373          - 2651.00000      -     -  182s
     0     2 2651.00000    0 1373          - 2651.00000      -     -  191s
   180   158 3354.00000   66 1020          - 2669.93980      -   191  195s
   655   549 2881.00000   61 1192          - 2691.00000      -   120  200s
   724   605 2881.00000   38 2433          - 2691.00000      -   119  206s
   725   605 2977.00000   41 1363          - 2691.00000      -   119  212s
   728   607 2976.00000  108 1390          - 2691.00000      -   118  216s
   731   611 3022.00000   50 2433          - 2691.00000      -   152  222s
   732   611 2714.86622    7 1025          - 2691.00000      -   151  227s
   735   613 3385.00000   56 1303          - 2691.00000      -   151  230s
   747   621 2976.00000   75 2272          - 2691.00000      -   148  235s
   755   627 2976.00000   35 1275          - 2691.00000      -   147  242s
   756   627 2976.00000   35 1275          - 2691.00000      -   147  594s
   757   631 2691.00000   27 1217          - 2691.00000      -   766  599s
   761   633 2691.00000   28 1481          - 2691.00000      -   768  600s
   945   733 2785.00000   77 1155          - 2691.00000      -   649  608s
  1045   779 2793.00000   49 1306          - 2702.00000      -   602  610s
  1444   965 2922.00000   51 1282          - 2715.00000      -   464  615s
  1864  1155 3041.00000   90 1172          - 2718.00000      -   378  620s
  2249  1293 infeasible  200               - 2718.00000      -   328  625s
  2736  1533 3449.00000  179  789          - 2718.00000      -   284  630s
  3134  1762 3028.00000   46 1293          - 2718.00000      -   262  635s
  3548  2128 3398.00000  186  905          - 2718.00000      -   241  640s
  4036  2519 3654.00000  309  686          - 2718.00000      -   223  645s
  4495  2853 3203.00000   68 1199          - 2718.00000      -   211  650s
  4845  3132 3091.00000   58 1225          - 2718.00000      -   203  656s
  5223  3460 infeasible  200               - 2718.00000      -   194  660s
  5521  3715 3512.00000   82 1004          - 2718.00000      -   188  665s
  6090  4202 3787.00000  270  745          - 2718.00000      -   178  672s
  6357  4421 3983.00000  339  599          - 2732.00000      -   174  675s
  7031  5000 3570.00000  148  819          - 2736.00000      -   163  682s
  7281  5166 3715.00000   79  935          - 2736.00000      -   160  686s
  7819  5563 3565.00000  101  843          - 2736.00000      -   153  692s
  8381  6057 4102.00000  254  603          - 2736.00000      -   146  697s
  8623  6264 4475.00000  296  507          - 2736.00000      -   144  700s
  9177  6757 4885.00000  408  414          - 2736.00000      -   139  705s
  9627  7099 5858.00000  507  291          - 2736.00000      -   135  710s
 10176  7564 3801.00000  207  671          - 2736.00000      -   131  716s
 10634  7934 4139.00000  120  745          - 2736.00000      -   128  721s
 11183  8448 4484.00000  300  467          - 2736.00000      -   124  725s
 11694  8896 5011.00000  432  353          - 2736.00000      -   121  731s
 12351  9539 5435.00000  508  308          - 2736.00000      -   116  736s
 13060 10165 5578.00000  604  272          - 2736.00000      -   112  746s
 13241 10362 5736.00000  680  263          - 2736.00000      -   110  750s
 13348 10487 5820.00000  701  245          - 2736.00000      -   110  758s
 13562 10662 6176.00000  743  205          - 2736.00000      -   109  760s
 14242 11320 6655.00000  828  156          - 2736.00000      -   105  765s
 14596 11687 6979.00000  876  126          - 2736.00000      -   103  892s
 15345 12410 7537.00000  977   68          - 2736.00000      -   100  897s
*15983 12896            1123    7855.0000000 2736.00000  65.2%  96.3  900s
 16152 13048     cutoff 1125      7855.00000 2736.00000  65.2%  95.6  931s
 16219 13081 3043.00000   65 1046 7855.00000 2736.00000  65.2%  95.5  936s
H16229 12997                    7782.0000000 2736.00000  64.8%  95.5  936s
 16275 13043 3179.00000   76  943 7782.00000 2736.00000  64.8%  95.6  940s
 16347 13116 3390.00000   88  836 7782.00000 2736.00000  64.8%  95.5  945s
 16414 13181 3390.00000  101  821 7782.00000 2736.00000  64.8%  95.3  950s
 16478 13246 3570.00000  115  743 7782.00000 2736.00000  64.8%  95.2  955s
 16564 13331 3637.00000  134  712 7782.00000 2736.00000  64.8%  95.0  962s
 16641 13407 3721.00000  152  626 7782.00000 2736.00000  64.8%  94.7  967s
 16674 13441 3637.00000  159  677 7782.00000 2736.00000  64.8%  94.6  970s
 16745 13513 3712.00000  177  659 7782.00000 2736.00000  64.8%  94.4  975s
 16828 13595 3822.00000  197  630 7782.00000 2736.00000  64.8%  94.0  980s
 16903 13668 3822.00000  219  618 7782.00000 2736.00000  64.8%  93.8  986s
 16974 13741 3951.00000  234  604 7782.00000 2736.00000  64.8%  93.6  991s
 17008 13775 3891.00000  244  589 7782.00000 2736.00000  64.8%  93.5  995s
 17055 13821 3934.00000  255  589 7782.00000 2736.00000  64.8%  93.4 1000s
 17123 13891 3995.00000  268  581 7782.00000 2736.00000  64.8%  93.2 1006s
 17198 13966 4271.00000  282  561 7782.00000 2736.00000  64.8%  92.9 1012s
 17237 14004 3988.00000  288  569 7782.00000 2736.00000  64.8%  92.8 1015s
 17400 14169 4225.00000  340  526 7782.00000 2736.00000  64.8%  92.3 1021s
 17991 14746 5044.00000  446  383 7782.00000 2736.00000  64.8%  89.9 1027s
*18113 14192             926    7337.0000000 2736.00000  62.7%  89.4 1027s
 18233 14255 5452.00000  468  322 7337.00000 2736.00000  62.7%  89.0 1030s
 18678 14699 5915.00000  565  248 7337.00000 2736.00000  62.7%  87.6 1036s
 19162 15073 6331.00000  652  190 7337.00000 2736.00000  62.7%  86.0 1042s
 19165 15079 6382.00000  653  193 7337.00000 2736.00000  62.7%  86.0 1045s
 19919 15712 3065.00000   62 1134 7337.00000 2736.00000  62.7%  83.4 1051s
 20478 16212 6298.00000  355  220 7337.00000 2736.00000  62.7%  82.1 1056s
 20782 16502 3251.00000   64  974 7337.00000 2736.00000  62.7%  81.3 1061s
 21386 17090 5479.00000  344  274 7337.00000 2736.00000  62.7%  79.8 1085s
 21430 17134 6264.00000  368  242 7337.00000 2736.00000  62.7%  79.7 1090s
 21528 17222 6632.00000  427  203 7337.00000 2736.00000  62.7%  79.4 1095s
 21932 17586 4770.00000  183  502 7337.00000 2736.00000  62.7%  78.7 1101s
 22430 18067 3024.00000   57 1254 7337.00000 2736.00000  62.7%  77.4 1107s
 22661 18272 4381.00000  143  623 7337.00000 2736.00000  62.7%  77.1 1110s
 23247 18844 3342.00000   82  904 7337.00000 2736.00000  62.7%  75.8 1116s
*24156 19457            1008    7274.0000000 2736.00000  62.4%  73.5 1119s
 24273 19638 5932.00000  402  237 7274.00000 2736.00000  62.4%  73.3 1121s
 24833 20181 3290.00000   57 1011 7274.00000 2736.00000  62.4%  72.2 1126s
 25395 20695 5251.00000  265  355 7274.00000 2736.00000  62.4%  71.2 1131s
 26022 21208 3921.00000  108  732 7274.00000 2736.00000  62.4%  70.2 1136s
 26459 21655 5476.00000  275  379 7274.00000 2736.00000  62.4%  69.6 1141s
 26914 22102 6980.00000  544  185 7274.00000 2736.00000  62.4%  68.8 1145s
 27115 22268 3290.00000   73  983 7274.00000 2736.00000  62.4%  68.7 1150s
 27474 22638 4008.00000  136  760 7274.00000 2736.00000  62.4%  68.3 1155s
 27883 23063 4903.00000  214  436 7274.00000 2736.00000  62.4%  67.8 1160s
 28163 23347 5386.00000  287  363 7274.00000 2736.00000  62.4%  67.4 1167s
 28261 23404 5386.00000  316  350 7274.00000 2736.00000  62.4%  67.3 1170s
 29211 24130 infeasible  514      7274.00000 2736.00000  62.4%  65.8 1177s
 29746 24617 6253.00000  296  247 7274.00000 2736.00000  62.4%  65.2 1181s
 30073 24916 2858.00000   36 1359 7274.00000 2744.00000  62.3%  64.8 1186s
 30498 25318 5337.00000  202  409 7274.00000 2744.00000  62.3%  64.7 1191s
 30881 25667 2980.00000   47 1378 7274.00000 2747.00000  62.2%  64.4 1195s
 31354 26128 5181.00000  189  466 7274.00000 2747.00000  62.2%  64.3 1201s
 31845 26605 6654.00000  527  173 7274.00000 2747.00000  62.2%  63.8 1206s
 32629 27269 3892.00000   78  966 7274.00000 2747.00000  62.2%  63.2 1212s
 32941 27579 4965.00000  127  581 7274.00000 2747.00000  62.2%  63.0 1217s
 33343 27939 5573.00000  165  443 7274.00000 2747.00000  62.2%  62.7 1221s
 33844 28410 6070.00000  223  376 7274.00000 2747.00000  62.2%  62.2 1225s
 34260 28799 7012.00000  277  256 7274.00000 2757.30166  62.1%  61.9 1231s
 34753 29157 4145.00000   80  818 7274.00000 2757.30166  62.1%  61.5 1235s
 35419 29729 3222.00000   47 1214 7274.00000 2762.00000  62.0%  61.1 1241s
 35990 30298 5007.00000  205  515 7274.00000 2762.00000  62.0%  60.7 1245s
*36468 30620             913    7269.0000000 2762.00000  62.0%  60.1 1247s
 36618 30694 6074.00000  371  270 7269.00000 2762.00000  62.0%  60.0 1250s
 37106 31163 4245.00000  106  984 7269.00000 2766.00000  61.9%  59.7 1255s
 37598 31643 6566.00000  382  239 7269.00000 2766.00000  61.9%  59.5 1261s
 37997 31914 4728.00000  102  660 7269.00000 2766.00000  61.9%  59.3 1265s
 38361 32270 6298.00000  307  259 7269.00000 2768.00000  61.9%  59.1 1270s
 38772 32622 3839.00000   77 1010 7269.00000 2768.00000  61.9%  59.1 1275s
 38961 32811 4754.00000  173  578 7269.00000 2768.00000  61.9%  59.3 1281s
 39158 33006 6799.00000  354  248 7269.00000 2768.00000  61.9%  59.2 1319s
 39163 33009 6799.00000  357  248 7269.00000 2768.00000  61.9%  59.2 1321s
 39210 33046 7079.00000  382  190 7269.00000 2768.00000  61.9%  59.2 1325s
 39319 33128 3004.00000   64 1071 7269.00000 2770.47500  61.9%  59.2 1331s
 39372 33180 3507.00000   83  809 7269.00000 2770.47500  61.9%  59.2 1335s
 39435 33239 3928.00000  103  702 7269.00000 2770.47500  61.9%  59.2 1340s
 40155 33971 5700.00000  328  266 7269.00000 2770.47500  61.9%  58.7 1345s
 40496 34315 5513.00000  384  248 7269.00000 2770.47500  61.9%  58.5 1352s
 40759 34505 5824.00000  402  220 7269.00000 2770.47500  61.9%  58.3 1357s
 40979 34693 6209.00000  426  172 7269.00000 2770.47500  61.9%  58.3 1362s
 41288 34992 6512.00000  457  160 7269.00000 2770.47500  61.9%  58.1 1367s
 41524 35248 6455.00000  496  155 7269.00000 2770.47500  61.9%  58.1 1375s
 41601 35375 6449.00000  502  157 7269.00000 2770.47500  61.9%  58.1 1380s
 42036 35753 6756.00000  522  133 7269.00000 2770.47500  61.9%  57.7 1386s
 42231 35934 6689.00000  573  105 7269.00000 2770.47500  61.9%  57.7 1390s
 42738 36413 6952.00000  617   78 7269.00000 2770.47500  61.9%  57.3 1395s
 43018 36683 7226.00000  672   28 7269.00000 2770.47500  61.9%  57.2 1400s
 43299 36940 7198.00000  670   34 7269.00000 2770.47500  61.9%  57.1 1405s
*43761 36614             720    7211.0000000 2770.47500  61.6%  56.6 1407s
 43972 36719     cutoff  723      7211.00000 2777.00000  61.5%  56.5 1410s
 44233 36971 5609.00000  166  513 7211.00000 2777.00000  61.5%  56.6 1415s
 44763 37432 3983.00000   89 1021 7211.00000 2777.00000  61.5%  56.4 1421s
 44951 37623 5256.00000  215  523 7211.00000 2777.00000  61.5%  56.6 1425s
 45396 38050 7009.00000  371  199 7211.00000 2777.00000  61.5%  56.3 1430s
 45804 38430 4555.00000  141  755 7211.00000 2777.00000  61.5%  56.5 1437s
 46245 38839 6120.00000  297  362 7211.00000 2777.00000  61.5%  56.2 1441s
 46494 39065 4167.00000   95  908 7211.00000 2777.00000  61.5%  56.4 1446s
 46831 39395 5567.00000  228  415 7211.00000 2777.00000  61.5%  56.3 1451s
 47283 39814 3560.00000   64 1317 7211.00000 2777.00000  61.5%  56.0 1455s
 47455 39986 4834.00000  169  574 7211.00000 2777.00000  61.5%  56.2 1460s
 47960 40469 2809.00000   36 1436 7211.00000 2777.00000  61.5%  55.9 1465s
 48546 41014 5732.00000  259  374 7211.00000 2777.00000  61.5%  55.8 1472s
 48900 41307 3237.00000   60 1301 7211.00000 2777.00000  61.5%  55.7 1476s
 49243 41564 4942.00000  158  674 7211.00000 2777.00000  61.5%  55.8 1480s
 49690 41981 6043.00000  339  272 7211.00000 2777.00000  61.5%  55.6 1485s
 50085 42316 4362.00000  124  783 7211.00000 2777.00000  61.5%  55.6 1490s
 50871 42939 3880.00000   71 1009 7211.00000 2777.00000  61.5%  55.2 1496s
 51038 43103 5103.00000  180  571 7211.00000 2777.00000  61.5%  55.4 1501s
 51491 43551 infeasible  555      7211.00000 2777.00000  61.5%  55.3 1506s
 51779 43825 4733.00000  133  733 7211.00000 2777.00000  61.5%  55.4 1511s
 52284 44286 3034.00000   41 1335 7211.00000 2777.00000  61.5%  55.2 1516s
 52522 44504 4628.00000  156  645 7211.00000 2777.00000  61.5%  55.3 1521s
 52978 44953 infeasible  425      7211.00000 2777.00000  61.5%  55.0 1527s
 53274 45252 4267.00000  124  846 7211.00000 2777.00000  61.5%  55.1 1531s
 53734 45696 6655.00000  329  268 7211.00000 2777.00000  61.5%  54.9 1536s
 53847 45771 3578.00000   66 1049 7211.00000 2777.00000  61.5%  54.9 1541s
 54337 46132 5741.00000  264  335 7211.00000 2777.00000  61.5%  54.8 1545s
 54731 46501 4051.00000  108  862 7211.00000 2777.00000  61.5%  54.7 1550s
 55354 47114 5917.00000  306  306 7211.00000 2777.00000  61.5%  54.4 1555s
*55763 47319             820    7210.0000000 2777.00000  61.5%  54.0 1555s
*56077 47352             788    7209.0000000 2777.00000  61.5%  53.8 1557s
 56297 47689 3714.00000   75  986 7209.00000 2777.00000  61.5%  53.9 1561s
 56651 48024 5100.00000  238  461 7209.00000 2777.00000  61.5%  53.9 1566s
 56955 48278 3037.00000   49 1358 7209.00000 2777.00000  61.5%  53.8 1570s
 57305 48623 5178.00000  194  428 7209.00000 2777.00000  61.5%  53.7 1575s
 57851 49122 4139.00000   90  962 7209.00000 2777.00000  61.5%  53.6 1581s
 58206 49469 6115.00000  170  420 7209.00000 2777.00000  61.5%  53.6 1586s
 58517 49751 3359.00000   65 1185 7209.00000 2777.00000  61.5%  53.5 1591s
 58794 50024 4977.00000  169  558 7209.00000 2777.00000  61.5%  53.6 1596s
 59231 50401 2794.00000   44 1393 7209.00000 2777.00000  61.5%  53.4 1600s
 59482 50654 3053.00000   92 1303 7209.00000 2777.00000  61.5%  53.8 1607s
 59879 51020 3158.00000  128 1096 7209.00000 2777.00000  61.5%  53.8 1611s
 60090 51230 3697.00000  195  977 7209.00000 2777.00000  61.5%  54.1 1616s
 60395 51526 3977.00000  265  597 7209.00000 2777.00000  61.5%  54.2 1621s
 60635 51756 4052.00000  314  675 7209.00000 2777.00000  61.5%  54.2 1626s
 60983 52094 4840.00000  372  473 7209.00000 2777.00000  61.5%  54.2 1631s
 61409 52486 4967.00000  446  400 7209.00000 2777.00000  61.5%  54.0 1637s
 61618 52670 5409.00000  505  296 7209.00000 2777.00000  61.5%  54.1 1642s
 61795 52842 6041.00000  550  253 7209.00000 2777.00000  61.5%  54.1 1645s
 62354 53377 6717.00000  676  186 7209.00000 2777.00000  61.5%  53.8 1650s
 62780 53784 4564.00000  156  621 7209.00000 2777.00000  61.5%  53.8 1657s
 63021 54024 5641.00000  283  444 7209.00000 2777.00000  61.5%  53.8 1660s
 63684 54599 3236.00000   67 1256 7209.00000 2777.00000  61.5%  53.6 1666s
 63865 54777 5019.00000  219  391 7209.00000 2777.00000  61.5%  53.8 1670s
 64336 55232 5374.00000  108  487 7209.00000 2777.00000  61.5%  53.8 1677s
 64715 55568 4374.00000   59  624 7209.00000 2779.00000  61.5%  53.8 1682s
 64956 55797 6098.00000  181  329 7209.00000 2781.00000  61.4%  53.7 1685s
 65423 56274 4231.00000  108 1037 7209.00000 2781.00000  61.4%  53.6 1690s
 65864 56641 5697.00000  274  335 7209.00000 2781.00000  61.4%  53.5 1697s
 66259 57012 4121.00000   75 1015 7209.00000 2781.00000  61.4%  53.3 1702s
 66619 57364 5317.00000  183  575 7209.00000 2781.00000  61.4%  53.4 1707s
 67137 57814 6266.00000  389  300 7209.00000 2785.00000  61.4%  53.2 1712s
 67554 58119 4045.00000   84  977 7209.00000 2785.00000  61.4%  53.2 1715s
 67681 58246 4441.00000  142  668 7209.00000 2785.00000  61.4%  53.4 1720s
 68033 58593 6151.00000  358  251 7209.00000 2785.00000  61.4%  53.4 1725s
 68355 58871 3856.00000   71 1004 7209.00000 2785.00000  61.4%  53.4 1730s
H68564 58189                    7156.0000000 2785.00000  61.1%  53.5 1735s
H68568 57680                    7130.0000000 2785.00000  60.9%  53.5 1735s
H68573 57678                    7129.0000000 2785.00000  60.9%  53.5 1738s
H68574 56313                    7042.0000000 2785.00000  60.5%  53.5 1738s
H68579 55895                    7024.0000000 2785.00000  60.4%  53.5 1741s
H68588 55700                    7010.0000000 2785.00000  60.3%  53.5 1741s
 68698 55809 4775.00000  185  521 7010.00000 2785.00000  60.3%  53.5 1746s
 69247 56247 6859.00000  455  151 7010.00000 2785.00000  60.3%  53.3 1751s
 69563 56475 4239.00000  114  774 7010.00000 2785.00000  60.3%  53.4 1755s
 70052 56953 5445.00000  303  329 7010.00000 2785.00000  60.3%  53.2 1761s
 70639 57461 3555.00000   60 1282 7010.00000 2792.00000  60.2%  53.0 1765s
 71057 57870 6879.00000  330  207 7010.00000 2792.00000  60.2%  53.1 1772s
 71421 58185 4811.00000  115  675 7010.00000 2792.00000  60.2%  53.1 1776s
 71720 58476 6571.00000  348  222 7010.00000 2793.00000  60.2%  53.1 1781s
 72039 58781 3717.00000   84 1102 7010.00000 2793.00000  60.2%  53.1 1786s
 72352 59070 6594.00000  292  287 7010.00000 2793.00000  60.2%  53.2 1791s
 72652 59329 4075.00000  101  824 7010.00000 2793.00000  60.2%  53.3 1797s
 72880 59550 4451.00000  142  865 7010.00000 2793.00000  60.2%  53.2 1800s
 73435 60094 6322.00000  423  235 7010.00000 2793.00000  60.2%  53.1 1806s
 74036 60642 3431.00000   71 1246 7010.00000 2793.00000  60.2%  53.0 1810s
 74321 60929 5011.00000  173  548 7010.00000 2793.00000  60.2%  53.2 1847s
 74403 61015 5288.00000  209  483 7010.00000 2793.00000  60.2%  53.1 1850s
 74443 61051 5381.00000  213  505 7010.00000 2793.00000  60.2%  53.2 1856s
 74485 61092 5353.00000  226  467 7010.00000 2793.00000  60.2%  53.2 1861s
 74548 61140 5353.00000  232  457 7010.00000 2793.00000  60.2%  53.2 1867s
 74585 61198 5353.00000  240  437 7010.00000 2793.00000  60.2%  53.2 1870s
 74801 61417 5782.00000  317  321 7010.00000 2793.00000  60.2%  53.2 1876s
 75354 61923 6616.00000  434  237 7010.00000 2793.00000  60.2%  53.0 1882s
 75790 62343 infeasible  509      7010.00000 2793.00000  60.2%  52.8 1885s
 75862 62397 4509.00000  106  917 7010.00000 2793.00000  60.2%  53.0 1890s
 76117 62636 2974.00000   45 1426 7010.00000 2793.00000  60.2%  53.2 1896s
 76310 62818 4638.00000  124  813 7010.00000 2793.00000  60.2%  53.3 1901s
 76624 63122 5509.00000  228  395 7010.00000 2793.00000  60.2%  53.4 1907s
 77093 63559 4036.00000   96  914 7010.00000 2793.00000  60.2%  53.3 1912s
 77363 63814 3137.00000   63 1500 7010.00000 2793.00000  60.2%  53.4 1916s
 77535 63985 4663.00000  134  614 7010.00000 2793.00000  60.2%  53.7 1921s
 78083 64492 6897.00000  329  203 7010.00000 2793.00000  60.2%  53.5 1926s
 78350 64712 4660.00000  120  818 7010.00000 2793.00000  60.2%  53.7 1932s
 78616 64965 5644.00000  209  452 7010.00000 2793.00000  60.2%  53.7 1935s
 79168 65407 4977.00000  135  546 7010.00000 2793.00000  60.2%  53.6 1940s
 79635 65834 3870.00000   80 1126 7010.00000 2793.00000  60.2%  53.6 1945s
 79874 66071 4933.00000  267  453 7010.00000 2793.00000  60.2%  53.8 1950s
 80403 66593 6160.00000  533  204 7010.00000 2793.00000  60.2%  53.6 1956s
*81025 65880            1122    6960.0000000 2794.00000  59.9%  53.3 1959s
 81159 66236 5106.00000   95  647 6960.00000 2794.00000  59.9%  53.4 1962s
 81348 66423 5896.00000  197  344 6960.00000 2794.00000  59.9%  53.4 1965s
 81786 66826 6277.00000  310  225 6960.00000 2794.00000  59.9%  53.3 1971s
 82096 67090 3227.00000   64 1323 6960.00000 2794.00000  59.9%  53.4 1976s
 82373 67349 4440.00000  118  817 6960.00000 2794.00000  59.9%  53.5 1982s
 82589 67559 4858.00000  180  652 6960.00000 2794.00000  59.9%  53.4 1985s
 82894 67844 6112.00000  324  280 6960.00000 2794.00000  59.9%  53.4 1992s
 83358 68291 3084.00000   63 1306 6960.00000 2794.00000  59.9%  53.3 1995s
 83589 68494 4807.00000  194  454 6960.00000 2794.00000  59.9%  53.4 2001s
 83940 68825 3053.00000   65 1377 6960.00000 2794.00000  59.9%  53.5 2007s
 84048 68933 3715.00000   86 1082 6960.00000 2794.00000  59.9%  53.6 2010s
 84408 69279 4452.00000  141  561 6960.00000 2794.00000  59.9%  53.7 2016s
 84837 69692 5480.00000  193  397 6960.00000 2794.00000  59.9%  53.6 2023s
 85000 69845 5973.00000  211  359 6960.00000 2794.00000  59.9%  53.6 2026s
 85444 70251 6605.00000  278  222 6960.00000 2794.00000  59.9%  53.5 2032s
 85702 70451 3030.00000   62 1404 6960.00000 2794.00000  59.9%  53.7 2035s
 85943 70690 3331.00000  123 1107 6960.00000 2794.00000  59.9%  54.0 2041s
 86180 70898 3891.00000  174  749 6960.00000 2794.00000  59.9%  54.2 2047s
 86284 70980 3891.00000  192  668 6960.00000 2794.00000  59.9%  54.3 2050s
 86767 71431 4544.00000  299  496 6960.00000 2794.00000  59.9%  54.3 2057s
 86985 71645 4749.00000  352  395 6960.00000 2794.00000  59.9%  54.4 2061s
 87464 72069 5237.00000  424  324 6960.00000 2794.00000  59.9%  54.3 2068s
 87553 72137 2950.00000   55 1379 6960.00000 2794.00000  59.9%  54.3 2070s
 87952 72530 4790.00000  248  479 6960.00000 2794.00000  59.9%  54.4 2078s
 88341 72901 5806.00000  383  297 6960.00000 2794.00000  59.9%  54.3 2081s
 88676 73208 3480.00000   67 1222 6960.00000 2794.00000  59.9%  54.4 2086s
 88975 73503 4880.00000  127  679 6960.00000 2794.00000  59.9%  54.5 2092s
 89160 73664 5853.00000  186  415 6960.00000 2794.00000  59.9%  54.5 2095s
 89389 73864 3590.00000   84 1083 6960.00000 2794.00000  59.9%  54.6 2100s
 89721 74182 5088.00000  186  467 6960.00000 2794.00000  59.9%  54.7 2106s
 90140 74521 3295.00000   77 1229 6960.00000 2794.00000  59.9%  54.7 2112s
 90302 74680 4666.00000  129  669 6960.00000 2794.00000  59.9%  54.8 2115s
 90864 75140 3790.00000   97 1017 6960.00000 2794.00000  59.9%  54.8 2121s
 90928 75198 4243.00000  123  904 6960.00000 2794.00000  59.9%  54.8 2125s
 91305 75565 4670.00000  207  681 6960.00000 2794.00000  59.9%  54.9 2131s
 91637 75851 2819.02306   49 1755 6960.00000 2794.00000  59.9%  55.0 2137s
 91799 76005 3530.00000   72 1193 6960.00000 2794.00000  59.9%  55.1 2140s
 92172 76319 5942.00000  240  355 6960.00000 2794.00000  59.9%  55.1 2147s
 92380 76509 3200.00000   65 1284 6960.00000 2794.00000  59.9%  55.2 2150s
 92709 76848 4724.00000  197  644 6960.00000 2794.00000  59.9%  55.4 2158s
 92962 77088 4886.00000  261  532 6960.00000 2794.00000  59.9%  55.3 2162s
 93202 77331 5139.00000  303  409 6960.00000 2794.00000  59.9%  55.3 2166s
 93653 77772 5983.00000  394  302 6960.00000 2794.00000  59.9%  55.2 2170s
H93793 77886                    6959.0000000 2794.00000  59.9%  55.2 2175s
H93796 74725                    6807.0000000 2794.00000  59.0%  55.2 2175s
H93801 73572                    6755.0000000 2794.00000  58.6%  55.2 2175s
 93838 73611 6038.00000  436  242 6755.00000 2794.00000  58.6%  55.2 2182s
 94075 73776 6379.00000  459  239 6755.00000 2794.00000  58.6%  55.2 2186s
 94379 74057 3147.00000   61 1242 6755.00000 2794.00000  58.6%  55.3 2193s
 94671 74349 3595.00000  126  988 6755.00000 2794.00000  58.6%  55.3 2197s
 95203 74877 4801.00000  195  562 6755.00000 2794.00000  58.6%  55.1 2201s
 95802 75425 2876.00000   46 1542 6755.00000 2794.00000  58.6%  55.0 2206s
 95939 75557 3783.41727   80 1345 6755.00000 2794.00000  58.6%  55.2 2213s
 96135 75747 4799.00000  138  614 6755.00000 2794.00000  58.6%  55.2 2216s
 96380 75974 6413.00000  299  208 6755.00000 2794.00000  58.6%  55.1 2220s
 96797 76356 4945.00000  128  644 6755.00000 2794.00000  58.6%  55.2 2227s
 97090 76578 infeasible  262      6755.00000 2794.00000  58.6%  55.2 2230s
 97337 76800 3728.00000   73 1079 6755.00000 2794.00000  58.6%  55.4 2236s
 97590 77050 4249.00000  142  675 6755.00000 2794.00000  58.6%  55.7 2243s
 97708 77177 4917.00000  167  560 6755.00000 2794.00000  58.6%  55.7 2247s
 97929 77388 5539.00000  197  454 6755.00000 2794.00000  58.6%  55.8 2251s
 98407 77804 3084.00000   60 1383 6755.00000 2794.00000  58.6%  55.8 2257s
 98501 77877 3489.00000   81 1101 6755.00000 2794.00000  58.6%  55.9 2261s
 98654 78027 5168.00000  204  476 6755.00000 2794.00000  58.6%  55.9 2265s
 99337 78693 2935.00000   44 1545 6755.00000 2794.00000  58.6%  55.8 2272s
 99435 78790 3216.00000   60 1327 6755.00000 2794.00000  58.6%  55.9 2275s
 99779 79130 3790.00000   90 1078 6755.00000 2794.00000  58.6%  55.9 2319s
 99781 79130 3898.00000   91  829 6755.00000 2794.00000  58.6%  55.9 2323s
 99803 79148 4088.00000   97  865 6755.00000 2794.00000  58.6%  56.0 2327s
 99847 79187 4382.00000  117  684 6755.00000 2794.00000  58.6%  56.0 2331s
 99892 79257 4537.00000  143  594 6755.00000 2794.00000  58.6%  56.0 2335s
 99995 79362 5022.00000  185  456 6755.00000 2794.00000  58.6%  56.0 2343s
 100045 79360 5116.00000  209  399 6755.00000 2794.00000  58.6%  56.0 2347s
 100095 79449 5266.00000  233  346 6755.00000 2794.00000  58.6%  56.0 2351s
 100812 80067 6315.00000  445  157 6755.00000 2794.00000  58.6%  55.7 2355s
 101040 80283 3714.00000   87  920 6755.00000 2794.00000  58.6%  55.9 2362s
 101262 80479 4780.00000  191  664 6755.00000 2794.00000  58.6%  55.9 2366s
 101606 80742 2940.00000   51 1517 6755.00000 2794.00000  58.6%  55.9 2372s
 101712 80843 3969.00000   83  992 6755.00000 2794.00000  58.6%  56.1 2376s
 102092 81180 5914.00000  189  429 6755.00000 2794.00000  58.6%  56.2 2382s
 102321 81392 3116.00000   46 1269 6755.00000 2794.00000  58.6%  56.2 2387s
 102455 81506 3571.00000   68 1101 6755.00000 2794.00000  58.6%  56.3 2390s
 102777 81808 3614.00000   68 1271 6755.00000 2794.00000  58.6%  56.4 2397s
 102992 81985 3977.00000   95 1004 6755.00000 2794.00000  58.6%  56.5 2400s
 103233 82224 6038.00000  248  406 6755.00000 2794.00000  58.6%  56.8 2407s
 103404 82370 3119.83278   54 1500 6755.00000 2794.00000  58.6%  56.8 2411s
 103633 82593 4200.00000   97  846 6755.00000 2794.00000  58.6%  56.9 2415s
 103759 82719 4522.00000  114  603 6755.00000 2794.00000  58.6%  57.0 2420s
 104211 83103 5756.00000  197  357 6755.00000 2794.00000  58.6%  57.0 2429s
 104699 83563 infeasible  238      6755.00000 2794.00000  58.6%  56.9 2432s
 104867 83715 4238.00000  136  912 6755.00000 2794.00000  58.6%  57.1 2438s
 105010 83852 4526.00000  209  573 6755.00000 2794.00000  58.6%  57.1 2442s
 105437 84247 3126.00000   49 1382 6755.00000 2794.00000  58.6%  57.0 2446s
 105996 84718 3322.00000   69 1188 6755.00000 2794.00000  58.6%  57.1 2452s
 106047 84768 3764.00000   94  888 6755.00000 2794.00000  58.6%  57.2 2455s
 106458 85159 3071.00000   53 1292 6755.00000 2794.00000  58.6%  57.3 2462s
H106459 85108                    6754.0000000 2794.00000  58.6%  57.3 2462s
H106460 84858                    6745.0000000 2794.00000  58.6%  57.3 2462s
 106605 84964 4781.00000  104  624 6745.00000 2794.00000  58.6%  57.3 2466s
 107009 85313 3245.00000   57 1274 6745.00000 2794.00000  58.6%  57.4 2473s
 107219 85515 4073.00000  102  932 6745.00000 2794.00000  58.6%  57.4 2476s
 107475 85754 6647.00000  330  204 6745.00000 2794.00000  58.6%  57.5 2480s
 107598 85858 3422.00000   65 1372 6745.00000 2794.00000  58.6%  57.7 2486s
 107661 85932 4236.00000   93  858 6745.00000 2794.00000  58.6%  57.8 2490s
 108089 86329 6027.00000  274  358 6745.00000 2794.00000  58.6%  57.8 2495s
 108849 87013 3129.00000   58 1368 6745.00000 2794.00000  58.6%  57.7 2503s
 109043 87198 3295.00000   85 1218 6745.00000 2794.00000  58.6%  57.7 2507s
 109437 87516 4140.00000  127  781 6745.00000 2794.00000  58.6%  57.7 2510s
 109860 87920 5528.00000  185  460 6745.00000 2794.00000  58.6%  57.8 2518s
 109955 88010 5581.00000  205  435 6745.00000 2794.00000  58.6%  57.9 2522s
 110131 88148 3098.00000   53 1378 6745.00000 2794.00000  58.6%  57.9 2525s
 110582 88587 5998.00000  351  311 6745.00000 2794.00000  58.6%  58.0 2533s
 110834 88818 3172.00000   46 1516 6745.00000 2794.00000  58.6%  57.9 2536s
 111064 88965 4060.00000   90  877 6745.00000 2794.00000  58.6%  58.0 2540s
 111358 89212 3854.00000   62 1056 6745.00000 2794.00000  58.6%  58.1 2546s
 111712 89529 3294.00000   57 1307 6745.00000 2794.00000  58.6%  58.2 2552s
 111780 89595 4127.00000  104  912 6745.00000 2794.00000  58.6%  58.3 2556s
 112003 89802 6029.00000  248  333 6745.00000 2794.00000  58.6%  58.4 2560s
 112510 90278 5868.00000  244  337 6745.00000 2794.00000  58.6%  58.4 2568s
 112722 90449 2993.00000   47 1498 6745.00000 2794.00000  58.6%  58.5 2571s
 113025 90738 4292.00000  100  696 6745.00000 2794.00000  58.6%  58.4 2575s
 113275 90961 3239.00000   59 1393 6745.00000 2794.00000  58.6%  58.6 2582s
 113426 91123 3864.00000   94 1045 6745.00000 2794.00000  58.6%  58.7 2586s
 113775 91464 5462.00000  166  436 6745.00000 2794.00000  58.6%  58.9 2594s
 114070 91729 6429.00000  215  325 6745.00000 2794.00000  58.6%  58.9 2598s
 114431 92019 infeasible  266      6745.00000 2794.00000  58.6%  58.8 2601s
 114525 92096 3815.00000   98 1185 6745.00000 2794.00000  58.6%  58.9 2605s
 114849 92367 4909.00000  189  627 6745.00000 2794.00000  58.6%  59.0 2613s
 115116 92608 infeasible  400      6745.00000 2794.00000  58.6%  59.0 2617s
 115318 92792 3911.00000   78 1102 6745.00000 2794.00000  58.6%  59.0 2621s
 115772 93221 5112.00000  206  670 6745.00000 2794.00000  58.6%  59.0 2627s
 115983 93419 6092.00000  347  335 6745.00000 2794.00000  58.6%  59.0 2631s
 116374 93762 3731.00000   93 1027 6745.00000 2794.00000  58.6%  59.1 2637s
 116508 93884 4971.00000  149  567 6745.00000 2794.00000  58.6%  59.2 2641s
 116799 94132 3293.00000   50 1299 6745.00000 2794.00000  58.6%  59.2 2645s
 117262 94424 4104.00000  126  780 6745.00000 2794.00000  58.6%  59.2 2653s
 117473 94618 4619.00000  186  672 6745.00000 2794.00000  58.6%  59.2 2657s
 117793 94936 5697.00000  298  384 6745.00000 2794.00000  58.6%  59.2 2662s
 117966 95085 5914.00000  364  273 6745.00000 2794.00000  58.6%  59.3 2666s
 118240 95354 6507.00000  453  240 6745.00000 2794.00000  58.6%  59.3 2670s
 118469 95545 2895.53232   44 1547 6745.00000 2794.00000  58.6%  59.2 2675s
 118840 95894 4510.00000  143  697 6745.00000 2794.00000  58.6%  59.4 2682s
H119062 93216                    6631.0000000 2794.00000  57.9%  59.4 2686s
H119091 92680                    6611.0000000 2794.00000  57.7%  59.5 2686s
 119132 92716 3362.06084   49 1400 6611.00000 2794.00000  57.7%  59.5 2690s
 119447 93012 4367.00000  124  766 6611.00000 2794.00000  57.7%  59.7 2699s
 119621 93195 5209.00000  171  524 6611.00000 2794.00000  57.7%  59.7 2703s
 119900 93452 5779.00000  194  384 6611.00000 2794.00000  57.7%  59.7 2708s
 120107 93643 6063.00000  227  344 6611.00000 2794.00000  57.7%  59.7 2712s
 120343 93843 2805.00000   44 1718 6611.00000 2794.00000  57.7%  59.7 2716s
 120529 94004 3689.00000   85  969 6611.00000 2794.00000  57.7%  59.9 2723s
 120641 94108 4418.00000  136  664 6611.00000 2794.00000  57.7%  59.9 2728s
 121228 94669 2848.00000   45 1620 6611.00000 2794.00000  57.7%  59.8 2732s
 121629 95058 3565.00000   77 1058 6611.00000 2794.00000  57.7%  59.7 2735s
 121821 95249 5193.00000  219  535 6611.00000 2794.00000  57.7%  59.8 2740s
 122483 95831 3310.00000   54 1163 6611.00000 2794.00000  57.7%  59.7 2746s
 122561 95905 4446.00000  103  650 6611.00000 2794.00000  57.7%  59.8 2750s
 123047 96350 3884.00000   76 1155 6611.00000 2794.00000  57.7%  59.8 2758s
 123279 96577 2996.00000   53 1519 6611.00000 2794.00000  57.7%  59.9 2762s
 123530 96809 4355.00000  134  751 6611.00000 2794.00000  57.7%  60.0 2795s
 123653 96904 5340.00000  219  465 6611.00000 2794.00000  57.7%  60.1 2804s
 123691 96965 5607.00000  242  395 6611.00000 2794.00000  57.7%  60.1 2808s
 123733 96995 5797.00000  268  339 6611.00000 2794.00000  57.7%  60.2 2813s
 123884 97131 2950.00000   60 1486 6611.00000 2794.00000  57.7%  60.2 2816s
 124016 97271 3287.00000   67 1318 6611.00000 2794.00000  57.7%  60.4 2820s
 124248 97509 3588.00000   83  902 6611.00000 2794.00000  57.7%  60.8 2828s
 124353 97596 3785.00000  100  906 6611.00000 2794.00000  57.7%  60.9 2832s
 124501 97755 4386.00000  117  731 6611.00000 2794.00000  57.7%  61.1 2837s
 124625 97872 4489.00000  130  708 6611.00000 2794.00000  57.7%  61.2 2841s
 125025 98121 infeasible  173      6611.00000 2794.00000  57.7%  61.2 2845s
 125272 98314 5677.00000  146  432 6611.00000 2794.00000  57.7%  61.4 2853s
 125601 98619 2892.00000   44 1563 6611.00000 2794.00000  57.7%  61.3 2856s
 125695 98708 4086.00000  100  982 6611.00000 2794.00000  57.7%  61.5 2860s
 126093 99015 3273.00000   55 1308 6611.00000 2794.00000  57.7%  61.5 2868s
 126274 99191 4735.00000  105  839 6611.00000 2794.00000  57.7%  61.6 2874s
 126718 99639 6232.00000  286  282 6611.00000 2794.00000  57.7%  61.5 2878s
 126991 99853 3420.00000   69 1151 6611.00000 2794.00000  57.7%  61.5 2883s
 127358 100120 4725.00000  170  659 6611.00000 2794.00000  57.7%  61.5 2888s
 127726 100477 infeasible  498      6611.00000 2794.00000  57.7%  61.4 2892s
 127839 100577 2976.00000   56 1431 6611.00000 2794.00000  57.7%  61.5 2895s
 128071 100784 4221.00000  109  903 6611.00000 2794.00000  57.7%  61.5 2900s
 128509 101182 3372.00000   61 1351 6611.00000 2794.00000  57.7%  61.6 2908s
 128755 101408 5337.00000  179  526 6611.00000 2794.00000  57.7%  61.6 2912s
 128965 101604 3613.00000   59 1210 6611.00000 2794.00000  57.7%  61.7 2917s
 129218 101847 5356.00000  131  730 6611.00000 2794.00000  57.7%  61.7 2921s
 129478 102047 3001.00000   46 1479 6611.00000 2794.00000  57.7%  61.7 2925s
 129605 102171 3645.00000   97 1105 6611.00000 2794.00000  57.7%  61.8 2930s
 130216 102722 5943.00000  454  285 6611.00000 2794.00000  57.7%  61.7 2938s
 130409 102900 2950.00000   63 1555 6611.00000 2794.00000  57.7%  61.8 2943s
 130598 103082 4356.00000  102  781 6611.00000 2794.00000  57.7%  61.8 2947s
 130933 103385 2924.00000   40 1530 6611.00000 2794.00000  57.7%  61.8 2952s
 131174 103616 4659.00000  126  711 6611.00000 2794.00000  57.7%  61.9 2956s
 131537 103940 3802.00000   86 1194 6611.00000 2794.00000  57.7%  62.0 2963s
H131744 104125                    6610.0000000 2794.00000  57.7%  62.0 2970s
H131747 103774                    6605.0000000 2794.00000  57.7%  62.0 2970s
H131751 103676                    6600.0000000 2794.00000  57.7%  62.0 2970s
H131754 102991                    6570.0000000 2794.00000  57.5%  62.0 2970s
 131912 103157 4785.00000  277  470 6570.00000 2794.00000  57.5%  62.0 2975s
 132591 103732 3274.00000   52 1420 6570.00000 2794.00000  57.5%  61.9 2983s
 132828 103963 5233.00000  134  546 6570.00000 2794.00000  57.5%  62.0 2987s
 133060 104172 3534.00000   60 1174 6570.00000 2794.00000  57.5%  62.0 2991s
 133228 104337 5935.00000  203  382 6570.00000 2794.00000  57.5%  62.1 2995s
 133375 104467 3100.00000   74 1209 6570.00000 2794.00000  57.5%  62.3 3002s
 133571 104646 3228.00000   98 1144 6570.00000 2794.00000  57.5%  62.3 3006s
 133733 104749 3396.00000  112 1004 6570.00000 2794.00000  57.5%  62.4 3010s
 133901 104910 3463.00000  139  952 6570.00000 2794.00000  57.5%  62.4 3015s
 134227 105224 3717.00000  163  850 6570.00000 2794.00000  57.5%  62.4 3020s
 134679 105635 2991.00000   61 1509 6570.00000 2794.00000  57.5%  62.5 3028s
 134830 105756 4069.00000   99 1067 6570.00000 2794.00000  57.5%  62.5 3032s
 134992 105912 5309.00000  205  496 6570.00000 2794.00000  57.5%  62.6 3037s
 135179 106087 2942.00000   59 1476 6570.00000 2794.00000  57.5%  62.7 3041s
 135358 106229 3901.00000   94  929 6570.00000 2794.00000  57.5%  62.7 3045s
 135771 106601 3509.00000   64 1164 6570.00000 2794.00000  57.5%  62.8 3053s
 135944 106766 3972.00000   90  934 6570.00000 2794.00000  57.5%  62.9 3151s
 135946 106771 3972.00000   91  931 6570.00000 2794.00000  57.5%  62.9 3156s
 135982 106803 4356.00000  118  801 6570.00000 2794.00000  57.5%  62.9 3161s
 136020 106841 4439.00000  132  781 6570.00000 2794.00000  57.5%  63.0 3166s
 136064 106886 4667.00000  155  631 6570.00000 2794.00000  57.5%  63.0 3170s
 136120 106942 5268.00000  181  502 6570.00000 2794.00000  57.5%  63.1 3175s
 136187 107009 5488.00000  219  431 6570.00000 2794.00000  57.5%  63.1 3181s
 136242 107064 5734.00000  247  418 6570.00000 2794.00000  57.5%  63.0 3187s
 136317 107135 6168.00000  285  335 6570.00000 2794.00000  57.5%  63.0 3192s
 136391 107208 6387.00000  308  269 6570.00000 2794.00000  57.5%  63.0 3198s
 136456 107254 infeasible  317      6570.00000 2794.00000  57.5%  63.0 3203s
 136527 107305 infeasible  331      6570.00000 2794.00000  57.5%  63.0 3212s
 136601 107363 2937.00000   45 1374 6570.00000 2794.00000  57.5%  63.0 3219s
 136875 107632 4092.00000  141  770 6570.00000 2794.00000  57.5%  63.0 3226s
 137404 108006 4591.00000  235  557 6570.00000 2794.00000  57.5%  62.9 3234s
 137726 108308 5650.00000  421  287 6570.00000 2794.00000  57.5%  62.9 3239s
 138024 108586 2911.00000   43 1683 6570.00000 2794.00000  57.5%  62.9 3248s
 138083 108643 3244.00000   55 1243 6570.00000 2794.00000  57.5%  62.9 3252s
 138171 108722 4533.00000  104  762 6570.00000 2794.00000  57.5%  63.0 3257s
 138784 109227 2909.00000   51 1489 6570.00000 2794.00000  57.5%  63.0 3263s
 138932 109356 3311.00000   82 1314 6570.00000 2794.00000  57.5%  63.0 3267s
 139378 109776 4611.00000  151  663 6570.00000 2794.00000  57.5%  63.0 3273s
 139513 109902 5753.00000  244  392 6570.00000 2794.00000  57.5%  63.0 3276s
 139773 110113 4316.00000   83 1004 6570.00000 2794.00000  57.5%  63.1 3281s
 139963 110290 5199.00000  134  636 6570.00000 2794.00000  57.5%  63.1 3285s
 140197 110498 4057.00000   94  892 6570.00000 2794.00000  57.5%  63.3 3293s
 140395 110660 2812.00000   42 1769 6570.00000 2794.00000  57.5%  63.4 3299s
 140519 110780 3123.00000   50 1620 6570.00000 2794.00000  57.5%  63.4 3303s
 140793 110946 4344.00000  100  787 6570.00000 2794.00000  57.5%  63.4 3307s
 140872 111019 4889.00000  139  695 6570.00000 2794.00000  57.5%  63.5 3312s
 141211 111290 2801.00000   38 1817 6570.00000 2794.00000  57.5%  63.5 3315s
 141368 111439 4380.00000  129  725 6570.00000 2794.00000  57.5%  63.7 3329s
 141501 111562 5122.00000  192  554 6570.00000 2794.00000  57.5%  63.8 3334s
 141725 111749 3012.00000   55 1534 6570.00000 2794.00000  57.5%  63.8 3338s
 141891 111918 4280.00000  122  840 6570.00000 2794.00000  57.5%  63.9 3344s
 142150 112170 5735.00000  228  417 6570.00000 2794.00000  57.5%  63.9 3349s
 142670 112616 4438.00000  107  782 6570.00000 2794.00000  57.5%  63.9 3354s
 142801 112718 6471.00000  210  287 6570.00000 2794.00000  57.5%  63.9 3357s
 142930 112819 4088.00000   83 1049 6570.00000 2794.00000  57.5%  64.0 3363s
 143043 112928 4633.00000  117  979 6570.00000 2794.00000  57.5%  64.0 3366s
 143185 113041 4776.00000  151  647 6570.00000 2794.00000  57.5%  64.1 3373s
 143422 113269 5717.00000  237  354 6570.00000 2794.00000  57.5%  64.1 3377s
 143896 113636 3588.00000   77 1096 6570.00000 2794.00000  57.5%  64.1 3381s
 143970 113702 3985.00000  108  962 6570.00000 2794.00000  57.5%  64.2 3387s
 144268 113974 infeasible  269      6570.00000 2794.00000  57.5%  64.1 3391s
 144317 114013 3697.00000   54 1272 6570.00000 2794.00000  57.5%  64.3 3396s
H144320 114001                    6569.0000000 2794.00000  57.5%  64.3 3396s
H144329 113417                    6562.0000000 2794.00000  57.4%  64.3 3396s
H144332 112618                    6544.0000000 2794.00000  57.3%  64.3 3396s
H144338 112560                    6540.0000000 2794.00000  57.3%  64.3 3396s
H144352 110513                    6488.0000000 2794.00000  56.9%  64.3 3396s
 144359 110533 3857.00000   77 1169 6488.00000 2794.00000  56.9%  64.3 3400s
 144414 110585 4150.00000   98  914 6488.00000 2794.00000  56.9%  64.4 3406s
 144579 110735 4513.00000  122  940 6488.00000 2794.00000  56.9%  64.5 3410s
 145006 111115 5286.00000  227  613 6488.00000 2794.00000  56.9%  64.6 3419s
 145116 111214 6296.00000  323  294 6488.00000 2794.00000  56.9%  64.6 3425s
 145341 111388 3734.00000   95  992 6488.00000 2794.00000  56.9%  64.8 3433s
 145490 111536 4874.00000  177  565 6488.00000 2794.00000  56.9%  64.9 3438s
 145645 111669 5425.00000  255  405 6488.00000 2794.00000  56.9%  64.9 3445s
 146140 112154 3030.00000   46 1502 6488.00000 2794.00000  56.9%  64.8 3450s
 146288 112283 4704.00000   99  676 6488.00000 2794.00000  56.9%  64.9 3455s
 146537 112529 2886.00000   42 1695 6488.00000 2794.00000  56.9%  64.9 3461s
 146651 112625 3519.00000   68 1094 6488.00000 2794.00000  56.9%  64.9 3468s
 147065 112988 2950.00000   51 1518 6488.00000 2794.00000  56.9%  64.9 3471s
 147097 113016 3123.00000   67 1406 6488.00000 2794.00000  56.9%  65.0 3478s
 147228 113149 3849.00000  140  887 6488.00000 2794.00000  56.9%  65.1 3483s
 147528 113441 5242.00000  353  404 6488.00000 2794.00000  56.9%  65.1 3488s
 148150 113987 3179.00000   61 1319 6488.00000 2794.00000  56.9%  65.0 3492s
 148215 114048 4186.00000  104 1073 6488.00000 2794.00000  56.9%  65.1 3496s
 148407 114225 2950.00000   58 1597 6488.00000 2794.00000  56.9%  65.2 3501s
 148499 114306 3715.00000   77 1124 6488.00000 2794.00000  56.9%  65.3 3511s
 148619 114425 3993.00000   84 1127 6488.00000 2794.00000  56.9%  65.3 3517s
 148858 114630 4107.00000  116 1006 6488.00000 2794.00000  56.9%  65.3 3521s
 149014 114791 5018.00000  158  577 6488.00000 2794.00000  56.9%  65.5 3526s
 149173 114944 5655.00000  193  480 6488.00000 2794.00000  56.9%  65.5 3531s
 149511 115261 infeasible  260      6488.00000 2794.00000  56.9%  65.5 3536s
 149622 115356 3099.00000   64 1471 6488.00000 2794.00000  56.9%  65.5 3540s
 149794 115484 3929.00000  106  884 6488.00000 2794.00000  56.9%  65.6 3545s
 149903 115587 5326.00000  200  691 6488.00000 2794.00000  56.9%  65.7 3550s
 150484 116021 3098.00000   71 1440 6488.00000 2794.00000  56.9%  65.6 3555s
 150776 116293 4573.00000  224  477 6488.00000 2794.00000  56.9%  65.6 3560s
*151426 116137             848    6485.0000000 2794.00000  56.9%  65.4 3560s
 151740 116876 3678.00000   74 1033 6485.00000 2794.00000  56.9%  65.5 3566s
 151821 116954 4642.00000  131  753 6485.00000 2794.00000  56.9%  65.6 3575s
 152296 117391 3234.00000   72 1378 6485.00000 2794.00000  56.9%  65.6 3582s
 152383 117480 4427.00000  127  721 6485.00000 2794.00000  56.9%  65.7 3587s
 152688 117763 6124.00000  252  273 6485.00000 2794.00000  56.9%  65.7 3593s
 152862 117868 3293.00000   53 1160 6485.00000 2794.00000  56.9%  65.7 3597s
 152941 117948 4167.00000   86  808 6485.00000 2794.00000  56.9%  65.8 3601s
 153118 118118 4785.00000  109  852 6485.00000 2794.00000  56.9%  65.9 3605s
 153717 118609 3212.00000   55 1192 6485.00000 2794.00000  56.9%  65.9 3613s
 153842 118746 4956.00000  137  678 6485.00000 2794.00000  56.9%  66.0 3617s
 154181 119038 3458.00000   68 1290 6485.00000 2794.00000  56.9%  66.0 3625s
 154464 119320 5252.00000  148  563 6485.00000 2794.00000  56.9%  66.1 3635s
 155036 119815 3428.00000   63 1186 6485.00000 2794.00000  56.9%  66.0 3643s
 155142 119918 4324.00000  113  859 6485.00000 2794.00000  56.9%  66.1 3650s
 155369 120138 5657.00000  186  455 6485.00000 2794.00000  56.9%  66.2 3655s
 155971 120708 3209.00000   70 1296 6485.00000 2794.00000  56.9%  66.1 3664s
 156201 120908 3368.00000   90 1132 6485.00000 2794.00000  56.9%  66.1 3668s
 156374 121000 3465.00000  109 1031 6485.00000 2794.00000  56.9%  66.2 3672s
 156436 121061 3576.00000  124  995 6485.00000 2794.00000  56.9%  66.3 3678s
 156578 121204 3759.00000  152  882 6485.00000 2794.00000  56.9%  66.3 3683s
 156705 121305 3892.00000  195  745 6485.00000 2794.00000  56.9%  66.4 3687s
 156861 121453 3951.00000  226  750 6485.00000 2794.00000  56.9%  66.4 3691s
 157005 121568 4035.00000  264  740 6485.00000 2794.00000  56.9%  66.5 3696s
 157077 121631 4589.00000  286  508 6485.00000 2794.00000  56.9%  66.6 3701s
 157206 121757 4318.00000  340  484 6485.00000 2794.00000  56.9%  66.6 3711s
 157349 121877 4950.00000  396  339 6485.00000 2794.00000  56.9%  66.7 3716s
 157594 122100 4961.00000  469  298 6485.00000 2794.00000  56.9%  66.6 3720s
 157933 122350 5730.00000  185  512 6485.00000 2794.00000  56.9%  66.8 3728s
 158145 122540 3468.00000   65 1105 6485.00000 2794.00000  56.9%  66.8 3733s
 158399 122775 6125.00000  172  399 6485.00000 2794.00000  56.9%  66.8 3737s
 158688 123030 3857.00000  109  977 6485.00000 2794.00000  56.9%  66.9 3743s
 158881 123196 4672.00000  210  551 6485.00000 2794.00000  56.9%  66.9 3749s
 159746 124022 2817.00000   42 1748 6485.00000 2794.00000  56.9%  66.6 3753s
 159779 124057 2904.00000   48 1598 6485.00000 2794.00000  56.9%  66.7 3759s
 159889 124126 3917.00000   74 1009 6485.00000 2794.00000  56.9%  66.8 3763s
 159967 124236 4352.00000  100  935 6485.00000 2794.00000  56.9%  66.9 3767s
 160244 124494 5272.00000  157  572 6485.00000 2794.00000  56.9%  67.0 3772s
 160402 124630 5510.00000  200  448 6485.00000 2794.00000  56.9%  66.9 3776s
 161008 125173 infeasible  277      6485.00000 2794.00000  56.9%  66.8 3783s
 161042 125203 3068.00000   57 1579 6485.00000 2794.00000  56.9%  66.9 3786s
 161162 125319 3670.00000   73 1143 6485.00000 2794.00000  56.9%  66.9 3790s
 161404 125532 5142.00000  164  495 6485.00000 2794.00000  56.9%  67.1 3799s
 161654 125757 2952.00000   59 1438 6485.00000 2794.00000  56.9%  67.1 3802s
 161723 125819 4265.00000  110  745 6485.00000 2794.00000  56.9%  67.2 3806s
 161891 125989 4973.00000  177  476 6485.00000 2794.00000  56.9%  67.2 3814s
 162232 126291 infeasible  410      6485.00000 2794.00000  56.9%  67.1 3818s
 162462 126507 infeasible   70      6485.00000 2794.00000  56.9%  67.1 3823s
 163007 126999 4072.00000   95 1069 6485.00000 2794.00000  56.9%  67.0 3826s
 163349 127297 3128.00000   47 1436 6485.00000 2794.00000  56.9%  67.1 3833s
 163426 127367 3872.00000   71  997 6485.00000 2794.00000  56.9%  67.2 3836s
 163654 127579 4233.00000   95  820 6485.00000 2794.00000  56.9%  67.2 3840s
 163792 127709 5641.00000  145  551 6485.00000 2794.00000  56.9%  67.3 3846s
H164135 127981                    6484.0000000 2794.00000  56.9%  67.3 3851s
H164136 127223                    6472.0000000 2794.00000  56.8%  67.3 3851s
H164141 127001                    6467.0000000 2794.00000  56.8%  67.3 3851s
H164144 126472                    6456.0000000 2794.00000  56.7%  67.3 3851s
H164145 124096                    6409.0000000 2794.00000  56.4%  67.3 3851s
 164159 124121 3437.00000   79 1247 6409.00000 2794.00000  56.4%  67.3 3857s
 164296 124251 4342.00000  146  672 6409.00000 2794.00000  56.4%  67.4 3862s
 164532 124460 6128.00000  258  315 6409.00000 2794.00000  56.4%  67.3 3866s
 164985 124670 3212.00000   65 1449 6409.00000 2794.00000  56.4%  67.3 3870s
 165308 124982 4327.00000  172  660 6409.00000 2794.00000  56.4%  67.4 3878s
 165510 125176 5811.00000  353  367 6409.00000 2794.00000  56.4%  67.4 3883s
 165962 125568 3028.00000   69 1501 6409.00000 2794.00000  56.4%  67.4 3887s
 166087 125680 3428.00000   87 1183 6409.00000 2794.00000  56.4%  67.4 3890s
 166212 125765 4231.00000  129  820 6409.00000 2794.00000  56.4%  67.5 3898s
 166302 125847 5339.00000  180  470 6409.00000 2794.00000  56.4%  67.6 3902s
 166586 126094 3165.00000   55 1468 6409.00000 2794.00000  56.4%  67.6 3906s
 166655 126154 3677.00000   73 1054 6409.00000 2794.00000  56.4%  67.7 3910s
 166985 126456 infeasible  245      6409.00000 2794.00000  56.4%  67.7 3918s
 167016 126482 3324.00000   47 1280 6409.00000 2794.00000  56.4%  67.8 3922s
 167061 126529 3904.00000   72  975 6409.00000 2794.00000  56.4%  67.9 3927s
 167253 126707 6286.00000  204  339 6409.00000 2794.00000  56.4%  67.9 3935s
 167529 126943 4803.00000  126  617 6409.00000 2794.00000  56.4%  68.0 3943s
 167920 127202 3003.00000   59 1440 6409.00000 2794.00000  56.4%  68.0 3947s
 167995 127275 3279.00000   82 1178 6409.00000 2794.00000  56.4%  68.1 3952s
 168299 127556 4575.00000  163  672 6409.00000 2794.00000  56.4%  68.1 3959s
 168369 127618 4673.00000  206  579 6409.00000 2794.00000  56.4%  68.1 3963s
 168660 127892 5851.00000  372  291 6409.00000 2794.00000  56.4%  68.2 3969s
 168855 128080 6102.00000  441  223 6409.00000 2794.00000  56.4%  68.2 3974s
 169127 128296 2959.00000   49 1485 6409.00000 2794.00000  56.4%  68.2 3981s
 169229 128398 3995.00000   70 1113 6409.00000 2794.00000  56.4%  68.3 3985s
 169384 128552 4205.00000   88  996 6409.00000 2794.00000  56.4%  68.4 3991s
 169711 128859 4458.00000  121  753 6409.00000 2794.00000  56.4%  68.4 3996s
 169898 129043 4951.00000  174  515 6409.00000 2794.00000  56.4%  68.4 4000s
 170125 129271 5711.00000  220  393 6409.00000 2794.00000  56.4%  68.4 4006s
 170344 129468 5933.00000  255  326 6409.00000 2794.00000  56.4%  68.4 4011s
 170547 129651 3376.00000   53 1348 6409.00000 2794.00000  56.4%  68.4 4016s
 170722 129817 3974.00000   85  936 6409.00000 2794.00000  56.4%  68.5 4023s
 170866 129956 6342.00000  214  338 6409.00000 2794.00000  56.4%  68.5 4027s
 171059 130132 4331.00000  107  926 6409.00000 2794.00000  56.4%  68.6 4032s
 171292 130323 3554.00000   54 1335 6409.00000 2794.00000  56.4%  68.6 4036s
 171586 130594 4421.00000  110  714 6409.00000 2794.00000  56.4%  68.7 4047s
 171765 130765 5915.00000  200  806 6409.00000 2794.00000  56.4%  68.8 4052s
 172122 131067 3636.00000   67 1171 6409.00000 2794.00000  56.4%  68.7 4056s
 172197 131128 3910.00000   93 1140 6409.00000 2794.00000  56.4%  68.8 4060s
 172387 131301 4589.00000  137  784 6409.00000 2794.00000  56.4%  68.9 4065s
 172490 131396 4993.00000  199  783 6409.00000 2794.00000  56.4%  68.9 4070s
 172945 131792 3702.00000   66 1161 6409.00000 2794.00000  56.4%  69.0 4082s
 173012 131851 4800.00000   99  680 6409.00000 2794.00000  56.4%  69.0 4087s
 173235 132043 2863.90095   46 1902 6409.00000 2794.00000  56.4%  69.0 4091s
 173307 132103 3037.00000   53 1481 6409.00000 2794.00000  56.4%  69.1 4096s
 173514 132305 3592.00000   71 1250 6409.00000 2794.00000  56.4%  69.2 4100s
 173678 132435 3702.00000   86 1153 6409.00000 2794.00000  56.4%  69.3 4105s
 173796 132542 3842.00000  107  903 6409.00000 2794.00000  56.4%  69.4 4110s
 174171 132912 5330.00000  169  665 6409.00000 2794.00000  56.4%  69.5 4121s
 174339 133072 5500.00000  202  415 6409.00000 2794.00000  56.4%  69.6 4127s
 174610 133321 6248.00000  235  313 6409.00000 2794.00000  56.4%  69.5 4131s
 174778 133454 4487.00000  104  726 6409.00000 2794.00000  56.4%  69.6 4136s
 174977 133634 2950.00000   53 1572 6409.00000 2794.00000  56.4%  69.6 4141s
 175189 133823 3380.00000   74 1125 6409.00000 2794.00000  56.4%  69.7 4147s
 175313 133939 4858.00000  164  501 6409.00000 2794.00000  56.4%  69.8 4152s
 175698 134301 5702.00000  322  271 6409.00000 2794.00000  56.4%  69.7 4158s
 175967 134537 5709.00000  407  231 6409.00000 2794.00000  56.4%  69.7 4166s
 176172 134728 5798.00000  443  232 6409.00000 2794.00186  56.4%  69.8 4171s
 176799 135311 3292.00000   59 1303 6409.00000 2794.00186  56.4%  69.7 4177s
*177151 135259             844    6408.0000000 2794.00186  56.4%  69.6 4177s
 177266 135505 3532.00000   97 1150 6408.00000 2794.00186  56.4%  69.5 4183s
H177273 134811                    6402.0000000 2794.00186  56.4%  69.6 4183s
 177452 134994 4672.00000  241  556 6402.00000 2794.00186  56.4%  69.6 4188s
 177660 135193 5310.00000  344  347 6402.00000 2794.01830  56.4%  69.6 4192s
 178026 135491 3177.00000   58 1230 6402.00000 2794.02920  56.4%  69.6 4195s
 178072 135539 4012.00000   94  956 6402.00000 2794.02920  56.4%  69.7 4202s
 178163 135626 4197.00000  120  794 6402.00000 2794.02920  56.4%  69.7 4206s
 178426 135880 5680.00000  238  372 6402.00000 2794.02920  56.4%  69.7 4210s
 178752 136105 3957.00000   71 1235 6402.00000 2794.07223  56.4%  69.8 4217s
 178977 136278 3101.00000   47 1389 6402.00000 2794.07223  56.4%  69.9 4220s
 179058 136354 4850.00000  104  878 6402.00000 2794.09456  56.4%  70.0 4227s
 179235 136509 3108.00000   63 1514 6402.00000 2794.09456  56.4%  70.0 4231s
 179285 136559 3705.00000   97 1062 6402.00000 2794.09456  56.4%  70.1 4236s
 179668 136932 infeasible  285      6402.00000 2794.09456  56.4%  70.1 4242s
 179847 137098 3177.00000   53 1483 6402.00000 2794.09456  56.4%  70.1 4245s
 180190 137410 4515.00000  113  811 6402.00000 2794.09456  56.4%  70.1 4250s
 180379 137596 6060.00000  287  303 6402.00000 2794.10081  56.4%  70.1 4256s
 180508 137691 3068.00000   56 1367 6402.00000 2794.10081  56.4%  70.1 4260s
 180874 138008 2942.00000   55 1592 6402.00000 2794.10081  56.4%  70.3 4268s
 181030 138144 3364.00000   75 1512 6402.00000 2794.10081  56.4%  70.3 4270s
 181194 138304 4881.00000  169  540 6402.00000 2794.10081  56.4%  70.4 4283s
 181379 138466 3194.00000   59 1260 6402.00000 2794.10081  56.4%  70.4 4287s
 181434 138520 3764.00000   79  999 6402.00000 2794.10081  56.4%  70.5 4290s
 181662 138726 4961.00000  154  565 6402.00000 2794.10081  56.4%  70.5 4295s
 182054 139050 3991.00000   73 1011 6402.00000 2794.10081  56.4%  70.7 4303s
 182198 139190 4222.00000  107  939 6402.00000 2794.10081  56.4%  70.7 4352s
 182309 139308 4375.00000  123  876 6402.00000 2794.10081  56.4%  70.8 4357s
 182336 139320 4511.00000  128  780 6402.00000 2794.10081  56.4%  70.8 4362s
 182380 139362 4418.00000  131  849 6402.00000 2794.10081  56.4%  70.9 4366s
 182436 139407 4418.00000  133  783 6402.00000 2794.10081  56.4%  70.9 4372s
 182480 139447 4578.00000  140  768 6402.00000 2794.10081  56.4%  70.9 4377s
 182528 139508 4623.00000  144  754 6402.00000 2794.10081  56.4%  70.9 4383s
 182592 139535 4810.00000  147  644 6402.00000 2794.10081  56.4%  71.0 4388s
 182678 139657 4664.00000  153  700 6402.00000 2794.10081  56.4%  70.9 4396s
 182920 139858 5323.00000  193  518 6402.00000 2794.10081  56.4%  70.9 4403s
 183137 140081 5512.00000  213  408 6402.00000 2794.10081  56.4%  70.9 4410s
 183258 140200 5635.00000  237  370 6402.00000 2794.10081  56.4%  71.0 4418s
 183402 140327 6046.00000  255  331 6402.00000 2794.10081  56.4%  71.0 4426s
 183578 140473 2978.00000   54 1373 6402.00000 2794.10081  56.4%  71.0 4431s
 183717 140607 3461.00000   81 1137 6402.00000 2794.10081  56.4%  71.1 4436s
 183946 140823 3784.00000  100  958 6402.00000 2794.10081  56.4%  71.1 4441s
 184068 140921 3976.00000  119  813 6402.00000 2794.10081  56.4%  71.1 4447s
 184147 141003 4275.00000  152  705 6402.00000 2794.10081  56.4%  71.2 4452s
 184285 141148 5084.00000  200  474 6402.00000 2794.10081  56.4%  71.3 4459s
 184531 141376 5945.00000  337  262 6402.00000 2794.10081  56.4%  71.2 4465s
 184682 141525 5941.00000  372  257 6402.00000 2794.10081  56.4%  71.3 4470s
 185203 142010 3077.00000   51 1413 6402.00000 2794.10081  56.4%  71.2 4475s
 185453 142247 3373.00000   75 1033 6402.00000 2794.10081  56.4%  71.2 4480s
 185655 142439 4110.00000  163  781 6402.00000 2794.10081  56.4%  71.2 4485s
 186275 143012 3484.00000   55 1332 6402.00000 2794.10807  56.4%  71.2 4493s
 186341 143072 4482.00000  113  679 6402.00000 2794.10807  56.4%  71.2 4500s
 186465 143167 5527.00000  204  425 6402.00000 2794.10807  56.4%  71.3 4505s
 187033 143645 infeasible  219      6402.00000 2794.10807  56.4%  71.3 4513s
 187081 143684 3451.00000   64 1149 6402.00000 2794.10807  56.4%  71.4 4516s
 187326 143895 5245.00000  142  478 6402.00000 2794.18636  56.4%  71.4 4521s
 187531 144061 3036.00000   55 1500 6402.00000 2794.18636  56.4%  71.5 4525s
 187801 144266 5028.00000  141  529 6402.00000 2794.25700  56.4%  71.6 4533s
 187933 144388 2847.00000   47 1670 6402.00000 2794.25700  56.4%  71.6 4540s
 188192 144610 4160.00000  105  918 6402.00000 2794.25700  56.4%  71.7 4549s
 188365 144779 6056.00000  195  373 6402.00000 2795.00000  56.3%  71.7 4554s
 188561 144960 3577.00000   68 1056 6402.00000 2795.00000  56.3%  71.8 4559s
 188805 145158 5677.00000  177  421 6402.00000 2795.00000  56.3%  71.8 4564s
 188892 145237 3772.00000   72 1046 6402.00000 2795.00000  56.3%  71.8 4567s
 189008 145351 4378.00000  136  729 6402.00000 2795.00000  56.3%  71.9 4576s
 189112 145456 4658.00000  186  523 6402.00000 2795.00000  56.3%  71.9 4581s
 189432 145755 5303.00000  366  392 6402.00000 2795.00000  56.3%  71.9 4587s
 190013 146316 2851.00000   45 1682 6402.00000 2795.00000  56.3%  71.8 4591s
H190067 146215                    6401.0000000 2795.00000  56.3%  71.8 4595s
H190081 145009                    6377.0000000 2795.00000  56.2%  71.8 4595s
H190083 143808                    6355.0000000 2795.00000  56.0%  71.8 4595s
 190108 143831 3509.00000   73 1303 6355.00000 2795.00000  56.0%  71.9 4600s
 190501 144171 3108.00000   67 1455 6355.00000 2795.00000  56.0%  71.9 4613s
 190524 144195 3353.00000   78 1230 6355.00000 2795.00000  56.0%  72.0 4617s
 190593 144263 4542.00000  116  788 6355.00000 2795.00000  56.0%  72.1 4621s
 190691 144356 5830.00000  190  484 6355.00000 2795.00000  56.0%  72.1 4625s
 190884 144505 2969.00000   48 1558 6355.00000 2795.00000  56.0%  72.2 4630s
 191191 144798 infeasible  218      6355.00000 2795.00000  56.0%  72.3 4641s
 191325 144919 3574.00000   84 1190 6355.00000 2795.00000  56.0%  72.3 4646s
 191607 145178 4219.00000  185  658 6355.00000 2795.00000  56.0%  72.3 4653s
 191804 145370 5108.00000  325  402 6355.00000 2795.00000  56.0%  72.4 4658s
 192196 145739 2924.00000   61 1537 6355.00000 2795.00000  56.0%  72.3 4664s
 192292 145821 4968.00000  124  608 6355.00000 2795.00000  56.0%  72.4 4668s
 192511 146019 3164.00000   56 1439 6355.00000 2795.00000  56.0%  72.4 4675s
 192897 146362 4045.00000   68 1095 6355.00000 2795.00000  56.0%  72.4 4683s
 192994 146455 4358.00000  101 1034 6355.00000 2795.00000  56.0%  72.5 4689s
 193200 146631 infeasible  230      6355.00000 2795.00000  56.0%  72.5 4694s
 193279 146697 3432.00000   67 1169 6355.00000 2795.00000  56.0%  72.6 4699s
 193497 146897 5577.00000  143  493 6355.00000 2795.00000  56.0%  72.7 4706s
 193590 146976 2973.00000   63 1363 6355.00000 2795.00000  56.0%  72.7 4710s
 193723 147105 3380.00000   86  969 6355.00000 2795.00000  56.0%  72.8 4715s
 193936 147324 5013.00000  154  572 6355.00000 2795.00000  56.0%  72.8 4722s
 194365 147724 6094.00000  277  284 6355.00000 2795.00000  56.0%  72.7 4726s
 194677 147982 3222.00000   67 1304 6355.00000 2795.00000  56.0%  72.7 4733s
 194713 148018 3264.00000   78 1524 6355.00000 2795.00000  56.0%  72.8 4737s
 194775 148079 3543.00000   90 1129 6355.00000 2795.00000  56.0%  72.8 4742s
 194980 148261 6183.00000  201  369 6355.00000 2795.00000  56.0%  72.9 4747s
 195194 148487 3064.00000   72 1361 6355.00000 2795.00000  56.0%  72.9 4752s
 195615 148841 5029.00000  238  486 6355.00000 2795.00000  56.0%  72.9 4758s
 196133 149373 2795.00000   57 1654 6355.00000 2795.00000  56.0%  72.8 4764s
 196164 149398 2957.00000   69 1475 6355.00000 2795.00000  56.0%  72.8 4768s
 196242 149475 3130.00000   81 1369 6355.00000 2795.00000  56.0%  72.9 4772s
 196378 149603 3134.00000   96 1278 6355.00000 2795.00000  56.0%  73.0 4777s
 196519 149716 3468.00000  112 1269 6355.00000 2795.00000  56.0%  73.0 4781s
 196742 149935 3898.00000  148  807 6355.00000 2795.00000  56.0%  73.1 4790s
 196854 150041 3845.00000  186  712 6355.00000 2795.00000  56.0%  73.1 4795s
 197072 150235 4360.00000  230  574 6355.00000 2795.00000  56.0%  73.1 4800s
 197267 150429 5077.00000  312  444 6355.00000 2795.00000  56.0%  73.2 4805s
 197422 150577 5291.00000  371  350 6355.00000 2795.00000  56.0%  73.2 4812s
