Academic license - for non-commercial use only
Set parameter TimeLimit to value 21600

Gurobi Optimizer version 8.0.0 build v8.0.0rc0 (linux64)
Copyright (c) 2018, Gurobi Optimization, LLC

Read LP format model from file compact/swv16.lp
Reading time = 0.09 seconds
: 49500 rows, 25501 columns, 148000 nonzeros
Optimize a model with 49500 rows, 25501 columns and 148000 nonzeros
Variable types: 0 continuous, 25501 integer (25000 binary)
Coefficient statistics:
  Matrix range     [1e+00, 3e+04]
  Objective range  [1e+00, 1e+00]
  Bounds range     [1e+00, 1e+00]
  RHS range        [1e+00, 3e+04]
Presolve removed 0 rows and 500 columns
Presolve time: 0.28s
Presolved: 49500 rows, 25001 columns, 148000 nonzeros
Variable types: 0 continuous, 25001 integer (24500 binary)

Deterministic concurrent LP optimizer: primal and dual simplex
Showing first log only...

Presolve removed 24500 rows and 0 columns
Presolved: 25000 rows, 49501 columns, 99000 nonzeros

Presolve removed 50 rows and 24501 columns

Root simplex log...

Iteration    Objective       Primal Inf.    Dual Inf.      Time
       0    7.0800000e+02   0.000000e+00   0.000000e+00     12s
       0    7.0800000e+02   0.000000e+00   0.000000e+00     12s
Concurrent spin time: 0.03s

Solved with primal simplex

Root relaxation: objective 7.080000e+02, 0 iterations, 0.37 seconds
Total elapsed time = 16.48s

    Nodes    |    Current Node    |     Objective Bounds      |     Work
 Expl Unexpl |  Obj  Depth IntInf | Incumbent    BestBd   Gap | It/Node Time

     0     0  708.00000    0 3284          -  708.00000      -     -   16s
     0     0  708.00290    0 3916          -  708.00290      -     -   43s
     0     0  708.00290    0 3940          -  708.00290      -     -   43s
     0     0  709.22772    0 4416          -  709.22772      -     -   45s
     0     0  710.50467    0 4177          -  710.50467      -     -   45s
     0     0  713.66667    0 4148          -  713.66667      -     -   46s
     0     0  713.66667    0 4083          -  713.66667      -     -   46s
     0     0  727.00001    0 4394          -  727.00001      -     -   49s
     0     0  728.00000    0 2109          -  728.00000      -     -   71s
     0     0  728.00000    0 2627          -  728.00000      -     -   86s
     0     0  728.00000    0 2659          -  728.00000      -     -   86s
     0     0  728.06142    0 2714          -  728.06142      -     -   90s
     0     0  728.07320    0 3182          -  728.07320      -     -   91s
     0     0  728.28182    0 3489          -  728.28182      -     -   92s
     0     0  728.28182    0 3288          -  728.28182      -     -   93s
     0     0  728.91043    0 3603          -  728.91043      -     -   94s
     0     0  729.03398    0 3575          -  729.03398      -     -   95s
     0     0  729.03398    0 3498          -  729.03398      -     -   95s
     0     0  729.03398    0 3859          -  729.03398      -     -   97s
     0     0  729.03398    0 3477          -  729.03398      -     -   98s
     0     0  729.03398    0 2788          -  729.03398      -     -  102s
     0     0  729.03398    0 1822          -  729.03398      -     -  120s
     0     0  729.03398    0 2513          -  729.03398      -     -  139s
     0     0  729.03398    0 2637          -  729.03398      -     -  139s
     0     0  730.00000    0 2779          -  730.00000      -     -  140s
     0     0  730.00000    0 2781          -  730.00000      -     -  141s
     0     0  730.00000    0 3148          -  730.00000      -     -  142s
     0     0  730.55531    0 3148          -  730.55531      -     -  143s
     0     0  730.71281    0 3191          -  730.71281      -     -  143s
     0     0  730.71281    0 3189          -  730.71281      -     -  143s
     0     0  730.76316    0 2172          -  730.76316      -     -  147s
     0     0  730.76316    0 2471          -  730.76316      -     -  148s
     0     0  730.76316    0 2841          -  730.76316      -     -  149s
     0     0  730.76316    0 2934          -  730.76316      -     -  149s
     0     0  730.76316    0 2333          -  730.76316      -     -  153s
     0     0  730.76316    0 2619          -  730.76316      -     -  153s
     0     0  730.78374    0 2339          -  730.78374      -     -  157s
     0     0  730.78374    0 2699          -  730.78374      -     -  157s
     0     0  730.78374    0 3033          -  730.78374      -     -  158s
     0     0  730.78374    0 3186          -  730.78374      -     -  159s
     0     0  730.78864    0 2358          -  730.78864      -     -  163s
     0     0  730.78864    0 3099          -  730.78864      -     -  163s
     0     0  730.78864    0 3032          -  730.78864      -     -  165s
     0     0  730.78864    0 3321          -  730.78864      -     -  165s
     0     0  730.78864    0 2343          -  730.78864      -     -  169s
     0     0  730.78864    0 2848          -  730.78864      -     -  170s
     0     0  730.78864    0 2512          -  730.78864      -     -  173s
     0     0  731.00000    0 2348          -  731.00000      -     -  174s
     0     0  731.00000    0 2347          -  731.00000      -     -  175s
     0     0  736.00000    0 1620          -  736.00000      -     -  235s
     0     0  736.00000    0 2114          -  736.00000      -     -  251s
     0     0  736.00000    0 2055          -  736.00000      -     -  251s
     0     0  736.00000    0 2053          -  736.00000      -     -  255s
     0     0  736.00000    0 2234          -  736.00000      -     -  255s
     0     0  736.00000    0 1995          -  736.00000      -     -  258s
     0     0  736.00000    0 2280          -  736.00000      -     -  259s
     0     0  736.00000    0 1967          -  736.00000      -     -  262s
     0     0  736.00000    0 2224          -  736.00000      -     -  263s
     0     0  736.00000    0 2052          -  736.00000      -     -  266s
     0     0  736.00000    0 2003          -  736.00000      -     -  267s
     0     2  736.00000    0 2003          -  736.00000      -     -  294s
     1     5  736.00000    1 1987          -  736.00000      -  5520  295s
    95    79  883.00000   41 1675          -  736.00000      -   366  300s
   246   176 1104.00000  102 1299          -  736.00000      -   324  305s
   416   297  823.00000   10 2045          -  737.00000      -   287  310s
   602   416  940.00000   58 1634          -  748.66305      -   259  315s
   731   520  823.00000   14 4394          -  748.66305      -   269  320s
   732   521  867.00000   56 4394          -  748.66305      -   269  328s
   733   521 1104.00000  102 1551          -  748.66305      -   269  346s
   736   523  823.00000   20 2067          -  748.66305      -   268  352s
   739   527 1104.00000  100 4394          -  748.66305      -   327  362s
   740   527 1104.00000  137 1575          -  748.66305      -   326  376s
   744   530  834.00000   38 2041          -  748.66305      -   325  380s
   745   531  996.00000   61 2041          -  748.66305      -   324  389s
   746   534  771.00000   23 1555          -  748.66305      -   865  396s
   868   608  771.00000   57 1545          -  748.66305      -   802  400s
  1237   788  892.00000  153 1378          -  748.66305      -   606  405s
  1701   972 infeasible  278               -  748.66305      -   463  410s
  2048  1141  773.00000   60 1593          -  748.66305      -   414  415s
  2496  1462  945.00000  159 1250          -  748.66305      -   359  421s
  2861  1770 1302.00000  278 1107          -  748.66305      -   323  425s
  3138  2021 1017.00000   98 1200          -  748.66305      -   305  430s
  3393  2280 1134.00000  222  967          -  748.66305      -   290  435s
  3673  2551 1433.00000  310  734          -  748.66305      -   276  440s
  3948  2801 1732.00000  416  556          -  748.66305      -   263  445s
  4299  3134 1140.00000  141  961          -  748.66305      -   251  451s
  4519  3352 1247.00000  243  856          -  748.66305      -   244  456s
  4647  3489 1472.00000  267  712          -  748.66305      -   242  460s
  4933  3759 1475.00000  378  556          -  748.66305      -   234  466s
  5120  3933 1494.00000  396  578          -  748.66305      -   230  472s
  5292  4125 1528.00000  426  564          -  748.66305      -   225  475s
  5731  4551 1585.00000  461  539          -  748.66305      -   212  482s
  6004  4848 1676.00000  485  509          -  748.66305      -   204  485s
  6606  5438 1848.00000  524  433          -  748.66305      -   189  492s
  7038  5867 2035.00000  556  385          -  748.66305      -   179  496s
  7446  6341 2238.00000  588  321          -  748.66305      -   171  500s
  8206  7068 2325.00000  688  254          -  748.66305      -   157  506s
  9099  7984 2465.00000  731  224          -  748.66305      -   144  512s
  9547  8338 2534.00000  782  200          -  748.66305      -   137  515s
*10319  8716            1197    3496.0000000  748.66305  78.6%   128  518s
H10464  7868                    3252.0000000  748.66305  77.0%   127  538s
 10466  7863 2776.00000  851  156 3252.00000  748.66305  77.0%   127  544s
 10637  8044 2855.00000  858  141 3252.00000  748.66305  77.0%   126  550s
 10802  8202 2790.00000  856  151 3252.00000  748.66305  77.0%   124  556s
 10997  8353 2855.00000  857  147 3252.00000  748.66305  77.0%   122  561s
 11097  8446 2790.00000  873  158 3252.00000  748.66305  77.0%   122  568s
 11279  8630 2839.00000  874  156 3252.00000  748.66305  77.0%   121  571s
H11742  8943                    3199.0000000  748.66305  76.6%   117  577s
 11822  9017 2896.00000  886  138 3199.00000  748.66305  76.6%   117  582s
 12111  9303 2919.00000  913  122 3199.00000  748.66305  76.6%   115  585s
 13009 10227 3045.00000 1058   50 3199.00000  748.66305  76.6%   108  591s
 13936 11089 3085.00000 1142    5 3199.00000  748.66305  76.6%   103  597s
 14206 11209  793.00000   43 1463 3199.00000  748.66305  76.6%   101  604s
H14463 10866                    3110.0000000  748.66305  75.9%   101  604s
 14464 11042 1123.00000  125 1080 3110.00000  748.66305  75.9%   101  609s
 14715 11281  777.00000  113 4394 3110.00000  748.66305  75.9%   100 1998s
 14717 11282 2935.00000  881 1519 3110.00000  755.00000  75.7%   100 2005s
 14718 11283 1738.00000  471 2164 3110.00000  755.00000  75.7%   100 2011s
 14721 11285  825.00000  115 2506 3110.00000  761.79477  75.5%   100 2015s
 14722 11286 1303.00000  247 2060 3110.00000  763.00000  75.5%   100 2032s
 14723 11286 1880.00000  267 2322 3110.00000  763.00000  75.5%   100 2044s
 14724 11287 2641.00000  792 2664 3110.00000  766.20755  75.4%   100 2048s
 14725 11288 1140.00000  147 2890 3110.00000  766.98024  75.3%   100 2051s
 14727 11289  769.23754   88 2903 3110.00000  769.23754  75.3%   100 2064s
 14728 11290 1177.00000  264 3068 3110.00000  772.81568  75.2%   100 2073s
 14729 11290 1704.00000  490 3251 3110.00000  772.89897  75.1%   100 2076s
 14730 11291 2360.00000  671 3283 3110.00000  772.89897  75.1%   100 2091s
 14731 11292 2393.00000  700 3269 3110.00000  774.52341  75.1%   100 2107s
 14732 11292  879.00000  100 3469 3110.00000  775.11538  75.1%   100 2124s
 14733 11293  894.00000  129 3498 3110.00000  775.16984  75.1%   100 2130s
 14734 11294 1282.00000  254 3509 3110.00000  775.16984  75.1%   100 2145s
 14735 11294 1207.00000  273 3394 3110.00000  776.17808  75.0%   100 2169s
 14736 11295 1944.00000  542 3653 3110.00000  776.19075  75.0%   100 2182s
 14737 11296 2295.00000  661 3644 3110.00000  776.19075  75.0%   100 2202s
 14738 11296 2412.00000  707 3479 3110.00000  777.00000  75.0%   100 2237s
 14739 11297 2253.00000  610 3643 3110.00000  777.00000  75.0%   100 2266s
 14740 11298 3010.00000  955 3461 3110.00000  777.00000  75.0%   100 2301s
 14741 11298 2760.00000  841 3716 3110.00000  777.00000  75.0%   100 2340s
 14742 11299 3021.00000  999 2089 3110.00000  777.00000  75.0%   100 2427s
 14743 11300 2817.00000  839 2715 3110.00000  777.00000  75.0%   100 2441s
 14744 11300 2778.00000  857 2161 3110.00000  778.00000  75.0%   100 2465s
 14745 11301 2225.00000  433 2652 3110.00000  778.00000  75.0%   100 2479s
 14746 11302 1334.00000  282 2809 3110.00000  778.35790  75.0%   100 2488s
 14747 11302 2749.00000  816 3076 3110.00000  778.71837  75.0%   100 2493s
 14748 11303  961.00000  213 3167 3110.00000  778.72206  75.0%   100 2497s
 14749 11304 2653.00000  819 3205 3110.00000  778.72279  75.0%   100 2500s
 14752 11306 2340.00000  656 3185 3110.00000  778.72760  75.0%   100 2517s
 14753 11306 3082.00000 1123 3113 3110.00000  779.00000  75.0%   100 2531s
 14754 11307 1205.00000   98 3307 3110.00000  779.00000  75.0%   100 2555s
 14755 11308 3021.00000  998 3167 3110.00000  779.18692  74.9%   100 2588s
 14756 11308 1760.00000  505 3325 3110.00000  779.50711  74.9%   100 2612s
 14757 11309  967.00000  212 3438 3110.00000  779.54662  74.9%   100 2625s
 14758 11310 1134.00000  223 3523 3110.00000  779.61762  74.9%   100 2632s
 14759 11310 2766.00000  810 3515 3110.00000  779.61762  74.9%   100 2650s
 14760 11311 2193.00000  674 3323 3110.00000  780.00000  74.9%   100 2675s
 14761 11312 1848.00000  530 3506 3110.00000  780.00000  74.9%   100 2706s
 14762 11312 1260.00000  282 3282 3110.00000  780.00000  74.9%   100 2747s
 14763 11313 1456.00000  316 3478 3110.00000  780.02149  74.9%  99.5 2773s
 14764 11314 1358.00000  256 3617 3110.00000  780.20270  74.9%  99.5 2798s
 14765 11314  882.00000  140 3741 3110.00000  780.31644  74.9%  99.5 2815s
 14766 11315 1711.00000  317 3786 3110.00000  780.35998  74.9%  99.5 2830s
 14768 11316 1381.00000  249 3804 3110.00000  780.36405  74.9%  99.5 2848s
 14769 11317 1904.00000  340 2401 3110.00000  780.46758  74.9%  99.5 2926s
 14770 11318 1007.00000  153 3039 3110.00000  780.47588  74.9%  99.4 2931s
 14771 11318  926.00000  102 3120 3110.00000  780.47589  74.9%  99.4 2946s
 14772 11319 1454.00000  210 3179 3110.00000  780.49275  74.9%  99.4 2958s
 14773 11320 1457.00000  366 3369 3110.00000  780.49554  74.9%  99.4 2965s
 14774 11320 1153.00000  172 3481 3110.00000  780.49566  74.9%  99.4 2986s
 14775 11321  810.00000   49 3365 3110.00000  780.81389  74.9%  99.4 3001s
 14776 11322 1623.00000  406 3509 3110.00000  781.28880  74.9%  99.4 3023s
 14777 11322  943.00000   70 3621 3110.00000  781.53577  74.9%  99.4 3033s
 14778 11323 2889.00000  878 3688 3110.00000  781.53577  74.9%  99.4 3052s
 14779 11324  874.00000  107 3536 3110.00000  781.84873  74.9%  99.4 3075s
 14780 11324 1580.00000  363 3753 3110.00000  781.88338  74.9%  99.4 3088s
 14781 11325 1655.00000  440 3800 3110.00000  781.92579  74.9%  99.4 3108s
 14782 11326 2208.00000  294 3876 3110.00000  781.95210  74.9%  99.4 3121s
 14783 11326 1904.00000  338 3784 3110.00000  781.98584  74.9%  99.4 3134s
 14784 11327 2392.00000  717 3883 3110.00000  782.03036  74.9%  99.4 3150s
 14785 11328  782.03989   57 3895 3110.00000  782.03989  74.9%  99.3 3162s
 14786 11328 1171.00000  314 3857 3110.00000  782.03989  74.9%  99.3 3184s
 14787 11329 3075.00000 1099 3695 3110.00000  782.34961  74.8%  99.3 3212s
 14788 11330 3079.00000 1110 3841 3110.00000  782.35178  74.8%  99.3 3229s
 14789 11330 1579.00000  433 3981 3110.00000  782.35935  74.8%  99.3 3245s
 14790 11331 2606.00000  776 4009 3110.00000  782.36314  74.8%  99.3 3258s
 14791 11332 2259.00000  624 3974 3110.00000  782.36314  74.8%  99.3 3281s
 14792 11332 2575.00000  787 3828 3110.00000  782.40452  74.8%  99.3 3326s
 14793 11333 1045.00000   99 3979 3110.00000  782.58044  74.8%  99.3 3354s
 14794 11334 1431.00000  173 3971 3110.00000  782.59667  74.8%  99.3 3381s
 14795 11334 1720.00000  512 4090 3110.00000  782.62912  74.8%  99.3 3400s
 14796 11335 3010.00000  961 4095 3110.00000  782.62912  74.8%  99.3 3426s
 14797 11336 1472.00000  268 3840 3110.00000  782.71051  74.8%  99.3 3467s
 14798 11336 1131.00000  254 3999 3110.00000  782.71051  74.8%  99.3 3511s
 14799 11337 3021.00000  952 3782 3110.00000  782.82187  74.8%  99.3 3552s
 14800 11338 2135.00000  630 3979 3110.00000  782.90498  74.8%  99.2 3595s
 14801 11338 2706.00000  835 4066 3110.00000  782.90946  74.8%  99.2 3623s
 14802 11339 1757.00000  505 4004 3110.00000  782.92565  74.8%  99.2 3647s
 14803 11340 1730.00000  477 3942 3110.00000  782.95224  74.8%  99.2 3672s
 14804 11340 1562.00000  392 4013 3110.00000  782.95737  74.8%  99.2 3684s
 14805 11341  954.00000  186 3973 3110.00000  782.97367  74.8%  99.2 3694s
 14806 11342 2934.00000  908 3967 3110.00000  783.04116  74.8%  99.2 3705s
 14807 11342 2259.00000  617 3974 3110.00000  783.08162  74.8%  99.2 3712s
 14808 11343 3079.00000 1108 3934 3110.00000  783.08474  74.8%  99.2 3720s
 14809 11344 1052.00000   51 3910 3110.00000  783.11731  74.8%  99.2 3726s
 14810 11344  875.00000   68 3934 3110.00000  783.13302  74.8%  99.2 3733s
 14811 11345 1785.00000  462 3944 3110.00000  783.13302  74.8%  99.2 3751s
 14812 11346 1904.00000  357 3784 3110.00000  783.39455  74.8%  99.2 3781s
 14813 11346 2967.00000  964 4003 3110.00000  783.39851  74.8%  99.2 3807s
 14814 11347 1754.00000  320 4095 3110.00000  783.40636  74.8%  99.2 3830s
 14815 11348  783.40636  113 4088 3110.00000  783.40636  74.8%  99.1 3867s
 14816 11348 1803.00000  534 3794 3110.00000  784.07839  74.8%  99.1 3910s
 14817 11349 2935.00000  881 3958 3110.00000  784.14358  74.8%  99.1 3937s
 14818 11350 1738.00000  471 4072 3110.00000  784.14359  74.8%  99.1 3982s
 14819 11350 1512.00000  413 3852 3110.00000  784.14359  74.8%  99.1 4028s
 14820 11351 1449.00000  372 4001 3110.00000  784.15119  74.8%  99.1 4062s
 14821 11352  825.00000  115 4171 3110.00000  784.15126  74.8%  99.1 4110s
 14822 11352 1303.00000  247 3803 3110.00000  784.31981  74.8%  99.1 4175s
 14823 11353 1880.00000  267 3742 3110.00000  784.35509  74.8%  99.1 4221s
 14824 11354 2641.00000  792 3835 3110.00000  784.36281  74.8%  99.1 4249s
 14825 11354 1140.00000  147 3978 3110.00000  784.36305  74.8%  99.1 4291s
 14826 11355 2006.00000  328 3760 3110.00000  784.36734  74.8%  99.1 4347s
 14827 11356  784.50961   88 3871 3110.00000  784.50961  74.8%  99.1 4390s
 14828 11356 1177.00000  264 3936 3110.00000  784.51886  74.8%  99.1 4434s
 14829 11357 1704.00000  490 4067 3110.00000  784.58658  74.8%  99.1 4468s
 14830 11358 2360.00000  671 4128 3110.00000  784.58658  74.8%  99.0 4511s
 14831 11358 2393.00000  700 3833 3110.00000  784.58658  74.8%  99.0 4558s
 14832 11359  879.00000  100 3904 3110.00000  784.85962  74.8%  99.0 4591s
 14833 11360  894.00000  129 4025 3110.00000  784.85962  74.8%  99.0 4633s
 14834 11360 1282.00000  254 3721 3110.00000  784.85962  74.8%  99.0 4689s
 14835 11361 1207.00000  273 3747 3110.00000  784.85962  74.8%  99.0 4747s
 14836 11362 1944.00000  542 3594 3110.00000  784.85962  74.8%  99.0 4795s
 14837 11362 2295.00000  661 3851 3110.00000  784.85962  74.8%  99.0 4838s
 14838 11363 2412.00000  707 1947 3110.00000  784.85962  74.8%  99.0 4921s
 14839 11364 2253.00000  610 2725 3110.00000  784.85962  74.8%  99.0 4937s
 14840 11364 3010.00000  955 2366 3110.00000  784.85962  74.8%  99.0 4966s
 14841 11365 2760.00000  841 2919 3110.00000  784.87155  74.8%  99.0 4972s
 14842 11366 3021.00000  999 3134 3110.00000  784.88959  74.8%  99.0 4976s
 14843 11366 2817.00000  839 3123 3110.00000  784.88959  74.8%  99.0 4993s
 14844 11367 2778.00000  857 2776 3110.00000  784.88959  74.8%  99.0 5041s
 14845 11368 2225.00000  433 3237 3110.00000  784.89278  74.8%  98.9 5053s
 14846 11368 1334.00000  282 3207 3110.00000  784.90325  74.8%  98.9 5059s
 14847 11369 2749.00000  816 3281 3110.00000  784.91273  74.8%  98.9 5065s
 14848 11370  961.00000  213 3252 3110.00000  784.91510  74.8%  98.9 5073s
 14849 11370 2653.00000  819 3270 3110.00000  784.91510  74.8%  98.9 5089s
 14850 11371 2393.00000  703 3244 3110.00000  784.91510  74.8%  98.9 5107s
 14851 11372 1113.00000  165 3446 3110.00000  785.02122  74.8%  98.9 5119s
 14852 11372 2340.00000  656 3387 3110.00000  785.08549  74.8%  98.9 5136s
 14853 11373 3082.00000 1123 3572 3110.00000  785.10086  74.8%  98.9 5145s
 14854 11374 1205.00000   98 3588 3110.00000  785.10526  74.8%  98.9 5156s
 14855 11374 3021.00000  998 3548 3110.00000  785.10653  74.8%  98.9 5167s
 14856 11375 1760.00000  505 3545 3110.00000  785.10653  74.8%  98.9 5189s
 14857 11376  967.00000  212 3429 3110.00000  785.11559  74.8%  98.9 5213s
 14858 11376 1134.00000  223 3689 3110.00000  785.11559  74.8%  98.9 5245s
 14859 11377 2766.00000  810 3527 3110.00000  785.11559  74.8%  98.9 5273s
 14860 11378 2193.00000  674 3719 3110.00000  785.11563  74.8%  98.8 5309s
 14861 11378 1848.00000  530 2135 3110.00000  785.12304  74.8%  98.8 5382s
 14862 11379 1260.00000  282 2906 3110.00000  785.12304  74.8%  98.8 5397s
 14863 11380 1456.00000  316 3007 3110.00000  785.12385  74.8%  98.8 5408s
 14864 11380 1358.00000  256 3365 3110.00000  785.12479  74.8%  98.8 5419s
 14865 11381  882.00000  140 3356 3110.00000  785.12482  74.8%  98.8 5442s
 14866 11382 1711.00000  317 3212 3110.00000  785.12505  74.8%  98.8 5466s
 14867 11382 2274.00000  687 3461 3110.00000  785.12505  74.8%  98.8 5490s
 14868 11383 1381.00000  249 3182 3110.00000  785.13460  74.8%  98.8 5516s
 14869 11384 1904.00000  340 3304 3110.00000  785.13720  74.8%  98.8 5536s
 14870 11384 1007.00000  153 3462 3110.00000  785.14980  74.8%  98.8 5561s
 14871 11385  926.00000  102 3557 3110.00000  785.15200  74.8%  98.8 5583s
 14872 11386 1454.00000  210 3546 3110.00000  785.15202  74.8%  98.8 5617s
 14873 11386 1457.00000  366 3371 3110.00000  785.23625  74.8%  98.8 5643s
 14874 11387 1153.00000  172 3432 3110.00000  785.25010  74.8%  98.8 5667s
 14875 11388  810.00000   49 3602 3110.00000  785.26483  74.8%  98.7 5692s
 14876 11388 1623.00000  406 3692 3110.00000  785.30250  74.7%  98.7 5712s
 14877 11389  943.00000   70 3748 3110.00000  785.31592  74.7%  98.7 5733s
 14878 11390 2889.00000  878 3855 3110.00000  785.31839  74.7%  98.7 5744s
 14879 11390  874.00000  107 3902 3110.00000  785.31839  74.7%  98.7 5767s
 14880 11391 1580.00000  363 3634 3110.00000  785.31956  74.7%  98.7 5794s
 14881 11392 1655.00000  440 3775 3110.00000  785.32719  74.7%  98.7 5817s
 14882 11392 2208.00000  294 3948 3110.00000  785.34388  74.7%  98.7 5841s
 14883 11393 1904.00000  338 3995 3110.00000  785.43533  74.7%  98.7 5872s
 14884 11394 2392.00000  717 4036 3110.00000  785.43533  74.7%  98.7 5905s
 14885 11394  785.46550   57 3702 3110.00000  785.46550  74.7%  98.7 5951s
 14886 11395 1171.00000  314 3851 3110.00000  785.47386  74.7%  98.7 5982s
 14887 11396 3075.00000 1099 3921 3110.00000  785.50659  74.7%  98.7 6011s
 14888 11396 3079.00000 1110 4021 3110.00000  785.50659  74.7%  98.7 6043s
 14889 11397 1579.00000  433 3832 3110.00000  785.50773  74.7%  98.7 6090s
 14890 11398 2606.00000  776 3847 3110.00000  785.50907  74.7%  98.6 6125s
 14891 11398 2259.00000  624 4006 3110.00000  785.50952  74.7%  98.6 6160s
 14892 11399 2575.00000  787 4101 3110.00000  785.50952  74.7%  98.6 6195s
 14893 11400 1045.00000   99 3817 3110.00000  785.50952  74.7%  98.6 6229s
 14894 11400 1431.00000  173 3881 3110.00000  785.50952  74.7%  98.6 6276s
 14895 11401 1720.00000  512 3660 3110.00000  785.50952  74.7%  98.6 6320s
 14896 11402 3010.00000  961 3888 3110.00000  785.50952  74.7%  98.6 6367s
 14897 11402 1472.00000  268 2211 3110.00000  785.53146  74.7%  98.6 6445s
 14898 11403 1131.00000  254 2926 3110.00000  785.53763  74.7%  98.6 6451s
 14899 11404 3021.00000  952 3139 3110.00000  785.54147  74.7%  98.6 6457s
 14900 11404 2135.00000  630 3212 3110.00000  785.54147  74.7%  98.6 6474s
 14901 11405 2706.00000  835 3111 3110.00000  785.54693  74.7%  98.6 6494s
 14902 11406 1757.00000  505 3454 3110.00000  785.55152  74.7%  98.6 6505s
 14903 11406 1730.00000  477 3568 3110.00000  785.55507  74.7%  98.6 6511s
 14904 11407 1562.00000  392 3607 3110.00000  785.55507  74.7%  98.6 6527s
 14905 11408  954.00000  186 3375 3110.00000  785.55507  74.7%  98.5 6547s
 14906 11408 2934.00000  908 3592 3110.00000  785.55507  74.7%  98.5 6578s
 14907 11409 2259.00000  617 3463 3110.00000  785.55948  74.7%  98.5 6608s
 14908 11410 3079.00000 1108 3557 3110.00000  785.57703  74.7%  98.5 6644s
 14909 11410 1052.00000   51 3629 3110.00000  785.59794  74.7%  98.5 6678s
 14910 11411  875.00000   68 3654 3110.00000  785.60082  74.7%  98.5 6704s
 14911 11412 1785.00000  462 3722 3110.00000  785.60096  74.7%  98.5 6741s
 14912 11412 1904.00000  357 3506 3110.00000  785.71338  74.7%  98.5 6777s
 14913 11413 2967.00000  964 3646 3110.00000  785.73175  74.7%  98.5 6813s
 14914 11414 1754.00000  320 3641 3110.00000  785.74781  74.7%  98.5 6841s
 14915 11414  785.75923  113 3610 3110.00000  785.75923  74.7%  98.5 6865s
 14916 11415 1803.00000  534 3845 3110.00000  785.76795  74.7%  98.5 6883s
 14917 11416 2935.00000  881 3923 3110.00000  785.76898  74.7%  98.5 6896s
 14918 11416 1738.00000  471 3991 3110.00000  785.76923  74.7%  98.5 6923s
 14919 11417 1512.00000  413 3706 3110.00000  785.76923  74.7%  98.5 6951s
 14920 11418 1449.00000  372 3891 3110.00000  785.81929  74.7%  98.4 6984s
 14921 11418  825.00000  115 3928 3110.00000  785.84332  74.7%  98.4 7022s
 14922 11419 1303.00000  247 3917 3110.00000  785.84506  74.7%  98.4 7055s
 14923 11420 1880.00000  267 3931 3110.00000  785.84768  74.7%  98.4 7086s
 14924 11420 2641.00000  792 3913 3110.00000  785.84768  74.7%  98.4 7128s
 14925 11421 1140.00000  147 3599 3110.00000  785.84997  74.7%  98.4 7175s
 14926 11422 2006.00000  328 3760 3110.00000  785.84997  74.7%  98.4 7226s
 14927 11422  785.85041   88 3597 3110.00000  785.85041  74.7%  98.4 7266s
 14928 11423 1177.00000  264 3650 3110.00000  785.86027  74.7%  98.4 7307s
 14929 11424 1704.00000  490 3750 3110.00000  785.88397  74.7%  98.4 7353s
 14930 11424 2360.00000  671 3830 3110.00000  785.88483  74.7%  98.4 7386s
 14931 11425 2393.00000  700 3931 3110.00000  785.88511  74.7%  98.4 7421s
 14932 11426  879.00000  100 3694 3110.00000  785.90878  74.7%  98.4 7463s
 14933 11426  894.00000  129 3840 3110.00000  785.91057  74.7%  98.4 7504s
 14934 11427 1282.00000  254 3971 3110.00000  785.91057  74.7%  98.4 7544s
 14935 11428 1207.00000  273 3661 3110.00000  785.91057  74.7%  98.3 7582s
 14936 11428 1944.00000  542 3772 3110.00000  785.91069  74.7%  98.3 7636s
 14937 11429 2295.00000  661 3606 3110.00000  785.91069  74.7%  98.3 7679s
 14938 11430 2412.00000  707 3738 3110.00000  785.91069  74.7%  98.3 7732s
 14939 11430 2253.00000  610 3567 3110.00000  785.91137  74.7%  98.3 7782s
 14940 11431 3010.00000  955 3648 3110.00000  785.91242  74.7%  98.3 7816s
 14941 11432 2760.00000  841 3850 3110.00000  785.91242  74.7%  98.3 7854s
 14942 11432 3021.00000  999 3653 3110.00000  785.96437  74.7%  98.3 7894s
 14943 11433 2817.00000  839 3703 3110.00000  785.96595  74.7%  98.3 7929s
 14944 11434 2778.00000  857 3843 3110.00000  785.96595  74.7%  98.3 7969s
 14945 11434 2225.00000  433 3634 3110.00000  785.96595  74.7%  98.3 8019s
 14946 11435 1334.00000  282 3753 3110.00000  785.97623  74.7%  98.3 8056s
 14947 11436 2749.00000  816 3795 3110.00000  785.97623  74.7%  98.3 8099s
 14948 11436  961.00000  213 3661 3110.00000  785.97623  74.7%  98.3 8146s
 14949 11437 2653.00000  819 3675 3110.00000  785.97623  74.7%  98.3 8194s
 14950 11438 2393.00000  703 3510 3110.00000  785.97623  74.7%  98.2 8240s
 14951 11438 1113.00000  165 3603 3110.00000  785.97776  74.7%  98.2 8275s
 14952 11439 2340.00000  656 3879 3110.00000  785.97808  74.7%  98.2 8371s
 14953 11440 3082.00000 1123 2029 3110.00000  785.97840  74.7%  98.2 8492s
 14954 11440 1205.00000   98 2658 3110.00000  785.97840  74.7%  98.2 8508s
 14955 11441 3021.00000  998 2781 3110.00000  785.97840  74.7%  98.2 8516s
 14956 11442 1760.00000  505 3143 3110.00000  785.97840  74.7%  98.2 8537s
 14957 11442  967.00000  212 2302 3110.00000  785.97847  74.7%  98.2 8575s
 14958 11443 1134.00000  223 2929 3110.00000  785.97847  74.7%  98.2 8592s
 14959 11444 2766.00000  810 2975 3110.00000  785.97847  74.7%  98.2 8604s
 14960 11444 2193.00000  674 3314 3110.00000  785.98989  74.7%  98.2 8613s
 14961 11445 1848.00000  530 3518 3110.00000  786.01030  74.7%  98.2 8631s
 14962 11446 1260.00000  282 3701 3110.00000  786.01042  74.7%  98.2 8651s
 14963 11446 1456.00000  316 2192 3110.00000  786.01042  74.7%  98.2 8709s
 14964 11447 1358.00000  256 2861 3110.00000  786.06767  74.7%  98.2 8716s
 14965 11448  882.00000  140 3166 3110.00000  786.06857  74.7%  98.2 8721s
 14966 11448 1711.00000  317 3262 3110.00000  786.06857  74.7%  98.1 8738s
 14967 11449 2274.00000  687 3137 3110.00000  786.09193  74.7%  98.1 8756s
 14968 11450 1381.00000  249 3275 3110.00000  786.09410  74.7%  98.1 8773s
 14969 11450 1904.00000  340 3458 3110.00000  786.09423  74.7%  98.1 8796s
 14970 11451 1007.00000  153 3341 3110.00000  786.09423  74.7%  98.1 8829s
 14971 11452  926.00000  102 3476 3110.00000  786.10721  74.7%  98.1 8860s
 14972 11452 1454.00000  210 3698 3110.00000  786.10734  74.7%  98.1 8890s
 14973 11453 1457.00000  366 3457 3110.00000  786.11062  74.7%  98.1 8930s
 14974 11454 1153.00000  172 3588 3110.00000  786.11062  74.7%  98.1 8965s
 14975 11454  810.00000   49 3448 3110.00000  786.11062  74.7%  98.1 8997s
 14976 11455 1623.00000  406 3641 3110.00000  786.11062  74.7%  98.1 9032s
 14977 11456  943.00000   70 2021 3110.00000  786.11062  74.7%  98.1 9106s
 14978 11456 2889.00000  878 2741 3110.00000  786.11076  74.7%  98.1 9124s
 14979 11457  874.00000  107 2457 3110.00000  786.11076  74.7%  98.1 9155s
 14980 11458 1580.00000  363 3079 3110.00000  786.12147  74.7%  98.1 9161s
 14981 11458 1655.00000  440 3198 3110.00000  786.12347  74.7%  98.0 9166s
 14982 11459 2208.00000  294 3272 3110.00000  786.12347  74.7%  98.0 9184s
 14983 11460 1904.00000  338 3172 3110.00000  786.12347  74.7%  98.0 9198s
 14984 11460 2392.00000  717 3418 3110.00000  786.12456  74.7%  98.0 9212s
 14985 11461  786.12462   57 3526 3110.00000  786.12462  74.7%  98.0 9234s
 14986 11462 1171.00000  314 3395 3110.00000  786.12462  74.7%  98.0 9259s
 14987 11462 3075.00000 1099 3601 3110.00000  786.12462  74.7%  98.0 9291s
 14988 11463 3079.00000 1110 3413 3110.00000  786.12462  74.7%  98.0 9326s
 14989 11464 1579.00000  433 3566 3110.00000  786.12462  74.7%  98.0 9362s
 14990 11464 2606.00000  776 2043 3110.00000  786.12463  74.7%  98.0 9423s
 14991 11465 2259.00000  624 2642 3110.00000  786.12463  74.7%  98.0 9439s
 14992 11466 2575.00000  787 2801 3110.00000  786.12463  74.7%  98.0 9451s
 14993 11466 1045.00000   99 3282 3110.00000  786.12531  74.7%  98.0 9462s
 14994 11467 1431.00000  173 3628 3110.00000  786.12562  74.7%  98.0 9474s
 14995 11468 1720.00000  512 3648 3110.00000  786.12571  74.7%  98.0 9500s
 14996 11468 3010.00000  961 2327 3110.00000  786.12660  74.7%  97.9 9572s
 14997 11469 1472.00000  268 2800 3110.00000  786.12660  74.7%  97.9 9594s
 14998 11470 1131.00000  254 2908 3110.00000  786.12911  74.7%  97.9 9611s
 14999 11470 3021.00000  952 3349 3110.00000  786.12987  74.7%  97.9 9623s
 15000 11471 2135.00000  630 3518 3110.00000  786.13384  74.7%  97.9 9632s
 15001 11472 2706.00000  835 3600 3110.00000  786.13460  74.7%  97.9 9637s
 15002 11472 1757.00000  505 3622 3110.00000  786.13468  74.7%  97.9 9654s
 15003 11473 1730.00000  477 3481 3110.00000  786.13468  74.7%  97.9 9670s
 15004 11474 1562.00000  392 3628 3110.00000  786.13919  74.7%  97.9 9692s
 15005 11474  954.00000  186 3721 3110.00000  786.14680  74.7%  97.9 9705s
 15006 11475 2934.00000  908 3705 3110.00000  786.14680  74.7%  97.9 9725s
 15007 11476 2259.00000  617 3478 3110.00000  786.14689  74.7%  97.9 9766s
 15008 11476 3079.00000 1108 3627 3110.00000  786.14689  74.7%  97.9 9805s
 15009 11477 1052.00000   51 3477 3110.00000  786.14689  74.7%  97.9 9843s
 15010 11478  875.00000   68 3644 3110.00000  786.14759  74.7%  97.9 9881s
 15011 11478 1785.00000  462 3849 3110.00000  786.14759  74.7%  97.8 9927s
 15012 11479 1904.00000  357 2266 3110.00000  786.14759  74.7%  97.8 10027s
 15013 11480 2967.00000  964 2798 3110.00000  786.14759  74.7%  97.8 10049s
 15014 11480 1754.00000  320 2903 3110.00000  786.14759  74.7%  97.8 10062s
 15015 11481  786.14913  113 3253 3110.00000  786.14913  74.7%  97.8 10072s
 15016 11482 1803.00000  534 3522 3110.00000  786.15153  74.7%  97.8 10089s
 15017 11482 2935.00000  881 3563 3110.00000  786.15276  74.7%  97.8 10107s
 15018 11483 1738.00000  471 3648 3110.00000  786.15276  74.7%  97.8 10138s
 15019 11484 1512.00000  413 2521 3110.00000  786.15276  74.7%  97.8 10220s
 15020 11484 1449.00000  372 3041 3110.00000  786.15276  74.7%  97.8 10246s
 15021 11485  825.00000  115 3027 3110.00000  786.17714  74.7%  97.8 10266s
 15022 11486 1303.00000  247 3225 3110.00000  786.21493  74.7%  97.8 10286s
 15023 11486 1880.00000  267 3547 3110.00000  786.21572  74.7%  97.8 10300s
 15024 11487 2641.00000  792 3773 3110.00000  786.22571  74.7%  97.8 10319s
 15025 11488 1140.00000  147 3907 3110.00000  786.22577  74.7%  97.8 10350s
 15026 11488 2006.00000  328 3577 3110.00000  786.22578  74.7%  97.8 10388s
 15027 11489  786.22579   88 3669 3110.00000  786.22579  74.7%  97.7 10431s
 15028 11490 1177.00000  264 3441 3110.00000  786.22579  74.7%  97.7 10480s
 15029 11490 1704.00000  490 3668 3110.00000  786.22581  74.7%  97.7 10524s
 15030 11491 2360.00000  671 3464 3110.00000  786.22581  74.7%  97.7 10570s
 15031 11492 2393.00000  700 3616 3110.00000  786.22599  74.7%  97.7 10613s
 15032 11492  879.00000  100 3500 3110.00000  786.22600  74.7%  97.7 10654s
 15033 11493  894.00000  129 3664 3110.00000  786.22683  74.7%  97.7 10699s
 15034 11494 1282.00000  254 3761 3110.00000  786.24660  74.7%  97.7 10739s
 15035 11494 1207.00000  273 3767 3110.00000  786.25142  74.7%  97.7 10771s
 15036 11495 1944.00000  542 3985 3110.00000  786.25142  74.7%  97.7 10802s
 15037 11496 2295.00000  661 3711 3110.00000  786.25142  74.7%  97.7 10855s
 15038 11496 2412.00000  707 3811 3110.00000  786.26005  74.7%  97.7 10888s
 15039 11497 2253.00000  610 3861 3110.00000  786.26032  74.7%  97.7 10940s
 15040 11498 3010.00000  955 3622 3110.00000  786.26050  74.7%  97.7 10995s
 15041 11498 2760.00000  841 3754 3110.00000  786.26060  74.7%  97.7 11051s
 15042 11499 3021.00000  999 3592 3110.00000  786.26275  74.7%  97.6 11092s
 15043 11500 2817.00000  839 3649 3110.00000  786.26410  74.7%  97.6 11132s
 15044 11500 2778.00000  857 3750 3110.00000  786.26462  74.7%  97.6 11165s
 15045 11501 2225.00000  433 3850 3110.00000  786.26479  74.7%  97.6 11203s
 15046 11502 1334.00000  282 3603 3110.00000  786.26479  74.7%  97.6 11244s
 15047 11502 2749.00000  816 3744 3110.00000  786.26479  74.7%  97.6 11289s
 15048 11503  961.00000  213 3577 3110.00000  786.26479  74.7%  97.6 11353s
 15049 11504 2653.00000  819 3652 3110.00000  786.26479  74.7%  97.6 11393s
 15050 11504 2393.00000  703 2065 3110.00000  786.26479  74.7%  97.6 11481s
 15051 11505 1113.00000  165 2748 3110.00000  786.26479  74.7%  97.6 11498s
 15052 11506 2340.00000  656 2443 3110.00000  786.26479  74.7%  97.6 11533s
 15053 11506 3082.00000 1123 3098 3110.00000  786.26524  74.7%  97.6 11556s
 15054 11507 1205.00000   98 2705 3110.00000  786.26524  74.7%  97.6 11577s
 15055 11508 3021.00000  998 2705 3110.00000  786.26524  74.7%  97.6 11590s
 15056 11511  787.00000   33 1718 3110.00000  787.00000  74.7%   481 11608s
 15060 11514  887.00000   34 1913 3110.00000  787.00000  74.7%   482 11610s
 15070 11517  787.00000   37 1821 3110.00000  787.00000  74.7%   484 11615s
 15081 11527  787.00000   39 1971 3110.00000  787.00000  74.7%   484 11620s
 15091 11534  804.00000   41 1803 3110.00000  787.00000  74.7%   485 11626s
 15094 11535  806.00000   42 1756 3110.00000  787.00000  74.7%   485 11630s
 15118 11550  876.00000   48 1464 3110.00000  787.00000  74.7%   485 11638s
 15127 11557  892.00000   51 1413 3110.00000  787.00000  74.7%   485 11753s
 15129 11558  853.00000   51 1499 3110.00000  787.00000  74.7%   485 11826s
 15131 11560  853.00000   52 1463 3110.00000  787.00000  74.7%   485 11961s
 15134 11559  853.00000   53 1460 3110.00000  787.00000  74.7%   485 12145s
 15136 11565  862.00000   53 1442 3110.00000  787.00000  74.7%   485 12261s
 15138 11563  853.00000   54 1422 3110.00000  787.00000  74.7%   485 12317s
 15141 11566  853.00000   55 1527 3110.00000  787.00000  74.7%   485 12389s
 15145 11570  854.00000   56 1420 3110.00000  787.00000  74.7%   485 12418s
 15148 11570  854.00000   57 1434 3110.00000  787.00000  74.7%   485 12592s
 15155 11575  910.00000   59 1323 3110.00000  787.00000  74.7%   485 12693s
 15157 11576  854.00000   59 1392 3110.00000  787.00000  74.7%   485 12866s
 15160 11581  854.00000   60 1407 3110.00000  787.00000  74.7%   485 12929s
 15164 11580  885.00000   62 1338 3110.00000  787.00000  74.7%   485 13007s
 15167 11582  916.00000   62 1339 3110.00000  787.00000  74.7%   485 13027s
 15176 11590  916.00000   65 1293 3110.00000  787.00000  74.7%   485 13144s
 15181 11593  885.00000   66 1338 3110.00000  787.00000  74.7%   485 13341s
 15189 11598  944.00000   67 1266 3110.00000  787.00000  74.7%   485 13498s
 15191 11599  916.00000   67 1283 3110.00000  787.00000  74.7%   485 13599s
 15193 11600  916.00000   68 1279 3110.00000  787.00000  74.7%   485 13690s
 15202 11608  916.00000   71 1327 3110.00000  787.00000  74.7%   485 13791s
 15205 11610 1021.00000   72 1141 3110.00000  787.00000  74.7%   485 14009s
 15208 11610  916.00000   73 1308 3110.00000  787.00000  74.7%   485 14077s
 15213 11614  916.00000   75 1300 3110.00000  787.00000  74.7%   485 14095s
 15265 11649  916.00000   88 1319 3110.00000  787.00000  74.7%   484 14110s
 15329 11695  916.00000  104 1273 3110.00000  787.00000  74.7%   482 14132s
 15405 11742 1035.00000  123 1148 3110.00000  787.00000  74.7%   481 14154s
 15469 11786 1067.00000  143 1049 3110.00000  787.00000  74.7%   479 14169s
 15536 11827 1089.00000  159 1055 3110.00000  787.00000  74.7%   478 14184s
 15604 11878 1163.00000  176 1059 3110.00000  787.00000  74.7%   476 14205s
 15655 11911 1163.00000  190  997 3110.00000  787.00000  74.7%   475 14221s
 15721 11952 1211.00000  206  968 3110.00000  787.00000  74.7%   473 14237s
 15778 11992 1270.00000  219  924 3110.00000  787.00000  74.7%   471 14255s
 15851 12038 1290.00000  238  878 3110.00000  787.00000  74.7%   469 14273s
 15928 12092 1327.00000  259  871 3110.00000  787.00000  74.7%   467 14292s
 16007 12143 1355.00000  278  855 3110.00000  787.00000  74.7%   465 14312s
 16081 12194 1367.00000  292  845 3110.00000  787.00000  74.7%   463 14331s
 16164 12247 1425.00000  313  773 3110.00000  787.00000  74.7%   461 14351s
 16247 12306 1516.00000  335  707 3110.00000  787.00000  74.7%   459 14373s
 16338 12366 1516.00000  362  683 3110.00000  787.00000  74.7%   457 14394s
 16440 12430 1612.00000  390  649 3110.00000  787.00000  74.7%   454 14418s
 16536 12497 1664.00000  413  624 3110.00000  787.00000  74.7%   452 14442s
 16631 12559 1696.00000  436  630 3110.00000  787.00000  74.7%   449 14468s
 16723 12621 1777.00000  459  562 3110.00000  787.00000  74.7%   447 14496s
 16825 12690 1836.00000  482  549 3110.00000  787.00000  74.7%   445 14526s
 16914 12748 1979.00000  501  513 3110.00000  787.00000  74.7%   443 14560s
 17020 12817 2137.00000  521  495 3110.00000  787.00000  74.7%   440 14600s
 17136 12896 2091.00000  549  443 3110.00000  787.00000  74.7%   437 14637s
 17240 12966 2267.00000  577  394 3110.00000  787.00000  74.7%   435 14674s
 17385 13063 2293.00000  619  346 3110.00000  787.00000  74.7%   432 14714s
 17552 13175 2368.00000  663  312 3110.00000  787.00000  74.7%   428 14755s
 17735 13295 2580.00000  713  269 3110.00000  787.00000  74.7%   424 14796s
 17898 13403 2703.00000  757  251 3110.00000  787.00000  74.7%   420 14840s
 18096 13533 2779.00000  811  200 3110.00000  787.00000  74.7%   416 14885s
 18331 13660 2973.00000  860  170 3110.00000  787.00000  74.7%   411 14937s
 18553 13652  814.00000   46 1599 3110.00000  787.00000  74.7%   407 14977s
 18665 13728  921.00000   70 1439 3110.00000  787.00000  74.7%   406 15010s
 18790 13801  932.00000   99 1236 3110.00000  787.00000  74.7%   405 15050s
 18914 13879  976.00000  140 1147 3110.00000  787.00000  74.7%   403 15096s
 19056 14003 1098.00000  177  994 3110.00000  787.00000  74.7%   401 15138s
 19234 14085 1249.00000  220  909 3110.00000  787.00000  74.7%   398 15188s
 19422 14228 1325.00000  266  800 3110.00000  787.00000  74.7%   395 15240s
 19632 14352 1411.00000  319  759 3110.00000  787.00000  74.7%   391 15298s
 19858 14536 1487.00000  363  727 3110.00000  787.00000  74.7%   387 15362s
 20052 14639 1613.00000  412  608 3110.00000  787.00000  74.7%   384 15427s
 20284 14802 1729.00000  474  567 3110.00000  787.00000  74.7%   380 15490s
 20504 14943 1806.00000  534  466 3110.00000  787.00000  74.7%   377 15560s
 20729 15080 2054.00000  590  371 3110.00000  787.00000  74.7%   373 15630s
 20976 15273 2224.00000  655  319 3110.00000  787.00000  74.7%   370 15700s
 21239 15434 2330.00000  723  268 3110.00000  787.00000  74.7%   365 15771s
 21516 15610 2523.00000  788  222 3110.00000  787.00000  74.7%   361 15842s
 21778 15816 2774.00000  847  215 3110.00000  787.00000  74.7%   357 15911s
 22062 15973 2844.00000  914  153 3110.00000  787.00000  74.7%   353 15980s
 22330 16124 2982.00000  981  109 3110.00000  787.00000  74.7%   349 16046s
 22607 16263 1063.00000   66 1125 3110.00000  787.00000  74.7%   346 16108s
 22851 16444 1360.00000  137  767 3110.00000  787.00000  74.7%   343 16171s
 23069 16577 1731.00000  186  570 3110.00000  787.00000  74.7%   341 16237s
 23309 16792 1722.00000  231  532 3110.00000  787.00000  74.7%   338 16301s
 23571 16896 1855.00000  311  516 3110.00000  787.00000  74.7%   334 16365s
 23821 17130 2028.00000  363  448 3110.00000  787.00000  74.7%   331 16430s
 24017 17124 2068.00000  398  399 3110.00000  787.00000  74.7%   329 16494s
 24258 17368 2135.00000  424  412 3110.00000  787.00000  74.7%   326 16558s
 24478 17507 2139.00000  466  396 3110.00000  787.00000  74.7%   324 16622s
 24689 17644 2155.00000  502  347 3110.00000  787.00000  74.7%   321 16687s
 24910 17739 2285.00000  535  309 3110.00000  787.00000  74.7%   319 16751s
 25118 17792 2350.00000  567  302 3110.00000  787.00000  74.7%   316 16814s
 25289 17875 2373.00000  596  290 3110.00000  787.00000  74.7%   315 16874s
 25485 18027 2461.00000  619  261 3110.00000  787.00000  74.7%   313 16937s
 25676 18121 2562.00000  652  256 3110.00000  787.00000  74.7%   312 16999s
 25867 18264 2652.00000  674  253 3110.00000  787.00000  74.7%   310 17062s
 26061 18401 2646.00000  698  218 3110.00000  787.00000  74.7%   308 17124s
 26325 18563 2715.00000  720  187 3110.00000  787.00000  74.7%   306 17187s
 26644 18794 2768.00000  746  158 3110.00000  787.00000  74.7%   303 17252s
 26915 18954 2858.00000  771  154 3110.00000  787.00000  74.7%   300 17313s
 27181 19121 2922.00000  848  122 3110.00000  787.00000  74.7%   298 17375s
 27432 19353 2908.00000  858  121 3110.00000  787.00000  74.7%   295 17438s
 27675 19417 3017.00000  873  113 3110.00000  787.00000  74.7%   293 17502s
 27871 19504 3001.00000  873  112 3110.00000  787.00000  74.7%   291 17564s
 28083 19633 1315.00000   90  877 3110.00000  787.00000  74.7%   290 17625s
 28286 19777 1497.00000  149  713 3110.00000  787.00000  74.7%   288 17685s
 28518 19905 1685.00000  188  582 3110.00000  787.00000  74.7%   286 17748s
 28759 20082 1761.00000  229  514 3110.00000  787.00000  74.7%   284 17811s
 28987 20241 1878.00000  277  465 3110.00000  787.00000  74.7%   282 17873s
 29236 20376 1912.00000  339  434 3110.00000  787.00000  74.7%   280 17936s
 29449 20581 2072.00000  379  377 3110.00000  787.00000  74.7%   278 18000s
 29701 20696 2170.00000  403  360 3110.00000  787.00000  74.7%   276 18062s
 29946 20886 2222.00000  436  329 3110.00000  787.00000  74.7%   274 18125s
 30162 20971 2310.00000  463  328 3110.00000  787.00000  74.7%   273 18186s
 30368 21004 2380.00000  487  307 3110.00000  787.00000  74.7%   271 18246s
 30618 21106 infeasible  521      3110.00000  787.00000  74.7%   270 18298s
 30846 21224 1287.00000   99 1135 3110.00000  787.00000  74.7%   269 18342s
 31041 21353 1416.00000  142  831 3110.00000  787.00000  74.7%   268 18392s
 31197 21465 1543.00000  168  729 3110.00000  787.00000  74.7%   267 18443s
 31365 21565 1598.00000  192  666 3110.00000  787.00000  74.7%   266 18496s
 31602 21726 1753.00000  230  590 3110.00000  787.00000  74.7%   265 18552s
 31796 21853 1792.00000  264  562 3110.00000  787.00000  74.7%   264 18609s
 31982 21982 1954.00000  286  497 3110.00000  787.00000  74.7%   263 18667s
 32219 22137 2057.00000  348  397 3110.00000  787.00000  74.7%   261 18727s
 32478 22304 2127.00000  385  358 3110.00000  787.00000  74.7%   259 18788s
 32753 22526 2194.00000  420  362 3110.00000  787.00000  74.7%   258 18850s
 32959 22596 2274.00000  425  359 3110.00000  787.00000  74.7%   256 18912s
 33154 22788 2342.00000  453  309 3110.00000  787.00000  74.7%   255 18974s
 33349 22872 2421.00000  487  305 3110.00000  787.00000  74.7%   254 19035s
 33558 23017 2486.00000  522  268 3110.00000  787.00000  74.7%   253 19098s
 33842 23245 2593.00000  554  233 3110.00000  787.00000  74.7%   251 19160s
 34140 23397 2651.00000  568  222 3110.00000  787.00000  74.7%   249 19222s
 34412 23679 2834.00000  598  189 3110.00000  787.00000  74.7%   247 19283s
 34711 23789 2787.00000  618  174 3110.00000  787.00000  74.7%   245 19344s
 34983 23903 2889.00000  628  171 3110.00000  787.00000  74.7%   243 19403s
 35297 24128 2900.00000  644  165 3110.00000  787.00000  74.7%   241 19462s
 35463 24192 2945.00000  660  153 3110.00000  787.00000  74.7%   241 19515s
 35590 24272 2978.00000  670  147 3110.00000  787.00000  74.7%   241 19570s
 35737 24393 2992.00000  692  140 3110.00000  787.00000  74.7%   241 19623s
 35886 24428 3007.00000  699  143 3110.00000  787.00000  74.7%   240 19692s
 36096 24510  787.00000   39 2052 3110.00000  787.00000  74.7%   239 19733s
 36187 24575  834.00000   46 1836 3110.00000  787.00000  74.7%   240 19780s
 36333 24668 1188.00000   81 1025 3110.00000  787.00000  74.7%   240 19831s
 36597 24842 1627.00000  146  656 3110.00000  787.00000  74.7%   239 19888s
 36878 25049 1778.00000  213  530 3110.00000  787.00000  74.7%   237 19948s
 37042 25139 1822.00000  233  527 3110.00000  787.00000  74.7%   237 20009s
 37258 25267 1999.00000  254  428 3110.00000  787.00000  74.7%   235 20069s
 37498 25449 2147.00000  307  368 3110.00000  787.00000  74.7%   234 20131s
 37687 25606 2239.00000  348  371 3110.00000  787.00000  74.7%   233 20194s
 37851 25667 2304.00000  359  327 3110.00000  787.00000  74.7%   232 20256s
 38047 25796 2326.00000  392  312 3110.00000  787.00000  74.7%   231 20319s
 38274 25960 2433.00000  425  286 3110.00000  787.00000  74.7%   230 20382s
 38463 26101 2492.00000  450  275 3110.00000  787.00000  74.7%   229 20446s
 38701 26238 2663.00000  495  209 3110.00000  787.00000  74.7%   228 20510s
 38964 26400 2708.00000  524  187 3110.00000  787.00000  74.7%   227 20573s
 39208 26611 2848.00000  559  162 3110.00000  787.00000  74.7%   226 20638s
 39472 26786 2921.00000  593  150 3110.00000  787.00000  74.7%   224 20701s
 39717 26864 2930.00000  614  146 3110.00000  787.00000  74.7%   223 20764s
 39964 27059 infeasible  637      3110.00000  787.00000  74.7%   222 20832s
 40163 27126  857.00000   40 1909 3110.00000  787.00000  74.7%   221 20889s
 40261 27162 1018.00000   53 1258 3110.00000  787.00000  74.7%   222 20938s
 40457 27239 1474.00000  119  636 3110.00000  787.00000  74.7%   221 20977s
 40670 27392 1836.00000  213  487 3110.00000  787.00000  74.7%   222 21020s
 40980 27587 1949.00000  270  451 3110.00000  787.00000  74.7%   221 21071s
 41274 27782 2020.00000  362  380 3110.00000  787.00000  74.7%   219 21123s
 41543 27985 2073.00000  404  353 3110.00000  787.00000  74.7%   218 21179s
 41845 28168 2137.00000  439  315 3110.00000  787.00000  74.7%   217 21238s
 42090 28322 2217.00000  467  318 3110.00000  787.00000  74.7%   216 21295s
 42348 28497 2327.00000  498  295 3110.00000  787.00000  74.7%   215 21354s
 42590 28689 2355.00000  525  341 3110.00000  787.00000  74.7%   214 21412s
 42760 28752 2417.00000  551  324 3110.00000  787.00000  74.7%   213 21469s
 42942 28900 2454.00000  575  308 3110.00000  787.00000  74.7%   212 21527s
 43141 29025 2569.00000  603  269 3110.00000  787.00000  74.7%   211 21586s
 43349 29167 2672.00000  629  250 3110.00000  787.00000  74.7%   210 21600s

Cutting planes:
  Gomory: 2
  Implied bound: 23
  Projected implied bound: 6
  MIR: 455
  StrongCG: 1
  Flow cover: 1899
  Zero half: 16

Explored 43399 nodes (9174216 simplex iterations) in 21600.02 seconds
Thread count was 4 (of 4 available processors)

Solution count 4: 3110 3199 3252 3496 

Time limit reached
Best objective 3.110000000000e+03, best bound 7.870000000000e+02, gap 74.6945%

Wrote result file 'compact/swv16.sol'

