Academic license - for non-commercial use only
Set parameter TimeLimit to value 21600

Gurobi Optimizer version 8.0.0 build v8.0.0rc0 (linux64)
Copyright (c) 2018, Gurobi Optimization, LLC

Read LP format model from file compact/ta41.lp
Reading time = 0.07 seconds
: 35400 rows, 18601 columns, 105600 nonzeros
Optimize a model with 35400 rows, 18601 columns and 105600 nonzeros
Variable types: 0 continuous, 18601 integer (18000 binary)
Coefficient statistics:
  Matrix range     [1e+00, 3e+04]
  Objective range  [1e+00, 1e+00]
  Bounds range     [1e+00, 1e+00]
  RHS range        [1e+00, 3e+04]
Presolve removed 0 rows and 600 columns
Presolve time: 0.19s
Presolved: 35400 rows, 18001 columns, 105600 nonzeros
Variable types: 0 continuous, 18001 integer (17400 binary)

Deterministic concurrent LP optimizer: primal and dual simplex
Showing first log only...

Presolve removed 17400 rows and 0 columns
Presolved: 18000 rows, 35401 columns, 70800 nonzeros

Presolve removed 30 rows and 17401 columns

Root simplex log...

Iteration    Objective       Primal Inf.    Dual Inf.      Time
       0    1.2320000e+03   0.000000e+00   0.000000e+00      9s
       0    1.2320000e+03   0.000000e+00   0.000000e+00      9s
Concurrent spin time: 0.03s

Solved with primal simplex

Root relaxation: objective 1.232000e+03, 0 iterations, 0.28 seconds

    Nodes    |    Current Node    |     Objective Bounds      |     Work
 Expl Unexpl |  Obj  Depth IntInf | Incumbent    BestBd   Gap | It/Node Time

     0     0 1232.00000    0 1624          - 1232.00000      -     -    9s
     0     0 1232.05819    0 2194          - 1232.05819      -     -   19s
     0     0 1232.05819    0 2114          - 1232.05819      -     -   19s
     0     0 1267.01387    0 2274          - 1267.01387      -     -   20s
     0     0 1267.01387    0 2150          - 1267.01387      -     -   21s
     0     0 1273.13501    0 2251          - 1273.13501      -     -   21s
     0     0 1273.13501    0 2147          - 1273.13501      -     -   22s
     0     0 1273.13501    0 2244          - 1273.13501      -     -   22s
     0     0 1273.13501    0 2273          - 1273.13501      -     -   23s
     0     0 1273.13501    0 2188          - 1273.13501      -     -   24s
     0     0 1273.13501    0 2171          - 1273.13501      -     -   24s
     0     0 1273.13501    0 1711          - 1273.13501      -     -   26s
     0     0 1273.13501    0 1759          - 1273.13501      -     -   26s
     0     0 1273.13501    0 1689          - 1273.13501      -     -   29s
     0     0 1273.13501    0  812          - 1273.13501      -     -   43s
     0     0 1273.13501    0 1436          - 1273.13501      -     -   52s
     0     0 1273.13501    0 1405          - 1273.13501      -     -   52s
     0     0 1273.13501    0 1442          - 1273.13501      -     -   52s
     0     0 1273.13501    0 1392          - 1273.13501      -     -   52s
     0     0 1276.71486    0 1254          - 1276.71486      -     -   54s
     0     0 1276.71486    0 1264          - 1276.71486      -     -   54s
     0     0 1278.37519    0 1576          - 1278.37519      -     -   54s
     0     0 1279.90909    0 1611          - 1279.90909      -     -   55s
     0     0 1279.90909    0 1608          - 1279.90909      -     -   55s
     0     0 1279.90909    0 1657          - 1279.90909      -     -   55s
     0     0 1279.90909    0 1690          - 1279.90909      -     -   55s
     0     0 1279.90909    0 1757          - 1279.90909      -     -   56s
     0     0 1279.90909    0 1793          - 1279.90909      -     -   56s
     0     0 1279.90909    0 1174          - 1279.90909      -     -   58s
     0     0 1279.90909    0 1319          - 1279.90909      -     -   58s
     0     0 1279.90909    0 1147          - 1279.90909      -     -   59s
     0     0 1279.90909    0 1351          - 1279.90909      -     -   59s
     0     0 1279.90909    0 1223          - 1279.90909      -     -   61s
     0     0 1279.90909    0 1396          - 1279.90909      -     -   61s
     0     0 1279.90909    0 1265          - 1279.90909      -     -   63s
     0     0 1279.90909    0 1534          - 1279.90909      -     -   63s
     0     0 1279.90909    0 1191          - 1279.90909      -     -   64s
     0     0 1280.00000    0  805          - 1280.00000      -     -   65s
     0     0 1280.00000    0  804          - 1280.00000      -     -   66s
     0     0 1280.00000    0  647          - 1280.00000      -     -  109s
     0     0 1280.00000    0 1223          - 1280.00000      -     -  117s
     0     0 1280.00000    0 1180          - 1280.00000      -     -  118s
     0     0 1280.42202    0 1131          - 1280.42202      -     -  119s
     0     0 1280.42202    0 1162          - 1280.42202      -     -  119s
     0     0 1280.42202    0 1486          - 1280.42202      -     -  120s
     0     0 1280.42202    0 1557          - 1280.42202      -     -  120s
     0     0 1280.42202    0 1168          - 1280.42202      -     -  122s
     0     0 1280.42202    0 1295          - 1280.42202      -     -  122s
     0     0 1280.42202    0 1004          - 1280.42202      -     -  123s
     0     0 1280.42202    0 1381          - 1280.42202      -     -  123s
     0     0 1280.42202    0 1459          - 1280.42202      -     -  125s
     0     0 1280.42202    0 1579          - 1280.42202      -     -  125s
     0     0 1280.42202    0 1113          - 1280.42202      -     -  126s
     0     0 1280.42202    0 1245          - 1280.42202      -     -  126s
     0     0 1280.42225    0 1175          - 1280.42225      -     -  128s
     0     0 1281.00000    0  803          - 1281.00000      -     -  129s
     0     0 1281.00000    0  803          - 1281.00000      -     -  129s
     0     2 1281.00000    0  803          - 1281.00000      -     -  141s
   191   127 1567.00000   60  723          - 1284.00000      -   106  145s
   548   353 1352.00000   27  998          - 1290.00000      -  86.4  150s
   747   525 1327.00000   20 1689          - 1290.00000      -  92.3  165s
   748   525 1340.00000   55  816          - 1290.00000      -  92.2  173s
   751   527 1319.00000   40 1369          - 1290.00000      -  91.8  176s
   754   531 1308.00000   29 1689          - 1290.00000      -   112  180s
   755   531 1702.00000  184  599          - 1290.00000      -   112  186s
   760   535 1651.00000   88  884          - 1290.00000      -   111  191s
   764   537 1336.00000    5 1112          - 1290.00000      -   111  196s
   766   539 1340.00000   41  905          - 1290.00000      -   111  201s
   767   541 1290.00000   25  718          - 1290.00000      -   372  208s
   865   601 1323.00000   54  727          - 1290.00000      -   346  210s
  1469   920 1471.00000   75  635          - 1290.00000      -   235  215s
  2259  1291 1429.00000   88  605          - 1290.00000      -   169  220s
  3158  1976 1865.00000  287  337          - 1290.00000      -   131  225s
  3822  2569 2734.00000  536  122          - 1290.00000      -   114  230s
  4568  3143 1919.00000  263  358          - 1290.00000      -   102  235s
  5177  3729 1857.00000  266  361          - 1290.00000      -  96.2  240s
  5737  4280 1928.00000  344  296          - 1290.00000      -  90.8  245s
  6497  5012 2062.00000  414  230          - 1290.00000      -  84.6  250s
  7079  5454 2371.00000  495  166          - 1290.00000      -  81.6  256s
  7698  5878 1978.00000  148  407          - 1290.00000      -  79.0  261s
  8412  6524 2288.00000  325  226          - 1290.00000      -  74.8  265s
  9247  7296 2393.00000  412  162          - 1290.00000      -  70.1  270s
*10471  8195             744    3174.0000000 1290.00000  59.4%  63.5  275s
H10673  8093                    3163.0000000 1290.00000  59.2%  62.6  287s
H10673  7485                    2746.0000000 1290.00000  53.0%  62.6  287s
H10701  7213                    2661.0000000 1290.00000  51.5%  62.4  289s
 10729  7244     cutoff  541      2661.00000 1290.00000  51.5%  62.5  292s
 11120  7614 2149.00000  208  405 2661.00000 1290.00000  51.5%  61.3  295s
 11384  7794 1600.00000   96  551 2661.00000 1290.00000  51.5%  60.9  311s
 11437  7845 1765.00000  116  450 2661.00000 1290.00000  51.5%  60.9  320s
 11523  7930 1845.00000  142  408 2661.00000 1290.00000  51.5%  60.7  325s
 11639  8053 1845.00000  178  403 2661.00000 1290.00000  51.5%  60.4  332s
 11690  8094 1845.00000  187  397 2661.00000 1290.00000  51.5%  60.3  335s
 11772  8167 1855.00000  202  388 2661.00000 1290.00000  51.5%  60.2  340s
 11850  8238 1855.00000  221  355 2661.00000 1290.00000  51.5%  60.2  345s
 11942  8326 1890.00000  240  328 2661.00000 1290.00000  51.5%  60.1  351s
 12089  8472 2184.00000  278  256 2661.00000 1290.00000  51.5%  59.8  356s
 12584  8966 2150.00000  380  225 2661.00000 1290.00000  51.5%  58.1  360s
 13288  9550 2415.00000  429  177 2661.00000 1290.00000  51.5%  56.0  366s
 13508  9763 2532.00000  453  148 2661.00000 1290.00000  51.5%  55.6  371s
 13779 10000 infeasible  463      2661.00000 1290.00000  51.5%  54.9  375s
 13907 10093 1678.00000  108  543 2661.00000 1290.00000  51.5%  55.0  380s
 14640 10785 2062.00000  415 1689 2661.00000 1290.00000  51.5%  53.9  748s
 14642 10786 2467.00000  518  635 2661.00000 1290.00000  51.5%  53.9  752s
 14645 10788 2118.00000  404 1344 2661.00000 1290.00000  51.5%  53.9  755s
 14647 10790 1628.00000  109 1517 2661.00000 1290.00000  51.5%  53.9  764s
 14648 10790 1636.00000  151 1589 2661.00000 1290.00000  51.5%  53.9  768s
 14649 10791 1542.00000   86 1637 2661.00000 1290.00000  51.5%  53.9  775s
 14650 10792 2536.00000  525 1174 2661.00000 1290.00000  51.5%  53.9  788s
 14651 10792 2053.00000  362 1445 2661.00000 1290.00000  51.5%  53.9  793s
 14652 10793 1678.00000  170 1474 2661.00000 1290.00000  51.5%  53.9  797s
 14653 10794 1444.00000   40 1517 2661.00000 1290.00000  51.5%  53.8  803s
 14654 10794 1396.00000   84 1223 2661.00000 1290.00000  51.5%  53.8  818s
 14655 10795 1441.00000   80 1408 2661.00000 1290.00000  51.5%  53.8  824s
 14656 10796 1305.00000   35 1510 2661.00000 1290.00000  51.5%  53.8  828s
 14657 10796 2301.00000  477 1526 2661.00000 1290.00000  51.5%  53.8  835s
 14658 10797 2202.00000  374 1687 2661.00000 1290.00000  51.5%  53.8  848s
 14659 10798 2648.00000  263 1780 2661.00000 1290.00000  51.5%  53.8  850s
 14660 10798 1978.00000  159 1722 2661.00000 1290.00000  51.5%  53.8  856s
 14661 10799 2584.00000  478 1783 2661.00000 1290.00000  51.5%  53.8  864s
 14662 10800 2062.00000  406 1804 2661.00000 1290.00000  51.5%  53.8  873s
 14663 10800 1430.00237   85 1800 2661.00000 1290.00000  51.5%  53.8  883s
 14664 10801 1745.00000  193 1807 2661.00000 1290.00000  51.5%  53.8  894s
 14665 10802 2659.00000  544 1001 2661.00000 1290.00000  51.5%  53.8  921s
 14666 10802 2280.00000  397 1562 2661.00000 1290.00000  51.5%  53.8  928s
 14667 10803 1745.00000  193 1565 2661.00000 1290.05751  51.5%  53.8  933s
 14668 10804 1552.00000  109 1651 2661.00000 1292.11507  51.4%  53.8  935s
 14669 10804 1944.00000  135 1658 2661.00000 1292.11507  51.4%  53.8  941s
 14670 10805 2072.00000  184 1711 2661.00000 1294.32006  51.4%  53.8  946s
 14672 10806 1556.00000  153 1720 2661.00000 1294.43478  51.4%  53.8  955s
 14673 10807 2257.00000  348 1734 2661.00000 1297.09115  51.3%  53.8  962s
 14674 10808 1920.00000  297 1774 2661.00000 1297.09115  51.3%  53.8  969s
 14675 10808 1919.00000  212 1732 2661.00000 1298.00000  51.2%  53.8  978s
 14676 10809 2261.00000  392 1738 2661.00000 1298.00000  51.2%  53.8  986s
 14677 10810 1307.00000   30 1717 2661.00000 1298.55484  51.2%  53.8  993s
 14678 10810 2431.00000  451 1773 2661.00000 1298.55484  51.2%  53.8 1003s
 14679 10811 2095.00000  305 1755 2661.00000 1298.90000  51.2%  53.8 1010s
 14680 10812 1706.00000  113 1796 2661.00000 1298.90000  51.2%  53.8 1021s
 14681 10812 1820.00000  309 1828 2661.00000 1299.00000  51.2%  53.7 1029s
 14682 10813 2392.00000  490 1824 2661.00000 1299.03631  51.2%  53.7 1034s
 14683 10814 1394.00000   72 1856 2661.00000 1299.03631  51.2%  53.7 1043s
 14684 10814 2464.00000  477 1831 2661.00000 1299.11650  51.2%  53.7 1050s
 14686 10816 2139.00000  360 1813 2661.00000 1299.16918  51.2%  53.7 1063s
 14687 10816 1391.00000   60 1788 2661.00000 1299.70293  51.2%  53.7 1070s
 14688 10817 1927.00000  107 1817 2661.00000 1299.70293  51.2%  53.7 1079s
 14689 10818 2395.00000  501 1844 2661.00000 1299.86989  51.2%  53.7 1090s
 14690 10818 1838.00000  263 1837 2661.00000 1299.86989  51.2%  53.7 1100s
 14691 10819 2446.00000  211 1863 2661.00000 1299.94530  51.1%  53.7 1109s
 14692 10820 1393.00000   46 1877 2661.00000 1299.94530  51.1%  53.7 1120s
 14693 10820 2135.00000  377 1828 2661.00000 1299.99325  51.1%  53.7 1132s
 14694 10821 1796.00000  214 1881 2661.00000 1299.99325  51.1%  53.7 1143s
 14695 10822 1831.00000  224 1865 2661.00000 1301.00000  51.1%  53.7 1153s
 14696 10822 1413.00000   52 1879 2661.00000 1301.05042  51.1%  53.7 1158s
 14697 10823 2339.00000  385 1849 2661.00000 1301.05042  51.1%  53.7 1168s
 14698 10824 2241.00000  460 1933 2661.00000 1301.88000  51.1%  53.7 1179s
 14699 10824 1789.00000  141 1879 2661.00000 1301.88000  51.1%  53.7 1191s
 14700 10825 2233.00000  403 1880 2661.00000 1303.40212  51.0%  53.7 1202s
 14701 10826 1505.00000  113 1899 2661.00000 1303.41656  51.0%  53.7 1208s
 14702 10826 1686.00000  209 1894 2661.00000 1303.41656  51.0%  53.7 1217s
 14703 10827 2484.00000  557 1845 2661.00000 1304.00000  51.0%  53.7 1228s
 14704 10828 2268.00000  183 1863 2661.00000 1304.00000  51.0%  53.7 1239s
 14705 10828 2060.00000  364 1882 2661.00000 1305.00000  51.0%  53.7 1251s
 14706 10829 2399.00000  413 1899 2661.00000 1305.00000  51.0%  53.7 1262s
 14707 10830 2104.00000  330 1853 2661.00000 1305.00000  51.0%  53.7 1272s
 14708 10830 2114.00000  130 1838 2661.00000 1305.00000  51.0%  53.6 1284s
 14709 10831 1898.00000  109 1130 2661.00000 1305.00000  51.0%  53.6 1304s
 14710 10832 1381.00000   72 1561 2661.00000 1305.00000  51.0%  53.6 1312s
 14711 10832 2282.00000  386 1413 2661.00000 1305.00894  51.0%  53.6 1330s
 14713 10834 1505.00000   81 1591 2661.00000 1305.07096  51.0%  53.6 1335s
 14714 10834 2241.00000  458 1669 2661.00000 1305.07096  51.0%  53.6 1342s
 14715 10835 1944.00000  267 1728 2661.00000 1305.79646  50.9%  53.6 1349s
 14716 10836 2524.00000  553 1773 2661.00000 1305.79646  50.9%  53.6 1356s
 14717 10836 2324.00000  449 1805 2661.00000 1305.79646  50.9%  53.6 1361s
 14718 10837 2386.00000  487 1799 2661.00000 1305.79646  50.9%  53.6 1369s
 14719 10838 1362.00000   83 1215 2661.00000 1305.79646  50.9%  53.6 1382s
 14720 10838 1712.00000  102 1586 2661.00000 1305.79660  50.9%  53.6 1389s
 14721 10839 1914.00000  306 1455 2661.00000 1305.80477  50.9%  53.6 1405s
 14723 10840 1877.00000  116 1674 2661.00000 1305.85039  50.9%  53.6 1415s
 14724 10841 2511.00000  451 1711 2661.00000 1306.03448  50.9%  53.6 1420s
 14725 10842 1816.00000  158 1736 2661.00000 1306.03448  50.9%  53.6 1428s
 14726 10842 1678.00000  158 1784 2661.00000 1306.20000  50.9%  53.6 1434s
 14727 10843 2319.00000  229 1831 2661.00000 1306.20000  50.9%  53.6 1443s
 14728 10844 1928.00000  323 1696 2661.00000 1307.00000  50.9%  53.6 1451s
 14729 10844 1789.00000  148 1772 2661.00000 1307.00002  50.9%  53.6 1460s
 14730 10845 1653.00000  197 1792 2661.00000 1307.00065  50.9%  53.6 1468s
 14731 10846 2534.00000  473 1801 2661.00000 1307.00106  50.9%  53.6 1472s
 14732 10846 1386.00000   78 1826 2661.00000 1307.00106  50.9%  53.6 1480s
 14733 10847 2601.00000  638 1863 2661.00000 1307.00107  50.9%  53.6 1489s
 14734 10848 2189.00000  387 1851 2661.00000 1307.00114  50.9%  53.6 1499s
 14735 10848 2110.00000  346 1837 2661.00000 1307.00336  50.9%  53.5 1508s
 14736 10849 2276.00000  252 1915 2661.00000 1307.00686  50.9%  53.5 1514s
 14737 10850 1902.00000  191 1906 2661.00000 1307.00898  50.9%  53.5 1517s
 14738 10850 2390.00000  463 1887 2661.00000 1307.00898  50.9%  53.5 1525s
 14739 10851 1399.00000   54 1900 2661.00000 1307.00898  50.9%  53.5 1536s
 14740 10852 2062.00000  415 1892 2661.00000 1307.00898  50.9%  53.5 1547s
 14741 10852 2383.00000  498 1863 2661.00000 1307.00898  50.9%  53.5 1558s
 14742 10853 2467.00000  518 1909 2661.00000 1307.00898  50.9%  53.5 1569s
 14743 10854 1636.00000  173 1324 2661.00000 1307.01074  50.9%  53.5 1593s
 14744 10854 1938.00000  315 1639 2661.00000 1307.01074  50.9%  53.5 1601s
 14745 10855 2118.00000  404 1726 2661.00000 1307.01096  50.9%  53.5 1607s
 14746 10856 2216.00000  303 1784 2661.00000 1307.01203  50.9%  53.5 1610s
 14747 10856 1628.00000  109 1770 2661.00000 1307.01203  50.9%  53.5 1617s
 14748 10857 1636.00000  151 1787 2661.00000 1307.01803  50.9%  53.5 1621s
 14750 10858 2536.00000  525 1769 2661.00000 1307.05824  50.9%  53.5 1626s
 14752 10860 1678.00000  170 1767 2661.00000 1307.07372  50.9%  53.5 1634s
 14753 10860 1444.00000   40 1808 2661.00000 1307.12621  50.9%  53.5 1641s
 14754 10861 1396.00000   84 1798 2661.00000 1307.17098  50.9%  53.5 1646s
 14755 10862 1441.00000   80 1869 2661.00000 1307.17220  50.9%  53.5 1651s
 14756 10862 1307.17295   35 1837 2661.00000 1307.17295  50.9%  53.5 1655s
 14758 10864 2202.00000  374 1885 2661.00000 1307.17388  50.9%  53.5 1668s
 14759 10864 2648.00000  263 1836 2661.00000 1307.19445  50.9%  53.5 1676s
 14760 10865 1978.00000  159 1856 2661.00000 1307.19453  50.9%  53.5 1687s
 14761 10866 2584.00000  478 1834 2661.00000 1307.34300  50.9%  53.5 1695s
 14762 10866 2062.00000  406 1884 2661.00000 1307.34385  50.9%  53.5 1701s
 14763 10867 1430.00237   85 1901 2661.00000 1307.34598  50.9%  53.4 1706s
 14765 10868 2659.00000  544 1842 2661.00000 1307.34842  50.9%  53.4 1712s
 14766 10869 2280.00000  397 1831 2661.00000 1307.34874  50.9%  53.4 1721s
 14767 10870 1745.00000  193 1880 2661.00000 1307.36166  50.9%  53.4 1728s
 14768 10870 1552.00000  109 1877 2661.00000 1307.36615  50.9%  53.4 1733s
 14769 10871 1944.00000  135 1881 2661.00000 1307.36615  50.9%  53.4 1742s
 14770 10872 2072.00000  184 1879 2661.00000 1307.37278  50.9%  53.4 1750s
 14771 10872 1640.00000   95 1870 2661.00000 1307.37377  50.9%  53.4 1755s
 14773 10874 2257.00000  348 1945 2661.00000 1307.38527  50.9%  53.4 1762s
 14774 10874 1920.00000  297 1946 2661.00000 1307.38529  50.9%  53.4 1773s
 14775 10875 1919.00000  212 1887 2661.00000 1307.38753  50.9%  53.4 1781s
 14776 10876 2261.00000  392 1887 2661.00000 1307.38945  50.9%  53.4 1785s
 14777 10876 1307.38957   30 1868 2661.00000 1307.38957  50.9%  53.4 1794s
 14778 10877 2431.00000  451 1884 2661.00000 1307.39051  50.9%  53.4 1804s
 14779 10878 2095.00000  305 1915 2661.00000 1307.39690  50.9%  53.4 1808s
 14780 10878 1706.00000  113 1856 2661.00000 1307.39699  50.9%  53.4 1819s
 14781 10879 1820.00000  309 1890 2661.00000 1307.39810  50.9%  53.4 1830s
 14782 10880 2392.00000  490 1926 2661.00000 1307.77075  50.9%  53.4 1836s
 14783 10880 1394.00000   72 1896 2661.00000 1307.77848  50.9%  53.4 1840s
 14784 10881 2464.00000  477 1926 2661.00000 1307.77950  50.9%  53.4 1845s
 14785 10882 2533.00000  514 1935 2661.00000 1307.77950  50.9%  53.4 1854s
 14786 10882 2139.00000  360 1904 2661.00000 1307.97446  50.8%  53.4 1861s
 14787 10883 1391.00000   60 1930 2661.00000 1307.97446  50.8%  53.4 1872s
 14788 10884 1927.00000  107 1864 2661.00000 1307.99705  50.8%  53.4 1882s
 14789 10884 2395.00000  501 1923 2661.00000 1307.99705  50.8%  53.4 1894s
 14790 10885 1838.00000  263 1859 2661.00000 1308.00000  50.8%  53.4 1906s
 14791 10886 2446.00000  211 1915 2661.00000 1308.00000  50.8%  53.3 1919s
 14792 10886 1393.00000   46 1838 2661.00000 1308.00000  50.8%  53.3 1932s
 14793 10887 2135.00000  377 1883 2661.00000 1308.00000  50.8%  53.3 1951s
 14794 10888 1796.00000  214 1209 2661.00000 1308.00000  50.8%  53.3 1980s
 14795 10888 1831.00000  224 1549 2661.00000 1308.00000  50.8%  53.3 1989s
 14796 10889 1413.00000   52 1342 2661.00000 1308.00000  50.8%  53.3 2011s
 14797 10890 2339.00000  385 1697 2661.00000 1308.00000  50.8%  53.3 2025s
 14798 10890 2241.00000  460 1630 2661.00000 1308.00000  50.8%  53.3 2165s
 14799 10891 1789.00000  141 1568 2661.00000 1308.00000  50.8%  53.3 2177s
H14799 10343                    2657.0000000 1308.00000  50.8%  53.3 2183s
 14800 10344 2233.00000  403 1568 2657.00000 1308.00000  50.8%  53.3 2196s
 14801 10347 1309.00000   40 1002 2657.00000 1308.00000  50.8%   135 2235s
 14803 10349 1309.00000   41 1137 2657.00000 1309.00000  50.7%   135 2266s
 14805 10350 2274.00000   41  754 2657.00000 1309.00000  50.7%   136 2278s
 14809 10353 2166.00000   42  546 2657.00000 1309.00000  50.7%   136 2286s
 14814 10355 1309.00000   44 1105 2657.00000 1309.00000  50.7%   136 2294s
 14817 10354 1309.00000   45 1215 2657.00000 1309.00000  50.7%   137 2301s
 14822 10359 1309.00000   46 1101 2657.00000 1309.00000  50.7%   137 2308s
 14828 10363 1333.00000   48 1036 2657.00000 1309.00000  50.7%   138 2313s
H14829  9845                    2581.0000000 1309.00000  49.3%   138 2313s
 14830  9844 1309.00000   48 1200 2581.00000 1309.00000  49.3%   138 2316s
 14833  9847 1309.00000   49 1218 2581.00000 1309.00000  49.3%   139 2321s
 14837  9849 1309.00000   50 1146 2581.00000 1309.00000  49.3%   139 2331s
 14855  9863 1309.00000   54 1057 2581.00000 1309.00000  49.3%   140 2341s
 14869  9870 1309.00000   57 1092 2581.00000 1309.00000  49.3%   141 2398s
 14882  9878 1358.00000   60 1161 2581.00000 1309.00000  49.3%   141 2504s
 14887  9884 1405.00000   62 1034 2581.00000 1309.00000  49.3%   141 2582s
 14890  9885 1330.00000   63  952 2581.00000 1309.00000  49.3%   142 2619s
 14984  9948 1428.00000   87  849 2581.00000 1309.00000  49.3%   143 2642s
 15061 10002 1498.00000  107  735 2581.00000 1309.00000  49.3%   143 2661s
 15118 10037 1513.00000  121  558 2581.00000 1309.00000  49.3%   144 2682s
 15186 10083 1636.00000  140  513 2581.00000 1309.00000  49.3%   144 2701s
 15253 10126 1627.00000  154  426 2581.00000 1309.00000  49.3%   143 2719s
 15318 10170 1758.00000  175  486 2581.00000 1309.00000  49.3%   143 2740s
 15360 10200 1712.00000  182  400 2581.00000 1309.00000  49.3%   143 2762s
 15436 10251 1791.00000  205  390 2581.00000 1309.00000  49.3%   143 2783s
 15516 10301 1826.00000  228  368 2581.00000 1309.00000  49.3%   142 2807s
 15575 10343 1826.00000  242  357 2581.00000 1309.00000  49.3%   142 2834s
 15661 10395 1865.00000  266  329 2581.00000 1309.00000  49.3%   141 2857s
 15735 10448 1865.00000  279  309 2581.00000 1309.00000  49.3%   141 2986s
 15741 10451 1865.00000  281  305 2581.00000 1309.00000  49.3%   141 3011s
 15823 10500 1913.00000  298  276 2581.00000 1309.00000  49.3%   140 3036s
 15930 10554 2283.00000  323  224 2581.00000 1309.00000  49.3%   140 3063s
 16028 10598 2327.00000  348  195 2581.00000 1309.00000  49.3%   139 3093s
 16138 10616 1310.00000   55 1082 2581.00000 1309.00000  49.3%   139 3120s
 16216 10646 1336.00000   63 1031 2581.00000 1309.00000  49.3%   140 3144s
 16318 10708 1410.00000   77  646 2581.00000 1309.00000  49.3%   140 3172s
 16439 10797 1627.00000  104  477 2581.00000 1309.00000  49.3%   140 3203s
 16588 10884 1713.00000  144  376 2581.00000 1309.00000  49.3%   139 3235s
 16751 10996 1749.00000  178  408 2581.00000 1309.00000  49.3%   139 3270s
 16946 11127 2018.00000  214  314 2581.00000 1309.00000  49.3%   138 3308s
 17158 11233 2060.00000  265  255 2581.00000 1309.00000  49.3%   136 3351s
 17434 11348 1329.00000   56  993 2581.00000 1309.00000  49.3%   135 3382s
 17535 11401 1654.00000  109  488 2581.00000 1309.00000  49.3%   136 3414s
 17666 11494 1800.00000  160  396 2581.00000 1309.00000  49.3%   136 3459s
 17861 11632 2005.00000  216  263 2581.00000 1309.00000  49.3%   135 3500s
 18063 11747 2312.00000  301  151 2581.00000 1309.00000  49.3%   134 3550s
 18362 11894 infeasible  381      2581.00000 1309.00000  49.3%   132 3596s
 18541 12020 1843.00000  109  493 2581.00000 1309.00000  49.3%   132 3647s
 18826 12191 2188.00000  183  256 2581.00000 1309.00000  49.3%   130 3700s
 19266 12490 2411.00000  326  126 2581.00000 1309.00000  49.3%   128 3752s
 19518 12587 1483.00000   78  600 2581.00000 1309.00000  49.3%   127 3804s
 19704 12675 1780.00000  147  556 2581.00000 1309.00000  49.3%   126 3877s
 20016 12856 2185.00000  290  263 2581.00000 1309.00000  49.3%   125 3931s
 20342 13034 2454.00000  411  136 2581.00000 1309.00000  49.3%   124 3978s
 20567 13162 1669.00000  111  617 2581.00000 1309.00000  49.3%   124 4035s
 20873 13371 1992.00000  172  343 2581.00000 1309.00000  49.3%   123 4093s
 21211 13533 2118.00000  220  229 2581.00000 1309.00000  49.3%   122 4148s
 21520 13746 2381.00000  329  112 2581.00000 1309.00000  49.3%   121 4200s
 21765 13887 2499.00000  347   77 2581.00000 1309.00000  49.3%   121 4258s
 23047 14651 2305.00000  206  259 2581.00000 1309.00000  49.3%   118 4299s
 24829 15574 2075.00000  258  235 2581.00000 1309.00000  49.3%   114 4344s
 25345 15856 infeasible  386      2581.00000 1309.00000  49.3%   112 4386s
 25929 16146 1566.00000   59  790 2581.00000 1309.00000  49.3%   111 4423s
 26640 16548 1389.00000   59  912 2581.00000 1309.00000  49.3%   110 4465s
 27809 17211 1332.00000   63 1013 2581.00000 1309.00000  49.3%   108 4499s
 28267 17456 1500.00000   77  781 2581.00000 1309.00000  49.3%   108 4523s
H28271 16961                    2569.0000000 1309.00000  49.0%   108 4523s
H28278 16452                    2549.0000000 1309.00000  48.6%   108 4523s
 28282 16458 1696.00000   85  530 2549.00000 1309.00000  48.6%   108 4550s
H28285 16006                    2535.0000000 1309.00000  48.4%   108 4550s
 28459 16116 2089.00000  108  309 2535.00000 1309.00000  48.4%   107 4577s
 28725 16272 2127.00000  111  317 2535.00000 1309.00000  48.4%   107 4613s
 29542 16719 2192.00000  213  215 2535.00000 1309.00000  48.4%   105 4655s
 30935 17499 2327.00000  211  278 2535.00000 1309.00000  48.4%   103 4688s
 31176 17589 1327.00000   72 1012 2535.00000 1309.00000  48.4%   103 4712s
 31591 17845 1440.00000   67  873 2535.00000 1309.00000  48.4%   102 4736s
 31896 18041 1408.10078   90 1036 2535.00000 1309.00000  48.4%   102 4766s
 32715 18461 infeasible  427      2535.00000 1309.00000  48.4%   101 4795s
 32954 18589 1861.00000  100  454 2535.00000 1309.00000  48.4%   101 4823s
 33851 19068 1933.00000  112  568 2535.00000 1309.00000  48.4%   100 4837s
 34126 19202 1355.00000   70 1189 2535.00000 1309.00000  48.4%   100 4862s
 34128 19207 1355.00000   71 1045 2535.00000 1309.00000  48.4%   100 4883s
 34195 19251 1570.00000   79  891 2535.00000 1309.00000  48.4%   100 4901s
 34781 19518 2407.00000  212  220 2535.00000 1309.00000  48.4%   100 4923s
 34848 19531 infeasible  228      2535.00000 1309.00000  48.4%   100 4948s
 34930 19528 1327.00000   64 1248 2535.00000 1309.00000  48.4%   101 4966s
 34977 19561 1510.00000   68 1040 2535.00000 1309.00000  48.4%   101 4983s
 35000 19567 1510.00000   69  864 2535.00000 1309.00000  48.4%   101 5014s
 35219 19704 1565.00000   81  879 2535.00000 1309.00000  48.4%   101 5032s
 35321 19760 1949.00000  153  417 2535.00000 1309.00000  48.4%   102 5055s
 35672 19982 1309.00000   66 1251 2535.00000 1309.00000  48.4%   102 5078s
 35979 20175 1432.00000   70  885 2535.00000 1309.00000  48.4%   102 5112s
 36033 20206 1506.00000   84  754 2535.00000 1309.00000  48.4%   102 5143s
 36174 20292 1539.00000  109  631 2535.00000 1309.00000  48.4%   102 5160s
 36661 20525 1955.00000  228  383 2535.00000 1309.00000  48.4%   102 5187s
 37256 20835 1420.00000   66 1058 2535.00000 1309.00000  48.4%   102 5205s
 37268 20839 1559.00000   77  878 2535.00000 1309.00000  48.4%   102 5223s
 37319 20850 1819.00000  108  568 2535.00000 1309.00000  48.4%   102 5242s
 37530 20984 1382.00000   61 1206 2535.00000 1309.00000  48.4%   103 5264s
 37659 21036 1660.00000   77  687 2535.00000 1309.00000  48.4%   103 5289s
 38058 21250 1510.00000   64 1075 2535.00000 1309.00000  48.4%   103 5308s
 38193 21326 1925.00000  176  323 2535.00000 1309.00000  48.4%   103 5328s
 38617 21543 1418.00000   63 1214 2535.00000 1309.00000  48.4%   103 5344s
 38620 21544 1418.00000   65 1127 2535.00000 1309.00000  48.4%   103 5360s
 38648 21563 1501.00000   75  893 2535.00000 1309.00000  48.4%   104 5377s
 38709 21601 1628.00000   86  898 2535.00000 1309.00000  48.4%   104 5400s
 39096 21819 1948.00000  122  448 2535.00000 1309.00000  48.4%   105 5426s
 39392 21974 2497.00000  206  220 2535.00000 1309.00000  48.4%   105 5449s
 39570 22071 1309.00000   45 1467 2535.00000 1309.00000  48.4%   105 5469s
 39619 22082 1390.00000   48 1138 2535.00000 1309.00000  48.4%   106 5486s
 39646 22095 1623.00000   73  743 2535.00000 1309.00000  48.4%   106 5518s
 39785 22174 1382.00000   62 1188 2535.00000 1309.00000  48.4%   107 5535s
 39805 22187 1510.00000   68  983 2535.00000 1309.00000  48.4%   107 5565s
 39965 22284 1893.00000  159  457 2535.00000 1309.00000  48.4%   107 5592s
 40230 22457 1329.00000   54 1407 2535.00000 1309.00000  48.4%   107 5625s
H40455 22335                    2503.0000000 1309.00000  47.7%   107 5644s
 40510 22379 1705.00000   79  594 2503.00000 1309.00000  47.7%   108 5662s
 40707 22542 1327.00000   63 1403 2503.00000 1309.00000  47.7%   108 5685s
 40709 22546 1510.00000   64 1005 2503.00000 1309.00000  47.7%   109 5700s
 40739 22572 1617.00000   78  806 2503.00000 1309.00000  47.7%   109 5726s
 40869 22695 2407.00000  176  180 2503.00000 1309.00000  47.7%   109 5744s
 41040 22823 1362.00000   58 1367 2503.00000 1309.00000  47.7%   110 5777s
 41044 22828 1412.00000   59 1165 2503.00000 1309.00000  47.7%   110 5794s
 41083 22863 1920.00000   81  852 2503.00000 1309.00000  47.7%   111 5840s
 41125 22899 2145.00000  102  605 2503.00000 1309.00000  47.7%   111 5872s
 41198 22957 2447.00000  152  296 2503.00000 1309.00000  47.7%   111 5901s
 41238 22990 1329.00000   54 1228 2503.00000 1309.00000  47.7%   112 5929s
 41295 23046 1517.00000   64  757 2503.00000 1309.00000  47.7%   112 5958s
 41437 23177 1606.00000   78  661 2503.00000 1309.00000  47.7%   113 5990s
 42099 23819 2437.00000  297   88 2503.00000 1309.00000  47.7%   112 6024s
 42301 23948 2476.00000  364   59 2503.00000 1309.00000  47.7%   112 6049s
*42457 23858             420    2500.0000000 1309.00000  47.6%   111 6049s
 42607 24062 1358.00000   64 1169 2500.00000 1309.00000  47.6%   112 6065s
 42669 24106 1583.00000   67  917 2500.00000 1309.00000  47.6%   112 6081s
 42671 24109 1583.00000   68 1098 2500.00000 1309.00000  47.6%   112 6098s
 42701 24133 1728.00000   86  563 2500.00000 1309.00000  47.6%   113 6132s
 42870 24285 1390.00000   48 1225 2500.00000 1309.00000  47.6%   113 6158s
 42976 24361 1390.00000   51 1109 2500.00000 1309.00000  47.6%   113 6176s
 43014 24393 1828.00000   83  528 2500.00000 1309.00000  47.6%   113 6205s
 43333 24688 1510.00000   62 1182 2500.00000 1309.00000  47.6%   113 6221s
 43387 24729 1510.00000   76  925 2500.00000 1309.00000  47.6%   114 6240s
 43423 24762 1877.00000  108  613 2500.00000 1309.00000  47.6%   114 6271s
 43471 24801 2152.00000  132  404 2500.00000 1309.00000  47.6%   115 6306s
 43659 24951 1418.00000   61 1147 2500.00000 1309.00000  47.6%   115 6323s
 43668 24951 1569.00000   68  783 2500.00000 1309.00000  47.6%   116 6354s
 43851 25123 1409.00000   58 1182 2500.00000 1309.00000  47.6%   116 6382s
 43974 25224 1645.00000   64  903 2500.00000 1309.00000  47.6%   117 6427s
 43976 25227 1645.00000   65  785 2500.00000 1309.00000  47.6%   117 6447s
 44025 25271 2005.00000  107  421 2500.00000 1309.00000  47.6%   118 6477s
 44105 25334 1366.00000   62 1260 2500.00000 1309.00000  47.6%   118 6504s
 44155 25384 1827.00000   85  818 2500.00000 1309.00000  47.6%   118 6535s
 44253 25470 2304.00000  118  416 2500.00000 1309.00000  47.6%   119 6562s
 44462 25638 1441.00000   61 1150 2500.00000 1309.00000  47.6%   119 6581s
 44474 25649 1639.00000   72  925 2500.00000 1309.00000  47.6%   119 6605s
 44532 25700 2288.00000  121  446 2500.00000 1309.00000  47.6%   119 6633s
 44605 25765 1310.00000   46 1631 2500.00000 1309.00000  47.6%   120 6666s
 44677 25830 1409.00000   48 1104 2500.00000 1309.00000  47.6%   120 6706s
 44871 26013 1579.00000   55 1219 2500.00000 1309.00000  47.6%   121 6732s
 44928 26066 2140.00000  110  413 2500.00000 1309.00000  47.6%   121 6759s
 44985 26106 1410.00000   64 1022 2500.00000 1309.00000  47.6%   122 6782s
 44999 26119 1410.00000   65 1117 2500.00000 1309.00000  47.6%   122 6813s
 45048 26160 1773.00000   80  610 2500.00000 1309.00000  47.6%   123 6843s
 45309 26399 1333.00000   49 1424 2500.00000 1309.00000  47.6%   123 6873s
 45311 26404 1333.00000   49 1461 2500.00000 1309.00000  47.6%   123 6900s
 45360 26444 1434.00000   52 1062 2500.00000 1309.00000  47.6%   123 6939s
 45509 26572 1560.00000   68  837 2500.00000 1309.00000  47.6%   124 6972s
 45523 26586 1632.00000   75  818 2500.00000 1309.00000  47.6%   124 7005s
 45597 26652 1803.00000  111  504 2500.00000 1309.00000  47.6%   125 7054s
 46007 27035 1344.00000   60 1305 2500.00000 1309.00000  47.6%   125 7082s
 46030 27056 1396.00000   70 1001 2500.00000 1309.00000  47.6%   126 7113s
 46084 27100 1584.00000   97  644 2500.00000 1309.00000  47.6%   126 7155s
 46657 27645 1329.00000   61 1492 2500.00000 1309.00000  47.6%   126 7176s
 46659 27653 1405.00000   62 1241 2500.00000 1309.00000  47.6%   126 7201s
 46695 27678 1656.00000   75  872 2500.00000 1309.00000  47.6%   127 7242s
 46907 27858 1994.00000  143  502 2500.00000 1309.00000  47.6%   127 7267s
 47124 28053 1329.00000   47 1576 2500.00000 1309.00000  47.6%   127 7289s
 47146 28074 1346.00000   49 1296 2500.00000 1309.00000  47.6%   128 7322s
 47214 28136 1584.00000   54 1027 2500.00000 1309.00000  47.6%   128 7353s
 47274 28172 1679.00000   72  766 2500.00000 1309.00000  47.6%   129 7394s
 47419 28313 1371.00000   67 1281 2500.00000 1309.00000  47.6%   129 7411s
 47430 28316 1468.00000   70 1180 2500.00000 1309.00000  47.6%   130 7430s
 47451 28335 1541.00000   76  914 2500.00000 1309.00000  47.6%   131 7453s
 47468 28354 1482.00000   83 1187 2500.00000 1309.00000  47.6%   131 7477s
 47504 28390 1579.00000   87  883 2500.00000 1309.00000  47.6%   132 7505s
 47551 28445 1579.00000   96  971 2500.00000 1309.00000  47.6%   133 7544s
 47628 28508 1735.00000  112  745 2500.00000 1309.00000  47.6%   134 7588s
 47866 28724 2385.00000  189  240 2500.00000 1309.00000  47.6%   134 7630s
 48088 28918 1311.00000   66 1598 2500.00000 1309.00000  47.6%   135 7677s
 48368 29140 1375.00000   68 1269 2500.00000 1309.00000  47.6%   135 7699s
 48376 29151 1519.00000   75 1009 2500.00000 1309.00000  47.6%   135 7737s
 48525 29287 2325.00000  185  208 2500.00000 1309.00000  47.6%   135 7762s
 48800 29516 1408.00000   60 1204 2500.00000 1309.00000  47.6%   135 7784s
 48812 29524 1665.00000   69  796 2500.00000 1309.00000  47.6%   136 7822s
 48964 29667 2384.00000  190  144 2500.00000 1309.00000  47.6%   136 7851s
 49096 29780 1520.00000   65 1253 2500.00000 1309.00000  47.6%   137 7874s
 49103 29784 1520.00000   67 1044 2500.00000 1309.00000  47.6%   137 7904s
 49183 29861 2267.00000  111  509 2500.00000 1309.00000  47.6%   138 7947s
 49288 29944 1382.00000   69 1305 2500.00000 1309.00000  47.6%   138 7994s
 49573 30162 1382.00000   71 1183 2500.00000 1309.00000  47.6%   138 8021s
 49610 30191 1783.00000   99  811 2500.00000 1309.00000  47.6%   139 8064s
 49791 30359 1313.00000   48 1546 2500.00000 1309.00000  47.6%   140 8093s
 49883 30422 1427.00000   51 1210 2500.00000 1309.00000  47.6%   140 8124s
 49907 30448 1632.00000   74 1059 2500.00000 1309.00000  47.6%   141 8165s
 50045 30576 2129.00000  165  317 2500.00000 1309.00000  47.6%   141 8197s
 50223 30717 1309.00000   60 1634 2500.00000 1309.00000  47.6%   142 8221s
 50238 30726 1329.00000   61 1374 2500.00000 1309.00000  47.6%   142 8270s
 50391 30859 1657.00000   70  905 2500.00000 1309.00000  47.6%   142 8312s
 50490 30944 1434.00000   59 1207 2500.00000 1309.00000  47.6%   143 8344s
 50577 31021 2202.00000   95  523 2500.00000 1309.00000  47.6%   144 8386s
 50727 31154 1329.00000   47 1362 2500.00000 1309.00000  47.6%   144 8408s
 50739 31157 1405.00000   55 1232 2500.00000 1309.00000  47.6%   145 8451s
*50929 31145             225    2499.0000000 1309.00000  47.6%   145 8451s
 50957 31208 1628.00000   84  849 2499.00000 1309.00000  47.6%   145 8489s
 51250 31451 1329.00000   61 1450 2499.00000 1309.00000  47.6%   146 8519s
 51300 31490 1443.00000   64 1066 2499.00000 1309.00000  47.6%   146 8557s
 51436 31605 1777.00000   88  725 2499.00000 1309.00000  47.6%   147 8602s
 51581 31708 infeasible  190      2499.00000 1309.00000  47.6%   147 8633s
 51604 31722 1496.00000   56 1219 2499.00000 1309.00000  47.6%   147 8672s
 51733 31827 2055.00000   94  416 2499.00000 1309.00000  47.6%   148 8712s
 51816 31885 1388.00000   56 1360 2499.00000 1309.00000  47.6%   149 8754s
 51916 31965 1485.00000   61 1030 2499.00000 1309.00000  47.6%   149 8793s
 52079 32106 2362.00000  142  265 2499.00000 1309.00000  47.6%   150 8827s
 52298 32264 1362.00000   55 1372 2499.00000 1309.00000  47.6%   150 8857s
 52355 32312 1993.00000   84  648 2499.00000 1309.00000  47.6%   150 8909s
 52561 32492 1319.00000   47 1498 2499.00000 1309.00000  47.6%   151 8945s
 52935 32815 1989.00000  104  484 2499.00000 1309.00000  47.6%   151 8988s
 53073 32934 1409.00000   61 1278 2499.00000 1309.00000  47.6%   152 9019s
 53120 32971 1830.00000   91  789 2499.00000 1309.00000  47.6%   152 9071s
H53548 32922                    2498.0000000 1309.00000  47.6%   151 9071s
 53860 33422 1329.00000   47 1561 2498.00000 1309.00000  47.6%   151 9108s
 54088 33628 1428.00000   49 1305 2498.00000 1309.00000  47.6%   152 9140s
 54140 33673 1910.00000   98  664 2498.00000 1309.00000  47.6%   152 9178s
 54326 33825 1520.00000   65 1156 2498.00000 1309.00000  47.6%   153 9226s
 54632 34079 infeasible  185      2498.00000 1309.00000  47.6%   153 9253s
 54662 34100 1495.00000   63 1166 2498.00000 1309.00000  47.6%   154 9291s
 54807 34229 1897.00000   85  730 2498.00000 1309.00000  47.6%   154 9330s
 54971 34384 1319.00000   60 1514 2498.00000 1309.00000  47.6%   155 9372s
 55025 34427 1574.00000   65 1012 2498.00000 1309.00000  47.6%   155 9418s
 55246 34583 1376.00000   65 1260 2498.00000 1309.00000  47.6%   155 9467s
 55396 34717 1356.00000   49 1347 2498.00000 1309.00000  47.6%   156 9508s
 55475 34784 1661.00000   68  631 2498.00000 1309.00000  47.6%   157 9565s
H55967 33589                    2470.0000000 1309.00000  47.0%   157 9609s
 56074 33680 2191.00000  130  218 2470.00000 1309.00000  47.0%   157 9647s
 56267 33841 1356.00000   58 1380 2470.00000 1309.00000  47.0%   158 9678s
 56313 33880 1447.00000   70 1057 2470.00000 1309.00000  47.0%   158 9719s
 56480 34035 1753.00000  119  786 2470.00000 1309.00000  47.0%   159 9757s
H56615 30154                    2395.0000000 1309.00000  45.3%   159 9757s
 56617 30283 2189.00000  254  198 2395.00000 1309.00000  45.3%   159 9810s
 56953 30562 1620.00000   67  788 2395.00000 1309.00000  45.3%   159 9839s
 57088 30670 1390.00000   64 1316 2395.00000 1309.00000  45.3%   159 9876s
 57167 30740 1377.00000   68 1228 2395.00000 1309.00000  45.3%   160 9905s
 57217 30783 1578.00000   80  907 2395.00000 1309.00000  45.3%   161 9955s
 57358 30908 1830.00000  112  534 2395.00000 1309.00000  45.3%   162 10009s
 57625 31158 2162.00000  245  229 2395.00000 1309.00000  45.3%   162 10062s
 57835 31341 1376.00000   50 1306 2395.00000 1309.00000  45.3%   162 10105s
 57951 31447 2061.00000   83  596 2395.00000 1309.00000  45.3%   163 10140s
 58072 31519 1457.00000   65 1362 2395.00000 1309.00000  45.3%   164 10173s
 58109 31551 1457.00000   66 1183 2395.00000 1309.00000  45.3%   164 10209s
 58169 31594 1337.00000   68 1283 2395.00000 1309.00000  45.3%   164 10239s
 58208 31626 1634.00000   78  943 2395.00000 1309.00000  45.3%   165 10283s
 58369 31766 1897.00000  108  501 2395.00000 1309.00000  45.3%   166 10339s
 58570 31947 2374.00000  164  235 2395.00000 1309.00000  45.3%   166 10384s
 58763 32097 1356.00000   58 1361 2395.00000 1309.00000  45.3%   167 10414s
 58791 32106 1492.00000   61  987 2395.00000 1309.00000  45.3%   167 10448s
 58835 32139 1942.00000   96  479 2395.00000 1310.00000  45.3%   168 10505s
 58988 32243 1388.00000   58 1303 2395.00000 1310.00000  45.3%   169 10535s
 58993 32244 1498.00000   61 1098 2395.00000 1310.00000  45.3%   169 10581s
 59128 32374 2240.00000  185  226 2395.00000 1310.00000  45.3%   169 10627s
 59236 32445 1337.00000   63 1620 2395.00000 1310.00000  45.3%   170 10691s
 59346 32526 1415.00000   64 1217 2395.00000 1310.00000  45.3%   170 10724s
 59357 32528 1821.00000   73 1009 2395.00000 1310.00000  45.3%   171 10775s
 59570 32692 1449.00000   60 1273 2395.00000 1310.00000  45.3%   172 10804s
 59576 32694 1456.00000   63 1140 2395.00000 1310.00000  45.3%   172 10841s
 59640 32748 infeasible  103      2395.00000 1310.00000  45.3%   173 10917s
 59816 32882 1312.00000   48 1773 2395.00000 1310.00000  45.3%   173 10943s
 59818 32888 1312.00000   49 1778 2395.00000 1310.00000  45.3%   174 10964s
 59824 32896 1351.00000   52 1521 2395.00000 1310.00000  45.3%   174 10984s
 59838 32898 1384.00000   60 1146 2395.00000 1310.00000  45.3%   175 11017s
 59882 32948 1633.00000   96  823 2395.00000 1310.00000  45.3%   176 11075s
 60057 33113 2163.00000  240  253 2395.00000 1310.00000  45.3%   176 11124s
 60225 33236 1381.00000   70 1288 2395.00000 1310.00000  45.3%   177 11164s
 60273 33279 1704.00000   80  967 2395.00000 1310.00000  45.3%   178 11227s
 60528 33509 1364.00000   64 1453 2395.00000 1310.00000  45.3%   178 11302s
 60683 33633 1364.00000   65 1435 2395.00000 1310.00000  45.3%   179 11333s
 60698 33639 1454.00000   68 1064 2395.00000 1310.00000  45.3%   179 11397s
 60845 33762 1762.00000   86  695 2395.00000 1310.00000  45.3%   180 11450s
 60936 33852 1947.00000  129  496 2395.00000 1310.00000  45.3%   180 11532s
 61203 34095 2087.00000  219  269 2395.00000 1310.00000  45.3%   180 11618s
 61411 34272 2191.00000  313  199 2395.00000 1311.00000  45.3%   180 11680s
 61521 34358 1316.00000   64 1644 2395.00000 1311.00000  45.3%   181 11734s
 61693 34520 1375.00000   70 1239 2395.00000 1311.00000  45.3%   181 11778s
H61713 34329                    2392.0000000 1311.00000  45.2%   182 11778s
 62106 34550 1523.00000   90  954 2392.00000 1311.00000  45.2%   181 11837s
 62288 34724 1311.00000   64 1781 2392.00000 1311.00000  45.2%   182 11868s
 62313 34742 1547.00000   66 1177 2392.00000 1311.00000  45.2%   183 11931s
 62581 34945 2391.00000  191  165 2392.00000 1311.00000  45.2%   183 11970s
 62659 34974 1556.00000   64 1330 2392.00000 1311.00000  45.2%   184 12024s
 62756 35054 1744.00000   92  730 2392.00000 1311.00000  45.2%   184 12091s
 62947 35198 1331.00000   49 1654 2392.00000 1311.00000  45.2%   185 12140s
 63068 35298 1518.00000   56 1004 2392.00000 1311.00000  45.2%   185 12189s
 63149 35373 2116.00000  136  406 2392.00000 1311.00000  45.2%   186 12243s
 63356 35529 1706.00000   70  925 2392.00000 1311.00000  45.2%   186 12295s
 63508 35623 1316.00000   67 1566 2392.00000 1311.00000  45.2%   187 12340s
 63594 35700 1493.00000   75 1088 2392.00000 1311.00000  45.2%   187 12390s
 63678 35777 2220.00000  154  388 2392.00000 1311.00000  45.2%   188 12435s
 63790 35853 1398.00000   64 1247 2392.00000 1311.00000  45.2%   189 12515s
 64051 36042 1789.00000   99  757 2392.00000 1311.00000  45.2%   189 12591s
 64315 36250 1311.00000   65 1698 2392.00000 1311.00000  45.2%   189 12622s
 64321 36252 1410.00000   68 1247 2392.00000 1311.00000  45.2%   190 12668s
 64394 36320 2054.00000  125  513 2392.00000 1311.00000  45.2%   191 12737s
 64552 36437 1311.00000   64 1698 2392.00000 1311.00000  45.2%   191 12790s
 64730 36589 1607.00000   66 1008 2392.00000 1311.00000  45.2%   191 12836s
 64821 36682 1911.00000  110  572 2392.00000 1311.00000  45.2%   192 12909s
 64992 36838 2083.00000  194  288 2392.00000 1311.00000  45.2%   192 13008s
 65402 37186 1354.00000   65 1478 2392.00000 1311.00000  45.2%   192 13040s
 65447 37203 1522.00000   72 1036 2392.00000 1311.00000  45.2%   193 13102s
 65648 37388 1356.00000   64 1375 2392.00000 1311.00000  45.2%   193 13151s
 65744 37440 1590.00000   78 1037 2392.00000 1311.00000  45.2%   194 13224s
 66131 37796 1314.00000   66 1724 2392.00000 1311.00000  45.2%   194 13263s
 66213 37865 1356.00000   68 1375 2392.00000 1311.00000  45.2%   195 13300s
 66239 37878 1647.00000   83  659 2392.00000 1311.00000  45.2%   196 13367s
 66693 38288 1331.00000   66 1589 2392.00000 1311.00000  45.2%   196 13400s
 66813 38351 1586.00000   87  927 2392.00000 1311.00000  45.2%   196 13457s
 67058 38573 1356.00000   70 1467 2392.00000 1311.00000  45.2%   197 13490s
 67078 38584 1616.00000   87  892 2392.00000 1311.00000  45.2%   198 13534s
 67189 38683 1314.00000   66 1677 2392.00000 1311.00000  45.2%   198 13590s
 67251 38725 1314.00000   68 1621 2392.00000 1311.00000  45.2%   199 13627s
 67276 38744 1337.00000   73 1455 2392.00000 1311.00000  45.2%   200 13674s
 67387 38823 1877.00000  102  607 2392.00000 1311.00000  45.2%   200 13744s
 67776 39170 1313.00000   68 1606 2392.00000 1311.00000  45.2%   201 13784s
 67796 39182 1313.00000   70 1609 2392.00000 1311.00000  45.2%   201 13858s
 67941 39307 1418.00000   72 1310 2392.00000 1311.00000  45.2%   202 13900s
 67943 39308 1477.00000   73 1209 2392.00000 1311.00000  45.2%   202 13966s
 68139 39473 1388.00000   73 1271 2392.00000 1311.00000  45.2%   203 14037s
 68294 39602 1636.00000   93  826 2392.00000 1311.00000  45.2%   203 14117s
 68497 39783 infeasible  191      2392.00000 1311.00000  45.2%   204 14167s
 68601 39846 1528.00000   79  958 2392.00000 1311.00000  45.2%   204 14217s
 68665 39906 1842.00000   93  821 2392.00000 1311.00000  45.2%   205 14276s
 68807 40010 1354.00000   67 1421 2392.00000 1311.00000  45.2%   205 14316s
 68810 40000 1450.00000   69 1195 2392.00000 1311.00000  45.2%   205 14375s
 69040 40190 1386.00000   71 1347 2392.00000 1311.00000  45.2%   206 14413s
 69050 40190 1496.00000   79  891 2392.00000 1311.00000  45.2%   206 14475s
 69301 40377 1311.00000   68 1590 2392.00000 1311.00000  45.2%   207 14525s
 69317 40380 1311.00000   70 1542 2392.00000 1311.00000  45.2%   208 14563s
 69319 40377 1311.00000   71 1553 2392.00000 1311.00000  45.2%   208 14622s
 69424 40467 1480.00000   78 1091 2392.00000 1311.00000  45.2%   208 14677s
 69520 40564 2026.00000  126  608 2392.00000 1311.00000  45.2%   209 14782s
 70160 41099 1532.00000   77  861 2392.00000 1311.00000  45.2%   208 14853s
 70388 41303 2143.00000  208  320 2392.00000 1311.00000  45.2%   208 14920s
 70645 41503 1381.00000   71 1182 2392.00000 1311.00000  45.2%   208 14979s
 70825 41646 2057.00000  122  435 2392.00000 1311.00000  45.2%   209 15056s
 71107 41873 1649.00000   82  956 2392.00000 1311.00000  45.2%   209 15128s
 71327 42076 2305.00000  280  206 2392.00000 1311.00000  45.2%   209 15201s
 71488 42218 1325.00000   70 1553 2392.00000 1311.00000  45.2%   209 15266s
 71625 42279 1495.00000   77 1178 2392.00000 1311.00000  45.2%   209 15344s
 71895 42505 1446.00000   72 1279 2392.00000 1312.00000  45.2%   210 15471s
 71897 42506 1446.00000   73 1214 2392.00000 1312.00000  45.2%   210 15531s
 72168 42707 2300.00000  168  274 2392.00000 1312.00000  45.2%   210 15578s
 72215 42741 1711.00000   76  760 2392.00000 1312.00000  45.2%   211 15641s
 72462 42950 1410.00000   49 1195 2392.00000 1312.00000  45.2%   211 15681s
 72511 42975 1808.00000   62  855 2392.00000 1312.00000  45.2%   211 15754s
 72745 43159 1419.00000   46 1193 2392.00000 1312.00000  45.2%   212 15802s
 72835 43237 1749.00000   77  865 2392.00000 1313.00000  45.1%   212 15871s
 73076 43421 1410.00000   50 1271 2392.00000 1313.00000  45.1%   212 15920s
 73164 43492 2131.00000  117  316 2392.00000 1313.00000  45.1%   213 15975s
 73384 43660 1313.00000   51 1643 2392.00000 1313.00000  45.1%   213 16013s
 73405 43671 1512.00000   70  861 2392.00000 1313.00000  45.1%   213 16071s
 73547 43796 1409.00000   58 1295 2392.00000 1313.00000  45.1%   214 16109s
 73559 43804 1472.00000   66 1102 2392.00000 1313.00000  45.1%   215 16173s
 73701 43911 1417.00000   77 1257 2392.00000 1313.00000  45.1%   215 16275s
 74083 44257 1313.00000   74 1481 2392.00000 1313.00000  45.1%   215 16317s
 74097 44266 1488.00000   78  988 2392.00000 1313.00000  45.1%   216 16385s
H74121 44021                    2391.0000000 1313.00000  45.1%   216 16385s
 74170 44093 2122.00000  118  324 2391.00000 1313.00000  45.1%   216 16464s
H74185 44030                    2390.0000000 1313.00000  45.1%   216 16464s
H74263 43145                    2383.0000000 1313.00000  44.9%   216 16464s
 74276 43184 infeasible  168      2383.00000 1313.00000  44.9%   216 16527s
 74475 43315 1392.00000   78 1274 2383.00000 1313.00000  44.9%   216 16592s
 74606 43438 2278.00000  156  279 2383.00000 1313.00000  44.9%   217 16686s
 75011 43803 2254.00000  186  233 2383.00000 1313.00000  44.9%   217 16743s
 75106 43845 1852.00000  100  680 2383.00000 1313.00000  44.9%   218 16799s
 75249 43936 1418.00000   76 1243 2383.00000 1313.00000  44.9%   219 16866s
 75377 44031 1313.00000   54 1721 2383.00000 1313.00000  44.9%   219 16898s
 75385 44034 1313.00000   58 1754 2383.00000 1313.00000  44.9%   220 16927s
 75400 44048 1342.00000   63 1461 2383.00000 1313.00000  44.9%   221 16999s
 75558 44205 1521.00000   77  977 2383.00000 1313.00000  44.9%   221 17082s
 75856 44426 2122.00000  239  316 2383.00000 1313.00000  44.9%   221 17143s
 76155 44693 1398.00000   78 1225 2383.00000 1313.00000  44.9%   221 17209s
 76338 44831 1415.00000   67 1332 2383.00000 1313.00000  44.9%   222 17290s
 76511 44965 1723.00000   93  725 2383.00000 1313.00000  44.9%   222 17373s
 76654 45083 1313.00000   51 1565 2383.00000 1313.00000  44.9%   223 17416s
 76679 45102 1313.00000   55 1655 2383.00000 1313.00000  44.9%   223 17499s
 77063 45466 1323.00000   61 1406 2383.00000 1313.00000  44.9%   223 17561s
 77174 45570 2042.00000  141  440 2383.00000 1313.00000  44.9%   224 17639s
 77453 45800 1381.00000   56 1265 2383.00000 1313.00000  44.9%   224 17708s
 77648 45979 1476.00000   69 1262 2383.00000 1313.00000  44.9%   224 17787s
 77910 46173 1313.00000   52 1639 2383.00000 1313.00000  44.9%   225 17843s
 78055 46265 1621.00000   68  746 2383.00000 1313.00000  44.9%   225 17934s
 78332 46497 2214.00000  188  238 2383.00000 1313.00000  44.9%   226 18009s
 78649 46766 1313.00000   64 1726 2383.00000 1313.00000  44.9%   226 18055s
 78665 46773 1369.00000   68 1430 2383.00000 1313.00000  44.9%   227 18123s
 78888 46961 2331.00000  160  201 2383.00000 1313.00000  44.9%   227 18187s
 79028 47071 1750.00000   95  590 2383.00000 1313.00000  44.9%   228 18258s
 79173 47166 1391.00000   71 1204 2383.00000 1313.00000  44.9%   228 18331s
 79391 47344 2118.00000  160  503 2383.00000 1313.00000  44.9%   229 18418s
 79723 47623 2340.00000  125  221 2383.00000 1313.00000  44.9%   229 18462s
 79791 47669 1574.00000   78  878 2383.00000 1313.00000  44.9%   230 18531s
 79919 47741 1558.00000   59 1024 2383.00000 1313.00000  44.9%   230 18614s
 80128 47932 1314.00000   55 1629 2383.00000 1313.00000  44.9%   231 18671s
 80191 47980 1370.00000   65 1426 2383.00000 1313.00000  44.9%   232 18750s
 80332 48093 1526.00000   94  826 2383.00000 1313.00000  44.9%   232 18842s
 80724 48415 1403.00000   60 1226 2383.00000 1313.00000  44.9%   232 18911s
 81052 48697 1313.00000   67 1655 2383.00000 1313.00000  44.9%   233 18952s
 81108 48742 1702.00000   88  868 2383.00000 1313.00000  44.9%   233 19052s
 81543 49127 2232.00000  236  182 2383.00000 1313.00000  44.9%   234 19106s
 81869 49354 1873.00000   91  719 2383.00000 1313.00000  44.9%   234 19190s
 82092 49527 1329.00000   67 1483 2383.00000 1313.00000  44.9%   234 19326s
 82094 49521 1371.00000   68 1245 2383.00000 1313.00000  44.9%   234 19422s
 82490 49861 1418.00000   65 1178 2383.00000 1313.00000  44.9%   234 19498s
 82640 49964 1313.00000   59 1732 2383.00000 1313.00000  44.9%   235 19566s
 82752 50056 1423.00000   69 1172 2383.00000 1313.00000  44.9%   235 19642s
 82869 50165 1397.00000   58 1386 2383.00000 1313.00000  44.9%   236 19710s
 83040 50315 2303.00000  129  257 2383.00000 1313.00000  44.9%   237 19785s
 83228 50457 1857.00000   76  816 2383.00000 1313.00000  44.9%   237 19883s
 83543 50714 1372.00000   62 1347 2383.00000 1313.00000  44.9%   238 19933s
 83560 50724 1449.00000   64 1159 2383.00000 1313.00000  44.9%   238 19992s
 83669 50827 1581.00000   79  966 2383.00000 1313.00000  44.9%   239 20077s
 83786 50929 2086.00000  124  421 2383.00000 1313.00000  44.9%   240 20171s
 83939 51030 1313.00000   72 1543 2383.00000 1313.00000  44.9%   240 20234s
 84032 51106 1483.00000   78 1030 2383.00000 1313.00000  44.9%   241 20309s
 84184 51223 1503.00000   81  973 2383.00000 1313.00000  44.9%   242 20413s
 84423 51456 2065.00000  174  288 2383.00000 1313.00000  44.9%   243 20532s
 84870 51840 1444.00000   81 1103 2383.00000 1313.00000  44.9%   243 20641s
 85105 52032 1388.00000   76 1220 2383.00000 1313.00000  44.9%   243 20697s
 85115 52032 1422.00000   77 1121 2383.00000 1313.00000  44.9%   243 20790s
 85431 52244 1380.00000   60 1234 2383.00000 1313.00000  44.9%   243 20873s
 85601 52385 1599.00000   76  752 2383.00000 1313.00000  44.9%   244 21003s
 86137 52830 2269.00000  270  121 2383.00000 1313.00000  44.9%   243 21063s
 86486 53079 1524.00000   68 1167 2383.00000 1313.00000  44.9%   243 21121s
 86522 53110 1804.00000   99  606 2383.00000 1313.00000  44.9%   244 21203s
 86732 53285 1750.00000  104  726 2383.00000 1313.00000  44.9%   245 21307s
 87346 53770 1927.00000  108  545 2383.00000 1313.00000  44.9%   244 21394s
 87521 53935 1330.00000   65 1519 2383.00000 1313.00000  44.9%   244 21469s
 87721 54119 2343.00000  141  275 2383.00000 1313.00000  44.9%   245 21519s
 87752 54136 1313.00000   62 1683 2383.00000 1313.00000  44.9%   245 21592s

Cutting planes:
  Gomory: 7
  Cover: 97
  Implied bound: 76
  Projected implied bound: 13
  Clique: 324
  MIR: 1217
  StrongCG: 8
  Flow cover: 5072
  Zero half: 27

Explored 87888 nodes (21632967 simplex iterations) in 21600.02 seconds
Thread count was 4 (of 4 available processors)

Solution count 10: 2383 2390 2391 ... 2503

Time limit reached
Best objective 2.383000000000e+03, best bound 1.313000000000e+03, gap 44.9014%

Wrote result file 'compact/ta41.sol'

